[2025-03-30T11:13:13.468+0000] {taskinstance.py:1979} INFO - Dependencies all met for dep_context=non-requeueable deps ti=<TaskInstance: inout_data_ingestion.create_table scheduled__2024-10-07T01:00:00+00:00 [queued]>
[2025-03-30T11:13:13.474+0000] {taskinstance.py:1979} INFO - Dependencies all met for dep_context=requeueable deps ti=<TaskInstance: inout_data_ingestion.create_table scheduled__2024-10-07T01:00:00+00:00 [queued]>
[2025-03-30T11:13:13.476+0000] {taskinstance.py:2193} INFO - Starting attempt 1 of 2
[2025-03-30T11:13:13.489+0000] {taskinstance.py:2214} INFO - Executing <Task(PythonOperator): create_table> on 2024-10-07 01:00:00+00:00
[2025-03-30T11:13:13.492+0000] {standard_task_runner.py:60} INFO - Started process 1646 to run task
[2025-03-30T11:13:13.496+0000] {standard_task_runner.py:87} INFO - Running: ['***', 'tasks', 'run', 'inout_data_ingestion', 'create_table', 'scheduled__2024-10-07T01:00:00+00:00', '--job-id', '797', '--raw', '--subdir', 'DAGS_FOLDER/inout_data.py', '--cfg-path', '/tmp/tmpbfnpfvz7']
[2025-03-30T11:13:13.497+0000] {standard_task_runner.py:88} INFO - Job 797: Subtask create_table
[2025-03-30T11:13:13.512+0000] {warnings.py:109} WARNING - /home/***/.local/lib/python3.8/site-packages/***/settings.py:194: DeprecationWarning: The sql_alchemy_conn option in [core] has been moved to the sql_alchemy_conn option in [database] - the old setting has been used, but please update your config.
  SQL_ALCHEMY_CONN = conf.get("database", "SQL_ALCHEMY_CONN")

[2025-03-30T11:13:13.548+0000] {task_command.py:423} INFO - Running <TaskInstance: inout_data_ingestion.create_table scheduled__2024-10-07T01:00:00+00:00 [running]> on host ff9d64b065e6
[2025-03-30T11:13:13.630+0000] {taskinstance.py:2510} INFO - Exporting env vars: AIRFLOW_CTX_DAG_OWNER='***' AIRFLOW_CTX_DAG_ID='inout_data_ingestion' AIRFLOW_CTX_TASK_ID='create_table' AIRFLOW_CTX_EXECUTION_DATE='2024-10-07T01:00:00+00:00' AIRFLOW_CTX_TRY_NUMBER='1' AIRFLOW_CTX_DAG_RUN_ID='scheduled__2024-10-07T01:00:00+00:00'
[2025-03-30T11:13:13.637+0000] {inout_data.py:42} INFO - Successfully connected to MariaDB: INOUT on mariadb:3306
[2025-03-30T11:13:13.640+0000] {inout_data.py:124} INFO - Table emp_inout_rec created (if it didn't exist).
[2025-03-30T11:13:13.641+0000] {inout_data.py:78} INFO - MariaDB connection closed.
[2025-03-30T11:13:13.642+0000] {python.py:202} INFO - Done. Returned value was: None
[2025-03-30T11:13:13.650+0000] {taskinstance.py:1149} INFO - Marking task as SUCCESS. dag_id=inout_data_ingestion, task_id=create_table, execution_date=20241007T010000, start_date=20250330T111313, end_date=20250330T111313
[2025-03-30T11:13:13.715+0000] {local_task_job_runner.py:234} INFO - Task exited with return code 0
[2025-03-30T11:13:13.755+0000] {taskinstance.py:3309} INFO - 1 downstream tasks scheduled from follow-on schedule check
[2025-03-30T11:19:52.809+0000] {taskinstance.py:1979} INFO - Dependencies all met for dep_context=non-requeueable deps ti=<TaskInstance: inout_data_ingestion.create_table scheduled__2024-10-07T01:00:00+00:00 [queued]>
[2025-03-30T11:19:52.839+0000] {taskinstance.py:1979} INFO - Dependencies all met for dep_context=requeueable deps ti=<TaskInstance: inout_data_ingestion.create_table scheduled__2024-10-07T01:00:00+00:00 [queued]>
[2025-03-30T11:19:52.839+0000] {taskinstance.py:2193} INFO - Starting attempt 1 of 2
[2025-03-30T11:19:52.863+0000] {taskinstance.py:2214} INFO - Executing <Task(PythonOperator): create_table> on 2024-10-07 01:00:00+00:00
[2025-03-30T11:19:52.871+0000] {standard_task_runner.py:60} INFO - Started process 3490 to run task
[2025-03-30T11:19:52.875+0000] {standard_task_runner.py:87} INFO - Running: ['***', 'tasks', 'run', 'inout_data_ingestion', 'create_table', 'scheduled__2024-10-07T01:00:00+00:00', '--job-id', '1719', '--raw', '--subdir', 'DAGS_FOLDER/inout_data.py', '--cfg-path', '/tmp/tmpjg_vpnqs']
[2025-03-30T11:19:52.876+0000] {standard_task_runner.py:88} INFO - Job 1719: Subtask create_table
[2025-03-30T11:19:52.887+0000] {warnings.py:109} WARNING - /home/***/.local/lib/python3.8/site-packages/***/settings.py:194: DeprecationWarning: The sql_alchemy_conn option in [core] has been moved to the sql_alchemy_conn option in [database] - the old setting has been used, but please update your config.
  SQL_ALCHEMY_CONN = conf.get("database", "SQL_ALCHEMY_CONN")

[2025-03-30T11:19:52.927+0000] {task_command.py:423} INFO - Running <TaskInstance: inout_data_ingestion.create_table scheduled__2024-10-07T01:00:00+00:00 [running]> on host ff9d64b065e6
[2025-03-30T11:19:53.029+0000] {taskinstance.py:2510} INFO - Exporting env vars: AIRFLOW_CTX_DAG_OWNER='***' AIRFLOW_CTX_DAG_ID='inout_data_ingestion' AIRFLOW_CTX_TASK_ID='create_table' AIRFLOW_CTX_EXECUTION_DATE='2024-10-07T01:00:00+00:00' AIRFLOW_CTX_TRY_NUMBER='1' AIRFLOW_CTX_DAG_RUN_ID='scheduled__2024-10-07T01:00:00+00:00'
[2025-03-30T11:19:53.036+0000] {inout_data.py:42} INFO - Successfully connected to MariaDB: INOUT on mariadb:3306
[2025-03-30T11:19:53.038+0000] {inout_data.py:117} INFO - Table emp_inout_rec created (if it didn't exist).
[2025-03-30T11:19:53.038+0000] {inout_data.py:78} INFO - MariaDB connection closed.
[2025-03-30T11:19:53.039+0000] {python.py:202} INFO - Done. Returned value was: None
[2025-03-30T11:19:53.056+0000] {taskinstance.py:1149} INFO - Marking task as SUCCESS. dag_id=inout_data_ingestion, task_id=create_table, execution_date=20241007T010000, start_date=20250330T111952, end_date=20250330T111953
[2025-03-30T11:19:53.097+0000] {local_task_job_runner.py:234} INFO - Task exited with return code 0
[2025-03-30T11:19:53.140+0000] {taskinstance.py:3309} INFO - 1 downstream tasks scheduled from follow-on schedule check
