[2025-03-30T12:11:46.833+0000] {taskinstance.py:1979} INFO - Dependencies all met for dep_context=non-requeueable deps ti=<TaskInstance: inout_data_ingestion.ingest_dummy_data manual__2025-03-30T12:11:44.078080+00:00 [queued]>
[2025-03-30T12:11:46.837+0000] {taskinstance.py:1979} INFO - Dependencies all met for dep_context=requeueable deps ti=<TaskInstance: inout_data_ingestion.ingest_dummy_data manual__2025-03-30T12:11:44.078080+00:00 [queued]>
[2025-03-30T12:11:46.837+0000] {taskinstance.py:2193} INFO - Starting attempt 1 of 2
[2025-03-30T12:11:46.843+0000] {taskinstance.py:2214} INFO - Executing <Task(PythonOperator): ingest_dummy_data> on 2025-03-30 12:11:44.078080+00:00
[2025-03-30T12:11:46.846+0000] {standard_task_runner.py:60} INFO - Started process 7371 to run task
[2025-03-30T12:11:46.848+0000] {standard_task_runner.py:87} INFO - Running: ['***', 'tasks', 'run', 'inout_data_ingestion', 'ingest_dummy_data', 'manual__2025-03-30T12:11:44.078080+00:00', '--job-id', '3661', '--raw', '--subdir', 'DAGS_FOLDER/inout_data.py', '--cfg-path', '/tmp/tmp9cv35bws']
[2025-03-30T12:11:46.848+0000] {standard_task_runner.py:88} INFO - Job 3661: Subtask ingest_dummy_data
[2025-03-30T12:11:46.854+0000] {warnings.py:109} WARNING - /home/***/.local/lib/python3.8/site-packages/***/settings.py:194: DeprecationWarning: The sql_alchemy_conn option in [core] has been moved to the sql_alchemy_conn option in [database] - the old setting has been used, but please update your config.
  SQL_ALCHEMY_CONN = conf.get("database", "SQL_ALCHEMY_CONN")

[2025-03-30T12:11:46.869+0000] {task_command.py:423} INFO - Running <TaskInstance: inout_data_ingestion.ingest_dummy_data manual__2025-03-30T12:11:44.078080+00:00 [running]> on host ff9d64b065e6
[2025-03-30T12:11:46.926+0000] {taskinstance.py:2510} INFO - Exporting env vars: AIRFLOW_CTX_DAG_OWNER='***' AIRFLOW_CTX_DAG_ID='inout_data_ingestion' AIRFLOW_CTX_TASK_ID='ingest_dummy_data' AIRFLOW_CTX_EXECUTION_DATE='2025-03-30T12:11:44.078080+00:00' AIRFLOW_CTX_TRY_NUMBER='1' AIRFLOW_CTX_DAG_RUN_ID='manual__2025-03-30T12:11:44.078080+00:00'
[2025-03-30T12:11:46.929+0000] {warnings.py:109} WARNING - /home/***/.local/lib/python3.8/site-packages/***/utils/context.py:315: AirflowContextDeprecationWarning: Accessing 'execution_date' from the template is deprecated and will be removed in a future version. Please use 'data_interval_start' or 'logical_date' instead.
  warnings.warn(_create_deprecation_warning(k, replacements))

[2025-03-30T12:11:46.928+0000] {inout_data.py:75} INFO - 2025-03-30 12:11:44.078080+00:00
[2025-03-30T12:11:46.931+0000] {mariadb.py:36} INFO - Successfully connected to MariaDB: INOUT on mariadb:3306
[2025-03-30T12:11:46.931+0000] {mariadb.py:72} INFO - MariaDB connection closed.
[2025-03-30T12:11:46.931+0000] {inout_data.py:109} ERROR - Failed to connect to MariaDB or other error: fromisoformat: argument must be str
[2025-03-30T12:11:46.931+0000] {python.py:202} INFO - Done. Returned value was: None
[2025-03-30T12:11:46.935+0000] {taskinstance.py:1149} INFO - Marking task as SUCCESS. dag_id=inout_data_ingestion, task_id=ingest_dummy_data, execution_date=20250330T121144, start_date=20250330T121146, end_date=20250330T121146
[2025-03-30T12:11:46.987+0000] {local_task_job_runner.py:234} INFO - Task exited with return code 0
[2025-03-30T12:11:46.997+0000] {taskinstance.py:3309} INFO - 0 downstream tasks scheduled from follow-on schedule check
