[2025-03-30T10:47:58.563+0000] {taskinstance.py:1979} INFO - Dependencies all met for dep_context=non-requeueable deps ti=<TaskInstance: dummy_data_ingestion.create_table scheduled__2025-03-30T10:00:00+00:00 [queued]>
[2025-03-30T10:47:58.571+0000] {taskinstance.py:1979} INFO - Dependencies all met for dep_context=requeueable deps ti=<TaskInstance: dummy_data_ingestion.create_table scheduled__2025-03-30T10:00:00+00:00 [queued]>
[2025-03-30T10:47:58.572+0000] {taskinstance.py:2193} INFO - Starting attempt 2 of 2
[2025-03-30T10:47:58.583+0000] {taskinstance.py:2214} INFO - Executing <Task(PythonOperator): create_table> on 2025-03-30 10:00:00+00:00
[2025-03-30T10:47:58.588+0000] {standard_task_runner.py:60} INFO - Started process 68 to run task
[2025-03-30T10:47:58.591+0000] {standard_task_runner.py:87} INFO - Running: ['***', 'tasks', 'run', 'dummy_data_ingestion', 'create_table', 'scheduled__2025-03-30T10:00:00+00:00', '--job-id', '8', '--raw', '--subdir', 'DAGS_FOLDER/inout_data.py', '--cfg-path', '/tmp/tmpeialgdvc']
[2025-03-30T10:47:58.593+0000] {standard_task_runner.py:88} INFO - Job 8: Subtask create_table
[2025-03-30T10:47:58.615+0000] {warnings.py:109} WARNING - /home/***/.local/lib/python3.8/site-packages/***/settings.py:194: DeprecationWarning: The sql_alchemy_conn option in [core] has been moved to the sql_alchemy_conn option in [database] - the old setting has been used, but please update your config.
  SQL_ALCHEMY_CONN = conf.get("database", "SQL_ALCHEMY_CONN")

[2025-03-30T10:47:58.659+0000] {task_command.py:423} INFO - Running <TaskInstance: dummy_data_ingestion.create_table scheduled__2025-03-30T10:00:00+00:00 [running]> on host ff9d64b065e6
[2025-03-30T10:47:58.734+0000] {taskinstance.py:2510} INFO - Exporting env vars: AIRFLOW_CTX_DAG_OWNER='***' AIRFLOW_CTX_DAG_ID='dummy_data_ingestion' AIRFLOW_CTX_TASK_ID='create_table' AIRFLOW_CTX_EXECUTION_DATE='2025-03-30T10:00:00+00:00' AIRFLOW_CTX_TRY_NUMBER='2' AIRFLOW_CTX_DAG_RUN_ID='scheduled__2025-03-30T10:00:00+00:00'
[2025-03-30T10:47:58.736+0000] {taskinstance.py:2728} ERROR - Task failed with exception
Traceback (most recent call last):
  File "/home/airflow/.local/lib/python3.8/site-packages/airflow/models/taskinstance.py", line 444, in _execute_task
    result = _execute_callable(context=context, **execute_callable_kwargs)
  File "/home/airflow/.local/lib/python3.8/site-packages/airflow/models/taskinstance.py", line 414, in _execute_callable
    return execute_callable(context=context, **execute_callable_kwargs)
  File "/home/airflow/.local/lib/python3.8/site-packages/airflow/operators/python.py", line 200, in execute
    return_value = self.execute_callable()
  File "/home/airflow/.local/lib/python3.8/site-packages/airflow/operators/python.py", line 217, in execute_callable
    return self.python_callable(*self.op_args, **self.op_kwargs)
  File "/opt/airflow/dags/inout_data.py", line 25, in create_table_if_not_exists
    dao = MariaDBDAO(CONFIG_FILE, CONN_ID)
  File "/opt/airflow/dags/mariadb.py", line 24, in __init__
    raise ValueError(f"Connection ID '{conn_id}' not found in configuration file.")
ValueError: Connection ID 'my_mariadb' not found in configuration file.
[2025-03-30T10:47:58.748+0000] {taskinstance.py:1149} INFO - Marking task as FAILED. dag_id=dummy_data_ingestion, task_id=create_table, execution_date=20250330T100000, start_date=20250330T104758, end_date=20250330T104758
[2025-03-30T10:47:58.770+0000] {standard_task_runner.py:107} ERROR - Failed to execute job 8 for task create_table (Connection ID 'my_mariadb' not found in configuration file.; 68)
[2025-03-30T10:47:58.811+0000] {local_task_job_runner.py:234} INFO - Task exited with return code 1
[2025-03-30T10:47:58.829+0000] {taskinstance.py:3309} INFO - 0 downstream tasks scheduled from follow-on schedule check
