[2025-03-30T10:42:57.524+0000] {taskinstance.py:1979} INFO - Dependencies all met for dep_context=non-requeueable deps ti=<TaskInstance: dummy_data_ingestion.create_table scheduled__2025-03-30T10:00:00+00:00 [queued]>
[2025-03-30T10:42:57.539+0000] {taskinstance.py:1979} INFO - Dependencies all met for dep_context=requeueable deps ti=<TaskInstance: dummy_data_ingestion.create_table scheduled__2025-03-30T10:00:00+00:00 [queued]>
[2025-03-30T10:42:57.539+0000] {taskinstance.py:2193} INFO - Starting attempt 1 of 2
[2025-03-30T10:42:57.565+0000] {taskinstance.py:2214} INFO - Executing <Task(PythonOperator): create_table> on 2025-03-30 10:00:00+00:00
[2025-03-30T10:42:57.563+0000] {taskinstance.py:1969} INFO - Dependencies not met for <TaskInstance: dummy_data_ingestion.create_table scheduled__2025-03-30T10:00:00+00:00 [running]>, dependency 'Task Instance State' FAILED: Task is in the 'running' state.
[2025-03-30T10:42:57.566+0000] {taskinstance.py:1969} INFO - Dependencies not met for <TaskInstance: dummy_data_ingestion.create_table scheduled__2025-03-30T10:00:00+00:00 [running]>, dependency 'Task Instance Not Running' FAILED: Task is in the running state
[2025-03-30T10:42:57.573+0000] {standard_task_runner.py:60} INFO - Started process 61 to run task
[2025-03-30T10:42:57.579+0000] {local_task_job_runner.py:160} INFO - Task is not able to be run
[2025-03-30T10:42:57.578+0000] {standard_task_runner.py:87} INFO - Running: ['***', 'tasks', 'run', 'dummy_data_ingestion', 'create_table', 'scheduled__2025-03-30T10:00:00+00:00', '--job-id', '5', '--raw', '--subdir', 'DAGS_FOLDER/inout_data.py', '--cfg-path', '/tmp/tmpsa7xlsnh']
[2025-03-30T10:42:57.583+0000] {standard_task_runner.py:88} INFO - Job 5: Subtask create_table
[2025-03-30T10:42:57.620+0000] {warnings.py:109} WARNING - /home/***/.local/lib/python3.8/site-packages/***/settings.py:194: DeprecationWarning: The sql_alchemy_conn option in [core] has been moved to the sql_alchemy_conn option in [database] - the old setting has been used, but please update your config.
  SQL_ALCHEMY_CONN = conf.get("database", "SQL_ALCHEMY_CONN")

[2025-03-30T10:42:57.704+0000] {task_command.py:423} INFO - Running <TaskInstance: dummy_data_ingestion.create_table scheduled__2025-03-30T10:00:00+00:00 [running]> on host ff9d64b065e6
[2025-03-30T10:42:57.816+0000] {taskinstance.py:2510} INFO - Exporting env vars: AIRFLOW_CTX_DAG_OWNER='***' AIRFLOW_CTX_DAG_ID='dummy_data_ingestion' AIRFLOW_CTX_TASK_ID='create_table' AIRFLOW_CTX_EXECUTION_DATE='2025-03-30T10:00:00+00:00' AIRFLOW_CTX_TRY_NUMBER='1' AIRFLOW_CTX_DAG_RUN_ID='scheduled__2025-03-30T10:00:00+00:00'
[2025-03-30T10:42:57.821+0000] {taskinstance.py:2728} ERROR - Task failed with exception
Traceback (most recent call last):
  File "/home/airflow/.local/lib/python3.8/site-packages/airflow/models/taskinstance.py", line 444, in _execute_task
    result = _execute_callable(context=context, **execute_callable_kwargs)
  File "/home/airflow/.local/lib/python3.8/site-packages/airflow/models/taskinstance.py", line 414, in _execute_callable
    return execute_callable(context=context, **execute_callable_kwargs)
  File "/home/airflow/.local/lib/python3.8/site-packages/airflow/operators/python.py", line 200, in execute
    return_value = self.execute_callable()
  File "/home/airflow/.local/lib/python3.8/site-packages/airflow/operators/python.py", line 217, in execute_callable
    return self.python_callable(*self.op_args, **self.op_kwargs)
  File "/opt/airflow/dags/inout_data.py", line 25, in create_table_if_not_exists
    dao = MariaDBDAO(CONFIG_FILE, CONN_ID)
  File "/opt/airflow/dags/mariadb.py", line 24, in __init__
    raise ValueError(f"Connection ID '{conn_id}' not found in configuration file.")
ValueError: Connection ID 'my_mariadb' not found in configuration file.
[2025-03-30T10:42:57.856+0000] {taskinstance.py:1149} INFO - Marking task as UP_FOR_RETRY. dag_id=dummy_data_ingestion, task_id=create_table, execution_date=20250330T100000, start_date=20250330T104257, end_date=20250330T104257
[2025-03-30T10:42:57.879+0000] {standard_task_runner.py:107} ERROR - Failed to execute job 5 for task create_table (Connection ID 'my_mariadb' not found in configuration file.; 61)
[2025-03-30T10:42:57.929+0000] {local_task_job_runner.py:234} INFO - Task exited with return code 1
[2025-03-30T10:42:57.973+0000] {taskinstance.py:3309} INFO - 0 downstream tasks scheduled from follow-on schedule check
