[2025-03-30T11:13:42.241+0000] {taskinstance.py:1979} INFO - Dependencies all met for dep_context=non-requeueable deps ti=<TaskInstance: inout_data_ingestion.ingest_dummy_data scheduled__2024-10-08T00:30:00+00:00 [queued]>
[2025-03-30T11:13:42.255+0000] {taskinstance.py:1979} INFO - Dependencies all met for dep_context=requeueable deps ti=<TaskInstance: inout_data_ingestion.ingest_dummy_data scheduled__2024-10-08T00:30:00+00:00 [queued]>
[2025-03-30T11:13:42.256+0000] {taskinstance.py:2193} INFO - Starting attempt 1 of 2
[2025-03-30T11:13:42.275+0000] {taskinstance.py:2214} INFO - Executing <Task(PythonOperator): ingest_dummy_data> on 2024-10-08 00:30:00+00:00
[2025-03-30T11:13:42.286+0000] {standard_task_runner.py:60} INFO - Started process 1840 to run task
[2025-03-30T11:13:42.293+0000] {standard_task_runner.py:87} INFO - Running: ['***', 'tasks', 'run', 'inout_data_ingestion', 'ingest_dummy_data', 'scheduled__2024-10-08T00:30:00+00:00', '--job-id', '894', '--raw', '--subdir', 'DAGS_FOLDER/inout_data.py', '--cfg-path', '/tmp/tmpuyhkqrch']
[2025-03-30T11:13:42.297+0000] {standard_task_runner.py:88} INFO - Job 894: Subtask ingest_dummy_data
[2025-03-30T11:13:42.324+0000] {warnings.py:109} WARNING - /home/***/.local/lib/python3.8/site-packages/***/settings.py:194: DeprecationWarning: The sql_alchemy_conn option in [core] has been moved to the sql_alchemy_conn option in [database] - the old setting has been used, but please update your config.
  SQL_ALCHEMY_CONN = conf.get("database", "SQL_ALCHEMY_CONN")

[2025-03-30T11:13:42.371+0000] {task_command.py:423} INFO - Running <TaskInstance: inout_data_ingestion.ingest_dummy_data scheduled__2024-10-08T00:30:00+00:00 [running]> on host ff9d64b065e6
[2025-03-30T11:13:42.416+0000] {taskinstance.py:2510} INFO - Exporting env vars: AIRFLOW_CTX_DAG_OWNER='***' AIRFLOW_CTX_DAG_ID='inout_data_ingestion' AIRFLOW_CTX_TASK_ID='ingest_dummy_data' AIRFLOW_CTX_EXECUTION_DATE='2024-10-08T00:30:00+00:00' AIRFLOW_CTX_TRY_NUMBER='1' AIRFLOW_CTX_DAG_RUN_ID='scheduled__2024-10-08T00:30:00+00:00'
[2025-03-30T11:13:42.418+0000] {inout_data.py:42} INFO - Successfully connected to MariaDB: INOUT on mariadb:3306
[2025-03-30T11:13:42.419+0000] {inout_data.py:63} ERROR - Error executing query: (1062, "Duplicate entry '2025-03-30 11:13:42-5115' for key 'PRIMARY'")
[2025-03-30T11:13:42.419+0000] {inout_data.py:63} ERROR - Error executing query: (1062, "Duplicate entry '2025-03-30 11:13:42-5115' for key 'PRIMARY'")
[2025-03-30T11:13:42.420+0000] {inout_data.py:63} ERROR - Error executing query: (1062, "Duplicate entry '2025-03-30 11:13:42-5115' for key 'PRIMARY'")
[2025-03-30T11:13:42.420+0000] {inout_data.py:63} ERROR - Error executing query: (1062, "Duplicate entry '2025-03-30 11:13:42-5115' for key 'PRIMARY'")
[2025-03-30T11:13:42.420+0000] {inout_data.py:63} ERROR - Error executing query: (1062, "Duplicate entry '2025-03-30 11:13:42-5115' for key 'PRIMARY'")
[2025-03-30T11:13:42.421+0000] {inout_data.py:63} ERROR - Error executing query: (1062, "Duplicate entry '2025-03-30 11:13:42-5115' for key 'PRIMARY'")
[2025-03-30T11:13:42.421+0000] {inout_data.py:63} ERROR - Error executing query: (1062, "Duplicate entry '2025-03-30 11:13:42-5115' for key 'PRIMARY'")
[2025-03-30T11:13:42.422+0000] {inout_data.py:63} ERROR - Error executing query: (1062, "Duplicate entry '2025-03-30 11:13:42-5115' for key 'PRIMARY'")
[2025-03-30T11:13:42.422+0000] {inout_data.py:63} ERROR - Error executing query: (1062, "Duplicate entry '2025-03-30 11:13:42-5115' for key 'PRIMARY'")
[2025-03-30T11:13:42.422+0000] {inout_data.py:63} ERROR - Error executing query: (1062, "Duplicate entry '2025-03-30 11:13:42-5115' for key 'PRIMARY'")
[2025-03-30T11:13:42.422+0000] {inout_data.py:63} ERROR - Error executing query: (1062, "Duplicate entry '2025-03-30 11:13:42-5115' for key 'PRIMARY'")
[2025-03-30T11:13:42.423+0000] {inout_data.py:63} ERROR - Error executing query: (1062, "Duplicate entry '2025-03-30 11:13:42-5115' for key 'PRIMARY'")
[2025-03-30T11:13:42.423+0000] {inout_data.py:63} ERROR - Error executing query: (1062, "Duplicate entry '2025-03-30 11:13:42-5115' for key 'PRIMARY'")
[2025-03-30T11:13:42.423+0000] {inout_data.py:159} INFO - Ingested 14 rows of dummy data.
[2025-03-30T11:13:42.424+0000] {inout_data.py:78} INFO - MariaDB connection closed.
[2025-03-30T11:13:42.424+0000] {python.py:202} INFO - Done. Returned value was: None
[2025-03-30T11:13:42.430+0000] {taskinstance.py:1149} INFO - Marking task as SUCCESS. dag_id=inout_data_ingestion, task_id=ingest_dummy_data, execution_date=20241008T003000, start_date=20250330T111342, end_date=20250330T111342
[2025-03-30T11:13:42.443+0000] {local_task_job_runner.py:234} INFO - Task exited with return code 0
[2025-03-30T11:13:42.455+0000] {taskinstance.py:3309} INFO - 0 downstream tasks scheduled from follow-on schedule check
[2025-03-30T11:20:27.490+0000] {taskinstance.py:1979} INFO - Dependencies all met for dep_context=non-requeueable deps ti=<TaskInstance: inout_data_ingestion.ingest_dummy_data scheduled__2024-10-08T00:30:00+00:00 [queued]>
[2025-03-30T11:20:27.526+0000] {taskinstance.py:1979} INFO - Dependencies all met for dep_context=requeueable deps ti=<TaskInstance: inout_data_ingestion.ingest_dummy_data scheduled__2024-10-08T00:30:00+00:00 [queued]>
[2025-03-30T11:20:27.529+0000] {taskinstance.py:2193} INFO - Starting attempt 1 of 2
[2025-03-30T11:20:27.602+0000] {taskinstance.py:2214} INFO - Executing <Task(PythonOperator): ingest_dummy_data> on 2024-10-08 00:30:00+00:00
[2025-03-30T11:20:27.616+0000] {standard_task_runner.py:60} INFO - Started process 3702 to run task
[2025-03-30T11:20:27.639+0000] {standard_task_runner.py:87} INFO - Running: ['***', 'tasks', 'run', 'inout_data_ingestion', 'ingest_dummy_data', 'scheduled__2024-10-08T00:30:00+00:00', '--job-id', '1825', '--raw', '--subdir', 'DAGS_FOLDER/inout_data.py', '--cfg-path', '/tmp/tmp12zwj31q']
[2025-03-30T11:20:27.645+0000] {standard_task_runner.py:88} INFO - Job 1825: Subtask ingest_dummy_data
[2025-03-30T11:20:27.688+0000] {warnings.py:109} WARNING - /home/***/.local/lib/python3.8/site-packages/***/settings.py:194: DeprecationWarning: The sql_alchemy_conn option in [core] has been moved to the sql_alchemy_conn option in [database] - the old setting has been used, but please update your config.
  SQL_ALCHEMY_CONN = conf.get("database", "SQL_ALCHEMY_CONN")

[2025-03-30T11:20:27.761+0000] {task_command.py:423} INFO - Running <TaskInstance: inout_data_ingestion.ingest_dummy_data scheduled__2024-10-08T00:30:00+00:00 [running]> on host ff9d64b065e6
[2025-03-30T11:20:27.976+0000] {taskinstance.py:2510} INFO - Exporting env vars: AIRFLOW_CTX_DAG_OWNER='***' AIRFLOW_CTX_DAG_ID='inout_data_ingestion' AIRFLOW_CTX_TASK_ID='ingest_dummy_data' AIRFLOW_CTX_EXECUTION_DATE='2024-10-08T00:30:00+00:00' AIRFLOW_CTX_TRY_NUMBER='1' AIRFLOW_CTX_DAG_RUN_ID='scheduled__2024-10-08T00:30:00+00:00'
[2025-03-30T11:20:27.993+0000] {inout_data.py:42} INFO - Successfully connected to MariaDB: INOUT on mariadb:3306
[2025-03-30T11:20:27.999+0000] {inout_data.py:63} ERROR - Error executing query: (1062, "Duplicate entry '2025-03-30 11:20:27-9038' for key 'PRIMARY'")
[2025-03-30T11:20:28.002+0000] {inout_data.py:63} ERROR - Error executing query: (1062, "Duplicate entry '2025-03-30 11:20:27-9038' for key 'PRIMARY'")
[2025-03-30T11:20:28.006+0000] {inout_data.py:63} ERROR - Error executing query: (1062, "Duplicate entry '2025-03-30 11:20:27-9038' for key 'PRIMARY'")
[2025-03-30T11:20:28.009+0000] {inout_data.py:63} ERROR - Error executing query: (1062, "Duplicate entry '2025-03-30 11:20:27-9038' for key 'PRIMARY'")
[2025-03-30T11:20:28.012+0000] {inout_data.py:63} ERROR - Error executing query: (1062, "Duplicate entry '2025-03-30 11:20:27-9038' for key 'PRIMARY'")
[2025-03-30T11:20:28.016+0000] {inout_data.py:152} INFO - Ingested 6 rows of dummy data.
[2025-03-30T11:20:28.017+0000] {inout_data.py:78} INFO - MariaDB connection closed.
[2025-03-30T11:20:28.020+0000] {python.py:202} INFO - Done. Returned value was: None
[2025-03-30T11:20:28.082+0000] {taskinstance.py:1149} INFO - Marking task as SUCCESS. dag_id=inout_data_ingestion, task_id=ingest_dummy_data, execution_date=20241008T003000, start_date=20250330T112027, end_date=20250330T112028
[2025-03-30T11:20:28.149+0000] {local_task_job_runner.py:234} INFO - Task exited with return code 0
[2025-03-30T11:20:28.266+0000] {taskinstance.py:3309} INFO - 0 downstream tasks scheduled from follow-on schedule check
