[2025-03-30T11:12:58.651+0000] {taskinstance.py:1979} INFO - Dependencies all met for dep_context=non-requeueable deps ti=<TaskInstance: inout_data_ingestion.ingest_dummy_data scheduled__2024-10-06T13:30:00+00:00 [queued]>
[2025-03-30T11:12:58.658+0000] {taskinstance.py:1979} INFO - Dependencies all met for dep_context=requeueable deps ti=<TaskInstance: inout_data_ingestion.ingest_dummy_data scheduled__2024-10-06T13:30:00+00:00 [queued]>
[2025-03-30T11:12:58.658+0000] {taskinstance.py:2193} INFO - Starting attempt 1 of 2
[2025-03-30T11:12:58.668+0000] {taskinstance.py:2214} INFO - Executing <Task(PythonOperator): ingest_dummy_data> on 2024-10-06 13:30:00+00:00
[2025-03-30T11:12:58.671+0000] {standard_task_runner.py:60} INFO - Started process 1560 to run task
[2025-03-30T11:12:58.675+0000] {standard_task_runner.py:87} INFO - Running: ['***', 'tasks', 'run', 'inout_data_ingestion', 'ingest_dummy_data', 'scheduled__2024-10-06T13:30:00+00:00', '--job-id', '754', '--raw', '--subdir', 'DAGS_FOLDER/inout_data.py', '--cfg-path', '/tmp/tmpzchycy0d']
[2025-03-30T11:12:58.676+0000] {standard_task_runner.py:88} INFO - Job 754: Subtask ingest_dummy_data
[2025-03-30T11:12:58.687+0000] {warnings.py:109} WARNING - /home/***/.local/lib/python3.8/site-packages/***/settings.py:194: DeprecationWarning: The sql_alchemy_conn option in [core] has been moved to the sql_alchemy_conn option in [database] - the old setting has been used, but please update your config.
  SQL_ALCHEMY_CONN = conf.get("database", "SQL_ALCHEMY_CONN")

[2025-03-30T11:12:58.720+0000] {task_command.py:423} INFO - Running <TaskInstance: inout_data_ingestion.ingest_dummy_data scheduled__2024-10-06T13:30:00+00:00 [running]> on host ff9d64b065e6
[2025-03-30T11:12:58.767+0000] {taskinstance.py:2510} INFO - Exporting env vars: AIRFLOW_CTX_DAG_OWNER='***' AIRFLOW_CTX_DAG_ID='inout_data_ingestion' AIRFLOW_CTX_TASK_ID='ingest_dummy_data' AIRFLOW_CTX_EXECUTION_DATE='2024-10-06T13:30:00+00:00' AIRFLOW_CTX_TRY_NUMBER='1' AIRFLOW_CTX_DAG_RUN_ID='scheduled__2024-10-06T13:30:00+00:00'
[2025-03-30T11:12:58.770+0000] {inout_data.py:42} INFO - Successfully connected to MariaDB: INOUT on mariadb:3306
[2025-03-30T11:12:58.771+0000] {inout_data.py:63} ERROR - Error executing query: (1062, "Duplicate entry '2025-03-30 11:12:58-3632' for key 'PRIMARY'")
[2025-03-30T11:12:58.771+0000] {inout_data.py:63} ERROR - Error executing query: (1062, "Duplicate entry '2025-03-30 11:12:58-3632' for key 'PRIMARY'")
[2025-03-30T11:12:58.771+0000] {inout_data.py:63} ERROR - Error executing query: (1062, "Duplicate entry '2025-03-30 11:12:58-3632' for key 'PRIMARY'")
[2025-03-30T11:12:58.772+0000] {inout_data.py:63} ERROR - Error executing query: (1062, "Duplicate entry '2025-03-30 11:12:58-3632' for key 'PRIMARY'")
[2025-03-30T11:12:58.772+0000] {inout_data.py:63} ERROR - Error executing query: (1062, "Duplicate entry '2025-03-30 11:12:58-3632' for key 'PRIMARY'")
[2025-03-30T11:12:58.773+0000] {inout_data.py:63} ERROR - Error executing query: (1062, "Duplicate entry '2025-03-30 11:12:58-3632' for key 'PRIMARY'")
[2025-03-30T11:12:58.773+0000] {inout_data.py:63} ERROR - Error executing query: (1062, "Duplicate entry '2025-03-30 11:12:58-3632' for key 'PRIMARY'")
[2025-03-30T11:12:58.773+0000] {inout_data.py:63} ERROR - Error executing query: (1062, "Duplicate entry '2025-03-30 11:12:58-3632' for key 'PRIMARY'")
[2025-03-30T11:12:58.774+0000] {inout_data.py:159} INFO - Ingested 9 rows of dummy data.
[2025-03-30T11:12:58.774+0000] {inout_data.py:78} INFO - MariaDB connection closed.
[2025-03-30T11:12:58.774+0000] {python.py:202} INFO - Done. Returned value was: None
[2025-03-30T11:12:58.779+0000] {taskinstance.py:1149} INFO - Marking task as SUCCESS. dag_id=inout_data_ingestion, task_id=ingest_dummy_data, execution_date=20241006T133000, start_date=20250330T111258, end_date=20250330T111258
[2025-03-30T11:12:58.811+0000] {local_task_job_runner.py:234} INFO - Task exited with return code 0
[2025-03-30T11:12:58.821+0000] {taskinstance.py:3309} INFO - 0 downstream tasks scheduled from follow-on schedule check
[2025-03-30T11:19:42.404+0000] {taskinstance.py:1979} INFO - Dependencies all met for dep_context=non-requeueable deps ti=<TaskInstance: inout_data_ingestion.ingest_dummy_data scheduled__2024-10-06T13:30:00+00:00 [queued]>
[2025-03-30T11:19:42.571+0000] {taskinstance.py:1979} INFO - Dependencies all met for dep_context=requeueable deps ti=<TaskInstance: inout_data_ingestion.ingest_dummy_data scheduled__2024-10-06T13:30:00+00:00 [queued]>
[2025-03-30T11:19:42.579+0000] {taskinstance.py:2193} INFO - Starting attempt 1 of 2
[2025-03-30T11:19:42.669+0000] {taskinstance.py:2214} INFO - Executing <Task(PythonOperator): ingest_dummy_data> on 2024-10-06 13:30:00+00:00
[2025-03-30T11:19:42.702+0000] {standard_task_runner.py:60} INFO - Started process 3424 to run task
[2025-03-30T11:19:42.715+0000] {standard_task_runner.py:87} INFO - Running: ['***', 'tasks', 'run', 'inout_data_ingestion', 'ingest_dummy_data', 'scheduled__2024-10-06T13:30:00+00:00', '--job-id', '1686', '--raw', '--subdir', 'DAGS_FOLDER/inout_data.py', '--cfg-path', '/tmp/tmp9fejp32a']
[2025-03-30T11:19:42.723+0000] {standard_task_runner.py:88} INFO - Job 1686: Subtask ingest_dummy_data
[2025-03-30T11:19:42.762+0000] {warnings.py:109} WARNING - /home/***/.local/lib/python3.8/site-packages/***/settings.py:194: DeprecationWarning: The sql_alchemy_conn option in [core] has been moved to the sql_alchemy_conn option in [database] - the old setting has been used, but please update your config.
  SQL_ALCHEMY_CONN = conf.get("database", "SQL_ALCHEMY_CONN")

[2025-03-30T11:19:42.860+0000] {task_command.py:423} INFO - Running <TaskInstance: inout_data_ingestion.ingest_dummy_data scheduled__2024-10-06T13:30:00+00:00 [running]> on host ff9d64b065e6
[2025-03-30T11:19:43.085+0000] {taskinstance.py:2510} INFO - Exporting env vars: AIRFLOW_CTX_DAG_OWNER='***' AIRFLOW_CTX_DAG_ID='inout_data_ingestion' AIRFLOW_CTX_TASK_ID='ingest_dummy_data' AIRFLOW_CTX_EXECUTION_DATE='2024-10-06T13:30:00+00:00' AIRFLOW_CTX_TRY_NUMBER='1' AIRFLOW_CTX_DAG_RUN_ID='scheduled__2024-10-06T13:30:00+00:00'
[2025-03-30T11:19:43.093+0000] {inout_data.py:42} INFO - Successfully connected to MariaDB: INOUT on mariadb:3306
[2025-03-30T11:19:43.097+0000] {inout_data.py:63} ERROR - Error executing query: (1062, "Duplicate entry '2025-03-30 11:19:43-1983' for key 'PRIMARY'")
[2025-03-30T11:19:43.098+0000] {inout_data.py:63} ERROR - Error executing query: (1062, "Duplicate entry '2025-03-30 11:19:43-1983' for key 'PRIMARY'")
[2025-03-30T11:19:43.099+0000] {inout_data.py:63} ERROR - Error executing query: (1062, "Duplicate entry '2025-03-30 11:19:43-1983' for key 'PRIMARY'")
[2025-03-30T11:19:43.101+0000] {inout_data.py:63} ERROR - Error executing query: (1062, "Duplicate entry '2025-03-30 11:19:43-1983' for key 'PRIMARY'")
[2025-03-30T11:19:43.103+0000] {inout_data.py:63} ERROR - Error executing query: (1062, "Duplicate entry '2025-03-30 11:19:43-1983' for key 'PRIMARY'")
[2025-03-30T11:19:43.105+0000] {inout_data.py:63} ERROR - Error executing query: (1062, "Duplicate entry '2025-03-30 11:19:43-1983' for key 'PRIMARY'")
[2025-03-30T11:19:43.107+0000] {inout_data.py:63} ERROR - Error executing query: (1062, "Duplicate entry '2025-03-30 11:19:43-1983' for key 'PRIMARY'")
[2025-03-30T11:19:43.109+0000] {inout_data.py:63} ERROR - Error executing query: (1062, "Duplicate entry '2025-03-30 11:19:43-1983' for key 'PRIMARY'")
[2025-03-30T11:19:43.110+0000] {inout_data.py:63} ERROR - Error executing query: (1062, "Duplicate entry '2025-03-30 11:19:43-1983' for key 'PRIMARY'")
[2025-03-30T11:19:43.112+0000] {inout_data.py:63} ERROR - Error executing query: (1062, "Duplicate entry '2025-03-30 11:19:43-1983' for key 'PRIMARY'")
[2025-03-30T11:19:43.113+0000] {inout_data.py:63} ERROR - Error executing query: (1062, "Duplicate entry '2025-03-30 11:19:43-1983' for key 'PRIMARY'")
[2025-03-30T11:19:43.115+0000] {inout_data.py:63} ERROR - Error executing query: (1062, "Duplicate entry '2025-03-30 11:19:43-1983' for key 'PRIMARY'")
[2025-03-30T11:19:43.118+0000] {inout_data.py:63} ERROR - Error executing query: (1062, "Duplicate entry '2025-03-30 11:19:43-1983' for key 'PRIMARY'")
[2025-03-30T11:19:43.124+0000] {inout_data.py:63} ERROR - Error executing query: (1062, "Duplicate entry '2025-03-30 11:19:43-1983' for key 'PRIMARY'")
[2025-03-30T11:19:43.136+0000] {inout_data.py:63} ERROR - Error executing query: (1062, "Duplicate entry '2025-03-30 11:19:43-1983' for key 'PRIMARY'")
[2025-03-30T11:19:43.138+0000] {inout_data.py:63} ERROR - Error executing query: (1062, "Duplicate entry '2025-03-30 11:19:43-1983' for key 'PRIMARY'")
[2025-03-30T11:19:43.140+0000] {inout_data.py:63} ERROR - Error executing query: (1062, "Duplicate entry '2025-03-30 11:19:43-1983' for key 'PRIMARY'")
[2025-03-30T11:19:43.142+0000] {inout_data.py:63} ERROR - Error executing query: (1062, "Duplicate entry '2025-03-30 11:19:43-1983' for key 'PRIMARY'")
[2025-03-30T11:19:43.143+0000] {inout_data.py:63} ERROR - Error executing query: (1062, "Duplicate entry '2025-03-30 11:19:43-1983' for key 'PRIMARY'")
[2025-03-30T11:19:43.144+0000] {inout_data.py:152} INFO - Ingested 20 rows of dummy data.
[2025-03-30T11:19:43.145+0000] {inout_data.py:78} INFO - MariaDB connection closed.
[2025-03-30T11:19:43.145+0000] {python.py:202} INFO - Done. Returned value was: None
[2025-03-30T11:19:43.162+0000] {taskinstance.py:1149} INFO - Marking task as SUCCESS. dag_id=inout_data_ingestion, task_id=ingest_dummy_data, execution_date=20241006T133000, start_date=20250330T111942, end_date=20250330T111943
[2025-03-30T11:19:43.211+0000] {local_task_job_runner.py:234} INFO - Task exited with return code 0
[2025-03-30T11:19:43.260+0000] {taskinstance.py:3309} INFO - 0 downstream tasks scheduled from follow-on schedule check
