[2025-03-30T11:09:27.531+0000] {taskinstance.py:1979} INFO - Dependencies all met for dep_context=non-requeueable deps ti=<TaskInstance: inout_data_ingestion.ingest_dummy_data scheduled__2024-09-30T06:30:00+00:00 [queued]>
[2025-03-30T11:09:27.555+0000] {taskinstance.py:1979} INFO - Dependencies all met for dep_context=requeueable deps ti=<TaskInstance: inout_data_ingestion.ingest_dummy_data scheduled__2024-09-30T06:30:00+00:00 [queued]>
[2025-03-30T11:09:27.556+0000] {taskinstance.py:2193} INFO - Starting attempt 1 of 2
[2025-03-30T11:09:27.591+0000] {taskinstance.py:2214} INFO - Executing <Task(PythonOperator): ingest_dummy_data> on 2024-09-30 06:30:00+00:00
[2025-03-30T11:09:27.598+0000] {standard_task_runner.py:60} INFO - Started process 352 to run task
[2025-03-30T11:09:27.606+0000] {standard_task_runner.py:87} INFO - Running: ['***', 'tasks', 'run', 'inout_data_ingestion', 'ingest_dummy_data', 'scheduled__2024-09-30T06:30:00+00:00', '--job-id', '150', '--raw', '--subdir', 'DAGS_FOLDER/inout_data.py', '--cfg-path', '/tmp/tmps_jh45qy']
[2025-03-30T11:09:27.610+0000] {standard_task_runner.py:88} INFO - Job 150: Subtask ingest_dummy_data
[2025-03-30T11:09:27.629+0000] {warnings.py:109} WARNING - /home/***/.local/lib/python3.8/site-packages/***/settings.py:194: DeprecationWarning: The sql_alchemy_conn option in [core] has been moved to the sql_alchemy_conn option in [database] - the old setting has been used, but please update your config.
  SQL_ALCHEMY_CONN = conf.get("database", "SQL_ALCHEMY_CONN")

[2025-03-30T11:09:27.678+0000] {task_command.py:423} INFO - Running <TaskInstance: inout_data_ingestion.ingest_dummy_data scheduled__2024-09-30T06:30:00+00:00 [running]> on host ff9d64b065e6
[2025-03-30T11:09:27.737+0000] {taskinstance.py:2510} INFO - Exporting env vars: AIRFLOW_CTX_DAG_OWNER='***' AIRFLOW_CTX_DAG_ID='inout_data_ingestion' AIRFLOW_CTX_TASK_ID='ingest_dummy_data' AIRFLOW_CTX_EXECUTION_DATE='2024-09-30T06:30:00+00:00' AIRFLOW_CTX_TRY_NUMBER='1' AIRFLOW_CTX_DAG_RUN_ID='scheduled__2024-09-30T06:30:00+00:00'
[2025-03-30T11:09:27.743+0000] {inout_data.py:42} INFO - Successfully connected to MariaDB: INOUT on mariadb:3306
[2025-03-30T11:09:27.747+0000] {inout_data.py:63} ERROR - Error executing query: (1062, "Duplicate entry '2025-03-30 11:09:27-5934' for key 'PRIMARY'")
[2025-03-30T11:09:27.747+0000] {inout_data.py:63} ERROR - Error executing query: (1062, "Duplicate entry '2025-03-30 11:09:27-5934' for key 'PRIMARY'")
[2025-03-30T11:09:27.747+0000] {inout_data.py:63} ERROR - Error executing query: (1062, "Duplicate entry '2025-03-30 11:09:27-5934' for key 'PRIMARY'")
[2025-03-30T11:09:27.748+0000] {inout_data.py:63} ERROR - Error executing query: (1062, "Duplicate entry '2025-03-30 11:09:27-5934' for key 'PRIMARY'")
[2025-03-30T11:09:27.748+0000] {inout_data.py:63} ERROR - Error executing query: (1062, "Duplicate entry '2025-03-30 11:09:27-5934' for key 'PRIMARY'")
[2025-03-30T11:09:27.748+0000] {inout_data.py:63} ERROR - Error executing query: (1062, "Duplicate entry '2025-03-30 11:09:27-5934' for key 'PRIMARY'")
[2025-03-30T11:09:27.749+0000] {inout_data.py:63} ERROR - Error executing query: (1062, "Duplicate entry '2025-03-30 11:09:27-5934' for key 'PRIMARY'")
[2025-03-30T11:09:27.749+0000] {inout_data.py:63} ERROR - Error executing query: (1062, "Duplicate entry '2025-03-30 11:09:27-5934' for key 'PRIMARY'")
[2025-03-30T11:09:27.749+0000] {inout_data.py:63} ERROR - Error executing query: (1062, "Duplicate entry '2025-03-30 11:09:27-5934' for key 'PRIMARY'")
[2025-03-30T11:09:27.751+0000] {inout_data.py:63} ERROR - Error executing query: (1062, "Duplicate entry '2025-03-30 11:09:27-5934' for key 'PRIMARY'")
[2025-03-30T11:09:27.751+0000] {inout_data.py:63} ERROR - Error executing query: (1062, "Duplicate entry '2025-03-30 11:09:27-5934' for key 'PRIMARY'")
[2025-03-30T11:09:27.752+0000] {inout_data.py:63} ERROR - Error executing query: (1062, "Duplicate entry '2025-03-30 11:09:27-5934' for key 'PRIMARY'")
[2025-03-30T11:09:27.752+0000] {inout_data.py:63} ERROR - Error executing query: (1062, "Duplicate entry '2025-03-30 11:09:27-5934' for key 'PRIMARY'")
[2025-03-30T11:09:27.754+0000] {inout_data.py:63} ERROR - Error executing query: (1062, "Duplicate entry '2025-03-30 11:09:27-5934' for key 'PRIMARY'")
[2025-03-30T11:09:27.754+0000] {inout_data.py:63} ERROR - Error executing query: (1062, "Duplicate entry '2025-03-30 11:09:27-5934' for key 'PRIMARY'")
[2025-03-30T11:09:27.755+0000] {inout_data.py:63} ERROR - Error executing query: (1062, "Duplicate entry '2025-03-30 11:09:27-5934' for key 'PRIMARY'")
[2025-03-30T11:09:27.756+0000] {inout_data.py:63} ERROR - Error executing query: (1062, "Duplicate entry '2025-03-30 11:09:27-5934' for key 'PRIMARY'")
[2025-03-30T11:09:27.757+0000] {inout_data.py:159} INFO - Ingested 18 rows of dummy data.
[2025-03-30T11:09:27.758+0000] {inout_data.py:78} INFO - MariaDB connection closed.
[2025-03-30T11:09:27.758+0000] {python.py:202} INFO - Done. Returned value was: None
[2025-03-30T11:09:27.767+0000] {taskinstance.py:1149} INFO - Marking task as SUCCESS. dag_id=inout_data_ingestion, task_id=ingest_dummy_data, execution_date=20240930T063000, start_date=20250330T110927, end_date=20250330T110927
[2025-03-30T11:09:27.786+0000] {local_task_job_runner.py:234} INFO - Task exited with return code 0
[2025-03-30T11:09:27.798+0000] {taskinstance.py:3309} INFO - 0 downstream tasks scheduled from follow-on schedule check
[2025-03-30T11:16:04.887+0000] {taskinstance.py:1979} INFO - Dependencies all met for dep_context=non-requeueable deps ti=<TaskInstance: inout_data_ingestion.ingest_dummy_data scheduled__2024-09-30T06:30:00+00:00 [queued]>
[2025-03-30T11:16:04.905+0000] {taskinstance.py:1979} INFO - Dependencies all met for dep_context=requeueable deps ti=<TaskInstance: inout_data_ingestion.ingest_dummy_data scheduled__2024-09-30T06:30:00+00:00 [queued]>
[2025-03-30T11:16:04.906+0000] {taskinstance.py:2193} INFO - Starting attempt 1 of 2
[2025-03-30T11:16:04.928+0000] {taskinstance.py:2214} INFO - Executing <Task(PythonOperator): ingest_dummy_data> on 2024-09-30 06:30:00+00:00
[2025-03-30T11:16:04.935+0000] {standard_task_runner.py:60} INFO - Started process 2210 to run task
[2025-03-30T11:16:04.950+0000] {standard_task_runner.py:87} INFO - Running: ['***', 'tasks', 'run', 'inout_data_ingestion', 'ingest_dummy_data', 'scheduled__2024-09-30T06:30:00+00:00', '--job-id', '1079', '--raw', '--subdir', 'DAGS_FOLDER/inout_data.py', '--cfg-path', '/tmp/tmpa74hxqvu']
[2025-03-30T11:16:04.952+0000] {standard_task_runner.py:88} INFO - Job 1079: Subtask ingest_dummy_data
[2025-03-30T11:16:04.971+0000] {warnings.py:109} WARNING - /home/***/.local/lib/python3.8/site-packages/***/settings.py:194: DeprecationWarning: The sql_alchemy_conn option in [core] has been moved to the sql_alchemy_conn option in [database] - the old setting has been used, but please update your config.
  SQL_ALCHEMY_CONN = conf.get("database", "SQL_ALCHEMY_CONN")

[2025-03-30T11:16:05.013+0000] {task_command.py:423} INFO - Running <TaskInstance: inout_data_ingestion.ingest_dummy_data scheduled__2024-09-30T06:30:00+00:00 [running]> on host ff9d64b065e6
[2025-03-30T11:16:05.102+0000] {taskinstance.py:2510} INFO - Exporting env vars: AIRFLOW_CTX_DAG_OWNER='***' AIRFLOW_CTX_DAG_ID='inout_data_ingestion' AIRFLOW_CTX_TASK_ID='ingest_dummy_data' AIRFLOW_CTX_EXECUTION_DATE='2024-09-30T06:30:00+00:00' AIRFLOW_CTX_TRY_NUMBER='1' AIRFLOW_CTX_DAG_RUN_ID='scheduled__2024-09-30T06:30:00+00:00'
[2025-03-30T11:16:05.111+0000] {inout_data.py:42} INFO - Successfully connected to MariaDB: INOUT on mariadb:3306
[2025-03-30T11:16:05.116+0000] {inout_data.py:63} ERROR - Error executing query: (1062, "Duplicate entry '2025-03-30 11:16:05-7159' for key 'PRIMARY'")
[2025-03-30T11:16:05.117+0000] {inout_data.py:63} ERROR - Error executing query: (1062, "Duplicate entry '2025-03-30 11:16:05-7159' for key 'PRIMARY'")
[2025-03-30T11:16:05.119+0000] {inout_data.py:63} ERROR - Error executing query: (1062, "Duplicate entry '2025-03-30 11:16:05-7159' for key 'PRIMARY'")
[2025-03-30T11:16:05.122+0000] {inout_data.py:63} ERROR - Error executing query: (1062, "Duplicate entry '2025-03-30 11:16:05-7159' for key 'PRIMARY'")
[2025-03-30T11:16:05.124+0000] {inout_data.py:63} ERROR - Error executing query: (1062, "Duplicate entry '2025-03-30 11:16:05-7159' for key 'PRIMARY'")
[2025-03-30T11:16:05.125+0000] {inout_data.py:63} ERROR - Error executing query: (1062, "Duplicate entry '2025-03-30 11:16:05-7159' for key 'PRIMARY'")
[2025-03-30T11:16:05.126+0000] {inout_data.py:63} ERROR - Error executing query: (1062, "Duplicate entry '2025-03-30 11:16:05-7159' for key 'PRIMARY'")
[2025-03-30T11:16:05.129+0000] {inout_data.py:63} ERROR - Error executing query: (1062, "Duplicate entry '2025-03-30 11:16:05-7159' for key 'PRIMARY'")
[2025-03-30T11:16:05.130+0000] {inout_data.py:63} ERROR - Error executing query: (1062, "Duplicate entry '2025-03-30 11:16:05-7159' for key 'PRIMARY'")
[2025-03-30T11:16:05.131+0000] {inout_data.py:63} ERROR - Error executing query: (1062, "Duplicate entry '2025-03-30 11:16:05-7159' for key 'PRIMARY'")
[2025-03-30T11:16:05.133+0000] {inout_data.py:152} INFO - Ingested 11 rows of dummy data.
[2025-03-30T11:16:05.133+0000] {inout_data.py:78} INFO - MariaDB connection closed.
[2025-03-30T11:16:05.134+0000] {python.py:202} INFO - Done. Returned value was: None
[2025-03-30T11:16:05.150+0000] {taskinstance.py:1149} INFO - Marking task as SUCCESS. dag_id=inout_data_ingestion, task_id=ingest_dummy_data, execution_date=20240930T063000, start_date=20250330T111604, end_date=20250330T111605
[2025-03-30T11:16:05.205+0000] {local_task_job_runner.py:234} INFO - Task exited with return code 0
[2025-03-30T11:16:05.243+0000] {taskinstance.py:3309} INFO - 0 downstream tasks scheduled from follow-on schedule check
[2025-03-30T11:28:36.817+0000] {taskinstance.py:1979} INFO - Dependencies all met for dep_context=non-requeueable deps ti=<TaskInstance: inout_data_ingestion.ingest_dummy_data scheduled__2024-09-30T06:30:00+00:00 [queued]>
[2025-03-30T11:28:36.826+0000] {taskinstance.py:1979} INFO - Dependencies all met for dep_context=requeueable deps ti=<TaskInstance: inout_data_ingestion.ingest_dummy_data scheduled__2024-09-30T06:30:00+00:00 [queued]>
[2025-03-30T11:28:36.827+0000] {taskinstance.py:2193} INFO - Starting attempt 1 of 2
[2025-03-30T11:28:36.846+0000] {taskinstance.py:2214} INFO - Executing <Task(PythonOperator): ingest_dummy_data> on 2024-09-30 06:30:00+00:00
[2025-03-30T11:28:36.849+0000] {standard_task_runner.py:60} INFO - Started process 4126 to run task
[2025-03-30T11:28:36.856+0000] {standard_task_runner.py:87} INFO - Running: ['***', 'tasks', 'run', 'inout_data_ingestion', 'ingest_dummy_data', 'scheduled__2024-09-30T06:30:00+00:00', '--job-id', '2038', '--raw', '--subdir', 'DAGS_FOLDER/inout_data.py', '--cfg-path', '/tmp/tmpvygig53b']
[2025-03-30T11:28:36.858+0000] {standard_task_runner.py:88} INFO - Job 2038: Subtask ingest_dummy_data
[2025-03-30T11:28:36.876+0000] {warnings.py:109} WARNING - /home/***/.local/lib/python3.8/site-packages/***/settings.py:194: DeprecationWarning: The sql_alchemy_conn option in [core] has been moved to the sql_alchemy_conn option in [database] - the old setting has been used, but please update your config.
  SQL_ALCHEMY_CONN = conf.get("database", "SQL_ALCHEMY_CONN")

[2025-03-30T11:28:36.925+0000] {task_command.py:423} INFO - Running <TaskInstance: inout_data_ingestion.ingest_dummy_data scheduled__2024-09-30T06:30:00+00:00 [running]> on host ff9d64b065e6
[2025-03-30T11:28:37.006+0000] {taskinstance.py:2510} INFO - Exporting env vars: AIRFLOW_CTX_DAG_OWNER='***' AIRFLOW_CTX_DAG_ID='inout_data_ingestion' AIRFLOW_CTX_TASK_ID='ingest_dummy_data' AIRFLOW_CTX_EXECUTION_DATE='2024-09-30T06:30:00+00:00' AIRFLOW_CTX_TRY_NUMBER='1' AIRFLOW_CTX_DAG_RUN_ID='scheduled__2024-09-30T06:30:00+00:00'
[2025-03-30T11:28:37.012+0000] {logging_mixin.py:188} INFO - Successfully connected to MariaDB: INOUT on mariadb:3306
[2025-03-30T11:28:37.012+0000] {logging_mixin.py:188} INFO - General error executing query: not all arguments converted during string formatting
[2025-03-30T11:28:37.013+0000] {logging_mixin.py:188} INFO - General error executing query: not all arguments converted during string formatting
[2025-03-30T11:28:37.014+0000] {logging_mixin.py:188} INFO - General error executing query: not all arguments converted during string formatting
[2025-03-30T11:28:37.014+0000] {logging_mixin.py:188} INFO - General error executing query: not all arguments converted during string formatting
[2025-03-30T11:28:37.015+0000] {logging_mixin.py:188} INFO - General error executing query: not all arguments converted during string formatting
[2025-03-30T11:28:37.015+0000] {logging_mixin.py:188} INFO - General error executing query: not all arguments converted during string formatting
[2025-03-30T11:28:37.017+0000] {logging_mixin.py:188} INFO - General error executing query: not all arguments converted during string formatting
[2025-03-30T11:28:37.018+0000] {logging_mixin.py:188} INFO - General error executing query: not all arguments converted during string formatting
[2025-03-30T11:28:37.019+0000] {logging_mixin.py:188} INFO - General error executing query: not all arguments converted during string formatting
[2025-03-30T11:28:37.020+0000] {logging_mixin.py:188} INFO - General error executing query: not all arguments converted during string formatting
[2025-03-30T11:28:37.020+0000] {logging_mixin.py:188} INFO - General error executing query: not all arguments converted during string formatting
[2025-03-30T11:28:37.021+0000] {logging_mixin.py:188} INFO - General error executing query: not all arguments converted during string formatting
[2025-03-30T11:28:37.021+0000] {logging_mixin.py:188} INFO - General error executing query: not all arguments converted during string formatting
[2025-03-30T11:28:37.022+0000] {logging_mixin.py:188} INFO - General error executing query: not all arguments converted during string formatting
[2025-03-30T11:28:37.022+0000] {logging_mixin.py:188} INFO - General error executing query: not all arguments converted during string formatting
[2025-03-30T11:28:37.022+0000] {logging_mixin.py:188} INFO - General error executing query: not all arguments converted during string formatting
[2025-03-30T11:28:37.025+0000] {logging_mixin.py:188} INFO - General error executing query: not all arguments converted during string formatting
[2025-03-30T11:28:37.026+0000] {logging_mixin.py:188} INFO - General error executing query: not all arguments converted during string formatting
[2025-03-30T11:28:37.026+0000] {logging_mixin.py:188} INFO - General error executing query: not all arguments converted during string formatting
[2025-03-30T11:28:37.026+0000] {inout_data.py:87} INFO - Ingested 19 rows of dummy data for 2024-09-30 06:30:00+00:00.
[2025-03-30T11:28:37.027+0000] {logging_mixin.py:188} INFO - MariaDB connection closed.
[2025-03-30T11:28:37.028+0000] {python.py:202} INFO - Done. Returned value was: None
[2025-03-30T11:28:37.034+0000] {taskinstance.py:1149} INFO - Marking task as SUCCESS. dag_id=inout_data_ingestion, task_id=ingest_dummy_data, execution_date=20240930T063000, start_date=20250330T112836, end_date=20250330T112837
[2025-03-30T11:28:37.076+0000] {local_task_job_runner.py:234} INFO - Task exited with return code 0
[2025-03-30T11:28:37.089+0000] {taskinstance.py:3309} INFO - 0 downstream tasks scheduled from follow-on schedule check
[2025-03-30T11:33:16.591+0000] {taskinstance.py:1979} INFO - Dependencies all met for dep_context=non-requeueable deps ti=<TaskInstance: inout_data_ingestion.ingest_dummy_data scheduled__2024-09-30T06:30:00+00:00 [queued]>
[2025-03-30T11:33:16.606+0000] {taskinstance.py:1979} INFO - Dependencies all met for dep_context=requeueable deps ti=<TaskInstance: inout_data_ingestion.ingest_dummy_data scheduled__2024-09-30T06:30:00+00:00 [queued]>
[2025-03-30T11:33:16.607+0000] {taskinstance.py:2193} INFO - Starting attempt 1 of 2
[2025-03-30T11:33:16.625+0000] {taskinstance.py:2214} INFO - Executing <Task(PythonOperator): ingest_dummy_data> on 2024-09-30 06:30:00+00:00
[2025-03-30T11:33:16.631+0000] {standard_task_runner.py:60} INFO - Started process 5585 to run task
[2025-03-30T11:33:16.634+0000] {standard_task_runner.py:87} INFO - Running: ['***', 'tasks', 'run', 'inout_data_ingestion', 'ingest_dummy_data', 'scheduled__2024-09-30T06:30:00+00:00', '--job-id', '2766', '--raw', '--subdir', 'DAGS_FOLDER/inout_data.py', '--cfg-path', '/tmp/tmphgxpolsa']
[2025-03-30T11:33:16.637+0000] {standard_task_runner.py:88} INFO - Job 2766: Subtask ingest_dummy_data
[2025-03-30T11:33:16.648+0000] {warnings.py:109} WARNING - /home/***/.local/lib/python3.8/site-packages/***/settings.py:194: DeprecationWarning: The sql_alchemy_conn option in [core] has been moved to the sql_alchemy_conn option in [database] - the old setting has been used, but please update your config.
  SQL_ALCHEMY_CONN = conf.get("database", "SQL_ALCHEMY_CONN")

[2025-03-30T11:33:16.677+0000] {task_command.py:423} INFO - Running <TaskInstance: inout_data_ingestion.ingest_dummy_data scheduled__2024-09-30T06:30:00+00:00 [running]> on host ff9d64b065e6
[2025-03-30T11:33:16.760+0000] {taskinstance.py:2510} INFO - Exporting env vars: AIRFLOW_CTX_DAG_OWNER='***' AIRFLOW_CTX_DAG_ID='inout_data_ingestion' AIRFLOW_CTX_TASK_ID='ingest_dummy_data' AIRFLOW_CTX_EXECUTION_DATE='2024-09-30T06:30:00+00:00' AIRFLOW_CTX_TRY_NUMBER='1' AIRFLOW_CTX_DAG_RUN_ID='scheduled__2024-09-30T06:30:00+00:00'
[2025-03-30T11:33:16.765+0000] {logging_mixin.py:188} INFO - Successfully connected to MariaDB: INOUT on mariadb:3306
[2025-03-30T11:33:16.768+0000] {inout_data.py:83} INFO - {'ingested_time': datetime.datetime(2025, 3, 30, 11, 33, 16, 768393), 'timestamp': datetime.datetime(2024, 9, 30, 6, 53, tzinfo=datetime.timezone.utc), 'emp_id': 3212, 'employee_name': 'Employee11', 'factory': 'FactoryB', 'in_out': 'OUT', 'entrance': 'Side', 'door_number': '9', 'function': 'IT', 'division': 'BSID', 'department': 'CAPD', 'section': '1'}
[2025-03-30T11:33:16.769+0000] {logging_mixin.py:188} INFO - General error executing query: not all arguments converted during string formatting
[2025-03-30T11:33:16.771+0000] {inout_data.py:83} INFO - {'ingested_time': datetime.datetime(2025, 3, 30, 11, 33, 16, 770309), 'timestamp': datetime.datetime(2024, 9, 30, 6, 40, tzinfo=datetime.timezone.utc), 'emp_id': 3958, 'employee_name': 'Employee34', 'factory': 'FactoryB', 'in_out': 'IN', 'entrance': 'Side', 'door_number': '4', 'function': 'IT', 'division': 'BSID', 'department': 'HRSD', 'section': '2'}
[2025-03-30T11:33:16.771+0000] {logging_mixin.py:188} INFO - General error executing query: not all arguments converted during string formatting
[2025-03-30T11:33:16.772+0000] {inout_data.py:83} INFO - {'ingested_time': datetime.datetime(2025, 3, 30, 11, 33, 16, 772648), 'timestamp': datetime.datetime(2024, 9, 30, 6, 43, tzinfo=datetime.timezone.utc), 'emp_id': 4466, 'employee_name': 'Employee56', 'factory': 'FactoryB', 'in_out': 'IN', 'entrance': 'Side', 'door_number': '3', 'function': 'IT', 'division': 'BSID', 'department': 'HRSD', 'section': '2'}
[2025-03-30T11:33:16.773+0000] {logging_mixin.py:188} INFO - General error executing query: not all arguments converted during string formatting
[2025-03-30T11:33:16.773+0000] {inout_data.py:83} INFO - {'ingested_time': datetime.datetime(2025, 3, 30, 11, 33, 16, 773520), 'timestamp': datetime.datetime(2024, 9, 30, 6, 35, tzinfo=datetime.timezone.utc), 'emp_id': 8656, 'employee_name': 'Employee36', 'factory': 'FactoryB', 'in_out': 'OUT', 'entrance': 'Side', 'door_number': '3', 'function': 'IT', 'division': 'BSID', 'department': 'HRSD', 'section': '2'}
[2025-03-30T11:33:16.774+0000] {logging_mixin.py:188} INFO - General error executing query: not all arguments converted during string formatting
[2025-03-30T11:33:16.775+0000] {inout_data.py:83} INFO - {'ingested_time': datetime.datetime(2025, 3, 30, 11, 33, 16, 775777), 'timestamp': datetime.datetime(2024, 9, 30, 6, 39, tzinfo=datetime.timezone.utc), 'emp_id': 2871, 'employee_name': 'Employee88', 'factory': 'FactoryA', 'in_out': 'IN', 'entrance': 'Main', 'door_number': '7', 'function': 'IT', 'division': 'BSID', 'department': 'CAPD', 'section': '1'}
[2025-03-30T11:33:16.776+0000] {logging_mixin.py:188} INFO - General error executing query: not all arguments converted during string formatting
[2025-03-30T11:33:16.780+0000] {inout_data.py:83} INFO - {'ingested_time': datetime.datetime(2025, 3, 30, 11, 33, 16, 780724), 'timestamp': datetime.datetime(2024, 9, 30, 6, 37, tzinfo=datetime.timezone.utc), 'emp_id': 3801, 'employee_name': 'Employee8', 'factory': 'FactoryA', 'in_out': 'IN', 'entrance': 'Side', 'door_number': '3', 'function': 'IT', 'division': 'BSID', 'department': 'ML', 'section': '2'}
[2025-03-30T11:33:16.781+0000] {logging_mixin.py:188} INFO - General error executing query: not all arguments converted during string formatting
[2025-03-30T11:33:16.782+0000] {inout_data.py:83} INFO - {'ingested_time': datetime.datetime(2025, 3, 30, 11, 33, 16, 782574), 'timestamp': datetime.datetime(2024, 9, 30, 6, 37, tzinfo=datetime.timezone.utc), 'emp_id': 7632, 'employee_name': 'Employee99', 'factory': 'FactoryB', 'in_out': 'IN', 'entrance': 'Main', 'door_number': '6', 'function': 'IT', 'division': 'BSID', 'department': 'CAPD', 'section': '2'}
[2025-03-30T11:33:16.783+0000] {logging_mixin.py:188} INFO - General error executing query: not all arguments converted during string formatting
[2025-03-30T11:33:16.784+0000] {inout_data.py:83} INFO - {'ingested_time': datetime.datetime(2025, 3, 30, 11, 33, 16, 784356), 'timestamp': datetime.datetime(2024, 9, 30, 6, 31, tzinfo=datetime.timezone.utc), 'emp_id': 2787, 'employee_name': 'Employee90', 'factory': 'FactoryA', 'in_out': 'IN', 'entrance': 'Side', 'door_number': '7', 'function': 'IT', 'division': 'AAPD', 'department': 'ML', 'section': '1'}
[2025-03-30T11:33:16.785+0000] {logging_mixin.py:188} INFO - General error executing query: not all arguments converted during string formatting
[2025-03-30T11:33:16.786+0000] {inout_data.py:83} INFO - {'ingested_time': datetime.datetime(2025, 3, 30, 11, 33, 16, 786094), 'timestamp': datetime.datetime(2024, 9, 30, 6, 30, tzinfo=datetime.timezone.utc), 'emp_id': 4203, 'employee_name': 'Employee12', 'factory': 'FactoryA', 'in_out': 'OUT', 'entrance': 'Side', 'door_number': '4', 'function': 'IT', 'division': 'BSID', 'department': 'CAPD', 'section': '1'}
[2025-03-30T11:33:16.787+0000] {logging_mixin.py:188} INFO - General error executing query: not all arguments converted during string formatting
[2025-03-30T11:33:16.788+0000] {inout_data.py:83} INFO - {'ingested_time': datetime.datetime(2025, 3, 30, 11, 33, 16, 788516), 'timestamp': datetime.datetime(2024, 9, 30, 6, 54, tzinfo=datetime.timezone.utc), 'emp_id': 6821, 'employee_name': 'Employee22', 'factory': 'FactoryB', 'in_out': 'IN', 'entrance': 'Side', 'door_number': '9', 'function': 'IT', 'division': 'AAPD', 'department': 'HRSD', 'section': '1'}
[2025-03-30T11:33:16.789+0000] {logging_mixin.py:188} INFO - General error executing query: not all arguments converted during string formatting
[2025-03-30T11:33:16.789+0000] {inout_data.py:83} INFO - {'ingested_time': datetime.datetime(2025, 3, 30, 11, 33, 16, 789480), 'timestamp': datetime.datetime(2024, 9, 30, 6, 34, tzinfo=datetime.timezone.utc), 'emp_id': 4368, 'employee_name': 'Employee77', 'factory': 'FactoryB', 'in_out': 'IN', 'entrance': 'Main', 'door_number': '9', 'function': 'IT', 'division': 'AAPD', 'department': 'ML', 'section': '1'}
[2025-03-30T11:33:16.789+0000] {logging_mixin.py:188} INFO - General error executing query: not all arguments converted during string formatting
[2025-03-30T11:33:16.790+0000] {inout_data.py:83} INFO - {'ingested_time': datetime.datetime(2025, 3, 30, 11, 33, 16, 790271), 'timestamp': datetime.datetime(2024, 9, 30, 6, 58, tzinfo=datetime.timezone.utc), 'emp_id': 3563, 'employee_name': 'Employee13', 'factory': 'FactoryB', 'in_out': 'IN', 'entrance': 'Main', 'door_number': '2', 'function': 'IT', 'division': 'BSID', 'department': 'CAPD', 'section': '2'}
[2025-03-30T11:33:16.790+0000] {logging_mixin.py:188} INFO - General error executing query: not all arguments converted during string formatting
[2025-03-30T11:33:16.791+0000] {inout_data.py:83} INFO - {'ingested_time': datetime.datetime(2025, 3, 30, 11, 33, 16, 791019), 'timestamp': datetime.datetime(2024, 9, 30, 6, 31, tzinfo=datetime.timezone.utc), 'emp_id': 6473, 'employee_name': 'Employee26', 'factory': 'FactoryB', 'in_out': 'IN', 'entrance': 'Side', 'door_number': '5', 'function': 'IT', 'division': 'BSID', 'department': 'ML', 'section': '2'}
[2025-03-30T11:33:16.792+0000] {logging_mixin.py:188} INFO - General error executing query: not all arguments converted during string formatting
[2025-03-30T11:33:16.793+0000] {inout_data.py:88} INFO - Ingested 13 rows of dummy data for 2024-09-30 06:30:00+00:00.
[2025-03-30T11:33:16.793+0000] {logging_mixin.py:188} INFO - MariaDB connection closed.
[2025-03-30T11:33:16.793+0000] {python.py:202} INFO - Done. Returned value was: None
[2025-03-30T11:33:16.813+0000] {taskinstance.py:1149} INFO - Marking task as SUCCESS. dag_id=inout_data_ingestion, task_id=ingest_dummy_data, execution_date=20240930T063000, start_date=20250330T113316, end_date=20250330T113316
[2025-03-30T11:33:16.860+0000] {local_task_job_runner.py:234} INFO - Task exited with return code 0
[2025-03-30T11:33:16.910+0000] {taskinstance.py:3309} INFO - 0 downstream tasks scheduled from follow-on schedule check
[2025-03-30T11:38:51.425+0000] {taskinstance.py:1979} INFO - Dependencies all met for dep_context=non-requeueable deps ti=<TaskInstance: inout_data_ingestion.ingest_dummy_data scheduled__2024-09-30T06:30:00+00:00 [queued]>
[2025-03-30T11:38:51.464+0000] {taskinstance.py:1979} INFO - Dependencies all met for dep_context=requeueable deps ti=<TaskInstance: inout_data_ingestion.ingest_dummy_data scheduled__2024-09-30T06:30:00+00:00 [queued]>
[2025-03-30T11:38:51.467+0000] {taskinstance.py:2193} INFO - Starting attempt 1 of 2
[2025-03-30T11:38:51.509+0000] {taskinstance.py:2214} INFO - Executing <Task(PythonOperator): ingest_dummy_data> on 2024-09-30 06:30:00+00:00
[2025-03-30T11:38:51.534+0000] {standard_task_runner.py:60} INFO - Started process 6485 to run task
[2025-03-30T11:38:51.554+0000] {standard_task_runner.py:87} INFO - Running: ['***', 'tasks', 'run', 'inout_data_ingestion', 'ingest_dummy_data', 'scheduled__2024-09-30T06:30:00+00:00', '--job-id', '3217', '--raw', '--subdir', 'DAGS_FOLDER/inout_data.py', '--cfg-path', '/tmp/tmpdj5v6gzh']
[2025-03-30T11:38:51.566+0000] {standard_task_runner.py:88} INFO - Job 3217: Subtask ingest_dummy_data
[2025-03-30T11:38:51.622+0000] {warnings.py:109} WARNING - /home/***/.local/lib/python3.8/site-packages/***/settings.py:194: DeprecationWarning: The sql_alchemy_conn option in [core] has been moved to the sql_alchemy_conn option in [database] - the old setting has been used, but please update your config.
  SQL_ALCHEMY_CONN = conf.get("database", "SQL_ALCHEMY_CONN")

[2025-03-30T11:38:51.724+0000] {task_command.py:423} INFO - Running <TaskInstance: inout_data_ingestion.ingest_dummy_data scheduled__2024-09-30T06:30:00+00:00 [running]> on host ff9d64b065e6
[2025-03-30T11:38:51.998+0000] {taskinstance.py:2510} INFO - Exporting env vars: AIRFLOW_CTX_DAG_OWNER='***' AIRFLOW_CTX_DAG_ID='inout_data_ingestion' AIRFLOW_CTX_TASK_ID='ingest_dummy_data' AIRFLOW_CTX_EXECUTION_DATE='2024-09-30T06:30:00+00:00' AIRFLOW_CTX_TRY_NUMBER='1' AIRFLOW_CTX_DAG_RUN_ID='scheduled__2024-09-30T06:30:00+00:00'
[2025-03-30T11:38:52.015+0000] {logging_mixin.py:188} INFO - Successfully connected to MariaDB: INOUT on mariadb:3306
[2025-03-30T11:38:52.017+0000] {inout_data.py:83} INFO - {'ingested_time': datetime.datetime(2025, 3, 30, 11, 38, 52, 17263), 'timestamp': datetime.datetime(2024, 9, 30, 6, 53, tzinfo=datetime.timezone.utc), 'emp_id': 3143, 'employee_name': 'Employee39', 'factory': 'FactoryB', 'in_out': 'IN', 'entrance': 'Main', 'door_number': '8', 'function': 'IT', 'division': 'AAPD', 'department': 'HRSD', 'section': '1'}
[2025-03-30T11:38:52.020+0000] {logging_mixin.py:188} INFO - General error executing query: not all arguments converted during string formatting
[2025-03-30T11:38:52.021+0000] {inout_data.py:83} INFO - {'ingested_time': datetime.datetime(2025, 3, 30, 11, 38, 52, 21733), 'timestamp': datetime.datetime(2024, 9, 30, 6, 46, tzinfo=datetime.timezone.utc), 'emp_id': 3609, 'employee_name': 'Employee37', 'factory': 'FactoryB', 'in_out': 'OUT', 'entrance': 'Main', 'door_number': '1', 'function': 'IT', 'division': 'BSID', 'department': 'CAPD', 'section': '1'}
[2025-03-30T11:38:52.023+0000] {logging_mixin.py:188} INFO - General error executing query: not all arguments converted during string formatting
[2025-03-30T11:38:52.024+0000] {inout_data.py:83} INFO - {'ingested_time': datetime.datetime(2025, 3, 30, 11, 38, 52, 24859), 'timestamp': datetime.datetime(2024, 9, 30, 6, 31, tzinfo=datetime.timezone.utc), 'emp_id': 6622, 'employee_name': 'Employee33', 'factory': 'FactoryA', 'in_out': 'OUT', 'entrance': 'Side', 'door_number': '3', 'function': 'IT', 'division': 'BSID', 'department': 'ML', 'section': '2'}
[2025-03-30T11:38:52.026+0000] {logging_mixin.py:188} INFO - General error executing query: not all arguments converted during string formatting
[2025-03-30T11:38:52.029+0000] {inout_data.py:83} INFO - {'ingested_time': datetime.datetime(2025, 3, 30, 11, 38, 52, 28889), 'timestamp': datetime.datetime(2024, 9, 30, 6, 52, tzinfo=datetime.timezone.utc), 'emp_id': 2419, 'employee_name': 'Employee78', 'factory': 'FactoryA', 'in_out': 'IN', 'entrance': 'Main', 'door_number': '10', 'function': 'IT', 'division': 'BSID', 'department': 'ML', 'section': '1'}
[2025-03-30T11:38:52.032+0000] {logging_mixin.py:188} INFO - General error executing query: not all arguments converted during string formatting
[2025-03-30T11:38:52.036+0000] {inout_data.py:83} INFO - {'ingested_time': datetime.datetime(2025, 3, 30, 11, 38, 52, 36693), 'timestamp': datetime.datetime(2024, 9, 30, 6, 47, tzinfo=datetime.timezone.utc), 'emp_id': 7629, 'employee_name': 'Employee6', 'factory': 'FactoryA', 'in_out': 'IN', 'entrance': 'Side', 'door_number': '1', 'function': 'IT', 'division': 'BSID', 'department': 'HRSD', 'section': '1'}
[2025-03-30T11:38:52.039+0000] {logging_mixin.py:188} INFO - General error executing query: not all arguments converted during string formatting
[2025-03-30T11:38:52.044+0000] {inout_data.py:83} INFO - {'ingested_time': datetime.datetime(2025, 3, 30, 11, 38, 52, 44072), 'timestamp': datetime.datetime(2024, 9, 30, 6, 58, tzinfo=datetime.timezone.utc), 'emp_id': 8320, 'employee_name': 'Employee31', 'factory': 'FactoryB', 'in_out': 'OUT', 'entrance': 'Side', 'door_number': '4', 'function': 'IT', 'division': 'BSID', 'department': 'ML', 'section': '2'}
[2025-03-30T11:38:52.049+0000] {logging_mixin.py:188} INFO - General error executing query: not all arguments converted during string formatting
[2025-03-30T11:38:52.050+0000] {inout_data.py:83} INFO - {'ingested_time': datetime.datetime(2025, 3, 30, 11, 38, 52, 50669), 'timestamp': datetime.datetime(2024, 9, 30, 6, 55, tzinfo=datetime.timezone.utc), 'emp_id': 5750, 'employee_name': 'Employee33', 'factory': 'FactoryB', 'in_out': 'IN', 'entrance': 'Main', 'door_number': '2', 'function': 'IT', 'division': 'AAPD', 'department': 'HRSD', 'section': '2'}
[2025-03-30T11:38:52.052+0000] {logging_mixin.py:188} INFO - General error executing query: not all arguments converted during string formatting
[2025-03-30T11:38:52.055+0000] {inout_data.py:83} INFO - {'ingested_time': datetime.datetime(2025, 3, 30, 11, 38, 52, 55207), 'timestamp': datetime.datetime(2024, 9, 30, 6, 32, tzinfo=datetime.timezone.utc), 'emp_id': 1471, 'employee_name': 'Employee95', 'factory': 'FactoryA', 'in_out': 'IN', 'entrance': 'Main', 'door_number': '3', 'function': 'IT', 'division': 'BSID', 'department': 'ML', 'section': '1'}
[2025-03-30T11:38:52.057+0000] {logging_mixin.py:188} INFO - General error executing query: not all arguments converted during string formatting
[2025-03-30T11:38:52.058+0000] {inout_data.py:83} INFO - {'ingested_time': datetime.datetime(2025, 3, 30, 11, 38, 52, 58337), 'timestamp': datetime.datetime(2024, 9, 30, 6, 47, tzinfo=datetime.timezone.utc), 'emp_id': 1200, 'employee_name': 'Employee87', 'factory': 'FactoryA', 'in_out': 'IN', 'entrance': 'Side', 'door_number': '6', 'function': 'IT', 'division': 'AAPD', 'department': 'HRSD', 'section': '1'}
[2025-03-30T11:38:52.060+0000] {logging_mixin.py:188} INFO - General error executing query: not all arguments converted during string formatting
[2025-03-30T11:38:52.063+0000] {inout_data.py:83} INFO - {'ingested_time': datetime.datetime(2025, 3, 30, 11, 38, 52, 63634), 'timestamp': datetime.datetime(2024, 9, 30, 6, 56, tzinfo=datetime.timezone.utc), 'emp_id': 3645, 'employee_name': 'Employee62', 'factory': 'FactoryA', 'in_out': 'IN', 'entrance': 'Side', 'door_number': '8', 'function': 'IT', 'division': 'BSID', 'department': 'HRSD', 'section': '1'}
[2025-03-30T11:38:52.065+0000] {logging_mixin.py:188} INFO - General error executing query: not all arguments converted during string formatting
[2025-03-30T11:38:52.066+0000] {inout_data.py:83} INFO - {'ingested_time': datetime.datetime(2025, 3, 30, 11, 38, 52, 66591), 'timestamp': datetime.datetime(2024, 9, 30, 6, 44, tzinfo=datetime.timezone.utc), 'emp_id': 9395, 'employee_name': 'Employee93', 'factory': 'FactoryB', 'in_out': 'IN', 'entrance': 'Main', 'door_number': '5', 'function': 'IT', 'division': 'BSID', 'department': 'CAPD', 'section': '2'}
[2025-03-30T11:38:52.070+0000] {logging_mixin.py:188} INFO - General error executing query: not all arguments converted during string formatting
[2025-03-30T11:38:52.072+0000] {inout_data.py:83} INFO - {'ingested_time': datetime.datetime(2025, 3, 30, 11, 38, 52, 71986), 'timestamp': datetime.datetime(2024, 9, 30, 6, 50, tzinfo=datetime.timezone.utc), 'emp_id': 4928, 'employee_name': 'Employee27', 'factory': 'FactoryB', 'in_out': 'OUT', 'entrance': 'Main', 'door_number': '6', 'function': 'IT', 'division': 'AAPD', 'department': 'CAPD', 'section': '2'}
[2025-03-30T11:38:52.072+0000] {logging_mixin.py:188} INFO - General error executing query: not all arguments converted during string formatting
[2025-03-30T11:38:52.076+0000] {inout_data.py:83} INFO - {'ingested_time': datetime.datetime(2025, 3, 30, 11, 38, 52, 76303), 'timestamp': datetime.datetime(2024, 9, 30, 6, 45, tzinfo=datetime.timezone.utc), 'emp_id': 3000, 'employee_name': 'Employee52', 'factory': 'FactoryA', 'in_out': 'IN', 'entrance': 'Side', 'door_number': '7', 'function': 'IT', 'division': 'AAPD', 'department': 'HRSD', 'section': '1'}
[2025-03-30T11:38:52.077+0000] {logging_mixin.py:188} INFO - General error executing query: not all arguments converted during string formatting
[2025-03-30T11:38:52.077+0000] {inout_data.py:101} INFO - Ingested 13 rows of dummy data for 2024-09-30 06:30:00+00:00.
[2025-03-30T11:38:52.077+0000] {logging_mixin.py:188} INFO - MariaDB connection closed.
[2025-03-30T11:38:52.077+0000] {python.py:202} INFO - Done. Returned value was: None
[2025-03-30T11:38:52.093+0000] {taskinstance.py:1149} INFO - Marking task as SUCCESS. dag_id=inout_data_ingestion, task_id=ingest_dummy_data, execution_date=20240930T063000, start_date=20250330T113851, end_date=20250330T113852
[2025-03-30T11:38:52.178+0000] {local_task_job_runner.py:234} INFO - Task exited with return code 0
[2025-03-30T11:38:52.263+0000] {taskinstance.py:3309} INFO - 0 downstream tasks scheduled from follow-on schedule check
[2025-03-30T11:40:50.772+0000] {taskinstance.py:1979} INFO - Dependencies all met for dep_context=non-requeueable deps ti=<TaskInstance: inout_data_ingestion.ingest_dummy_data scheduled__2024-09-30T06:30:00+00:00 [queued]>
[2025-03-30T11:40:50.780+0000] {taskinstance.py:1979} INFO - Dependencies all met for dep_context=requeueable deps ti=<TaskInstance: inout_data_ingestion.ingest_dummy_data scheduled__2024-09-30T06:30:00+00:00 [queued]>
[2025-03-30T11:40:50.781+0000] {taskinstance.py:2193} INFO - Starting attempt 1 of 2
[2025-03-30T11:40:50.792+0000] {taskinstance.py:2214} INFO - Executing <Task(PythonOperator): ingest_dummy_data> on 2024-09-30 06:30:00+00:00
[2025-03-30T11:40:50.795+0000] {standard_task_runner.py:60} INFO - Started process 6920 to run task
[2025-03-30T11:40:50.800+0000] {standard_task_runner.py:87} INFO - Running: ['***', 'tasks', 'run', 'inout_data_ingestion', 'ingest_dummy_data', 'scheduled__2024-09-30T06:30:00+00:00', '--job-id', '3435', '--raw', '--subdir', 'DAGS_FOLDER/inout_data.py', '--cfg-path', '/tmp/tmpqz0mvt87']
[2025-03-30T11:40:50.803+0000] {standard_task_runner.py:88} INFO - Job 3435: Subtask ingest_dummy_data
[2025-03-30T11:40:50.814+0000] {warnings.py:109} WARNING - /home/***/.local/lib/python3.8/site-packages/***/settings.py:194: DeprecationWarning: The sql_alchemy_conn option in [core] has been moved to the sql_alchemy_conn option in [database] - the old setting has been used, but please update your config.
  SQL_ALCHEMY_CONN = conf.get("database", "SQL_ALCHEMY_CONN")

[2025-03-30T11:40:50.850+0000] {task_command.py:423} INFO - Running <TaskInstance: inout_data_ingestion.ingest_dummy_data scheduled__2024-09-30T06:30:00+00:00 [running]> on host ff9d64b065e6
[2025-03-30T11:40:50.907+0000] {taskinstance.py:2510} INFO - Exporting env vars: AIRFLOW_CTX_DAG_OWNER='***' AIRFLOW_CTX_DAG_ID='inout_data_ingestion' AIRFLOW_CTX_TASK_ID='ingest_dummy_data' AIRFLOW_CTX_EXECUTION_DATE='2024-09-30T06:30:00+00:00' AIRFLOW_CTX_TRY_NUMBER='1' AIRFLOW_CTX_DAG_RUN_ID='scheduled__2024-09-30T06:30:00+00:00'
[2025-03-30T11:40:50.909+0000] {logging_mixin.py:188} INFO - Successfully connected to MariaDB: INOUT on mariadb:3306
[2025-03-30T11:40:50.909+0000] {inout_data.py:83} INFO - {'ingested_time': datetime.datetime(2025, 3, 30, 11, 40, 50, 909939), 'timestamp': datetime.datetime(2024, 9, 30, 6, 53, tzinfo=datetime.timezone.utc), 'emp_id': 2775, 'employee_name': 'Employee97', 'factory': 'FactoryA', 'in_out': 'OUT', 'entrance': 'Main', 'door_number': '10', 'function': 'IT', 'division': 'BSID', 'department': 'CAPD', 'section': '1'}
[2025-03-30T11:40:50.910+0000] {inout_data.py:99} INFO - Query: INSERT INTO emp_inout_rec (ingested_time, timestamp, employee_id, employee_name, factory, in_out, entrance, door_number, function, division, department, section) VALUES (%s, %s, %s, %s, %s, %s, %s, %s, %s, %s, %s)
[2025-03-30T11:40:50.910+0000] {inout_data.py:100} INFO - Params: ('2025-03-30 11:40:50', '2024-09-30 06:53:00', 2775, 'Employee97', 'FactoryA', 'OUT', 'Main', '10', 'IT', 'BSID', 'CAPD', '1')
[2025-03-30T11:40:50.910+0000] {logging_mixin.py:188} INFO - General error executing query: not all arguments converted during string formatting
[2025-03-30T11:40:50.910+0000] {inout_data.py:83} INFO - {'ingested_time': datetime.datetime(2025, 3, 30, 11, 40, 50, 910708), 'timestamp': datetime.datetime(2024, 9, 30, 6, 34, tzinfo=datetime.timezone.utc), 'emp_id': 8254, 'employee_name': 'Employee23', 'factory': 'FactoryA', 'in_out': 'OUT', 'entrance': 'Main', 'door_number': '9', 'function': 'IT', 'division': 'BSID', 'department': 'ML', 'section': '1'}
[2025-03-30T11:40:50.910+0000] {inout_data.py:99} INFO - Query: INSERT INTO emp_inout_rec (ingested_time, timestamp, employee_id, employee_name, factory, in_out, entrance, door_number, function, division, department, section) VALUES (%s, %s, %s, %s, %s, %s, %s, %s, %s, %s, %s)
[2025-03-30T11:40:50.910+0000] {inout_data.py:100} INFO - Params: ('2025-03-30 11:40:50', '2024-09-30 06:34:00', 8254, 'Employee23', 'FactoryA', 'OUT', 'Main', '9', 'IT', 'BSID', 'ML', '1')
[2025-03-30T11:40:50.911+0000] {logging_mixin.py:188} INFO - General error executing query: not all arguments converted during string formatting
[2025-03-30T11:40:50.911+0000] {inout_data.py:83} INFO - {'ingested_time': datetime.datetime(2025, 3, 30, 11, 40, 50, 911276), 'timestamp': datetime.datetime(2024, 9, 30, 6, 57, tzinfo=datetime.timezone.utc), 'emp_id': 5121, 'employee_name': 'Employee4', 'factory': 'FactoryA', 'in_out': 'OUT', 'entrance': 'Side', 'door_number': '6', 'function': 'IT', 'division': 'BSID', 'department': 'HRSD', 'section': '1'}
[2025-03-30T11:40:50.911+0000] {inout_data.py:99} INFO - Query: INSERT INTO emp_inout_rec (ingested_time, timestamp, employee_id, employee_name, factory, in_out, entrance, door_number, function, division, department, section) VALUES (%s, %s, %s, %s, %s, %s, %s, %s, %s, %s, %s)
[2025-03-30T11:40:50.911+0000] {inout_data.py:100} INFO - Params: ('2025-03-30 11:40:50', '2024-09-30 06:57:00', 5121, 'Employee4', 'FactoryA', 'OUT', 'Side', '6', 'IT', 'BSID', 'HRSD', '1')
[2025-03-30T11:40:50.911+0000] {logging_mixin.py:188} INFO - General error executing query: not all arguments converted during string formatting
[2025-03-30T11:40:50.911+0000] {inout_data.py:83} INFO - {'ingested_time': datetime.datetime(2025, 3, 30, 11, 40, 50, 911878), 'timestamp': datetime.datetime(2024, 9, 30, 6, 41, tzinfo=datetime.timezone.utc), 'emp_id': 2770, 'employee_name': 'Employee60', 'factory': 'FactoryA', 'in_out': 'IN', 'entrance': 'Main', 'door_number': '2', 'function': 'IT', 'division': 'AAPD', 'department': 'ML', 'section': '2'}
[2025-03-30T11:40:50.912+0000] {inout_data.py:99} INFO - Query: INSERT INTO emp_inout_rec (ingested_time, timestamp, employee_id, employee_name, factory, in_out, entrance, door_number, function, division, department, section) VALUES (%s, %s, %s, %s, %s, %s, %s, %s, %s, %s, %s)
[2025-03-30T11:40:50.912+0000] {inout_data.py:100} INFO - Params: ('2025-03-30 11:40:50', '2024-09-30 06:41:00', 2770, 'Employee60', 'FactoryA', 'IN', 'Main', '2', 'IT', 'AAPD', 'ML', '2')
[2025-03-30T11:40:50.912+0000] {logging_mixin.py:188} INFO - General error executing query: not all arguments converted during string formatting
[2025-03-30T11:40:50.912+0000] {inout_data.py:83} INFO - {'ingested_time': datetime.datetime(2025, 3, 30, 11, 40, 50, 912364), 'timestamp': datetime.datetime(2024, 9, 30, 6, 41, tzinfo=datetime.timezone.utc), 'emp_id': 4469, 'employee_name': 'Employee61', 'factory': 'FactoryA', 'in_out': 'IN', 'entrance': 'Main', 'door_number': '1', 'function': 'IT', 'division': 'BSID', 'department': 'HRSD', 'section': '2'}
[2025-03-30T11:40:50.912+0000] {inout_data.py:99} INFO - Query: INSERT INTO emp_inout_rec (ingested_time, timestamp, employee_id, employee_name, factory, in_out, entrance, door_number, function, division, department, section) VALUES (%s, %s, %s, %s, %s, %s, %s, %s, %s, %s, %s)
[2025-03-30T11:40:50.912+0000] {inout_data.py:100} INFO - Params: ('2025-03-30 11:40:50', '2024-09-30 06:41:00', 4469, 'Employee61', 'FactoryA', 'IN', 'Main', '1', 'IT', 'BSID', 'HRSD', '2')
[2025-03-30T11:40:50.912+0000] {logging_mixin.py:188} INFO - General error executing query: not all arguments converted during string formatting
[2025-03-30T11:40:50.912+0000] {inout_data.py:83} INFO - {'ingested_time': datetime.datetime(2025, 3, 30, 11, 40, 50, 912928), 'timestamp': datetime.datetime(2024, 9, 30, 6, 58, tzinfo=datetime.timezone.utc), 'emp_id': 3380, 'employee_name': 'Employee31', 'factory': 'FactoryB', 'in_out': 'OUT', 'entrance': 'Side', 'door_number': '9', 'function': 'IT', 'division': 'BSID', 'department': 'HRSD', 'section': '2'}
[2025-03-30T11:40:50.913+0000] {inout_data.py:99} INFO - Query: INSERT INTO emp_inout_rec (ingested_time, timestamp, employee_id, employee_name, factory, in_out, entrance, door_number, function, division, department, section) VALUES (%s, %s, %s, %s, %s, %s, %s, %s, %s, %s, %s)
[2025-03-30T11:40:50.913+0000] {inout_data.py:100} INFO - Params: ('2025-03-30 11:40:50', '2024-09-30 06:58:00', 3380, 'Employee31', 'FactoryB', 'OUT', 'Side', '9', 'IT', 'BSID', 'HRSD', '2')
[2025-03-30T11:40:50.913+0000] {logging_mixin.py:188} INFO - General error executing query: not all arguments converted during string formatting
[2025-03-30T11:40:50.913+0000] {inout_data.py:83} INFO - {'ingested_time': datetime.datetime(2025, 3, 30, 11, 40, 50, 913445), 'timestamp': datetime.datetime(2024, 9, 30, 6, 57, tzinfo=datetime.timezone.utc), 'emp_id': 6629, 'employee_name': 'Employee81', 'factory': 'FactoryA', 'in_out': 'IN', 'entrance': 'Side', 'door_number': '7', 'function': 'IT', 'division': 'BSID', 'department': 'ML', 'section': '2'}
[2025-03-30T11:40:50.913+0000] {inout_data.py:99} INFO - Query: INSERT INTO emp_inout_rec (ingested_time, timestamp, employee_id, employee_name, factory, in_out, entrance, door_number, function, division, department, section) VALUES (%s, %s, %s, %s, %s, %s, %s, %s, %s, %s, %s)
[2025-03-30T11:40:50.913+0000] {inout_data.py:100} INFO - Params: ('2025-03-30 11:40:50', '2024-09-30 06:57:00', 6629, 'Employee81', 'FactoryA', 'IN', 'Side', '7', 'IT', 'BSID', 'ML', '2')
[2025-03-30T11:40:50.913+0000] {logging_mixin.py:188} INFO - General error executing query: not all arguments converted during string formatting
[2025-03-30T11:40:50.914+0000] {inout_data.py:83} INFO - {'ingested_time': datetime.datetime(2025, 3, 30, 11, 40, 50, 914073), 'timestamp': datetime.datetime(2024, 9, 30, 6, 47, tzinfo=datetime.timezone.utc), 'emp_id': 7765, 'employee_name': 'Employee82', 'factory': 'FactoryB', 'in_out': 'IN', 'entrance': 'Side', 'door_number': '1', 'function': 'IT', 'division': 'AAPD', 'department': 'CAPD', 'section': '2'}
[2025-03-30T11:40:50.914+0000] {inout_data.py:99} INFO - Query: INSERT INTO emp_inout_rec (ingested_time, timestamp, employee_id, employee_name, factory, in_out, entrance, door_number, function, division, department, section) VALUES (%s, %s, %s, %s, %s, %s, %s, %s, %s, %s, %s)
[2025-03-30T11:40:50.914+0000] {inout_data.py:100} INFO - Params: ('2025-03-30 11:40:50', '2024-09-30 06:47:00', 7765, 'Employee82', 'FactoryB', 'IN', 'Side', '1', 'IT', 'AAPD', 'CAPD', '2')
[2025-03-30T11:40:50.914+0000] {logging_mixin.py:188} INFO - General error executing query: not all arguments converted during string formatting
[2025-03-30T11:40:50.914+0000] {inout_data.py:83} INFO - {'ingested_time': datetime.datetime(2025, 3, 30, 11, 40, 50, 914677), 'timestamp': datetime.datetime(2024, 9, 30, 6, 54, tzinfo=datetime.timezone.utc), 'emp_id': 6104, 'employee_name': 'Employee54', 'factory': 'FactoryA', 'in_out': 'IN', 'entrance': 'Main', 'door_number': '6', 'function': 'IT', 'division': 'AAPD', 'department': 'ML', 'section': '1'}
[2025-03-30T11:40:50.914+0000] {inout_data.py:99} INFO - Query: INSERT INTO emp_inout_rec (ingested_time, timestamp, employee_id, employee_name, factory, in_out, entrance, door_number, function, division, department, section) VALUES (%s, %s, %s, %s, %s, %s, %s, %s, %s, %s, %s)
[2025-03-30T11:40:50.914+0000] {inout_data.py:100} INFO - Params: ('2025-03-30 11:40:50', '2024-09-30 06:54:00', 6104, 'Employee54', 'FactoryA', 'IN', 'Main', '6', 'IT', 'AAPD', 'ML', '1')
[2025-03-30T11:40:50.915+0000] {logging_mixin.py:188} INFO - General error executing query: not all arguments converted during string formatting
[2025-03-30T11:40:50.915+0000] {inout_data.py:83} INFO - {'ingested_time': datetime.datetime(2025, 3, 30, 11, 40, 50, 915294), 'timestamp': datetime.datetime(2024, 9, 30, 6, 58, tzinfo=datetime.timezone.utc), 'emp_id': 7886, 'employee_name': 'Employee31', 'factory': 'FactoryB', 'in_out': 'OUT', 'entrance': 'Main', 'door_number': '4', 'function': 'IT', 'division': 'BSID', 'department': 'ML', 'section': '2'}
[2025-03-30T11:40:50.915+0000] {inout_data.py:99} INFO - Query: INSERT INTO emp_inout_rec (ingested_time, timestamp, employee_id, employee_name, factory, in_out, entrance, door_number, function, division, department, section) VALUES (%s, %s, %s, %s, %s, %s, %s, %s, %s, %s, %s)
[2025-03-30T11:40:50.915+0000] {inout_data.py:100} INFO - Params: ('2025-03-30 11:40:50', '2024-09-30 06:58:00', 7886, 'Employee31', 'FactoryB', 'OUT', 'Main', '4', 'IT', 'BSID', 'ML', '2')
[2025-03-30T11:40:50.915+0000] {logging_mixin.py:188} INFO - General error executing query: not all arguments converted during string formatting
[2025-03-30T11:40:50.915+0000] {inout_data.py:83} INFO - {'ingested_time': datetime.datetime(2025, 3, 30, 11, 40, 50, 915921), 'timestamp': datetime.datetime(2024, 9, 30, 6, 36, tzinfo=datetime.timezone.utc), 'emp_id': 5246, 'employee_name': 'Employee35', 'factory': 'FactoryB', 'in_out': 'OUT', 'entrance': 'Main', 'door_number': '6', 'function': 'IT', 'division': 'AAPD', 'department': 'CAPD', 'section': '2'}
[2025-03-30T11:40:50.916+0000] {inout_data.py:99} INFO - Query: INSERT INTO emp_inout_rec (ingested_time, timestamp, employee_id, employee_name, factory, in_out, entrance, door_number, function, division, department, section) VALUES (%s, %s, %s, %s, %s, %s, %s, %s, %s, %s, %s)
[2025-03-30T11:40:50.916+0000] {inout_data.py:100} INFO - Params: ('2025-03-30 11:40:50', '2024-09-30 06:36:00', 5246, 'Employee35', 'FactoryB', 'OUT', 'Main', '6', 'IT', 'AAPD', 'CAPD', '2')
[2025-03-30T11:40:50.916+0000] {logging_mixin.py:188} INFO - General error executing query: not all arguments converted during string formatting
[2025-03-30T11:40:50.916+0000] {inout_data.py:83} INFO - {'ingested_time': datetime.datetime(2025, 3, 30, 11, 40, 50, 916452), 'timestamp': datetime.datetime(2024, 9, 30, 6, 52, tzinfo=datetime.timezone.utc), 'emp_id': 4158, 'employee_name': 'Employee61', 'factory': 'FactoryA', 'in_out': 'OUT', 'entrance': 'Main', 'door_number': '10', 'function': 'IT', 'division': 'BSID', 'department': 'CAPD', 'section': '2'}
[2025-03-30T11:40:50.916+0000] {inout_data.py:99} INFO - Query: INSERT INTO emp_inout_rec (ingested_time, timestamp, employee_id, employee_name, factory, in_out, entrance, door_number, function, division, department, section) VALUES (%s, %s, %s, %s, %s, %s, %s, %s, %s, %s, %s)
[2025-03-30T11:40:50.916+0000] {inout_data.py:100} INFO - Params: ('2025-03-30 11:40:50', '2024-09-30 06:52:00', 4158, 'Employee61', 'FactoryA', 'OUT', 'Main', '10', 'IT', 'BSID', 'CAPD', '2')
[2025-03-30T11:40:50.916+0000] {logging_mixin.py:188} INFO - General error executing query: not all arguments converted during string formatting
[2025-03-30T11:40:50.916+0000] {inout_data.py:83} INFO - {'ingested_time': datetime.datetime(2025, 3, 30, 11, 40, 50, 916939), 'timestamp': datetime.datetime(2024, 9, 30, 6, 52, tzinfo=datetime.timezone.utc), 'emp_id': 7613, 'employee_name': 'Employee31', 'factory': 'FactoryB', 'in_out': 'OUT', 'entrance': 'Side', 'door_number': '1', 'function': 'IT', 'division': 'AAPD', 'department': 'CAPD', 'section': '2'}
[2025-03-30T11:40:50.917+0000] {inout_data.py:99} INFO - Query: INSERT INTO emp_inout_rec (ingested_time, timestamp, employee_id, employee_name, factory, in_out, entrance, door_number, function, division, department, section) VALUES (%s, %s, %s, %s, %s, %s, %s, %s, %s, %s, %s)
[2025-03-30T11:40:50.917+0000] {inout_data.py:100} INFO - Params: ('2025-03-30 11:40:50', '2024-09-30 06:52:00', 7613, 'Employee31', 'FactoryB', 'OUT', 'Side', '1', 'IT', 'AAPD', 'CAPD', '2')
[2025-03-30T11:40:50.917+0000] {logging_mixin.py:188} INFO - General error executing query: not all arguments converted during string formatting
[2025-03-30T11:40:50.917+0000] {inout_data.py:83} INFO - {'ingested_time': datetime.datetime(2025, 3, 30, 11, 40, 50, 917392), 'timestamp': datetime.datetime(2024, 9, 30, 6, 40, tzinfo=datetime.timezone.utc), 'emp_id': 2488, 'employee_name': 'Employee39', 'factory': 'FactoryB', 'in_out': 'OUT', 'entrance': 'Side', 'door_number': '3', 'function': 'IT', 'division': 'BSID', 'department': 'CAPD', 'section': '1'}
[2025-03-30T11:40:50.917+0000] {inout_data.py:99} INFO - Query: INSERT INTO emp_inout_rec (ingested_time, timestamp, employee_id, employee_name, factory, in_out, entrance, door_number, function, division, department, section) VALUES (%s, %s, %s, %s, %s, %s, %s, %s, %s, %s, %s)
[2025-03-30T11:40:50.917+0000] {inout_data.py:100} INFO - Params: ('2025-03-30 11:40:50', '2024-09-30 06:40:00', 2488, 'Employee39', 'FactoryB', 'OUT', 'Side', '3', 'IT', 'BSID', 'CAPD', '1')
[2025-03-30T11:40:50.917+0000] {logging_mixin.py:188} INFO - General error executing query: not all arguments converted during string formatting
[2025-03-30T11:40:50.917+0000] {inout_data.py:83} INFO - {'ingested_time': datetime.datetime(2025, 3, 30, 11, 40, 50, 917906), 'timestamp': datetime.datetime(2024, 9, 30, 6, 42, tzinfo=datetime.timezone.utc), 'emp_id': 4644, 'employee_name': 'Employee64', 'factory': 'FactoryB', 'in_out': 'OUT', 'entrance': 'Side', 'door_number': '9', 'function': 'IT', 'division': 'BSID', 'department': 'ML', 'section': '1'}
[2025-03-30T11:40:50.918+0000] {inout_data.py:99} INFO - Query: INSERT INTO emp_inout_rec (ingested_time, timestamp, employee_id, employee_name, factory, in_out, entrance, door_number, function, division, department, section) VALUES (%s, %s, %s, %s, %s, %s, %s, %s, %s, %s, %s)
[2025-03-30T11:40:50.918+0000] {inout_data.py:100} INFO - Params: ('2025-03-30 11:40:50', '2024-09-30 06:42:00', 4644, 'Employee64', 'FactoryB', 'OUT', 'Side', '9', 'IT', 'BSID', 'ML', '1')
[2025-03-30T11:40:50.918+0000] {logging_mixin.py:188} INFO - General error executing query: not all arguments converted during string formatting
[2025-03-30T11:40:50.918+0000] {inout_data.py:83} INFO - {'ingested_time': datetime.datetime(2025, 3, 30, 11, 40, 50, 918607), 'timestamp': datetime.datetime(2024, 9, 30, 6, 38, tzinfo=datetime.timezone.utc), 'emp_id': 1240, 'employee_name': 'Employee59', 'factory': 'FactoryA', 'in_out': 'IN', 'entrance': 'Main', 'door_number': '9', 'function': 'IT', 'division': 'BSID', 'department': 'CAPD', 'section': '1'}
[2025-03-30T11:40:50.918+0000] {inout_data.py:99} INFO - Query: INSERT INTO emp_inout_rec (ingested_time, timestamp, employee_id, employee_name, factory, in_out, entrance, door_number, function, division, department, section) VALUES (%s, %s, %s, %s, %s, %s, %s, %s, %s, %s, %s)
[2025-03-30T11:40:50.918+0000] {inout_data.py:100} INFO - Params: ('2025-03-30 11:40:50', '2024-09-30 06:38:00', 1240, 'Employee59', 'FactoryA', 'IN', 'Main', '9', 'IT', 'BSID', 'CAPD', '1')
[2025-03-30T11:40:50.918+0000] {logging_mixin.py:188} INFO - General error executing query: not all arguments converted during string formatting
[2025-03-30T11:40:50.919+0000] {inout_data.py:83} INFO - {'ingested_time': datetime.datetime(2025, 3, 30, 11, 40, 50, 919109), 'timestamp': datetime.datetime(2024, 9, 30, 6, 35, tzinfo=datetime.timezone.utc), 'emp_id': 6755, 'employee_name': 'Employee4', 'factory': 'FactoryA', 'in_out': 'IN', 'entrance': 'Side', 'door_number': '10', 'function': 'IT', 'division': 'AAPD', 'department': 'CAPD', 'section': '2'}
[2025-03-30T11:40:50.919+0000] {inout_data.py:99} INFO - Query: INSERT INTO emp_inout_rec (ingested_time, timestamp, employee_id, employee_name, factory, in_out, entrance, door_number, function, division, department, section) VALUES (%s, %s, %s, %s, %s, %s, %s, %s, %s, %s, %s)
[2025-03-30T11:40:50.919+0000] {inout_data.py:100} INFO - Params: ('2025-03-30 11:40:50', '2024-09-30 06:35:00', 6755, 'Employee4', 'FactoryA', 'IN', 'Side', '10', 'IT', 'AAPD', 'CAPD', '2')
[2025-03-30T11:40:50.919+0000] {logging_mixin.py:188} INFO - General error executing query: not all arguments converted during string formatting
[2025-03-30T11:40:50.919+0000] {inout_data.py:102} INFO - Ingested 17 rows of dummy data for 2024-09-30 06:30:00+00:00.
[2025-03-30T11:40:50.919+0000] {logging_mixin.py:188} INFO - MariaDB connection closed.
[2025-03-30T11:40:50.919+0000] {python.py:202} INFO - Done. Returned value was: None
[2025-03-30T11:40:50.923+0000] {taskinstance.py:1149} INFO - Marking task as SUCCESS. dag_id=inout_data_ingestion, task_id=ingest_dummy_data, execution_date=20240930T063000, start_date=20250330T114050, end_date=20250330T114050
[2025-03-30T11:40:50.937+0000] {local_task_job_runner.py:234} INFO - Task exited with return code 0
[2025-03-30T11:40:50.945+0000] {taskinstance.py:3309} INFO - 0 downstream tasks scheduled from follow-on schedule check
