[2025-03-30T11:13:30.089+0000] {taskinstance.py:1979} INFO - Dependencies all met for dep_context=non-requeueable deps ti=<TaskInstance: inout_data_ingestion.create_table scheduled__2024-10-07T14:30:00+00:00 [queued]>
[2025-03-30T11:13:30.182+0000] {taskinstance.py:1979} INFO - Dependencies all met for dep_context=requeueable deps ti=<TaskInstance: inout_data_ingestion.create_table scheduled__2024-10-07T14:30:00+00:00 [queued]>
[2025-03-30T11:13:30.187+0000] {taskinstance.py:2193} INFO - Starting attempt 1 of 2
[2025-03-30T11:13:30.225+0000] {taskinstance.py:2214} INFO - Executing <Task(PythonOperator): create_table> on 2024-10-07 14:30:00+00:00
[2025-03-30T11:13:30.231+0000] {standard_task_runner.py:60} INFO - Started process 1753 to run task
[2025-03-30T11:13:30.241+0000] {standard_task_runner.py:87} INFO - Running: ['***', 'tasks', 'run', 'inout_data_ingestion', 'create_table', 'scheduled__2024-10-07T14:30:00+00:00', '--job-id', '850', '--raw', '--subdir', 'DAGS_FOLDER/inout_data.py', '--cfg-path', '/tmp/tmpqy4zi2j8']
[2025-03-30T11:13:30.244+0000] {standard_task_runner.py:88} INFO - Job 850: Subtask create_table
[2025-03-30T11:13:30.265+0000] {warnings.py:109} WARNING - /home/***/.local/lib/python3.8/site-packages/***/settings.py:194: DeprecationWarning: The sql_alchemy_conn option in [core] has been moved to the sql_alchemy_conn option in [database] - the old setting has been used, but please update your config.
  SQL_ALCHEMY_CONN = conf.get("database", "SQL_ALCHEMY_CONN")

[2025-03-30T11:13:30.316+0000] {task_command.py:423} INFO - Running <TaskInstance: inout_data_ingestion.create_table scheduled__2024-10-07T14:30:00+00:00 [running]> on host ff9d64b065e6
[2025-03-30T11:13:30.393+0000] {taskinstance.py:2510} INFO - Exporting env vars: AIRFLOW_CTX_DAG_OWNER='***' AIRFLOW_CTX_DAG_ID='inout_data_ingestion' AIRFLOW_CTX_TASK_ID='create_table' AIRFLOW_CTX_EXECUTION_DATE='2024-10-07T14:30:00+00:00' AIRFLOW_CTX_TRY_NUMBER='1' AIRFLOW_CTX_DAG_RUN_ID='scheduled__2024-10-07T14:30:00+00:00'
[2025-03-30T11:13:30.400+0000] {inout_data.py:42} INFO - Successfully connected to MariaDB: INOUT on mariadb:3306
[2025-03-30T11:13:30.402+0000] {inout_data.py:124} INFO - Table emp_inout_rec created (if it didn't exist).
[2025-03-30T11:13:30.403+0000] {inout_data.py:78} INFO - MariaDB connection closed.
[2025-03-30T11:13:30.404+0000] {python.py:202} INFO - Done. Returned value was: None
[2025-03-30T11:13:30.414+0000] {taskinstance.py:1149} INFO - Marking task as SUCCESS. dag_id=inout_data_ingestion, task_id=create_table, execution_date=20241007T143000, start_date=20250330T111330, end_date=20250330T111330
[2025-03-30T11:13:30.466+0000] {local_task_job_runner.py:234} INFO - Task exited with return code 0
[2025-03-30T11:13:30.488+0000] {taskinstance.py:3309} INFO - 1 downstream tasks scheduled from follow-on schedule check
[2025-03-30T11:20:10.374+0000] {taskinstance.py:1979} INFO - Dependencies all met for dep_context=non-requeueable deps ti=<TaskInstance: inout_data_ingestion.create_table scheduled__2024-10-07T14:30:00+00:00 [queued]>
[2025-03-30T11:20:10.390+0000] {taskinstance.py:1979} INFO - Dependencies all met for dep_context=requeueable deps ti=<TaskInstance: inout_data_ingestion.create_table scheduled__2024-10-07T14:30:00+00:00 [queued]>
[2025-03-30T11:20:10.391+0000] {taskinstance.py:2193} INFO - Starting attempt 1 of 2
[2025-03-30T11:20:10.403+0000] {taskinstance.py:2214} INFO - Executing <Task(PythonOperator): create_table> on 2024-10-07 14:30:00+00:00
[2025-03-30T11:20:10.412+0000] {standard_task_runner.py:60} INFO - Started process 3600 to run task
[2025-03-30T11:20:10.416+0000] {standard_task_runner.py:87} INFO - Running: ['***', 'tasks', 'run', 'inout_data_ingestion', 'create_table', 'scheduled__2024-10-07T14:30:00+00:00', '--job-id', '1776', '--raw', '--subdir', 'DAGS_FOLDER/inout_data.py', '--cfg-path', '/tmp/tmppl4jruwr']
[2025-03-30T11:20:10.418+0000] {standard_task_runner.py:88} INFO - Job 1776: Subtask create_table
[2025-03-30T11:20:10.434+0000] {warnings.py:109} WARNING - /home/***/.local/lib/python3.8/site-packages/***/settings.py:194: DeprecationWarning: The sql_alchemy_conn option in [core] has been moved to the sql_alchemy_conn option in [database] - the old setting has been used, but please update your config.
  SQL_ALCHEMY_CONN = conf.get("database", "SQL_ALCHEMY_CONN")

[2025-03-30T11:20:10.471+0000] {task_command.py:423} INFO - Running <TaskInstance: inout_data_ingestion.create_table scheduled__2024-10-07T14:30:00+00:00 [running]> on host ff9d64b065e6
[2025-03-30T11:20:10.536+0000] {taskinstance.py:2510} INFO - Exporting env vars: AIRFLOW_CTX_DAG_OWNER='***' AIRFLOW_CTX_DAG_ID='inout_data_ingestion' AIRFLOW_CTX_TASK_ID='create_table' AIRFLOW_CTX_EXECUTION_DATE='2024-10-07T14:30:00+00:00' AIRFLOW_CTX_TRY_NUMBER='1' AIRFLOW_CTX_DAG_RUN_ID='scheduled__2024-10-07T14:30:00+00:00'
[2025-03-30T11:20:10.539+0000] {inout_data.py:42} INFO - Successfully connected to MariaDB: INOUT on mariadb:3306
[2025-03-30T11:20:10.540+0000] {inout_data.py:117} INFO - Table emp_inout_rec created (if it didn't exist).
[2025-03-30T11:20:10.540+0000] {inout_data.py:78} INFO - MariaDB connection closed.
[2025-03-30T11:20:10.540+0000] {python.py:202} INFO - Done. Returned value was: None
[2025-03-30T11:20:10.545+0000] {taskinstance.py:1149} INFO - Marking task as SUCCESS. dag_id=inout_data_ingestion, task_id=create_table, execution_date=20241007T143000, start_date=20250330T112010, end_date=20250330T112010
[2025-03-30T11:20:10.596+0000] {local_task_job_runner.py:234} INFO - Task exited with return code 0
[2025-03-30T11:20:10.608+0000] {taskinstance.py:3309} INFO - 1 downstream tasks scheduled from follow-on schedule check
