[2025-03-30T11:08:39.493+0000] {taskinstance.py:1979} INFO - Dependencies all met for dep_context=non-requeueable deps ti=<TaskInstance: inout_data_ingestion.create_table scheduled__2024-09-29T03:30:00+00:00 [queued]>
[2025-03-30T11:08:39.553+0000] {taskinstance.py:1979} INFO - Dependencies all met for dep_context=requeueable deps ti=<TaskInstance: inout_data_ingestion.create_table scheduled__2024-09-29T03:30:00+00:00 [queued]>
[2025-03-30T11:08:39.555+0000] {taskinstance.py:2193} INFO - Starting attempt 1 of 2
[2025-03-30T11:08:39.619+0000] {taskinstance.py:2214} INFO - Executing <Task(PythonOperator): create_table> on 2024-09-29 03:30:00+00:00
[2025-03-30T11:08:39.638+0000] {standard_task_runner.py:60} INFO - Started process 115 to run task
[2025-03-30T11:08:39.666+0000] {standard_task_runner.py:87} INFO - Running: ['***', 'tasks', 'run', 'inout_data_ingestion', 'create_table', 'scheduled__2024-09-29T03:30:00+00:00', '--job-id', '30', '--raw', '--subdir', 'DAGS_FOLDER/inout_data.py', '--cfg-path', '/tmp/tmpyeidv37j']
[2025-03-30T11:08:39.677+0000] {standard_task_runner.py:88} INFO - Job 30: Subtask create_table
[2025-03-30T11:08:39.875+0000] {warnings.py:109} WARNING - /home/***/.local/lib/python3.8/site-packages/***/settings.py:194: DeprecationWarning: The sql_alchemy_conn option in [core] has been moved to the sql_alchemy_conn option in [database] - the old setting has been used, but please update your config.
  SQL_ALCHEMY_CONN = conf.get("database", "SQL_ALCHEMY_CONN")

[2025-03-30T11:08:40.196+0000] {task_command.py:423} INFO - Running <TaskInstance: inout_data_ingestion.create_table scheduled__2024-09-29T03:30:00+00:00 [running]> on host ff9d64b065e6
[2025-03-30T11:08:40.612+0000] {taskinstance.py:2510} INFO - Exporting env vars: AIRFLOW_CTX_DAG_OWNER='***' AIRFLOW_CTX_DAG_ID='inout_data_ingestion' AIRFLOW_CTX_TASK_ID='create_table' AIRFLOW_CTX_EXECUTION_DATE='2024-09-29T03:30:00+00:00' AIRFLOW_CTX_TRY_NUMBER='1' AIRFLOW_CTX_DAG_RUN_ID='scheduled__2024-09-29T03:30:00+00:00'
[2025-03-30T11:08:40.635+0000] {inout_data.py:42} INFO - Successfully connected to MariaDB: INOUT on mariadb:3306
[2025-03-30T11:08:40.639+0000] {inout_data.py:124} INFO - Table emp_inout_rec created (if it didn't exist).
[2025-03-30T11:08:40.640+0000] {inout_data.py:78} INFO - MariaDB connection closed.
[2025-03-30T11:08:40.641+0000] {python.py:202} INFO - Done. Returned value was: None
[2025-03-30T11:08:40.678+0000] {taskinstance.py:1149} INFO - Marking task as SUCCESS. dag_id=inout_data_ingestion, task_id=create_table, execution_date=20240929T033000, start_date=20250330T110839, end_date=20250330T110840
[2025-03-30T11:08:40.925+0000] {local_task_job_runner.py:234} INFO - Task exited with return code 0
[2025-03-30T11:08:41.300+0000] {taskinstance.py:3309} INFO - 1 downstream tasks scheduled from follow-on schedule check
[2025-03-30T11:15:26.977+0000] {taskinstance.py:1979} INFO - Dependencies all met for dep_context=non-requeueable deps ti=<TaskInstance: inout_data_ingestion.create_table scheduled__2024-09-29T03:30:00+00:00 [queued]>
[2025-03-30T11:15:26.994+0000] {taskinstance.py:1979} INFO - Dependencies all met for dep_context=requeueable deps ti=<TaskInstance: inout_data_ingestion.create_table scheduled__2024-09-29T03:30:00+00:00 [queued]>
[2025-03-30T11:15:26.995+0000] {taskinstance.py:2193} INFO - Starting attempt 1 of 2
[2025-03-30T11:15:27.024+0000] {taskinstance.py:2214} INFO - Executing <Task(PythonOperator): create_table> on 2024-09-29 03:30:00+00:00
[2025-03-30T11:15:27.030+0000] {standard_task_runner.py:60} INFO - Started process 1978 to run task
[2025-03-30T11:15:27.036+0000] {standard_task_runner.py:87} INFO - Running: ['***', 'tasks', 'run', 'inout_data_ingestion', 'create_table', 'scheduled__2024-09-29T03:30:00+00:00', '--job-id', '964', '--raw', '--subdir', 'DAGS_FOLDER/inout_data.py', '--cfg-path', '/tmp/tmpdw2_wg0w']
[2025-03-30T11:15:27.038+0000] {standard_task_runner.py:88} INFO - Job 964: Subtask create_table
[2025-03-30T11:15:27.121+0000] {warnings.py:109} WARNING - /home/***/.local/lib/python3.8/site-packages/***/settings.py:194: DeprecationWarning: The sql_alchemy_conn option in [core] has been moved to the sql_alchemy_conn option in [database] - the old setting has been used, but please update your config.
  SQL_ALCHEMY_CONN = conf.get("database", "SQL_ALCHEMY_CONN")

[2025-03-30T11:15:27.211+0000] {task_command.py:423} INFO - Running <TaskInstance: inout_data_ingestion.create_table scheduled__2024-09-29T03:30:00+00:00 [running]> on host ff9d64b065e6
[2025-03-30T11:15:27.349+0000] {taskinstance.py:2510} INFO - Exporting env vars: AIRFLOW_CTX_DAG_OWNER='***' AIRFLOW_CTX_DAG_ID='inout_data_ingestion' AIRFLOW_CTX_TASK_ID='create_table' AIRFLOW_CTX_EXECUTION_DATE='2024-09-29T03:30:00+00:00' AIRFLOW_CTX_TRY_NUMBER='1' AIRFLOW_CTX_DAG_RUN_ID='scheduled__2024-09-29T03:30:00+00:00'
[2025-03-30T11:15:27.359+0000] {inout_data.py:42} INFO - Successfully connected to MariaDB: INOUT on mariadb:3306
[2025-03-30T11:15:27.362+0000] {inout_data.py:117} INFO - Table emp_inout_rec created (if it didn't exist).
[2025-03-30T11:15:27.363+0000] {inout_data.py:78} INFO - MariaDB connection closed.
[2025-03-30T11:15:27.366+0000] {python.py:202} INFO - Done. Returned value was: None
[2025-03-30T11:15:27.406+0000] {taskinstance.py:1149} INFO - Marking task as SUCCESS. dag_id=inout_data_ingestion, task_id=create_table, execution_date=20240929T033000, start_date=20250330T111526, end_date=20250330T111527
[2025-03-30T11:15:27.444+0000] {local_task_job_runner.py:234} INFO - Task exited with return code 0
[2025-03-30T11:15:27.495+0000] {taskinstance.py:3309} INFO - 1 downstream tasks scheduled from follow-on schedule check
[2025-03-30T11:22:15.251+0000] {taskinstance.py:1979} INFO - Dependencies all met for dep_context=non-requeueable deps ti=<TaskInstance: inout_data_ingestion.create_table scheduled__2024-09-29T03:30:00+00:00 [queued]>
[2025-03-30T11:22:15.436+0000] {taskinstance.py:1979} INFO - Dependencies all met for dep_context=requeueable deps ti=<TaskInstance: inout_data_ingestion.create_table scheduled__2024-09-29T03:30:00+00:00 [queued]>
[2025-03-30T11:22:15.445+0000] {taskinstance.py:2193} INFO - Starting attempt 1 of 2
[2025-03-30T11:22:15.642+0000] {taskinstance.py:2214} INFO - Executing <Task(PythonOperator): create_table> on 2024-09-29 03:30:00+00:00
[2025-03-30T11:22:15.781+0000] {standard_task_runner.py:87} INFO - Running: ['***', 'tasks', 'run', 'inout_data_ingestion', 'create_table', 'scheduled__2024-09-29T03:30:00+00:00', '--job-id', '1885', '--raw', '--subdir', 'DAGS_FOLDER/inout_data.py', '--cfg-path', '/tmp/tmp9_9_d3na']
[2025-03-30T11:22:15.793+0000] {standard_task_runner.py:88} INFO - Job 1885: Subtask create_table
[2025-03-30T11:22:15.734+0000] {standard_task_runner.py:60} INFO - Started process 3826 to run task
[2025-03-30T11:22:15.937+0000] {warnings.py:109} WARNING - /home/***/.local/lib/python3.8/site-packages/***/settings.py:194: DeprecationWarning: The sql_alchemy_conn option in [core] has been moved to the sql_alchemy_conn option in [database] - the old setting has been used, but please update your config.
  SQL_ALCHEMY_CONN = conf.get("database", "SQL_ALCHEMY_CONN")

[2025-03-30T11:22:16.308+0000] {task_command.py:423} INFO - Running <TaskInstance: inout_data_ingestion.create_table scheduled__2024-09-29T03:30:00+00:00 [running]> on host ff9d64b065e6
[2025-03-30T11:22:16.735+0000] {taskinstance.py:2510} INFO - Exporting env vars: AIRFLOW_CTX_DAG_OWNER='***' AIRFLOW_CTX_DAG_ID='inout_data_ingestion' AIRFLOW_CTX_TASK_ID='create_table' AIRFLOW_CTX_EXECUTION_DATE='2024-09-29T03:30:00+00:00' AIRFLOW_CTX_TRY_NUMBER='1' AIRFLOW_CTX_DAG_RUN_ID='scheduled__2024-09-29T03:30:00+00:00'
[2025-03-30T11:22:16.759+0000] {inout_data.py:42} INFO - Successfully connected to MariaDB: INOUT on mariadb:3306
[2025-03-30T11:22:16.763+0000] {inout_data.py:117} INFO - Table emp_inout_rec created (if it didn't exist).
[2025-03-30T11:22:16.764+0000] {inout_data.py:78} INFO - MariaDB connection closed.
[2025-03-30T11:22:16.765+0000] {python.py:202} INFO - Done. Returned value was: None
[2025-03-30T11:22:16.817+0000] {taskinstance.py:1149} INFO - Marking task as SUCCESS. dag_id=inout_data_ingestion, task_id=create_table, execution_date=20240929T033000, start_date=20250330T112215, end_date=20250330T112216
[2025-03-30T11:22:16.904+0000] {local_task_job_runner.py:234} INFO - Task exited with return code 0
[2025-03-30T11:22:17.047+0000] {taskinstance.py:3309} INFO - 1 downstream tasks scheduled from follow-on schedule check
[2025-03-30T11:28:01.120+0000] {taskinstance.py:1979} INFO - Dependencies all met for dep_context=non-requeueable deps ti=<TaskInstance: inout_data_ingestion.create_table scheduled__2024-09-29T03:30:00+00:00 [queued]>
[2025-03-30T11:28:01.161+0000] {taskinstance.py:1979} INFO - Dependencies all met for dep_context=requeueable deps ti=<TaskInstance: inout_data_ingestion.create_table scheduled__2024-09-29T03:30:00+00:00 [queued]>
[2025-03-30T11:28:01.165+0000] {taskinstance.py:2193} INFO - Starting attempt 1 of 2
[2025-03-30T11:28:01.217+0000] {taskinstance.py:2214} INFO - Executing <Task(PythonOperator): create_table> on 2024-09-29 03:30:00+00:00
[2025-03-30T11:28:01.225+0000] {standard_task_runner.py:60} INFO - Started process 3894 to run task
[2025-03-30T11:28:01.247+0000] {standard_task_runner.py:87} INFO - Running: ['***', 'tasks', 'run', 'inout_data_ingestion', 'create_table', 'scheduled__2024-09-29T03:30:00+00:00', '--job-id', '1921', '--raw', '--subdir', 'DAGS_FOLDER/inout_data.py', '--cfg-path', '/tmp/tmpa4rc7ln0']
[2025-03-30T11:28:01.250+0000] {standard_task_runner.py:88} INFO - Job 1921: Subtask create_table
[2025-03-30T11:28:01.358+0000] {warnings.py:109} WARNING - /home/***/.local/lib/python3.8/site-packages/***/settings.py:194: DeprecationWarning: The sql_alchemy_conn option in [core] has been moved to the sql_alchemy_conn option in [database] - the old setting has been used, but please update your config.
  SQL_ALCHEMY_CONN = conf.get("database", "SQL_ALCHEMY_CONN")

[2025-03-30T11:28:01.539+0000] {task_command.py:423} INFO - Running <TaskInstance: inout_data_ingestion.create_table scheduled__2024-09-29T03:30:00+00:00 [running]> on host ff9d64b065e6
[2025-03-30T11:28:01.821+0000] {taskinstance.py:2510} INFO - Exporting env vars: AIRFLOW_CTX_DAG_OWNER='***' AIRFLOW_CTX_DAG_ID='inout_data_ingestion' AIRFLOW_CTX_TASK_ID='create_table' AIRFLOW_CTX_EXECUTION_DATE='2024-09-29T03:30:00+00:00' AIRFLOW_CTX_TRY_NUMBER='1' AIRFLOW_CTX_DAG_RUN_ID='scheduled__2024-09-29T03:30:00+00:00'
[2025-03-30T11:28:01.850+0000] {logging_mixin.py:188} INFO - Successfully connected to MariaDB: INOUT on mariadb:3306
[2025-03-30T11:28:01.858+0000] {inout_data.py:46} INFO - Table emp_inout_rec created (if it didn't exist).
[2025-03-30T11:28:01.860+0000] {logging_mixin.py:188} INFO - MariaDB connection closed.
[2025-03-30T11:28:01.862+0000] {python.py:202} INFO - Done. Returned value was: None
[2025-03-30T11:28:01.903+0000] {taskinstance.py:1149} INFO - Marking task as SUCCESS. dag_id=inout_data_ingestion, task_id=create_table, execution_date=20240929T033000, start_date=20250330T112801, end_date=20250330T112801
[2025-03-30T11:28:01.995+0000] {local_task_job_runner.py:234} INFO - Task exited with return code 0
[2025-03-30T11:28:02.069+0000] {taskinstance.py:3309} INFO - 1 downstream tasks scheduled from follow-on schedule check
[2025-03-30T11:32:41.666+0000] {taskinstance.py:1979} INFO - Dependencies all met for dep_context=non-requeueable deps ti=<TaskInstance: inout_data_ingestion.create_table scheduled__2024-09-29T03:30:00+00:00 [queued]>
[2025-03-30T11:32:41.682+0000] {taskinstance.py:1979} INFO - Dependencies all met for dep_context=requeueable deps ti=<TaskInstance: inout_data_ingestion.create_table scheduled__2024-09-29T03:30:00+00:00 [queued]>
[2025-03-30T11:32:41.686+0000] {taskinstance.py:2193} INFO - Starting attempt 1 of 2
[2025-03-30T11:32:41.712+0000] {taskinstance.py:2214} INFO - Executing <Task(PythonOperator): create_table> on 2024-09-29 03:30:00+00:00
[2025-03-30T11:32:41.735+0000] {standard_task_runner.py:60} INFO - Started process 5350 to run task
[2025-03-30T11:32:41.757+0000] {standard_task_runner.py:87} INFO - Running: ['***', 'tasks', 'run', 'inout_data_ingestion', 'create_table', 'scheduled__2024-09-29T03:30:00+00:00', '--job-id', '2648', '--raw', '--subdir', 'DAGS_FOLDER/inout_data.py', '--cfg-path', '/tmp/tmptwwd7_8a']
[2025-03-30T11:32:41.771+0000] {standard_task_runner.py:88} INFO - Job 2648: Subtask create_table
[2025-03-30T11:32:41.826+0000] {warnings.py:109} WARNING - /home/***/.local/lib/python3.8/site-packages/***/settings.py:194: DeprecationWarning: The sql_alchemy_conn option in [core] has been moved to the sql_alchemy_conn option in [database] - the old setting has been used, but please update your config.
  SQL_ALCHEMY_CONN = conf.get("database", "SQL_ALCHEMY_CONN")

[2025-03-30T11:32:41.977+0000] {task_command.py:423} INFO - Running <TaskInstance: inout_data_ingestion.create_table scheduled__2024-09-29T03:30:00+00:00 [running]> on host ff9d64b065e6
[2025-03-30T11:32:42.282+0000] {taskinstance.py:2510} INFO - Exporting env vars: AIRFLOW_CTX_DAG_OWNER='***' AIRFLOW_CTX_DAG_ID='inout_data_ingestion' AIRFLOW_CTX_TASK_ID='create_table' AIRFLOW_CTX_EXECUTION_DATE='2024-09-29T03:30:00+00:00' AIRFLOW_CTX_TRY_NUMBER='1' AIRFLOW_CTX_DAG_RUN_ID='scheduled__2024-09-29T03:30:00+00:00'
[2025-03-30T11:32:42.323+0000] {logging_mixin.py:188} INFO - Successfully connected to MariaDB: INOUT on mariadb:3306
[2025-03-30T11:32:42.328+0000] {inout_data.py:46} INFO - Table emp_inout_rec created (if it didn't exist).
[2025-03-30T11:32:42.330+0000] {logging_mixin.py:188} INFO - MariaDB connection closed.
[2025-03-30T11:32:42.332+0000] {python.py:202} INFO - Done. Returned value was: None
[2025-03-30T11:32:42.363+0000] {taskinstance.py:1149} INFO - Marking task as SUCCESS. dag_id=inout_data_ingestion, task_id=create_table, execution_date=20240929T033000, start_date=20250330T113241, end_date=20250330T113242
[2025-03-30T11:32:42.443+0000] {local_task_job_runner.py:234} INFO - Task exited with return code 0
[2025-03-30T11:32:42.595+0000] {taskinstance.py:3309} INFO - 1 downstream tasks scheduled from follow-on schedule check
[2025-03-30T11:35:53.152+0000] {taskinstance.py:1979} INFO - Dependencies all met for dep_context=non-requeueable deps ti=<TaskInstance: inout_data_ingestion.create_table scheduled__2024-09-29T03:30:00+00:00 [queued]>
[2025-03-30T11:35:53.185+0000] {taskinstance.py:1979} INFO - Dependencies all met for dep_context=requeueable deps ti=<TaskInstance: inout_data_ingestion.create_table scheduled__2024-09-29T03:30:00+00:00 [queued]>
[2025-03-30T11:35:53.194+0000] {taskinstance.py:2193} INFO - Starting attempt 1 of 2
[2025-03-30T11:35:53.260+0000] {taskinstance.py:2214} INFO - Executing <Task(PythonOperator): create_table> on 2024-09-29 03:30:00+00:00
[2025-03-30T11:35:53.280+0000] {standard_task_runner.py:60} INFO - Started process 6190 to run task
[2025-03-30T11:35:53.290+0000] {standard_task_runner.py:87} INFO - Running: ['***', 'tasks', 'run', 'inout_data_ingestion', 'create_table', 'scheduled__2024-09-29T03:30:00+00:00', '--job-id', '3068', '--raw', '--subdir', 'DAGS_FOLDER/inout_data.py', '--cfg-path', '/tmp/tmp5dkt3sm4']
[2025-03-30T11:35:53.293+0000] {standard_task_runner.py:88} INFO - Job 3068: Subtask create_table
[2025-03-30T11:35:53.344+0000] {warnings.py:109} WARNING - /home/***/.local/lib/python3.8/site-packages/***/settings.py:194: DeprecationWarning: The sql_alchemy_conn option in [core] has been moved to the sql_alchemy_conn option in [database] - the old setting has been used, but please update your config.
  SQL_ALCHEMY_CONN = conf.get("database", "SQL_ALCHEMY_CONN")

[2025-03-30T11:35:53.517+0000] {task_command.py:423} INFO - Running <TaskInstance: inout_data_ingestion.create_table scheduled__2024-09-29T03:30:00+00:00 [running]> on host ff9d64b065e6
[2025-03-30T11:35:53.788+0000] {taskinstance.py:2510} INFO - Exporting env vars: AIRFLOW_CTX_DAG_OWNER='***' AIRFLOW_CTX_DAG_ID='inout_data_ingestion' AIRFLOW_CTX_TASK_ID='create_table' AIRFLOW_CTX_EXECUTION_DATE='2024-09-29T03:30:00+00:00' AIRFLOW_CTX_TRY_NUMBER='1' AIRFLOW_CTX_DAG_RUN_ID='scheduled__2024-09-29T03:30:00+00:00'
[2025-03-30T11:35:53.812+0000] {logging_mixin.py:188} INFO - Successfully connected to MariaDB: INOUT on mariadb:3306
[2025-03-30T11:35:53.818+0000] {inout_data.py:46} INFO - Table emp_inout_rec created (if it didn't exist).
[2025-03-30T11:35:53.825+0000] {logging_mixin.py:188} INFO - MariaDB connection closed.
[2025-03-30T11:35:53.829+0000] {python.py:202} INFO - Done. Returned value was: None
[2025-03-30T11:35:53.863+0000] {taskinstance.py:1149} INFO - Marking task as SUCCESS. dag_id=inout_data_ingestion, task_id=create_table, execution_date=20240929T033000, start_date=20250330T113553, end_date=20250330T113553
[2025-03-30T11:35:53.947+0000] {local_task_job_runner.py:234} INFO - Task exited with return code 0
[2025-03-30T11:35:54.083+0000] {taskinstance.py:3309} INFO - 1 downstream tasks scheduled from follow-on schedule check
[2025-03-30T11:38:04.713+0000] {taskinstance.py:1979} INFO - Dependencies all met for dep_context=non-requeueable deps ti=<TaskInstance: inout_data_ingestion.create_table scheduled__2024-09-29T03:30:00+00:00 [queued]>
[2025-03-30T11:38:04.893+0000] {taskinstance.py:1979} INFO - Dependencies all met for dep_context=requeueable deps ti=<TaskInstance: inout_data_ingestion.create_table scheduled__2024-09-29T03:30:00+00:00 [queued]>
[2025-03-30T11:38:04.897+0000] {taskinstance.py:2193} INFO - Starting attempt 1 of 2
[2025-03-30T11:38:05.134+0000] {taskinstance.py:2214} INFO - Executing <Task(PythonOperator): create_table> on 2024-09-29 03:30:00+00:00
[2025-03-30T11:38:05.285+0000] {standard_task_runner.py:60} INFO - Started process 6253 to run task
[2025-03-30T11:38:05.352+0000] {standard_task_runner.py:87} INFO - Running: ['***', 'tasks', 'run', 'inout_data_ingestion', 'create_table', 'scheduled__2024-09-29T03:30:00+00:00', '--job-id', '3100', '--raw', '--subdir', 'DAGS_FOLDER/inout_data.py', '--cfg-path', '/tmp/tmpw587l_0v']
[2025-03-30T11:38:05.367+0000] {standard_task_runner.py:88} INFO - Job 3100: Subtask create_table
[2025-03-30T11:38:05.540+0000] {warnings.py:109} WARNING - /home/***/.local/lib/python3.8/site-packages/***/settings.py:194: DeprecationWarning: The sql_alchemy_conn option in [core] has been moved to the sql_alchemy_conn option in [database] - the old setting has been used, but please update your config.
  SQL_ALCHEMY_CONN = conf.get("database", "SQL_ALCHEMY_CONN")

[2025-03-30T11:38:05.959+0000] {task_command.py:423} INFO - Running <TaskInstance: inout_data_ingestion.create_table scheduled__2024-09-29T03:30:00+00:00 [running]> on host ff9d64b065e6
[2025-03-30T11:38:06.276+0000] {taskinstance.py:2510} INFO - Exporting env vars: AIRFLOW_CTX_DAG_OWNER='***' AIRFLOW_CTX_DAG_ID='inout_data_ingestion' AIRFLOW_CTX_TASK_ID='create_table' AIRFLOW_CTX_EXECUTION_DATE='2024-09-29T03:30:00+00:00' AIRFLOW_CTX_TRY_NUMBER='1' AIRFLOW_CTX_DAG_RUN_ID='scheduled__2024-09-29T03:30:00+00:00'
[2025-03-30T11:38:06.296+0000] {logging_mixin.py:188} INFO - Successfully connected to MariaDB: INOUT on mariadb:3306
[2025-03-30T11:38:06.301+0000] {inout_data.py:46} INFO - Table emp_inout_rec created (if it didn't exist).
[2025-03-30T11:38:06.302+0000] {logging_mixin.py:188} INFO - MariaDB connection closed.
[2025-03-30T11:38:06.304+0000] {python.py:202} INFO - Done. Returned value was: None
[2025-03-30T11:38:06.337+0000] {taskinstance.py:1149} INFO - Marking task as SUCCESS. dag_id=inout_data_ingestion, task_id=create_table, execution_date=20240929T033000, start_date=20250330T113804, end_date=20250330T113806
[2025-03-30T11:38:06.407+0000] {local_task_job_runner.py:234} INFO - Task exited with return code 0
[2025-03-30T11:38:06.492+0000] {taskinstance.py:3309} INFO - 0 downstream tasks scheduled from follow-on schedule check
[2025-03-30T11:40:15.301+0000] {taskinstance.py:1979} INFO - Dependencies all met for dep_context=non-requeueable deps ti=<TaskInstance: inout_data_ingestion.create_table scheduled__2024-09-29T03:30:00+00:00 [queued]>
[2025-03-30T11:40:15.322+0000] {taskinstance.py:1979} INFO - Dependencies all met for dep_context=requeueable deps ti=<TaskInstance: inout_data_ingestion.create_table scheduled__2024-09-29T03:30:00+00:00 [queued]>
[2025-03-30T11:40:15.322+0000] {taskinstance.py:2193} INFO - Starting attempt 1 of 2
[2025-03-30T11:40:15.349+0000] {taskinstance.py:2214} INFO - Executing <Task(PythonOperator): create_table> on 2024-09-29 03:30:00+00:00
[2025-03-30T11:40:15.360+0000] {standard_task_runner.py:60} INFO - Started process 6695 to run task
[2025-03-30T11:40:15.363+0000] {standard_task_runner.py:87} INFO - Running: ['***', 'tasks', 'run', 'inout_data_ingestion', 'create_table', 'scheduled__2024-09-29T03:30:00+00:00', '--job-id', '3321', '--raw', '--subdir', 'DAGS_FOLDER/inout_data.py', '--cfg-path', '/tmp/tmpkduonown']
[2025-03-30T11:40:15.364+0000] {standard_task_runner.py:88} INFO - Job 3321: Subtask create_table
[2025-03-30T11:40:15.387+0000] {warnings.py:109} WARNING - /home/***/.local/lib/python3.8/site-packages/***/settings.py:194: DeprecationWarning: The sql_alchemy_conn option in [core] has been moved to the sql_alchemy_conn option in [database] - the old setting has been used, but please update your config.
  SQL_ALCHEMY_CONN = conf.get("database", "SQL_ALCHEMY_CONN")

[2025-03-30T11:40:15.424+0000] {task_command.py:423} INFO - Running <TaskInstance: inout_data_ingestion.create_table scheduled__2024-09-29T03:30:00+00:00 [running]> on host ff9d64b065e6
[2025-03-30T11:40:15.487+0000] {taskinstance.py:2510} INFO - Exporting env vars: AIRFLOW_CTX_DAG_OWNER='***' AIRFLOW_CTX_DAG_ID='inout_data_ingestion' AIRFLOW_CTX_TASK_ID='create_table' AIRFLOW_CTX_EXECUTION_DATE='2024-09-29T03:30:00+00:00' AIRFLOW_CTX_TRY_NUMBER='1' AIRFLOW_CTX_DAG_RUN_ID='scheduled__2024-09-29T03:30:00+00:00'
[2025-03-30T11:40:15.492+0000] {logging_mixin.py:188} INFO - Successfully connected to MariaDB: INOUT on mariadb:3306
[2025-03-30T11:40:15.493+0000] {inout_data.py:46} INFO - Table emp_inout_rec created (if it didn't exist).
[2025-03-30T11:40:15.493+0000] {logging_mixin.py:188} INFO - MariaDB connection closed.
[2025-03-30T11:40:15.493+0000] {python.py:202} INFO - Done. Returned value was: None
[2025-03-30T11:40:15.502+0000] {taskinstance.py:1149} INFO - Marking task as SUCCESS. dag_id=inout_data_ingestion, task_id=create_table, execution_date=20240929T033000, start_date=20250330T114015, end_date=20250330T114015
[2025-03-30T11:40:15.547+0000] {local_task_job_runner.py:234} INFO - Task exited with return code 0
[2025-03-30T11:40:15.576+0000] {taskinstance.py:3309} INFO - 1 downstream tasks scheduled from follow-on schedule check
