[2025-03-30T11:11:25.759+0000] {taskinstance.py:1979} INFO - Dependencies all met for dep_context=non-requeueable deps ti=<TaskInstance: inout_data_ingestion.ingest_dummy_data scheduled__2024-10-03T19:00:00+00:00 [queued]>
[2025-03-30T11:11:25.784+0000] {taskinstance.py:1979} INFO - Dependencies all met for dep_context=requeueable deps ti=<TaskInstance: inout_data_ingestion.ingest_dummy_data scheduled__2024-10-03T19:00:00+00:00 [queued]>
[2025-03-30T11:11:25.785+0000] {taskinstance.py:2193} INFO - Starting attempt 1 of 2
[2025-03-30T11:11:25.816+0000] {taskinstance.py:2214} INFO - Executing <Task(PythonOperator): ingest_dummy_data> on 2024-10-03 19:00:00+00:00
[2025-03-30T11:11:25.824+0000] {standard_task_runner.py:60} INFO - Started process 1029 to run task
[2025-03-30T11:11:25.827+0000] {standard_task_runner.py:87} INFO - Running: ['***', 'tasks', 'run', 'inout_data_ingestion', 'ingest_dummy_data', 'scheduled__2024-10-03T19:00:00+00:00', '--job-id', '488', '--raw', '--subdir', 'DAGS_FOLDER/inout_data.py', '--cfg-path', '/tmp/tmp_br65ex6']
[2025-03-30T11:11:25.829+0000] {standard_task_runner.py:88} INFO - Job 488: Subtask ingest_dummy_data
[2025-03-30T11:11:25.846+0000] {warnings.py:109} WARNING - /home/***/.local/lib/python3.8/site-packages/***/settings.py:194: DeprecationWarning: The sql_alchemy_conn option in [core] has been moved to the sql_alchemy_conn option in [database] - the old setting has been used, but please update your config.
  SQL_ALCHEMY_CONN = conf.get("database", "SQL_ALCHEMY_CONN")

[2025-03-30T11:11:25.905+0000] {task_command.py:423} INFO - Running <TaskInstance: inout_data_ingestion.ingest_dummy_data scheduled__2024-10-03T19:00:00+00:00 [running]> on host ff9d64b065e6
[2025-03-30T11:11:26.035+0000] {taskinstance.py:2510} INFO - Exporting env vars: AIRFLOW_CTX_DAG_OWNER='***' AIRFLOW_CTX_DAG_ID='inout_data_ingestion' AIRFLOW_CTX_TASK_ID='ingest_dummy_data' AIRFLOW_CTX_EXECUTION_DATE='2024-10-03T19:00:00+00:00' AIRFLOW_CTX_TRY_NUMBER='1' AIRFLOW_CTX_DAG_RUN_ID='scheduled__2024-10-03T19:00:00+00:00'
[2025-03-30T11:11:26.044+0000] {inout_data.py:42} INFO - Successfully connected to MariaDB: INOUT on mariadb:3306
[2025-03-30T11:11:26.047+0000] {inout_data.py:63} ERROR - Error executing query: (1062, "Duplicate entry '2025-03-30 11:11:26-1623' for key 'PRIMARY'")
[2025-03-30T11:11:26.049+0000] {inout_data.py:63} ERROR - Error executing query: (1062, "Duplicate entry '2025-03-30 11:11:26-1623' for key 'PRIMARY'")
[2025-03-30T11:11:26.050+0000] {inout_data.py:63} ERROR - Error executing query: (1062, "Duplicate entry '2025-03-30 11:11:26-1623' for key 'PRIMARY'")
[2025-03-30T11:11:26.051+0000] {inout_data.py:63} ERROR - Error executing query: (1062, "Duplicate entry '2025-03-30 11:11:26-1623' for key 'PRIMARY'")
[2025-03-30T11:11:26.053+0000] {inout_data.py:63} ERROR - Error executing query: (1062, "Duplicate entry '2025-03-30 11:11:26-1623' for key 'PRIMARY'")
[2025-03-30T11:11:26.054+0000] {inout_data.py:63} ERROR - Error executing query: (1062, "Duplicate entry '2025-03-30 11:11:26-1623' for key 'PRIMARY'")
[2025-03-30T11:11:26.056+0000] {inout_data.py:63} ERROR - Error executing query: (1062, "Duplicate entry '2025-03-30 11:11:26-1623' for key 'PRIMARY'")
[2025-03-30T11:11:26.058+0000] {inout_data.py:63} ERROR - Error executing query: (1062, "Duplicate entry '2025-03-30 11:11:26-1623' for key 'PRIMARY'")
[2025-03-30T11:11:26.059+0000] {inout_data.py:63} ERROR - Error executing query: (1062, "Duplicate entry '2025-03-30 11:11:26-1623' for key 'PRIMARY'")
[2025-03-30T11:11:26.060+0000] {inout_data.py:159} INFO - Ingested 10 rows of dummy data.
[2025-03-30T11:11:26.061+0000] {inout_data.py:78} INFO - MariaDB connection closed.
[2025-03-30T11:11:26.061+0000] {python.py:202} INFO - Done. Returned value was: None
[2025-03-30T11:11:26.072+0000] {taskinstance.py:1149} INFO - Marking task as SUCCESS. dag_id=inout_data_ingestion, task_id=ingest_dummy_data, execution_date=20241003T190000, start_date=20250330T111125, end_date=20250330T111126
[2025-03-30T11:11:26.096+0000] {local_task_job_runner.py:234} INFO - Task exited with return code 0
[2025-03-30T11:11:26.124+0000] {taskinstance.py:3309} INFO - 0 downstream tasks scheduled from follow-on schedule check
[2025-03-30T11:17:57.155+0000] {taskinstance.py:1979} INFO - Dependencies all met for dep_context=non-requeueable deps ti=<TaskInstance: inout_data_ingestion.ingest_dummy_data scheduled__2024-10-03T19:00:00+00:00 [queued]>
[2025-03-30T11:17:57.170+0000] {taskinstance.py:1979} INFO - Dependencies all met for dep_context=requeueable deps ti=<TaskInstance: inout_data_ingestion.ingest_dummy_data scheduled__2024-10-03T19:00:00+00:00 [queued]>
[2025-03-30T11:17:57.172+0000] {taskinstance.py:2193} INFO - Starting attempt 1 of 2
[2025-03-30T11:17:57.207+0000] {taskinstance.py:2214} INFO - Executing <Task(PythonOperator): ingest_dummy_data> on 2024-10-03 19:00:00+00:00
[2025-03-30T11:17:57.221+0000] {standard_task_runner.py:60} INFO - Started process 2880 to run task
[2025-03-30T11:17:57.227+0000] {standard_task_runner.py:87} INFO - Running: ['***', 'tasks', 'run', 'inout_data_ingestion', 'ingest_dummy_data', 'scheduled__2024-10-03T19:00:00+00:00', '--job-id', '1414', '--raw', '--subdir', 'DAGS_FOLDER/inout_data.py', '--cfg-path', '/tmp/tmp9vwxk0mn']
[2025-03-30T11:17:57.229+0000] {standard_task_runner.py:88} INFO - Job 1414: Subtask ingest_dummy_data
[2025-03-30T11:17:57.291+0000] {warnings.py:109} WARNING - /home/***/.local/lib/python3.8/site-packages/***/settings.py:194: DeprecationWarning: The sql_alchemy_conn option in [core] has been moved to the sql_alchemy_conn option in [database] - the old setting has been used, but please update your config.
  SQL_ALCHEMY_CONN = conf.get("database", "SQL_ALCHEMY_CONN")

[2025-03-30T11:17:57.403+0000] {task_command.py:423} INFO - Running <TaskInstance: inout_data_ingestion.ingest_dummy_data scheduled__2024-10-03T19:00:00+00:00 [running]> on host ff9d64b065e6
[2025-03-30T11:17:57.544+0000] {taskinstance.py:2510} INFO - Exporting env vars: AIRFLOW_CTX_DAG_OWNER='***' AIRFLOW_CTX_DAG_ID='inout_data_ingestion' AIRFLOW_CTX_TASK_ID='ingest_dummy_data' AIRFLOW_CTX_EXECUTION_DATE='2024-10-03T19:00:00+00:00' AIRFLOW_CTX_TRY_NUMBER='1' AIRFLOW_CTX_DAG_RUN_ID='scheduled__2024-10-03T19:00:00+00:00'
[2025-03-30T11:17:57.553+0000] {inout_data.py:42} INFO - Successfully connected to MariaDB: INOUT on mariadb:3306
[2025-03-30T11:17:57.556+0000] {inout_data.py:63} ERROR - Error executing query: (1062, "Duplicate entry '2025-03-30 11:17:57-6361' for key 'PRIMARY'")
[2025-03-30T11:17:57.557+0000] {inout_data.py:63} ERROR - Error executing query: (1062, "Duplicate entry '2025-03-30 11:17:57-6361' for key 'PRIMARY'")
[2025-03-30T11:17:57.559+0000] {inout_data.py:63} ERROR - Error executing query: (1062, "Duplicate entry '2025-03-30 11:17:57-6361' for key 'PRIMARY'")
[2025-03-30T11:17:57.562+0000] {inout_data.py:63} ERROR - Error executing query: (1062, "Duplicate entry '2025-03-30 11:17:57-6361' for key 'PRIMARY'")
[2025-03-30T11:17:57.565+0000] {inout_data.py:63} ERROR - Error executing query: (1062, "Duplicate entry '2025-03-30 11:17:57-6361' for key 'PRIMARY'")
[2025-03-30T11:17:57.568+0000] {inout_data.py:63} ERROR - Error executing query: (1062, "Duplicate entry '2025-03-30 11:17:57-6361' for key 'PRIMARY'")
[2025-03-30T11:17:57.570+0000] {inout_data.py:63} ERROR - Error executing query: (1062, "Duplicate entry '2025-03-30 11:17:57-6361' for key 'PRIMARY'")
[2025-03-30T11:17:57.572+0000] {inout_data.py:63} ERROR - Error executing query: (1062, "Duplicate entry '2025-03-30 11:17:57-6361' for key 'PRIMARY'")
[2025-03-30T11:17:57.574+0000] {inout_data.py:63} ERROR - Error executing query: (1062, "Duplicate entry '2025-03-30 11:17:57-6361' for key 'PRIMARY'")
[2025-03-30T11:17:57.576+0000] {inout_data.py:63} ERROR - Error executing query: (1062, "Duplicate entry '2025-03-30 11:17:57-6361' for key 'PRIMARY'")
[2025-03-30T11:17:57.579+0000] {inout_data.py:63} ERROR - Error executing query: (1062, "Duplicate entry '2025-03-30 11:17:57-6361' for key 'PRIMARY'")
[2025-03-30T11:17:57.580+0000] {inout_data.py:63} ERROR - Error executing query: (1062, "Duplicate entry '2025-03-30 11:17:57-6361' for key 'PRIMARY'")
[2025-03-30T11:17:57.582+0000] {inout_data.py:63} ERROR - Error executing query: (1062, "Duplicate entry '2025-03-30 11:17:57-6361' for key 'PRIMARY'")
[2025-03-30T11:17:57.583+0000] {inout_data.py:63} ERROR - Error executing query: (1062, "Duplicate entry '2025-03-30 11:17:57-6361' for key 'PRIMARY'")
[2025-03-30T11:17:57.584+0000] {inout_data.py:63} ERROR - Error executing query: (1062, "Duplicate entry '2025-03-30 11:17:57-6361' for key 'PRIMARY'")
[2025-03-30T11:17:57.585+0000] {inout_data.py:63} ERROR - Error executing query: (1062, "Duplicate entry '2025-03-30 11:17:57-6361' for key 'PRIMARY'")
[2025-03-30T11:17:57.587+0000] {inout_data.py:63} ERROR - Error executing query: (1062, "Duplicate entry '2025-03-30 11:17:57-6361' for key 'PRIMARY'")
[2025-03-30T11:17:57.588+0000] {inout_data.py:152} INFO - Ingested 18 rows of dummy data.
[2025-03-30T11:17:57.589+0000] {inout_data.py:78} INFO - MariaDB connection closed.
[2025-03-30T11:17:57.590+0000] {python.py:202} INFO - Done. Returned value was: None
[2025-03-30T11:17:57.608+0000] {taskinstance.py:1149} INFO - Marking task as SUCCESS. dag_id=inout_data_ingestion, task_id=ingest_dummy_data, execution_date=20241003T190000, start_date=20250330T111757, end_date=20250330T111757
[2025-03-30T11:17:57.669+0000] {local_task_job_runner.py:234} INFO - Task exited with return code 0
[2025-03-30T11:17:57.718+0000] {taskinstance.py:3309} INFO - 0 downstream tasks scheduled from follow-on schedule check
[2025-03-30T11:30:19.395+0000] {taskinstance.py:1979} INFO - Dependencies all met for dep_context=non-requeueable deps ti=<TaskInstance: inout_data_ingestion.ingest_dummy_data scheduled__2024-10-03T19:00:00+00:00 [queued]>
[2025-03-30T11:30:19.405+0000] {taskinstance.py:1979} INFO - Dependencies all met for dep_context=requeueable deps ti=<TaskInstance: inout_data_ingestion.ingest_dummy_data scheduled__2024-10-03T19:00:00+00:00 [queued]>
[2025-03-30T11:30:19.406+0000] {taskinstance.py:2193} INFO - Starting attempt 1 of 2
[2025-03-30T11:30:19.425+0000] {taskinstance.py:2214} INFO - Executing <Task(PythonOperator): ingest_dummy_data> on 2024-10-03 19:00:00+00:00
[2025-03-30T11:30:19.434+0000] {standard_task_runner.py:60} INFO - Started process 4800 to run task
[2025-03-30T11:30:19.439+0000] {standard_task_runner.py:87} INFO - Running: ['***', 'tasks', 'run', 'inout_data_ingestion', 'ingest_dummy_data', 'scheduled__2024-10-03T19:00:00+00:00', '--job-id', '2375', '--raw', '--subdir', 'DAGS_FOLDER/inout_data.py', '--cfg-path', '/tmp/tmp_gcukkc7']
[2025-03-30T11:30:19.442+0000] {standard_task_runner.py:88} INFO - Job 2375: Subtask ingest_dummy_data
[2025-03-30T11:30:19.472+0000] {warnings.py:109} WARNING - /home/***/.local/lib/python3.8/site-packages/***/settings.py:194: DeprecationWarning: The sql_alchemy_conn option in [core] has been moved to the sql_alchemy_conn option in [database] - the old setting has been used, but please update your config.
  SQL_ALCHEMY_CONN = conf.get("database", "SQL_ALCHEMY_CONN")

[2025-03-30T11:30:19.531+0000] {task_command.py:423} INFO - Running <TaskInstance: inout_data_ingestion.ingest_dummy_data scheduled__2024-10-03T19:00:00+00:00 [running]> on host ff9d64b065e6
[2025-03-30T11:30:19.595+0000] {taskinstance.py:2510} INFO - Exporting env vars: AIRFLOW_CTX_DAG_OWNER='***' AIRFLOW_CTX_DAG_ID='inout_data_ingestion' AIRFLOW_CTX_TASK_ID='ingest_dummy_data' AIRFLOW_CTX_EXECUTION_DATE='2024-10-03T19:00:00+00:00' AIRFLOW_CTX_TRY_NUMBER='1' AIRFLOW_CTX_DAG_RUN_ID='scheduled__2024-10-03T19:00:00+00:00'
[2025-03-30T11:30:19.598+0000] {logging_mixin.py:188} INFO - Successfully connected to MariaDB: INOUT on mariadb:3306
[2025-03-30T11:30:19.598+0000] {logging_mixin.py:188} INFO - General error executing query: not all arguments converted during string formatting
[2025-03-30T11:30:19.602+0000] {logging_mixin.py:188} INFO - General error executing query: not all arguments converted during string formatting
[2025-03-30T11:30:19.602+0000] {logging_mixin.py:188} INFO - General error executing query: not all arguments converted during string formatting
[2025-03-30T11:30:19.602+0000] {logging_mixin.py:188} INFO - General error executing query: not all arguments converted during string formatting
[2025-03-30T11:30:19.602+0000] {logging_mixin.py:188} INFO - General error executing query: not all arguments converted during string formatting
[2025-03-30T11:30:19.602+0000] {inout_data.py:87} INFO - Ingested 5 rows of dummy data for 2024-10-03 19:00:00+00:00.
[2025-03-30T11:30:19.603+0000] {logging_mixin.py:188} INFO - MariaDB connection closed.
[2025-03-30T11:30:19.603+0000] {python.py:202} INFO - Done. Returned value was: None
[2025-03-30T11:30:19.608+0000] {taskinstance.py:1149} INFO - Marking task as SUCCESS. dag_id=inout_data_ingestion, task_id=ingest_dummy_data, execution_date=20241003T190000, start_date=20250330T113019, end_date=20250330T113019
[2025-03-30T11:30:19.621+0000] {local_task_job_runner.py:234} INFO - Task exited with return code 0
[2025-03-30T11:30:19.633+0000] {taskinstance.py:3309} INFO - 0 downstream tasks scheduled from follow-on schedule check
