[2025-03-30T11:08:58.746+0000] {taskinstance.py:1979} INFO - Dependencies all met for dep_context=non-requeueable deps ti=<TaskInstance: inout_data_ingestion.create_table scheduled__2024-09-29T12:30:00+00:00 [queued]>
[2025-03-30T11:08:58.766+0000] {taskinstance.py:1979} INFO - Dependencies all met for dep_context=requeueable deps ti=<TaskInstance: inout_data_ingestion.create_table scheduled__2024-09-29T12:30:00+00:00 [queued]>
[2025-03-30T11:08:58.768+0000] {taskinstance.py:2193} INFO - Starting attempt 1 of 2
[2025-03-30T11:08:58.828+0000] {taskinstance.py:2214} INFO - Executing <Task(PythonOperator): create_table> on 2024-09-29 12:30:00+00:00
[2025-03-30T11:08:58.838+0000] {standard_task_runner.py:60} INFO - Started process 197 to run task
[2025-03-30T11:08:58.853+0000] {standard_task_runner.py:87} INFO - Running: ['***', 'tasks', 'run', 'inout_data_ingestion', 'create_table', 'scheduled__2024-09-29T12:30:00+00:00', '--job-id', '72', '--raw', '--subdir', 'DAGS_FOLDER/inout_data.py', '--cfg-path', '/tmp/tmpeg7vrvp9']
[2025-03-30T11:08:58.855+0000] {standard_task_runner.py:88} INFO - Job 72: Subtask create_table
[2025-03-30T11:08:58.888+0000] {warnings.py:109} WARNING - /home/***/.local/lib/python3.8/site-packages/***/settings.py:194: DeprecationWarning: The sql_alchemy_conn option in [core] has been moved to the sql_alchemy_conn option in [database] - the old setting has been used, but please update your config.
  SQL_ALCHEMY_CONN = conf.get("database", "SQL_ALCHEMY_CONN")

[2025-03-30T11:08:59.056+0000] {task_command.py:423} INFO - Running <TaskInstance: inout_data_ingestion.create_table scheduled__2024-09-29T12:30:00+00:00 [running]> on host ff9d64b065e6
[2025-03-30T11:08:59.192+0000] {taskinstance.py:2510} INFO - Exporting env vars: AIRFLOW_CTX_DAG_OWNER='***' AIRFLOW_CTX_DAG_ID='inout_data_ingestion' AIRFLOW_CTX_TASK_ID='create_table' AIRFLOW_CTX_EXECUTION_DATE='2024-09-29T12:30:00+00:00' AIRFLOW_CTX_TRY_NUMBER='1' AIRFLOW_CTX_DAG_RUN_ID='scheduled__2024-09-29T12:30:00+00:00'
[2025-03-30T11:08:59.200+0000] {inout_data.py:42} INFO - Successfully connected to MariaDB: INOUT on mariadb:3306
[2025-03-30T11:08:59.201+0000] {inout_data.py:124} INFO - Table emp_inout_rec created (if it didn't exist).
[2025-03-30T11:08:59.201+0000] {inout_data.py:78} INFO - MariaDB connection closed.
[2025-03-30T11:08:59.201+0000] {python.py:202} INFO - Done. Returned value was: None
[2025-03-30T11:08:59.215+0000] {taskinstance.py:1149} INFO - Marking task as SUCCESS. dag_id=inout_data_ingestion, task_id=create_table, execution_date=20240929T123000, start_date=20250330T110858, end_date=20250330T110859
[2025-03-30T11:08:59.280+0000] {local_task_job_runner.py:234} INFO - Task exited with return code 0
[2025-03-30T11:08:59.364+0000] {taskinstance.py:3309} INFO - 1 downstream tasks scheduled from follow-on schedule check
[2025-03-30T11:15:41.466+0000] {taskinstance.py:1979} INFO - Dependencies all met for dep_context=non-requeueable deps ti=<TaskInstance: inout_data_ingestion.create_table scheduled__2024-09-29T12:30:00+00:00 [queued]>
[2025-03-30T11:15:41.483+0000] {taskinstance.py:1979} INFO - Dependencies all met for dep_context=requeueable deps ti=<TaskInstance: inout_data_ingestion.create_table scheduled__2024-09-29T12:30:00+00:00 [queued]>
[2025-03-30T11:15:41.485+0000] {taskinstance.py:2193} INFO - Starting attempt 1 of 2
[2025-03-30T11:15:41.508+0000] {taskinstance.py:2214} INFO - Executing <Task(PythonOperator): create_table> on 2024-09-29 12:30:00+00:00
[2025-03-30T11:15:41.514+0000] {standard_task_runner.py:60} INFO - Started process 2053 to run task
[2025-03-30T11:15:41.521+0000] {standard_task_runner.py:87} INFO - Running: ['***', 'tasks', 'run', 'inout_data_ingestion', 'create_table', 'scheduled__2024-09-29T12:30:00+00:00', '--job-id', '1001', '--raw', '--subdir', 'DAGS_FOLDER/inout_data.py', '--cfg-path', '/tmp/tmpit8anb8_']
[2025-03-30T11:15:41.523+0000] {standard_task_runner.py:88} INFO - Job 1001: Subtask create_table
[2025-03-30T11:15:41.544+0000] {warnings.py:109} WARNING - /home/***/.local/lib/python3.8/site-packages/***/settings.py:194: DeprecationWarning: The sql_alchemy_conn option in [core] has been moved to the sql_alchemy_conn option in [database] - the old setting has been used, but please update your config.
  SQL_ALCHEMY_CONN = conf.get("database", "SQL_ALCHEMY_CONN")

[2025-03-30T11:15:41.609+0000] {task_command.py:423} INFO - Running <TaskInstance: inout_data_ingestion.create_table scheduled__2024-09-29T12:30:00+00:00 [running]> on host ff9d64b065e6
[2025-03-30T11:15:41.700+0000] {taskinstance.py:2510} INFO - Exporting env vars: AIRFLOW_CTX_DAG_OWNER='***' AIRFLOW_CTX_DAG_ID='inout_data_ingestion' AIRFLOW_CTX_TASK_ID='create_table' AIRFLOW_CTX_EXECUTION_DATE='2024-09-29T12:30:00+00:00' AIRFLOW_CTX_TRY_NUMBER='1' AIRFLOW_CTX_DAG_RUN_ID='scheduled__2024-09-29T12:30:00+00:00'
[2025-03-30T11:15:41.705+0000] {inout_data.py:42} INFO - Successfully connected to MariaDB: INOUT on mariadb:3306
[2025-03-30T11:15:41.707+0000] {inout_data.py:117} INFO - Table emp_inout_rec created (if it didn't exist).
[2025-03-30T11:15:41.707+0000] {inout_data.py:78} INFO - MariaDB connection closed.
[2025-03-30T11:15:41.708+0000] {python.py:202} INFO - Done. Returned value was: None
[2025-03-30T11:15:41.721+0000] {taskinstance.py:1149} INFO - Marking task as SUCCESS. dag_id=inout_data_ingestion, task_id=create_table, execution_date=20240929T123000, start_date=20250330T111541, end_date=20250330T111541
[2025-03-30T11:15:41.740+0000] {local_task_job_runner.py:234} INFO - Task exited with return code 0
[2025-03-30T11:15:41.772+0000] {taskinstance.py:3309} INFO - 1 downstream tasks scheduled from follow-on schedule check
[2025-03-30T11:28:12.180+0000] {taskinstance.py:1979} INFO - Dependencies all met for dep_context=non-requeueable deps ti=<TaskInstance: inout_data_ingestion.create_table scheduled__2024-09-29T12:30:00+00:00 [queued]>
[2025-03-30T11:28:12.191+0000] {taskinstance.py:1979} INFO - Dependencies all met for dep_context=requeueable deps ti=<TaskInstance: inout_data_ingestion.create_table scheduled__2024-09-29T12:30:00+00:00 [queued]>
[2025-03-30T11:28:12.192+0000] {taskinstance.py:2193} INFO - Starting attempt 1 of 2
[2025-03-30T11:28:12.213+0000] {taskinstance.py:2214} INFO - Executing <Task(PythonOperator): create_table> on 2024-09-29 12:30:00+00:00
[2025-03-30T11:28:12.222+0000] {standard_task_runner.py:60} INFO - Started process 3967 to run task
[2025-03-30T11:28:12.230+0000] {standard_task_runner.py:87} INFO - Running: ['***', 'tasks', 'run', 'inout_data_ingestion', 'create_table', 'scheduled__2024-09-29T12:30:00+00:00', '--job-id', '1957', '--raw', '--subdir', 'DAGS_FOLDER/inout_data.py', '--cfg-path', '/tmp/tmpe9pwcbk8']
[2025-03-30T11:28:12.240+0000] {standard_task_runner.py:88} INFO - Job 1957: Subtask create_table
[2025-03-30T11:28:12.257+0000] {warnings.py:109} WARNING - /home/***/.local/lib/python3.8/site-packages/***/settings.py:194: DeprecationWarning: The sql_alchemy_conn option in [core] has been moved to the sql_alchemy_conn option in [database] - the old setting has been used, but please update your config.
  SQL_ALCHEMY_CONN = conf.get("database", "SQL_ALCHEMY_CONN")

[2025-03-30T11:28:12.304+0000] {task_command.py:423} INFO - Running <TaskInstance: inout_data_ingestion.create_table scheduled__2024-09-29T12:30:00+00:00 [running]> on host ff9d64b065e6
[2025-03-30T11:28:12.458+0000] {taskinstance.py:2510} INFO - Exporting env vars: AIRFLOW_CTX_DAG_OWNER='***' AIRFLOW_CTX_DAG_ID='inout_data_ingestion' AIRFLOW_CTX_TASK_ID='create_table' AIRFLOW_CTX_EXECUTION_DATE='2024-09-29T12:30:00+00:00' AIRFLOW_CTX_TRY_NUMBER='1' AIRFLOW_CTX_DAG_RUN_ID='scheduled__2024-09-29T12:30:00+00:00'
[2025-03-30T11:28:12.470+0000] {logging_mixin.py:188} INFO - Successfully connected to MariaDB: INOUT on mariadb:3306
[2025-03-30T11:28:12.473+0000] {inout_data.py:46} INFO - Table emp_inout_rec created (if it didn't exist).
[2025-03-30T11:28:12.476+0000] {logging_mixin.py:188} INFO - MariaDB connection closed.
[2025-03-30T11:28:12.479+0000] {python.py:202} INFO - Done. Returned value was: None
[2025-03-30T11:28:12.500+0000] {taskinstance.py:1149} INFO - Marking task as SUCCESS. dag_id=inout_data_ingestion, task_id=create_table, execution_date=20240929T123000, start_date=20250330T112812, end_date=20250330T112812
[2025-03-30T11:28:12.540+0000] {local_task_job_runner.py:234} INFO - Task exited with return code 0
[2025-03-30T11:28:12.578+0000] {taskinstance.py:3309} INFO - 1 downstream tasks scheduled from follow-on schedule check
[2025-03-30T11:32:54.254+0000] {taskinstance.py:1979} INFO - Dependencies all met for dep_context=non-requeueable deps ti=<TaskInstance: inout_data_ingestion.create_table scheduled__2024-09-29T12:30:00+00:00 [queued]>
[2025-03-30T11:32:54.265+0000] {taskinstance.py:1979} INFO - Dependencies all met for dep_context=requeueable deps ti=<TaskInstance: inout_data_ingestion.create_table scheduled__2024-09-29T12:30:00+00:00 [queued]>
[2025-03-30T11:32:54.265+0000] {taskinstance.py:2193} INFO - Starting attempt 1 of 2
[2025-03-30T11:32:54.282+0000] {taskinstance.py:2214} INFO - Executing <Task(PythonOperator): create_table> on 2024-09-29 12:30:00+00:00
[2025-03-30T11:32:54.289+0000] {standard_task_runner.py:60} INFO - Started process 5423 to run task
[2025-03-30T11:32:54.292+0000] {standard_task_runner.py:87} INFO - Running: ['***', 'tasks', 'run', 'inout_data_ingestion', 'create_table', 'scheduled__2024-09-29T12:30:00+00:00', '--job-id', '2685', '--raw', '--subdir', 'DAGS_FOLDER/inout_data.py', '--cfg-path', '/tmp/tmpycqd56vs']
[2025-03-30T11:32:54.294+0000] {standard_task_runner.py:88} INFO - Job 2685: Subtask create_table
[2025-03-30T11:32:54.310+0000] {warnings.py:109} WARNING - /home/***/.local/lib/python3.8/site-packages/***/settings.py:194: DeprecationWarning: The sql_alchemy_conn option in [core] has been moved to the sql_alchemy_conn option in [database] - the old setting has been used, but please update your config.
  SQL_ALCHEMY_CONN = conf.get("database", "SQL_ALCHEMY_CONN")

[2025-03-30T11:32:54.350+0000] {task_command.py:423} INFO - Running <TaskInstance: inout_data_ingestion.create_table scheduled__2024-09-29T12:30:00+00:00 [running]> on host ff9d64b065e6
[2025-03-30T11:32:54.435+0000] {taskinstance.py:2510} INFO - Exporting env vars: AIRFLOW_CTX_DAG_OWNER='***' AIRFLOW_CTX_DAG_ID='inout_data_ingestion' AIRFLOW_CTX_TASK_ID='create_table' AIRFLOW_CTX_EXECUTION_DATE='2024-09-29T12:30:00+00:00' AIRFLOW_CTX_TRY_NUMBER='1' AIRFLOW_CTX_DAG_RUN_ID='scheduled__2024-09-29T12:30:00+00:00'
[2025-03-30T11:32:54.441+0000] {logging_mixin.py:188} INFO - Successfully connected to MariaDB: INOUT on mariadb:3306
[2025-03-30T11:32:54.442+0000] {inout_data.py:46} INFO - Table emp_inout_rec created (if it didn't exist).
[2025-03-30T11:32:54.443+0000] {logging_mixin.py:188} INFO - MariaDB connection closed.
[2025-03-30T11:32:54.443+0000] {python.py:202} INFO - Done. Returned value was: None
[2025-03-30T11:32:54.451+0000] {taskinstance.py:1149} INFO - Marking task as SUCCESS. dag_id=inout_data_ingestion, task_id=create_table, execution_date=20240929T123000, start_date=20250330T113254, end_date=20250330T113254
[2025-03-30T11:32:54.514+0000] {local_task_job_runner.py:234} INFO - Task exited with return code 0
[2025-03-30T11:32:54.543+0000] {taskinstance.py:3309} INFO - 1 downstream tasks scheduled from follow-on schedule check
[2025-03-30T11:38:20.225+0000] {taskinstance.py:1979} INFO - Dependencies all met for dep_context=non-requeueable deps ti=<TaskInstance: inout_data_ingestion.create_table scheduled__2024-09-29T12:30:00+00:00 [queued]>
[2025-03-30T11:38:20.237+0000] {taskinstance.py:1979} INFO - Dependencies all met for dep_context=requeueable deps ti=<TaskInstance: inout_data_ingestion.create_table scheduled__2024-09-29T12:30:00+00:00 [queued]>
[2025-03-30T11:38:20.237+0000] {taskinstance.py:2193} INFO - Starting attempt 1 of 2
[2025-03-30T11:38:20.256+0000] {taskinstance.py:2214} INFO - Executing <Task(PythonOperator): create_table> on 2024-09-29 12:30:00+00:00
[2025-03-30T11:38:20.266+0000] {standard_task_runner.py:60} INFO - Started process 6325 to run task
[2025-03-30T11:38:20.270+0000] {standard_task_runner.py:87} INFO - Running: ['***', 'tasks', 'run', 'inout_data_ingestion', 'create_table', 'scheduled__2024-09-29T12:30:00+00:00', '--job-id', '3137', '--raw', '--subdir', 'DAGS_FOLDER/inout_data.py', '--cfg-path', '/tmp/tmpjwywdfj8']
[2025-03-30T11:38:20.272+0000] {standard_task_runner.py:88} INFO - Job 3137: Subtask create_table
[2025-03-30T11:38:20.284+0000] {warnings.py:109} WARNING - /home/***/.local/lib/python3.8/site-packages/***/settings.py:194: DeprecationWarning: The sql_alchemy_conn option in [core] has been moved to the sql_alchemy_conn option in [database] - the old setting has been used, but please update your config.
  SQL_ALCHEMY_CONN = conf.get("database", "SQL_ALCHEMY_CONN")

[2025-03-30T11:38:20.340+0000] {task_command.py:423} INFO - Running <TaskInstance: inout_data_ingestion.create_table scheduled__2024-09-29T12:30:00+00:00 [running]> on host ff9d64b065e6
[2025-03-30T11:38:20.451+0000] {taskinstance.py:2510} INFO - Exporting env vars: AIRFLOW_CTX_DAG_OWNER='***' AIRFLOW_CTX_DAG_ID='inout_data_ingestion' AIRFLOW_CTX_TASK_ID='create_table' AIRFLOW_CTX_EXECUTION_DATE='2024-09-29T12:30:00+00:00' AIRFLOW_CTX_TRY_NUMBER='1' AIRFLOW_CTX_DAG_RUN_ID='scheduled__2024-09-29T12:30:00+00:00'
[2025-03-30T11:38:20.460+0000] {logging_mixin.py:188} INFO - Successfully connected to MariaDB: INOUT on mariadb:3306
[2025-03-30T11:38:20.464+0000] {inout_data.py:46} INFO - Table emp_inout_rec created (if it didn't exist).
[2025-03-30T11:38:20.465+0000] {logging_mixin.py:188} INFO - MariaDB connection closed.
[2025-03-30T11:38:20.465+0000] {python.py:202} INFO - Done. Returned value was: None
[2025-03-30T11:38:20.479+0000] {taskinstance.py:1149} INFO - Marking task as SUCCESS. dag_id=inout_data_ingestion, task_id=create_table, execution_date=20240929T123000, start_date=20250330T113820, end_date=20250330T113820
[2025-03-30T11:38:20.544+0000] {local_task_job_runner.py:234} INFO - Task exited with return code 0
[2025-03-30T11:38:20.587+0000] {taskinstance.py:3309} INFO - 1 downstream tasks scheduled from follow-on schedule check
[2025-03-30T11:40:25.955+0000] {taskinstance.py:1979} INFO - Dependencies all met for dep_context=non-requeueable deps ti=<TaskInstance: inout_data_ingestion.create_table scheduled__2024-09-29T12:30:00+00:00 [queued]>
[2025-03-30T11:40:25.964+0000] {taskinstance.py:1979} INFO - Dependencies all met for dep_context=requeueable deps ti=<TaskInstance: inout_data_ingestion.create_table scheduled__2024-09-29T12:30:00+00:00 [queued]>
[2025-03-30T11:40:25.965+0000] {taskinstance.py:2193} INFO - Starting attempt 1 of 2
[2025-03-30T11:40:25.982+0000] {taskinstance.py:2214} INFO - Executing <Task(PythonOperator): create_table> on 2024-09-29 12:30:00+00:00
[2025-03-30T11:40:25.988+0000] {standard_task_runner.py:60} INFO - Started process 6767 to run task
[2025-03-30T11:40:25.998+0000] {standard_task_runner.py:87} INFO - Running: ['***', 'tasks', 'run', 'inout_data_ingestion', 'create_table', 'scheduled__2024-09-29T12:30:00+00:00', '--job-id', '3358', '--raw', '--subdir', 'DAGS_FOLDER/inout_data.py', '--cfg-path', '/tmp/tmpumnkxeb4']
[2025-03-30T11:40:26.001+0000] {standard_task_runner.py:88} INFO - Job 3358: Subtask create_table
[2025-03-30T11:40:26.018+0000] {warnings.py:109} WARNING - /home/***/.local/lib/python3.8/site-packages/***/settings.py:194: DeprecationWarning: The sql_alchemy_conn option in [core] has been moved to the sql_alchemy_conn option in [database] - the old setting has been used, but please update your config.
  SQL_ALCHEMY_CONN = conf.get("database", "SQL_ALCHEMY_CONN")

[2025-03-30T11:40:26.061+0000] {task_command.py:423} INFO - Running <TaskInstance: inout_data_ingestion.create_table scheduled__2024-09-29T12:30:00+00:00 [running]> on host ff9d64b065e6
[2025-03-30T11:40:26.127+0000] {taskinstance.py:2510} INFO - Exporting env vars: AIRFLOW_CTX_DAG_OWNER='***' AIRFLOW_CTX_DAG_ID='inout_data_ingestion' AIRFLOW_CTX_TASK_ID='create_table' AIRFLOW_CTX_EXECUTION_DATE='2024-09-29T12:30:00+00:00' AIRFLOW_CTX_TRY_NUMBER='1' AIRFLOW_CTX_DAG_RUN_ID='scheduled__2024-09-29T12:30:00+00:00'
[2025-03-30T11:40:26.131+0000] {logging_mixin.py:188} INFO - Successfully connected to MariaDB: INOUT on mariadb:3306
[2025-03-30T11:40:26.133+0000] {inout_data.py:46} INFO - Table emp_inout_rec created (if it didn't exist).
[2025-03-30T11:40:26.134+0000] {logging_mixin.py:188} INFO - MariaDB connection closed.
[2025-03-30T11:40:26.134+0000] {python.py:202} INFO - Done. Returned value was: None
[2025-03-30T11:40:26.152+0000] {taskinstance.py:1149} INFO - Marking task as SUCCESS. dag_id=inout_data_ingestion, task_id=create_table, execution_date=20240929T123000, start_date=20250330T114025, end_date=20250330T114026
[2025-03-30T11:40:26.217+0000] {local_task_job_runner.py:234} INFO - Task exited with return code 0
[2025-03-30T11:40:26.245+0000] {taskinstance.py:3309} INFO - 1 downstream tasks scheduled from follow-on schedule check
