[2025-03-30T11:10:02.400+0000] {taskinstance.py:1979} INFO - Dependencies all met for dep_context=non-requeueable deps ti=<TaskInstance: inout_data_ingestion.ingest_dummy_data scheduled__2024-10-01T10:00:00+00:00 [queued]>
[2025-03-30T11:10:02.414+0000] {taskinstance.py:1979} INFO - Dependencies all met for dep_context=requeueable deps ti=<TaskInstance: inout_data_ingestion.ingest_dummy_data scheduled__2024-10-01T10:00:00+00:00 [queued]>
[2025-03-30T11:10:02.414+0000] {taskinstance.py:2193} INFO - Starting attempt 1 of 2
[2025-03-30T11:10:02.430+0000] {taskinstance.py:2214} INFO - Executing <Task(PythonOperator): ingest_dummy_data> on 2024-10-01 10:00:00+00:00
[2025-03-30T11:10:02.442+0000] {standard_task_runner.py:60} INFO - Started process 565 to run task
[2025-03-30T11:10:02.448+0000] {standard_task_runner.py:87} INFO - Running: ['***', 'tasks', 'run', 'inout_data_ingestion', 'ingest_dummy_data', 'scheduled__2024-10-01T10:00:00+00:00', '--job-id', '257', '--raw', '--subdir', 'DAGS_FOLDER/inout_data.py', '--cfg-path', '/tmp/tmpb6eqigfy']
[2025-03-30T11:10:02.450+0000] {standard_task_runner.py:88} INFO - Job 257: Subtask ingest_dummy_data
[2025-03-30T11:10:02.472+0000] {warnings.py:109} WARNING - /home/***/.local/lib/python3.8/site-packages/***/settings.py:194: DeprecationWarning: The sql_alchemy_conn option in [core] has been moved to the sql_alchemy_conn option in [database] - the old setting has been used, but please update your config.
  SQL_ALCHEMY_CONN = conf.get("database", "SQL_ALCHEMY_CONN")

[2025-03-30T11:10:02.510+0000] {task_command.py:423} INFO - Running <TaskInstance: inout_data_ingestion.ingest_dummy_data scheduled__2024-10-01T10:00:00+00:00 [running]> on host ff9d64b065e6
[2025-03-30T11:10:02.566+0000] {taskinstance.py:2510} INFO - Exporting env vars: AIRFLOW_CTX_DAG_OWNER='***' AIRFLOW_CTX_DAG_ID='inout_data_ingestion' AIRFLOW_CTX_TASK_ID='ingest_dummy_data' AIRFLOW_CTX_EXECUTION_DATE='2024-10-01T10:00:00+00:00' AIRFLOW_CTX_TRY_NUMBER='1' AIRFLOW_CTX_DAG_RUN_ID='scheduled__2024-10-01T10:00:00+00:00'
[2025-03-30T11:10:02.569+0000] {inout_data.py:42} INFO - Successfully connected to MariaDB: INOUT on mariadb:3306
[2025-03-30T11:10:02.570+0000] {inout_data.py:63} ERROR - Error executing query: (1062, "Duplicate entry '2025-03-30 11:10:02-6209' for key 'PRIMARY'")
[2025-03-30T11:10:02.571+0000] {inout_data.py:63} ERROR - Error executing query: (1062, "Duplicate entry '2025-03-30 11:10:02-6209' for key 'PRIMARY'")
[2025-03-30T11:10:02.571+0000] {inout_data.py:63} ERROR - Error executing query: (1062, "Duplicate entry '2025-03-30 11:10:02-6209' for key 'PRIMARY'")
[2025-03-30T11:10:02.571+0000] {inout_data.py:63} ERROR - Error executing query: (1062, "Duplicate entry '2025-03-30 11:10:02-6209' for key 'PRIMARY'")
[2025-03-30T11:10:02.572+0000] {inout_data.py:63} ERROR - Error executing query: (1062, "Duplicate entry '2025-03-30 11:10:02-6209' for key 'PRIMARY'")
[2025-03-30T11:10:02.572+0000] {inout_data.py:63} ERROR - Error executing query: (1062, "Duplicate entry '2025-03-30 11:10:02-6209' for key 'PRIMARY'")
[2025-03-30T11:10:02.573+0000] {inout_data.py:63} ERROR - Error executing query: (1062, "Duplicate entry '2025-03-30 11:10:02-6209' for key 'PRIMARY'")
[2025-03-30T11:10:02.573+0000] {inout_data.py:63} ERROR - Error executing query: (1062, "Duplicate entry '2025-03-30 11:10:02-6209' for key 'PRIMARY'")
[2025-03-30T11:10:02.573+0000] {inout_data.py:63} ERROR - Error executing query: (1062, "Duplicate entry '2025-03-30 11:10:02-6209' for key 'PRIMARY'")
[2025-03-30T11:10:02.574+0000] {inout_data.py:63} ERROR - Error executing query: (1062, "Duplicate entry '2025-03-30 11:10:02-6209' for key 'PRIMARY'")
[2025-03-30T11:10:02.574+0000] {inout_data.py:63} ERROR - Error executing query: (1062, "Duplicate entry '2025-03-30 11:10:02-6209' for key 'PRIMARY'")
[2025-03-30T11:10:02.574+0000] {inout_data.py:63} ERROR - Error executing query: (1062, "Duplicate entry '2025-03-30 11:10:02-6209' for key 'PRIMARY'")
[2025-03-30T11:10:02.575+0000] {inout_data.py:63} ERROR - Error executing query: (1062, "Duplicate entry '2025-03-30 11:10:02-6209' for key 'PRIMARY'")
[2025-03-30T11:10:02.575+0000] {inout_data.py:63} ERROR - Error executing query: (1062, "Duplicate entry '2025-03-30 11:10:02-6209' for key 'PRIMARY'")
[2025-03-30T11:10:02.576+0000] {inout_data.py:159} INFO - Ingested 15 rows of dummy data.
[2025-03-30T11:10:02.576+0000] {inout_data.py:78} INFO - MariaDB connection closed.
[2025-03-30T11:10:02.576+0000] {python.py:202} INFO - Done. Returned value was: None
[2025-03-30T11:10:02.581+0000] {taskinstance.py:1149} INFO - Marking task as SUCCESS. dag_id=inout_data_ingestion, task_id=ingest_dummy_data, execution_date=20241001T100000, start_date=20250330T111002, end_date=20250330T111002
[2025-03-30T11:10:02.631+0000] {local_task_job_runner.py:234} INFO - Task exited with return code 0
[2025-03-30T11:10:02.639+0000] {taskinstance.py:3309} INFO - 0 downstream tasks scheduled from follow-on schedule check
[2025-03-30T11:16:38.585+0000] {taskinstance.py:1979} INFO - Dependencies all met for dep_context=non-requeueable deps ti=<TaskInstance: inout_data_ingestion.ingest_dummy_data scheduled__2024-10-01T10:00:00+00:00 [queued]>
[2025-03-30T11:16:38.601+0000] {taskinstance.py:1979} INFO - Dependencies all met for dep_context=requeueable deps ti=<TaskInstance: inout_data_ingestion.ingest_dummy_data scheduled__2024-10-01T10:00:00+00:00 [queued]>
[2025-03-30T11:16:38.603+0000] {taskinstance.py:2193} INFO - Starting attempt 1 of 2
[2025-03-30T11:16:38.837+0000] {taskinstance.py:2214} INFO - Executing <Task(PythonOperator): ingest_dummy_data> on 2024-10-01 10:00:00+00:00
[2025-03-30T11:16:38.855+0000] {standard_task_runner.py:60} INFO - Started process 2429 to run task
[2025-03-30T11:16:38.871+0000] {standard_task_runner.py:87} INFO - Running: ['***', 'tasks', 'run', 'inout_data_ingestion', 'ingest_dummy_data', 'scheduled__2024-10-01T10:00:00+00:00', '--job-id', '1188', '--raw', '--subdir', 'DAGS_FOLDER/inout_data.py', '--cfg-path', '/tmp/tmp0hquh8jr']
[2025-03-30T11:16:38.876+0000] {standard_task_runner.py:88} INFO - Job 1188: Subtask ingest_dummy_data
[2025-03-30T11:16:38.925+0000] {warnings.py:109} WARNING - /home/***/.local/lib/python3.8/site-packages/***/settings.py:194: DeprecationWarning: The sql_alchemy_conn option in [core] has been moved to the sql_alchemy_conn option in [database] - the old setting has been used, but please update your config.
  SQL_ALCHEMY_CONN = conf.get("database", "SQL_ALCHEMY_CONN")

[2025-03-30T11:16:39.077+0000] {task_command.py:423} INFO - Running <TaskInstance: inout_data_ingestion.ingest_dummy_data scheduled__2024-10-01T10:00:00+00:00 [running]> on host ff9d64b065e6
[2025-03-30T11:16:39.359+0000] {taskinstance.py:2510} INFO - Exporting env vars: AIRFLOW_CTX_DAG_OWNER='***' AIRFLOW_CTX_DAG_ID='inout_data_ingestion' AIRFLOW_CTX_TASK_ID='ingest_dummy_data' AIRFLOW_CTX_EXECUTION_DATE='2024-10-01T10:00:00+00:00' AIRFLOW_CTX_TRY_NUMBER='1' AIRFLOW_CTX_DAG_RUN_ID='scheduled__2024-10-01T10:00:00+00:00'
[2025-03-30T11:16:39.381+0000] {inout_data.py:42} INFO - Successfully connected to MariaDB: INOUT on mariadb:3306
[2025-03-30T11:16:39.399+0000] {inout_data.py:63} ERROR - Error executing query: (1062, "Duplicate entry '2025-03-30 11:16:39-8803' for key 'PRIMARY'")
[2025-03-30T11:16:39.403+0000] {inout_data.py:63} ERROR - Error executing query: (1062, "Duplicate entry '2025-03-30 11:16:39-8803' for key 'PRIMARY'")
[2025-03-30T11:16:39.403+0000] {inout_data.py:63} ERROR - Error executing query: (1062, "Duplicate entry '2025-03-30 11:16:39-8803' for key 'PRIMARY'")
[2025-03-30T11:16:39.404+0000] {inout_data.py:63} ERROR - Error executing query: (1062, "Duplicate entry '2025-03-30 11:16:39-8803' for key 'PRIMARY'")
[2025-03-30T11:16:39.405+0000] {inout_data.py:63} ERROR - Error executing query: (1062, "Duplicate entry '2025-03-30 11:16:39-8803' for key 'PRIMARY'")
[2025-03-30T11:16:39.408+0000] {inout_data.py:63} ERROR - Error executing query: (1062, "Duplicate entry '2025-03-30 11:16:39-8803' for key 'PRIMARY'")
[2025-03-30T11:16:39.411+0000] {inout_data.py:63} ERROR - Error executing query: (1062, "Duplicate entry '2025-03-30 11:16:39-8803' for key 'PRIMARY'")
[2025-03-30T11:16:39.416+0000] {inout_data.py:63} ERROR - Error executing query: (1062, "Duplicate entry '2025-03-30 11:16:39-8803' for key 'PRIMARY'")
[2025-03-30T11:16:39.418+0000] {inout_data.py:63} ERROR - Error executing query: (1062, "Duplicate entry '2025-03-30 11:16:39-8803' for key 'PRIMARY'")
[2025-03-30T11:16:39.418+0000] {inout_data.py:63} ERROR - Error executing query: (1062, "Duplicate entry '2025-03-30 11:16:39-8803' for key 'PRIMARY'")
[2025-03-30T11:16:39.420+0000] {inout_data.py:63} ERROR - Error executing query: (1062, "Duplicate entry '2025-03-30 11:16:39-8803' for key 'PRIMARY'")
[2025-03-30T11:16:39.421+0000] {inout_data.py:63} ERROR - Error executing query: (1062, "Duplicate entry '2025-03-30 11:16:39-8803' for key 'PRIMARY'")
[2025-03-30T11:16:39.424+0000] {inout_data.py:63} ERROR - Error executing query: (1062, "Duplicate entry '2025-03-30 11:16:39-8803' for key 'PRIMARY'")
[2025-03-30T11:16:39.430+0000] {inout_data.py:63} ERROR - Error executing query: (1062, "Duplicate entry '2025-03-30 11:16:39-8803' for key 'PRIMARY'")
[2025-03-30T11:16:39.431+0000] {inout_data.py:63} ERROR - Error executing query: (1062, "Duplicate entry '2025-03-30 11:16:39-8803' for key 'PRIMARY'")
[2025-03-30T11:16:39.434+0000] {inout_data.py:63} ERROR - Error executing query: (1062, "Duplicate entry '2025-03-30 11:16:39-8803' for key 'PRIMARY'")
[2025-03-30T11:16:39.436+0000] {inout_data.py:63} ERROR - Error executing query: (1062, "Duplicate entry '2025-03-30 11:16:39-8803' for key 'PRIMARY'")
[2025-03-30T11:16:39.437+0000] {inout_data.py:152} INFO - Ingested 18 rows of dummy data.
[2025-03-30T11:16:39.439+0000] {inout_data.py:78} INFO - MariaDB connection closed.
[2025-03-30T11:16:39.440+0000] {python.py:202} INFO - Done. Returned value was: None
[2025-03-30T11:16:39.466+0000] {taskinstance.py:1149} INFO - Marking task as SUCCESS. dag_id=inout_data_ingestion, task_id=ingest_dummy_data, execution_date=20241001T100000, start_date=20250330T111638, end_date=20250330T111639
[2025-03-30T11:16:39.553+0000] {local_task_job_runner.py:234} INFO - Task exited with return code 0
[2025-03-30T11:16:39.613+0000] {taskinstance.py:3309} INFO - 0 downstream tasks scheduled from follow-on schedule check
[2025-03-30T11:29:13.669+0000] {taskinstance.py:1979} INFO - Dependencies all met for dep_context=non-requeueable deps ti=<TaskInstance: inout_data_ingestion.ingest_dummy_data scheduled__2024-10-01T10:00:00+00:00 [queued]>
[2025-03-30T11:29:13.679+0000] {taskinstance.py:1979} INFO - Dependencies all met for dep_context=requeueable deps ti=<TaskInstance: inout_data_ingestion.ingest_dummy_data scheduled__2024-10-01T10:00:00+00:00 [queued]>
[2025-03-30T11:29:13.680+0000] {taskinstance.py:2193} INFO - Starting attempt 1 of 2
[2025-03-30T11:29:13.689+0000] {taskinstance.py:2214} INFO - Executing <Task(PythonOperator): ingest_dummy_data> on 2024-10-01 10:00:00+00:00
[2025-03-30T11:29:13.693+0000] {standard_task_runner.py:60} INFO - Started process 4339 to run task
[2025-03-30T11:29:13.696+0000] {standard_task_runner.py:87} INFO - Running: ['***', 'tasks', 'run', 'inout_data_ingestion', 'ingest_dummy_data', 'scheduled__2024-10-01T10:00:00+00:00', '--job-id', '2145', '--raw', '--subdir', 'DAGS_FOLDER/inout_data.py', '--cfg-path', '/tmp/tmplh2r40jh']
[2025-03-30T11:29:13.697+0000] {standard_task_runner.py:88} INFO - Job 2145: Subtask ingest_dummy_data
[2025-03-30T11:29:13.705+0000] {warnings.py:109} WARNING - /home/***/.local/lib/python3.8/site-packages/***/settings.py:194: DeprecationWarning: The sql_alchemy_conn option in [core] has been moved to the sql_alchemy_conn option in [database] - the old setting has been used, but please update your config.
  SQL_ALCHEMY_CONN = conf.get("database", "SQL_ALCHEMY_CONN")

[2025-03-30T11:29:13.740+0000] {task_command.py:423} INFO - Running <TaskInstance: inout_data_ingestion.ingest_dummy_data scheduled__2024-10-01T10:00:00+00:00 [running]> on host ff9d64b065e6
[2025-03-30T11:29:13.774+0000] {taskinstance.py:2510} INFO - Exporting env vars: AIRFLOW_CTX_DAG_OWNER='***' AIRFLOW_CTX_DAG_ID='inout_data_ingestion' AIRFLOW_CTX_TASK_ID='ingest_dummy_data' AIRFLOW_CTX_EXECUTION_DATE='2024-10-01T10:00:00+00:00' AIRFLOW_CTX_TRY_NUMBER='1' AIRFLOW_CTX_DAG_RUN_ID='scheduled__2024-10-01T10:00:00+00:00'
[2025-03-30T11:29:13.776+0000] {logging_mixin.py:188} INFO - Successfully connected to MariaDB: INOUT on mariadb:3306
[2025-03-30T11:29:13.776+0000] {logging_mixin.py:188} INFO - General error executing query: not all arguments converted during string formatting
[2025-03-30T11:29:13.777+0000] {logging_mixin.py:188} INFO - General error executing query: not all arguments converted during string formatting
[2025-03-30T11:29:13.777+0000] {logging_mixin.py:188} INFO - General error executing query: not all arguments converted during string formatting
[2025-03-30T11:29:13.777+0000] {logging_mixin.py:188} INFO - General error executing query: not all arguments converted during string formatting
[2025-03-30T11:29:13.777+0000] {logging_mixin.py:188} INFO - General error executing query: not all arguments converted during string formatting
[2025-03-30T11:29:13.777+0000] {inout_data.py:87} INFO - Ingested 5 rows of dummy data for 2024-10-01 10:00:00+00:00.
[2025-03-30T11:29:13.778+0000] {logging_mixin.py:188} INFO - MariaDB connection closed.
[2025-03-30T11:29:13.778+0000] {python.py:202} INFO - Done. Returned value was: None
[2025-03-30T11:29:13.782+0000] {taskinstance.py:1149} INFO - Marking task as SUCCESS. dag_id=inout_data_ingestion, task_id=ingest_dummy_data, execution_date=20241001T100000, start_date=20250330T112913, end_date=20250330T112913
[2025-03-30T11:29:13.794+0000] {local_task_job_runner.py:234} INFO - Task exited with return code 0
[2025-03-30T11:29:13.806+0000] {taskinstance.py:3309} INFO - 0 downstream tasks scheduled from follow-on schedule check
[2025-03-30T11:33:59.307+0000] {taskinstance.py:1979} INFO - Dependencies all met for dep_context=non-requeueable deps ti=<TaskInstance: inout_data_ingestion.ingest_dummy_data scheduled__2024-10-01T10:00:00+00:00 [queued]>
[2025-03-30T11:33:59.330+0000] {taskinstance.py:1979} INFO - Dependencies all met for dep_context=requeueable deps ti=<TaskInstance: inout_data_ingestion.ingest_dummy_data scheduled__2024-10-01T10:00:00+00:00 [queued]>
[2025-03-30T11:33:59.332+0000] {taskinstance.py:2193} INFO - Starting attempt 1 of 2
[2025-03-30T11:33:59.376+0000] {taskinstance.py:2214} INFO - Executing <Task(PythonOperator): ingest_dummy_data> on 2024-10-01 10:00:00+00:00
[2025-03-30T11:33:59.400+0000] {standard_task_runner.py:60} INFO - Started process 5807 to run task
[2025-03-30T11:33:59.427+0000] {standard_task_runner.py:87} INFO - Running: ['***', 'tasks', 'run', 'inout_data_ingestion', 'ingest_dummy_data', 'scheduled__2024-10-01T10:00:00+00:00', '--job-id', '2878', '--raw', '--subdir', 'DAGS_FOLDER/inout_data.py', '--cfg-path', '/tmp/tmpo63z58ot']
[2025-03-30T11:33:59.443+0000] {standard_task_runner.py:88} INFO - Job 2878: Subtask ingest_dummy_data
[2025-03-30T11:33:59.506+0000] {warnings.py:109} WARNING - /home/***/.local/lib/python3.8/site-packages/***/settings.py:194: DeprecationWarning: The sql_alchemy_conn option in [core] has been moved to the sql_alchemy_conn option in [database] - the old setting has been used, but please update your config.
  SQL_ALCHEMY_CONN = conf.get("database", "SQL_ALCHEMY_CONN")

[2025-03-30T11:33:59.703+0000] {task_command.py:423} INFO - Running <TaskInstance: inout_data_ingestion.ingest_dummy_data scheduled__2024-10-01T10:00:00+00:00 [running]> on host ff9d64b065e6
[2025-03-30T11:33:59.909+0000] {taskinstance.py:2510} INFO - Exporting env vars: AIRFLOW_CTX_DAG_OWNER='***' AIRFLOW_CTX_DAG_ID='inout_data_ingestion' AIRFLOW_CTX_TASK_ID='ingest_dummy_data' AIRFLOW_CTX_EXECUTION_DATE='2024-10-01T10:00:00+00:00' AIRFLOW_CTX_TRY_NUMBER='1' AIRFLOW_CTX_DAG_RUN_ID='scheduled__2024-10-01T10:00:00+00:00'
[2025-03-30T11:33:59.938+0000] {logging_mixin.py:188} INFO - Successfully connected to MariaDB: INOUT on mariadb:3306
[2025-03-30T11:33:59.949+0000] {inout_data.py:83} INFO - {'ingested_time': datetime.datetime(2025, 3, 30, 11, 33, 59, 949448), 'timestamp': datetime.datetime(2024, 10, 1, 10, 24, tzinfo=datetime.timezone.utc), 'emp_id': 9207, 'employee_name': 'Employee21', 'factory': 'FactoryA', 'in_out': 'IN', 'entrance': 'Side', 'door_number': '2', 'function': 'IT', 'division': 'BSID', 'department': 'CAPD', 'section': '1'}
[2025-03-30T11:33:59.966+0000] {logging_mixin.py:188} INFO - General error executing query: not all arguments converted during string formatting
[2025-03-30T11:33:59.975+0000] {inout_data.py:83} INFO - {'ingested_time': datetime.datetime(2025, 3, 30, 11, 33, 59, 975737), 'timestamp': datetime.datetime(2024, 10, 1, 10, 8, tzinfo=datetime.timezone.utc), 'emp_id': 6844, 'employee_name': 'Employee97', 'factory': 'FactoryA', 'in_out': 'IN', 'entrance': 'Main', 'door_number': '7', 'function': 'IT', 'division': 'BSID', 'department': 'CAPD', 'section': '2'}
[2025-03-30T11:33:59.982+0000] {logging_mixin.py:188} INFO - General error executing query: not all arguments converted during string formatting
[2025-03-30T11:33:59.986+0000] {inout_data.py:83} INFO - {'ingested_time': datetime.datetime(2025, 3, 30, 11, 33, 59, 986236), 'timestamp': datetime.datetime(2024, 10, 1, 10, 0, tzinfo=datetime.timezone.utc), 'emp_id': 6007, 'employee_name': 'Employee77', 'factory': 'FactoryA', 'in_out': 'IN', 'entrance': 'Side', 'door_number': '9', 'function': 'IT', 'division': 'AAPD', 'department': 'ML', 'section': '2'}
[2025-03-30T11:33:59.990+0000] {logging_mixin.py:188} INFO - General error executing query: not all arguments converted during string formatting
[2025-03-30T11:33:59.999+0000] {inout_data.py:83} INFO - {'ingested_time': datetime.datetime(2025, 3, 30, 11, 33, 59, 999910), 'timestamp': datetime.datetime(2024, 10, 1, 10, 0, tzinfo=datetime.timezone.utc), 'emp_id': 8909, 'employee_name': 'Employee5', 'factory': 'FactoryB', 'in_out': 'OUT', 'entrance': 'Main', 'door_number': '1', 'function': 'IT', 'division': 'BSID', 'department': 'CAPD', 'section': '1'}
[2025-03-30T11:34:00.004+0000] {logging_mixin.py:188} INFO - General error executing query: not all arguments converted during string formatting
[2025-03-30T11:34:00.018+0000] {inout_data.py:83} INFO - {'ingested_time': datetime.datetime(2025, 3, 30, 11, 34, 0, 18059), 'timestamp': datetime.datetime(2024, 10, 1, 10, 24, tzinfo=datetime.timezone.utc), 'emp_id': 2103, 'employee_name': 'Employee78', 'factory': 'FactoryB', 'in_out': 'IN', 'entrance': 'Side', 'door_number': '9', 'function': 'IT', 'division': 'BSID', 'department': 'HRSD', 'section': '1'}
[2025-03-30T11:34:00.027+0000] {logging_mixin.py:188} INFO - General error executing query: not all arguments converted during string formatting
[2025-03-30T11:34:00.040+0000] {inout_data.py:83} INFO - {'ingested_time': datetime.datetime(2025, 3, 30, 11, 34, 0, 40513), 'timestamp': datetime.datetime(2024, 10, 1, 10, 3, tzinfo=datetime.timezone.utc), 'emp_id': 8761, 'employee_name': 'Employee92', 'factory': 'FactoryA', 'in_out': 'OUT', 'entrance': 'Main', 'door_number': '10', 'function': 'IT', 'division': 'AAPD', 'department': 'ML', 'section': '2'}
[2025-03-30T11:34:00.044+0000] {logging_mixin.py:188} INFO - General error executing query: not all arguments converted during string formatting
[2025-03-30T11:34:00.136+0000] {inout_data.py:83} INFO - {'ingested_time': datetime.datetime(2025, 3, 30, 11, 34, 0, 132854), 'timestamp': datetime.datetime(2024, 10, 1, 10, 7, tzinfo=datetime.timezone.utc), 'emp_id': 4311, 'employee_name': 'Employee47', 'factory': 'FactoryB', 'in_out': 'OUT', 'entrance': 'Side', 'door_number': '4', 'function': 'IT', 'division': 'BSID', 'department': 'ML', 'section': '1'}
[2025-03-30T11:34:00.145+0000] {logging_mixin.py:188} INFO - General error executing query: not all arguments converted during string formatting
[2025-03-30T11:34:00.148+0000] {inout_data.py:83} INFO - {'ingested_time': datetime.datetime(2025, 3, 30, 11, 34, 0, 148879), 'timestamp': datetime.datetime(2024, 10, 1, 10, 12, tzinfo=datetime.timezone.utc), 'emp_id': 7089, 'employee_name': 'Employee92', 'factory': 'FactoryB', 'in_out': 'OUT', 'entrance': 'Side', 'door_number': '10', 'function': 'IT', 'division': 'BSID', 'department': 'HRSD', 'section': '1'}
[2025-03-30T11:34:00.151+0000] {logging_mixin.py:188} INFO - General error executing query: not all arguments converted during string formatting
[2025-03-30T11:34:00.153+0000] {inout_data.py:83} INFO - {'ingested_time': datetime.datetime(2025, 3, 30, 11, 34, 0, 153631), 'timestamp': datetime.datetime(2024, 10, 1, 10, 4, tzinfo=datetime.timezone.utc), 'emp_id': 5635, 'employee_name': 'Employee39', 'factory': 'FactoryA', 'in_out': 'OUT', 'entrance': 'Main', 'door_number': '4', 'function': 'IT', 'division': 'AAPD', 'department': 'ML', 'section': '2'}
[2025-03-30T11:34:00.162+0000] {logging_mixin.py:188} INFO - General error executing query: not all arguments converted during string formatting
[2025-03-30T11:34:00.171+0000] {inout_data.py:83} INFO - {'ingested_time': datetime.datetime(2025, 3, 30, 11, 34, 0, 171652), 'timestamp': datetime.datetime(2024, 10, 1, 10, 15, tzinfo=datetime.timezone.utc), 'emp_id': 6231, 'employee_name': 'Employee80', 'factory': 'FactoryA', 'in_out': 'OUT', 'entrance': 'Main', 'door_number': '4', 'function': 'IT', 'division': 'BSID', 'department': 'ML', 'section': '2'}
[2025-03-30T11:34:00.173+0000] {logging_mixin.py:188} INFO - General error executing query: not all arguments converted during string formatting
[2025-03-30T11:34:00.185+0000] {inout_data.py:83} INFO - {'ingested_time': datetime.datetime(2025, 3, 30, 11, 34, 0, 185632), 'timestamp': datetime.datetime(2024, 10, 1, 10, 29, tzinfo=datetime.timezone.utc), 'emp_id': 1699, 'employee_name': 'Employee29', 'factory': 'FactoryA', 'in_out': 'OUT', 'entrance': 'Side', 'door_number': '3', 'function': 'IT', 'division': 'BSID', 'department': 'HRSD', 'section': '1'}
[2025-03-30T11:34:00.191+0000] {logging_mixin.py:188} INFO - General error executing query: not all arguments converted during string formatting
[2025-03-30T11:34:00.195+0000] {inout_data.py:83} INFO - {'ingested_time': datetime.datetime(2025, 3, 30, 11, 34, 0, 195679), 'timestamp': datetime.datetime(2024, 10, 1, 10, 24, tzinfo=datetime.timezone.utc), 'emp_id': 4392, 'employee_name': 'Employee55', 'factory': 'FactoryA', 'in_out': 'IN', 'entrance': 'Side', 'door_number': '8', 'function': 'IT', 'division': 'BSID', 'department': 'HRSD', 'section': '2'}
[2025-03-30T11:34:00.202+0000] {logging_mixin.py:188} INFO - General error executing query: not all arguments converted during string formatting
[2025-03-30T11:34:00.214+0000] {inout_data.py:88} INFO - Ingested 12 rows of dummy data for 2024-10-01 10:00:00+00:00.
[2025-03-30T11:34:00.229+0000] {logging_mixin.py:188} INFO - MariaDB connection closed.
[2025-03-30T11:34:00.247+0000] {python.py:202} INFO - Done. Returned value was: None
[2025-03-30T11:34:00.702+0000] {taskinstance.py:1149} INFO - Marking task as SUCCESS. dag_id=inout_data_ingestion, task_id=ingest_dummy_data, execution_date=20241001T100000, start_date=20250330T113359, end_date=20250330T113400
[2025-03-30T11:34:00.991+0000] {local_task_job_runner.py:234} INFO - Task exited with return code 0
[2025-03-30T11:34:01.328+0000] {taskinstance.py:3309} INFO - 0 downstream tasks scheduled from follow-on schedule check
[2025-03-30T11:41:34.896+0000] {taskinstance.py:1979} INFO - Dependencies all met for dep_context=non-requeueable deps ti=<TaskInstance: inout_data_ingestion.ingest_dummy_data scheduled__2024-10-01T10:00:00+00:00 [queued]>
[2025-03-30T11:41:34.905+0000] {taskinstance.py:1979} INFO - Dependencies all met for dep_context=requeueable deps ti=<TaskInstance: inout_data_ingestion.ingest_dummy_data scheduled__2024-10-01T10:00:00+00:00 [queued]>
[2025-03-30T11:41:34.905+0000] {taskinstance.py:2193} INFO - Starting attempt 1 of 2
[2025-03-30T11:41:34.915+0000] {taskinstance.py:2214} INFO - Executing <Task(PythonOperator): ingest_dummy_data> on 2024-10-01 10:00:00+00:00
[2025-03-30T11:41:34.918+0000] {standard_task_runner.py:60} INFO - Started process 7141 to run task
[2025-03-30T11:41:34.923+0000] {standard_task_runner.py:87} INFO - Running: ['***', 'tasks', 'run', 'inout_data_ingestion', 'ingest_dummy_data', 'scheduled__2024-10-01T10:00:00+00:00', '--job-id', '3546', '--raw', '--subdir', 'DAGS_FOLDER/inout_data.py', '--cfg-path', '/tmp/tmpafq78abz']
[2025-03-30T11:41:34.924+0000] {standard_task_runner.py:88} INFO - Job 3546: Subtask ingest_dummy_data
[2025-03-30T11:41:34.945+0000] {warnings.py:109} WARNING - /home/***/.local/lib/python3.8/site-packages/***/settings.py:194: DeprecationWarning: The sql_alchemy_conn option in [core] has been moved to the sql_alchemy_conn option in [database] - the old setting has been used, but please update your config.
  SQL_ALCHEMY_CONN = conf.get("database", "SQL_ALCHEMY_CONN")

[2025-03-30T11:41:35.007+0000] {task_command.py:423} INFO - Running <TaskInstance: inout_data_ingestion.ingest_dummy_data scheduled__2024-10-01T10:00:00+00:00 [running]> on host ff9d64b065e6
[2025-03-30T11:41:35.087+0000] {taskinstance.py:2510} INFO - Exporting env vars: AIRFLOW_CTX_DAG_OWNER='***' AIRFLOW_CTX_DAG_ID='inout_data_ingestion' AIRFLOW_CTX_TASK_ID='ingest_dummy_data' AIRFLOW_CTX_EXECUTION_DATE='2024-10-01T10:00:00+00:00' AIRFLOW_CTX_TRY_NUMBER='1' AIRFLOW_CTX_DAG_RUN_ID='scheduled__2024-10-01T10:00:00+00:00'
[2025-03-30T11:41:35.100+0000] {logging_mixin.py:188} INFO - Successfully connected to MariaDB: INOUT on mariadb:3306
[2025-03-30T11:41:35.101+0000] {inout_data.py:83} INFO - {'ingested_time': datetime.datetime(2025, 3, 30, 11, 41, 35, 101374), 'timestamp': datetime.datetime(2024, 10, 1, 10, 18, tzinfo=datetime.timezone.utc), 'emp_id': 4972, 'employee_name': 'Employee84', 'factory': 'FactoryA', 'in_out': 'OUT', 'entrance': 'Main', 'door_number': '4', 'function': 'IT', 'division': 'AAPD', 'department': 'ML', 'section': '2'}
[2025-03-30T11:41:35.101+0000] {inout_data.py:99} INFO - Query: INSERT INTO emp_inout_rec (ingested_time, timestamp, employee_id, employee_name, factory, in_out, entrance, door_number, function, division, department, section) VALUES (%s, %s, %s, %s, %s, %s, %s, %s, %s, %s, %s)
[2025-03-30T11:41:35.102+0000] {inout_data.py:100} INFO - Params: ('2025-03-30 11:41:35', '2024-10-01 10:18:00', 4972, 'Employee84', 'FactoryA', 'OUT', 'Main', '4', 'IT', 'AAPD', 'ML', '2')
[2025-03-30T11:41:35.102+0000] {logging_mixin.py:188} INFO - General error executing query: not all arguments converted during string formatting
[2025-03-30T11:41:35.102+0000] {inout_data.py:83} INFO - {'ingested_time': datetime.datetime(2025, 3, 30, 11, 41, 35, 102737), 'timestamp': datetime.datetime(2024, 10, 1, 10, 0, tzinfo=datetime.timezone.utc), 'emp_id': 7164, 'employee_name': 'Employee40', 'factory': 'FactoryB', 'in_out': 'OUT', 'entrance': 'Main', 'door_number': '1', 'function': 'IT', 'division': 'BSID', 'department': 'ML', 'section': '2'}
[2025-03-30T11:41:35.103+0000] {inout_data.py:99} INFO - Query: INSERT INTO emp_inout_rec (ingested_time, timestamp, employee_id, employee_name, factory, in_out, entrance, door_number, function, division, department, section) VALUES (%s, %s, %s, %s, %s, %s, %s, %s, %s, %s, %s)
[2025-03-30T11:41:35.103+0000] {inout_data.py:100} INFO - Params: ('2025-03-30 11:41:35', '2024-10-01 10:00:00', 7164, 'Employee40', 'FactoryB', 'OUT', 'Main', '1', 'IT', 'BSID', 'ML', '2')
[2025-03-30T11:41:35.104+0000] {logging_mixin.py:188} INFO - General error executing query: not all arguments converted during string formatting
[2025-03-30T11:41:35.105+0000] {inout_data.py:83} INFO - {'ingested_time': datetime.datetime(2025, 3, 30, 11, 41, 35, 105532), 'timestamp': datetime.datetime(2024, 10, 1, 10, 26, tzinfo=datetime.timezone.utc), 'emp_id': 7106, 'employee_name': 'Employee34', 'factory': 'FactoryB', 'in_out': 'OUT', 'entrance': 'Side', 'door_number': '9', 'function': 'IT', 'division': 'AAPD', 'department': 'CAPD', 'section': '2'}
[2025-03-30T11:41:35.105+0000] {inout_data.py:99} INFO - Query: INSERT INTO emp_inout_rec (ingested_time, timestamp, employee_id, employee_name, factory, in_out, entrance, door_number, function, division, department, section) VALUES (%s, %s, %s, %s, %s, %s, %s, %s, %s, %s, %s)
[2025-03-30T11:41:35.106+0000] {inout_data.py:100} INFO - Params: ('2025-03-30 11:41:35', '2024-10-01 10:26:00', 7106, 'Employee34', 'FactoryB', 'OUT', 'Side', '9', 'IT', 'AAPD', 'CAPD', '2')
[2025-03-30T11:41:35.106+0000] {logging_mixin.py:188} INFO - General error executing query: not all arguments converted during string formatting
[2025-03-30T11:41:35.106+0000] {inout_data.py:83} INFO - {'ingested_time': datetime.datetime(2025, 3, 30, 11, 41, 35, 106638), 'timestamp': datetime.datetime(2024, 10, 1, 10, 17, tzinfo=datetime.timezone.utc), 'emp_id': 7770, 'employee_name': 'Employee30', 'factory': 'FactoryB', 'in_out': 'IN', 'entrance': 'Side', 'door_number': '10', 'function': 'IT', 'division': 'AAPD', 'department': 'HRSD', 'section': '1'}
[2025-03-30T11:41:35.107+0000] {inout_data.py:99} INFO - Query: INSERT INTO emp_inout_rec (ingested_time, timestamp, employee_id, employee_name, factory, in_out, entrance, door_number, function, division, department, section) VALUES (%s, %s, %s, %s, %s, %s, %s, %s, %s, %s, %s)
[2025-03-30T11:41:35.107+0000] {inout_data.py:100} INFO - Params: ('2025-03-30 11:41:35', '2024-10-01 10:17:00', 7770, 'Employee30', 'FactoryB', 'IN', 'Side', '10', 'IT', 'AAPD', 'HRSD', '1')
[2025-03-30T11:41:35.107+0000] {logging_mixin.py:188} INFO - General error executing query: not all arguments converted during string formatting
[2025-03-30T11:41:35.107+0000] {inout_data.py:83} INFO - {'ingested_time': datetime.datetime(2025, 3, 30, 11, 41, 35, 107770), 'timestamp': datetime.datetime(2024, 10, 1, 10, 27, tzinfo=datetime.timezone.utc), 'emp_id': 7500, 'employee_name': 'Employee3', 'factory': 'FactoryA', 'in_out': 'IN', 'entrance': 'Main', 'door_number': '2', 'function': 'IT', 'division': 'BSID', 'department': 'HRSD', 'section': '2'}
[2025-03-30T11:41:35.108+0000] {inout_data.py:99} INFO - Query: INSERT INTO emp_inout_rec (ingested_time, timestamp, employee_id, employee_name, factory, in_out, entrance, door_number, function, division, department, section) VALUES (%s, %s, %s, %s, %s, %s, %s, %s, %s, %s, %s)
[2025-03-30T11:41:35.108+0000] {inout_data.py:100} INFO - Params: ('2025-03-30 11:41:35', '2024-10-01 10:27:00', 7500, 'Employee3', 'FactoryA', 'IN', 'Main', '2', 'IT', 'BSID', 'HRSD', '2')
[2025-03-30T11:41:35.108+0000] {logging_mixin.py:188} INFO - General error executing query: not all arguments converted during string formatting
[2025-03-30T11:41:35.108+0000] {inout_data.py:83} INFO - {'ingested_time': datetime.datetime(2025, 3, 30, 11, 41, 35, 108658), 'timestamp': datetime.datetime(2024, 10, 1, 10, 4, tzinfo=datetime.timezone.utc), 'emp_id': 5560, 'employee_name': 'Employee73', 'factory': 'FactoryB', 'in_out': 'OUT', 'entrance': 'Main', 'door_number': '4', 'function': 'IT', 'division': 'BSID', 'department': 'ML', 'section': '1'}
[2025-03-30T11:41:35.109+0000] {inout_data.py:99} INFO - Query: INSERT INTO emp_inout_rec (ingested_time, timestamp, employee_id, employee_name, factory, in_out, entrance, door_number, function, division, department, section) VALUES (%s, %s, %s, %s, %s, %s, %s, %s, %s, %s, %s)
[2025-03-30T11:41:35.109+0000] {inout_data.py:100} INFO - Params: ('2025-03-30 11:41:35', '2024-10-01 10:04:00', 5560, 'Employee73', 'FactoryB', 'OUT', 'Main', '4', 'IT', 'BSID', 'ML', '1')
[2025-03-30T11:41:35.109+0000] {logging_mixin.py:188} INFO - General error executing query: not all arguments converted during string formatting
[2025-03-30T11:41:35.109+0000] {inout_data.py:83} INFO - {'ingested_time': datetime.datetime(2025, 3, 30, 11, 41, 35, 109736), 'timestamp': datetime.datetime(2024, 10, 1, 10, 0, tzinfo=datetime.timezone.utc), 'emp_id': 6591, 'employee_name': 'Employee29', 'factory': 'FactoryA', 'in_out': 'IN', 'entrance': 'Side', 'door_number': '9', 'function': 'IT', 'division': 'AAPD', 'department': 'HRSD', 'section': '1'}
[2025-03-30T11:41:35.110+0000] {inout_data.py:99} INFO - Query: INSERT INTO emp_inout_rec (ingested_time, timestamp, employee_id, employee_name, factory, in_out, entrance, door_number, function, division, department, section) VALUES (%s, %s, %s, %s, %s, %s, %s, %s, %s, %s, %s)
[2025-03-30T11:41:35.110+0000] {inout_data.py:100} INFO - Params: ('2025-03-30 11:41:35', '2024-10-01 10:00:00', 6591, 'Employee29', 'FactoryA', 'IN', 'Side', '9', 'IT', 'AAPD', 'HRSD', '1')
[2025-03-30T11:41:35.110+0000] {logging_mixin.py:188} INFO - General error executing query: not all arguments converted during string formatting
[2025-03-30T11:41:35.110+0000] {inout_data.py:83} INFO - {'ingested_time': datetime.datetime(2025, 3, 30, 11, 41, 35, 110652), 'timestamp': datetime.datetime(2024, 10, 1, 10, 18, tzinfo=datetime.timezone.utc), 'emp_id': 6318, 'employee_name': 'Employee11', 'factory': 'FactoryB', 'in_out': 'OUT', 'entrance': 'Main', 'door_number': '7', 'function': 'IT', 'division': 'AAPD', 'department': 'HRSD', 'section': '2'}
[2025-03-30T11:41:35.110+0000] {inout_data.py:99} INFO - Query: INSERT INTO emp_inout_rec (ingested_time, timestamp, employee_id, employee_name, factory, in_out, entrance, door_number, function, division, department, section) VALUES (%s, %s, %s, %s, %s, %s, %s, %s, %s, %s, %s)
[2025-03-30T11:41:35.111+0000] {inout_data.py:100} INFO - Params: ('2025-03-30 11:41:35', '2024-10-01 10:18:00', 6318, 'Employee11', 'FactoryB', 'OUT', 'Main', '7', 'IT', 'AAPD', 'HRSD', '2')
[2025-03-30T11:41:35.111+0000] {logging_mixin.py:188} INFO - General error executing query: not all arguments converted during string formatting
[2025-03-30T11:41:35.111+0000] {inout_data.py:83} INFO - {'ingested_time': datetime.datetime(2025, 3, 30, 11, 41, 35, 111590), 'timestamp': datetime.datetime(2024, 10, 1, 10, 2, tzinfo=datetime.timezone.utc), 'emp_id': 2785, 'employee_name': 'Employee48', 'factory': 'FactoryA', 'in_out': 'IN', 'entrance': 'Main', 'door_number': '9', 'function': 'IT', 'division': 'AAPD', 'department': 'CAPD', 'section': '1'}
[2025-03-30T11:41:35.111+0000] {inout_data.py:99} INFO - Query: INSERT INTO emp_inout_rec (ingested_time, timestamp, employee_id, employee_name, factory, in_out, entrance, door_number, function, division, department, section) VALUES (%s, %s, %s, %s, %s, %s, %s, %s, %s, %s, %s)
[2025-03-30T11:41:35.111+0000] {inout_data.py:100} INFO - Params: ('2025-03-30 11:41:35', '2024-10-01 10:02:00', 2785, 'Employee48', 'FactoryA', 'IN', 'Main', '9', 'IT', 'AAPD', 'CAPD', '1')
[2025-03-30T11:41:35.112+0000] {logging_mixin.py:188} INFO - General error executing query: not all arguments converted during string formatting
[2025-03-30T11:41:35.112+0000] {inout_data.py:83} INFO - {'ingested_time': datetime.datetime(2025, 3, 30, 11, 41, 35, 112356), 'timestamp': datetime.datetime(2024, 10, 1, 10, 4, tzinfo=datetime.timezone.utc), 'emp_id': 6705, 'employee_name': 'Employee55', 'factory': 'FactoryA', 'in_out': 'IN', 'entrance': 'Side', 'door_number': '7', 'function': 'IT', 'division': 'BSID', 'department': 'ML', 'section': '2'}
[2025-03-30T11:41:35.112+0000] {inout_data.py:99} INFO - Query: INSERT INTO emp_inout_rec (ingested_time, timestamp, employee_id, employee_name, factory, in_out, entrance, door_number, function, division, department, section) VALUES (%s, %s, %s, %s, %s, %s, %s, %s, %s, %s, %s)
[2025-03-30T11:41:35.112+0000] {inout_data.py:100} INFO - Params: ('2025-03-30 11:41:35', '2024-10-01 10:04:00', 6705, 'Employee55', 'FactoryA', 'IN', 'Side', '7', 'IT', 'BSID', 'ML', '2')
[2025-03-30T11:41:35.112+0000] {logging_mixin.py:188} INFO - General error executing query: not all arguments converted during string formatting
[2025-03-30T11:41:35.113+0000] {inout_data.py:83} INFO - {'ingested_time': datetime.datetime(2025, 3, 30, 11, 41, 35, 113072), 'timestamp': datetime.datetime(2024, 10, 1, 10, 23, tzinfo=datetime.timezone.utc), 'emp_id': 1110, 'employee_name': 'Employee59', 'factory': 'FactoryA', 'in_out': 'OUT', 'entrance': 'Main', 'door_number': '6', 'function': 'IT', 'division': 'BSID', 'department': 'ML', 'section': '2'}
[2025-03-30T11:41:35.113+0000] {inout_data.py:99} INFO - Query: INSERT INTO emp_inout_rec (ingested_time, timestamp, employee_id, employee_name, factory, in_out, entrance, door_number, function, division, department, section) VALUES (%s, %s, %s, %s, %s, %s, %s, %s, %s, %s, %s)
[2025-03-30T11:41:35.113+0000] {inout_data.py:100} INFO - Params: ('2025-03-30 11:41:35', '2024-10-01 10:23:00', 1110, 'Employee59', 'FactoryA', 'OUT', 'Main', '6', 'IT', 'BSID', 'ML', '2')
[2025-03-30T11:41:35.113+0000] {logging_mixin.py:188} INFO - General error executing query: not all arguments converted during string formatting
[2025-03-30T11:41:35.113+0000] {inout_data.py:83} INFO - {'ingested_time': datetime.datetime(2025, 3, 30, 11, 41, 35, 113943), 'timestamp': datetime.datetime(2024, 10, 1, 10, 11, tzinfo=datetime.timezone.utc), 'emp_id': 4341, 'employee_name': 'Employee84', 'factory': 'FactoryA', 'in_out': 'OUT', 'entrance': 'Side', 'door_number': '7', 'function': 'IT', 'division': 'BSID', 'department': 'CAPD', 'section': '2'}
[2025-03-30T11:41:35.114+0000] {inout_data.py:99} INFO - Query: INSERT INTO emp_inout_rec (ingested_time, timestamp, employee_id, employee_name, factory, in_out, entrance, door_number, function, division, department, section) VALUES (%s, %s, %s, %s, %s, %s, %s, %s, %s, %s, %s)
[2025-03-30T11:41:35.114+0000] {inout_data.py:100} INFO - Params: ('2025-03-30 11:41:35', '2024-10-01 10:11:00', 4341, 'Employee84', 'FactoryA', 'OUT', 'Side', '7', 'IT', 'BSID', 'CAPD', '2')
[2025-03-30T11:41:35.114+0000] {logging_mixin.py:188} INFO - General error executing query: not all arguments converted during string formatting
[2025-03-30T11:41:35.115+0000] {inout_data.py:83} INFO - {'ingested_time': datetime.datetime(2025, 3, 30, 11, 41, 35, 115087), 'timestamp': datetime.datetime(2024, 10, 1, 10, 26, tzinfo=datetime.timezone.utc), 'emp_id': 1218, 'employee_name': 'Employee54', 'factory': 'FactoryA', 'in_out': 'OUT', 'entrance': 'Main', 'door_number': '8', 'function': 'IT', 'division': 'BSID', 'department': 'HRSD', 'section': '1'}
[2025-03-30T11:41:35.115+0000] {inout_data.py:99} INFO - Query: INSERT INTO emp_inout_rec (ingested_time, timestamp, employee_id, employee_name, factory, in_out, entrance, door_number, function, division, department, section) VALUES (%s, %s, %s, %s, %s, %s, %s, %s, %s, %s, %s)
[2025-03-30T11:41:35.115+0000] {inout_data.py:100} INFO - Params: ('2025-03-30 11:41:35', '2024-10-01 10:26:00', 1218, 'Employee54', 'FactoryA', 'OUT', 'Main', '8', 'IT', 'BSID', 'HRSD', '1')
[2025-03-30T11:41:35.115+0000] {logging_mixin.py:188} INFO - General error executing query: not all arguments converted during string formatting
[2025-03-30T11:41:35.116+0000] {inout_data.py:83} INFO - {'ingested_time': datetime.datetime(2025, 3, 30, 11, 41, 35, 116025), 'timestamp': datetime.datetime(2024, 10, 1, 10, 19, tzinfo=datetime.timezone.utc), 'emp_id': 9424, 'employee_name': 'Employee28', 'factory': 'FactoryA', 'in_out': 'OUT', 'entrance': 'Main', 'door_number': '1', 'function': 'IT', 'division': 'AAPD', 'department': 'HRSD', 'section': '1'}
[2025-03-30T11:41:35.116+0000] {inout_data.py:99} INFO - Query: INSERT INTO emp_inout_rec (ingested_time, timestamp, employee_id, employee_name, factory, in_out, entrance, door_number, function, division, department, section) VALUES (%s, %s, %s, %s, %s, %s, %s, %s, %s, %s, %s)
[2025-03-30T11:41:35.117+0000] {inout_data.py:100} INFO - Params: ('2025-03-30 11:41:35', '2024-10-01 10:19:00', 9424, 'Employee28', 'FactoryA', 'OUT', 'Main', '1', 'IT', 'AAPD', 'HRSD', '1')
[2025-03-30T11:41:35.118+0000] {logging_mixin.py:188} INFO - General error executing query: not all arguments converted during string formatting
[2025-03-30T11:41:35.119+0000] {inout_data.py:83} INFO - {'ingested_time': datetime.datetime(2025, 3, 30, 11, 41, 35, 119825), 'timestamp': datetime.datetime(2024, 10, 1, 10, 20, tzinfo=datetime.timezone.utc), 'emp_id': 9710, 'employee_name': 'Employee6', 'factory': 'FactoryA', 'in_out': 'IN', 'entrance': 'Side', 'door_number': '3', 'function': 'IT', 'division': 'BSID', 'department': 'HRSD', 'section': '1'}
[2025-03-30T11:41:35.120+0000] {inout_data.py:99} INFO - Query: INSERT INTO emp_inout_rec (ingested_time, timestamp, employee_id, employee_name, factory, in_out, entrance, door_number, function, division, department, section) VALUES (%s, %s, %s, %s, %s, %s, %s, %s, %s, %s, %s)
[2025-03-30T11:41:35.120+0000] {inout_data.py:100} INFO - Params: ('2025-03-30 11:41:35', '2024-10-01 10:20:00', 9710, 'Employee6', 'FactoryA', 'IN', 'Side', '3', 'IT', 'BSID', 'HRSD', '1')
[2025-03-30T11:41:35.121+0000] {logging_mixin.py:188} INFO - General error executing query: not all arguments converted during string formatting
[2025-03-30T11:41:35.123+0000] {inout_data.py:83} INFO - {'ingested_time': datetime.datetime(2025, 3, 30, 11, 41, 35, 123768), 'timestamp': datetime.datetime(2024, 10, 1, 10, 27, tzinfo=datetime.timezone.utc), 'emp_id': 3679, 'employee_name': 'Employee22', 'factory': 'FactoryA', 'in_out': 'OUT', 'entrance': 'Side', 'door_number': '6', 'function': 'IT', 'division': 'AAPD', 'department': 'CAPD', 'section': '2'}
[2025-03-30T11:41:35.124+0000] {inout_data.py:99} INFO - Query: INSERT INTO emp_inout_rec (ingested_time, timestamp, employee_id, employee_name, factory, in_out, entrance, door_number, function, division, department, section) VALUES (%s, %s, %s, %s, %s, %s, %s, %s, %s, %s, %s)
[2025-03-30T11:41:35.124+0000] {inout_data.py:100} INFO - Params: ('2025-03-30 11:41:35', '2024-10-01 10:27:00', 3679, 'Employee22', 'FactoryA', 'OUT', 'Side', '6', 'IT', 'AAPD', 'CAPD', '2')
[2025-03-30T11:41:35.124+0000] {logging_mixin.py:188} INFO - General error executing query: not all arguments converted during string formatting
[2025-03-30T11:41:35.124+0000] {inout_data.py:83} INFO - {'ingested_time': datetime.datetime(2025, 3, 30, 11, 41, 35, 124800), 'timestamp': datetime.datetime(2024, 10, 1, 10, 8, tzinfo=datetime.timezone.utc), 'emp_id': 2710, 'employee_name': 'Employee5', 'factory': 'FactoryB', 'in_out': 'IN', 'entrance': 'Side', 'door_number': '6', 'function': 'IT', 'division': 'AAPD', 'department': 'CAPD', 'section': '2'}
[2025-03-30T11:41:35.125+0000] {inout_data.py:99} INFO - Query: INSERT INTO emp_inout_rec (ingested_time, timestamp, employee_id, employee_name, factory, in_out, entrance, door_number, function, division, department, section) VALUES (%s, %s, %s, %s, %s, %s, %s, %s, %s, %s, %s)
[2025-03-30T11:41:35.125+0000] {inout_data.py:100} INFO - Params: ('2025-03-30 11:41:35', '2024-10-01 10:08:00', 2710, 'Employee5', 'FactoryB', 'IN', 'Side', '6', 'IT', 'AAPD', 'CAPD', '2')
[2025-03-30T11:41:35.125+0000] {logging_mixin.py:188} INFO - General error executing query: not all arguments converted during string formatting
[2025-03-30T11:41:35.125+0000] {inout_data.py:102} INFO - Ingested 17 rows of dummy data for 2024-10-01 10:00:00+00:00.
[2025-03-30T11:41:35.125+0000] {logging_mixin.py:188} INFO - MariaDB connection closed.
[2025-03-30T11:41:35.126+0000] {python.py:202} INFO - Done. Returned value was: None
[2025-03-30T11:41:35.137+0000] {taskinstance.py:1149} INFO - Marking task as SUCCESS. dag_id=inout_data_ingestion, task_id=ingest_dummy_data, execution_date=20241001T100000, start_date=20250330T114134, end_date=20250330T114135
[2025-03-30T11:41:35.185+0000] {local_task_job_runner.py:234} INFO - Task exited with return code 0
[2025-03-30T11:41:35.215+0000] {taskinstance.py:3309} INFO - 0 downstream tasks scheduled from follow-on schedule check
