[2025-03-30T11:09:44.501+0000] {taskinstance.py:1979} INFO - Dependencies all met for dep_context=non-requeueable deps ti=<TaskInstance: inout_data_ingestion.ingest_dummy_data scheduled__2024-09-30T20:00:00+00:00 [queued]>
[2025-03-30T11:09:44.510+0000] {taskinstance.py:1979} INFO - Dependencies all met for dep_context=requeueable deps ti=<TaskInstance: inout_data_ingestion.ingest_dummy_data scheduled__2024-09-30T20:00:00+00:00 [queued]>
[2025-03-30T11:09:44.511+0000] {taskinstance.py:2193} INFO - Starting attempt 1 of 2
[2025-03-30T11:09:44.530+0000] {taskinstance.py:2214} INFO - Executing <Task(PythonOperator): ingest_dummy_data> on 2024-09-30 20:00:00+00:00
[2025-03-30T11:09:44.535+0000] {standard_task_runner.py:60} INFO - Started process 460 to run task
[2025-03-30T11:09:44.539+0000] {standard_task_runner.py:87} INFO - Running: ['***', 'tasks', 'run', 'inout_data_ingestion', 'ingest_dummy_data', 'scheduled__2024-09-30T20:00:00+00:00', '--job-id', '203', '--raw', '--subdir', 'DAGS_FOLDER/inout_data.py', '--cfg-path', '/tmp/tmpz2ykekdw']
[2025-03-30T11:09:44.541+0000] {standard_task_runner.py:88} INFO - Job 203: Subtask ingest_dummy_data
[2025-03-30T11:09:44.548+0000] {warnings.py:109} WARNING - /home/***/.local/lib/python3.8/site-packages/***/settings.py:194: DeprecationWarning: The sql_alchemy_conn option in [core] has been moved to the sql_alchemy_conn option in [database] - the old setting has been used, but please update your config.
  SQL_ALCHEMY_CONN = conf.get("database", "SQL_ALCHEMY_CONN")

[2025-03-30T11:09:44.594+0000] {task_command.py:423} INFO - Running <TaskInstance: inout_data_ingestion.ingest_dummy_data scheduled__2024-09-30T20:00:00+00:00 [running]> on host ff9d64b065e6
[2025-03-30T11:09:44.702+0000] {taskinstance.py:2510} INFO - Exporting env vars: AIRFLOW_CTX_DAG_OWNER='***' AIRFLOW_CTX_DAG_ID='inout_data_ingestion' AIRFLOW_CTX_TASK_ID='ingest_dummy_data' AIRFLOW_CTX_EXECUTION_DATE='2024-09-30T20:00:00+00:00' AIRFLOW_CTX_TRY_NUMBER='1' AIRFLOW_CTX_DAG_RUN_ID='scheduled__2024-09-30T20:00:00+00:00'
[2025-03-30T11:09:44.707+0000] {inout_data.py:42} INFO - Successfully connected to MariaDB: INOUT on mariadb:3306
[2025-03-30T11:09:44.709+0000] {inout_data.py:63} ERROR - Error executing query: (1062, "Duplicate entry '2025-03-30 11:09:44-2397' for key 'PRIMARY'")
[2025-03-30T11:09:44.709+0000] {inout_data.py:63} ERROR - Error executing query: (1062, "Duplicate entry '2025-03-30 11:09:44-2397' for key 'PRIMARY'")
[2025-03-30T11:09:44.710+0000] {inout_data.py:63} ERROR - Error executing query: (1062, "Duplicate entry '2025-03-30 11:09:44-2397' for key 'PRIMARY'")
[2025-03-30T11:09:44.710+0000] {inout_data.py:63} ERROR - Error executing query: (1062, "Duplicate entry '2025-03-30 11:09:44-2397' for key 'PRIMARY'")
[2025-03-30T11:09:44.711+0000] {inout_data.py:159} INFO - Ingested 5 rows of dummy data.
[2025-03-30T11:09:44.711+0000] {inout_data.py:78} INFO - MariaDB connection closed.
[2025-03-30T11:09:44.711+0000] {python.py:202} INFO - Done. Returned value was: None
[2025-03-30T11:09:44.719+0000] {taskinstance.py:1149} INFO - Marking task as SUCCESS. dag_id=inout_data_ingestion, task_id=ingest_dummy_data, execution_date=20240930T200000, start_date=20250330T110944, end_date=20250330T110944
[2025-03-30T11:09:44.761+0000] {local_task_job_runner.py:234} INFO - Task exited with return code 0
[2025-03-30T11:09:44.775+0000] {taskinstance.py:3309} INFO - 0 downstream tasks scheduled from follow-on schedule check
[2025-03-30T11:16:22.008+0000] {taskinstance.py:1979} INFO - Dependencies all met for dep_context=non-requeueable deps ti=<TaskInstance: inout_data_ingestion.ingest_dummy_data scheduled__2024-09-30T20:00:00+00:00 [queued]>
[2025-03-30T11:16:22.032+0000] {taskinstance.py:1979} INFO - Dependencies all met for dep_context=requeueable deps ti=<TaskInstance: inout_data_ingestion.ingest_dummy_data scheduled__2024-09-30T20:00:00+00:00 [queued]>
[2025-03-30T11:16:22.034+0000] {taskinstance.py:2193} INFO - Starting attempt 1 of 2
[2025-03-30T11:16:22.100+0000] {taskinstance.py:2214} INFO - Executing <Task(PythonOperator): ingest_dummy_data> on 2024-09-30 20:00:00+00:00
[2025-03-30T11:16:22.106+0000] {standard_task_runner.py:60} INFO - Started process 2316 to run task
[2025-03-30T11:16:22.115+0000] {standard_task_runner.py:87} INFO - Running: ['***', 'tasks', 'run', 'inout_data_ingestion', 'ingest_dummy_data', 'scheduled__2024-09-30T20:00:00+00:00', '--job-id', '1131', '--raw', '--subdir', 'DAGS_FOLDER/inout_data.py', '--cfg-path', '/tmp/tmp9zk6hpjl']
[2025-03-30T11:16:22.120+0000] {standard_task_runner.py:88} INFO - Job 1131: Subtask ingest_dummy_data
[2025-03-30T11:16:22.158+0000] {warnings.py:109} WARNING - /home/***/.local/lib/python3.8/site-packages/***/settings.py:194: DeprecationWarning: The sql_alchemy_conn option in [core] has been moved to the sql_alchemy_conn option in [database] - the old setting has been used, but please update your config.
  SQL_ALCHEMY_CONN = conf.get("database", "SQL_ALCHEMY_CONN")

[2025-03-30T11:16:22.249+0000] {task_command.py:423} INFO - Running <TaskInstance: inout_data_ingestion.ingest_dummy_data scheduled__2024-09-30T20:00:00+00:00 [running]> on host ff9d64b065e6
[2025-03-30T11:16:22.451+0000] {taskinstance.py:2510} INFO - Exporting env vars: AIRFLOW_CTX_DAG_OWNER='***' AIRFLOW_CTX_DAG_ID='inout_data_ingestion' AIRFLOW_CTX_TASK_ID='ingest_dummy_data' AIRFLOW_CTX_EXECUTION_DATE='2024-09-30T20:00:00+00:00' AIRFLOW_CTX_TRY_NUMBER='1' AIRFLOW_CTX_DAG_RUN_ID='scheduled__2024-09-30T20:00:00+00:00'
[2025-03-30T11:16:22.468+0000] {inout_data.py:42} INFO - Successfully connected to MariaDB: INOUT on mariadb:3306
[2025-03-30T11:16:22.479+0000] {inout_data.py:63} ERROR - Error executing query: (1062, "Duplicate entry '2025-03-30 11:16:22-5753' for key 'PRIMARY'")
[2025-03-30T11:16:22.491+0000] {inout_data.py:63} ERROR - Error executing query: (1062, "Duplicate entry '2025-03-30 11:16:22-5753' for key 'PRIMARY'")
[2025-03-30T11:16:22.497+0000] {inout_data.py:63} ERROR - Error executing query: (1062, "Duplicate entry '2025-03-30 11:16:22-5753' for key 'PRIMARY'")
[2025-03-30T11:16:22.499+0000] {inout_data.py:63} ERROR - Error executing query: (1062, "Duplicate entry '2025-03-30 11:16:22-5753' for key 'PRIMARY'")
[2025-03-30T11:16:22.501+0000] {inout_data.py:63} ERROR - Error executing query: (1062, "Duplicate entry '2025-03-30 11:16:22-5753' for key 'PRIMARY'")
[2025-03-30T11:16:22.503+0000] {inout_data.py:63} ERROR - Error executing query: (1062, "Duplicate entry '2025-03-30 11:16:22-5753' for key 'PRIMARY'")
[2025-03-30T11:16:22.504+0000] {inout_data.py:63} ERROR - Error executing query: (1062, "Duplicate entry '2025-03-30 11:16:22-5753' for key 'PRIMARY'")
[2025-03-30T11:16:22.507+0000] {inout_data.py:63} ERROR - Error executing query: (1062, "Duplicate entry '2025-03-30 11:16:22-5753' for key 'PRIMARY'")
[2025-03-30T11:16:22.512+0000] {inout_data.py:63} ERROR - Error executing query: (1062, "Duplicate entry '2025-03-30 11:16:22-5753' for key 'PRIMARY'")
[2025-03-30T11:16:22.515+0000] {inout_data.py:63} ERROR - Error executing query: (1062, "Duplicate entry '2025-03-30 11:16:22-5753' for key 'PRIMARY'")
[2025-03-30T11:16:22.533+0000] {inout_data.py:63} ERROR - Error executing query: (1062, "Duplicate entry '2025-03-30 11:16:22-5753' for key 'PRIMARY'")
[2025-03-30T11:16:22.541+0000] {inout_data.py:63} ERROR - Error executing query: (1062, "Duplicate entry '2025-03-30 11:16:22-5753' for key 'PRIMARY'")
[2025-03-30T11:16:22.543+0000] {inout_data.py:63} ERROR - Error executing query: (1062, "Duplicate entry '2025-03-30 11:16:22-5753' for key 'PRIMARY'")
[2025-03-30T11:16:22.547+0000] {inout_data.py:63} ERROR - Error executing query: (1062, "Duplicate entry '2025-03-30 11:16:22-5753' for key 'PRIMARY'")
[2025-03-30T11:16:22.548+0000] {inout_data.py:63} ERROR - Error executing query: (1062, "Duplicate entry '2025-03-30 11:16:22-5753' for key 'PRIMARY'")
[2025-03-30T11:16:22.553+0000] {inout_data.py:63} ERROR - Error executing query: (1062, "Duplicate entry '2025-03-30 11:16:22-5753' for key 'PRIMARY'")
[2025-03-30T11:16:22.553+0000] {inout_data.py:63} ERROR - Error executing query: (1062, "Duplicate entry '2025-03-30 11:16:22-5753' for key 'PRIMARY'")
[2025-03-30T11:16:22.555+0000] {inout_data.py:63} ERROR - Error executing query: (1062, "Duplicate entry '2025-03-30 11:16:22-5753' for key 'PRIMARY'")
[2025-03-30T11:16:22.556+0000] {inout_data.py:63} ERROR - Error executing query: (1062, "Duplicate entry '2025-03-30 11:16:22-5753' for key 'PRIMARY'")
[2025-03-30T11:16:22.556+0000] {inout_data.py:152} INFO - Ingested 20 rows of dummy data.
[2025-03-30T11:16:22.556+0000] {inout_data.py:78} INFO - MariaDB connection closed.
[2025-03-30T11:16:22.556+0000] {python.py:202} INFO - Done. Returned value was: None
[2025-03-30T11:16:22.602+0000] {taskinstance.py:1149} INFO - Marking task as SUCCESS. dag_id=inout_data_ingestion, task_id=ingest_dummy_data, execution_date=20240930T200000, start_date=20250330T111622, end_date=20250330T111622
[2025-03-30T11:16:22.644+0000] {local_task_job_runner.py:234} INFO - Task exited with return code 0
[2025-03-30T11:16:22.716+0000] {taskinstance.py:3309} INFO - 0 downstream tasks scheduled from follow-on schedule check
[2025-03-30T11:28:57.752+0000] {taskinstance.py:1979} INFO - Dependencies all met for dep_context=non-requeueable deps ti=<TaskInstance: inout_data_ingestion.ingest_dummy_data scheduled__2024-09-30T20:00:00+00:00 [queued]>
[2025-03-30T11:28:57.785+0000] {taskinstance.py:1979} INFO - Dependencies all met for dep_context=requeueable deps ti=<TaskInstance: inout_data_ingestion.ingest_dummy_data scheduled__2024-09-30T20:00:00+00:00 [queued]>
[2025-03-30T11:28:57.787+0000] {taskinstance.py:2193} INFO - Starting attempt 1 of 2
[2025-03-30T11:28:57.811+0000] {taskinstance.py:2214} INFO - Executing <Task(PythonOperator): ingest_dummy_data> on 2024-09-30 20:00:00+00:00
[2025-03-30T11:28:57.823+0000] {standard_task_runner.py:60} INFO - Started process 4238 to run task
[2025-03-30T11:28:57.838+0000] {standard_task_runner.py:87} INFO - Running: ['***', 'tasks', 'run', 'inout_data_ingestion', 'ingest_dummy_data', 'scheduled__2024-09-30T20:00:00+00:00', '--job-id', '2094', '--raw', '--subdir', 'DAGS_FOLDER/inout_data.py', '--cfg-path', '/tmp/tmpyfhabbct']
[2025-03-30T11:28:57.840+0000] {standard_task_runner.py:88} INFO - Job 2094: Subtask ingest_dummy_data
[2025-03-30T11:28:57.863+0000] {warnings.py:109} WARNING - /home/***/.local/lib/python3.8/site-packages/***/settings.py:194: DeprecationWarning: The sql_alchemy_conn option in [core] has been moved to the sql_alchemy_conn option in [database] - the old setting has been used, but please update your config.
  SQL_ALCHEMY_CONN = conf.get("database", "SQL_ALCHEMY_CONN")

[2025-03-30T11:28:57.910+0000] {task_command.py:423} INFO - Running <TaskInstance: inout_data_ingestion.ingest_dummy_data scheduled__2024-09-30T20:00:00+00:00 [running]> on host ff9d64b065e6
[2025-03-30T11:28:58.005+0000] {taskinstance.py:2510} INFO - Exporting env vars: AIRFLOW_CTX_DAG_OWNER='***' AIRFLOW_CTX_DAG_ID='inout_data_ingestion' AIRFLOW_CTX_TASK_ID='ingest_dummy_data' AIRFLOW_CTX_EXECUTION_DATE='2024-09-30T20:00:00+00:00' AIRFLOW_CTX_TRY_NUMBER='1' AIRFLOW_CTX_DAG_RUN_ID='scheduled__2024-09-30T20:00:00+00:00'
[2025-03-30T11:28:58.012+0000] {logging_mixin.py:188} INFO - Successfully connected to MariaDB: INOUT on mariadb:3306
[2025-03-30T11:28:58.013+0000] {logging_mixin.py:188} INFO - General error executing query: not all arguments converted during string formatting
[2025-03-30T11:28:58.014+0000] {logging_mixin.py:188} INFO - General error executing query: not all arguments converted during string formatting
[2025-03-30T11:28:58.015+0000] {logging_mixin.py:188} INFO - General error executing query: not all arguments converted during string formatting
[2025-03-30T11:28:58.016+0000] {logging_mixin.py:188} INFO - General error executing query: not all arguments converted during string formatting
[2025-03-30T11:28:58.017+0000] {logging_mixin.py:188} INFO - General error executing query: not all arguments converted during string formatting
[2025-03-30T11:28:58.018+0000] {logging_mixin.py:188} INFO - General error executing query: not all arguments converted during string formatting
[2025-03-30T11:28:58.019+0000] {logging_mixin.py:188} INFO - General error executing query: not all arguments converted during string formatting
[2025-03-30T11:28:58.021+0000] {logging_mixin.py:188} INFO - General error executing query: not all arguments converted during string formatting
[2025-03-30T11:28:58.022+0000] {logging_mixin.py:188} INFO - General error executing query: not all arguments converted during string formatting
[2025-03-30T11:28:58.023+0000] {logging_mixin.py:188} INFO - General error executing query: not all arguments converted during string formatting
[2025-03-30T11:28:58.023+0000] {logging_mixin.py:188} INFO - General error executing query: not all arguments converted during string formatting
[2025-03-30T11:28:58.024+0000] {logging_mixin.py:188} INFO - General error executing query: not all arguments converted during string formatting
[2025-03-30T11:28:58.024+0000] {logging_mixin.py:188} INFO - General error executing query: not all arguments converted during string formatting
[2025-03-30T11:28:58.025+0000] {logging_mixin.py:188} INFO - General error executing query: not all arguments converted during string formatting
[2025-03-30T11:28:58.027+0000] {logging_mixin.py:188} INFO - General error executing query: not all arguments converted during string formatting
[2025-03-30T11:28:58.027+0000] {inout_data.py:87} INFO - Ingested 15 rows of dummy data for 2024-09-30 20:00:00+00:00.
[2025-03-30T11:28:58.028+0000] {logging_mixin.py:188} INFO - MariaDB connection closed.
[2025-03-30T11:28:58.028+0000] {python.py:202} INFO - Done. Returned value was: None
[2025-03-30T11:28:58.044+0000] {taskinstance.py:1149} INFO - Marking task as SUCCESS. dag_id=inout_data_ingestion, task_id=ingest_dummy_data, execution_date=20240930T200000, start_date=20250330T112857, end_date=20250330T112858
[2025-03-30T11:28:58.056+0000] {local_task_job_runner.py:234} INFO - Task exited with return code 0
[2025-03-30T11:28:58.073+0000] {taskinstance.py:3309} INFO - 0 downstream tasks scheduled from follow-on schedule check
[2025-03-30T11:33:31.029+0000] {taskinstance.py:1979} INFO - Dependencies all met for dep_context=non-requeueable deps ti=<TaskInstance: inout_data_ingestion.ingest_dummy_data scheduled__2024-09-30T20:00:00+00:00 [queued]>
[2025-03-30T11:33:31.040+0000] {taskinstance.py:1979} INFO - Dependencies all met for dep_context=requeueable deps ti=<TaskInstance: inout_data_ingestion.ingest_dummy_data scheduled__2024-09-30T20:00:00+00:00 [queued]>
[2025-03-30T11:33:31.041+0000] {taskinstance.py:2193} INFO - Starting attempt 1 of 2
[2025-03-30T11:33:31.063+0000] {taskinstance.py:2214} INFO - Executing <Task(PythonOperator): ingest_dummy_data> on 2024-09-30 20:00:00+00:00
[2025-03-30T11:33:31.075+0000] {standard_task_runner.py:60} INFO - Started process 5691 to run task
[2025-03-30T11:33:31.083+0000] {standard_task_runner.py:87} INFO - Running: ['***', 'tasks', 'run', 'inout_data_ingestion', 'ingest_dummy_data', 'scheduled__2024-09-30T20:00:00+00:00', '--job-id', '2819', '--raw', '--subdir', 'DAGS_FOLDER/inout_data.py', '--cfg-path', '/tmp/tmpfwhp71og']
[2025-03-30T11:33:31.087+0000] {standard_task_runner.py:88} INFO - Job 2819: Subtask ingest_dummy_data
[2025-03-30T11:33:31.115+0000] {warnings.py:109} WARNING - /home/***/.local/lib/python3.8/site-packages/***/settings.py:194: DeprecationWarning: The sql_alchemy_conn option in [core] has been moved to the sql_alchemy_conn option in [database] - the old setting has been used, but please update your config.
  SQL_ALCHEMY_CONN = conf.get("database", "SQL_ALCHEMY_CONN")

[2025-03-30T11:33:31.175+0000] {task_command.py:423} INFO - Running <TaskInstance: inout_data_ingestion.ingest_dummy_data scheduled__2024-09-30T20:00:00+00:00 [running]> on host ff9d64b065e6
[2025-03-30T11:33:31.264+0000] {taskinstance.py:2510} INFO - Exporting env vars: AIRFLOW_CTX_DAG_OWNER='***' AIRFLOW_CTX_DAG_ID='inout_data_ingestion' AIRFLOW_CTX_TASK_ID='ingest_dummy_data' AIRFLOW_CTX_EXECUTION_DATE='2024-09-30T20:00:00+00:00' AIRFLOW_CTX_TRY_NUMBER='1' AIRFLOW_CTX_DAG_RUN_ID='scheduled__2024-09-30T20:00:00+00:00'
[2025-03-30T11:33:31.271+0000] {logging_mixin.py:188} INFO - Successfully connected to MariaDB: INOUT on mariadb:3306
[2025-03-30T11:33:31.272+0000] {inout_data.py:83} INFO - {'ingested_time': datetime.datetime(2025, 3, 30, 11, 33, 31, 272386), 'timestamp': datetime.datetime(2024, 9, 30, 20, 10, tzinfo=datetime.timezone.utc), 'emp_id': 7321, 'employee_name': 'Employee51', 'factory': 'FactoryB', 'in_out': 'OUT', 'entrance': 'Side', 'door_number': '6', 'function': 'IT', 'division': 'BSID', 'department': 'HRSD', 'section': '2'}
[2025-03-30T11:33:31.273+0000] {logging_mixin.py:188} INFO - General error executing query: not all arguments converted during string formatting
[2025-03-30T11:33:31.274+0000] {inout_data.py:83} INFO - {'ingested_time': datetime.datetime(2025, 3, 30, 11, 33, 31, 274462), 'timestamp': datetime.datetime(2024, 9, 30, 20, 23, tzinfo=datetime.timezone.utc), 'emp_id': 8015, 'employee_name': 'Employee5', 'factory': 'FactoryA', 'in_out': 'OUT', 'entrance': 'Side', 'door_number': '4', 'function': 'IT', 'division': 'AAPD', 'department': 'CAPD', 'section': '1'}
[2025-03-30T11:33:31.275+0000] {logging_mixin.py:188} INFO - General error executing query: not all arguments converted during string formatting
[2025-03-30T11:33:31.276+0000] {inout_data.py:83} INFO - {'ingested_time': datetime.datetime(2025, 3, 30, 11, 33, 31, 276246), 'timestamp': datetime.datetime(2024, 9, 30, 20, 28, tzinfo=datetime.timezone.utc), 'emp_id': 2502, 'employee_name': 'Employee63', 'factory': 'FactoryB', 'in_out': 'IN', 'entrance': 'Main', 'door_number': '5', 'function': 'IT', 'division': 'BSID', 'department': 'CAPD', 'section': '1'}
[2025-03-30T11:33:31.277+0000] {logging_mixin.py:188} INFO - General error executing query: not all arguments converted during string formatting
[2025-03-30T11:33:31.278+0000] {inout_data.py:83} INFO - {'ingested_time': datetime.datetime(2025, 3, 30, 11, 33, 31, 278582), 'timestamp': datetime.datetime(2024, 9, 30, 20, 12, tzinfo=datetime.timezone.utc), 'emp_id': 6118, 'employee_name': 'Employee85', 'factory': 'FactoryA', 'in_out': 'OUT', 'entrance': 'Side', 'door_number': '4', 'function': 'IT', 'division': 'AAPD', 'department': 'CAPD', 'section': '1'}
[2025-03-30T11:33:31.279+0000] {logging_mixin.py:188} INFO - General error executing query: not all arguments converted during string formatting
[2025-03-30T11:33:31.279+0000] {inout_data.py:83} INFO - {'ingested_time': datetime.datetime(2025, 3, 30, 11, 33, 31, 279928), 'timestamp': datetime.datetime(2024, 9, 30, 20, 20, tzinfo=datetime.timezone.utc), 'emp_id': 5604, 'employee_name': 'Employee80', 'factory': 'FactoryB', 'in_out': 'IN', 'entrance': 'Side', 'door_number': '3', 'function': 'IT', 'division': 'AAPD', 'department': 'CAPD', 'section': '2'}
[2025-03-30T11:33:31.280+0000] {logging_mixin.py:188} INFO - General error executing query: not all arguments converted during string formatting
[2025-03-30T11:33:31.281+0000] {inout_data.py:83} INFO - {'ingested_time': datetime.datetime(2025, 3, 30, 11, 33, 31, 281134), 'timestamp': datetime.datetime(2024, 9, 30, 20, 4, tzinfo=datetime.timezone.utc), 'emp_id': 3840, 'employee_name': 'Employee89', 'factory': 'FactoryA', 'in_out': 'OUT', 'entrance': 'Side', 'door_number': '10', 'function': 'IT', 'division': 'AAPD', 'department': 'ML', 'section': '2'}
[2025-03-30T11:33:31.282+0000] {logging_mixin.py:188} INFO - General error executing query: not all arguments converted during string formatting
[2025-03-30T11:33:31.282+0000] {inout_data.py:83} INFO - {'ingested_time': datetime.datetime(2025, 3, 30, 11, 33, 31, 282841), 'timestamp': datetime.datetime(2024, 9, 30, 20, 10, tzinfo=datetime.timezone.utc), 'emp_id': 6119, 'employee_name': 'Employee41', 'factory': 'FactoryA', 'in_out': 'IN', 'entrance': 'Main', 'door_number': '9', 'function': 'IT', 'division': 'AAPD', 'department': 'CAPD', 'section': '2'}
[2025-03-30T11:33:31.283+0000] {logging_mixin.py:188} INFO - General error executing query: not all arguments converted during string formatting
[2025-03-30T11:33:31.284+0000] {inout_data.py:83} INFO - {'ingested_time': datetime.datetime(2025, 3, 30, 11, 33, 31, 284923), 'timestamp': datetime.datetime(2024, 9, 30, 20, 14, tzinfo=datetime.timezone.utc), 'emp_id': 9213, 'employee_name': 'Employee97', 'factory': 'FactoryA', 'in_out': 'OUT', 'entrance': 'Side', 'door_number': '8', 'function': 'IT', 'division': 'AAPD', 'department': 'ML', 'section': '1'}
[2025-03-30T11:33:31.286+0000] {logging_mixin.py:188} INFO - General error executing query: not all arguments converted during string formatting
[2025-03-30T11:33:31.287+0000] {inout_data.py:83} INFO - {'ingested_time': datetime.datetime(2025, 3, 30, 11, 33, 31, 287600), 'timestamp': datetime.datetime(2024, 9, 30, 20, 21, tzinfo=datetime.timezone.utc), 'emp_id': 1186, 'employee_name': 'Employee51', 'factory': 'FactoryB', 'in_out': 'OUT', 'entrance': 'Main', 'door_number': '10', 'function': 'IT', 'division': 'AAPD', 'department': 'ML', 'section': '1'}
[2025-03-30T11:33:31.288+0000] {logging_mixin.py:188} INFO - General error executing query: not all arguments converted during string formatting
[2025-03-30T11:33:31.289+0000] {inout_data.py:83} INFO - {'ingested_time': datetime.datetime(2025, 3, 30, 11, 33, 31, 289291), 'timestamp': datetime.datetime(2024, 9, 30, 20, 15, tzinfo=datetime.timezone.utc), 'emp_id': 3573, 'employee_name': 'Employee27', 'factory': 'FactoryB', 'in_out': 'IN', 'entrance': 'Side', 'door_number': '9', 'function': 'IT', 'division': 'BSID', 'department': 'CAPD', 'section': '1'}
[2025-03-30T11:33:31.290+0000] {logging_mixin.py:188} INFO - General error executing query: not all arguments converted during string formatting
[2025-03-30T11:33:31.292+0000] {inout_data.py:83} INFO - {'ingested_time': datetime.datetime(2025, 3, 30, 11, 33, 31, 292070), 'timestamp': datetime.datetime(2024, 9, 30, 20, 23, tzinfo=datetime.timezone.utc), 'emp_id': 6311, 'employee_name': 'Employee91', 'factory': 'FactoryB', 'in_out': 'IN', 'entrance': 'Main', 'door_number': '2', 'function': 'IT', 'division': 'BSID', 'department': 'HRSD', 'section': '2'}
[2025-03-30T11:33:31.293+0000] {logging_mixin.py:188} INFO - General error executing query: not all arguments converted during string formatting
[2025-03-30T11:33:31.294+0000] {inout_data.py:83} INFO - {'ingested_time': datetime.datetime(2025, 3, 30, 11, 33, 31, 294548), 'timestamp': datetime.datetime(2024, 9, 30, 20, 3, tzinfo=datetime.timezone.utc), 'emp_id': 1360, 'employee_name': 'Employee46', 'factory': 'FactoryA', 'in_out': 'OUT', 'entrance': 'Main', 'door_number': '9', 'function': 'IT', 'division': 'BSID', 'department': 'CAPD', 'section': '1'}
[2025-03-30T11:33:31.295+0000] {logging_mixin.py:188} INFO - General error executing query: not all arguments converted during string formatting
[2025-03-30T11:33:31.296+0000] {inout_data.py:83} INFO - {'ingested_time': datetime.datetime(2025, 3, 30, 11, 33, 31, 296118), 'timestamp': datetime.datetime(2024, 9, 30, 20, 9, tzinfo=datetime.timezone.utc), 'emp_id': 3129, 'employee_name': 'Employee60', 'factory': 'FactoryB', 'in_out': 'OUT', 'entrance': 'Side', 'door_number': '6', 'function': 'IT', 'division': 'BSID', 'department': 'ML', 'section': '1'}
[2025-03-30T11:33:31.297+0000] {logging_mixin.py:188} INFO - General error executing query: not all arguments converted during string formatting
[2025-03-30T11:33:31.297+0000] {inout_data.py:83} INFO - {'ingested_time': datetime.datetime(2025, 3, 30, 11, 33, 31, 297644), 'timestamp': datetime.datetime(2024, 9, 30, 20, 24, tzinfo=datetime.timezone.utc), 'emp_id': 9015, 'employee_name': 'Employee28', 'factory': 'FactoryB', 'in_out': 'OUT', 'entrance': 'Side', 'door_number': '4', 'function': 'IT', 'division': 'BSID', 'department': 'CAPD', 'section': '2'}
[2025-03-30T11:33:31.298+0000] {logging_mixin.py:188} INFO - General error executing query: not all arguments converted during string formatting
[2025-03-30T11:33:31.300+0000] {inout_data.py:83} INFO - {'ingested_time': datetime.datetime(2025, 3, 30, 11, 33, 31, 300769), 'timestamp': datetime.datetime(2024, 9, 30, 20, 7, tzinfo=datetime.timezone.utc), 'emp_id': 1058, 'employee_name': 'Employee53', 'factory': 'FactoryB', 'in_out': 'IN', 'entrance': 'Main', 'door_number': '1', 'function': 'IT', 'division': 'AAPD', 'department': 'HRSD', 'section': '1'}
[2025-03-30T11:33:31.302+0000] {logging_mixin.py:188} INFO - General error executing query: not all arguments converted during string formatting
[2025-03-30T11:33:31.303+0000] {inout_data.py:83} INFO - {'ingested_time': datetime.datetime(2025, 3, 30, 11, 33, 31, 303033), 'timestamp': datetime.datetime(2024, 9, 30, 20, 13, tzinfo=datetime.timezone.utc), 'emp_id': 4108, 'employee_name': 'Employee24', 'factory': 'FactoryA', 'in_out': 'IN', 'entrance': 'Side', 'door_number': '4', 'function': 'IT', 'division': 'BSID', 'department': 'CAPD', 'section': '2'}
[2025-03-30T11:33:31.303+0000] {logging_mixin.py:188} INFO - General error executing query: not all arguments converted during string formatting
[2025-03-30T11:33:31.303+0000] {inout_data.py:83} INFO - {'ingested_time': datetime.datetime(2025, 3, 30, 11, 33, 31, 303864), 'timestamp': datetime.datetime(2024, 9, 30, 20, 27, tzinfo=datetime.timezone.utc), 'emp_id': 7623, 'employee_name': 'Employee68', 'factory': 'FactoryA', 'in_out': 'OUT', 'entrance': 'Side', 'door_number': '3', 'function': 'IT', 'division': 'BSID', 'department': 'HRSD', 'section': '2'}
[2025-03-30T11:33:31.305+0000] {logging_mixin.py:188} INFO - General error executing query: not all arguments converted during string formatting
[2025-03-30T11:33:31.305+0000] {inout_data.py:83} INFO - {'ingested_time': datetime.datetime(2025, 3, 30, 11, 33, 31, 305806), 'timestamp': datetime.datetime(2024, 9, 30, 20, 18, tzinfo=datetime.timezone.utc), 'emp_id': 8798, 'employee_name': 'Employee93', 'factory': 'FactoryA', 'in_out': 'OUT', 'entrance': 'Side', 'door_number': '1', 'function': 'IT', 'division': 'AAPD', 'department': 'ML', 'section': '1'}
[2025-03-30T11:33:31.306+0000] {logging_mixin.py:188} INFO - General error executing query: not all arguments converted during string formatting
[2025-03-30T11:33:31.306+0000] {inout_data.py:83} INFO - {'ingested_time': datetime.datetime(2025, 3, 30, 11, 33, 31, 306707), 'timestamp': datetime.datetime(2024, 9, 30, 20, 8, tzinfo=datetime.timezone.utc), 'emp_id': 8256, 'employee_name': 'Employee38', 'factory': 'FactoryA', 'in_out': 'IN', 'entrance': 'Main', 'door_number': '5', 'function': 'IT', 'division': 'BSID', 'department': 'CAPD', 'section': '2'}
[2025-03-30T11:33:31.307+0000] {logging_mixin.py:188} INFO - General error executing query: not all arguments converted during string formatting
[2025-03-30T11:33:31.308+0000] {inout_data.py:88} INFO - Ingested 19 rows of dummy data for 2024-09-30 20:00:00+00:00.
[2025-03-30T11:33:31.309+0000] {logging_mixin.py:188} INFO - MariaDB connection closed.
[2025-03-30T11:33:31.309+0000] {python.py:202} INFO - Done. Returned value was: None
[2025-03-30T11:33:31.320+0000] {taskinstance.py:1149} INFO - Marking task as SUCCESS. dag_id=inout_data_ingestion, task_id=ingest_dummy_data, execution_date=20240930T200000, start_date=20250330T113331, end_date=20250330T113331
[2025-03-30T11:33:31.346+0000] {local_task_job_runner.py:234} INFO - Task exited with return code 0
[2025-03-30T11:33:31.376+0000] {taskinstance.py:3309} INFO - 0 downstream tasks scheduled from follow-on schedule check
[2025-03-30T11:39:09.421+0000] {taskinstance.py:1979} INFO - Dependencies all met for dep_context=non-requeueable deps ti=<TaskInstance: inout_data_ingestion.ingest_dummy_data scheduled__2024-09-30T20:00:00+00:00 [queued]>
[2025-03-30T11:39:09.447+0000] {taskinstance.py:1979} INFO - Dependencies all met for dep_context=requeueable deps ti=<TaskInstance: inout_data_ingestion.ingest_dummy_data scheduled__2024-09-30T20:00:00+00:00 [queued]>
[2025-03-30T11:39:09.449+0000] {taskinstance.py:2193} INFO - Starting attempt 1 of 2
[2025-03-30T11:39:09.471+0000] {taskinstance.py:2214} INFO - Executing <Task(PythonOperator): ingest_dummy_data> on 2024-09-30 20:00:00+00:00
[2025-03-30T11:39:09.475+0000] {standard_task_runner.py:60} INFO - Started process 6592 to run task
[2025-03-30T11:39:09.489+0000] {standard_task_runner.py:87} INFO - Running: ['***', 'tasks', 'run', 'inout_data_ingestion', 'ingest_dummy_data', 'scheduled__2024-09-30T20:00:00+00:00', '--job-id', '3271', '--raw', '--subdir', 'DAGS_FOLDER/inout_data.py', '--cfg-path', '/tmp/tmp2xie0mbv']
[2025-03-30T11:39:09.494+0000] {standard_task_runner.py:88} INFO - Job 3271: Subtask ingest_dummy_data
[2025-03-30T11:39:09.515+0000] {warnings.py:109} WARNING - /home/***/.local/lib/python3.8/site-packages/***/settings.py:194: DeprecationWarning: The sql_alchemy_conn option in [core] has been moved to the sql_alchemy_conn option in [database] - the old setting has been used, but please update your config.
  SQL_ALCHEMY_CONN = conf.get("database", "SQL_ALCHEMY_CONN")

[2025-03-30T11:39:09.582+0000] {task_command.py:423} INFO - Running <TaskInstance: inout_data_ingestion.ingest_dummy_data scheduled__2024-09-30T20:00:00+00:00 [running]> on host ff9d64b065e6
[2025-03-30T11:39:09.706+0000] {taskinstance.py:2510} INFO - Exporting env vars: AIRFLOW_CTX_DAG_OWNER='***' AIRFLOW_CTX_DAG_ID='inout_data_ingestion' AIRFLOW_CTX_TASK_ID='ingest_dummy_data' AIRFLOW_CTX_EXECUTION_DATE='2024-09-30T20:00:00+00:00' AIRFLOW_CTX_TRY_NUMBER='1' AIRFLOW_CTX_DAG_RUN_ID='scheduled__2024-09-30T20:00:00+00:00'
[2025-03-30T11:39:09.713+0000] {logging_mixin.py:188} INFO - Successfully connected to MariaDB: INOUT on mariadb:3306
[2025-03-30T11:39:09.716+0000] {inout_data.py:83} INFO - {'ingested_time': datetime.datetime(2025, 3, 30, 11, 39, 9, 715968), 'timestamp': datetime.datetime(2024, 9, 30, 20, 1, tzinfo=datetime.timezone.utc), 'emp_id': 7945, 'employee_name': 'Employee38', 'factory': 'FactoryA', 'in_out': 'OUT', 'entrance': 'Side', 'door_number': '10', 'function': 'IT', 'division': 'AAPD', 'department': 'CAPD', 'section': '1'}
[2025-03-30T11:39:09.716+0000] {logging_mixin.py:188} INFO - General error executing query: not all arguments converted during string formatting
[2025-03-30T11:39:09.717+0000] {inout_data.py:83} INFO - {'ingested_time': datetime.datetime(2025, 3, 30, 11, 39, 9, 717386), 'timestamp': datetime.datetime(2024, 9, 30, 20, 27, tzinfo=datetime.timezone.utc), 'emp_id': 3971, 'employee_name': 'Employee48', 'factory': 'FactoryA', 'in_out': 'OUT', 'entrance': 'Main', 'door_number': '3', 'function': 'IT', 'division': 'BSID', 'department': 'HRSD', 'section': '2'}
[2025-03-30T11:39:09.718+0000] {logging_mixin.py:188} INFO - General error executing query: not all arguments converted during string formatting
[2025-03-30T11:39:09.722+0000] {inout_data.py:83} INFO - {'ingested_time': datetime.datetime(2025, 3, 30, 11, 39, 9, 722066), 'timestamp': datetime.datetime(2024, 9, 30, 20, 22, tzinfo=datetime.timezone.utc), 'emp_id': 7678, 'employee_name': 'Employee52', 'factory': 'FactoryA', 'in_out': 'OUT', 'entrance': 'Side', 'door_number': '3', 'function': 'IT', 'division': 'AAPD', 'department': 'HRSD', 'section': '2'}
[2025-03-30T11:39:09.723+0000] {logging_mixin.py:188} INFO - General error executing query: not all arguments converted during string formatting
[2025-03-30T11:39:09.724+0000] {inout_data.py:83} INFO - {'ingested_time': datetime.datetime(2025, 3, 30, 11, 39, 9, 724083), 'timestamp': datetime.datetime(2024, 9, 30, 20, 25, tzinfo=datetime.timezone.utc), 'emp_id': 1839, 'employee_name': 'Employee80', 'factory': 'FactoryA', 'in_out': 'OUT', 'entrance': 'Main', 'door_number': '4', 'function': 'IT', 'division': 'BSID', 'department': 'ML', 'section': '1'}
[2025-03-30T11:39:09.724+0000] {logging_mixin.py:188} INFO - General error executing query: not all arguments converted during string formatting
[2025-03-30T11:39:09.725+0000] {inout_data.py:83} INFO - {'ingested_time': datetime.datetime(2025, 3, 30, 11, 39, 9, 725174), 'timestamp': datetime.datetime(2024, 9, 30, 20, 19, tzinfo=datetime.timezone.utc), 'emp_id': 5398, 'employee_name': 'Employee58', 'factory': 'FactoryB', 'in_out': 'IN', 'entrance': 'Side', 'door_number': '9', 'function': 'IT', 'division': 'AAPD', 'department': 'CAPD', 'section': '2'}
[2025-03-30T11:39:09.725+0000] {logging_mixin.py:188} INFO - General error executing query: not all arguments converted during string formatting
[2025-03-30T11:39:09.726+0000] {inout_data.py:83} INFO - {'ingested_time': datetime.datetime(2025, 3, 30, 11, 39, 9, 726197), 'timestamp': datetime.datetime(2024, 9, 30, 20, 24, tzinfo=datetime.timezone.utc), 'emp_id': 2966, 'employee_name': 'Employee94', 'factory': 'FactoryB', 'in_out': 'IN', 'entrance': 'Main', 'door_number': '9', 'function': 'IT', 'division': 'AAPD', 'department': 'ML', 'section': '2'}
[2025-03-30T11:39:09.726+0000] {logging_mixin.py:188} INFO - General error executing query: not all arguments converted during string formatting
[2025-03-30T11:39:09.727+0000] {inout_data.py:83} INFO - {'ingested_time': datetime.datetime(2025, 3, 30, 11, 39, 9, 726988), 'timestamp': datetime.datetime(2024, 9, 30, 20, 26, tzinfo=datetime.timezone.utc), 'emp_id': 7908, 'employee_name': 'Employee15', 'factory': 'FactoryA', 'in_out': 'OUT', 'entrance': 'Main', 'door_number': '3', 'function': 'IT', 'division': 'AAPD', 'department': 'ML', 'section': '2'}
[2025-03-30T11:39:09.727+0000] {logging_mixin.py:188} INFO - General error executing query: not all arguments converted during string formatting
[2025-03-30T11:39:09.727+0000] {inout_data.py:101} INFO - Ingested 7 rows of dummy data for 2024-09-30 20:00:00+00:00.
[2025-03-30T11:39:09.728+0000] {logging_mixin.py:188} INFO - MariaDB connection closed.
[2025-03-30T11:39:09.728+0000] {python.py:202} INFO - Done. Returned value was: None
[2025-03-30T11:39:09.754+0000] {taskinstance.py:1149} INFO - Marking task as SUCCESS. dag_id=inout_data_ingestion, task_id=ingest_dummy_data, execution_date=20240930T200000, start_date=20250330T113909, end_date=20250330T113909
[2025-03-30T11:39:09.827+0000] {local_task_job_runner.py:234} INFO - Task exited with return code 0
[2025-03-30T11:39:09.849+0000] {taskinstance.py:3309} INFO - 0 downstream tasks scheduled from follow-on schedule check
[2025-03-30T11:41:16.872+0000] {taskinstance.py:1979} INFO - Dependencies all met for dep_context=non-requeueable deps ti=<TaskInstance: inout_data_ingestion.ingest_dummy_data scheduled__2024-09-30T20:00:00+00:00 [queued]>
[2025-03-30T11:41:16.922+0000] {taskinstance.py:1979} INFO - Dependencies all met for dep_context=requeueable deps ti=<TaskInstance: inout_data_ingestion.ingest_dummy_data scheduled__2024-09-30T20:00:00+00:00 [queued]>
[2025-03-30T11:41:16.924+0000] {taskinstance.py:2193} INFO - Starting attempt 1 of 2
[2025-03-30T11:41:16.986+0000] {taskinstance.py:2214} INFO - Executing <Task(PythonOperator): ingest_dummy_data> on 2024-09-30 20:00:00+00:00
[2025-03-30T11:41:17.008+0000] {standard_task_runner.py:60} INFO - Started process 7032 to run task
[2025-03-30T11:41:17.025+0000] {standard_task_runner.py:87} INFO - Running: ['***', 'tasks', 'run', 'inout_data_ingestion', 'ingest_dummy_data', 'scheduled__2024-09-30T20:00:00+00:00', '--job-id', '3491', '--raw', '--subdir', 'DAGS_FOLDER/inout_data.py', '--cfg-path', '/tmp/tmptzbp5xdw']
[2025-03-30T11:41:17.030+0000] {standard_task_runner.py:88} INFO - Job 3491: Subtask ingest_dummy_data
[2025-03-30T11:41:17.067+0000] {warnings.py:109} WARNING - /home/***/.local/lib/python3.8/site-packages/***/settings.py:194: DeprecationWarning: The sql_alchemy_conn option in [core] has been moved to the sql_alchemy_conn option in [database] - the old setting has been used, but please update your config.
  SQL_ALCHEMY_CONN = conf.get("database", "SQL_ALCHEMY_CONN")

[2025-03-30T11:41:17.204+0000] {task_command.py:423} INFO - Running <TaskInstance: inout_data_ingestion.ingest_dummy_data scheduled__2024-09-30T20:00:00+00:00 [running]> on host ff9d64b065e6
[2025-03-30T11:41:17.376+0000] {taskinstance.py:2510} INFO - Exporting env vars: AIRFLOW_CTX_DAG_OWNER='***' AIRFLOW_CTX_DAG_ID='inout_data_ingestion' AIRFLOW_CTX_TASK_ID='ingest_dummy_data' AIRFLOW_CTX_EXECUTION_DATE='2024-09-30T20:00:00+00:00' AIRFLOW_CTX_TRY_NUMBER='1' AIRFLOW_CTX_DAG_RUN_ID='scheduled__2024-09-30T20:00:00+00:00'
[2025-03-30T11:41:17.395+0000] {logging_mixin.py:188} INFO - Successfully connected to MariaDB: INOUT on mariadb:3306
[2025-03-30T11:41:17.396+0000] {inout_data.py:83} INFO - {'ingested_time': datetime.datetime(2025, 3, 30, 11, 41, 17, 396467), 'timestamp': datetime.datetime(2024, 9, 30, 20, 17, tzinfo=datetime.timezone.utc), 'emp_id': 6844, 'employee_name': 'Employee55', 'factory': 'FactoryB', 'in_out': 'OUT', 'entrance': 'Side', 'door_number': '10', 'function': 'IT', 'division': 'BSID', 'department': 'HRSD', 'section': '2'}
[2025-03-30T11:41:17.397+0000] {inout_data.py:99} INFO - Query: INSERT INTO emp_inout_rec (ingested_time, timestamp, employee_id, employee_name, factory, in_out, entrance, door_number, function, division, department, section) VALUES (%s, %s, %s, %s, %s, %s, %s, %s, %s, %s, %s)
[2025-03-30T11:41:17.397+0000] {inout_data.py:100} INFO - Params: ('2025-03-30 11:41:17', '2024-09-30 20:17:00', 6844, 'Employee55', 'FactoryB', 'OUT', 'Side', '10', 'IT', 'BSID', 'HRSD', '2')
[2025-03-30T11:41:17.397+0000] {logging_mixin.py:188} INFO - General error executing query: not all arguments converted during string formatting
[2025-03-30T11:41:17.398+0000] {inout_data.py:83} INFO - {'ingested_time': datetime.datetime(2025, 3, 30, 11, 41, 17, 398500), 'timestamp': datetime.datetime(2024, 9, 30, 20, 26, tzinfo=datetime.timezone.utc), 'emp_id': 4188, 'employee_name': 'Employee98', 'factory': 'FactoryA', 'in_out': 'OUT', 'entrance': 'Side', 'door_number': '4', 'function': 'IT', 'division': 'BSID', 'department': 'ML', 'section': '1'}
[2025-03-30T11:41:17.401+0000] {inout_data.py:99} INFO - Query: INSERT INTO emp_inout_rec (ingested_time, timestamp, employee_id, employee_name, factory, in_out, entrance, door_number, function, division, department, section) VALUES (%s, %s, %s, %s, %s, %s, %s, %s, %s, %s, %s)
[2025-03-30T11:41:17.401+0000] {inout_data.py:100} INFO - Params: ('2025-03-30 11:41:17', '2024-09-30 20:26:00', 4188, 'Employee98', 'FactoryA', 'OUT', 'Side', '4', 'IT', 'BSID', 'ML', '1')
[2025-03-30T11:41:17.403+0000] {logging_mixin.py:188} INFO - General error executing query: not all arguments converted during string formatting
[2025-03-30T11:41:17.403+0000] {inout_data.py:83} INFO - {'ingested_time': datetime.datetime(2025, 3, 30, 11, 41, 17, 403718), 'timestamp': datetime.datetime(2024, 9, 30, 20, 19, tzinfo=datetime.timezone.utc), 'emp_id': 1275, 'employee_name': 'Employee69', 'factory': 'FactoryB', 'in_out': 'IN', 'entrance': 'Side', 'door_number': '1', 'function': 'IT', 'division': 'BSID', 'department': 'HRSD', 'section': '1'}
[2025-03-30T11:41:17.404+0000] {inout_data.py:99} INFO - Query: INSERT INTO emp_inout_rec (ingested_time, timestamp, employee_id, employee_name, factory, in_out, entrance, door_number, function, division, department, section) VALUES (%s, %s, %s, %s, %s, %s, %s, %s, %s, %s, %s)
[2025-03-30T11:41:17.404+0000] {inout_data.py:100} INFO - Params: ('2025-03-30 11:41:17', '2024-09-30 20:19:00', 1275, 'Employee69', 'FactoryB', 'IN', 'Side', '1', 'IT', 'BSID', 'HRSD', '1')
[2025-03-30T11:41:17.404+0000] {logging_mixin.py:188} INFO - General error executing query: not all arguments converted during string formatting
[2025-03-30T11:41:17.405+0000] {inout_data.py:83} INFO - {'ingested_time': datetime.datetime(2025, 3, 30, 11, 41, 17, 405058), 'timestamp': datetime.datetime(2024, 9, 30, 20, 16, tzinfo=datetime.timezone.utc), 'emp_id': 3642, 'employee_name': 'Employee84', 'factory': 'FactoryB', 'in_out': 'IN', 'entrance': 'Side', 'door_number': '2', 'function': 'IT', 'division': 'BSID', 'department': 'HRSD', 'section': '2'}
[2025-03-30T11:41:17.405+0000] {inout_data.py:99} INFO - Query: INSERT INTO emp_inout_rec (ingested_time, timestamp, employee_id, employee_name, factory, in_out, entrance, door_number, function, division, department, section) VALUES (%s, %s, %s, %s, %s, %s, %s, %s, %s, %s, %s)
[2025-03-30T11:41:17.407+0000] {inout_data.py:100} INFO - Params: ('2025-03-30 11:41:17', '2024-09-30 20:16:00', 3642, 'Employee84', 'FactoryB', 'IN', 'Side', '2', 'IT', 'BSID', 'HRSD', '2')
[2025-03-30T11:41:17.409+0000] {logging_mixin.py:188} INFO - General error executing query: not all arguments converted during string formatting
[2025-03-30T11:41:17.410+0000] {inout_data.py:83} INFO - {'ingested_time': datetime.datetime(2025, 3, 30, 11, 41, 17, 410489), 'timestamp': datetime.datetime(2024, 9, 30, 20, 20, tzinfo=datetime.timezone.utc), 'emp_id': 9215, 'employee_name': 'Employee30', 'factory': 'FactoryA', 'in_out': 'OUT', 'entrance': 'Side', 'door_number': '3', 'function': 'IT', 'division': 'BSID', 'department': 'HRSD', 'section': '2'}
[2025-03-30T11:41:17.411+0000] {inout_data.py:99} INFO - Query: INSERT INTO emp_inout_rec (ingested_time, timestamp, employee_id, employee_name, factory, in_out, entrance, door_number, function, division, department, section) VALUES (%s, %s, %s, %s, %s, %s, %s, %s, %s, %s, %s)
[2025-03-30T11:41:17.411+0000] {inout_data.py:100} INFO - Params: ('2025-03-30 11:41:17', '2024-09-30 20:20:00', 9215, 'Employee30', 'FactoryA', 'OUT', 'Side', '3', 'IT', 'BSID', 'HRSD', '2')
[2025-03-30T11:41:17.412+0000] {logging_mixin.py:188} INFO - General error executing query: not all arguments converted during string formatting
[2025-03-30T11:41:17.415+0000] {inout_data.py:83} INFO - {'ingested_time': datetime.datetime(2025, 3, 30, 11, 41, 17, 415822), 'timestamp': datetime.datetime(2024, 9, 30, 20, 4, tzinfo=datetime.timezone.utc), 'emp_id': 8201, 'employee_name': 'Employee6', 'factory': 'FactoryA', 'in_out': 'IN', 'entrance': 'Side', 'door_number': '5', 'function': 'IT', 'division': 'AAPD', 'department': 'CAPD', 'section': '1'}
[2025-03-30T11:41:17.417+0000] {inout_data.py:99} INFO - Query: INSERT INTO emp_inout_rec (ingested_time, timestamp, employee_id, employee_name, factory, in_out, entrance, door_number, function, division, department, section) VALUES (%s, %s, %s, %s, %s, %s, %s, %s, %s, %s, %s)
[2025-03-30T11:41:17.418+0000] {inout_data.py:100} INFO - Params: ('2025-03-30 11:41:17', '2024-09-30 20:04:00', 8201, 'Employee6', 'FactoryA', 'IN', 'Side', '5', 'IT', 'AAPD', 'CAPD', '1')
[2025-03-30T11:41:17.419+0000] {logging_mixin.py:188} INFO - General error executing query: not all arguments converted during string formatting
[2025-03-30T11:41:17.419+0000] {inout_data.py:83} INFO - {'ingested_time': datetime.datetime(2025, 3, 30, 11, 41, 17, 419791), 'timestamp': datetime.datetime(2024, 9, 30, 20, 1, tzinfo=datetime.timezone.utc), 'emp_id': 1627, 'employee_name': 'Employee43', 'factory': 'FactoryA', 'in_out': 'IN', 'entrance': 'Main', 'door_number': '5', 'function': 'IT', 'division': 'AAPD', 'department': 'HRSD', 'section': '2'}
[2025-03-30T11:41:17.420+0000] {inout_data.py:99} INFO - Query: INSERT INTO emp_inout_rec (ingested_time, timestamp, employee_id, employee_name, factory, in_out, entrance, door_number, function, division, department, section) VALUES (%s, %s, %s, %s, %s, %s, %s, %s, %s, %s, %s)
[2025-03-30T11:41:17.420+0000] {inout_data.py:100} INFO - Params: ('2025-03-30 11:41:17', '2024-09-30 20:01:00', 1627, 'Employee43', 'FactoryA', 'IN', 'Main', '5', 'IT', 'AAPD', 'HRSD', '2')
[2025-03-30T11:41:17.421+0000] {logging_mixin.py:188} INFO - General error executing query: not all arguments converted during string formatting
[2025-03-30T11:41:17.421+0000] {inout_data.py:83} INFO - {'ingested_time': datetime.datetime(2025, 3, 30, 11, 41, 17, 421301), 'timestamp': datetime.datetime(2024, 9, 30, 20, 6, tzinfo=datetime.timezone.utc), 'emp_id': 7576, 'employee_name': 'Employee88', 'factory': 'FactoryB', 'in_out': 'OUT', 'entrance': 'Side', 'door_number': '10', 'function': 'IT', 'division': 'BSID', 'department': 'HRSD', 'section': '2'}
[2025-03-30T11:41:17.423+0000] {inout_data.py:99} INFO - Query: INSERT INTO emp_inout_rec (ingested_time, timestamp, employee_id, employee_name, factory, in_out, entrance, door_number, function, division, department, section) VALUES (%s, %s, %s, %s, %s, %s, %s, %s, %s, %s, %s)
[2025-03-30T11:41:17.424+0000] {inout_data.py:100} INFO - Params: ('2025-03-30 11:41:17', '2024-09-30 20:06:00', 7576, 'Employee88', 'FactoryB', 'OUT', 'Side', '10', 'IT', 'BSID', 'HRSD', '2')
[2025-03-30T11:41:17.425+0000] {logging_mixin.py:188} INFO - General error executing query: not all arguments converted during string formatting
[2025-03-30T11:41:17.425+0000] {inout_data.py:83} INFO - {'ingested_time': datetime.datetime(2025, 3, 30, 11, 41, 17, 425543), 'timestamp': datetime.datetime(2024, 9, 30, 20, 8, tzinfo=datetime.timezone.utc), 'emp_id': 1807, 'employee_name': 'Employee38', 'factory': 'FactoryB', 'in_out': 'IN', 'entrance': 'Side', 'door_number': '1', 'function': 'IT', 'division': 'AAPD', 'department': 'CAPD', 'section': '1'}
[2025-03-30T11:41:17.426+0000] {inout_data.py:99} INFO - Query: INSERT INTO emp_inout_rec (ingested_time, timestamp, employee_id, employee_name, factory, in_out, entrance, door_number, function, division, department, section) VALUES (%s, %s, %s, %s, %s, %s, %s, %s, %s, %s, %s)
[2025-03-30T11:41:17.427+0000] {inout_data.py:100} INFO - Params: ('2025-03-30 11:41:17', '2024-09-30 20:08:00', 1807, 'Employee38', 'FactoryB', 'IN', 'Side', '1', 'IT', 'AAPD', 'CAPD', '1')
[2025-03-30T11:41:17.427+0000] {logging_mixin.py:188} INFO - General error executing query: not all arguments converted during string formatting
[2025-03-30T11:41:17.431+0000] {inout_data.py:83} INFO - {'ingested_time': datetime.datetime(2025, 3, 30, 11, 41, 17, 431017), 'timestamp': datetime.datetime(2024, 9, 30, 20, 4, tzinfo=datetime.timezone.utc), 'emp_id': 5399, 'employee_name': 'Employee94', 'factory': 'FactoryB', 'in_out': 'OUT', 'entrance': 'Main', 'door_number': '8', 'function': 'IT', 'division': 'AAPD', 'department': 'CAPD', 'section': '1'}
[2025-03-30T11:41:17.433+0000] {inout_data.py:99} INFO - Query: INSERT INTO emp_inout_rec (ingested_time, timestamp, employee_id, employee_name, factory, in_out, entrance, door_number, function, division, department, section) VALUES (%s, %s, %s, %s, %s, %s, %s, %s, %s, %s, %s)
[2025-03-30T11:41:17.435+0000] {inout_data.py:100} INFO - Params: ('2025-03-30 11:41:17', '2024-09-30 20:04:00', 5399, 'Employee94', 'FactoryB', 'OUT', 'Main', '8', 'IT', 'AAPD', 'CAPD', '1')
[2025-03-30T11:41:17.436+0000] {logging_mixin.py:188} INFO - General error executing query: not all arguments converted during string formatting
[2025-03-30T11:41:17.436+0000] {inout_data.py:83} INFO - {'ingested_time': datetime.datetime(2025, 3, 30, 11, 41, 17, 436953), 'timestamp': datetime.datetime(2024, 9, 30, 20, 26, tzinfo=datetime.timezone.utc), 'emp_id': 2201, 'employee_name': 'Employee25', 'factory': 'FactoryA', 'in_out': 'OUT', 'entrance': 'Main', 'door_number': '10', 'function': 'IT', 'division': 'AAPD', 'department': 'HRSD', 'section': '2'}
[2025-03-30T11:41:17.437+0000] {inout_data.py:99} INFO - Query: INSERT INTO emp_inout_rec (ingested_time, timestamp, employee_id, employee_name, factory, in_out, entrance, door_number, function, division, department, section) VALUES (%s, %s, %s, %s, %s, %s, %s, %s, %s, %s, %s)
[2025-03-30T11:41:17.437+0000] {inout_data.py:100} INFO - Params: ('2025-03-30 11:41:17', '2024-09-30 20:26:00', 2201, 'Employee25', 'FactoryA', 'OUT', 'Main', '10', 'IT', 'AAPD', 'HRSD', '2')
[2025-03-30T11:41:17.437+0000] {logging_mixin.py:188} INFO - General error executing query: not all arguments converted during string formatting
[2025-03-30T11:41:17.437+0000] {inout_data.py:83} INFO - {'ingested_time': datetime.datetime(2025, 3, 30, 11, 41, 17, 437744), 'timestamp': datetime.datetime(2024, 9, 30, 20, 2, tzinfo=datetime.timezone.utc), 'emp_id': 7511, 'employee_name': 'Employee21', 'factory': 'FactoryA', 'in_out': 'IN', 'entrance': 'Side', 'door_number': '2', 'function': 'IT', 'division': 'AAPD', 'department': 'ML', 'section': '2'}
[2025-03-30T11:41:17.438+0000] {inout_data.py:99} INFO - Query: INSERT INTO emp_inout_rec (ingested_time, timestamp, employee_id, employee_name, factory, in_out, entrance, door_number, function, division, department, section) VALUES (%s, %s, %s, %s, %s, %s, %s, %s, %s, %s, %s)
[2025-03-30T11:41:17.438+0000] {inout_data.py:100} INFO - Params: ('2025-03-30 11:41:17', '2024-09-30 20:02:00', 7511, 'Employee21', 'FactoryA', 'IN', 'Side', '2', 'IT', 'AAPD', 'ML', '2')
[2025-03-30T11:41:17.438+0000] {logging_mixin.py:188} INFO - General error executing query: not all arguments converted during string formatting
[2025-03-30T11:41:17.438+0000] {inout_data.py:83} INFO - {'ingested_time': datetime.datetime(2025, 3, 30, 11, 41, 17, 438640), 'timestamp': datetime.datetime(2024, 9, 30, 20, 20, tzinfo=datetime.timezone.utc), 'emp_id': 3475, 'employee_name': 'Employee60', 'factory': 'FactoryA', 'in_out': 'IN', 'entrance': 'Main', 'door_number': '9', 'function': 'IT', 'division': 'BSID', 'department': 'HRSD', 'section': '2'}
[2025-03-30T11:41:17.439+0000] {inout_data.py:99} INFO - Query: INSERT INTO emp_inout_rec (ingested_time, timestamp, employee_id, employee_name, factory, in_out, entrance, door_number, function, division, department, section) VALUES (%s, %s, %s, %s, %s, %s, %s, %s, %s, %s, %s)
[2025-03-30T11:41:17.439+0000] {inout_data.py:100} INFO - Params: ('2025-03-30 11:41:17', '2024-09-30 20:20:00', 3475, 'Employee60', 'FactoryA', 'IN', 'Main', '9', 'IT', 'BSID', 'HRSD', '2')
[2025-03-30T11:41:17.439+0000] {logging_mixin.py:188} INFO - General error executing query: not all arguments converted during string formatting
[2025-03-30T11:41:17.439+0000] {inout_data.py:83} INFO - {'ingested_time': datetime.datetime(2025, 3, 30, 11, 41, 17, 439767), 'timestamp': datetime.datetime(2024, 9, 30, 20, 15, tzinfo=datetime.timezone.utc), 'emp_id': 2254, 'employee_name': 'Employee72', 'factory': 'FactoryA', 'in_out': 'OUT', 'entrance': 'Side', 'door_number': '1', 'function': 'IT', 'division': 'BSID', 'department': 'HRSD', 'section': '1'}
[2025-03-30T11:41:17.440+0000] {inout_data.py:99} INFO - Query: INSERT INTO emp_inout_rec (ingested_time, timestamp, employee_id, employee_name, factory, in_out, entrance, door_number, function, division, department, section) VALUES (%s, %s, %s, %s, %s, %s, %s, %s, %s, %s, %s)
[2025-03-30T11:41:17.440+0000] {inout_data.py:100} INFO - Params: ('2025-03-30 11:41:17', '2024-09-30 20:15:00', 2254, 'Employee72', 'FactoryA', 'OUT', 'Side', '1', 'IT', 'BSID', 'HRSD', '1')
[2025-03-30T11:41:17.440+0000] {logging_mixin.py:188} INFO - General error executing query: not all arguments converted during string formatting
[2025-03-30T11:41:17.440+0000] {inout_data.py:83} INFO - {'ingested_time': datetime.datetime(2025, 3, 30, 11, 41, 17, 440577), 'timestamp': datetime.datetime(2024, 9, 30, 20, 8, tzinfo=datetime.timezone.utc), 'emp_id': 9404, 'employee_name': 'Employee63', 'factory': 'FactoryA', 'in_out': 'IN', 'entrance': 'Main', 'door_number': '9', 'function': 'IT', 'division': 'AAPD', 'department': 'ML', 'section': '2'}
[2025-03-30T11:41:17.440+0000] {inout_data.py:99} INFO - Query: INSERT INTO emp_inout_rec (ingested_time, timestamp, employee_id, employee_name, factory, in_out, entrance, door_number, function, division, department, section) VALUES (%s, %s, %s, %s, %s, %s, %s, %s, %s, %s, %s)
[2025-03-30T11:41:17.441+0000] {inout_data.py:100} INFO - Params: ('2025-03-30 11:41:17', '2024-09-30 20:08:00', 9404, 'Employee63', 'FactoryA', 'IN', 'Main', '9', 'IT', 'AAPD', 'ML', '2')
[2025-03-30T11:41:17.441+0000] {logging_mixin.py:188} INFO - General error executing query: not all arguments converted during string formatting
[2025-03-30T11:41:17.441+0000] {inout_data.py:102} INFO - Ingested 15 rows of dummy data for 2024-09-30 20:00:00+00:00.
[2025-03-30T11:41:17.441+0000] {logging_mixin.py:188} INFO - MariaDB connection closed.
[2025-03-30T11:41:17.441+0000] {python.py:202} INFO - Done. Returned value was: None
[2025-03-30T11:41:17.478+0000] {taskinstance.py:1149} INFO - Marking task as SUCCESS. dag_id=inout_data_ingestion, task_id=ingest_dummy_data, execution_date=20240930T200000, start_date=20250330T114116, end_date=20250330T114117
[2025-03-30T11:41:17.579+0000] {local_task_job_runner.py:234} INFO - Task exited with return code 0
[2025-03-30T11:41:17.630+0000] {taskinstance.py:3309} INFO - 0 downstream tasks scheduled from follow-on schedule check
