[2025-03-30T11:13:02.348+0000] {taskinstance.py:1979} INFO - Dependencies all met for dep_context=non-requeueable deps ti=<TaskInstance: inout_data_ingestion.create_table scheduled__2024-10-06T18:00:00+00:00 [queued]>
[2025-03-30T11:13:02.378+0000] {taskinstance.py:1979} INFO - Dependencies all met for dep_context=requeueable deps ti=<TaskInstance: inout_data_ingestion.create_table scheduled__2024-10-06T18:00:00+00:00 [queued]>
[2025-03-30T11:13:02.380+0000] {taskinstance.py:2193} INFO - Starting attempt 1 of 2
[2025-03-30T11:13:02.414+0000] {taskinstance.py:2214} INFO - Executing <Task(PythonOperator): create_table> on 2024-10-06 18:00:00+00:00
[2025-03-30T11:13:02.496+0000] {standard_task_runner.py:60} INFO - Started process 1584 to run task
[2025-03-30T11:13:02.530+0000] {standard_task_runner.py:87} INFO - Running: ['***', 'tasks', 'run', 'inout_data_ingestion', 'create_table', 'scheduled__2024-10-06T18:00:00+00:00', '--job-id', '766', '--raw', '--subdir', 'DAGS_FOLDER/inout_data.py', '--cfg-path', '/tmp/tmphjxthkdb']
[2025-03-30T11:13:02.535+0000] {standard_task_runner.py:88} INFO - Job 766: Subtask create_table
[2025-03-30T11:13:02.571+0000] {warnings.py:109} WARNING - /home/***/.local/lib/python3.8/site-packages/***/settings.py:194: DeprecationWarning: The sql_alchemy_conn option in [core] has been moved to the sql_alchemy_conn option in [database] - the old setting has been used, but please update your config.
  SQL_ALCHEMY_CONN = conf.get("database", "SQL_ALCHEMY_CONN")

[2025-03-30T11:13:02.643+0000] {task_command.py:423} INFO - Running <TaskInstance: inout_data_ingestion.create_table scheduled__2024-10-06T18:00:00+00:00 [running]> on host ff9d64b065e6
[2025-03-30T11:13:02.829+0000] {taskinstance.py:2510} INFO - Exporting env vars: AIRFLOW_CTX_DAG_OWNER='***' AIRFLOW_CTX_DAG_ID='inout_data_ingestion' AIRFLOW_CTX_TASK_ID='create_table' AIRFLOW_CTX_EXECUTION_DATE='2024-10-06T18:00:00+00:00' AIRFLOW_CTX_TRY_NUMBER='1' AIRFLOW_CTX_DAG_RUN_ID='scheduled__2024-10-06T18:00:00+00:00'
[2025-03-30T11:13:02.842+0000] {inout_data.py:42} INFO - Successfully connected to MariaDB: INOUT on mariadb:3306
[2025-03-30T11:13:02.846+0000] {inout_data.py:124} INFO - Table emp_inout_rec created (if it didn't exist).
[2025-03-30T11:13:02.847+0000] {inout_data.py:78} INFO - MariaDB connection closed.
[2025-03-30T11:13:02.848+0000] {python.py:202} INFO - Done. Returned value was: None
[2025-03-30T11:13:02.881+0000] {taskinstance.py:1149} INFO - Marking task as SUCCESS. dag_id=inout_data_ingestion, task_id=create_table, execution_date=20241006T180000, start_date=20250330T111302, end_date=20250330T111302
[2025-03-30T11:13:02.952+0000] {local_task_job_runner.py:234} INFO - Task exited with return code 0
[2025-03-30T11:13:02.993+0000] {taskinstance.py:3309} INFO - 1 downstream tasks scheduled from follow-on schedule check
[2025-03-30T11:19:44.410+0000] {taskinstance.py:1979} INFO - Dependencies all met for dep_context=non-requeueable deps ti=<TaskInstance: inout_data_ingestion.create_table scheduled__2024-10-06T18:00:00+00:00 [queued]>
[2025-03-30T11:19:44.426+0000] {taskinstance.py:1979} INFO - Dependencies all met for dep_context=requeueable deps ti=<TaskInstance: inout_data_ingestion.create_table scheduled__2024-10-06T18:00:00+00:00 [queued]>
[2025-03-30T11:19:44.426+0000] {taskinstance.py:2193} INFO - Starting attempt 1 of 2
[2025-03-30T11:19:44.449+0000] {taskinstance.py:2214} INFO - Executing <Task(PythonOperator): create_table> on 2024-10-06 18:00:00+00:00
[2025-03-30T11:19:44.454+0000] {standard_task_runner.py:60} INFO - Started process 3436 to run task
[2025-03-30T11:19:44.457+0000] {standard_task_runner.py:87} INFO - Running: ['***', 'tasks', 'run', 'inout_data_ingestion', 'create_table', 'scheduled__2024-10-06T18:00:00+00:00', '--job-id', '1693', '--raw', '--subdir', 'DAGS_FOLDER/inout_data.py', '--cfg-path', '/tmp/tmpwjz7a1fv']
[2025-03-30T11:19:44.459+0000] {standard_task_runner.py:88} INFO - Job 1693: Subtask create_table
[2025-03-30T11:19:44.474+0000] {warnings.py:109} WARNING - /home/***/.local/lib/python3.8/site-packages/***/settings.py:194: DeprecationWarning: The sql_alchemy_conn option in [core] has been moved to the sql_alchemy_conn option in [database] - the old setting has been used, but please update your config.
  SQL_ALCHEMY_CONN = conf.get("database", "SQL_ALCHEMY_CONN")

[2025-03-30T11:19:44.500+0000] {task_command.py:423} INFO - Running <TaskInstance: inout_data_ingestion.create_table scheduled__2024-10-06T18:00:00+00:00 [running]> on host ff9d64b065e6
[2025-03-30T11:19:44.635+0000] {taskinstance.py:2510} INFO - Exporting env vars: AIRFLOW_CTX_DAG_OWNER='***' AIRFLOW_CTX_DAG_ID='inout_data_ingestion' AIRFLOW_CTX_TASK_ID='create_table' AIRFLOW_CTX_EXECUTION_DATE='2024-10-06T18:00:00+00:00' AIRFLOW_CTX_TRY_NUMBER='1' AIRFLOW_CTX_DAG_RUN_ID='scheduled__2024-10-06T18:00:00+00:00'
[2025-03-30T11:19:44.647+0000] {inout_data.py:42} INFO - Successfully connected to MariaDB: INOUT on mariadb:3306
[2025-03-30T11:19:44.648+0000] {inout_data.py:117} INFO - Table emp_inout_rec created (if it didn't exist).
[2025-03-30T11:19:44.649+0000] {inout_data.py:78} INFO - MariaDB connection closed.
[2025-03-30T11:19:44.649+0000] {python.py:202} INFO - Done. Returned value was: None
[2025-03-30T11:19:44.661+0000] {taskinstance.py:1149} INFO - Marking task as SUCCESS. dag_id=inout_data_ingestion, task_id=create_table, execution_date=20241006T180000, start_date=20250330T111944, end_date=20250330T111944
[2025-03-30T11:19:44.721+0000] {local_task_job_runner.py:234} INFO - Task exited with return code 0
[2025-03-30T11:19:44.738+0000] {taskinstance.py:3309} INFO - 1 downstream tasks scheduled from follow-on schedule check
