[2025-03-30T11:13:26.744+0000] {taskinstance.py:1979} INFO - Dependencies all met for dep_context=non-requeueable deps ti=<TaskInstance: inout_data_ingestion.ingest_dummy_data scheduled__2024-10-07T12:30:00+00:00 [queued]>
[2025-03-30T11:13:26.755+0000] {taskinstance.py:1979} INFO - Dependencies all met for dep_context=requeueable deps ti=<TaskInstance: inout_data_ingestion.ingest_dummy_data scheduled__2024-10-07T12:30:00+00:00 [queued]>
[2025-03-30T11:13:26.756+0000] {taskinstance.py:2193} INFO - Starting attempt 1 of 2
[2025-03-30T11:13:26.764+0000] {taskinstance.py:2214} INFO - Executing <Task(PythonOperator): ingest_dummy_data> on 2024-10-07 12:30:00+00:00
[2025-03-30T11:13:26.770+0000] {standard_task_runner.py:60} INFO - Started process 1743 to run task
[2025-03-30T11:13:26.772+0000] {standard_task_runner.py:87} INFO - Running: ['***', 'tasks', 'run', 'inout_data_ingestion', 'ingest_dummy_data', 'scheduled__2024-10-07T12:30:00+00:00', '--job-id', '846', '--raw', '--subdir', 'DAGS_FOLDER/inout_data.py', '--cfg-path', '/tmp/tmpdv9cxl4u']
[2025-03-30T11:13:26.774+0000] {standard_task_runner.py:88} INFO - Job 846: Subtask ingest_dummy_data
[2025-03-30T11:13:26.781+0000] {warnings.py:109} WARNING - /home/***/.local/lib/python3.8/site-packages/***/settings.py:194: DeprecationWarning: The sql_alchemy_conn option in [core] has been moved to the sql_alchemy_conn option in [database] - the old setting has been used, but please update your config.
  SQL_ALCHEMY_CONN = conf.get("database", "SQL_ALCHEMY_CONN")

[2025-03-30T11:13:26.809+0000] {task_command.py:423} INFO - Running <TaskInstance: inout_data_ingestion.ingest_dummy_data scheduled__2024-10-07T12:30:00+00:00 [running]> on host ff9d64b065e6
[2025-03-30T11:13:26.846+0000] {taskinstance.py:2510} INFO - Exporting env vars: AIRFLOW_CTX_DAG_OWNER='***' AIRFLOW_CTX_DAG_ID='inout_data_ingestion' AIRFLOW_CTX_TASK_ID='ingest_dummy_data' AIRFLOW_CTX_EXECUTION_DATE='2024-10-07T12:30:00+00:00' AIRFLOW_CTX_TRY_NUMBER='1' AIRFLOW_CTX_DAG_RUN_ID='scheduled__2024-10-07T12:30:00+00:00'
[2025-03-30T11:13:26.848+0000] {inout_data.py:42} INFO - Successfully connected to MariaDB: INOUT on mariadb:3306
[2025-03-30T11:13:26.849+0000] {inout_data.py:63} ERROR - Error executing query: (1062, "Duplicate entry '2025-03-30 11:13:26-5497' for key 'PRIMARY'")
[2025-03-30T11:13:26.849+0000] {inout_data.py:63} ERROR - Error executing query: (1062, "Duplicate entry '2025-03-30 11:13:26-5497' for key 'PRIMARY'")
[2025-03-30T11:13:26.850+0000] {inout_data.py:63} ERROR - Error executing query: (1062, "Duplicate entry '2025-03-30 11:13:26-5497' for key 'PRIMARY'")
[2025-03-30T11:13:26.850+0000] {inout_data.py:63} ERROR - Error executing query: (1062, "Duplicate entry '2025-03-30 11:13:26-5497' for key 'PRIMARY'")
[2025-03-30T11:13:26.851+0000] {inout_data.py:63} ERROR - Error executing query: (1062, "Duplicate entry '2025-03-30 11:13:26-5497' for key 'PRIMARY'")
[2025-03-30T11:13:26.851+0000] {inout_data.py:63} ERROR - Error executing query: (1062, "Duplicate entry '2025-03-30 11:13:26-5497' for key 'PRIMARY'")
[2025-03-30T11:13:26.852+0000] {inout_data.py:63} ERROR - Error executing query: (1062, "Duplicate entry '2025-03-30 11:13:26-5497' for key 'PRIMARY'")
[2025-03-30T11:13:26.852+0000] {inout_data.py:63} ERROR - Error executing query: (1062, "Duplicate entry '2025-03-30 11:13:26-5497' for key 'PRIMARY'")
[2025-03-30T11:13:26.853+0000] {inout_data.py:159} INFO - Ingested 9 rows of dummy data.
[2025-03-30T11:13:26.853+0000] {inout_data.py:78} INFO - MariaDB connection closed.
[2025-03-30T11:13:26.853+0000] {python.py:202} INFO - Done. Returned value was: None
[2025-03-30T11:13:26.857+0000] {taskinstance.py:1149} INFO - Marking task as SUCCESS. dag_id=inout_data_ingestion, task_id=ingest_dummy_data, execution_date=20241007T123000, start_date=20250330T111326, end_date=20250330T111326
[2025-03-30T11:13:26.871+0000] {local_task_job_runner.py:234} INFO - Task exited with return code 0
[2025-03-30T11:13:26.881+0000] {taskinstance.py:3309} INFO - 0 downstream tasks scheduled from follow-on schedule check
[2025-03-30T11:20:09.937+0000] {taskinstance.py:1979} INFO - Dependencies all met for dep_context=non-requeueable deps ti=<TaskInstance: inout_data_ingestion.ingest_dummy_data scheduled__2024-10-07T12:30:00+00:00 [queued]>
[2025-03-30T11:20:09.980+0000] {taskinstance.py:1979} INFO - Dependencies all met for dep_context=requeueable deps ti=<TaskInstance: inout_data_ingestion.ingest_dummy_data scheduled__2024-10-07T12:30:00+00:00 [queued]>
[2025-03-30T11:20:09.983+0000] {taskinstance.py:2193} INFO - Starting attempt 1 of 2
[2025-03-30T11:20:10.023+0000] {taskinstance.py:2214} INFO - Executing <Task(PythonOperator): ingest_dummy_data> on 2024-10-07 12:30:00+00:00
[2025-03-30T11:20:10.034+0000] {standard_task_runner.py:60} INFO - Started process 3599 to run task
[2025-03-30T11:20:10.046+0000] {standard_task_runner.py:87} INFO - Running: ['***', 'tasks', 'run', 'inout_data_ingestion', 'ingest_dummy_data', 'scheduled__2024-10-07T12:30:00+00:00', '--job-id', '1774', '--raw', '--subdir', 'DAGS_FOLDER/inout_data.py', '--cfg-path', '/tmp/tmpk4floshu']
[2025-03-30T11:20:10.056+0000] {standard_task_runner.py:88} INFO - Job 1774: Subtask ingest_dummy_data
[2025-03-30T11:20:10.126+0000] {warnings.py:109} WARNING - /home/***/.local/lib/python3.8/site-packages/***/settings.py:194: DeprecationWarning: The sql_alchemy_conn option in [core] has been moved to the sql_alchemy_conn option in [database] - the old setting has been used, but please update your config.
  SQL_ALCHEMY_CONN = conf.get("database", "SQL_ALCHEMY_CONN")

[2025-03-30T11:20:10.250+0000] {task_command.py:423} INFO - Running <TaskInstance: inout_data_ingestion.ingest_dummy_data scheduled__2024-10-07T12:30:00+00:00 [running]> on host ff9d64b065e6
[2025-03-30T11:20:10.360+0000] {taskinstance.py:2510} INFO - Exporting env vars: AIRFLOW_CTX_DAG_OWNER='***' AIRFLOW_CTX_DAG_ID='inout_data_ingestion' AIRFLOW_CTX_TASK_ID='ingest_dummy_data' AIRFLOW_CTX_EXECUTION_DATE='2024-10-07T12:30:00+00:00' AIRFLOW_CTX_TRY_NUMBER='1' AIRFLOW_CTX_DAG_RUN_ID='scheduled__2024-10-07T12:30:00+00:00'
[2025-03-30T11:20:10.365+0000] {inout_data.py:42} INFO - Successfully connected to MariaDB: INOUT on mariadb:3306
[2025-03-30T11:20:10.367+0000] {inout_data.py:63} ERROR - Error executing query: (1062, "Duplicate entry '2025-03-30 11:20:10-9867' for key 'PRIMARY'")
[2025-03-30T11:20:10.368+0000] {inout_data.py:63} ERROR - Error executing query: (1062, "Duplicate entry '2025-03-30 11:20:10-9867' for key 'PRIMARY'")
[2025-03-30T11:20:10.369+0000] {inout_data.py:63} ERROR - Error executing query: (1062, "Duplicate entry '2025-03-30 11:20:10-9867' for key 'PRIMARY'")
[2025-03-30T11:20:10.370+0000] {inout_data.py:63} ERROR - Error executing query: (1062, "Duplicate entry '2025-03-30 11:20:10-9867' for key 'PRIMARY'")
[2025-03-30T11:20:10.371+0000] {inout_data.py:63} ERROR - Error executing query: (1062, "Duplicate entry '2025-03-30 11:20:10-9867' for key 'PRIMARY'")
[2025-03-30T11:20:10.372+0000] {inout_data.py:63} ERROR - Error executing query: (1062, "Duplicate entry '2025-03-30 11:20:10-9867' for key 'PRIMARY'")
[2025-03-30T11:20:10.374+0000] {inout_data.py:63} ERROR - Error executing query: (1062, "Duplicate entry '2025-03-30 11:20:10-9867' for key 'PRIMARY'")
[2025-03-30T11:20:10.376+0000] {inout_data.py:63} ERROR - Error executing query: (1062, "Duplicate entry '2025-03-30 11:20:10-9867' for key 'PRIMARY'")
[2025-03-30T11:20:10.377+0000] {inout_data.py:63} ERROR - Error executing query: (1062, "Duplicate entry '2025-03-30 11:20:10-9867' for key 'PRIMARY'")
[2025-03-30T11:20:10.379+0000] {inout_data.py:63} ERROR - Error executing query: (1062, "Duplicate entry '2025-03-30 11:20:10-9867' for key 'PRIMARY'")
[2025-03-30T11:20:10.380+0000] {inout_data.py:152} INFO - Ingested 11 rows of dummy data.
[2025-03-30T11:20:10.381+0000] {inout_data.py:78} INFO - MariaDB connection closed.
[2025-03-30T11:20:10.382+0000] {python.py:202} INFO - Done. Returned value was: None
[2025-03-30T11:20:10.398+0000] {taskinstance.py:1149} INFO - Marking task as SUCCESS. dag_id=inout_data_ingestion, task_id=ingest_dummy_data, execution_date=20241007T123000, start_date=20250330T112009, end_date=20250330T112010
[2025-03-30T11:20:10.456+0000] {local_task_job_runner.py:234} INFO - Task exited with return code 0
[2025-03-30T11:20:10.474+0000] {taskinstance.py:3309} INFO - 0 downstream tasks scheduled from follow-on schedule check
