[2025-03-30T11:09:49.911+0000] {taskinstance.py:1979} INFO - Dependencies all met for dep_context=non-requeueable deps ti=<TaskInstance: inout_data_ingestion.create_table scheduled__2024-09-30T23:30:00+00:00 [queued]>
[2025-03-30T11:09:49.924+0000] {taskinstance.py:1979} INFO - Dependencies all met for dep_context=requeueable deps ti=<TaskInstance: inout_data_ingestion.create_table scheduled__2024-09-30T23:30:00+00:00 [queued]>
[2025-03-30T11:09:49.926+0000] {taskinstance.py:2193} INFO - Starting attempt 1 of 2
[2025-03-30T11:09:49.953+0000] {taskinstance.py:2214} INFO - Executing <Task(PythonOperator): create_table> on 2024-09-30 23:30:00+00:00
[2025-03-30T11:09:49.958+0000] {standard_task_runner.py:60} INFO - Started process 478 to run task
[2025-03-30T11:09:49.963+0000] {standard_task_runner.py:87} INFO - Running: ['***', 'tasks', 'run', 'inout_data_ingestion', 'create_table', 'scheduled__2024-09-30T23:30:00+00:00', '--job-id', '212', '--raw', '--subdir', 'DAGS_FOLDER/inout_data.py', '--cfg-path', '/tmp/tmpvkr0zi__']
[2025-03-30T11:09:49.965+0000] {standard_task_runner.py:88} INFO - Job 212: Subtask create_table
[2025-03-30T11:09:49.983+0000] {warnings.py:109} WARNING - /home/***/.local/lib/python3.8/site-packages/***/settings.py:194: DeprecationWarning: The sql_alchemy_conn option in [core] has been moved to the sql_alchemy_conn option in [database] - the old setting has been used, but please update your config.
  SQL_ALCHEMY_CONN = conf.get("database", "SQL_ALCHEMY_CONN")

[2025-03-30T11:09:50.029+0000] {task_command.py:423} INFO - Running <TaskInstance: inout_data_ingestion.create_table scheduled__2024-09-30T23:30:00+00:00 [running]> on host ff9d64b065e6
[2025-03-30T11:09:50.123+0000] {taskinstance.py:2510} INFO - Exporting env vars: AIRFLOW_CTX_DAG_OWNER='***' AIRFLOW_CTX_DAG_ID='inout_data_ingestion' AIRFLOW_CTX_TASK_ID='create_table' AIRFLOW_CTX_EXECUTION_DATE='2024-09-30T23:30:00+00:00' AIRFLOW_CTX_TRY_NUMBER='1' AIRFLOW_CTX_DAG_RUN_ID='scheduled__2024-09-30T23:30:00+00:00'
[2025-03-30T11:09:50.131+0000] {inout_data.py:42} INFO - Successfully connected to MariaDB: INOUT on mariadb:3306
[2025-03-30T11:09:50.132+0000] {inout_data.py:124} INFO - Table emp_inout_rec created (if it didn't exist).
[2025-03-30T11:09:50.133+0000] {inout_data.py:78} INFO - MariaDB connection closed.
[2025-03-30T11:09:50.134+0000] {python.py:202} INFO - Done. Returned value was: None
[2025-03-30T11:09:50.143+0000] {taskinstance.py:1149} INFO - Marking task as SUCCESS. dag_id=inout_data_ingestion, task_id=create_table, execution_date=20240930T233000, start_date=20250330T110949, end_date=20250330T110950
[2025-03-30T11:09:50.187+0000] {local_task_job_runner.py:234} INFO - Task exited with return code 0
[2025-03-30T11:09:50.236+0000] {taskinstance.py:3309} INFO - 1 downstream tasks scheduled from follow-on schedule check
[2025-03-30T11:16:26.601+0000] {taskinstance.py:1979} INFO - Dependencies all met for dep_context=non-requeueable deps ti=<TaskInstance: inout_data_ingestion.create_table scheduled__2024-09-30T23:30:00+00:00 [queued]>
[2025-03-30T11:16:26.617+0000] {taskinstance.py:1979} INFO - Dependencies all met for dep_context=requeueable deps ti=<TaskInstance: inout_data_ingestion.create_table scheduled__2024-09-30T23:30:00+00:00 [queued]>
[2025-03-30T11:16:26.618+0000] {taskinstance.py:2193} INFO - Starting attempt 1 of 2
[2025-03-30T11:16:26.633+0000] {taskinstance.py:2214} INFO - Executing <Task(PythonOperator): create_table> on 2024-09-30 23:30:00+00:00
[2025-03-30T11:16:26.639+0000] {standard_task_runner.py:60} INFO - Started process 2336 to run task
[2025-03-30T11:16:26.643+0000] {standard_task_runner.py:87} INFO - Running: ['***', 'tasks', 'run', 'inout_data_ingestion', 'create_table', 'scheduled__2024-09-30T23:30:00+00:00', '--job-id', '1142', '--raw', '--subdir', 'DAGS_FOLDER/inout_data.py', '--cfg-path', '/tmp/tmprhp1g3yi']
[2025-03-30T11:16:26.645+0000] {standard_task_runner.py:88} INFO - Job 1142: Subtask create_table
[2025-03-30T11:16:26.656+0000] {warnings.py:109} WARNING - /home/***/.local/lib/python3.8/site-packages/***/settings.py:194: DeprecationWarning: The sql_alchemy_conn option in [core] has been moved to the sql_alchemy_conn option in [database] - the old setting has been used, but please update your config.
  SQL_ALCHEMY_CONN = conf.get("database", "SQL_ALCHEMY_CONN")

[2025-03-30T11:16:26.694+0000] {task_command.py:423} INFO - Running <TaskInstance: inout_data_ingestion.create_table scheduled__2024-09-30T23:30:00+00:00 [running]> on host ff9d64b065e6
[2025-03-30T11:16:26.803+0000] {taskinstance.py:2510} INFO - Exporting env vars: AIRFLOW_CTX_DAG_OWNER='***' AIRFLOW_CTX_DAG_ID='inout_data_ingestion' AIRFLOW_CTX_TASK_ID='create_table' AIRFLOW_CTX_EXECUTION_DATE='2024-09-30T23:30:00+00:00' AIRFLOW_CTX_TRY_NUMBER='1' AIRFLOW_CTX_DAG_RUN_ID='scheduled__2024-09-30T23:30:00+00:00'
[2025-03-30T11:16:26.809+0000] {inout_data.py:42} INFO - Successfully connected to MariaDB: INOUT on mariadb:3306
[2025-03-30T11:16:26.810+0000] {inout_data.py:117} INFO - Table emp_inout_rec created (if it didn't exist).
[2025-03-30T11:16:26.811+0000] {inout_data.py:78} INFO - MariaDB connection closed.
[2025-03-30T11:16:26.811+0000] {python.py:202} INFO - Done. Returned value was: None
[2025-03-30T11:16:26.819+0000] {taskinstance.py:1149} INFO - Marking task as SUCCESS. dag_id=inout_data_ingestion, task_id=create_table, execution_date=20240930T233000, start_date=20250330T111626, end_date=20250330T111626
[2025-03-30T11:16:26.866+0000] {local_task_job_runner.py:234} INFO - Task exited with return code 0
[2025-03-30T11:16:26.895+0000] {taskinstance.py:3309} INFO - 1 downstream tasks scheduled from follow-on schedule check
[2025-03-30T11:29:01.601+0000] {taskinstance.py:1979} INFO - Dependencies all met for dep_context=non-requeueable deps ti=<TaskInstance: inout_data_ingestion.create_table scheduled__2024-09-30T23:30:00+00:00 [queued]>
[2025-03-30T11:29:01.611+0000] {taskinstance.py:1979} INFO - Dependencies all met for dep_context=requeueable deps ti=<TaskInstance: inout_data_ingestion.create_table scheduled__2024-09-30T23:30:00+00:00 [queued]>
[2025-03-30T11:29:01.613+0000] {taskinstance.py:2193} INFO - Starting attempt 1 of 2
[2025-03-30T11:29:01.627+0000] {taskinstance.py:2214} INFO - Executing <Task(PythonOperator): create_table> on 2024-09-30 23:30:00+00:00
[2025-03-30T11:29:01.632+0000] {standard_task_runner.py:60} INFO - Started process 4253 to run task
[2025-03-30T11:29:01.639+0000] {standard_task_runner.py:87} INFO - Running: ['***', 'tasks', 'run', 'inout_data_ingestion', 'create_table', 'scheduled__2024-09-30T23:30:00+00:00', '--job-id', '2101', '--raw', '--subdir', 'DAGS_FOLDER/inout_data.py', '--cfg-path', '/tmp/tmplry3tsut']
[2025-03-30T11:29:01.641+0000] {standard_task_runner.py:88} INFO - Job 2101: Subtask create_table
[2025-03-30T11:29:01.654+0000] {warnings.py:109} WARNING - /home/***/.local/lib/python3.8/site-packages/***/settings.py:194: DeprecationWarning: The sql_alchemy_conn option in [core] has been moved to the sql_alchemy_conn option in [database] - the old setting has been used, but please update your config.
  SQL_ALCHEMY_CONN = conf.get("database", "SQL_ALCHEMY_CONN")

[2025-03-30T11:29:01.697+0000] {task_command.py:423} INFO - Running <TaskInstance: inout_data_ingestion.create_table scheduled__2024-09-30T23:30:00+00:00 [running]> on host ff9d64b065e6
[2025-03-30T11:29:01.777+0000] {taskinstance.py:2510} INFO - Exporting env vars: AIRFLOW_CTX_DAG_OWNER='***' AIRFLOW_CTX_DAG_ID='inout_data_ingestion' AIRFLOW_CTX_TASK_ID='create_table' AIRFLOW_CTX_EXECUTION_DATE='2024-09-30T23:30:00+00:00' AIRFLOW_CTX_TRY_NUMBER='1' AIRFLOW_CTX_DAG_RUN_ID='scheduled__2024-09-30T23:30:00+00:00'
[2025-03-30T11:29:01.784+0000] {logging_mixin.py:188} INFO - Successfully connected to MariaDB: INOUT on mariadb:3306
[2025-03-30T11:29:01.786+0000] {inout_data.py:46} INFO - Table emp_inout_rec created (if it didn't exist).
[2025-03-30T11:29:01.787+0000] {logging_mixin.py:188} INFO - MariaDB connection closed.
[2025-03-30T11:29:01.788+0000] {python.py:202} INFO - Done. Returned value was: None
[2025-03-30T11:29:01.799+0000] {taskinstance.py:1149} INFO - Marking task as SUCCESS. dag_id=inout_data_ingestion, task_id=create_table, execution_date=20240930T233000, start_date=20250330T112901, end_date=20250330T112901
[2025-03-30T11:29:01.819+0000] {local_task_job_runner.py:234} INFO - Task exited with return code 0
[2025-03-30T11:29:01.838+0000] {taskinstance.py:3309} INFO - 0 downstream tasks scheduled from follow-on schedule check
[2025-03-30T11:33:37.221+0000] {taskinstance.py:1979} INFO - Dependencies all met for dep_context=non-requeueable deps ti=<TaskInstance: inout_data_ingestion.create_table scheduled__2024-09-30T23:30:00+00:00 [queued]>
[2025-03-30T11:33:37.239+0000] {taskinstance.py:1979} INFO - Dependencies all met for dep_context=requeueable deps ti=<TaskInstance: inout_data_ingestion.create_table scheduled__2024-09-30T23:30:00+00:00 [queued]>
[2025-03-30T11:33:37.240+0000] {taskinstance.py:2193} INFO - Starting attempt 1 of 2
[2025-03-30T11:33:37.262+0000] {taskinstance.py:2214} INFO - Executing <Task(PythonOperator): create_table> on 2024-09-30 23:30:00+00:00
[2025-03-30T11:33:37.269+0000] {standard_task_runner.py:60} INFO - Started process 5710 to run task
[2025-03-30T11:33:37.277+0000] {standard_task_runner.py:87} INFO - Running: ['***', 'tasks', 'run', 'inout_data_ingestion', 'create_table', 'scheduled__2024-09-30T23:30:00+00:00', '--job-id', '2829', '--raw', '--subdir', 'DAGS_FOLDER/inout_data.py', '--cfg-path', '/tmp/tmpdx63pywj']
[2025-03-30T11:33:37.279+0000] {standard_task_runner.py:88} INFO - Job 2829: Subtask create_table
[2025-03-30T11:33:37.306+0000] {warnings.py:109} WARNING - /home/***/.local/lib/python3.8/site-packages/***/settings.py:194: DeprecationWarning: The sql_alchemy_conn option in [core] has been moved to the sql_alchemy_conn option in [database] - the old setting has been used, but please update your config.
  SQL_ALCHEMY_CONN = conf.get("database", "SQL_ALCHEMY_CONN")

[2025-03-30T11:33:37.346+0000] {task_command.py:423} INFO - Running <TaskInstance: inout_data_ingestion.create_table scheduled__2024-09-30T23:30:00+00:00 [running]> on host ff9d64b065e6
[2025-03-30T11:33:37.502+0000] {taskinstance.py:2510} INFO - Exporting env vars: AIRFLOW_CTX_DAG_OWNER='***' AIRFLOW_CTX_DAG_ID='inout_data_ingestion' AIRFLOW_CTX_TASK_ID='create_table' AIRFLOW_CTX_EXECUTION_DATE='2024-09-30T23:30:00+00:00' AIRFLOW_CTX_TRY_NUMBER='1' AIRFLOW_CTX_DAG_RUN_ID='scheduled__2024-09-30T23:30:00+00:00'
[2025-03-30T11:33:37.522+0000] {logging_mixin.py:188} INFO - Successfully connected to MariaDB: INOUT on mariadb:3306
[2025-03-30T11:33:37.526+0000] {inout_data.py:46} INFO - Table emp_inout_rec created (if it didn't exist).
[2025-03-30T11:33:37.527+0000] {logging_mixin.py:188} INFO - MariaDB connection closed.
[2025-03-30T11:33:37.528+0000] {python.py:202} INFO - Done. Returned value was: None
[2025-03-30T11:33:37.542+0000] {taskinstance.py:1149} INFO - Marking task as SUCCESS. dag_id=inout_data_ingestion, task_id=create_table, execution_date=20240930T233000, start_date=20250330T113337, end_date=20250330T113337
[2025-03-30T11:33:37.578+0000] {local_task_job_runner.py:234} INFO - Task exited with return code 0
[2025-03-30T11:33:37.625+0000] {taskinstance.py:3309} INFO - 1 downstream tasks scheduled from follow-on schedule check
[2025-03-30T11:39:14.028+0000] {taskinstance.py:1979} INFO - Dependencies all met for dep_context=non-requeueable deps ti=<TaskInstance: inout_data_ingestion.create_table scheduled__2024-09-30T23:30:00+00:00 [queued]>
[2025-03-30T11:39:14.048+0000] {taskinstance.py:1979} INFO - Dependencies all met for dep_context=requeueable deps ti=<TaskInstance: inout_data_ingestion.create_table scheduled__2024-09-30T23:30:00+00:00 [queued]>
[2025-03-30T11:39:14.049+0000] {taskinstance.py:2193} INFO - Starting attempt 1 of 2
[2025-03-30T11:39:14.065+0000] {taskinstance.py:2214} INFO - Executing <Task(PythonOperator): create_table> on 2024-09-30 23:30:00+00:00
[2025-03-30T11:39:14.070+0000] {standard_task_runner.py:60} INFO - Started process 6611 to run task
[2025-03-30T11:39:14.087+0000] {standard_task_runner.py:87} INFO - Running: ['***', 'tasks', 'run', 'inout_data_ingestion', 'create_table', 'scheduled__2024-09-30T23:30:00+00:00', '--job-id', '3280', '--raw', '--subdir', 'DAGS_FOLDER/inout_data.py', '--cfg-path', '/tmp/tmprkdgtxer']
[2025-03-30T11:39:14.090+0000] {standard_task_runner.py:88} INFO - Job 3280: Subtask create_table
[2025-03-30T11:39:14.122+0000] {warnings.py:109} WARNING - /home/***/.local/lib/python3.8/site-packages/***/settings.py:194: DeprecationWarning: The sql_alchemy_conn option in [core] has been moved to the sql_alchemy_conn option in [database] - the old setting has been used, but please update your config.
  SQL_ALCHEMY_CONN = conf.get("database", "SQL_ALCHEMY_CONN")

[2025-03-30T11:39:14.174+0000] {task_command.py:423} INFO - Running <TaskInstance: inout_data_ingestion.create_table scheduled__2024-09-30T23:30:00+00:00 [running]> on host ff9d64b065e6
[2025-03-30T11:39:14.332+0000] {taskinstance.py:2510} INFO - Exporting env vars: AIRFLOW_CTX_DAG_OWNER='***' AIRFLOW_CTX_DAG_ID='inout_data_ingestion' AIRFLOW_CTX_TASK_ID='create_table' AIRFLOW_CTX_EXECUTION_DATE='2024-09-30T23:30:00+00:00' AIRFLOW_CTX_TRY_NUMBER='1' AIRFLOW_CTX_DAG_RUN_ID='scheduled__2024-09-30T23:30:00+00:00'
[2025-03-30T11:39:14.340+0000] {logging_mixin.py:188} INFO - Successfully connected to MariaDB: INOUT on mariadb:3306
[2025-03-30T11:39:14.341+0000] {inout_data.py:46} INFO - Table emp_inout_rec created (if it didn't exist).
[2025-03-30T11:39:14.341+0000] {logging_mixin.py:188} INFO - MariaDB connection closed.
[2025-03-30T11:39:14.341+0000] {python.py:202} INFO - Done. Returned value was: None
[2025-03-30T11:39:14.350+0000] {taskinstance.py:1149} INFO - Marking task as SUCCESS. dag_id=inout_data_ingestion, task_id=create_table, execution_date=20240930T233000, start_date=20250330T113914, end_date=20250330T113914
[2025-03-30T11:39:14.390+0000] {local_task_job_runner.py:234} INFO - Task exited with return code 0
[2025-03-30T11:39:14.419+0000] {taskinstance.py:3309} INFO - 1 downstream tasks scheduled from follow-on schedule check
[2025-03-30T11:41:21.626+0000] {taskinstance.py:1979} INFO - Dependencies all met for dep_context=non-requeueable deps ti=<TaskInstance: inout_data_ingestion.create_table scheduled__2024-09-30T23:30:00+00:00 [queued]>
[2025-03-30T11:41:21.638+0000] {taskinstance.py:1979} INFO - Dependencies all met for dep_context=requeueable deps ti=<TaskInstance: inout_data_ingestion.create_table scheduled__2024-09-30T23:30:00+00:00 [queued]>
[2025-03-30T11:41:21.638+0000] {taskinstance.py:2193} INFO - Starting attempt 1 of 2
[2025-03-30T11:41:21.655+0000] {taskinstance.py:2214} INFO - Executing <Task(PythonOperator): create_table> on 2024-09-30 23:30:00+00:00
[2025-03-30T11:41:21.663+0000] {standard_task_runner.py:60} INFO - Started process 7048 to run task
[2025-03-30T11:41:21.669+0000] {standard_task_runner.py:87} INFO - Running: ['***', 'tasks', 'run', 'inout_data_ingestion', 'create_table', 'scheduled__2024-09-30T23:30:00+00:00', '--job-id', '3498', '--raw', '--subdir', 'DAGS_FOLDER/inout_data.py', '--cfg-path', '/tmp/tmpdyybqcm5']
[2025-03-30T11:41:21.671+0000] {standard_task_runner.py:88} INFO - Job 3498: Subtask create_table
[2025-03-30T11:41:21.686+0000] {warnings.py:109} WARNING - /home/***/.local/lib/python3.8/site-packages/***/settings.py:194: DeprecationWarning: The sql_alchemy_conn option in [core] has been moved to the sql_alchemy_conn option in [database] - the old setting has been used, but please update your config.
  SQL_ALCHEMY_CONN = conf.get("database", "SQL_ALCHEMY_CONN")

[2025-03-30T11:41:21.726+0000] {task_command.py:423} INFO - Running <TaskInstance: inout_data_ingestion.create_table scheduled__2024-09-30T23:30:00+00:00 [running]> on host ff9d64b065e6
[2025-03-30T11:41:21.807+0000] {taskinstance.py:2510} INFO - Exporting env vars: AIRFLOW_CTX_DAG_OWNER='***' AIRFLOW_CTX_DAG_ID='inout_data_ingestion' AIRFLOW_CTX_TASK_ID='create_table' AIRFLOW_CTX_EXECUTION_DATE='2024-09-30T23:30:00+00:00' AIRFLOW_CTX_TRY_NUMBER='1' AIRFLOW_CTX_DAG_RUN_ID='scheduled__2024-09-30T23:30:00+00:00'
[2025-03-30T11:41:21.812+0000] {logging_mixin.py:188} INFO - Successfully connected to MariaDB: INOUT on mariadb:3306
[2025-03-30T11:41:21.814+0000] {inout_data.py:46} INFO - Table emp_inout_rec created (if it didn't exist).
[2025-03-30T11:41:21.815+0000] {logging_mixin.py:188} INFO - MariaDB connection closed.
[2025-03-30T11:41:21.815+0000] {python.py:202} INFO - Done. Returned value was: None
[2025-03-30T11:41:21.825+0000] {taskinstance.py:1149} INFO - Marking task as SUCCESS. dag_id=inout_data_ingestion, task_id=create_table, execution_date=20240930T233000, start_date=20250330T114121, end_date=20250330T114121
[2025-03-30T11:41:21.853+0000] {local_task_job_runner.py:234} INFO - Task exited with return code 0
[2025-03-30T11:41:21.879+0000] {taskinstance.py:3309} INFO - 1 downstream tasks scheduled from follow-on schedule check
