[2025-03-30T11:09:44.498+0000] {taskinstance.py:1979} INFO - Dependencies all met for dep_context=non-requeueable deps ti=<TaskInstance: inout_data_ingestion.ingest_dummy_data scheduled__2024-09-30T19:30:00+00:00 [queued]>
[2025-03-30T11:09:44.510+0000] {taskinstance.py:1979} INFO - Dependencies all met for dep_context=requeueable deps ti=<TaskInstance: inout_data_ingestion.ingest_dummy_data scheduled__2024-09-30T19:30:00+00:00 [queued]>
[2025-03-30T11:09:44.510+0000] {taskinstance.py:2193} INFO - Starting attempt 1 of 2
[2025-03-30T11:09:44.531+0000] {taskinstance.py:2214} INFO - Executing <Task(PythonOperator): ingest_dummy_data> on 2024-09-30 19:30:00+00:00
[2025-03-30T11:09:44.535+0000] {standard_task_runner.py:60} INFO - Started process 459 to run task
[2025-03-30T11:09:44.539+0000] {standard_task_runner.py:87} INFO - Running: ['***', 'tasks', 'run', 'inout_data_ingestion', 'ingest_dummy_data', 'scheduled__2024-09-30T19:30:00+00:00', '--job-id', '204', '--raw', '--subdir', 'DAGS_FOLDER/inout_data.py', '--cfg-path', '/tmp/tmpmb2duwm2']
[2025-03-30T11:09:44.540+0000] {standard_task_runner.py:88} INFO - Job 204: Subtask ingest_dummy_data
[2025-03-30T11:09:44.548+0000] {warnings.py:109} WARNING - /home/***/.local/lib/python3.8/site-packages/***/settings.py:194: DeprecationWarning: The sql_alchemy_conn option in [core] has been moved to the sql_alchemy_conn option in [database] - the old setting has been used, but please update your config.
  SQL_ALCHEMY_CONN = conf.get("database", "SQL_ALCHEMY_CONN")

[2025-03-30T11:09:44.602+0000] {task_command.py:423} INFO - Running <TaskInstance: inout_data_ingestion.ingest_dummy_data scheduled__2024-09-30T19:30:00+00:00 [running]> on host ff9d64b065e6
[2025-03-30T11:09:44.700+0000] {taskinstance.py:2510} INFO - Exporting env vars: AIRFLOW_CTX_DAG_OWNER='***' AIRFLOW_CTX_DAG_ID='inout_data_ingestion' AIRFLOW_CTX_TASK_ID='ingest_dummy_data' AIRFLOW_CTX_EXECUTION_DATE='2024-09-30T19:30:00+00:00' AIRFLOW_CTX_TRY_NUMBER='1' AIRFLOW_CTX_DAG_RUN_ID='scheduled__2024-09-30T19:30:00+00:00'
[2025-03-30T11:09:44.704+0000] {inout_data.py:42} INFO - Successfully connected to MariaDB: INOUT on mariadb:3306
[2025-03-30T11:09:44.706+0000] {inout_data.py:63} ERROR - Error executing query: (1062, "Duplicate entry '2025-03-30 11:09:44-3188' for key 'PRIMARY'")
[2025-03-30T11:09:44.706+0000] {inout_data.py:63} ERROR - Error executing query: (1062, "Duplicate entry '2025-03-30 11:09:44-3188' for key 'PRIMARY'")
[2025-03-30T11:09:44.707+0000] {inout_data.py:63} ERROR - Error executing query: (1062, "Duplicate entry '2025-03-30 11:09:44-3188' for key 'PRIMARY'")
[2025-03-30T11:09:44.707+0000] {inout_data.py:63} ERROR - Error executing query: (1062, "Duplicate entry '2025-03-30 11:09:44-3188' for key 'PRIMARY'")
[2025-03-30T11:09:44.709+0000] {inout_data.py:63} ERROR - Error executing query: (1062, "Duplicate entry '2025-03-30 11:09:44-3188' for key 'PRIMARY'")
[2025-03-30T11:09:44.709+0000] {inout_data.py:63} ERROR - Error executing query: (1062, "Duplicate entry '2025-03-30 11:09:44-3188' for key 'PRIMARY'")
[2025-03-30T11:09:44.710+0000] {inout_data.py:63} ERROR - Error executing query: (1062, "Duplicate entry '2025-03-30 11:09:44-3188' for key 'PRIMARY'")
[2025-03-30T11:09:44.710+0000] {inout_data.py:63} ERROR - Error executing query: (1062, "Duplicate entry '2025-03-30 11:09:44-3188' for key 'PRIMARY'")
[2025-03-30T11:09:44.711+0000] {inout_data.py:63} ERROR - Error executing query: (1062, "Duplicate entry '2025-03-30 11:09:44-3188' for key 'PRIMARY'")
[2025-03-30T11:09:44.711+0000] {inout_data.py:63} ERROR - Error executing query: (1062, "Duplicate entry '2025-03-30 11:09:44-3188' for key 'PRIMARY'")
[2025-03-30T11:09:44.713+0000] {inout_data.py:63} ERROR - Error executing query: (1062, "Duplicate entry '2025-03-30 11:09:44-3188' for key 'PRIMARY'")
[2025-03-30T11:09:44.713+0000] {inout_data.py:63} ERROR - Error executing query: (1062, "Duplicate entry '2025-03-30 11:09:44-3188' for key 'PRIMARY'")
[2025-03-30T11:09:44.713+0000] {inout_data.py:159} INFO - Ingested 13 rows of dummy data.
[2025-03-30T11:09:44.714+0000] {inout_data.py:78} INFO - MariaDB connection closed.
[2025-03-30T11:09:44.714+0000] {python.py:202} INFO - Done. Returned value was: None
[2025-03-30T11:09:44.721+0000] {taskinstance.py:1149} INFO - Marking task as SUCCESS. dag_id=inout_data_ingestion, task_id=ingest_dummy_data, execution_date=20240930T193000, start_date=20250330T110944, end_date=20250330T110944
[2025-03-30T11:09:44.764+0000] {local_task_job_runner.py:234} INFO - Task exited with return code 0
[2025-03-30T11:09:44.780+0000] {taskinstance.py:3309} INFO - 0 downstream tasks scheduled from follow-on schedule check
[2025-03-30T11:16:22.085+0000] {taskinstance.py:1979} INFO - Dependencies all met for dep_context=non-requeueable deps ti=<TaskInstance: inout_data_ingestion.ingest_dummy_data scheduled__2024-09-30T19:30:00+00:00 [queued]>
[2025-03-30T11:16:22.098+0000] {taskinstance.py:1979} INFO - Dependencies all met for dep_context=requeueable deps ti=<TaskInstance: inout_data_ingestion.ingest_dummy_data scheduled__2024-09-30T19:30:00+00:00 [queued]>
[2025-03-30T11:16:22.099+0000] {taskinstance.py:2193} INFO - Starting attempt 1 of 2
[2025-03-30T11:16:22.116+0000] {taskinstance.py:2214} INFO - Executing <Task(PythonOperator): ingest_dummy_data> on 2024-09-30 19:30:00+00:00
[2025-03-30T11:16:22.124+0000] {standard_task_runner.py:60} INFO - Started process 2317 to run task
[2025-03-30T11:16:22.139+0000] {standard_task_runner.py:87} INFO - Running: ['***', 'tasks', 'run', 'inout_data_ingestion', 'ingest_dummy_data', 'scheduled__2024-09-30T19:30:00+00:00', '--job-id', '1132', '--raw', '--subdir', 'DAGS_FOLDER/inout_data.py', '--cfg-path', '/tmp/tmp56lsbac4']
[2025-03-30T11:16:22.144+0000] {standard_task_runner.py:88} INFO - Job 1132: Subtask ingest_dummy_data
[2025-03-30T11:16:22.165+0000] {warnings.py:109} WARNING - /home/***/.local/lib/python3.8/site-packages/***/settings.py:194: DeprecationWarning: The sql_alchemy_conn option in [core] has been moved to the sql_alchemy_conn option in [database] - the old setting has been used, but please update your config.
  SQL_ALCHEMY_CONN = conf.get("database", "SQL_ALCHEMY_CONN")

[2025-03-30T11:16:22.324+0000] {task_command.py:423} INFO - Running <TaskInstance: inout_data_ingestion.ingest_dummy_data scheduled__2024-09-30T19:30:00+00:00 [running]> on host ff9d64b065e6
[2025-03-30T11:16:22.449+0000] {taskinstance.py:2510} INFO - Exporting env vars: AIRFLOW_CTX_DAG_OWNER='***' AIRFLOW_CTX_DAG_ID='inout_data_ingestion' AIRFLOW_CTX_TASK_ID='ingest_dummy_data' AIRFLOW_CTX_EXECUTION_DATE='2024-09-30T19:30:00+00:00' AIRFLOW_CTX_TRY_NUMBER='1' AIRFLOW_CTX_DAG_RUN_ID='scheduled__2024-09-30T19:30:00+00:00'
[2025-03-30T11:16:22.462+0000] {inout_data.py:42} INFO - Successfully connected to MariaDB: INOUT on mariadb:3306
[2025-03-30T11:16:22.466+0000] {inout_data.py:63} ERROR - Error executing query: (1062, "Duplicate entry '2025-03-30 11:16:22-6401' for key 'PRIMARY'")
[2025-03-30T11:16:22.467+0000] {inout_data.py:63} ERROR - Error executing query: (1062, "Duplicate entry '2025-03-30 11:16:22-6401' for key 'PRIMARY'")
[2025-03-30T11:16:22.472+0000] {inout_data.py:63} ERROR - Error executing query: (1062, "Duplicate entry '2025-03-30 11:16:22-6401' for key 'PRIMARY'")
[2025-03-30T11:16:22.490+0000] {inout_data.py:63} ERROR - Error executing query: (1062, "Duplicate entry '2025-03-30 11:16:22-6401' for key 'PRIMARY'")
[2025-03-30T11:16:22.493+0000] {inout_data.py:63} ERROR - Error executing query: (1062, "Duplicate entry '2025-03-30 11:16:22-6401' for key 'PRIMARY'")
[2025-03-30T11:16:22.498+0000] {inout_data.py:63} ERROR - Error executing query: (1062, "Duplicate entry '2025-03-30 11:16:22-6401' for key 'PRIMARY'")
[2025-03-30T11:16:22.499+0000] {inout_data.py:63} ERROR - Error executing query: (1062, "Duplicate entry '2025-03-30 11:16:22-6401' for key 'PRIMARY'")
[2025-03-30T11:16:22.504+0000] {inout_data.py:63} ERROR - Error executing query: (1062, "Duplicate entry '2025-03-30 11:16:22-6401' for key 'PRIMARY'")
[2025-03-30T11:16:22.506+0000] {inout_data.py:63} ERROR - Error executing query: (1062, "Duplicate entry '2025-03-30 11:16:22-6401' for key 'PRIMARY'")
[2025-03-30T11:16:22.511+0000] {inout_data.py:63} ERROR - Error executing query: (1062, "Duplicate entry '2025-03-30 11:16:22-6401' for key 'PRIMARY'")
[2025-03-30T11:16:22.514+0000] {inout_data.py:63} ERROR - Error executing query: (1062, "Duplicate entry '2025-03-30 11:16:22-6401' for key 'PRIMARY'")
[2025-03-30T11:16:22.518+0000] {inout_data.py:63} ERROR - Error executing query: (1062, "Duplicate entry '2025-03-30 11:16:22-6401' for key 'PRIMARY'")
[2025-03-30T11:16:22.534+0000] {inout_data.py:63} ERROR - Error executing query: (1062, "Duplicate entry '2025-03-30 11:16:22-6401' for key 'PRIMARY'")
[2025-03-30T11:16:22.535+0000] {inout_data.py:63} ERROR - Error executing query: (1062, "Duplicate entry '2025-03-30 11:16:22-6401' for key 'PRIMARY'")
[2025-03-30T11:16:22.536+0000] {inout_data.py:63} ERROR - Error executing query: (1062, "Duplicate entry '2025-03-30 11:16:22-6401' for key 'PRIMARY'")
[2025-03-30T11:16:22.538+0000] {inout_data.py:63} ERROR - Error executing query: (1062, "Duplicate entry '2025-03-30 11:16:22-6401' for key 'PRIMARY'")
[2025-03-30T11:16:22.539+0000] {inout_data.py:63} ERROR - Error executing query: (1062, "Duplicate entry '2025-03-30 11:16:22-6401' for key 'PRIMARY'")
[2025-03-30T11:16:22.540+0000] {inout_data.py:152} INFO - Ingested 18 rows of dummy data.
[2025-03-30T11:16:22.542+0000] {inout_data.py:78} INFO - MariaDB connection closed.
[2025-03-30T11:16:22.544+0000] {python.py:202} INFO - Done. Returned value was: None
[2025-03-30T11:16:22.574+0000] {taskinstance.py:1149} INFO - Marking task as SUCCESS. dag_id=inout_data_ingestion, task_id=ingest_dummy_data, execution_date=20240930T193000, start_date=20250330T111622, end_date=20250330T111622
[2025-03-30T11:16:22.705+0000] {local_task_job_runner.py:234} INFO - Task exited with return code 0
[2025-03-30T11:16:22.758+0000] {taskinstance.py:3309} INFO - 0 downstream tasks scheduled from follow-on schedule check
[2025-03-30T11:28:57.141+0000] {taskinstance.py:1979} INFO - Dependencies all met for dep_context=non-requeueable deps ti=<TaskInstance: inout_data_ingestion.ingest_dummy_data scheduled__2024-09-30T19:30:00+00:00 [queued]>
[2025-03-30T11:28:57.163+0000] {taskinstance.py:1979} INFO - Dependencies all met for dep_context=requeueable deps ti=<TaskInstance: inout_data_ingestion.ingest_dummy_data scheduled__2024-09-30T19:30:00+00:00 [queued]>
[2025-03-30T11:28:57.164+0000] {taskinstance.py:2193} INFO - Starting attempt 1 of 2
[2025-03-30T11:28:57.193+0000] {taskinstance.py:2214} INFO - Executing <Task(PythonOperator): ingest_dummy_data> on 2024-09-30 19:30:00+00:00
[2025-03-30T11:28:57.202+0000] {standard_task_runner.py:60} INFO - Started process 4234 to run task
[2025-03-30T11:28:57.214+0000] {standard_task_runner.py:87} INFO - Running: ['***', 'tasks', 'run', 'inout_data_ingestion', 'ingest_dummy_data', 'scheduled__2024-09-30T19:30:00+00:00', '--job-id', '2091', '--raw', '--subdir', 'DAGS_FOLDER/inout_data.py', '--cfg-path', '/tmp/tmps7uksdk9']
[2025-03-30T11:28:57.216+0000] {standard_task_runner.py:88} INFO - Job 2091: Subtask ingest_dummy_data
[2025-03-30T11:28:57.233+0000] {warnings.py:109} WARNING - /home/***/.local/lib/python3.8/site-packages/***/settings.py:194: DeprecationWarning: The sql_alchemy_conn option in [core] has been moved to the sql_alchemy_conn option in [database] - the old setting has been used, but please update your config.
  SQL_ALCHEMY_CONN = conf.get("database", "SQL_ALCHEMY_CONN")

[2025-03-30T11:28:57.365+0000] {task_command.py:423} INFO - Running <TaskInstance: inout_data_ingestion.ingest_dummy_data scheduled__2024-09-30T19:30:00+00:00 [running]> on host ff9d64b065e6
[2025-03-30T11:28:57.533+0000] {taskinstance.py:2510} INFO - Exporting env vars: AIRFLOW_CTX_DAG_OWNER='***' AIRFLOW_CTX_DAG_ID='inout_data_ingestion' AIRFLOW_CTX_TASK_ID='ingest_dummy_data' AIRFLOW_CTX_EXECUTION_DATE='2024-09-30T19:30:00+00:00' AIRFLOW_CTX_TRY_NUMBER='1' AIRFLOW_CTX_DAG_RUN_ID='scheduled__2024-09-30T19:30:00+00:00'
[2025-03-30T11:28:57.545+0000] {logging_mixin.py:188} INFO - Successfully connected to MariaDB: INOUT on mariadb:3306
[2025-03-30T11:28:57.549+0000] {logging_mixin.py:188} INFO - General error executing query: not all arguments converted during string formatting
[2025-03-30T11:28:57.551+0000] {logging_mixin.py:188} INFO - General error executing query: not all arguments converted during string formatting
[2025-03-30T11:28:57.551+0000] {logging_mixin.py:188} INFO - General error executing query: not all arguments converted during string formatting
[2025-03-30T11:28:57.554+0000] {logging_mixin.py:188} INFO - General error executing query: not all arguments converted during string formatting
[2025-03-30T11:28:57.556+0000] {logging_mixin.py:188} INFO - General error executing query: not all arguments converted during string formatting
[2025-03-30T11:28:57.557+0000] {logging_mixin.py:188} INFO - General error executing query: not all arguments converted during string formatting
[2025-03-30T11:28:57.558+0000] {inout_data.py:87} INFO - Ingested 6 rows of dummy data for 2024-09-30 19:30:00+00:00.
[2025-03-30T11:28:57.561+0000] {logging_mixin.py:188} INFO - MariaDB connection closed.
[2025-03-30T11:28:57.562+0000] {python.py:202} INFO - Done. Returned value was: None
[2025-03-30T11:28:57.580+0000] {taskinstance.py:1149} INFO - Marking task as SUCCESS. dag_id=inout_data_ingestion, task_id=ingest_dummy_data, execution_date=20240930T193000, start_date=20250330T112857, end_date=20250330T112857
[2025-03-30T11:28:57.642+0000] {local_task_job_runner.py:234} INFO - Task exited with return code 0
[2025-03-30T11:28:57.695+0000] {taskinstance.py:3309} INFO - 0 downstream tasks scheduled from follow-on schedule check
[2025-03-30T11:33:31.021+0000] {taskinstance.py:1979} INFO - Dependencies all met for dep_context=non-requeueable deps ti=<TaskInstance: inout_data_ingestion.ingest_dummy_data scheduled__2024-09-30T19:30:00+00:00 [queued]>
[2025-03-30T11:33:31.034+0000] {taskinstance.py:1979} INFO - Dependencies all met for dep_context=requeueable deps ti=<TaskInstance: inout_data_ingestion.ingest_dummy_data scheduled__2024-09-30T19:30:00+00:00 [queued]>
[2025-03-30T11:33:31.035+0000] {taskinstance.py:2193} INFO - Starting attempt 1 of 2
[2025-03-30T11:33:31.063+0000] {taskinstance.py:2214} INFO - Executing <Task(PythonOperator): ingest_dummy_data> on 2024-09-30 19:30:00+00:00
[2025-03-30T11:33:31.071+0000] {standard_task_runner.py:60} INFO - Started process 5690 to run task
[2025-03-30T11:33:31.081+0000] {standard_task_runner.py:87} INFO - Running: ['***', 'tasks', 'run', 'inout_data_ingestion', 'ingest_dummy_data', 'scheduled__2024-09-30T19:30:00+00:00', '--job-id', '2818', '--raw', '--subdir', 'DAGS_FOLDER/inout_data.py', '--cfg-path', '/tmp/tmpkyj5ia_v']
[2025-03-30T11:33:31.084+0000] {standard_task_runner.py:88} INFO - Job 2818: Subtask ingest_dummy_data
[2025-03-30T11:33:31.114+0000] {warnings.py:109} WARNING - /home/***/.local/lib/python3.8/site-packages/***/settings.py:194: DeprecationWarning: The sql_alchemy_conn option in [core] has been moved to the sql_alchemy_conn option in [database] - the old setting has been used, but please update your config.
  SQL_ALCHEMY_CONN = conf.get("database", "SQL_ALCHEMY_CONN")

[2025-03-30T11:33:31.172+0000] {task_command.py:423} INFO - Running <TaskInstance: inout_data_ingestion.ingest_dummy_data scheduled__2024-09-30T19:30:00+00:00 [running]> on host ff9d64b065e6
[2025-03-30T11:33:31.259+0000] {taskinstance.py:2510} INFO - Exporting env vars: AIRFLOW_CTX_DAG_OWNER='***' AIRFLOW_CTX_DAG_ID='inout_data_ingestion' AIRFLOW_CTX_TASK_ID='ingest_dummy_data' AIRFLOW_CTX_EXECUTION_DATE='2024-09-30T19:30:00+00:00' AIRFLOW_CTX_TRY_NUMBER='1' AIRFLOW_CTX_DAG_RUN_ID='scheduled__2024-09-30T19:30:00+00:00'
[2025-03-30T11:33:31.268+0000] {logging_mixin.py:188} INFO - Successfully connected to MariaDB: INOUT on mariadb:3306
[2025-03-30T11:33:31.269+0000] {inout_data.py:83} INFO - {'ingested_time': datetime.datetime(2025, 3, 30, 11, 33, 31, 269830), 'timestamp': datetime.datetime(2024, 9, 30, 19, 41, tzinfo=datetime.timezone.utc), 'emp_id': 6857, 'employee_name': 'Employee98', 'factory': 'FactoryA', 'in_out': 'OUT', 'entrance': 'Side', 'door_number': '4', 'function': 'IT', 'division': 'BSID', 'department': 'CAPD', 'section': '1'}
[2025-03-30T11:33:31.272+0000] {logging_mixin.py:188} INFO - General error executing query: not all arguments converted during string formatting
[2025-03-30T11:33:31.272+0000] {inout_data.py:83} INFO - {'ingested_time': datetime.datetime(2025, 3, 30, 11, 33, 31, 272938), 'timestamp': datetime.datetime(2024, 9, 30, 19, 44, tzinfo=datetime.timezone.utc), 'emp_id': 7500, 'employee_name': 'Employee70', 'factory': 'FactoryB', 'in_out': 'IN', 'entrance': 'Side', 'door_number': '7', 'function': 'IT', 'division': 'BSID', 'department': 'ML', 'section': '2'}
[2025-03-30T11:33:31.273+0000] {logging_mixin.py:188} INFO - General error executing query: not all arguments converted during string formatting
[2025-03-30T11:33:31.273+0000] {inout_data.py:83} INFO - {'ingested_time': datetime.datetime(2025, 3, 30, 11, 33, 31, 273583), 'timestamp': datetime.datetime(2024, 9, 30, 19, 39, tzinfo=datetime.timezone.utc), 'emp_id': 8521, 'employee_name': 'Employee47', 'factory': 'FactoryA', 'in_out': 'OUT', 'entrance': 'Side', 'door_number': '10', 'function': 'IT', 'division': 'AAPD', 'department': 'HRSD', 'section': '1'}
[2025-03-30T11:33:31.273+0000] {logging_mixin.py:188} INFO - General error executing query: not all arguments converted during string formatting
[2025-03-30T11:33:31.274+0000] {inout_data.py:83} INFO - {'ingested_time': datetime.datetime(2025, 3, 30, 11, 33, 31, 274118), 'timestamp': datetime.datetime(2024, 9, 30, 19, 59, tzinfo=datetime.timezone.utc), 'emp_id': 8196, 'employee_name': 'Employee12', 'factory': 'FactoryB', 'in_out': 'OUT', 'entrance': 'Main', 'door_number': '7', 'function': 'IT', 'division': 'BSID', 'department': 'HRSD', 'section': '2'}
[2025-03-30T11:33:31.274+0000] {logging_mixin.py:188} INFO - General error executing query: not all arguments converted during string formatting
[2025-03-30T11:33:31.274+0000] {inout_data.py:83} INFO - {'ingested_time': datetime.datetime(2025, 3, 30, 11, 33, 31, 274732), 'timestamp': datetime.datetime(2024, 9, 30, 19, 40, tzinfo=datetime.timezone.utc), 'emp_id': 6111, 'employee_name': 'Employee27', 'factory': 'FactoryB', 'in_out': 'IN', 'entrance': 'Main', 'door_number': '8', 'function': 'IT', 'division': 'BSID', 'department': 'HRSD', 'section': '2'}
[2025-03-30T11:33:31.275+0000] {logging_mixin.py:188} INFO - General error executing query: not all arguments converted during string formatting
[2025-03-30T11:33:31.275+0000] {inout_data.py:83} INFO - {'ingested_time': datetime.datetime(2025, 3, 30, 11, 33, 31, 275773), 'timestamp': datetime.datetime(2024, 9, 30, 19, 40, tzinfo=datetime.timezone.utc), 'emp_id': 8400, 'employee_name': 'Employee75', 'factory': 'FactoryB', 'in_out': 'IN', 'entrance': 'Side', 'door_number': '1', 'function': 'IT', 'division': 'BSID', 'department': 'CAPD', 'section': '1'}
[2025-03-30T11:33:31.276+0000] {logging_mixin.py:188} INFO - General error executing query: not all arguments converted during string formatting
[2025-03-30T11:33:31.276+0000] {inout_data.py:83} INFO - {'ingested_time': datetime.datetime(2025, 3, 30, 11, 33, 31, 276703), 'timestamp': datetime.datetime(2024, 9, 30, 19, 46, tzinfo=datetime.timezone.utc), 'emp_id': 8177, 'employee_name': 'Employee72', 'factory': 'FactoryA', 'in_out': 'IN', 'entrance': 'Side', 'door_number': '5', 'function': 'IT', 'division': 'AAPD', 'department': 'ML', 'section': '2'}
[2025-03-30T11:33:31.277+0000] {logging_mixin.py:188} INFO - General error executing query: not all arguments converted during string formatting
[2025-03-30T11:33:31.278+0000] {inout_data.py:83} INFO - {'ingested_time': datetime.datetime(2025, 3, 30, 11, 33, 31, 278522), 'timestamp': datetime.datetime(2024, 9, 30, 19, 43, tzinfo=datetime.timezone.utc), 'emp_id': 6034, 'employee_name': 'Employee4', 'factory': 'FactoryA', 'in_out': 'IN', 'entrance': 'Main', 'door_number': '1', 'function': 'IT', 'division': 'BSID', 'department': 'ML', 'section': '1'}
[2025-03-30T11:33:31.279+0000] {logging_mixin.py:188} INFO - General error executing query: not all arguments converted during string formatting
[2025-03-30T11:33:31.279+0000] {inout_data.py:83} INFO - {'ingested_time': datetime.datetime(2025, 3, 30, 11, 33, 31, 279839), 'timestamp': datetime.datetime(2024, 9, 30, 19, 43, tzinfo=datetime.timezone.utc), 'emp_id': 6136, 'employee_name': 'Employee34', 'factory': 'FactoryA', 'in_out': 'OUT', 'entrance': 'Side', 'door_number': '9', 'function': 'IT', 'division': 'BSID', 'department': 'ML', 'section': '2'}
[2025-03-30T11:33:31.280+0000] {logging_mixin.py:188} INFO - General error executing query: not all arguments converted during string formatting
[2025-03-30T11:33:31.280+0000] {inout_data.py:88} INFO - Ingested 9 rows of dummy data for 2024-09-30 19:30:00+00:00.
[2025-03-30T11:33:31.281+0000] {logging_mixin.py:188} INFO - MariaDB connection closed.
[2025-03-30T11:33:31.281+0000] {python.py:202} INFO - Done. Returned value was: None
[2025-03-30T11:33:31.300+0000] {taskinstance.py:1149} INFO - Marking task as SUCCESS. dag_id=inout_data_ingestion, task_id=ingest_dummy_data, execution_date=20240930T193000, start_date=20250330T113331, end_date=20250330T113331
[2025-03-30T11:33:31.348+0000] {local_task_job_runner.py:234} INFO - Task exited with return code 0
[2025-03-30T11:33:31.368+0000] {taskinstance.py:3309} INFO - 0 downstream tasks scheduled from follow-on schedule check
[2025-03-30T11:39:09.417+0000] {taskinstance.py:1979} INFO - Dependencies all met for dep_context=non-requeueable deps ti=<TaskInstance: inout_data_ingestion.ingest_dummy_data scheduled__2024-09-30T19:30:00+00:00 [queued]>
[2025-03-30T11:39:09.441+0000] {taskinstance.py:1979} INFO - Dependencies all met for dep_context=requeueable deps ti=<TaskInstance: inout_data_ingestion.ingest_dummy_data scheduled__2024-09-30T19:30:00+00:00 [queued]>
[2025-03-30T11:39:09.445+0000] {taskinstance.py:2193} INFO - Starting attempt 1 of 2
[2025-03-30T11:39:09.471+0000] {taskinstance.py:2214} INFO - Executing <Task(PythonOperator): ingest_dummy_data> on 2024-09-30 19:30:00+00:00
[2025-03-30T11:39:09.478+0000] {standard_task_runner.py:60} INFO - Started process 6593 to run task
[2025-03-30T11:39:09.490+0000] {standard_task_runner.py:87} INFO - Running: ['***', 'tasks', 'run', 'inout_data_ingestion', 'ingest_dummy_data', 'scheduled__2024-09-30T19:30:00+00:00', '--job-id', '3270', '--raw', '--subdir', 'DAGS_FOLDER/inout_data.py', '--cfg-path', '/tmp/tmpe0jp2p43']
[2025-03-30T11:39:09.495+0000] {standard_task_runner.py:88} INFO - Job 3270: Subtask ingest_dummy_data
[2025-03-30T11:39:09.512+0000] {warnings.py:109} WARNING - /home/***/.local/lib/python3.8/site-packages/***/settings.py:194: DeprecationWarning: The sql_alchemy_conn option in [core] has been moved to the sql_alchemy_conn option in [database] - the old setting has been used, but please update your config.
  SQL_ALCHEMY_CONN = conf.get("database", "SQL_ALCHEMY_CONN")

[2025-03-30T11:39:09.570+0000] {task_command.py:423} INFO - Running <TaskInstance: inout_data_ingestion.ingest_dummy_data scheduled__2024-09-30T19:30:00+00:00 [running]> on host ff9d64b065e6
[2025-03-30T11:39:09.705+0000] {taskinstance.py:2510} INFO - Exporting env vars: AIRFLOW_CTX_DAG_OWNER='***' AIRFLOW_CTX_DAG_ID='inout_data_ingestion' AIRFLOW_CTX_TASK_ID='ingest_dummy_data' AIRFLOW_CTX_EXECUTION_DATE='2024-09-30T19:30:00+00:00' AIRFLOW_CTX_TRY_NUMBER='1' AIRFLOW_CTX_DAG_RUN_ID='scheduled__2024-09-30T19:30:00+00:00'
[2025-03-30T11:39:09.715+0000] {logging_mixin.py:188} INFO - Successfully connected to MariaDB: INOUT on mariadb:3306
[2025-03-30T11:39:09.716+0000] {inout_data.py:83} INFO - {'ingested_time': datetime.datetime(2025, 3, 30, 11, 39, 9, 716255), 'timestamp': datetime.datetime(2024, 9, 30, 19, 30, tzinfo=datetime.timezone.utc), 'emp_id': 8722, 'employee_name': 'Employee24', 'factory': 'FactoryA', 'in_out': 'OUT', 'entrance': 'Main', 'door_number': '8', 'function': 'IT', 'division': 'AAPD', 'department': 'CAPD', 'section': '1'}
[2025-03-30T11:39:09.718+0000] {logging_mixin.py:188} INFO - General error executing query: not all arguments converted during string formatting
[2025-03-30T11:39:09.722+0000] {inout_data.py:83} INFO - {'ingested_time': datetime.datetime(2025, 3, 30, 11, 39, 9, 722844), 'timestamp': datetime.datetime(2024, 9, 30, 19, 44, tzinfo=datetime.timezone.utc), 'emp_id': 2139, 'employee_name': 'Employee41', 'factory': 'FactoryA', 'in_out': 'IN', 'entrance': 'Main', 'door_number': '9', 'function': 'IT', 'division': 'BSID', 'department': 'CAPD', 'section': '1'}
[2025-03-30T11:39:09.723+0000] {logging_mixin.py:188} INFO - General error executing query: not all arguments converted during string formatting
[2025-03-30T11:39:09.724+0000] {inout_data.py:83} INFO - {'ingested_time': datetime.datetime(2025, 3, 30, 11, 39, 9, 724438), 'timestamp': datetime.datetime(2024, 9, 30, 19, 45, tzinfo=datetime.timezone.utc), 'emp_id': 9321, 'employee_name': 'Employee97', 'factory': 'FactoryB', 'in_out': 'OUT', 'entrance': 'Side', 'door_number': '3', 'function': 'IT', 'division': 'AAPD', 'department': 'ML', 'section': '2'}
[2025-03-30T11:39:09.724+0000] {logging_mixin.py:188} INFO - General error executing query: not all arguments converted during string formatting
[2025-03-30T11:39:09.725+0000] {inout_data.py:83} INFO - {'ingested_time': datetime.datetime(2025, 3, 30, 11, 39, 9, 725536), 'timestamp': datetime.datetime(2024, 9, 30, 19, 53, tzinfo=datetime.timezone.utc), 'emp_id': 4678, 'employee_name': 'Employee71', 'factory': 'FactoryA', 'in_out': 'OUT', 'entrance': 'Main', 'door_number': '9', 'function': 'IT', 'division': 'AAPD', 'department': 'CAPD', 'section': '2'}
[2025-03-30T11:39:09.726+0000] {logging_mixin.py:188} INFO - General error executing query: not all arguments converted during string formatting
[2025-03-30T11:39:09.726+0000] {inout_data.py:83} INFO - {'ingested_time': datetime.datetime(2025, 3, 30, 11, 39, 9, 726565), 'timestamp': datetime.datetime(2024, 9, 30, 19, 40, tzinfo=datetime.timezone.utc), 'emp_id': 2175, 'employee_name': 'Employee49', 'factory': 'FactoryA', 'in_out': 'OUT', 'entrance': 'Side', 'door_number': '1', 'function': 'IT', 'division': 'AAPD', 'department': 'CAPD', 'section': '2'}
[2025-03-30T11:39:09.726+0000] {logging_mixin.py:188} INFO - General error executing query: not all arguments converted during string formatting
[2025-03-30T11:39:09.727+0000] {inout_data.py:83} INFO - {'ingested_time': datetime.datetime(2025, 3, 30, 11, 39, 9, 727758), 'timestamp': datetime.datetime(2024, 9, 30, 19, 44, tzinfo=datetime.timezone.utc), 'emp_id': 3830, 'employee_name': 'Employee2', 'factory': 'FactoryB', 'in_out': 'IN', 'entrance': 'Side', 'door_number': '7', 'function': 'IT', 'division': 'BSID', 'department': 'CAPD', 'section': '1'}
[2025-03-30T11:39:09.728+0000] {logging_mixin.py:188} INFO - General error executing query: not all arguments converted during string formatting
[2025-03-30T11:39:09.728+0000] {inout_data.py:83} INFO - {'ingested_time': datetime.datetime(2025, 3, 30, 11, 39, 9, 728908), 'timestamp': datetime.datetime(2024, 9, 30, 19, 59, tzinfo=datetime.timezone.utc), 'emp_id': 8243, 'employee_name': 'Employee71', 'factory': 'FactoryA', 'in_out': 'OUT', 'entrance': 'Side', 'door_number': '2', 'function': 'IT', 'division': 'BSID', 'department': 'CAPD', 'section': '2'}
[2025-03-30T11:39:09.731+0000] {logging_mixin.py:188} INFO - General error executing query: not all arguments converted during string formatting
[2025-03-30T11:39:09.732+0000] {inout_data.py:83} INFO - {'ingested_time': datetime.datetime(2025, 3, 30, 11, 39, 9, 732235), 'timestamp': datetime.datetime(2024, 9, 30, 19, 53, tzinfo=datetime.timezone.utc), 'emp_id': 2019, 'employee_name': 'Employee44', 'factory': 'FactoryA', 'in_out': 'IN', 'entrance': 'Main', 'door_number': '6', 'function': 'IT', 'division': 'AAPD', 'department': 'CAPD', 'section': '2'}
[2025-03-30T11:39:09.733+0000] {logging_mixin.py:188} INFO - General error executing query: not all arguments converted during string formatting
[2025-03-30T11:39:09.734+0000] {inout_data.py:83} INFO - {'ingested_time': datetime.datetime(2025, 3, 30, 11, 39, 9, 734501), 'timestamp': datetime.datetime(2024, 9, 30, 19, 35, tzinfo=datetime.timezone.utc), 'emp_id': 2003, 'employee_name': 'Employee88', 'factory': 'FactoryB', 'in_out': 'IN', 'entrance': 'Main', 'door_number': '10', 'function': 'IT', 'division': 'AAPD', 'department': 'CAPD', 'section': '2'}
[2025-03-30T11:39:09.740+0000] {logging_mixin.py:188} INFO - General error executing query: not all arguments converted during string formatting
[2025-03-30T11:39:09.741+0000] {inout_data.py:83} INFO - {'ingested_time': datetime.datetime(2025, 3, 30, 11, 39, 9, 741255), 'timestamp': datetime.datetime(2024, 9, 30, 19, 35, tzinfo=datetime.timezone.utc), 'emp_id': 8321, 'employee_name': 'Employee18', 'factory': 'FactoryA', 'in_out': 'IN', 'entrance': 'Side', 'door_number': '9', 'function': 'IT', 'division': 'AAPD', 'department': 'HRSD', 'section': '2'}
[2025-03-30T11:39:09.743+0000] {logging_mixin.py:188} INFO - General error executing query: not all arguments converted during string formatting
[2025-03-30T11:39:09.745+0000] {inout_data.py:83} INFO - {'ingested_time': datetime.datetime(2025, 3, 30, 11, 39, 9, 745779), 'timestamp': datetime.datetime(2024, 9, 30, 19, 36, tzinfo=datetime.timezone.utc), 'emp_id': 4889, 'employee_name': 'Employee22', 'factory': 'FactoryA', 'in_out': 'OUT', 'entrance': 'Side', 'door_number': '3', 'function': 'IT', 'division': 'BSID', 'department': 'CAPD', 'section': '1'}
[2025-03-30T11:39:09.749+0000] {logging_mixin.py:188} INFO - General error executing query: not all arguments converted during string formatting
[2025-03-30T11:39:09.751+0000] {inout_data.py:83} INFO - {'ingested_time': datetime.datetime(2025, 3, 30, 11, 39, 9, 751159), 'timestamp': datetime.datetime(2024, 9, 30, 19, 57, tzinfo=datetime.timezone.utc), 'emp_id': 9643, 'employee_name': 'Employee18', 'factory': 'FactoryB', 'in_out': 'OUT', 'entrance': 'Main', 'door_number': '9', 'function': 'IT', 'division': 'AAPD', 'department': 'HRSD', 'section': '2'}
[2025-03-30T11:39:09.753+0000] {logging_mixin.py:188} INFO - General error executing query: not all arguments converted during string formatting
[2025-03-30T11:39:09.755+0000] {inout_data.py:83} INFO - {'ingested_time': datetime.datetime(2025, 3, 30, 11, 39, 9, 755434), 'timestamp': datetime.datetime(2024, 9, 30, 19, 52, tzinfo=datetime.timezone.utc), 'emp_id': 1671, 'employee_name': 'Employee49', 'factory': 'FactoryB', 'in_out': 'OUT', 'entrance': 'Main', 'door_number': '9', 'function': 'IT', 'division': 'AAPD', 'department': 'ML', 'section': '2'}
[2025-03-30T11:39:09.757+0000] {logging_mixin.py:188} INFO - General error executing query: not all arguments converted during string formatting
[2025-03-30T11:39:09.758+0000] {inout_data.py:83} INFO - {'ingested_time': datetime.datetime(2025, 3, 30, 11, 39, 9, 758819), 'timestamp': datetime.datetime(2024, 9, 30, 19, 56, tzinfo=datetime.timezone.utc), 'emp_id': 1463, 'employee_name': 'Employee81', 'factory': 'FactoryA', 'in_out': 'OUT', 'entrance': 'Side', 'door_number': '6', 'function': 'IT', 'division': 'BSID', 'department': 'ML', 'section': '1'}
[2025-03-30T11:39:09.761+0000] {logging_mixin.py:188} INFO - General error executing query: not all arguments converted during string formatting
[2025-03-30T11:39:09.764+0000] {inout_data.py:101} INFO - Ingested 14 rows of dummy data for 2024-09-30 19:30:00+00:00.
[2025-03-30T11:39:09.767+0000] {logging_mixin.py:188} INFO - MariaDB connection closed.
[2025-03-30T11:39:09.768+0000] {python.py:202} INFO - Done. Returned value was: None
[2025-03-30T11:39:09.781+0000] {taskinstance.py:1149} INFO - Marking task as SUCCESS. dag_id=inout_data_ingestion, task_id=ingest_dummy_data, execution_date=20240930T193000, start_date=20250330T113909, end_date=20250330T113909
[2025-03-30T11:39:09.828+0000] {local_task_job_runner.py:234} INFO - Task exited with return code 0
[2025-03-30T11:39:09.849+0000] {taskinstance.py:3309} INFO - 0 downstream tasks scheduled from follow-on schedule check
[2025-03-30T11:41:15.545+0000] {taskinstance.py:1979} INFO - Dependencies all met for dep_context=non-requeueable deps ti=<TaskInstance: inout_data_ingestion.ingest_dummy_data scheduled__2024-09-30T19:30:00+00:00 [queued]>
[2025-03-30T11:41:15.640+0000] {taskinstance.py:1979} INFO - Dependencies all met for dep_context=requeueable deps ti=<TaskInstance: inout_data_ingestion.ingest_dummy_data scheduled__2024-09-30T19:30:00+00:00 [queued]>
[2025-03-30T11:41:15.643+0000] {taskinstance.py:2193} INFO - Starting attempt 1 of 2
[2025-03-30T11:41:15.793+0000] {taskinstance.py:2214} INFO - Executing <Task(PythonOperator): ingest_dummy_data> on 2024-09-30 19:30:00+00:00
[2025-03-30T11:41:15.825+0000] {standard_task_runner.py:60} INFO - Started process 7028 to run task
[2025-03-30T11:41:15.855+0000] {standard_task_runner.py:87} INFO - Running: ['***', 'tasks', 'run', 'inout_data_ingestion', 'ingest_dummy_data', 'scheduled__2024-09-30T19:30:00+00:00', '--job-id', '3488', '--raw', '--subdir', 'DAGS_FOLDER/inout_data.py', '--cfg-path', '/tmp/tmpox3j895d']
[2025-03-30T11:41:15.890+0000] {standard_task_runner.py:88} INFO - Job 3488: Subtask ingest_dummy_data
[2025-03-30T11:41:15.940+0000] {warnings.py:109} WARNING - /home/***/.local/lib/python3.8/site-packages/***/settings.py:194: DeprecationWarning: The sql_alchemy_conn option in [core] has been moved to the sql_alchemy_conn option in [database] - the old setting has been used, but please update your config.
  SQL_ALCHEMY_CONN = conf.get("database", "SQL_ALCHEMY_CONN")

[2025-03-30T11:41:16.128+0000] {task_command.py:423} INFO - Running <TaskInstance: inout_data_ingestion.ingest_dummy_data scheduled__2024-09-30T19:30:00+00:00 [running]> on host ff9d64b065e6
[2025-03-30T11:41:16.572+0000] {taskinstance.py:2510} INFO - Exporting env vars: AIRFLOW_CTX_DAG_OWNER='***' AIRFLOW_CTX_DAG_ID='inout_data_ingestion' AIRFLOW_CTX_TASK_ID='ingest_dummy_data' AIRFLOW_CTX_EXECUTION_DATE='2024-09-30T19:30:00+00:00' AIRFLOW_CTX_TRY_NUMBER='1' AIRFLOW_CTX_DAG_RUN_ID='scheduled__2024-09-30T19:30:00+00:00'
[2025-03-30T11:41:16.604+0000] {logging_mixin.py:188} INFO - Successfully connected to MariaDB: INOUT on mariadb:3306
[2025-03-30T11:41:16.607+0000] {inout_data.py:83} INFO - {'ingested_time': datetime.datetime(2025, 3, 30, 11, 41, 16, 607606), 'timestamp': datetime.datetime(2024, 9, 30, 19, 58, tzinfo=datetime.timezone.utc), 'emp_id': 9688, 'employee_name': 'Employee97', 'factory': 'FactoryB', 'in_out': 'OUT', 'entrance': 'Main', 'door_number': '7', 'function': 'IT', 'division': 'AAPD', 'department': 'CAPD', 'section': '2'}
[2025-03-30T11:41:16.609+0000] {inout_data.py:99} INFO - Query: INSERT INTO emp_inout_rec (ingested_time, timestamp, employee_id, employee_name, factory, in_out, entrance, door_number, function, division, department, section) VALUES (%s, %s, %s, %s, %s, %s, %s, %s, %s, %s, %s)
[2025-03-30T11:41:16.610+0000] {inout_data.py:100} INFO - Params: ('2025-03-30 11:41:16', '2024-09-30 19:58:00', 9688, 'Employee97', 'FactoryB', 'OUT', 'Main', '7', 'IT', 'AAPD', 'CAPD', '2')
[2025-03-30T11:41:16.611+0000] {logging_mixin.py:188} INFO - General error executing query: not all arguments converted during string formatting
[2025-03-30T11:41:16.612+0000] {inout_data.py:83} INFO - {'ingested_time': datetime.datetime(2025, 3, 30, 11, 41, 16, 612486), 'timestamp': datetime.datetime(2024, 9, 30, 19, 57, tzinfo=datetime.timezone.utc), 'emp_id': 9270, 'employee_name': 'Employee12', 'factory': 'FactoryA', 'in_out': 'IN', 'entrance': 'Main', 'door_number': '2', 'function': 'IT', 'division': 'AAPD', 'department': 'CAPD', 'section': '2'}
[2025-03-30T11:41:16.613+0000] {inout_data.py:99} INFO - Query: INSERT INTO emp_inout_rec (ingested_time, timestamp, employee_id, employee_name, factory, in_out, entrance, door_number, function, division, department, section) VALUES (%s, %s, %s, %s, %s, %s, %s, %s, %s, %s, %s)
[2025-03-30T11:41:16.614+0000] {inout_data.py:100} INFO - Params: ('2025-03-30 11:41:16', '2024-09-30 19:57:00', 9270, 'Employee12', 'FactoryA', 'IN', 'Main', '2', 'IT', 'AAPD', 'CAPD', '2')
[2025-03-30T11:41:16.616+0000] {logging_mixin.py:188} INFO - General error executing query: not all arguments converted during string formatting
[2025-03-30T11:41:16.620+0000] {inout_data.py:83} INFO - {'ingested_time': datetime.datetime(2025, 3, 30, 11, 41, 16, 620542), 'timestamp': datetime.datetime(2024, 9, 30, 19, 45, tzinfo=datetime.timezone.utc), 'emp_id': 8821, 'employee_name': 'Employee29', 'factory': 'FactoryB', 'in_out': 'OUT', 'entrance': 'Side', 'door_number': '5', 'function': 'IT', 'division': 'BSID', 'department': 'HRSD', 'section': '2'}
[2025-03-30T11:41:16.625+0000] {inout_data.py:99} INFO - Query: INSERT INTO emp_inout_rec (ingested_time, timestamp, employee_id, employee_name, factory, in_out, entrance, door_number, function, division, department, section) VALUES (%s, %s, %s, %s, %s, %s, %s, %s, %s, %s, %s)
[2025-03-30T11:41:16.627+0000] {inout_data.py:100} INFO - Params: ('2025-03-30 11:41:16', '2024-09-30 19:45:00', 8821, 'Employee29', 'FactoryB', 'OUT', 'Side', '5', 'IT', 'BSID', 'HRSD', '2')
[2025-03-30T11:41:16.630+0000] {logging_mixin.py:188} INFO - General error executing query: not all arguments converted during string formatting
[2025-03-30T11:41:16.632+0000] {inout_data.py:83} INFO - {'ingested_time': datetime.datetime(2025, 3, 30, 11, 41, 16, 632858), 'timestamp': datetime.datetime(2024, 9, 30, 19, 47, tzinfo=datetime.timezone.utc), 'emp_id': 4292, 'employee_name': 'Employee87', 'factory': 'FactoryA', 'in_out': 'IN', 'entrance': 'Main', 'door_number': '3', 'function': 'IT', 'division': 'BSID', 'department': 'HRSD', 'section': '1'}
[2025-03-30T11:41:16.633+0000] {inout_data.py:99} INFO - Query: INSERT INTO emp_inout_rec (ingested_time, timestamp, employee_id, employee_name, factory, in_out, entrance, door_number, function, division, department, section) VALUES (%s, %s, %s, %s, %s, %s, %s, %s, %s, %s, %s)
[2025-03-30T11:41:16.634+0000] {inout_data.py:100} INFO - Params: ('2025-03-30 11:41:16', '2024-09-30 19:47:00', 4292, 'Employee87', 'FactoryA', 'IN', 'Main', '3', 'IT', 'BSID', 'HRSD', '1')
[2025-03-30T11:41:16.635+0000] {logging_mixin.py:188} INFO - General error executing query: not all arguments converted during string formatting
[2025-03-30T11:41:16.637+0000] {inout_data.py:83} INFO - {'ingested_time': datetime.datetime(2025, 3, 30, 11, 41, 16, 637635), 'timestamp': datetime.datetime(2024, 9, 30, 19, 30, tzinfo=datetime.timezone.utc), 'emp_id': 6569, 'employee_name': 'Employee74', 'factory': 'FactoryB', 'in_out': 'IN', 'entrance': 'Side', 'door_number': '10', 'function': 'IT', 'division': 'AAPD', 'department': 'HRSD', 'section': '2'}
[2025-03-30T11:41:16.639+0000] {inout_data.py:99} INFO - Query: INSERT INTO emp_inout_rec (ingested_time, timestamp, employee_id, employee_name, factory, in_out, entrance, door_number, function, division, department, section) VALUES (%s, %s, %s, %s, %s, %s, %s, %s, %s, %s, %s)
[2025-03-30T11:41:16.641+0000] {inout_data.py:100} INFO - Params: ('2025-03-30 11:41:16', '2024-09-30 19:30:00', 6569, 'Employee74', 'FactoryB', 'IN', 'Side', '10', 'IT', 'AAPD', 'HRSD', '2')
[2025-03-30T11:41:16.643+0000] {logging_mixin.py:188} INFO - General error executing query: not all arguments converted during string formatting
[2025-03-30T11:41:16.650+0000] {inout_data.py:83} INFO - {'ingested_time': datetime.datetime(2025, 3, 30, 11, 41, 16, 650281), 'timestamp': datetime.datetime(2024, 9, 30, 19, 51, tzinfo=datetime.timezone.utc), 'emp_id': 8465, 'employee_name': 'Employee39', 'factory': 'FactoryB', 'in_out': 'IN', 'entrance': 'Main', 'door_number': '8', 'function': 'IT', 'division': 'AAPD', 'department': 'HRSD', 'section': '2'}
[2025-03-30T11:41:16.653+0000] {inout_data.py:99} INFO - Query: INSERT INTO emp_inout_rec (ingested_time, timestamp, employee_id, employee_name, factory, in_out, entrance, door_number, function, division, department, section) VALUES (%s, %s, %s, %s, %s, %s, %s, %s, %s, %s, %s)
[2025-03-30T11:41:16.658+0000] {inout_data.py:100} INFO - Params: ('2025-03-30 11:41:16', '2024-09-30 19:51:00', 8465, 'Employee39', 'FactoryB', 'IN', 'Main', '8', 'IT', 'AAPD', 'HRSD', '2')
[2025-03-30T11:41:16.663+0000] {logging_mixin.py:188} INFO - General error executing query: not all arguments converted during string formatting
[2025-03-30T11:41:16.671+0000] {inout_data.py:83} INFO - {'ingested_time': datetime.datetime(2025, 3, 30, 11, 41, 16, 671039), 'timestamp': datetime.datetime(2024, 9, 30, 19, 53, tzinfo=datetime.timezone.utc), 'emp_id': 5013, 'employee_name': 'Employee7', 'factory': 'FactoryA', 'in_out': 'OUT', 'entrance': 'Main', 'door_number': '9', 'function': 'IT', 'division': 'BSID', 'department': 'ML', 'section': '1'}
[2025-03-30T11:41:16.674+0000] {inout_data.py:99} INFO - Query: INSERT INTO emp_inout_rec (ingested_time, timestamp, employee_id, employee_name, factory, in_out, entrance, door_number, function, division, department, section) VALUES (%s, %s, %s, %s, %s, %s, %s, %s, %s, %s, %s)
[2025-03-30T11:41:16.676+0000] {inout_data.py:100} INFO - Params: ('2025-03-30 11:41:16', '2024-09-30 19:53:00', 5013, 'Employee7', 'FactoryA', 'OUT', 'Main', '9', 'IT', 'BSID', 'ML', '1')
[2025-03-30T11:41:16.677+0000] {logging_mixin.py:188} INFO - General error executing query: not all arguments converted during string formatting
[2025-03-30T11:41:16.682+0000] {inout_data.py:83} INFO - {'ingested_time': datetime.datetime(2025, 3, 30, 11, 41, 16, 682254), 'timestamp': datetime.datetime(2024, 9, 30, 19, 53, tzinfo=datetime.timezone.utc), 'emp_id': 3627, 'employee_name': 'Employee82', 'factory': 'FactoryB', 'in_out': 'IN', 'entrance': 'Side', 'door_number': '2', 'function': 'IT', 'division': 'BSID', 'department': 'HRSD', 'section': '1'}
[2025-03-30T11:41:16.684+0000] {inout_data.py:99} INFO - Query: INSERT INTO emp_inout_rec (ingested_time, timestamp, employee_id, employee_name, factory, in_out, entrance, door_number, function, division, department, section) VALUES (%s, %s, %s, %s, %s, %s, %s, %s, %s, %s, %s)
[2025-03-30T11:41:16.685+0000] {inout_data.py:100} INFO - Params: ('2025-03-30 11:41:16', '2024-09-30 19:53:00', 3627, 'Employee82', 'FactoryB', 'IN', 'Side', '2', 'IT', 'BSID', 'HRSD', '1')
[2025-03-30T11:41:16.686+0000] {logging_mixin.py:188} INFO - General error executing query: not all arguments converted during string formatting
[2025-03-30T11:41:16.688+0000] {inout_data.py:83} INFO - {'ingested_time': datetime.datetime(2025, 3, 30, 11, 41, 16, 688499), 'timestamp': datetime.datetime(2024, 9, 30, 19, 39, tzinfo=datetime.timezone.utc), 'emp_id': 8203, 'employee_name': 'Employee25', 'factory': 'FactoryB', 'in_out': 'OUT', 'entrance': 'Side', 'door_number': '9', 'function': 'IT', 'division': 'AAPD', 'department': 'HRSD', 'section': '2'}
[2025-03-30T11:41:16.690+0000] {inout_data.py:99} INFO - Query: INSERT INTO emp_inout_rec (ingested_time, timestamp, employee_id, employee_name, factory, in_out, entrance, door_number, function, division, department, section) VALUES (%s, %s, %s, %s, %s, %s, %s, %s, %s, %s, %s)
[2025-03-30T11:41:16.691+0000] {inout_data.py:100} INFO - Params: ('2025-03-30 11:41:16', '2024-09-30 19:39:00', 8203, 'Employee25', 'FactoryB', 'OUT', 'Side', '9', 'IT', 'AAPD', 'HRSD', '2')
[2025-03-30T11:41:16.693+0000] {logging_mixin.py:188} INFO - General error executing query: not all arguments converted during string formatting
[2025-03-30T11:41:16.695+0000] {inout_data.py:83} INFO - {'ingested_time': datetime.datetime(2025, 3, 30, 11, 41, 16, 695637), 'timestamp': datetime.datetime(2024, 9, 30, 19, 42, tzinfo=datetime.timezone.utc), 'emp_id': 8264, 'employee_name': 'Employee64', 'factory': 'FactoryB', 'in_out': 'IN', 'entrance': 'Side', 'door_number': '3', 'function': 'IT', 'division': 'AAPD', 'department': 'HRSD', 'section': '2'}
[2025-03-30T11:41:16.700+0000] {inout_data.py:99} INFO - Query: INSERT INTO emp_inout_rec (ingested_time, timestamp, employee_id, employee_name, factory, in_out, entrance, door_number, function, division, department, section) VALUES (%s, %s, %s, %s, %s, %s, %s, %s, %s, %s, %s)
[2025-03-30T11:41:16.701+0000] {inout_data.py:100} INFO - Params: ('2025-03-30 11:41:16', '2024-09-30 19:42:00', 8264, 'Employee64', 'FactoryB', 'IN', 'Side', '3', 'IT', 'AAPD', 'HRSD', '2')
[2025-03-30T11:41:16.703+0000] {logging_mixin.py:188} INFO - General error executing query: not all arguments converted during string formatting
[2025-03-30T11:41:16.706+0000] {inout_data.py:83} INFO - {'ingested_time': datetime.datetime(2025, 3, 30, 11, 41, 16, 706195), 'timestamp': datetime.datetime(2024, 9, 30, 19, 33, tzinfo=datetime.timezone.utc), 'emp_id': 4686, 'employee_name': 'Employee64', 'factory': 'FactoryB', 'in_out': 'OUT', 'entrance': 'Side', 'door_number': '3', 'function': 'IT', 'division': 'BSID', 'department': 'HRSD', 'section': '1'}
[2025-03-30T11:41:16.714+0000] {inout_data.py:99} INFO - Query: INSERT INTO emp_inout_rec (ingested_time, timestamp, employee_id, employee_name, factory, in_out, entrance, door_number, function, division, department, section) VALUES (%s, %s, %s, %s, %s, %s, %s, %s, %s, %s, %s)
[2025-03-30T11:41:16.715+0000] {inout_data.py:100} INFO - Params: ('2025-03-30 11:41:16', '2024-09-30 19:33:00', 4686, 'Employee64', 'FactoryB', 'OUT', 'Side', '3', 'IT', 'BSID', 'HRSD', '1')
[2025-03-30T11:41:16.716+0000] {logging_mixin.py:188} INFO - General error executing query: not all arguments converted during string formatting
[2025-03-30T11:41:16.720+0000] {inout_data.py:83} INFO - {'ingested_time': datetime.datetime(2025, 3, 30, 11, 41, 16, 720776), 'timestamp': datetime.datetime(2024, 9, 30, 19, 46, tzinfo=datetime.timezone.utc), 'emp_id': 9029, 'employee_name': 'Employee79', 'factory': 'FactoryA', 'in_out': 'OUT', 'entrance': 'Side', 'door_number': '9', 'function': 'IT', 'division': 'BSID', 'department': 'HRSD', 'section': '1'}
[2025-03-30T11:41:16.729+0000] {inout_data.py:99} INFO - Query: INSERT INTO emp_inout_rec (ingested_time, timestamp, employee_id, employee_name, factory, in_out, entrance, door_number, function, division, department, section) VALUES (%s, %s, %s, %s, %s, %s, %s, %s, %s, %s, %s)
[2025-03-30T11:41:16.733+0000] {inout_data.py:100} INFO - Params: ('2025-03-30 11:41:16', '2024-09-30 19:46:00', 9029, 'Employee79', 'FactoryA', 'OUT', 'Side', '9', 'IT', 'BSID', 'HRSD', '1')
[2025-03-30T11:41:16.734+0000] {logging_mixin.py:188} INFO - General error executing query: not all arguments converted during string formatting
[2025-03-30T11:41:16.736+0000] {inout_data.py:83} INFO - {'ingested_time': datetime.datetime(2025, 3, 30, 11, 41, 16, 736594), 'timestamp': datetime.datetime(2024, 9, 30, 19, 31, tzinfo=datetime.timezone.utc), 'emp_id': 1115, 'employee_name': 'Employee30', 'factory': 'FactoryA', 'in_out': 'IN', 'entrance': 'Main', 'door_number': '7', 'function': 'IT', 'division': 'AAPD', 'department': 'CAPD', 'section': '2'}
[2025-03-30T11:41:16.738+0000] {inout_data.py:99} INFO - Query: INSERT INTO emp_inout_rec (ingested_time, timestamp, employee_id, employee_name, factory, in_out, entrance, door_number, function, division, department, section) VALUES (%s, %s, %s, %s, %s, %s, %s, %s, %s, %s, %s)
[2025-03-30T11:41:16.739+0000] {inout_data.py:100} INFO - Params: ('2025-03-30 11:41:16', '2024-09-30 19:31:00', 1115, 'Employee30', 'FactoryA', 'IN', 'Main', '7', 'IT', 'AAPD', 'CAPD', '2')
[2025-03-30T11:41:16.741+0000] {logging_mixin.py:188} INFO - General error executing query: not all arguments converted during string formatting
[2025-03-30T11:41:16.743+0000] {inout_data.py:83} INFO - {'ingested_time': datetime.datetime(2025, 3, 30, 11, 41, 16, 743232), 'timestamp': datetime.datetime(2024, 9, 30, 19, 58, tzinfo=datetime.timezone.utc), 'emp_id': 8132, 'employee_name': 'Employee3', 'factory': 'FactoryB', 'in_out': 'OUT', 'entrance': 'Side', 'door_number': '1', 'function': 'IT', 'division': 'BSID', 'department': 'ML', 'section': '2'}
[2025-03-30T11:41:16.745+0000] {inout_data.py:99} INFO - Query: INSERT INTO emp_inout_rec (ingested_time, timestamp, employee_id, employee_name, factory, in_out, entrance, door_number, function, division, department, section) VALUES (%s, %s, %s, %s, %s, %s, %s, %s, %s, %s, %s)
[2025-03-30T11:41:16.749+0000] {inout_data.py:100} INFO - Params: ('2025-03-30 11:41:16', '2024-09-30 19:58:00', 8132, 'Employee3', 'FactoryB', 'OUT', 'Side', '1', 'IT', 'BSID', 'ML', '2')
[2025-03-30T11:41:16.750+0000] {logging_mixin.py:188} INFO - General error executing query: not all arguments converted during string formatting
[2025-03-30T11:41:16.753+0000] {inout_data.py:83} INFO - {'ingested_time': datetime.datetime(2025, 3, 30, 11, 41, 16, 752899), 'timestamp': datetime.datetime(2024, 9, 30, 19, 36, tzinfo=datetime.timezone.utc), 'emp_id': 3225, 'employee_name': 'Employee27', 'factory': 'FactoryA', 'in_out': 'IN', 'entrance': 'Side', 'door_number': '5', 'function': 'IT', 'division': 'BSID', 'department': 'CAPD', 'section': '2'}
[2025-03-30T11:41:16.755+0000] {inout_data.py:99} INFO - Query: INSERT INTO emp_inout_rec (ingested_time, timestamp, employee_id, employee_name, factory, in_out, entrance, door_number, function, division, department, section) VALUES (%s, %s, %s, %s, %s, %s, %s, %s, %s, %s, %s)
[2025-03-30T11:41:16.758+0000] {inout_data.py:100} INFO - Params: ('2025-03-30 11:41:16', '2024-09-30 19:36:00', 3225, 'Employee27', 'FactoryA', 'IN', 'Side', '5', 'IT', 'BSID', 'CAPD', '2')
[2025-03-30T11:41:16.760+0000] {logging_mixin.py:188} INFO - General error executing query: not all arguments converted during string formatting
[2025-03-30T11:41:16.764+0000] {inout_data.py:102} INFO - Ingested 15 rows of dummy data for 2024-09-30 19:30:00+00:00.
[2025-03-30T11:41:16.766+0000] {logging_mixin.py:188} INFO - MariaDB connection closed.
[2025-03-30T11:41:16.767+0000] {python.py:202} INFO - Done. Returned value was: None
[2025-03-30T11:41:16.859+0000] {taskinstance.py:1149} INFO - Marking task as SUCCESS. dag_id=inout_data_ingestion, task_id=ingest_dummy_data, execution_date=20240930T193000, start_date=20250330T114115, end_date=20250330T114116
[2025-03-30T11:41:16.966+0000] {local_task_job_runner.py:234} INFO - Task exited with return code 0
[2025-03-30T11:41:17.108+0000] {taskinstance.py:3309} INFO - 0 downstream tasks scheduled from follow-on schedule check
