[2025-03-30T11:10:46.997+0000] {taskinstance.py:1979} INFO - Dependencies all met for dep_context=non-requeueable deps ti=<TaskInstance: inout_data_ingestion.create_table scheduled__2024-10-02T19:00:00+00:00 [queued]>
[2025-03-30T11:10:47.006+0000] {taskinstance.py:1979} INFO - Dependencies all met for dep_context=requeueable deps ti=<TaskInstance: inout_data_ingestion.create_table scheduled__2024-10-02T19:00:00+00:00 [queued]>
[2025-03-30T11:10:47.008+0000] {taskinstance.py:2193} INFO - Starting attempt 1 of 2
[2025-03-30T11:10:47.031+0000] {taskinstance.py:2214} INFO - Executing <Task(PythonOperator): create_table> on 2024-10-02 19:00:00+00:00
[2025-03-30T11:10:47.040+0000] {standard_task_runner.py:60} INFO - Started process 822 to run task
[2025-03-30T11:10:47.044+0000] {standard_task_runner.py:87} INFO - Running: ['***', 'tasks', 'run', 'inout_data_ingestion', 'create_table', 'scheduled__2024-10-02T19:00:00+00:00', '--job-id', '385', '--raw', '--subdir', 'DAGS_FOLDER/inout_data.py', '--cfg-path', '/tmp/tmpvusupnpt']
[2025-03-30T11:10:47.045+0000] {standard_task_runner.py:88} INFO - Job 385: Subtask create_table
[2025-03-30T11:10:47.056+0000] {warnings.py:109} WARNING - /home/***/.local/lib/python3.8/site-packages/***/settings.py:194: DeprecationWarning: The sql_alchemy_conn option in [core] has been moved to the sql_alchemy_conn option in [database] - the old setting has been used, but please update your config.
  SQL_ALCHEMY_CONN = conf.get("database", "SQL_ALCHEMY_CONN")

[2025-03-30T11:10:47.099+0000] {task_command.py:423} INFO - Running <TaskInstance: inout_data_ingestion.create_table scheduled__2024-10-02T19:00:00+00:00 [running]> on host ff9d64b065e6
[2025-03-30T11:10:47.178+0000] {taskinstance.py:2510} INFO - Exporting env vars: AIRFLOW_CTX_DAG_OWNER='***' AIRFLOW_CTX_DAG_ID='inout_data_ingestion' AIRFLOW_CTX_TASK_ID='create_table' AIRFLOW_CTX_EXECUTION_DATE='2024-10-02T19:00:00+00:00' AIRFLOW_CTX_TRY_NUMBER='1' AIRFLOW_CTX_DAG_RUN_ID='scheduled__2024-10-02T19:00:00+00:00'
[2025-03-30T11:10:47.186+0000] {inout_data.py:42} INFO - Successfully connected to MariaDB: INOUT on mariadb:3306
[2025-03-30T11:10:47.187+0000] {inout_data.py:124} INFO - Table emp_inout_rec created (if it didn't exist).
[2025-03-30T11:10:47.188+0000] {inout_data.py:78} INFO - MariaDB connection closed.
[2025-03-30T11:10:47.189+0000] {python.py:202} INFO - Done. Returned value was: None
[2025-03-30T11:10:47.196+0000] {taskinstance.py:1149} INFO - Marking task as SUCCESS. dag_id=inout_data_ingestion, task_id=create_table, execution_date=20241002T190000, start_date=20250330T111046, end_date=20250330T111047
[2025-03-30T11:10:47.221+0000] {local_task_job_runner.py:234} INFO - Task exited with return code 0
[2025-03-30T11:10:47.244+0000] {taskinstance.py:3309} INFO - 1 downstream tasks scheduled from follow-on schedule check
[2025-03-30T11:17:24.116+0000] {taskinstance.py:1979} INFO - Dependencies all met for dep_context=non-requeueable deps ti=<TaskInstance: inout_data_ingestion.create_table scheduled__2024-10-02T19:00:00+00:00 [queued]>
[2025-03-30T11:17:24.136+0000] {taskinstance.py:1979} INFO - Dependencies all met for dep_context=requeueable deps ti=<TaskInstance: inout_data_ingestion.create_table scheduled__2024-10-02T19:00:00+00:00 [queued]>
[2025-03-30T11:17:24.138+0000] {taskinstance.py:2193} INFO - Starting attempt 1 of 2
[2025-03-30T11:17:24.166+0000] {taskinstance.py:2214} INFO - Executing <Task(PythonOperator): create_table> on 2024-10-02 19:00:00+00:00
[2025-03-30T11:17:24.181+0000] {standard_task_runner.py:60} INFO - Started process 2677 to run task
[2025-03-30T11:17:24.187+0000] {standard_task_runner.py:87} INFO - Running: ['***', 'tasks', 'run', 'inout_data_ingestion', 'create_table', 'scheduled__2024-10-02T19:00:00+00:00', '--job-id', '1312', '--raw', '--subdir', 'DAGS_FOLDER/inout_data.py', '--cfg-path', '/tmp/tmpbutm0ufm']
[2025-03-30T11:17:24.188+0000] {standard_task_runner.py:88} INFO - Job 1312: Subtask create_table
[2025-03-30T11:17:24.216+0000] {warnings.py:109} WARNING - /home/***/.local/lib/python3.8/site-packages/***/settings.py:194: DeprecationWarning: The sql_alchemy_conn option in [core] has been moved to the sql_alchemy_conn option in [database] - the old setting has been used, but please update your config.
  SQL_ALCHEMY_CONN = conf.get("database", "SQL_ALCHEMY_CONN")

[2025-03-30T11:17:24.269+0000] {task_command.py:423} INFO - Running <TaskInstance: inout_data_ingestion.create_table scheduled__2024-10-02T19:00:00+00:00 [running]> on host ff9d64b065e6
[2025-03-30T11:17:24.358+0000] {taskinstance.py:2510} INFO - Exporting env vars: AIRFLOW_CTX_DAG_OWNER='***' AIRFLOW_CTX_DAG_ID='inout_data_ingestion' AIRFLOW_CTX_TASK_ID='create_table' AIRFLOW_CTX_EXECUTION_DATE='2024-10-02T19:00:00+00:00' AIRFLOW_CTX_TRY_NUMBER='1' AIRFLOW_CTX_DAG_RUN_ID='scheduled__2024-10-02T19:00:00+00:00'
[2025-03-30T11:17:24.363+0000] {inout_data.py:42} INFO - Successfully connected to MariaDB: INOUT on mariadb:3306
[2025-03-30T11:17:24.364+0000] {inout_data.py:117} INFO - Table emp_inout_rec created (if it didn't exist).
[2025-03-30T11:17:24.364+0000] {inout_data.py:78} INFO - MariaDB connection closed.
[2025-03-30T11:17:24.365+0000] {python.py:202} INFO - Done. Returned value was: None
[2025-03-30T11:17:24.379+0000] {taskinstance.py:1149} INFO - Marking task as SUCCESS. dag_id=inout_data_ingestion, task_id=create_table, execution_date=20241002T190000, start_date=20250330T111724, end_date=20250330T111724
[2025-03-30T11:17:24.409+0000] {local_task_job_runner.py:234} INFO - Task exited with return code 0
[2025-03-30T11:17:24.429+0000] {taskinstance.py:3309} INFO - 1 downstream tasks scheduled from follow-on schedule check
[2025-03-30T11:29:50.445+0000] {taskinstance.py:1979} INFO - Dependencies all met for dep_context=non-requeueable deps ti=<TaskInstance: inout_data_ingestion.create_table scheduled__2024-10-02T19:00:00+00:00 [queued]>
[2025-03-30T11:29:50.473+0000] {taskinstance.py:1979} INFO - Dependencies all met for dep_context=requeueable deps ti=<TaskInstance: inout_data_ingestion.create_table scheduled__2024-10-02T19:00:00+00:00 [queued]>
[2025-03-30T11:29:50.474+0000] {taskinstance.py:2193} INFO - Starting attempt 1 of 2
[2025-03-30T11:29:50.488+0000] {taskinstance.py:2214} INFO - Executing <Task(PythonOperator): create_table> on 2024-10-02 19:00:00+00:00
[2025-03-30T11:29:50.492+0000] {standard_task_runner.py:60} INFO - Started process 4598 to run task
[2025-03-30T11:29:50.496+0000] {standard_task_runner.py:87} INFO - Running: ['***', 'tasks', 'run', 'inout_data_ingestion', 'create_table', 'scheduled__2024-10-02T19:00:00+00:00', '--job-id', '2273', '--raw', '--subdir', 'DAGS_FOLDER/inout_data.py', '--cfg-path', '/tmp/tmpgo7yxxr3']
[2025-03-30T11:29:50.497+0000] {standard_task_runner.py:88} INFO - Job 2273: Subtask create_table
[2025-03-30T11:29:50.513+0000] {warnings.py:109} WARNING - /home/***/.local/lib/python3.8/site-packages/***/settings.py:194: DeprecationWarning: The sql_alchemy_conn option in [core] has been moved to the sql_alchemy_conn option in [database] - the old setting has been used, but please update your config.
  SQL_ALCHEMY_CONN = conf.get("database", "SQL_ALCHEMY_CONN")

[2025-03-30T11:29:50.543+0000] {task_command.py:423} INFO - Running <TaskInstance: inout_data_ingestion.create_table scheduled__2024-10-02T19:00:00+00:00 [running]> on host ff9d64b065e6
[2025-03-30T11:29:50.607+0000] {taskinstance.py:2510} INFO - Exporting env vars: AIRFLOW_CTX_DAG_OWNER='***' AIRFLOW_CTX_DAG_ID='inout_data_ingestion' AIRFLOW_CTX_TASK_ID='create_table' AIRFLOW_CTX_EXECUTION_DATE='2024-10-02T19:00:00+00:00' AIRFLOW_CTX_TRY_NUMBER='1' AIRFLOW_CTX_DAG_RUN_ID='scheduled__2024-10-02T19:00:00+00:00'
[2025-03-30T11:29:50.613+0000] {logging_mixin.py:188} INFO - Successfully connected to MariaDB: INOUT on mariadb:3306
[2025-03-30T11:29:50.614+0000] {inout_data.py:46} INFO - Table emp_inout_rec created (if it didn't exist).
[2025-03-30T11:29:50.615+0000] {logging_mixin.py:188} INFO - MariaDB connection closed.
[2025-03-30T11:29:50.616+0000] {python.py:202} INFO - Done. Returned value was: None
[2025-03-30T11:29:50.627+0000] {taskinstance.py:1149} INFO - Marking task as SUCCESS. dag_id=inout_data_ingestion, task_id=create_table, execution_date=20241002T190000, start_date=20250330T112950, end_date=20250330T112950
[2025-03-30T11:29:50.676+0000] {local_task_job_runner.py:234} INFO - Task exited with return code 0
[2025-03-30T11:29:50.697+0000] {taskinstance.py:3309} INFO - 1 downstream tasks scheduled from follow-on schedule check
[2025-03-30T11:34:44.779+0000] {taskinstance.py:1979} INFO - Dependencies all met for dep_context=non-requeueable deps ti=<TaskInstance: inout_data_ingestion.create_table scheduled__2024-10-02T19:00:00+00:00 [queued]>
[2025-03-30T11:34:44.795+0000] {taskinstance.py:1979} INFO - Dependencies all met for dep_context=requeueable deps ti=<TaskInstance: inout_data_ingestion.create_table scheduled__2024-10-02T19:00:00+00:00 [queued]>
[2025-03-30T11:34:44.796+0000] {taskinstance.py:2193} INFO - Starting attempt 1 of 2
[2025-03-30T11:34:44.842+0000] {taskinstance.py:2214} INFO - Executing <Task(PythonOperator): create_table> on 2024-10-02 19:00:00+00:00
[2025-03-30T11:34:44.883+0000] {standard_task_runner.py:60} INFO - Started process 6049 to run task
[2025-03-30T11:34:44.911+0000] {standard_task_runner.py:87} INFO - Running: ['***', 'tasks', 'run', 'inout_data_ingestion', 'create_table', 'scheduled__2024-10-02T19:00:00+00:00', '--job-id', '2999', '--raw', '--subdir', 'DAGS_FOLDER/inout_data.py', '--cfg-path', '/tmp/tmp00g2_mc0']
[2025-03-30T11:34:44.918+0000] {standard_task_runner.py:88} INFO - Job 2999: Subtask create_table
[2025-03-30T11:34:44.978+0000] {warnings.py:109} WARNING - /home/***/.local/lib/python3.8/site-packages/***/settings.py:194: DeprecationWarning: The sql_alchemy_conn option in [core] has been moved to the sql_alchemy_conn option in [database] - the old setting has been used, but please update your config.
  SQL_ALCHEMY_CONN = conf.get("database", "SQL_ALCHEMY_CONN")

[2025-03-30T11:34:45.036+0000] {task_command.py:423} INFO - Running <TaskInstance: inout_data_ingestion.create_table scheduled__2024-10-02T19:00:00+00:00 [running]> on host ff9d64b065e6
[2025-03-30T11:34:45.474+0000] {taskinstance.py:2510} INFO - Exporting env vars: AIRFLOW_CTX_DAG_OWNER='***' AIRFLOW_CTX_DAG_ID='inout_data_ingestion' AIRFLOW_CTX_TASK_ID='create_table' AIRFLOW_CTX_EXECUTION_DATE='2024-10-02T19:00:00+00:00' AIRFLOW_CTX_TRY_NUMBER='1' AIRFLOW_CTX_DAG_RUN_ID='scheduled__2024-10-02T19:00:00+00:00'
[2025-03-30T11:34:45.509+0000] {logging_mixin.py:188} INFO - Successfully connected to MariaDB: INOUT on mariadb:3306
[2025-03-30T11:34:45.513+0000] {inout_data.py:46} INFO - Table emp_inout_rec created (if it didn't exist).
[2025-03-30T11:34:45.518+0000] {logging_mixin.py:188} INFO - MariaDB connection closed.
[2025-03-30T11:34:45.520+0000] {python.py:202} INFO - Done. Returned value was: None
[2025-03-30T11:34:45.562+0000] {taskinstance.py:1149} INFO - Marking task as SUCCESS. dag_id=inout_data_ingestion, task_id=create_table, execution_date=20241002T190000, start_date=20250330T113444, end_date=20250330T113445
[2025-03-30T11:34:45.703+0000] {local_task_job_runner.py:234} INFO - Task exited with return code 0
[2025-03-30T11:34:45.816+0000] {taskinstance.py:3309} INFO - 1 downstream tasks scheduled from follow-on schedule check
