[2025-03-30T11:10:31.250+0000] {taskinstance.py:1979} INFO - Dependencies all met for dep_context=non-requeueable deps ti=<TaskInstance: inout_data_ingestion.ingest_dummy_data scheduled__2024-10-02T05:00:00+00:00 [queued]>
[2025-03-30T11:10:31.287+0000] {taskinstance.py:1979} INFO - Dependencies all met for dep_context=requeueable deps ti=<TaskInstance: inout_data_ingestion.ingest_dummy_data scheduled__2024-10-02T05:00:00+00:00 [queued]>
[2025-03-30T11:10:31.288+0000] {taskinstance.py:2193} INFO - Starting attempt 1 of 2
[2025-03-30T11:10:31.327+0000] {taskinstance.py:2214} INFO - Executing <Task(PythonOperator): ingest_dummy_data> on 2024-10-02 05:00:00+00:00
[2025-03-30T11:10:31.340+0000] {standard_task_runner.py:60} INFO - Started process 729 to run task
[2025-03-30T11:10:31.364+0000] {standard_task_runner.py:87} INFO - Running: ['***', 'tasks', 'run', 'inout_data_ingestion', 'ingest_dummy_data', 'scheduled__2024-10-02T05:00:00+00:00', '--job-id', '337', '--raw', '--subdir', 'DAGS_FOLDER/inout_data.py', '--cfg-path', '/tmp/tmpec7i032f']
[2025-03-30T11:10:31.369+0000] {standard_task_runner.py:88} INFO - Job 337: Subtask ingest_dummy_data
[2025-03-30T11:10:31.434+0000] {warnings.py:109} WARNING - /home/***/.local/lib/python3.8/site-packages/***/settings.py:194: DeprecationWarning: The sql_alchemy_conn option in [core] has been moved to the sql_alchemy_conn option in [database] - the old setting has been used, but please update your config.
  SQL_ALCHEMY_CONN = conf.get("database", "SQL_ALCHEMY_CONN")

[2025-03-30T11:10:31.505+0000] {task_command.py:423} INFO - Running <TaskInstance: inout_data_ingestion.ingest_dummy_data scheduled__2024-10-02T05:00:00+00:00 [running]> on host ff9d64b065e6
[2025-03-30T11:10:31.611+0000] {taskinstance.py:2510} INFO - Exporting env vars: AIRFLOW_CTX_DAG_OWNER='***' AIRFLOW_CTX_DAG_ID='inout_data_ingestion' AIRFLOW_CTX_TASK_ID='ingest_dummy_data' AIRFLOW_CTX_EXECUTION_DATE='2024-10-02T05:00:00+00:00' AIRFLOW_CTX_TRY_NUMBER='1' AIRFLOW_CTX_DAG_RUN_ID='scheduled__2024-10-02T05:00:00+00:00'
[2025-03-30T11:10:31.629+0000] {inout_data.py:42} INFO - Successfully connected to MariaDB: INOUT on mariadb:3306
[2025-03-30T11:10:31.635+0000] {inout_data.py:63} ERROR - Error executing query: (1062, "Duplicate entry '2025-03-30 11:10:31-4498' for key 'PRIMARY'")
[2025-03-30T11:10:31.636+0000] {inout_data.py:63} ERROR - Error executing query: (1062, "Duplicate entry '2025-03-30 11:10:31-4498' for key 'PRIMARY'")
[2025-03-30T11:10:31.639+0000] {inout_data.py:63} ERROR - Error executing query: (1062, "Duplicate entry '2025-03-30 11:10:31-4498' for key 'PRIMARY'")
[2025-03-30T11:10:31.642+0000] {inout_data.py:63} ERROR - Error executing query: (1062, "Duplicate entry '2025-03-30 11:10:31-4498' for key 'PRIMARY'")
[2025-03-30T11:10:31.642+0000] {inout_data.py:159} INFO - Ingested 5 rows of dummy data.
[2025-03-30T11:10:31.644+0000] {inout_data.py:78} INFO - MariaDB connection closed.
[2025-03-30T11:10:31.645+0000] {python.py:202} INFO - Done. Returned value was: None
[2025-03-30T11:10:31.658+0000] {taskinstance.py:1149} INFO - Marking task as SUCCESS. dag_id=inout_data_ingestion, task_id=ingest_dummy_data, execution_date=20241002T050000, start_date=20250330T111031, end_date=20250330T111031
[2025-03-30T11:10:31.693+0000] {local_task_job_runner.py:234} INFO - Task exited with return code 0
[2025-03-30T11:10:31.744+0000] {taskinstance.py:3309} INFO - 0 downstream tasks scheduled from follow-on schedule check
[2025-03-30T11:17:05.489+0000] {taskinstance.py:1979} INFO - Dependencies all met for dep_context=non-requeueable deps ti=<TaskInstance: inout_data_ingestion.ingest_dummy_data scheduled__2024-10-02T05:00:00+00:00 [queued]>
[2025-03-30T11:17:05.499+0000] {taskinstance.py:1979} INFO - Dependencies all met for dep_context=requeueable deps ti=<TaskInstance: inout_data_ingestion.ingest_dummy_data scheduled__2024-10-02T05:00:00+00:00 [queued]>
[2025-03-30T11:17:05.502+0000] {taskinstance.py:2193} INFO - Starting attempt 1 of 2
[2025-03-30T11:17:05.517+0000] {taskinstance.py:2214} INFO - Executing <Task(PythonOperator): ingest_dummy_data> on 2024-10-02 05:00:00+00:00
[2025-03-30T11:17:05.520+0000] {standard_task_runner.py:60} INFO - Started process 2575 to run task
[2025-03-30T11:17:05.524+0000] {standard_task_runner.py:87} INFO - Running: ['***', 'tasks', 'run', 'inout_data_ingestion', 'ingest_dummy_data', 'scheduled__2024-10-02T05:00:00+00:00', '--job-id', '1263', '--raw', '--subdir', 'DAGS_FOLDER/inout_data.py', '--cfg-path', '/tmp/tmptakj1_27']
[2025-03-30T11:17:05.525+0000] {standard_task_runner.py:88} INFO - Job 1263: Subtask ingest_dummy_data
[2025-03-30T11:17:05.537+0000] {warnings.py:109} WARNING - /home/***/.local/lib/python3.8/site-packages/***/settings.py:194: DeprecationWarning: The sql_alchemy_conn option in [core] has been moved to the sql_alchemy_conn option in [database] - the old setting has been used, but please update your config.
  SQL_ALCHEMY_CONN = conf.get("database", "SQL_ALCHEMY_CONN")

[2025-03-30T11:17:05.564+0000] {task_command.py:423} INFO - Running <TaskInstance: inout_data_ingestion.ingest_dummy_data scheduled__2024-10-02T05:00:00+00:00 [running]> on host ff9d64b065e6
[2025-03-30T11:17:05.595+0000] {taskinstance.py:2510} INFO - Exporting env vars: AIRFLOW_CTX_DAG_OWNER='***' AIRFLOW_CTX_DAG_ID='inout_data_ingestion' AIRFLOW_CTX_TASK_ID='ingest_dummy_data' AIRFLOW_CTX_EXECUTION_DATE='2024-10-02T05:00:00+00:00' AIRFLOW_CTX_TRY_NUMBER='1' AIRFLOW_CTX_DAG_RUN_ID='scheduled__2024-10-02T05:00:00+00:00'
[2025-03-30T11:17:05.597+0000] {inout_data.py:42} INFO - Successfully connected to MariaDB: INOUT on mariadb:3306
[2025-03-30T11:17:05.598+0000] {inout_data.py:63} ERROR - Error executing query: (1062, "Duplicate entry '2025-03-30 11:17:05-5332' for key 'PRIMARY'")
[2025-03-30T11:17:05.598+0000] {inout_data.py:63} ERROR - Error executing query: (1062, "Duplicate entry '2025-03-30 11:17:05-5332' for key 'PRIMARY'")
[2025-03-30T11:17:05.598+0000] {inout_data.py:63} ERROR - Error executing query: (1062, "Duplicate entry '2025-03-30 11:17:05-5332' for key 'PRIMARY'")
[2025-03-30T11:17:05.598+0000] {inout_data.py:63} ERROR - Error executing query: (1062, "Duplicate entry '2025-03-30 11:17:05-5332' for key 'PRIMARY'")
[2025-03-30T11:17:05.599+0000] {inout_data.py:63} ERROR - Error executing query: (1062, "Duplicate entry '2025-03-30 11:17:05-5332' for key 'PRIMARY'")
[2025-03-30T11:17:05.599+0000] {inout_data.py:63} ERROR - Error executing query: (1062, "Duplicate entry '2025-03-30 11:17:05-5332' for key 'PRIMARY'")
[2025-03-30T11:17:05.599+0000] {inout_data.py:63} ERROR - Error executing query: (1062, "Duplicate entry '2025-03-30 11:17:05-5332' for key 'PRIMARY'")
[2025-03-30T11:17:05.599+0000] {inout_data.py:152} INFO - Ingested 8 rows of dummy data.
[2025-03-30T11:17:05.599+0000] {inout_data.py:78} INFO - MariaDB connection closed.
[2025-03-30T11:17:05.599+0000] {python.py:202} INFO - Done. Returned value was: None
[2025-03-30T11:17:05.603+0000] {taskinstance.py:1149} INFO - Marking task as SUCCESS. dag_id=inout_data_ingestion, task_id=ingest_dummy_data, execution_date=20241002T050000, start_date=20250330T111705, end_date=20250330T111705
[2025-03-30T11:17:05.621+0000] {local_task_job_runner.py:234} INFO - Task exited with return code 0
[2025-03-30T11:17:05.630+0000] {taskinstance.py:3309} INFO - 0 downstream tasks scheduled from follow-on schedule check
[2025-03-30T11:29:35.606+0000] {taskinstance.py:1979} INFO - Dependencies all met for dep_context=non-requeueable deps ti=<TaskInstance: inout_data_ingestion.ingest_dummy_data scheduled__2024-10-02T05:00:00+00:00 [queued]>
[2025-03-30T11:29:35.615+0000] {taskinstance.py:1979} INFO - Dependencies all met for dep_context=requeueable deps ti=<TaskInstance: inout_data_ingestion.ingest_dummy_data scheduled__2024-10-02T05:00:00+00:00 [queued]>
[2025-03-30T11:29:35.615+0000] {taskinstance.py:2193} INFO - Starting attempt 1 of 2
[2025-03-30T11:29:35.639+0000] {taskinstance.py:2214} INFO - Executing <Task(PythonOperator): ingest_dummy_data> on 2024-10-02 05:00:00+00:00
[2025-03-30T11:29:35.644+0000] {standard_task_runner.py:60} INFO - Started process 4498 to run task
[2025-03-30T11:29:35.649+0000] {standard_task_runner.py:87} INFO - Running: ['***', 'tasks', 'run', 'inout_data_ingestion', 'ingest_dummy_data', 'scheduled__2024-10-02T05:00:00+00:00', '--job-id', '2224', '--raw', '--subdir', 'DAGS_FOLDER/inout_data.py', '--cfg-path', '/tmp/tmp4e6gzewr']
[2025-03-30T11:29:35.651+0000] {standard_task_runner.py:88} INFO - Job 2224: Subtask ingest_dummy_data
[2025-03-30T11:29:35.664+0000] {warnings.py:109} WARNING - /home/***/.local/lib/python3.8/site-packages/***/settings.py:194: DeprecationWarning: The sql_alchemy_conn option in [core] has been moved to the sql_alchemy_conn option in [database] - the old setting has been used, but please update your config.
  SQL_ALCHEMY_CONN = conf.get("database", "SQL_ALCHEMY_CONN")

[2025-03-30T11:29:35.697+0000] {task_command.py:423} INFO - Running <TaskInstance: inout_data_ingestion.ingest_dummy_data scheduled__2024-10-02T05:00:00+00:00 [running]> on host ff9d64b065e6
[2025-03-30T11:29:35.768+0000] {taskinstance.py:2510} INFO - Exporting env vars: AIRFLOW_CTX_DAG_OWNER='***' AIRFLOW_CTX_DAG_ID='inout_data_ingestion' AIRFLOW_CTX_TASK_ID='ingest_dummy_data' AIRFLOW_CTX_EXECUTION_DATE='2024-10-02T05:00:00+00:00' AIRFLOW_CTX_TRY_NUMBER='1' AIRFLOW_CTX_DAG_RUN_ID='scheduled__2024-10-02T05:00:00+00:00'
[2025-03-30T11:29:35.772+0000] {logging_mixin.py:188} INFO - Successfully connected to MariaDB: INOUT on mariadb:3306
[2025-03-30T11:29:35.773+0000] {logging_mixin.py:188} INFO - General error executing query: not all arguments converted during string formatting
[2025-03-30T11:29:35.773+0000] {logging_mixin.py:188} INFO - General error executing query: not all arguments converted during string formatting
[2025-03-30T11:29:35.774+0000] {logging_mixin.py:188} INFO - General error executing query: not all arguments converted during string formatting
[2025-03-30T11:29:35.774+0000] {logging_mixin.py:188} INFO - General error executing query: not all arguments converted during string formatting
[2025-03-30T11:29:35.774+0000] {logging_mixin.py:188} INFO - General error executing query: not all arguments converted during string formatting
[2025-03-30T11:29:35.776+0000] {inout_data.py:87} INFO - Ingested 5 rows of dummy data for 2024-10-02 05:00:00+00:00.
[2025-03-30T11:29:35.776+0000] {logging_mixin.py:188} INFO - MariaDB connection closed.
[2025-03-30T11:29:35.776+0000] {python.py:202} INFO - Done. Returned value was: None
[2025-03-30T11:29:35.783+0000] {taskinstance.py:1149} INFO - Marking task as SUCCESS. dag_id=inout_data_ingestion, task_id=ingest_dummy_data, execution_date=20241002T050000, start_date=20250330T112935, end_date=20250330T112935
[2025-03-30T11:29:35.828+0000] {local_task_job_runner.py:234} INFO - Task exited with return code 0
[2025-03-30T11:29:35.841+0000] {taskinstance.py:3309} INFO - 0 downstream tasks scheduled from follow-on schedule check
[2025-03-30T11:34:27.988+0000] {taskinstance.py:1979} INFO - Dependencies all met for dep_context=non-requeueable deps ti=<TaskInstance: inout_data_ingestion.ingest_dummy_data scheduled__2024-10-02T05:00:00+00:00 [queued]>
[2025-03-30T11:34:28.032+0000] {taskinstance.py:1979} INFO - Dependencies all met for dep_context=requeueable deps ti=<TaskInstance: inout_data_ingestion.ingest_dummy_data scheduled__2024-10-02T05:00:00+00:00 [queued]>
[2025-03-30T11:34:28.034+0000] {taskinstance.py:2193} INFO - Starting attempt 1 of 2
[2025-03-30T11:34:28.057+0000] {taskinstance.py:2214} INFO - Executing <Task(PythonOperator): ingest_dummy_data> on 2024-10-02 05:00:00+00:00
[2025-03-30T11:34:28.070+0000] {standard_task_runner.py:60} INFO - Started process 5951 to run task
[2025-03-30T11:34:28.098+0000] {standard_task_runner.py:87} INFO - Running: ['***', 'tasks', 'run', 'inout_data_ingestion', 'ingest_dummy_data', 'scheduled__2024-10-02T05:00:00+00:00', '--job-id', '2949', '--raw', '--subdir', 'DAGS_FOLDER/inout_data.py', '--cfg-path', '/tmp/tmpmiuu5f_6']
[2025-03-30T11:34:28.120+0000] {standard_task_runner.py:88} INFO - Job 2949: Subtask ingest_dummy_data
[2025-03-30T11:34:28.248+0000] {warnings.py:109} WARNING - /home/***/.local/lib/python3.8/site-packages/***/settings.py:194: DeprecationWarning: The sql_alchemy_conn option in [core] has been moved to the sql_alchemy_conn option in [database] - the old setting has been used, but please update your config.
  SQL_ALCHEMY_CONN = conf.get("database", "SQL_ALCHEMY_CONN")

[2025-03-30T11:34:28.391+0000] {task_command.py:423} INFO - Running <TaskInstance: inout_data_ingestion.ingest_dummy_data scheduled__2024-10-02T05:00:00+00:00 [running]> on host ff9d64b065e6
[2025-03-30T11:34:28.552+0000] {taskinstance.py:2510} INFO - Exporting env vars: AIRFLOW_CTX_DAG_OWNER='***' AIRFLOW_CTX_DAG_ID='inout_data_ingestion' AIRFLOW_CTX_TASK_ID='ingest_dummy_data' AIRFLOW_CTX_EXECUTION_DATE='2024-10-02T05:00:00+00:00' AIRFLOW_CTX_TRY_NUMBER='1' AIRFLOW_CTX_DAG_RUN_ID='scheduled__2024-10-02T05:00:00+00:00'
[2025-03-30T11:34:28.563+0000] {logging_mixin.py:188} INFO - Successfully connected to MariaDB: INOUT on mariadb:3306
[2025-03-30T11:34:28.565+0000] {inout_data.py:83} INFO - {'ingested_time': datetime.datetime(2025, 3, 30, 11, 34, 28, 565058), 'timestamp': datetime.datetime(2024, 10, 2, 5, 10, tzinfo=datetime.timezone.utc), 'emp_id': 6080, 'employee_name': 'Employee15', 'factory': 'FactoryB', 'in_out': 'OUT', 'entrance': 'Side', 'door_number': '5', 'function': 'IT', 'division': 'AAPD', 'department': 'HRSD', 'section': '1'}
[2025-03-30T11:34:28.565+0000] {logging_mixin.py:188} INFO - General error executing query: not all arguments converted during string formatting
[2025-03-30T11:34:28.567+0000] {inout_data.py:83} INFO - {'ingested_time': datetime.datetime(2025, 3, 30, 11, 34, 28, 567079), 'timestamp': datetime.datetime(2024, 10, 2, 5, 27, tzinfo=datetime.timezone.utc), 'emp_id': 3013, 'employee_name': 'Employee56', 'factory': 'FactoryA', 'in_out': 'IN', 'entrance': 'Main', 'door_number': '9', 'function': 'IT', 'division': 'AAPD', 'department': 'ML', 'section': '1'}
[2025-03-30T11:34:28.567+0000] {logging_mixin.py:188} INFO - General error executing query: not all arguments converted during string formatting
[2025-03-30T11:34:28.570+0000] {inout_data.py:83} INFO - {'ingested_time': datetime.datetime(2025, 3, 30, 11, 34, 28, 570453), 'timestamp': datetime.datetime(2024, 10, 2, 5, 7, tzinfo=datetime.timezone.utc), 'emp_id': 4494, 'employee_name': 'Employee36', 'factory': 'FactoryA', 'in_out': 'IN', 'entrance': 'Main', 'door_number': '6', 'function': 'IT', 'division': 'AAPD', 'department': 'CAPD', 'section': '1'}
[2025-03-30T11:34:28.571+0000] {logging_mixin.py:188} INFO - General error executing query: not all arguments converted during string formatting
[2025-03-30T11:34:28.573+0000] {inout_data.py:83} INFO - {'ingested_time': datetime.datetime(2025, 3, 30, 11, 34, 28, 573777), 'timestamp': datetime.datetime(2024, 10, 2, 5, 10, tzinfo=datetime.timezone.utc), 'emp_id': 6089, 'employee_name': 'Employee73', 'factory': 'FactoryB', 'in_out': 'OUT', 'entrance': 'Main', 'door_number': '4', 'function': 'IT', 'division': 'AAPD', 'department': 'CAPD', 'section': '1'}
[2025-03-30T11:34:28.577+0000] {logging_mixin.py:188} INFO - General error executing query: not all arguments converted during string formatting
[2025-03-30T11:34:28.579+0000] {inout_data.py:83} INFO - {'ingested_time': datetime.datetime(2025, 3, 30, 11, 34, 28, 579723), 'timestamp': datetime.datetime(2024, 10, 2, 5, 25, tzinfo=datetime.timezone.utc), 'emp_id': 3828, 'employee_name': 'Employee43', 'factory': 'FactoryB', 'in_out': 'OUT', 'entrance': 'Side', 'door_number': '9', 'function': 'IT', 'division': 'BSID', 'department': 'ML', 'section': '1'}
[2025-03-30T11:34:28.580+0000] {logging_mixin.py:188} INFO - General error executing query: not all arguments converted during string formatting
[2025-03-30T11:34:28.581+0000] {inout_data.py:83} INFO - {'ingested_time': datetime.datetime(2025, 3, 30, 11, 34, 28, 581446), 'timestamp': datetime.datetime(2024, 10, 2, 5, 1, tzinfo=datetime.timezone.utc), 'emp_id': 2664, 'employee_name': 'Employee90', 'factory': 'FactoryA', 'in_out': 'OUT', 'entrance': 'Side', 'door_number': '6', 'function': 'IT', 'division': 'AAPD', 'department': 'ML', 'section': '1'}
[2025-03-30T11:34:28.582+0000] {logging_mixin.py:188} INFO - General error executing query: not all arguments converted during string formatting
[2025-03-30T11:34:28.583+0000] {inout_data.py:88} INFO - Ingested 6 rows of dummy data for 2024-10-02 05:00:00+00:00.
[2025-03-30T11:34:28.584+0000] {logging_mixin.py:188} INFO - MariaDB connection closed.
[2025-03-30T11:34:28.584+0000] {python.py:202} INFO - Done. Returned value was: None
[2025-03-30T11:34:28.601+0000] {taskinstance.py:1149} INFO - Marking task as SUCCESS. dag_id=inout_data_ingestion, task_id=ingest_dummy_data, execution_date=20241002T050000, start_date=20250330T113427, end_date=20250330T113428
[2025-03-30T11:34:28.654+0000] {local_task_job_runner.py:234} INFO - Task exited with return code 0
[2025-03-30T11:34:28.691+0000] {taskinstance.py:3309} INFO - 0 downstream tasks scheduled from follow-on schedule check
[2025-03-30T11:42:07.951+0000] {taskinstance.py:1979} INFO - Dependencies all met for dep_context=non-requeueable deps ti=<TaskInstance: inout_data_ingestion.ingest_dummy_data scheduled__2024-10-02T05:00:00+00:00 [queued]>
[2025-03-30T11:42:08.194+0000] {taskinstance.py:1979} INFO - Dependencies all met for dep_context=requeueable deps ti=<TaskInstance: inout_data_ingestion.ingest_dummy_data scheduled__2024-10-02T05:00:00+00:00 [queued]>
[2025-03-30T11:42:08.206+0000] {taskinstance.py:2193} INFO - Starting attempt 1 of 2
[2025-03-30T11:42:08.410+0000] {taskinstance.py:2214} INFO - Executing <Task(PythonOperator): ingest_dummy_data> on 2024-10-02 05:00:00+00:00
[2025-03-30T11:42:08.508+0000] {standard_task_runner.py:60} INFO - Started process 7299 to run task
[2025-03-30T11:42:08.649+0000] {standard_task_runner.py:87} INFO - Running: ['***', 'tasks', 'run', 'inout_data_ingestion', 'ingest_dummy_data', 'scheduled__2024-10-02T05:00:00+00:00', '--job-id', '3623', '--raw', '--subdir', 'DAGS_FOLDER/inout_data.py', '--cfg-path', '/tmp/tmpd00xpmil']
[2025-03-30T11:42:08.667+0000] {standard_task_runner.py:88} INFO - Job 3623: Subtask ingest_dummy_data
[2025-03-30T11:42:08.900+0000] {warnings.py:109} WARNING - /home/***/.local/lib/python3.8/site-packages/***/settings.py:194: DeprecationWarning: The sql_alchemy_conn option in [core] has been moved to the sql_alchemy_conn option in [database] - the old setting has been used, but please update your config.
  SQL_ALCHEMY_CONN = conf.get("database", "SQL_ALCHEMY_CONN")

[2025-03-30T11:42:09.301+0000] {task_command.py:423} INFO - Running <TaskInstance: inout_data_ingestion.ingest_dummy_data scheduled__2024-10-02T05:00:00+00:00 [running]> on host ff9d64b065e6
[2025-03-30T11:42:09.805+0000] {taskinstance.py:2510} INFO - Exporting env vars: AIRFLOW_CTX_DAG_OWNER='***' AIRFLOW_CTX_DAG_ID='inout_data_ingestion' AIRFLOW_CTX_TASK_ID='ingest_dummy_data' AIRFLOW_CTX_EXECUTION_DATE='2024-10-02T05:00:00+00:00' AIRFLOW_CTX_TRY_NUMBER='1' AIRFLOW_CTX_DAG_RUN_ID='scheduled__2024-10-02T05:00:00+00:00'
[2025-03-30T11:42:09.838+0000] {logging_mixin.py:188} INFO - Successfully connected to MariaDB: INOUT on mariadb:3306
[2025-03-30T11:42:09.847+0000] {inout_data.py:83} INFO - {'ingested_time': datetime.datetime(2025, 3, 30, 11, 42, 9, 847118), 'timestamp': datetime.datetime(2024, 10, 2, 5, 25, tzinfo=datetime.timezone.utc), 'emp_id': 7553, 'employee_name': 'Employee18', 'factory': 'FactoryA', 'in_out': 'IN', 'entrance': 'Side', 'door_number': '7', 'function': 'IT', 'division': 'BSID', 'department': 'HRSD', 'section': '1'}
[2025-03-30T11:42:09.849+0000] {inout_data.py:99} INFO - Query: INSERT INTO emp_inout_rec (ingested_time, timestamp, employee_id, employee_name, factory, in_out, entrance, door_number, function, division, department, section) VALUES (%s, %s, %s, %s, %s, %s, %s, %s, %s, %s, %s)
[2025-03-30T11:42:09.851+0000] {inout_data.py:100} INFO - Params: ('2025-03-30 11:42:09', '2024-10-02 05:25:00', 7553, 'Employee18', 'FactoryA', 'IN', 'Side', '7', 'IT', 'BSID', 'HRSD', '1')
[2025-03-30T11:42:09.857+0000] {logging_mixin.py:188} INFO - General error executing query: not all arguments converted during string formatting
[2025-03-30T11:42:09.865+0000] {inout_data.py:83} INFO - {'ingested_time': datetime.datetime(2025, 3, 30, 11, 42, 9, 860553), 'timestamp': datetime.datetime(2024, 10, 2, 5, 0, tzinfo=datetime.timezone.utc), 'emp_id': 4670, 'employee_name': 'Employee50', 'factory': 'FactoryB', 'in_out': 'IN', 'entrance': 'Side', 'door_number': '7', 'function': 'IT', 'division': 'AAPD', 'department': 'ML', 'section': '2'}
[2025-03-30T11:42:09.869+0000] {inout_data.py:99} INFO - Query: INSERT INTO emp_inout_rec (ingested_time, timestamp, employee_id, employee_name, factory, in_out, entrance, door_number, function, division, department, section) VALUES (%s, %s, %s, %s, %s, %s, %s, %s, %s, %s, %s)
[2025-03-30T11:42:09.871+0000] {inout_data.py:100} INFO - Params: ('2025-03-30 11:42:09', '2024-10-02 05:00:00', 4670, 'Employee50', 'FactoryB', 'IN', 'Side', '7', 'IT', 'AAPD', 'ML', '2')
[2025-03-30T11:42:09.879+0000] {logging_mixin.py:188} INFO - General error executing query: not all arguments converted during string formatting
[2025-03-30T11:42:09.883+0000] {inout_data.py:83} INFO - {'ingested_time': datetime.datetime(2025, 3, 30, 11, 42, 9, 883377), 'timestamp': datetime.datetime(2024, 10, 2, 5, 12, tzinfo=datetime.timezone.utc), 'emp_id': 1599, 'employee_name': 'Employee78', 'factory': 'FactoryA', 'in_out': 'OUT', 'entrance': 'Main', 'door_number': '8', 'function': 'IT', 'division': 'AAPD', 'department': 'ML', 'section': '2'}
[2025-03-30T11:42:09.886+0000] {inout_data.py:99} INFO - Query: INSERT INTO emp_inout_rec (ingested_time, timestamp, employee_id, employee_name, factory, in_out, entrance, door_number, function, division, department, section) VALUES (%s, %s, %s, %s, %s, %s, %s, %s, %s, %s, %s)
[2025-03-30T11:42:09.888+0000] {inout_data.py:100} INFO - Params: ('2025-03-30 11:42:09', '2024-10-02 05:12:00', 1599, 'Employee78', 'FactoryA', 'OUT', 'Main', '8', 'IT', 'AAPD', 'ML', '2')
[2025-03-30T11:42:09.893+0000] {logging_mixin.py:188} INFO - General error executing query: not all arguments converted during string formatting
[2025-03-30T11:42:09.894+0000] {inout_data.py:83} INFO - {'ingested_time': datetime.datetime(2025, 3, 30, 11, 42, 9, 894041), 'timestamp': datetime.datetime(2024, 10, 2, 5, 6, tzinfo=datetime.timezone.utc), 'emp_id': 6206, 'employee_name': 'Employee68', 'factory': 'FactoryB', 'in_out': 'IN', 'entrance': 'Side', 'door_number': '1', 'function': 'IT', 'division': 'BSID', 'department': 'ML', 'section': '1'}
[2025-03-30T11:42:09.897+0000] {inout_data.py:99} INFO - Query: INSERT INTO emp_inout_rec (ingested_time, timestamp, employee_id, employee_name, factory, in_out, entrance, door_number, function, division, department, section) VALUES (%s, %s, %s, %s, %s, %s, %s, %s, %s, %s, %s)
[2025-03-30T11:42:09.898+0000] {inout_data.py:100} INFO - Params: ('2025-03-30 11:42:09', '2024-10-02 05:06:00', 6206, 'Employee68', 'FactoryB', 'IN', 'Side', '1', 'IT', 'BSID', 'ML', '1')
[2025-03-30T11:42:09.901+0000] {logging_mixin.py:188} INFO - General error executing query: not all arguments converted during string formatting
[2025-03-30T11:42:09.913+0000] {inout_data.py:83} INFO - {'ingested_time': datetime.datetime(2025, 3, 30, 11, 42, 9, 913728), 'timestamp': datetime.datetime(2024, 10, 2, 5, 9, tzinfo=datetime.timezone.utc), 'emp_id': 4043, 'employee_name': 'Employee33', 'factory': 'FactoryA', 'in_out': 'OUT', 'entrance': 'Side', 'door_number': '1', 'function': 'IT', 'division': 'BSID', 'department': 'CAPD', 'section': '1'}
[2025-03-30T11:42:09.916+0000] {inout_data.py:99} INFO - Query: INSERT INTO emp_inout_rec (ingested_time, timestamp, employee_id, employee_name, factory, in_out, entrance, door_number, function, division, department, section) VALUES (%s, %s, %s, %s, %s, %s, %s, %s, %s, %s, %s)
[2025-03-30T11:42:09.923+0000] {inout_data.py:100} INFO - Params: ('2025-03-30 11:42:09', '2024-10-02 05:09:00', 4043, 'Employee33', 'FactoryA', 'OUT', 'Side', '1', 'IT', 'BSID', 'CAPD', '1')
[2025-03-30T11:42:09.926+0000] {logging_mixin.py:188} INFO - General error executing query: not all arguments converted during string formatting
[2025-03-30T11:42:09.927+0000] {inout_data.py:102} INFO - Ingested 5 rows of dummy data for 2024-10-02 05:00:00+00:00.
[2025-03-30T11:42:09.929+0000] {logging_mixin.py:188} INFO - MariaDB connection closed.
[2025-03-30T11:42:09.932+0000] {python.py:202} INFO - Done. Returned value was: None
[2025-03-30T11:42:10.056+0000] {taskinstance.py:1149} INFO - Marking task as SUCCESS. dag_id=inout_data_ingestion, task_id=ingest_dummy_data, execution_date=20241002T050000, start_date=20250330T114208, end_date=20250330T114210
[2025-03-30T11:42:10.380+0000] {local_task_job_runner.py:234} INFO - Task exited with return code 0
[2025-03-30T11:42:10.532+0000] {taskinstance.py:3309} INFO - 0 downstream tasks scheduled from follow-on schedule check
