[2025-03-30T11:12:39.797+0000] {taskinstance.py:1979} INFO - Dependencies all met for dep_context=non-requeueable deps ti=<TaskInstance: inout_data_ingestion.create_table scheduled__2024-10-06T02:00:00+00:00 [queued]>
[2025-03-30T11:12:39.818+0000] {taskinstance.py:1979} INFO - Dependencies all met for dep_context=requeueable deps ti=<TaskInstance: inout_data_ingestion.create_table scheduled__2024-10-06T02:00:00+00:00 [queued]>
[2025-03-30T11:12:39.819+0000] {taskinstance.py:2193} INFO - Starting attempt 1 of 2
[2025-03-30T11:12:39.853+0000] {taskinstance.py:2214} INFO - Executing <Task(PythonOperator): create_table> on 2024-10-06 02:00:00+00:00
[2025-03-30T11:12:39.869+0000] {standard_task_runner.py:60} INFO - Started process 1456 to run task
[2025-03-30T11:12:39.879+0000] {standard_task_runner.py:87} INFO - Running: ['***', 'tasks', 'run', 'inout_data_ingestion', 'create_table', 'scheduled__2024-10-06T02:00:00+00:00', '--job-id', '702', '--raw', '--subdir', 'DAGS_FOLDER/inout_data.py', '--cfg-path', '/tmp/tmpjeo5rjg8']
[2025-03-30T11:12:39.883+0000] {standard_task_runner.py:88} INFO - Job 702: Subtask create_table
[2025-03-30T11:12:39.908+0000] {warnings.py:109} WARNING - /home/***/.local/lib/python3.8/site-packages/***/settings.py:194: DeprecationWarning: The sql_alchemy_conn option in [core] has been moved to the sql_alchemy_conn option in [database] - the old setting has been used, but please update your config.
  SQL_ALCHEMY_CONN = conf.get("database", "SQL_ALCHEMY_CONN")

[2025-03-30T11:12:39.971+0000] {task_command.py:423} INFO - Running <TaskInstance: inout_data_ingestion.create_table scheduled__2024-10-06T02:00:00+00:00 [running]> on host ff9d64b065e6
[2025-03-30T11:12:40.252+0000] {taskinstance.py:2510} INFO - Exporting env vars: AIRFLOW_CTX_DAG_OWNER='***' AIRFLOW_CTX_DAG_ID='inout_data_ingestion' AIRFLOW_CTX_TASK_ID='create_table' AIRFLOW_CTX_EXECUTION_DATE='2024-10-06T02:00:00+00:00' AIRFLOW_CTX_TRY_NUMBER='1' AIRFLOW_CTX_DAG_RUN_ID='scheduled__2024-10-06T02:00:00+00:00'
[2025-03-30T11:12:40.270+0000] {inout_data.py:42} INFO - Successfully connected to MariaDB: INOUT on mariadb:3306
[2025-03-30T11:12:40.275+0000] {inout_data.py:124} INFO - Table emp_inout_rec created (if it didn't exist).
[2025-03-30T11:12:40.277+0000] {inout_data.py:78} INFO - MariaDB connection closed.
[2025-03-30T11:12:40.278+0000] {python.py:202} INFO - Done. Returned value was: None
[2025-03-30T11:12:40.296+0000] {taskinstance.py:1149} INFO - Marking task as SUCCESS. dag_id=inout_data_ingestion, task_id=create_table, execution_date=20241006T020000, start_date=20250330T111239, end_date=20250330T111240
[2025-03-30T11:12:40.343+0000] {local_task_job_runner.py:234} INFO - Task exited with return code 0
[2025-03-30T11:12:40.396+0000] {taskinstance.py:3309} INFO - 1 downstream tasks scheduled from follow-on schedule check
[2025-03-30T11:19:17.984+0000] {taskinstance.py:1979} INFO - Dependencies all met for dep_context=non-requeueable deps ti=<TaskInstance: inout_data_ingestion.create_table scheduled__2024-10-06T02:00:00+00:00 [queued]>
[2025-03-30T11:19:18.018+0000] {taskinstance.py:1979} INFO - Dependencies all met for dep_context=requeueable deps ti=<TaskInstance: inout_data_ingestion.create_table scheduled__2024-10-06T02:00:00+00:00 [queued]>
[2025-03-30T11:19:18.019+0000] {taskinstance.py:2193} INFO - Starting attempt 1 of 2
[2025-03-30T11:19:18.070+0000] {taskinstance.py:2214} INFO - Executing <Task(PythonOperator): create_table> on 2024-10-06 02:00:00+00:00
[2025-03-30T11:19:18.084+0000] {standard_task_runner.py:60} INFO - Started process 3308 to run task
[2025-03-30T11:19:18.103+0000] {standard_task_runner.py:87} INFO - Running: ['***', 'tasks', 'run', 'inout_data_ingestion', 'create_table', 'scheduled__2024-10-06T02:00:00+00:00', '--job-id', '1628', '--raw', '--subdir', 'DAGS_FOLDER/inout_data.py', '--cfg-path', '/tmp/tmps4kdgg56']
[2025-03-30T11:19:18.107+0000] {standard_task_runner.py:88} INFO - Job 1628: Subtask create_table
[2025-03-30T11:19:18.125+0000] {warnings.py:109} WARNING - /home/***/.local/lib/python3.8/site-packages/***/settings.py:194: DeprecationWarning: The sql_alchemy_conn option in [core] has been moved to the sql_alchemy_conn option in [database] - the old setting has been used, but please update your config.
  SQL_ALCHEMY_CONN = conf.get("database", "SQL_ALCHEMY_CONN")

[2025-03-30T11:19:18.202+0000] {task_command.py:423} INFO - Running <TaskInstance: inout_data_ingestion.create_table scheduled__2024-10-06T02:00:00+00:00 [running]> on host ff9d64b065e6
[2025-03-30T11:19:18.401+0000] {taskinstance.py:2510} INFO - Exporting env vars: AIRFLOW_CTX_DAG_OWNER='***' AIRFLOW_CTX_DAG_ID='inout_data_ingestion' AIRFLOW_CTX_TASK_ID='create_table' AIRFLOW_CTX_EXECUTION_DATE='2024-10-06T02:00:00+00:00' AIRFLOW_CTX_TRY_NUMBER='1' AIRFLOW_CTX_DAG_RUN_ID='scheduled__2024-10-06T02:00:00+00:00'
[2025-03-30T11:19:18.415+0000] {inout_data.py:42} INFO - Successfully connected to MariaDB: INOUT on mariadb:3306
[2025-03-30T11:19:18.419+0000] {inout_data.py:117} INFO - Table emp_inout_rec created (if it didn't exist).
[2025-03-30T11:19:18.420+0000] {inout_data.py:78} INFO - MariaDB connection closed.
[2025-03-30T11:19:18.422+0000] {python.py:202} INFO - Done. Returned value was: None
[2025-03-30T11:19:18.461+0000] {taskinstance.py:1149} INFO - Marking task as SUCCESS. dag_id=inout_data_ingestion, task_id=create_table, execution_date=20241006T020000, start_date=20250330T111917, end_date=20250330T111918
[2025-03-30T11:19:18.539+0000] {local_task_job_runner.py:234} INFO - Task exited with return code 0
[2025-03-30T11:19:18.612+0000] {taskinstance.py:3309} INFO - 1 downstream tasks scheduled from follow-on schedule check
[2025-03-30T11:31:25.751+0000] {taskinstance.py:1979} INFO - Dependencies all met for dep_context=non-requeueable deps ti=<TaskInstance: inout_data_ingestion.create_table scheduled__2024-10-06T02:00:00+00:00 [queued]>
[2025-03-30T11:31:25.768+0000] {taskinstance.py:1979} INFO - Dependencies all met for dep_context=requeueable deps ti=<TaskInstance: inout_data_ingestion.create_table scheduled__2024-10-06T02:00:00+00:00 [queued]>
[2025-03-30T11:31:25.769+0000] {taskinstance.py:2193} INFO - Starting attempt 1 of 2
[2025-03-30T11:31:25.799+0000] {taskinstance.py:2214} INFO - Executing <Task(PythonOperator): create_table> on 2024-10-06 02:00:00+00:00
[2025-03-30T11:31:25.805+0000] {standard_task_runner.py:60} INFO - Started process 5229 to run task
[2025-03-30T11:31:25.820+0000] {standard_task_runner.py:87} INFO - Running: ['***', 'tasks', 'run', 'inout_data_ingestion', 'create_table', 'scheduled__2024-10-06T02:00:00+00:00', '--job-id', '2589', '--raw', '--subdir', 'DAGS_FOLDER/inout_data.py', '--cfg-path', '/tmp/tmpkz5rx8iw']
[2025-03-30T11:31:25.824+0000] {standard_task_runner.py:88} INFO - Job 2589: Subtask create_table
[2025-03-30T11:31:25.867+0000] {warnings.py:109} WARNING - /home/***/.local/lib/python3.8/site-packages/***/settings.py:194: DeprecationWarning: The sql_alchemy_conn option in [core] has been moved to the sql_alchemy_conn option in [database] - the old setting has been used, but please update your config.
  SQL_ALCHEMY_CONN = conf.get("database", "SQL_ALCHEMY_CONN")

[2025-03-30T11:31:25.947+0000] {task_command.py:423} INFO - Running <TaskInstance: inout_data_ingestion.create_table scheduled__2024-10-06T02:00:00+00:00 [running]> on host ff9d64b065e6
[2025-03-30T11:31:26.030+0000] {taskinstance.py:2510} INFO - Exporting env vars: AIRFLOW_CTX_DAG_OWNER='***' AIRFLOW_CTX_DAG_ID='inout_data_ingestion' AIRFLOW_CTX_TASK_ID='create_table' AIRFLOW_CTX_EXECUTION_DATE='2024-10-06T02:00:00+00:00' AIRFLOW_CTX_TRY_NUMBER='1' AIRFLOW_CTX_DAG_RUN_ID='scheduled__2024-10-06T02:00:00+00:00'
[2025-03-30T11:31:26.047+0000] {logging_mixin.py:188} INFO - Successfully connected to MariaDB: INOUT on mariadb:3306
[2025-03-30T11:31:26.048+0000] {inout_data.py:46} INFO - Table emp_inout_rec created (if it didn't exist).
[2025-03-30T11:31:26.049+0000] {logging_mixin.py:188} INFO - MariaDB connection closed.
[2025-03-30T11:31:26.050+0000] {python.py:202} INFO - Done. Returned value was: None
[2025-03-30T11:31:26.060+0000] {taskinstance.py:1149} INFO - Marking task as SUCCESS. dag_id=inout_data_ingestion, task_id=create_table, execution_date=20241006T020000, start_date=20250330T113125, end_date=20250330T113126
[2025-03-30T11:31:26.083+0000] {local_task_job_runner.py:234} INFO - Task exited with return code 0
[2025-03-30T11:31:26.111+0000] {taskinstance.py:3309} INFO - 1 downstream tasks scheduled from follow-on schedule check
