[2025-03-30T11:08:41.462+0000] {taskinstance.py:1979} INFO - Dependencies all met for dep_context=non-requeueable deps ti=<TaskInstance: inout_data_ingestion.create_table scheduled__2024-09-29T04:00:00+00:00 [queued]>
[2025-03-30T11:08:41.666+0000] {taskinstance.py:1979} INFO - Dependencies all met for dep_context=requeueable deps ti=<TaskInstance: inout_data_ingestion.create_table scheduled__2024-09-29T04:00:00+00:00 [queued]>
[2025-03-30T11:08:41.751+0000] {taskinstance.py:2193} INFO - Starting attempt 1 of 2
[2025-03-30T11:08:42.046+0000] {taskinstance.py:2214} INFO - Executing <Task(PythonOperator): create_table> on 2024-09-29 04:00:00+00:00
[2025-03-30T11:08:42.106+0000] {standard_task_runner.py:60} INFO - Started process 121 to run task
[2025-03-30T11:08:42.169+0000] {standard_task_runner.py:87} INFO - Running: ['***', 'tasks', 'run', 'inout_data_ingestion', 'create_table', 'scheduled__2024-09-29T04:00:00+00:00', '--job-id', '34', '--raw', '--subdir', 'DAGS_FOLDER/inout_data.py', '--cfg-path', '/tmp/tmptclqcdkb']
[2025-03-30T11:08:42.184+0000] {standard_task_runner.py:88} INFO - Job 34: Subtask create_table
[2025-03-30T11:08:42.261+0000] {warnings.py:109} WARNING - /home/***/.local/lib/python3.8/site-packages/***/settings.py:194: DeprecationWarning: The sql_alchemy_conn option in [core] has been moved to the sql_alchemy_conn option in [database] - the old setting has been used, but please update your config.
  SQL_ALCHEMY_CONN = conf.get("database", "SQL_ALCHEMY_CONN")

[2025-03-30T11:08:42.470+0000] {task_command.py:423} INFO - Running <TaskInstance: inout_data_ingestion.create_table scheduled__2024-09-29T04:00:00+00:00 [running]> on host ff9d64b065e6
[2025-03-30T11:08:42.713+0000] {taskinstance.py:2510} INFO - Exporting env vars: AIRFLOW_CTX_DAG_OWNER='***' AIRFLOW_CTX_DAG_ID='inout_data_ingestion' AIRFLOW_CTX_TASK_ID='create_table' AIRFLOW_CTX_EXECUTION_DATE='2024-09-29T04:00:00+00:00' AIRFLOW_CTX_TRY_NUMBER='1' AIRFLOW_CTX_DAG_RUN_ID='scheduled__2024-09-29T04:00:00+00:00'
[2025-03-30T11:08:42.756+0000] {inout_data.py:42} INFO - Successfully connected to MariaDB: INOUT on mariadb:3306
[2025-03-30T11:08:42.757+0000] {inout_data.py:124} INFO - Table emp_inout_rec created (if it didn't exist).
[2025-03-30T11:08:42.758+0000] {inout_data.py:78} INFO - MariaDB connection closed.
[2025-03-30T11:08:42.760+0000] {python.py:202} INFO - Done. Returned value was: None
[2025-03-30T11:08:42.792+0000] {taskinstance.py:1149} INFO - Marking task as SUCCESS. dag_id=inout_data_ingestion, task_id=create_table, execution_date=20240929T040000, start_date=20250330T110841, end_date=20250330T110842
[2025-03-30T11:08:42.894+0000] {local_task_job_runner.py:234} INFO - Task exited with return code 0
[2025-03-30T11:08:43.041+0000] {taskinstance.py:3309} INFO - 1 downstream tasks scheduled from follow-on schedule check
[2025-03-30T11:15:29.531+0000] {taskinstance.py:1979} INFO - Dependencies all met for dep_context=non-requeueable deps ti=<TaskInstance: inout_data_ingestion.create_table scheduled__2024-09-29T04:00:00+00:00 [queued]>
[2025-03-30T11:15:29.536+0000] {taskinstance.py:1979} INFO - Dependencies all met for dep_context=requeueable deps ti=<TaskInstance: inout_data_ingestion.create_table scheduled__2024-09-29T04:00:00+00:00 [queued]>
[2025-03-30T11:15:29.536+0000] {taskinstance.py:2193} INFO - Starting attempt 1 of 2
[2025-03-30T11:15:29.542+0000] {taskinstance.py:2214} INFO - Executing <Task(PythonOperator): create_table> on 2024-09-29 04:00:00+00:00
[2025-03-30T11:15:29.545+0000] {standard_task_runner.py:60} INFO - Started process 1985 to run task
[2025-03-30T11:15:29.548+0000] {standard_task_runner.py:87} INFO - Running: ['***', 'tasks', 'run', 'inout_data_ingestion', 'create_table', 'scheduled__2024-09-29T04:00:00+00:00', '--job-id', '968', '--raw', '--subdir', 'DAGS_FOLDER/inout_data.py', '--cfg-path', '/tmp/tmpakm7r2jd']
[2025-03-30T11:15:29.549+0000] {standard_task_runner.py:88} INFO - Job 968: Subtask create_table
[2025-03-30T11:15:29.556+0000] {warnings.py:109} WARNING - /home/***/.local/lib/python3.8/site-packages/***/settings.py:194: DeprecationWarning: The sql_alchemy_conn option in [core] has been moved to the sql_alchemy_conn option in [database] - the old setting has been used, but please update your config.
  SQL_ALCHEMY_CONN = conf.get("database", "SQL_ALCHEMY_CONN")

[2025-03-30T11:15:29.579+0000] {task_command.py:423} INFO - Running <TaskInstance: inout_data_ingestion.create_table scheduled__2024-09-29T04:00:00+00:00 [running]> on host ff9d64b065e6
[2025-03-30T11:15:29.639+0000] {taskinstance.py:2510} INFO - Exporting env vars: AIRFLOW_CTX_DAG_OWNER='***' AIRFLOW_CTX_DAG_ID='inout_data_ingestion' AIRFLOW_CTX_TASK_ID='create_table' AIRFLOW_CTX_EXECUTION_DATE='2024-09-29T04:00:00+00:00' AIRFLOW_CTX_TRY_NUMBER='1' AIRFLOW_CTX_DAG_RUN_ID='scheduled__2024-09-29T04:00:00+00:00'
[2025-03-30T11:15:29.642+0000] {inout_data.py:42} INFO - Successfully connected to MariaDB: INOUT on mariadb:3306
[2025-03-30T11:15:29.643+0000] {inout_data.py:117} INFO - Table emp_inout_rec created (if it didn't exist).
[2025-03-30T11:15:29.644+0000] {inout_data.py:78} INFO - MariaDB connection closed.
[2025-03-30T11:15:29.644+0000] {python.py:202} INFO - Done. Returned value was: None
[2025-03-30T11:15:29.651+0000] {taskinstance.py:1149} INFO - Marking task as SUCCESS. dag_id=inout_data_ingestion, task_id=create_table, execution_date=20240929T040000, start_date=20250330T111529, end_date=20250330T111529
[2025-03-30T11:15:29.685+0000] {local_task_job_runner.py:234} INFO - Task exited with return code 0
[2025-03-30T11:15:29.703+0000] {taskinstance.py:3309} INFO - 1 downstream tasks scheduled from follow-on schedule check
[2025-03-30T11:22:17.005+0000] {taskinstance.py:1979} INFO - Dependencies all met for dep_context=non-requeueable deps ti=<TaskInstance: inout_data_ingestion.create_table scheduled__2024-09-29T04:00:00+00:00 [queued]>
[2025-03-30T11:22:17.051+0000] {taskinstance.py:1979} INFO - Dependencies all met for dep_context=requeueable deps ti=<TaskInstance: inout_data_ingestion.create_table scheduled__2024-09-29T04:00:00+00:00 [queued]>
[2025-03-30T11:22:17.054+0000] {taskinstance.py:2193} INFO - Starting attempt 1 of 2
[2025-03-30T11:22:17.128+0000] {taskinstance.py:2214} INFO - Executing <Task(PythonOperator): create_table> on 2024-09-29 04:00:00+00:00
[2025-03-30T11:22:17.165+0000] {standard_task_runner.py:60} INFO - Started process 3830 to run task
[2025-03-30T11:22:17.197+0000] {standard_task_runner.py:87} INFO - Running: ['***', 'tasks', 'run', 'inout_data_ingestion', 'create_table', 'scheduled__2024-09-29T04:00:00+00:00', '--job-id', '1888', '--raw', '--subdir', 'DAGS_FOLDER/inout_data.py', '--cfg-path', '/tmp/tmptfy5w4f5']
[2025-03-30T11:22:17.202+0000] {standard_task_runner.py:88} INFO - Job 1888: Subtask create_table
[2025-03-30T11:22:17.285+0000] {warnings.py:109} WARNING - /home/***/.local/lib/python3.8/site-packages/***/settings.py:194: DeprecationWarning: The sql_alchemy_conn option in [core] has been moved to the sql_alchemy_conn option in [database] - the old setting has been used, but please update your config.
  SQL_ALCHEMY_CONN = conf.get("database", "SQL_ALCHEMY_CONN")

[2025-03-30T11:22:17.644+0000] {task_command.py:423} INFO - Running <TaskInstance: inout_data_ingestion.create_table scheduled__2024-09-29T04:00:00+00:00 [running]> on host ff9d64b065e6
[2025-03-30T11:22:18.098+0000] {taskinstance.py:2510} INFO - Exporting env vars: AIRFLOW_CTX_DAG_OWNER='***' AIRFLOW_CTX_DAG_ID='inout_data_ingestion' AIRFLOW_CTX_TASK_ID='create_table' AIRFLOW_CTX_EXECUTION_DATE='2024-09-29T04:00:00+00:00' AIRFLOW_CTX_TRY_NUMBER='1' AIRFLOW_CTX_DAG_RUN_ID='scheduled__2024-09-29T04:00:00+00:00'
[2025-03-30T11:22:18.156+0000] {inout_data.py:42} INFO - Successfully connected to MariaDB: INOUT on mariadb:3306
[2025-03-30T11:22:18.165+0000] {inout_data.py:117} INFO - Table emp_inout_rec created (if it didn't exist).
[2025-03-30T11:22:18.166+0000] {inout_data.py:78} INFO - MariaDB connection closed.
[2025-03-30T11:22:18.170+0000] {python.py:202} INFO - Done. Returned value was: None
[2025-03-30T11:22:18.272+0000] {taskinstance.py:1149} INFO - Marking task as SUCCESS. dag_id=inout_data_ingestion, task_id=create_table, execution_date=20240929T040000, start_date=20250330T112217, end_date=20250330T112218
[2025-03-30T11:22:18.568+0000] {local_task_job_runner.py:234} INFO - Task exited with return code 0
[2025-03-30T11:22:19.291+0000] {taskinstance.py:3309} INFO - 1 downstream tasks scheduled from follow-on schedule check
[2025-03-30T11:28:01.934+0000] {taskinstance.py:1979} INFO - Dependencies all met for dep_context=non-requeueable deps ti=<TaskInstance: inout_data_ingestion.create_table scheduled__2024-09-29T04:00:00+00:00 [queued]>
[2025-03-30T11:28:01.955+0000] {taskinstance.py:1979} INFO - Dependencies all met for dep_context=requeueable deps ti=<TaskInstance: inout_data_ingestion.create_table scheduled__2024-09-29T04:00:00+00:00 [queued]>
[2025-03-30T11:28:01.956+0000] {taskinstance.py:2193} INFO - Starting attempt 1 of 2
[2025-03-30T11:28:02.007+0000] {taskinstance.py:2214} INFO - Executing <Task(PythonOperator): create_table> on 2024-09-29 04:00:00+00:00
[2025-03-30T11:28:02.022+0000] {standard_task_runner.py:60} INFO - Started process 3898 to run task
[2025-03-30T11:28:02.035+0000] {standard_task_runner.py:87} INFO - Running: ['***', 'tasks', 'run', 'inout_data_ingestion', 'create_table', 'scheduled__2024-09-29T04:00:00+00:00', '--job-id', '1923', '--raw', '--subdir', 'DAGS_FOLDER/inout_data.py', '--cfg-path', '/tmp/tmp__dmty45']
[2025-03-30T11:28:02.038+0000] {standard_task_runner.py:88} INFO - Job 1923: Subtask create_table
[2025-03-30T11:28:02.109+0000] {warnings.py:109} WARNING - /home/***/.local/lib/python3.8/site-packages/***/settings.py:194: DeprecationWarning: The sql_alchemy_conn option in [core] has been moved to the sql_alchemy_conn option in [database] - the old setting has been used, but please update your config.
  SQL_ALCHEMY_CONN = conf.get("database", "SQL_ALCHEMY_CONN")

[2025-03-30T11:28:02.249+0000] {task_command.py:423} INFO - Running <TaskInstance: inout_data_ingestion.create_table scheduled__2024-09-29T04:00:00+00:00 [running]> on host ff9d64b065e6
[2025-03-30T11:28:02.394+0000] {taskinstance.py:2510} INFO - Exporting env vars: AIRFLOW_CTX_DAG_OWNER='***' AIRFLOW_CTX_DAG_ID='inout_data_ingestion' AIRFLOW_CTX_TASK_ID='create_table' AIRFLOW_CTX_EXECUTION_DATE='2024-09-29T04:00:00+00:00' AIRFLOW_CTX_TRY_NUMBER='1' AIRFLOW_CTX_DAG_RUN_ID='scheduled__2024-09-29T04:00:00+00:00'
[2025-03-30T11:28:02.404+0000] {logging_mixin.py:188} INFO - Successfully connected to MariaDB: INOUT on mariadb:3306
[2025-03-30T11:28:02.410+0000] {inout_data.py:46} INFO - Table emp_inout_rec created (if it didn't exist).
[2025-03-30T11:28:02.411+0000] {logging_mixin.py:188} INFO - MariaDB connection closed.
[2025-03-30T11:28:02.412+0000] {python.py:202} INFO - Done. Returned value was: None
[2025-03-30T11:28:02.442+0000] {taskinstance.py:1149} INFO - Marking task as SUCCESS. dag_id=inout_data_ingestion, task_id=create_table, execution_date=20240929T040000, start_date=20250330T112801, end_date=20250330T112802
[2025-03-30T11:28:02.502+0000] {local_task_job_runner.py:234} INFO - Task exited with return code 0
[2025-03-30T11:28:02.558+0000] {taskinstance.py:3309} INFO - 1 downstream tasks scheduled from follow-on schedule check
[2025-03-30T11:32:42.513+0000] {taskinstance.py:1979} INFO - Dependencies all met for dep_context=non-requeueable deps ti=<TaskInstance: inout_data_ingestion.create_table scheduled__2024-09-29T04:00:00+00:00 [queued]>
[2025-03-30T11:32:42.660+0000] {taskinstance.py:1979} INFO - Dependencies all met for dep_context=requeueable deps ti=<TaskInstance: inout_data_ingestion.create_table scheduled__2024-09-29T04:00:00+00:00 [queued]>
[2025-03-30T11:32:42.697+0000] {taskinstance.py:2193} INFO - Starting attempt 1 of 2
[2025-03-30T11:32:42.749+0000] {taskinstance.py:2214} INFO - Executing <Task(PythonOperator): create_table> on 2024-09-29 04:00:00+00:00
[2025-03-30T11:32:42.764+0000] {standard_task_runner.py:60} INFO - Started process 5356 to run task
[2025-03-30T11:32:42.791+0000] {standard_task_runner.py:87} INFO - Running: ['***', 'tasks', 'run', 'inout_data_ingestion', 'create_table', 'scheduled__2024-09-29T04:00:00+00:00', '--job-id', '2652', '--raw', '--subdir', 'DAGS_FOLDER/inout_data.py', '--cfg-path', '/tmp/tmpq1p9hjv2']
[2025-03-30T11:32:42.806+0000] {standard_task_runner.py:88} INFO - Job 2652: Subtask create_table
[2025-03-30T11:32:42.965+0000] {warnings.py:109} WARNING - /home/***/.local/lib/python3.8/site-packages/***/settings.py:194: DeprecationWarning: The sql_alchemy_conn option in [core] has been moved to the sql_alchemy_conn option in [database] - the old setting has been used, but please update your config.
  SQL_ALCHEMY_CONN = conf.get("database", "SQL_ALCHEMY_CONN")

[2025-03-30T11:32:43.144+0000] {task_command.py:423} INFO - Running <TaskInstance: inout_data_ingestion.create_table scheduled__2024-09-29T04:00:00+00:00 [running]> on host ff9d64b065e6
[2025-03-30T11:32:43.398+0000] {taskinstance.py:2510} INFO - Exporting env vars: AIRFLOW_CTX_DAG_OWNER='***' AIRFLOW_CTX_DAG_ID='inout_data_ingestion' AIRFLOW_CTX_TASK_ID='create_table' AIRFLOW_CTX_EXECUTION_DATE='2024-09-29T04:00:00+00:00' AIRFLOW_CTX_TRY_NUMBER='1' AIRFLOW_CTX_DAG_RUN_ID='scheduled__2024-09-29T04:00:00+00:00'
[2025-03-30T11:32:43.411+0000] {logging_mixin.py:188} INFO - Successfully connected to MariaDB: INOUT on mariadb:3306
[2025-03-30T11:32:43.412+0000] {inout_data.py:46} INFO - Table emp_inout_rec created (if it didn't exist).
[2025-03-30T11:32:43.413+0000] {logging_mixin.py:188} INFO - MariaDB connection closed.
[2025-03-30T11:32:43.413+0000] {python.py:202} INFO - Done. Returned value was: None
[2025-03-30T11:32:43.435+0000] {taskinstance.py:1149} INFO - Marking task as SUCCESS. dag_id=inout_data_ingestion, task_id=create_table, execution_date=20240929T040000, start_date=20250330T113242, end_date=20250330T113243
[2025-03-30T11:32:43.514+0000] {local_task_job_runner.py:234} INFO - Task exited with return code 0
[2025-03-30T11:32:43.564+0000] {taskinstance.py:3309} INFO - 1 downstream tasks scheduled from follow-on schedule check
[2025-03-30T11:35:54.045+0000] {taskinstance.py:1979} INFO - Dependencies all met for dep_context=non-requeueable deps ti=<TaskInstance: inout_data_ingestion.create_table scheduled__2024-09-29T04:00:00+00:00 [queued]>
[2025-03-30T11:35:54.055+0000] {taskinstance.py:1979} INFO - Dependencies all met for dep_context=requeueable deps ti=<TaskInstance: inout_data_ingestion.create_table scheduled__2024-09-29T04:00:00+00:00 [queued]>
[2025-03-30T11:35:54.055+0000] {taskinstance.py:2193} INFO - Starting attempt 1 of 2
[2025-03-30T11:35:54.086+0000] {taskinstance.py:2214} INFO - Executing <Task(PythonOperator): create_table> on 2024-09-29 04:00:00+00:00
[2025-03-30T11:35:54.092+0000] {standard_task_runner.py:60} INFO - Started process 6197 to run task
[2025-03-30T11:35:54.118+0000] {standard_task_runner.py:87} INFO - Running: ['***', 'tasks', 'run', 'inout_data_ingestion', 'create_table', 'scheduled__2024-09-29T04:00:00+00:00', '--job-id', '3073', '--raw', '--subdir', 'DAGS_FOLDER/inout_data.py', '--cfg-path', '/tmp/tmp8ejf6dg6']
[2025-03-30T11:35:54.120+0000] {standard_task_runner.py:88} INFO - Job 3073: Subtask create_table
[2025-03-30T11:35:54.153+0000] {warnings.py:109} WARNING - /home/***/.local/lib/python3.8/site-packages/***/settings.py:194: DeprecationWarning: The sql_alchemy_conn option in [core] has been moved to the sql_alchemy_conn option in [database] - the old setting has been used, but please update your config.
  SQL_ALCHEMY_CONN = conf.get("database", "SQL_ALCHEMY_CONN")

[2025-03-30T11:35:54.263+0000] {task_command.py:423} INFO - Running <TaskInstance: inout_data_ingestion.create_table scheduled__2024-09-29T04:00:00+00:00 [running]> on host ff9d64b065e6
[2025-03-30T11:35:54.376+0000] {taskinstance.py:2510} INFO - Exporting env vars: AIRFLOW_CTX_DAG_OWNER='***' AIRFLOW_CTX_DAG_ID='inout_data_ingestion' AIRFLOW_CTX_TASK_ID='create_table' AIRFLOW_CTX_EXECUTION_DATE='2024-09-29T04:00:00+00:00' AIRFLOW_CTX_TRY_NUMBER='1' AIRFLOW_CTX_DAG_RUN_ID='scheduled__2024-09-29T04:00:00+00:00'
[2025-03-30T11:35:54.391+0000] {logging_mixin.py:188} INFO - Successfully connected to MariaDB: INOUT on mariadb:3306
[2025-03-30T11:35:54.394+0000] {inout_data.py:46} INFO - Table emp_inout_rec created (if it didn't exist).
[2025-03-30T11:35:54.395+0000] {logging_mixin.py:188} INFO - MariaDB connection closed.
[2025-03-30T11:35:54.396+0000] {python.py:202} INFO - Done. Returned value was: None
[2025-03-30T11:35:54.411+0000] {taskinstance.py:1149} INFO - Marking task as SUCCESS. dag_id=inout_data_ingestion, task_id=create_table, execution_date=20240929T040000, start_date=20250330T113554, end_date=20250330T113554
[2025-03-30T11:35:54.459+0000] {local_task_job_runner.py:234} INFO - Task exited with return code 0
[2025-03-30T11:35:54.523+0000] {taskinstance.py:3309} INFO - 1 downstream tasks scheduled from follow-on schedule check
[2025-03-30T11:38:06.614+0000] {taskinstance.py:1979} INFO - Dependencies all met for dep_context=non-requeueable deps ti=<TaskInstance: inout_data_ingestion.create_table scheduled__2024-09-29T04:00:00+00:00 [queued]>
[2025-03-30T11:38:06.646+0000] {taskinstance.py:1979} INFO - Dependencies all met for dep_context=requeueable deps ti=<TaskInstance: inout_data_ingestion.create_table scheduled__2024-09-29T04:00:00+00:00 [queued]>
[2025-03-30T11:38:06.649+0000] {taskinstance.py:2193} INFO - Starting attempt 1 of 2
[2025-03-30T11:38:06.686+0000] {taskinstance.py:2214} INFO - Executing <Task(PythonOperator): create_table> on 2024-09-29 04:00:00+00:00
[2025-03-30T11:38:06.709+0000] {standard_task_runner.py:60} INFO - Started process 6262 to run task
[2025-03-30T11:38:06.742+0000] {standard_task_runner.py:87} INFO - Running: ['***', 'tasks', 'run', 'inout_data_ingestion', 'create_table', 'scheduled__2024-09-29T04:00:00+00:00', '--job-id', '3104', '--raw', '--subdir', 'DAGS_FOLDER/inout_data.py', '--cfg-path', '/tmp/tmp2wrpomay']
[2025-03-30T11:38:06.759+0000] {standard_task_runner.py:88} INFO - Job 3104: Subtask create_table
[2025-03-30T11:38:06.844+0000] {warnings.py:109} WARNING - /home/***/.local/lib/python3.8/site-packages/***/settings.py:194: DeprecationWarning: The sql_alchemy_conn option in [core] has been moved to the sql_alchemy_conn option in [database] - the old setting has been used, but please update your config.
  SQL_ALCHEMY_CONN = conf.get("database", "SQL_ALCHEMY_CONN")

[2025-03-30T11:38:06.957+0000] {task_command.py:423} INFO - Running <TaskInstance: inout_data_ingestion.create_table scheduled__2024-09-29T04:00:00+00:00 [running]> on host ff9d64b065e6
[2025-03-30T11:38:07.151+0000] {taskinstance.py:2510} INFO - Exporting env vars: AIRFLOW_CTX_DAG_OWNER='***' AIRFLOW_CTX_DAG_ID='inout_data_ingestion' AIRFLOW_CTX_TASK_ID='create_table' AIRFLOW_CTX_EXECUTION_DATE='2024-09-29T04:00:00+00:00' AIRFLOW_CTX_TRY_NUMBER='1' AIRFLOW_CTX_DAG_RUN_ID='scheduled__2024-09-29T04:00:00+00:00'
[2025-03-30T11:38:07.161+0000] {logging_mixin.py:188} INFO - Successfully connected to MariaDB: INOUT on mariadb:3306
[2025-03-30T11:38:07.163+0000] {inout_data.py:46} INFO - Table emp_inout_rec created (if it didn't exist).
[2025-03-30T11:38:07.166+0000] {logging_mixin.py:188} INFO - MariaDB connection closed.
[2025-03-30T11:38:07.167+0000] {python.py:202} INFO - Done. Returned value was: None
[2025-03-30T11:38:07.187+0000] {taskinstance.py:1149} INFO - Marking task as SUCCESS. dag_id=inout_data_ingestion, task_id=create_table, execution_date=20240929T040000, start_date=20250330T113806, end_date=20250330T113807
[2025-03-30T11:38:07.252+0000] {local_task_job_runner.py:234} INFO - Task exited with return code 0
[2025-03-30T11:38:07.309+0000] {taskinstance.py:3309} INFO - 1 downstream tasks scheduled from follow-on schedule check
[2025-03-30T11:40:15.561+0000] {taskinstance.py:1979} INFO - Dependencies all met for dep_context=non-requeueable deps ti=<TaskInstance: inout_data_ingestion.create_table scheduled__2024-09-29T04:00:00+00:00 [queued]>
[2025-03-30T11:40:15.572+0000] {taskinstance.py:1979} INFO - Dependencies all met for dep_context=requeueable deps ti=<TaskInstance: inout_data_ingestion.create_table scheduled__2024-09-29T04:00:00+00:00 [queued]>
[2025-03-30T11:40:15.572+0000] {taskinstance.py:2193} INFO - Starting attempt 1 of 2
[2025-03-30T11:40:15.588+0000] {taskinstance.py:2214} INFO - Executing <Task(PythonOperator): create_table> on 2024-09-29 04:00:00+00:00
[2025-03-30T11:40:15.591+0000] {standard_task_runner.py:60} INFO - Started process 6699 to run task
[2025-03-30T11:40:15.594+0000] {standard_task_runner.py:87} INFO - Running: ['***', 'tasks', 'run', 'inout_data_ingestion', 'create_table', 'scheduled__2024-09-29T04:00:00+00:00', '--job-id', '3324', '--raw', '--subdir', 'DAGS_FOLDER/inout_data.py', '--cfg-path', '/tmp/tmpuqywuyz6']
[2025-03-30T11:40:15.596+0000] {standard_task_runner.py:88} INFO - Job 3324: Subtask create_table
[2025-03-30T11:40:15.611+0000] {warnings.py:109} WARNING - /home/***/.local/lib/python3.8/site-packages/***/settings.py:194: DeprecationWarning: The sql_alchemy_conn option in [core] has been moved to the sql_alchemy_conn option in [database] - the old setting has been used, but please update your config.
  SQL_ALCHEMY_CONN = conf.get("database", "SQL_ALCHEMY_CONN")

[2025-03-30T11:40:15.647+0000] {task_command.py:423} INFO - Running <TaskInstance: inout_data_ingestion.create_table scheduled__2024-09-29T04:00:00+00:00 [running]> on host ff9d64b065e6
[2025-03-30T11:40:15.721+0000] {taskinstance.py:2510} INFO - Exporting env vars: AIRFLOW_CTX_DAG_OWNER='***' AIRFLOW_CTX_DAG_ID='inout_data_ingestion' AIRFLOW_CTX_TASK_ID='create_table' AIRFLOW_CTX_EXECUTION_DATE='2024-09-29T04:00:00+00:00' AIRFLOW_CTX_TRY_NUMBER='1' AIRFLOW_CTX_DAG_RUN_ID='scheduled__2024-09-29T04:00:00+00:00'
[2025-03-30T11:40:15.725+0000] {logging_mixin.py:188} INFO - Successfully connected to MariaDB: INOUT on mariadb:3306
[2025-03-30T11:40:15.726+0000] {inout_data.py:46} INFO - Table emp_inout_rec created (if it didn't exist).
[2025-03-30T11:40:15.727+0000] {logging_mixin.py:188} INFO - MariaDB connection closed.
[2025-03-30T11:40:15.728+0000] {python.py:202} INFO - Done. Returned value was: None
[2025-03-30T11:40:15.740+0000] {taskinstance.py:1149} INFO - Marking task as SUCCESS. dag_id=inout_data_ingestion, task_id=create_table, execution_date=20240929T040000, start_date=20250330T114015, end_date=20250330T114015
[2025-03-30T11:40:15.776+0000] {local_task_job_runner.py:234} INFO - Task exited with return code 0
[2025-03-30T11:40:15.791+0000] {taskinstance.py:3309} INFO - 1 downstream tasks scheduled from follow-on schedule check
