[2025-03-30T11:10:12.813+0000] {taskinstance.py:1979} INFO - Dependencies all met for dep_context=non-requeueable deps ti=<TaskInstance: inout_data_ingestion.create_table scheduled__2024-10-01T18:30:00+00:00 [queued]>
[2025-03-30T11:10:12.823+0000] {taskinstance.py:1979} INFO - Dependencies all met for dep_context=requeueable deps ti=<TaskInstance: inout_data_ingestion.create_table scheduled__2024-10-01T18:30:00+00:00 [queued]>
[2025-03-30T11:10:12.823+0000] {taskinstance.py:2193} INFO - Starting attempt 1 of 2
[2025-03-30T11:10:12.838+0000] {taskinstance.py:2214} INFO - Executing <Task(PythonOperator): create_table> on 2024-10-01 18:30:00+00:00
[2025-03-30T11:10:12.844+0000] {standard_task_runner.py:60} INFO - Started process 628 to run task
[2025-03-30T11:10:12.850+0000] {standard_task_runner.py:87} INFO - Running: ['***', 'tasks', 'run', 'inout_data_ingestion', 'create_table', 'scheduled__2024-10-01T18:30:00+00:00', '--job-id', '288', '--raw', '--subdir', 'DAGS_FOLDER/inout_data.py', '--cfg-path', '/tmp/tmp66fec6yn']
[2025-03-30T11:10:12.852+0000] {standard_task_runner.py:88} INFO - Job 288: Subtask create_table
[2025-03-30T11:10:12.865+0000] {warnings.py:109} WARNING - /home/***/.local/lib/python3.8/site-packages/***/settings.py:194: DeprecationWarning: The sql_alchemy_conn option in [core] has been moved to the sql_alchemy_conn option in [database] - the old setting has been used, but please update your config.
  SQL_ALCHEMY_CONN = conf.get("database", "SQL_ALCHEMY_CONN")

[2025-03-30T11:10:12.893+0000] {task_command.py:423} INFO - Running <TaskInstance: inout_data_ingestion.create_table scheduled__2024-10-01T18:30:00+00:00 [running]> on host ff9d64b065e6
[2025-03-30T11:10:12.941+0000] {taskinstance.py:2510} INFO - Exporting env vars: AIRFLOW_CTX_DAG_OWNER='***' AIRFLOW_CTX_DAG_ID='inout_data_ingestion' AIRFLOW_CTX_TASK_ID='create_table' AIRFLOW_CTX_EXECUTION_DATE='2024-10-01T18:30:00+00:00' AIRFLOW_CTX_TRY_NUMBER='1' AIRFLOW_CTX_DAG_RUN_ID='scheduled__2024-10-01T18:30:00+00:00'
[2025-03-30T11:10:12.947+0000] {inout_data.py:42} INFO - Successfully connected to MariaDB: INOUT on mariadb:3306
[2025-03-30T11:10:12.949+0000] {inout_data.py:124} INFO - Table emp_inout_rec created (if it didn't exist).
[2025-03-30T11:10:12.949+0000] {inout_data.py:78} INFO - MariaDB connection closed.
[2025-03-30T11:10:12.949+0000] {python.py:202} INFO - Done. Returned value was: None
[2025-03-30T11:10:12.954+0000] {taskinstance.py:1149} INFO - Marking task as SUCCESS. dag_id=inout_data_ingestion, task_id=create_table, execution_date=20241001T183000, start_date=20250330T111012, end_date=20250330T111012
[2025-03-30T11:10:12.991+0000] {local_task_job_runner.py:234} INFO - Task exited with return code 0
[2025-03-30T11:10:13.005+0000] {taskinstance.py:3309} INFO - 1 downstream tasks scheduled from follow-on schedule check
[2025-03-30T11:16:53.352+0000] {taskinstance.py:1979} INFO - Dependencies all met for dep_context=non-requeueable deps ti=<TaskInstance: inout_data_ingestion.create_table scheduled__2024-10-01T18:30:00+00:00 [queued]>
[2025-03-30T11:16:53.369+0000] {taskinstance.py:1979} INFO - Dependencies all met for dep_context=requeueable deps ti=<TaskInstance: inout_data_ingestion.create_table scheduled__2024-10-01T18:30:00+00:00 [queued]>
[2025-03-30T11:16:53.370+0000] {taskinstance.py:2193} INFO - Starting attempt 1 of 2
[2025-03-30T11:16:53.393+0000] {taskinstance.py:2214} INFO - Executing <Task(PythonOperator): create_table> on 2024-10-01 18:30:00+00:00
[2025-03-30T11:16:53.400+0000] {standard_task_runner.py:60} INFO - Started process 2485 to run task
[2025-03-30T11:16:53.418+0000] {standard_task_runner.py:87} INFO - Running: ['***', 'tasks', 'run', 'inout_data_ingestion', 'create_table', 'scheduled__2024-10-01T18:30:00+00:00', '--job-id', '1217', '--raw', '--subdir', 'DAGS_FOLDER/inout_data.py', '--cfg-path', '/tmp/tmpihk19skp']
[2025-03-30T11:16:53.419+0000] {standard_task_runner.py:88} INFO - Job 1217: Subtask create_table
[2025-03-30T11:16:53.435+0000] {warnings.py:109} WARNING - /home/***/.local/lib/python3.8/site-packages/***/settings.py:194: DeprecationWarning: The sql_alchemy_conn option in [core] has been moved to the sql_alchemy_conn option in [database] - the old setting has been used, but please update your config.
  SQL_ALCHEMY_CONN = conf.get("database", "SQL_ALCHEMY_CONN")

[2025-03-30T11:16:53.488+0000] {task_command.py:423} INFO - Running <TaskInstance: inout_data_ingestion.create_table scheduled__2024-10-01T18:30:00+00:00 [running]> on host ff9d64b065e6
[2025-03-30T11:16:53.627+0000] {taskinstance.py:2510} INFO - Exporting env vars: AIRFLOW_CTX_DAG_OWNER='***' AIRFLOW_CTX_DAG_ID='inout_data_ingestion' AIRFLOW_CTX_TASK_ID='create_table' AIRFLOW_CTX_EXECUTION_DATE='2024-10-01T18:30:00+00:00' AIRFLOW_CTX_TRY_NUMBER='1' AIRFLOW_CTX_DAG_RUN_ID='scheduled__2024-10-01T18:30:00+00:00'
[2025-03-30T11:16:53.646+0000] {inout_data.py:42} INFO - Successfully connected to MariaDB: INOUT on mariadb:3306
[2025-03-30T11:16:53.649+0000] {inout_data.py:117} INFO - Table emp_inout_rec created (if it didn't exist).
[2025-03-30T11:16:53.652+0000] {inout_data.py:78} INFO - MariaDB connection closed.
[2025-03-30T11:16:53.659+0000] {python.py:202} INFO - Done. Returned value was: None
[2025-03-30T11:16:53.694+0000] {taskinstance.py:1149} INFO - Marking task as SUCCESS. dag_id=inout_data_ingestion, task_id=create_table, execution_date=20241001T183000, start_date=20250330T111653, end_date=20250330T111653
[2025-03-30T11:16:53.725+0000] {local_task_job_runner.py:234} INFO - Task exited with return code 0
[2025-03-30T11:16:53.781+0000] {taskinstance.py:3309} INFO - 1 downstream tasks scheduled from follow-on schedule check
[2025-03-30T11:29:22.717+0000] {taskinstance.py:1979} INFO - Dependencies all met for dep_context=non-requeueable deps ti=<TaskInstance: inout_data_ingestion.create_table scheduled__2024-10-01T18:30:00+00:00 [queued]>
[2025-03-30T11:29:22.725+0000] {taskinstance.py:1979} INFO - Dependencies all met for dep_context=requeueable deps ti=<TaskInstance: inout_data_ingestion.create_table scheduled__2024-10-01T18:30:00+00:00 [queued]>
[2025-03-30T11:29:22.726+0000] {taskinstance.py:2193} INFO - Starting attempt 1 of 2
[2025-03-30T11:29:22.736+0000] {taskinstance.py:2214} INFO - Executing <Task(PythonOperator): create_table> on 2024-10-01 18:30:00+00:00
[2025-03-30T11:29:22.740+0000] {standard_task_runner.py:60} INFO - Started process 4400 to run task
[2025-03-30T11:29:22.743+0000] {standard_task_runner.py:87} INFO - Running: ['***', 'tasks', 'run', 'inout_data_ingestion', 'create_table', 'scheduled__2024-10-01T18:30:00+00:00', '--job-id', '2174', '--raw', '--subdir', 'DAGS_FOLDER/inout_data.py', '--cfg-path', '/tmp/tmp3s66ivr4']
[2025-03-30T11:29:22.745+0000] {standard_task_runner.py:88} INFO - Job 2174: Subtask create_table
[2025-03-30T11:29:22.765+0000] {warnings.py:109} WARNING - /home/***/.local/lib/python3.8/site-packages/***/settings.py:194: DeprecationWarning: The sql_alchemy_conn option in [core] has been moved to the sql_alchemy_conn option in [database] - the old setting has been used, but please update your config.
  SQL_ALCHEMY_CONN = conf.get("database", "SQL_ALCHEMY_CONN")

[2025-03-30T11:29:22.800+0000] {task_command.py:423} INFO - Running <TaskInstance: inout_data_ingestion.create_table scheduled__2024-10-01T18:30:00+00:00 [running]> on host ff9d64b065e6
[2025-03-30T11:29:22.873+0000] {taskinstance.py:2510} INFO - Exporting env vars: AIRFLOW_CTX_DAG_OWNER='***' AIRFLOW_CTX_DAG_ID='inout_data_ingestion' AIRFLOW_CTX_TASK_ID='create_table' AIRFLOW_CTX_EXECUTION_DATE='2024-10-01T18:30:00+00:00' AIRFLOW_CTX_TRY_NUMBER='1' AIRFLOW_CTX_DAG_RUN_ID='scheduled__2024-10-01T18:30:00+00:00'
[2025-03-30T11:29:22.879+0000] {logging_mixin.py:188} INFO - Successfully connected to MariaDB: INOUT on mariadb:3306
[2025-03-30T11:29:22.882+0000] {inout_data.py:46} INFO - Table emp_inout_rec created (if it didn't exist).
[2025-03-30T11:29:22.882+0000] {logging_mixin.py:188} INFO - MariaDB connection closed.
[2025-03-30T11:29:22.883+0000] {python.py:202} INFO - Done. Returned value was: None
[2025-03-30T11:29:22.893+0000] {taskinstance.py:1149} INFO - Marking task as SUCCESS. dag_id=inout_data_ingestion, task_id=create_table, execution_date=20241001T183000, start_date=20250330T112922, end_date=20250330T112922
[2025-03-30T11:29:22.923+0000] {local_task_job_runner.py:234} INFO - Task exited with return code 0
[2025-03-30T11:29:22.937+0000] {taskinstance.py:3309} INFO - 1 downstream tasks scheduled from follow-on schedule check
[2025-03-30T11:34:11.261+0000] {taskinstance.py:1979} INFO - Dependencies all met for dep_context=non-requeueable deps ti=<TaskInstance: inout_data_ingestion.create_table scheduled__2024-10-01T18:30:00+00:00 [queued]>
[2025-03-30T11:34:11.274+0000] {taskinstance.py:1979} INFO - Dependencies all met for dep_context=requeueable deps ti=<TaskInstance: inout_data_ingestion.create_table scheduled__2024-10-01T18:30:00+00:00 [queued]>
[2025-03-30T11:34:11.275+0000] {taskinstance.py:2193} INFO - Starting attempt 1 of 2
[2025-03-30T11:34:11.299+0000] {taskinstance.py:2214} INFO - Executing <Task(PythonOperator): create_table> on 2024-10-01 18:30:00+00:00
[2025-03-30T11:34:11.308+0000] {standard_task_runner.py:60} INFO - Started process 5856 to run task
[2025-03-30T11:34:11.316+0000] {standard_task_runner.py:87} INFO - Running: ['***', 'tasks', 'run', 'inout_data_ingestion', 'create_table', 'scheduled__2024-10-01T18:30:00+00:00', '--job-id', '2903', '--raw', '--subdir', 'DAGS_FOLDER/inout_data.py', '--cfg-path', '/tmp/tmpa3bvrt5k']
[2025-03-30T11:34:11.318+0000] {standard_task_runner.py:88} INFO - Job 2903: Subtask create_table
[2025-03-30T11:34:11.346+0000] {warnings.py:109} WARNING - /home/***/.local/lib/python3.8/site-packages/***/settings.py:194: DeprecationWarning: The sql_alchemy_conn option in [core] has been moved to the sql_alchemy_conn option in [database] - the old setting has been used, but please update your config.
  SQL_ALCHEMY_CONN = conf.get("database", "SQL_ALCHEMY_CONN")

[2025-03-30T11:34:11.404+0000] {task_command.py:423} INFO - Running <TaskInstance: inout_data_ingestion.create_table scheduled__2024-10-01T18:30:00+00:00 [running]> on host ff9d64b065e6
[2025-03-30T11:34:11.472+0000] {taskinstance.py:2510} INFO - Exporting env vars: AIRFLOW_CTX_DAG_OWNER='***' AIRFLOW_CTX_DAG_ID='inout_data_ingestion' AIRFLOW_CTX_TASK_ID='create_table' AIRFLOW_CTX_EXECUTION_DATE='2024-10-01T18:30:00+00:00' AIRFLOW_CTX_TRY_NUMBER='1' AIRFLOW_CTX_DAG_RUN_ID='scheduled__2024-10-01T18:30:00+00:00'
[2025-03-30T11:34:11.481+0000] {logging_mixin.py:188} INFO - Successfully connected to MariaDB: INOUT on mariadb:3306
[2025-03-30T11:34:11.482+0000] {inout_data.py:46} INFO - Table emp_inout_rec created (if it didn't exist).
[2025-03-30T11:34:11.483+0000] {logging_mixin.py:188} INFO - MariaDB connection closed.
[2025-03-30T11:34:11.483+0000] {python.py:202} INFO - Done. Returned value was: None
[2025-03-30T11:34:11.492+0000] {taskinstance.py:1149} INFO - Marking task as SUCCESS. dag_id=inout_data_ingestion, task_id=create_table, execution_date=20241001T183000, start_date=20250330T113411, end_date=20250330T113411
[2025-03-30T11:34:11.544+0000] {local_task_job_runner.py:234} INFO - Task exited with return code 0
[2025-03-30T11:34:11.572+0000] {taskinstance.py:3309} INFO - 1 downstream tasks scheduled from follow-on schedule check
[2025-03-30T11:41:48.899+0000] {taskinstance.py:1979} INFO - Dependencies all met for dep_context=non-requeueable deps ti=<TaskInstance: inout_data_ingestion.create_table scheduled__2024-10-01T18:30:00+00:00 [queued]>
[2025-03-30T11:41:48.923+0000] {taskinstance.py:1979} INFO - Dependencies all met for dep_context=requeueable deps ti=<TaskInstance: inout_data_ingestion.create_table scheduled__2024-10-01T18:30:00+00:00 [queued]>
[2025-03-30T11:41:48.926+0000] {taskinstance.py:2193} INFO - Starting attempt 1 of 2
[2025-03-30T11:41:48.983+0000] {taskinstance.py:2214} INFO - Executing <Task(PythonOperator): create_table> on 2024-10-01 18:30:00+00:00
[2025-03-30T11:41:48.998+0000] {standard_task_runner.py:60} INFO - Started process 7198 to run task
[2025-03-30T11:41:49.012+0000] {standard_task_runner.py:87} INFO - Running: ['***', 'tasks', 'run', 'inout_data_ingestion', 'create_table', 'scheduled__2024-10-01T18:30:00+00:00', '--job-id', '3573', '--raw', '--subdir', 'DAGS_FOLDER/inout_data.py', '--cfg-path', '/tmp/tmph8hsjpiq']
[2025-03-30T11:41:49.015+0000] {standard_task_runner.py:88} INFO - Job 3573: Subtask create_table
[2025-03-30T11:41:49.063+0000] {warnings.py:109} WARNING - /home/***/.local/lib/python3.8/site-packages/***/settings.py:194: DeprecationWarning: The sql_alchemy_conn option in [core] has been moved to the sql_alchemy_conn option in [database] - the old setting has been used, but please update your config.
  SQL_ALCHEMY_CONN = conf.get("database", "SQL_ALCHEMY_CONN")

[2025-03-30T11:41:49.178+0000] {task_command.py:423} INFO - Running <TaskInstance: inout_data_ingestion.create_table scheduled__2024-10-01T18:30:00+00:00 [running]> on host ff9d64b065e6
[2025-03-30T11:41:49.387+0000] {taskinstance.py:2510} INFO - Exporting env vars: AIRFLOW_CTX_DAG_OWNER='***' AIRFLOW_CTX_DAG_ID='inout_data_ingestion' AIRFLOW_CTX_TASK_ID='create_table' AIRFLOW_CTX_EXECUTION_DATE='2024-10-01T18:30:00+00:00' AIRFLOW_CTX_TRY_NUMBER='1' AIRFLOW_CTX_DAG_RUN_ID='scheduled__2024-10-01T18:30:00+00:00'
[2025-03-30T11:41:49.395+0000] {logging_mixin.py:188} INFO - Successfully connected to MariaDB: INOUT on mariadb:3306
[2025-03-30T11:41:49.397+0000] {inout_data.py:46} INFO - Table emp_inout_rec created (if it didn't exist).
[2025-03-30T11:41:49.398+0000] {logging_mixin.py:188} INFO - MariaDB connection closed.
[2025-03-30T11:41:49.399+0000] {python.py:202} INFO - Done. Returned value was: None
[2025-03-30T11:41:49.425+0000] {taskinstance.py:1149} INFO - Marking task as SUCCESS. dag_id=inout_data_ingestion, task_id=create_table, execution_date=20241001T183000, start_date=20250330T114148, end_date=20250330T114149
[2025-03-30T11:41:49.526+0000] {local_task_job_runner.py:234} INFO - Task exited with return code 0
[2025-03-30T11:41:49.633+0000] {taskinstance.py:3309} INFO - 1 downstream tasks scheduled from follow-on schedule check
