[2025-03-30T11:12:37.727+0000] {taskinstance.py:1979} INFO - Dependencies all met for dep_context=non-requeueable deps ti=<TaskInstance: inout_data_ingestion.create_table scheduled__2024-10-05T23:00:00+00:00 [queued]>
[2025-03-30T11:12:37.738+0000] {taskinstance.py:1979} INFO - Dependencies all met for dep_context=requeueable deps ti=<TaskInstance: inout_data_ingestion.create_table scheduled__2024-10-05T23:00:00+00:00 [queued]>
[2025-03-30T11:12:37.738+0000] {taskinstance.py:2193} INFO - Starting attempt 1 of 2
[2025-03-30T11:12:37.752+0000] {taskinstance.py:2214} INFO - Executing <Task(PythonOperator): create_table> on 2024-10-05 23:00:00+00:00
[2025-03-30T11:12:37.757+0000] {standard_task_runner.py:60} INFO - Started process 1434 to run task
[2025-03-30T11:12:37.760+0000] {standard_task_runner.py:87} INFO - Running: ['***', 'tasks', 'run', 'inout_data_ingestion', 'create_table', 'scheduled__2024-10-05T23:00:00+00:00', '--job-id', '691', '--raw', '--subdir', 'DAGS_FOLDER/inout_data.py', '--cfg-path', '/tmp/tmp2q1jelqi']
[2025-03-30T11:12:37.762+0000] {standard_task_runner.py:88} INFO - Job 691: Subtask create_table
[2025-03-30T11:12:37.791+0000] {warnings.py:109} WARNING - /home/***/.local/lib/python3.8/site-packages/***/settings.py:194: DeprecationWarning: The sql_alchemy_conn option in [core] has been moved to the sql_alchemy_conn option in [database] - the old setting has been used, but please update your config.
  SQL_ALCHEMY_CONN = conf.get("database", "SQL_ALCHEMY_CONN")

[2025-03-30T11:12:37.865+0000] {task_command.py:423} INFO - Running <TaskInstance: inout_data_ingestion.create_table scheduled__2024-10-05T23:00:00+00:00 [running]> on host ff9d64b065e6
[2025-03-30T11:12:37.959+0000] {taskinstance.py:2510} INFO - Exporting env vars: AIRFLOW_CTX_DAG_OWNER='***' AIRFLOW_CTX_DAG_ID='inout_data_ingestion' AIRFLOW_CTX_TASK_ID='create_table' AIRFLOW_CTX_EXECUTION_DATE='2024-10-05T23:00:00+00:00' AIRFLOW_CTX_TRY_NUMBER='1' AIRFLOW_CTX_DAG_RUN_ID='scheduled__2024-10-05T23:00:00+00:00'
[2025-03-30T11:12:37.966+0000] {inout_data.py:42} INFO - Successfully connected to MariaDB: INOUT on mariadb:3306
[2025-03-30T11:12:37.967+0000] {inout_data.py:124} INFO - Table emp_inout_rec created (if it didn't exist).
[2025-03-30T11:12:37.969+0000] {inout_data.py:78} INFO - MariaDB connection closed.
[2025-03-30T11:12:37.969+0000] {python.py:202} INFO - Done. Returned value was: None
[2025-03-30T11:12:37.980+0000] {taskinstance.py:1149} INFO - Marking task as SUCCESS. dag_id=inout_data_ingestion, task_id=create_table, execution_date=20241005T230000, start_date=20250330T111237, end_date=20250330T111237
[2025-03-30T11:12:38.024+0000] {local_task_job_runner.py:234} INFO - Task exited with return code 0
[2025-03-30T11:12:38.059+0000] {taskinstance.py:3309} INFO - 0 downstream tasks scheduled from follow-on schedule check
[2025-03-30T11:19:12.928+0000] {taskinstance.py:1979} INFO - Dependencies all met for dep_context=non-requeueable deps ti=<TaskInstance: inout_data_ingestion.create_table scheduled__2024-10-05T23:00:00+00:00 [queued]>
[2025-03-30T11:19:12.950+0000] {taskinstance.py:1979} INFO - Dependencies all met for dep_context=requeueable deps ti=<TaskInstance: inout_data_ingestion.create_table scheduled__2024-10-05T23:00:00+00:00 [queued]>
[2025-03-30T11:19:12.951+0000] {taskinstance.py:2193} INFO - Starting attempt 1 of 2
[2025-03-30T11:19:12.975+0000] {taskinstance.py:2214} INFO - Executing <Task(PythonOperator): create_table> on 2024-10-05 23:00:00+00:00
[2025-03-30T11:19:12.983+0000] {standard_task_runner.py:60} INFO - Started process 3286 to run task
[2025-03-30T11:19:12.989+0000] {standard_task_runner.py:87} INFO - Running: ['***', 'tasks', 'run', 'inout_data_ingestion', 'create_table', 'scheduled__2024-10-05T23:00:00+00:00', '--job-id', '1618', '--raw', '--subdir', 'DAGS_FOLDER/inout_data.py', '--cfg-path', '/tmp/tmp66n5ip01']
[2025-03-30T11:19:12.990+0000] {standard_task_runner.py:88} INFO - Job 1618: Subtask create_table
[2025-03-30T11:19:13.003+0000] {warnings.py:109} WARNING - /home/***/.local/lib/python3.8/site-packages/***/settings.py:194: DeprecationWarning: The sql_alchemy_conn option in [core] has been moved to the sql_alchemy_conn option in [database] - the old setting has been used, but please update your config.
  SQL_ALCHEMY_CONN = conf.get("database", "SQL_ALCHEMY_CONN")

[2025-03-30T11:19:13.087+0000] {task_command.py:423} INFO - Running <TaskInstance: inout_data_ingestion.create_table scheduled__2024-10-05T23:00:00+00:00 [running]> on host ff9d64b065e6
[2025-03-30T11:19:13.208+0000] {taskinstance.py:2510} INFO - Exporting env vars: AIRFLOW_CTX_DAG_OWNER='***' AIRFLOW_CTX_DAG_ID='inout_data_ingestion' AIRFLOW_CTX_TASK_ID='create_table' AIRFLOW_CTX_EXECUTION_DATE='2024-10-05T23:00:00+00:00' AIRFLOW_CTX_TRY_NUMBER='1' AIRFLOW_CTX_DAG_RUN_ID='scheduled__2024-10-05T23:00:00+00:00'
[2025-03-30T11:19:13.211+0000] {inout_data.py:42} INFO - Successfully connected to MariaDB: INOUT on mariadb:3306
[2025-03-30T11:19:13.212+0000] {inout_data.py:117} INFO - Table emp_inout_rec created (if it didn't exist).
[2025-03-30T11:19:13.212+0000] {inout_data.py:78} INFO - MariaDB connection closed.
[2025-03-30T11:19:13.213+0000] {python.py:202} INFO - Done. Returned value was: None
[2025-03-30T11:19:13.223+0000] {taskinstance.py:1149} INFO - Marking task as SUCCESS. dag_id=inout_data_ingestion, task_id=create_table, execution_date=20241005T230000, start_date=20250330T111912, end_date=20250330T111913
[2025-03-30T11:19:13.254+0000] {local_task_job_runner.py:234} INFO - Task exited with return code 0
[2025-03-30T11:19:13.285+0000] {taskinstance.py:3309} INFO - 1 downstream tasks scheduled from follow-on schedule check
[2025-03-30T11:31:24.258+0000] {taskinstance.py:1979} INFO - Dependencies all met for dep_context=non-requeueable deps ti=<TaskInstance: inout_data_ingestion.create_table scheduled__2024-10-05T23:00:00+00:00 [queued]>
[2025-03-30T11:31:24.267+0000] {taskinstance.py:1979} INFO - Dependencies all met for dep_context=requeueable deps ti=<TaskInstance: inout_data_ingestion.create_table scheduled__2024-10-05T23:00:00+00:00 [queued]>
[2025-03-30T11:31:24.269+0000] {taskinstance.py:2193} INFO - Starting attempt 1 of 2
[2025-03-30T11:31:24.282+0000] {taskinstance.py:2214} INFO - Executing <Task(PythonOperator): create_table> on 2024-10-05 23:00:00+00:00
[2025-03-30T11:31:24.286+0000] {standard_task_runner.py:60} INFO - Started process 5211 to run task
[2025-03-30T11:31:24.291+0000] {standard_task_runner.py:87} INFO - Running: ['***', 'tasks', 'run', 'inout_data_ingestion', 'create_table', 'scheduled__2024-10-05T23:00:00+00:00', '--job-id', '2580', '--raw', '--subdir', 'DAGS_FOLDER/inout_data.py', '--cfg-path', '/tmp/tmpztai2auc']
[2025-03-30T11:31:24.294+0000] {standard_task_runner.py:88} INFO - Job 2580: Subtask create_table
[2025-03-30T11:31:24.310+0000] {warnings.py:109} WARNING - /home/***/.local/lib/python3.8/site-packages/***/settings.py:194: DeprecationWarning: The sql_alchemy_conn option in [core] has been moved to the sql_alchemy_conn option in [database] - the old setting has been used, but please update your config.
  SQL_ALCHEMY_CONN = conf.get("database", "SQL_ALCHEMY_CONN")

[2025-03-30T11:31:24.365+0000] {task_command.py:423} INFO - Running <TaskInstance: inout_data_ingestion.create_table scheduled__2024-10-05T23:00:00+00:00 [running]> on host ff9d64b065e6
[2025-03-30T11:31:24.516+0000] {taskinstance.py:2510} INFO - Exporting env vars: AIRFLOW_CTX_DAG_OWNER='***' AIRFLOW_CTX_DAG_ID='inout_data_ingestion' AIRFLOW_CTX_TASK_ID='create_table' AIRFLOW_CTX_EXECUTION_DATE='2024-10-05T23:00:00+00:00' AIRFLOW_CTX_TRY_NUMBER='1' AIRFLOW_CTX_DAG_RUN_ID='scheduled__2024-10-05T23:00:00+00:00'
[2025-03-30T11:31:24.523+0000] {logging_mixin.py:188} INFO - Successfully connected to MariaDB: INOUT on mariadb:3306
[2025-03-30T11:31:24.526+0000] {inout_data.py:46} INFO - Table emp_inout_rec created (if it didn't exist).
[2025-03-30T11:31:24.527+0000] {logging_mixin.py:188} INFO - MariaDB connection closed.
[2025-03-30T11:31:24.528+0000] {python.py:202} INFO - Done. Returned value was: None
[2025-03-30T11:31:24.540+0000] {taskinstance.py:1149} INFO - Marking task as SUCCESS. dag_id=inout_data_ingestion, task_id=create_table, execution_date=20241005T230000, start_date=20250330T113124, end_date=20250330T113124
[2025-03-30T11:31:24.595+0000] {local_task_job_runner.py:234} INFO - Task exited with return code 0
[2025-03-30T11:31:24.628+0000] {taskinstance.py:3309} INFO - 1 downstream tasks scheduled from follow-on schedule check
