[2025-03-30T11:12:52.266+0000] {taskinstance.py:1979} INFO - Dependencies all met for dep_context=non-requeueable deps ti=<TaskInstance: inout_data_ingestion.create_table scheduled__2024-10-06T09:30:00+00:00 [queued]>
[2025-03-30T11:12:52.277+0000] {taskinstance.py:1979} INFO - Dependencies all met for dep_context=requeueable deps ti=<TaskInstance: inout_data_ingestion.create_table scheduled__2024-10-06T09:30:00+00:00 [queued]>
[2025-03-30T11:12:52.278+0000] {taskinstance.py:2193} INFO - Starting attempt 1 of 2
[2025-03-30T11:12:52.298+0000] {taskinstance.py:2214} INFO - Executing <Task(PythonOperator): create_table> on 2024-10-06 09:30:00+00:00
[2025-03-30T11:12:52.302+0000] {standard_task_runner.py:60} INFO - Started process 1520 to run task
[2025-03-30T11:12:52.310+0000] {standard_task_runner.py:87} INFO - Running: ['***', 'tasks', 'run', 'inout_data_ingestion', 'create_table', 'scheduled__2024-10-06T09:30:00+00:00', '--job-id', '734', '--raw', '--subdir', 'DAGS_FOLDER/inout_data.py', '--cfg-path', '/tmp/tmp5k3ifacp']
[2025-03-30T11:12:52.416+0000] {standard_task_runner.py:88} INFO - Job 734: Subtask create_table
[2025-03-30T11:12:52.465+0000] {warnings.py:109} WARNING - /home/***/.local/lib/python3.8/site-packages/***/settings.py:194: DeprecationWarning: The sql_alchemy_conn option in [core] has been moved to the sql_alchemy_conn option in [database] - the old setting has been used, but please update your config.
  SQL_ALCHEMY_CONN = conf.get("database", "SQL_ALCHEMY_CONN")

[2025-03-30T11:12:52.573+0000] {task_command.py:423} INFO - Running <TaskInstance: inout_data_ingestion.create_table scheduled__2024-10-06T09:30:00+00:00 [running]> on host ff9d64b065e6
[2025-03-30T11:12:52.750+0000] {taskinstance.py:2510} INFO - Exporting env vars: AIRFLOW_CTX_DAG_OWNER='***' AIRFLOW_CTX_DAG_ID='inout_data_ingestion' AIRFLOW_CTX_TASK_ID='create_table' AIRFLOW_CTX_EXECUTION_DATE='2024-10-06T09:30:00+00:00' AIRFLOW_CTX_TRY_NUMBER='1' AIRFLOW_CTX_DAG_RUN_ID='scheduled__2024-10-06T09:30:00+00:00'
[2025-03-30T11:12:52.765+0000] {inout_data.py:42} INFO - Successfully connected to MariaDB: INOUT on mariadb:3306
[2025-03-30T11:12:52.768+0000] {inout_data.py:124} INFO - Table emp_inout_rec created (if it didn't exist).
[2025-03-30T11:12:52.770+0000] {inout_data.py:78} INFO - MariaDB connection closed.
[2025-03-30T11:12:52.777+0000] {python.py:202} INFO - Done. Returned value was: None
[2025-03-30T11:12:52.795+0000] {taskinstance.py:1149} INFO - Marking task as SUCCESS. dag_id=inout_data_ingestion, task_id=create_table, execution_date=20241006T093000, start_date=20250330T111252, end_date=20250330T111252
[2025-03-30T11:12:52.862+0000] {local_task_job_runner.py:234} INFO - Task exited with return code 0
[2025-03-30T11:12:52.906+0000] {taskinstance.py:3309} INFO - 1 downstream tasks scheduled from follow-on schedule check
[2025-03-30T11:19:32.907+0000] {taskinstance.py:1979} INFO - Dependencies all met for dep_context=non-requeueable deps ti=<TaskInstance: inout_data_ingestion.create_table scheduled__2024-10-06T09:30:00+00:00 [queued]>
[2025-03-30T11:19:32.920+0000] {taskinstance.py:1979} INFO - Dependencies all met for dep_context=requeueable deps ti=<TaskInstance: inout_data_ingestion.create_table scheduled__2024-10-06T09:30:00+00:00 [queued]>
[2025-03-30T11:19:32.921+0000] {taskinstance.py:2193} INFO - Starting attempt 1 of 2
[2025-03-30T11:19:32.947+0000] {taskinstance.py:2214} INFO - Executing <Task(PythonOperator): create_table> on 2024-10-06 09:30:00+00:00
[2025-03-30T11:19:32.954+0000] {standard_task_runner.py:60} INFO - Started process 3374 to run task
[2025-03-30T11:19:32.971+0000] {standard_task_runner.py:87} INFO - Running: ['***', 'tasks', 'run', 'inout_data_ingestion', 'create_table', 'scheduled__2024-10-06T09:30:00+00:00', '--job-id', '1661', '--raw', '--subdir', 'DAGS_FOLDER/inout_data.py', '--cfg-path', '/tmp/tmpyfhfxmdr']
[2025-03-30T11:19:32.974+0000] {standard_task_runner.py:88} INFO - Job 1661: Subtask create_table
[2025-03-30T11:19:32.999+0000] {warnings.py:109} WARNING - /home/***/.local/lib/python3.8/site-packages/***/settings.py:194: DeprecationWarning: The sql_alchemy_conn option in [core] has been moved to the sql_alchemy_conn option in [database] - the old setting has been used, but please update your config.
  SQL_ALCHEMY_CONN = conf.get("database", "SQL_ALCHEMY_CONN")

[2025-03-30T11:19:33.047+0000] {task_command.py:423} INFO - Running <TaskInstance: inout_data_ingestion.create_table scheduled__2024-10-06T09:30:00+00:00 [running]> on host ff9d64b065e6
[2025-03-30T11:19:33.160+0000] {taskinstance.py:2510} INFO - Exporting env vars: AIRFLOW_CTX_DAG_OWNER='***' AIRFLOW_CTX_DAG_ID='inout_data_ingestion' AIRFLOW_CTX_TASK_ID='create_table' AIRFLOW_CTX_EXECUTION_DATE='2024-10-06T09:30:00+00:00' AIRFLOW_CTX_TRY_NUMBER='1' AIRFLOW_CTX_DAG_RUN_ID='scheduled__2024-10-06T09:30:00+00:00'
[2025-03-30T11:19:33.169+0000] {inout_data.py:42} INFO - Successfully connected to MariaDB: INOUT on mariadb:3306
[2025-03-30T11:19:33.172+0000] {inout_data.py:117} INFO - Table emp_inout_rec created (if it didn't exist).
[2025-03-30T11:19:33.173+0000] {inout_data.py:78} INFO - MariaDB connection closed.
[2025-03-30T11:19:33.174+0000] {python.py:202} INFO - Done. Returned value was: None
[2025-03-30T11:19:33.191+0000] {taskinstance.py:1149} INFO - Marking task as SUCCESS. dag_id=inout_data_ingestion, task_id=create_table, execution_date=20241006T093000, start_date=20250330T111932, end_date=20250330T111933
[2025-03-30T11:19:33.280+0000] {local_task_job_runner.py:234} INFO - Task exited with return code 0
[2025-03-30T11:19:33.332+0000] {taskinstance.py:3309} INFO - 1 downstream tasks scheduled from follow-on schedule check
[2025-03-30T11:31:37.946+0000] {taskinstance.py:1979} INFO - Dependencies all met for dep_context=non-requeueable deps ti=<TaskInstance: inout_data_ingestion.create_table scheduled__2024-10-06T09:30:00+00:00 [queued]>
[2025-03-30T11:31:37.967+0000] {taskinstance.py:1979} INFO - Dependencies all met for dep_context=requeueable deps ti=<TaskInstance: inout_data_ingestion.create_table scheduled__2024-10-06T09:30:00+00:00 [queued]>
[2025-03-30T11:31:37.969+0000] {taskinstance.py:2193} INFO - Starting attempt 1 of 2
[2025-03-30T11:31:37.992+0000] {taskinstance.py:2214} INFO - Executing <Task(PythonOperator): create_table> on 2024-10-06 09:30:00+00:00
[2025-03-30T11:31:37.997+0000] {standard_task_runner.py:60} INFO - Started process 5291 to run task
[2025-03-30T11:31:38.001+0000] {standard_task_runner.py:87} INFO - Running: ['***', 'tasks', 'run', 'inout_data_ingestion', 'create_table', 'scheduled__2024-10-06T09:30:00+00:00', '--job-id', '2620', '--raw', '--subdir', 'DAGS_FOLDER/inout_data.py', '--cfg-path', '/tmp/tmp4zb5p2ve']
[2025-03-30T11:31:38.007+0000] {standard_task_runner.py:88} INFO - Job 2620: Subtask create_table
[2025-03-30T11:31:38.019+0000] {warnings.py:109} WARNING - /home/***/.local/lib/python3.8/site-packages/***/settings.py:194: DeprecationWarning: The sql_alchemy_conn option in [core] has been moved to the sql_alchemy_conn option in [database] - the old setting has been used, but please update your config.
  SQL_ALCHEMY_CONN = conf.get("database", "SQL_ALCHEMY_CONN")

[2025-03-30T11:31:38.055+0000] {task_command.py:423} INFO - Running <TaskInstance: inout_data_ingestion.create_table scheduled__2024-10-06T09:30:00+00:00 [running]> on host ff9d64b065e6
[2025-03-30T11:31:38.142+0000] {taskinstance.py:2510} INFO - Exporting env vars: AIRFLOW_CTX_DAG_OWNER='***' AIRFLOW_CTX_DAG_ID='inout_data_ingestion' AIRFLOW_CTX_TASK_ID='create_table' AIRFLOW_CTX_EXECUTION_DATE='2024-10-06T09:30:00+00:00' AIRFLOW_CTX_TRY_NUMBER='1' AIRFLOW_CTX_DAG_RUN_ID='scheduled__2024-10-06T09:30:00+00:00'
[2025-03-30T11:31:38.147+0000] {logging_mixin.py:188} INFO - Successfully connected to MariaDB: INOUT on mariadb:3306
[2025-03-30T11:31:38.148+0000] {inout_data.py:46} INFO - Table emp_inout_rec created (if it didn't exist).
[2025-03-30T11:31:38.149+0000] {logging_mixin.py:188} INFO - MariaDB connection closed.
[2025-03-30T11:31:38.149+0000] {python.py:202} INFO - Done. Returned value was: None
[2025-03-30T11:31:38.157+0000] {taskinstance.py:1149} INFO - Marking task as SUCCESS. dag_id=inout_data_ingestion, task_id=create_table, execution_date=20241006T093000, start_date=20250330T113137, end_date=20250330T113138
[2025-03-30T11:31:38.183+0000] {local_task_job_runner.py:234} INFO - Task exited with return code 0
[2025-03-30T11:31:38.221+0000] {taskinstance.py:3309} INFO - 1 downstream tasks scheduled from follow-on schedule check
