[2025-03-30T11:09:01.249+0000] {taskinstance.py:1979} INFO - Dependencies all met for dep_context=non-requeueable deps ti=<TaskInstance: inout_data_ingestion.create_table scheduled__2024-09-29T14:30:00+00:00 [queued]>
[2025-03-30T11:09:01.271+0000] {taskinstance.py:1979} INFO - Dependencies all met for dep_context=requeueable deps ti=<TaskInstance: inout_data_ingestion.create_table scheduled__2024-09-29T14:30:00+00:00 [queued]>
[2025-03-30T11:09:01.272+0000] {taskinstance.py:2193} INFO - Starting attempt 1 of 2
[2025-03-30T11:09:01.328+0000] {taskinstance.py:2214} INFO - Executing <Task(PythonOperator): create_table> on 2024-09-29 14:30:00+00:00
[2025-03-30T11:09:01.342+0000] {standard_task_runner.py:60} INFO - Started process 213 to run task
[2025-03-30T11:09:01.361+0000] {standard_task_runner.py:87} INFO - Running: ['***', 'tasks', 'run', 'inout_data_ingestion', 'create_table', 'scheduled__2024-09-29T14:30:00+00:00', '--job-id', '80', '--raw', '--subdir', 'DAGS_FOLDER/inout_data.py', '--cfg-path', '/tmp/tmp24sct6sd']
[2025-03-30T11:09:01.365+0000] {standard_task_runner.py:88} INFO - Job 80: Subtask create_table
[2025-03-30T11:09:01.401+0000] {warnings.py:109} WARNING - /home/***/.local/lib/python3.8/site-packages/***/settings.py:194: DeprecationWarning: The sql_alchemy_conn option in [core] has been moved to the sql_alchemy_conn option in [database] - the old setting has been used, but please update your config.
  SQL_ALCHEMY_CONN = conf.get("database", "SQL_ALCHEMY_CONN")

[2025-03-30T11:09:01.464+0000] {task_command.py:423} INFO - Running <TaskInstance: inout_data_ingestion.create_table scheduled__2024-09-29T14:30:00+00:00 [running]> on host ff9d64b065e6
[2025-03-30T11:09:01.576+0000] {taskinstance.py:2510} INFO - Exporting env vars: AIRFLOW_CTX_DAG_OWNER='***' AIRFLOW_CTX_DAG_ID='inout_data_ingestion' AIRFLOW_CTX_TASK_ID='create_table' AIRFLOW_CTX_EXECUTION_DATE='2024-09-29T14:30:00+00:00' AIRFLOW_CTX_TRY_NUMBER='1' AIRFLOW_CTX_DAG_RUN_ID='scheduled__2024-09-29T14:30:00+00:00'
[2025-03-30T11:09:01.585+0000] {inout_data.py:42} INFO - Successfully connected to MariaDB: INOUT on mariadb:3306
[2025-03-30T11:09:01.588+0000] {inout_data.py:124} INFO - Table emp_inout_rec created (if it didn't exist).
[2025-03-30T11:09:01.589+0000] {inout_data.py:78} INFO - MariaDB connection closed.
[2025-03-30T11:09:01.589+0000] {python.py:202} INFO - Done. Returned value was: None
[2025-03-30T11:09:01.609+0000] {taskinstance.py:1149} INFO - Marking task as SUCCESS. dag_id=inout_data_ingestion, task_id=create_table, execution_date=20240929T143000, start_date=20250330T110901, end_date=20250330T110901
[2025-03-30T11:09:01.668+0000] {local_task_job_runner.py:234} INFO - Task exited with return code 0
[2025-03-30T11:09:01.698+0000] {taskinstance.py:3309} INFO - 1 downstream tasks scheduled from follow-on schedule check
[2025-03-30T11:15:42.161+0000] {taskinstance.py:1979} INFO - Dependencies all met for dep_context=non-requeueable deps ti=<TaskInstance: inout_data_ingestion.create_table scheduled__2024-09-29T14:30:00+00:00 [queued]>
[2025-03-30T11:15:42.186+0000] {taskinstance.py:1979} INFO - Dependencies all met for dep_context=requeueable deps ti=<TaskInstance: inout_data_ingestion.create_table scheduled__2024-09-29T14:30:00+00:00 [queued]>
[2025-03-30T11:15:42.187+0000] {taskinstance.py:2193} INFO - Starting attempt 1 of 2
[2025-03-30T11:15:42.207+0000] {taskinstance.py:2214} INFO - Executing <Task(PythonOperator): create_table> on 2024-09-29 14:30:00+00:00
[2025-03-30T11:15:42.213+0000] {standard_task_runner.py:60} INFO - Started process 2063 to run task
[2025-03-30T11:15:42.221+0000] {standard_task_runner.py:87} INFO - Running: ['***', 'tasks', 'run', 'inout_data_ingestion', 'create_table', 'scheduled__2024-09-29T14:30:00+00:00', '--job-id', '1005', '--raw', '--subdir', 'DAGS_FOLDER/inout_data.py', '--cfg-path', '/tmp/tmp4w68h4uc']
[2025-03-30T11:15:42.225+0000] {standard_task_runner.py:88} INFO - Job 1005: Subtask create_table
[2025-03-30T11:15:42.252+0000] {warnings.py:109} WARNING - /home/***/.local/lib/python3.8/site-packages/***/settings.py:194: DeprecationWarning: The sql_alchemy_conn option in [core] has been moved to the sql_alchemy_conn option in [database] - the old setting has been used, but please update your config.
  SQL_ALCHEMY_CONN = conf.get("database", "SQL_ALCHEMY_CONN")

[2025-03-30T11:15:42.306+0000] {task_command.py:423} INFO - Running <TaskInstance: inout_data_ingestion.create_table scheduled__2024-09-29T14:30:00+00:00 [running]> on host ff9d64b065e6
[2025-03-30T11:15:42.410+0000] {taskinstance.py:2510} INFO - Exporting env vars: AIRFLOW_CTX_DAG_OWNER='***' AIRFLOW_CTX_DAG_ID='inout_data_ingestion' AIRFLOW_CTX_TASK_ID='create_table' AIRFLOW_CTX_EXECUTION_DATE='2024-09-29T14:30:00+00:00' AIRFLOW_CTX_TRY_NUMBER='1' AIRFLOW_CTX_DAG_RUN_ID='scheduled__2024-09-29T14:30:00+00:00'
[2025-03-30T11:15:42.421+0000] {inout_data.py:42} INFO - Successfully connected to MariaDB: INOUT on mariadb:3306
[2025-03-30T11:15:42.424+0000] {inout_data.py:117} INFO - Table emp_inout_rec created (if it didn't exist).
[2025-03-30T11:15:42.425+0000] {inout_data.py:78} INFO - MariaDB connection closed.
[2025-03-30T11:15:42.426+0000] {python.py:202} INFO - Done. Returned value was: None
[2025-03-30T11:15:42.441+0000] {taskinstance.py:1149} INFO - Marking task as SUCCESS. dag_id=inout_data_ingestion, task_id=create_table, execution_date=20240929T143000, start_date=20250330T111542, end_date=20250330T111542
[2025-03-30T11:15:42.486+0000] {local_task_job_runner.py:234} INFO - Task exited with return code 0
[2025-03-30T11:15:42.540+0000] {taskinstance.py:3309} INFO - 1 downstream tasks scheduled from follow-on schedule check
[2025-03-30T11:28:15.956+0000] {taskinstance.py:1979} INFO - Dependencies all met for dep_context=non-requeueable deps ti=<TaskInstance: inout_data_ingestion.create_table scheduled__2024-09-29T14:30:00+00:00 [queued]>
[2025-03-30T11:28:15.962+0000] {taskinstance.py:1979} INFO - Dependencies all met for dep_context=requeueable deps ti=<TaskInstance: inout_data_ingestion.create_table scheduled__2024-09-29T14:30:00+00:00 [queued]>
[2025-03-30T11:28:15.962+0000] {taskinstance.py:2193} INFO - Starting attempt 1 of 2
[2025-03-30T11:28:15.969+0000] {taskinstance.py:2214} INFO - Executing <Task(PythonOperator): create_table> on 2024-09-29 14:30:00+00:00
[2025-03-30T11:28:15.972+0000] {standard_task_runner.py:60} INFO - Started process 3989 to run task
[2025-03-30T11:28:15.974+0000] {standard_task_runner.py:87} INFO - Running: ['***', 'tasks', 'run', 'inout_data_ingestion', 'create_table', 'scheduled__2024-09-29T14:30:00+00:00', '--job-id', '1970', '--raw', '--subdir', 'DAGS_FOLDER/inout_data.py', '--cfg-path', '/tmp/tmpd2pw5ivh']
[2025-03-30T11:28:15.975+0000] {standard_task_runner.py:88} INFO - Job 1970: Subtask create_table
[2025-03-30T11:28:15.981+0000] {warnings.py:109} WARNING - /home/***/.local/lib/python3.8/site-packages/***/settings.py:194: DeprecationWarning: The sql_alchemy_conn option in [core] has been moved to the sql_alchemy_conn option in [database] - the old setting has been used, but please update your config.
  SQL_ALCHEMY_CONN = conf.get("database", "SQL_ALCHEMY_CONN")

[2025-03-30T11:28:15.995+0000] {task_command.py:423} INFO - Running <TaskInstance: inout_data_ingestion.create_table scheduled__2024-09-29T14:30:00+00:00 [running]> on host ff9d64b065e6
[2025-03-30T11:28:16.026+0000] {taskinstance.py:2510} INFO - Exporting env vars: AIRFLOW_CTX_DAG_OWNER='***' AIRFLOW_CTX_DAG_ID='inout_data_ingestion' AIRFLOW_CTX_TASK_ID='create_table' AIRFLOW_CTX_EXECUTION_DATE='2024-09-29T14:30:00+00:00' AIRFLOW_CTX_TRY_NUMBER='1' AIRFLOW_CTX_DAG_RUN_ID='scheduled__2024-09-29T14:30:00+00:00'
[2025-03-30T11:28:16.027+0000] {logging_mixin.py:188} INFO - Successfully connected to MariaDB: INOUT on mariadb:3306
[2025-03-30T11:28:16.028+0000] {inout_data.py:46} INFO - Table emp_inout_rec created (if it didn't exist).
[2025-03-30T11:28:16.028+0000] {logging_mixin.py:188} INFO - MariaDB connection closed.
[2025-03-30T11:28:16.028+0000] {python.py:202} INFO - Done. Returned value was: None
[2025-03-30T11:28:16.031+0000] {taskinstance.py:1149} INFO - Marking task as SUCCESS. dag_id=inout_data_ingestion, task_id=create_table, execution_date=20240929T143000, start_date=20250330T112815, end_date=20250330T112816
[2025-03-30T11:28:16.077+0000] {local_task_job_runner.py:234} INFO - Task exited with return code 0
[2025-03-30T11:28:16.088+0000] {taskinstance.py:3309} INFO - 1 downstream tasks scheduled from follow-on schedule check
[2025-03-30T11:32:57.502+0000] {taskinstance.py:1979} INFO - Dependencies all met for dep_context=non-requeueable deps ti=<TaskInstance: inout_data_ingestion.create_table scheduled__2024-09-29T14:30:00+00:00 [queued]>
[2025-03-30T11:32:57.514+0000] {taskinstance.py:1979} INFO - Dependencies all met for dep_context=requeueable deps ti=<TaskInstance: inout_data_ingestion.create_table scheduled__2024-09-29T14:30:00+00:00 [queued]>
[2025-03-30T11:32:57.514+0000] {taskinstance.py:2193} INFO - Starting attempt 1 of 2
[2025-03-30T11:32:57.538+0000] {taskinstance.py:2214} INFO - Executing <Task(PythonOperator): create_table> on 2024-09-29 14:30:00+00:00
[2025-03-30T11:32:57.542+0000] {standard_task_runner.py:60} INFO - Started process 5441 to run task
[2025-03-30T11:32:57.547+0000] {standard_task_runner.py:87} INFO - Running: ['***', 'tasks', 'run', 'inout_data_ingestion', 'create_table', 'scheduled__2024-09-29T14:30:00+00:00', '--job-id', '2695', '--raw', '--subdir', 'DAGS_FOLDER/inout_data.py', '--cfg-path', '/tmp/tmps3x7e3bl']
[2025-03-30T11:32:57.550+0000] {standard_task_runner.py:88} INFO - Job 2695: Subtask create_table
[2025-03-30T11:32:57.565+0000] {warnings.py:109} WARNING - /home/***/.local/lib/python3.8/site-packages/***/settings.py:194: DeprecationWarning: The sql_alchemy_conn option in [core] has been moved to the sql_alchemy_conn option in [database] - the old setting has been used, but please update your config.
  SQL_ALCHEMY_CONN = conf.get("database", "SQL_ALCHEMY_CONN")

[2025-03-30T11:32:57.605+0000] {task_command.py:423} INFO - Running <TaskInstance: inout_data_ingestion.create_table scheduled__2024-09-29T14:30:00+00:00 [running]> on host ff9d64b065e6
[2025-03-30T11:32:57.716+0000] {taskinstance.py:2510} INFO - Exporting env vars: AIRFLOW_CTX_DAG_OWNER='***' AIRFLOW_CTX_DAG_ID='inout_data_ingestion' AIRFLOW_CTX_TASK_ID='create_table' AIRFLOW_CTX_EXECUTION_DATE='2024-09-29T14:30:00+00:00' AIRFLOW_CTX_TRY_NUMBER='1' AIRFLOW_CTX_DAG_RUN_ID='scheduled__2024-09-29T14:30:00+00:00'
[2025-03-30T11:32:57.723+0000] {logging_mixin.py:188} INFO - Successfully connected to MariaDB: INOUT on mariadb:3306
[2025-03-30T11:32:57.724+0000] {inout_data.py:46} INFO - Table emp_inout_rec created (if it didn't exist).
[2025-03-30T11:32:57.725+0000] {logging_mixin.py:188} INFO - MariaDB connection closed.
[2025-03-30T11:32:57.726+0000] {python.py:202} INFO - Done. Returned value was: None
[2025-03-30T11:32:57.732+0000] {taskinstance.py:1149} INFO - Marking task as SUCCESS. dag_id=inout_data_ingestion, task_id=create_table, execution_date=20240929T143000, start_date=20250330T113257, end_date=20250330T113257
[2025-03-30T11:32:57.770+0000] {local_task_job_runner.py:234} INFO - Task exited with return code 0
[2025-03-30T11:32:57.804+0000] {taskinstance.py:3309} INFO - 1 downstream tasks scheduled from follow-on schedule check
[2025-03-30T11:38:21.519+0000] {taskinstance.py:1979} INFO - Dependencies all met for dep_context=non-requeueable deps ti=<TaskInstance: inout_data_ingestion.create_table scheduled__2024-09-29T14:30:00+00:00 [queued]>
[2025-03-30T11:38:21.537+0000] {taskinstance.py:1979} INFO - Dependencies all met for dep_context=requeueable deps ti=<TaskInstance: inout_data_ingestion.create_table scheduled__2024-09-29T14:30:00+00:00 [queued]>
[2025-03-30T11:38:21.538+0000] {taskinstance.py:2193} INFO - Starting attempt 1 of 2
[2025-03-30T11:38:21.583+0000] {taskinstance.py:2214} INFO - Executing <Task(PythonOperator): create_table> on 2024-09-29 14:30:00+00:00
[2025-03-30T11:38:21.590+0000] {standard_task_runner.py:60} INFO - Started process 6345 to run task
[2025-03-30T11:38:21.595+0000] {standard_task_runner.py:87} INFO - Running: ['***', 'tasks', 'run', 'inout_data_ingestion', 'create_table', 'scheduled__2024-09-29T14:30:00+00:00', '--job-id', '3147', '--raw', '--subdir', 'DAGS_FOLDER/inout_data.py', '--cfg-path', '/tmp/tmp4_b6xfro']
[2025-03-30T11:38:21.600+0000] {standard_task_runner.py:88} INFO - Job 3147: Subtask create_table
[2025-03-30T11:38:21.618+0000] {warnings.py:109} WARNING - /home/***/.local/lib/python3.8/site-packages/***/settings.py:194: DeprecationWarning: The sql_alchemy_conn option in [core] has been moved to the sql_alchemy_conn option in [database] - the old setting has been used, but please update your config.
  SQL_ALCHEMY_CONN = conf.get("database", "SQL_ALCHEMY_CONN")

[2025-03-30T11:38:21.665+0000] {task_command.py:423} INFO - Running <TaskInstance: inout_data_ingestion.create_table scheduled__2024-09-29T14:30:00+00:00 [running]> on host ff9d64b065e6
[2025-03-30T11:38:21.732+0000] {taskinstance.py:2510} INFO - Exporting env vars: AIRFLOW_CTX_DAG_OWNER='***' AIRFLOW_CTX_DAG_ID='inout_data_ingestion' AIRFLOW_CTX_TASK_ID='create_table' AIRFLOW_CTX_EXECUTION_DATE='2024-09-29T14:30:00+00:00' AIRFLOW_CTX_TRY_NUMBER='1' AIRFLOW_CTX_DAG_RUN_ID='scheduled__2024-09-29T14:30:00+00:00'
[2025-03-30T11:38:21.734+0000] {logging_mixin.py:188} INFO - Successfully connected to MariaDB: INOUT on mariadb:3306
[2025-03-30T11:38:21.735+0000] {inout_data.py:46} INFO - Table emp_inout_rec created (if it didn't exist).
[2025-03-30T11:38:21.735+0000] {logging_mixin.py:188} INFO - MariaDB connection closed.
[2025-03-30T11:38:21.735+0000] {python.py:202} INFO - Done. Returned value was: None
[2025-03-30T11:38:21.740+0000] {taskinstance.py:1149} INFO - Marking task as SUCCESS. dag_id=inout_data_ingestion, task_id=create_table, execution_date=20240929T143000, start_date=20250330T113821, end_date=20250330T113821
[2025-03-30T11:38:21.785+0000] {local_task_job_runner.py:234} INFO - Task exited with return code 0
[2025-03-30T11:38:21.806+0000] {taskinstance.py:3309} INFO - 1 downstream tasks scheduled from follow-on schedule check
[2025-03-30T11:40:29.897+0000] {taskinstance.py:1979} INFO - Dependencies all met for dep_context=non-requeueable deps ti=<TaskInstance: inout_data_ingestion.create_table scheduled__2024-09-29T14:30:00+00:00 [queued]>
[2025-03-30T11:40:29.905+0000] {taskinstance.py:1979} INFO - Dependencies all met for dep_context=requeueable deps ti=<TaskInstance: inout_data_ingestion.create_table scheduled__2024-09-29T14:30:00+00:00 [queued]>
[2025-03-30T11:40:29.906+0000] {taskinstance.py:2193} INFO - Starting attempt 1 of 2
[2025-03-30T11:40:29.914+0000] {taskinstance.py:2214} INFO - Executing <Task(PythonOperator): create_table> on 2024-09-29 14:30:00+00:00
[2025-03-30T11:40:29.918+0000] {standard_task_runner.py:60} INFO - Started process 6787 to run task
[2025-03-30T11:40:29.921+0000] {standard_task_runner.py:87} INFO - Running: ['***', 'tasks', 'run', 'inout_data_ingestion', 'create_table', 'scheduled__2024-09-29T14:30:00+00:00', '--job-id', '3369', '--raw', '--subdir', 'DAGS_FOLDER/inout_data.py', '--cfg-path', '/tmp/tmpaf4misio']
[2025-03-30T11:40:29.922+0000] {standard_task_runner.py:88} INFO - Job 3369: Subtask create_table
[2025-03-30T11:40:29.931+0000] {warnings.py:109} WARNING - /home/***/.local/lib/python3.8/site-packages/***/settings.py:194: DeprecationWarning: The sql_alchemy_conn option in [core] has been moved to the sql_alchemy_conn option in [database] - the old setting has been used, but please update your config.
  SQL_ALCHEMY_CONN = conf.get("database", "SQL_ALCHEMY_CONN")

[2025-03-30T11:40:29.966+0000] {task_command.py:423} INFO - Running <TaskInstance: inout_data_ingestion.create_table scheduled__2024-09-29T14:30:00+00:00 [running]> on host ff9d64b065e6
[2025-03-30T11:40:30.011+0000] {taskinstance.py:2510} INFO - Exporting env vars: AIRFLOW_CTX_DAG_OWNER='***' AIRFLOW_CTX_DAG_ID='inout_data_ingestion' AIRFLOW_CTX_TASK_ID='create_table' AIRFLOW_CTX_EXECUTION_DATE='2024-09-29T14:30:00+00:00' AIRFLOW_CTX_TRY_NUMBER='1' AIRFLOW_CTX_DAG_RUN_ID='scheduled__2024-09-29T14:30:00+00:00'
[2025-03-30T11:40:30.013+0000] {logging_mixin.py:188} INFO - Successfully connected to MariaDB: INOUT on mariadb:3306
[2025-03-30T11:40:30.013+0000] {inout_data.py:46} INFO - Table emp_inout_rec created (if it didn't exist).
[2025-03-30T11:40:30.013+0000] {logging_mixin.py:188} INFO - MariaDB connection closed.
[2025-03-30T11:40:30.013+0000] {python.py:202} INFO - Done. Returned value was: None
[2025-03-30T11:40:30.018+0000] {taskinstance.py:1149} INFO - Marking task as SUCCESS. dag_id=inout_data_ingestion, task_id=create_table, execution_date=20240929T143000, start_date=20250330T114029, end_date=20250330T114030
[2025-03-30T11:40:30.062+0000] {local_task_job_runner.py:234} INFO - Task exited with return code 0
[2025-03-30T11:40:30.074+0000] {taskinstance.py:3309} INFO - 1 downstream tasks scheduled from follow-on schedule check
