[2025-03-30T11:09:55.254+0000] {taskinstance.py:1979} INFO - Dependencies all met for dep_context=non-requeueable deps ti=<TaskInstance: inout_data_ingestion.create_table scheduled__2024-10-01T03:30:00+00:00 [queued]>
[2025-03-30T11:09:55.268+0000] {taskinstance.py:1979} INFO - Dependencies all met for dep_context=requeueable deps ti=<TaskInstance: inout_data_ingestion.create_table scheduled__2024-10-01T03:30:00+00:00 [queued]>
[2025-03-30T11:09:55.269+0000] {taskinstance.py:2193} INFO - Starting attempt 1 of 2
[2025-03-30T11:09:55.292+0000] {taskinstance.py:2214} INFO - Executing <Task(PythonOperator): create_table> on 2024-10-01 03:30:00+00:00
[2025-03-30T11:09:55.301+0000] {standard_task_runner.py:60} INFO - Started process 512 to run task
[2025-03-30T11:09:55.312+0000] {standard_task_runner.py:87} INFO - Running: ['***', 'tasks', 'run', 'inout_data_ingestion', 'create_table', 'scheduled__2024-10-01T03:30:00+00:00', '--job-id', '230', '--raw', '--subdir', 'DAGS_FOLDER/inout_data.py', '--cfg-path', '/tmp/tmpyzgelmo9']
[2025-03-30T11:09:55.314+0000] {standard_task_runner.py:88} INFO - Job 230: Subtask create_table
[2025-03-30T11:09:55.348+0000] {warnings.py:109} WARNING - /home/***/.local/lib/python3.8/site-packages/***/settings.py:194: DeprecationWarning: The sql_alchemy_conn option in [core] has been moved to the sql_alchemy_conn option in [database] - the old setting has been used, but please update your config.
  SQL_ALCHEMY_CONN = conf.get("database", "SQL_ALCHEMY_CONN")

[2025-03-30T11:09:55.446+0000] {task_command.py:423} INFO - Running <TaskInstance: inout_data_ingestion.create_table scheduled__2024-10-01T03:30:00+00:00 [running]> on host ff9d64b065e6
[2025-03-30T11:09:55.561+0000] {taskinstance.py:2510} INFO - Exporting env vars: AIRFLOW_CTX_DAG_OWNER='***' AIRFLOW_CTX_DAG_ID='inout_data_ingestion' AIRFLOW_CTX_TASK_ID='create_table' AIRFLOW_CTX_EXECUTION_DATE='2024-10-01T03:30:00+00:00' AIRFLOW_CTX_TRY_NUMBER='1' AIRFLOW_CTX_DAG_RUN_ID='scheduled__2024-10-01T03:30:00+00:00'
[2025-03-30T11:09:55.567+0000] {inout_data.py:42} INFO - Successfully connected to MariaDB: INOUT on mariadb:3306
[2025-03-30T11:09:55.569+0000] {inout_data.py:124} INFO - Table emp_inout_rec created (if it didn't exist).
[2025-03-30T11:09:55.570+0000] {inout_data.py:78} INFO - MariaDB connection closed.
[2025-03-30T11:09:55.570+0000] {python.py:202} INFO - Done. Returned value was: None
[2025-03-30T11:09:55.590+0000] {taskinstance.py:1149} INFO - Marking task as SUCCESS. dag_id=inout_data_ingestion, task_id=create_table, execution_date=20241001T033000, start_date=20250330T110955, end_date=20250330T110955
[2025-03-30T11:09:55.660+0000] {local_task_job_runner.py:234} INFO - Task exited with return code 0
[2025-03-30T11:09:55.684+0000] {taskinstance.py:3309} INFO - 1 downstream tasks scheduled from follow-on schedule check
[2025-03-30T11:16:28.186+0000] {taskinstance.py:1979} INFO - Dependencies all met for dep_context=non-requeueable deps ti=<TaskInstance: inout_data_ingestion.create_table scheduled__2024-10-01T03:30:00+00:00 [queued]>
[2025-03-30T11:16:28.204+0000] {taskinstance.py:1979} INFO - Dependencies all met for dep_context=requeueable deps ti=<TaskInstance: inout_data_ingestion.create_table scheduled__2024-10-01T03:30:00+00:00 [queued]>
[2025-03-30T11:16:28.205+0000] {taskinstance.py:2193} INFO - Starting attempt 1 of 2
[2025-03-30T11:16:28.252+0000] {taskinstance.py:2214} INFO - Executing <Task(PythonOperator): create_table> on 2024-10-01 03:30:00+00:00
[2025-03-30T11:16:28.260+0000] {standard_task_runner.py:60} INFO - Started process 2363 to run task
[2025-03-30T11:16:28.275+0000] {standard_task_runner.py:87} INFO - Running: ['***', 'tasks', 'run', 'inout_data_ingestion', 'create_table', 'scheduled__2024-10-01T03:30:00+00:00', '--job-id', '1155', '--raw', '--subdir', 'DAGS_FOLDER/inout_data.py', '--cfg-path', '/tmp/tmpm1v0i0hz']
[2025-03-30T11:16:28.278+0000] {standard_task_runner.py:88} INFO - Job 1155: Subtask create_table
[2025-03-30T11:16:28.293+0000] {warnings.py:109} WARNING - /home/***/.local/lib/python3.8/site-packages/***/settings.py:194: DeprecationWarning: The sql_alchemy_conn option in [core] has been moved to the sql_alchemy_conn option in [database] - the old setting has been used, but please update your config.
  SQL_ALCHEMY_CONN = conf.get("database", "SQL_ALCHEMY_CONN")

[2025-03-30T11:16:28.337+0000] {task_command.py:423} INFO - Running <TaskInstance: inout_data_ingestion.create_table scheduled__2024-10-01T03:30:00+00:00 [running]> on host ff9d64b065e6
[2025-03-30T11:16:28.415+0000] {taskinstance.py:2510} INFO - Exporting env vars: AIRFLOW_CTX_DAG_OWNER='***' AIRFLOW_CTX_DAG_ID='inout_data_ingestion' AIRFLOW_CTX_TASK_ID='create_table' AIRFLOW_CTX_EXECUTION_DATE='2024-10-01T03:30:00+00:00' AIRFLOW_CTX_TRY_NUMBER='1' AIRFLOW_CTX_DAG_RUN_ID='scheduled__2024-10-01T03:30:00+00:00'
[2025-03-30T11:16:28.419+0000] {inout_data.py:42} INFO - Successfully connected to MariaDB: INOUT on mariadb:3306
[2025-03-30T11:16:28.421+0000] {inout_data.py:117} INFO - Table emp_inout_rec created (if it didn't exist).
[2025-03-30T11:16:28.421+0000] {inout_data.py:78} INFO - MariaDB connection closed.
[2025-03-30T11:16:28.422+0000] {python.py:202} INFO - Done. Returned value was: None
[2025-03-30T11:16:28.432+0000] {taskinstance.py:1149} INFO - Marking task as SUCCESS. dag_id=inout_data_ingestion, task_id=create_table, execution_date=20241001T033000, start_date=20250330T111628, end_date=20250330T111628
[2025-03-30T11:16:28.451+0000] {local_task_job_runner.py:234} INFO - Task exited with return code 0
[2025-03-30T11:16:28.487+0000] {taskinstance.py:3309} INFO - 1 downstream tasks scheduled from follow-on schedule check
[2025-03-30T11:29:05.230+0000] {taskinstance.py:1979} INFO - Dependencies all met for dep_context=non-requeueable deps ti=<TaskInstance: inout_data_ingestion.create_table scheduled__2024-10-01T03:30:00+00:00 [queued]>
[2025-03-30T11:29:05.250+0000] {taskinstance.py:1979} INFO - Dependencies all met for dep_context=requeueable deps ti=<TaskInstance: inout_data_ingestion.create_table scheduled__2024-10-01T03:30:00+00:00 [queued]>
[2025-03-30T11:29:05.252+0000] {taskinstance.py:2193} INFO - Starting attempt 1 of 2
[2025-03-30T11:29:05.280+0000] {taskinstance.py:2214} INFO - Executing <Task(PythonOperator): create_table> on 2024-10-01 03:30:00+00:00
[2025-03-30T11:29:05.290+0000] {standard_task_runner.py:60} INFO - Started process 4281 to run task
[2025-03-30T11:29:05.298+0000] {standard_task_runner.py:87} INFO - Running: ['***', 'tasks', 'run', 'inout_data_ingestion', 'create_table', 'scheduled__2024-10-01T03:30:00+00:00', '--job-id', '2115', '--raw', '--subdir', 'DAGS_FOLDER/inout_data.py', '--cfg-path', '/tmp/tmp0dann_4i']
[2025-03-30T11:29:05.302+0000] {standard_task_runner.py:88} INFO - Job 2115: Subtask create_table
[2025-03-30T11:29:05.320+0000] {warnings.py:109} WARNING - /home/***/.local/lib/python3.8/site-packages/***/settings.py:194: DeprecationWarning: The sql_alchemy_conn option in [core] has been moved to the sql_alchemy_conn option in [database] - the old setting has been used, but please update your config.
  SQL_ALCHEMY_CONN = conf.get("database", "SQL_ALCHEMY_CONN")

[2025-03-30T11:29:05.359+0000] {task_command.py:423} INFO - Running <TaskInstance: inout_data_ingestion.create_table scheduled__2024-10-01T03:30:00+00:00 [running]> on host ff9d64b065e6
[2025-03-30T11:29:05.482+0000] {taskinstance.py:2510} INFO - Exporting env vars: AIRFLOW_CTX_DAG_OWNER='***' AIRFLOW_CTX_DAG_ID='inout_data_ingestion' AIRFLOW_CTX_TASK_ID='create_table' AIRFLOW_CTX_EXECUTION_DATE='2024-10-01T03:30:00+00:00' AIRFLOW_CTX_TRY_NUMBER='1' AIRFLOW_CTX_DAG_RUN_ID='scheduled__2024-10-01T03:30:00+00:00'
[2025-03-30T11:29:05.494+0000] {logging_mixin.py:188} INFO - Successfully connected to MariaDB: INOUT on mariadb:3306
[2025-03-30T11:29:05.496+0000] {inout_data.py:46} INFO - Table emp_inout_rec created (if it didn't exist).
[2025-03-30T11:29:05.497+0000] {logging_mixin.py:188} INFO - MariaDB connection closed.
[2025-03-30T11:29:05.499+0000] {python.py:202} INFO - Done. Returned value was: None
[2025-03-30T11:29:05.529+0000] {taskinstance.py:1149} INFO - Marking task as SUCCESS. dag_id=inout_data_ingestion, task_id=create_table, execution_date=20241001T033000, start_date=20250330T112905, end_date=20250330T112905
[2025-03-30T11:29:05.563+0000] {local_task_job_runner.py:234} INFO - Task exited with return code 0
[2025-03-30T11:29:05.588+0000] {taskinstance.py:3309} INFO - 1 downstream tasks scheduled from follow-on schedule check
[2025-03-30T11:33:40.226+0000] {taskinstance.py:1979} INFO - Dependencies all met for dep_context=non-requeueable deps ti=<TaskInstance: inout_data_ingestion.create_table scheduled__2024-10-01T03:30:00+00:00 [queued]>
[2025-03-30T11:33:40.268+0000] {taskinstance.py:1979} INFO - Dependencies all met for dep_context=requeueable deps ti=<TaskInstance: inout_data_ingestion.create_table scheduled__2024-10-01T03:30:00+00:00 [queued]>
[2025-03-30T11:33:40.270+0000] {taskinstance.py:2193} INFO - Starting attempt 1 of 2
[2025-03-30T11:33:40.321+0000] {taskinstance.py:2214} INFO - Executing <Task(PythonOperator): create_table> on 2024-10-01 03:30:00+00:00
[2025-03-30T11:33:40.333+0000] {standard_task_runner.py:60} INFO - Started process 5736 to run task
[2025-03-30T11:33:40.342+0000] {standard_task_runner.py:87} INFO - Running: ['***', 'tasks', 'run', 'inout_data_ingestion', 'create_table', 'scheduled__2024-10-01T03:30:00+00:00', '--job-id', '2843', '--raw', '--subdir', 'DAGS_FOLDER/inout_data.py', '--cfg-path', '/tmp/tmpbz862yd9']
[2025-03-30T11:33:40.346+0000] {standard_task_runner.py:88} INFO - Job 2843: Subtask create_table
[2025-03-30T11:33:40.377+0000] {warnings.py:109} WARNING - /home/***/.local/lib/python3.8/site-packages/***/settings.py:194: DeprecationWarning: The sql_alchemy_conn option in [core] has been moved to the sql_alchemy_conn option in [database] - the old setting has been used, but please update your config.
  SQL_ALCHEMY_CONN = conf.get("database", "SQL_ALCHEMY_CONN")

[2025-03-30T11:33:40.454+0000] {task_command.py:423} INFO - Running <TaskInstance: inout_data_ingestion.create_table scheduled__2024-10-01T03:30:00+00:00 [running]> on host ff9d64b065e6
[2025-03-30T11:33:40.566+0000] {taskinstance.py:2510} INFO - Exporting env vars: AIRFLOW_CTX_DAG_OWNER='***' AIRFLOW_CTX_DAG_ID='inout_data_ingestion' AIRFLOW_CTX_TASK_ID='create_table' AIRFLOW_CTX_EXECUTION_DATE='2024-10-01T03:30:00+00:00' AIRFLOW_CTX_TRY_NUMBER='1' AIRFLOW_CTX_DAG_RUN_ID='scheduled__2024-10-01T03:30:00+00:00'
[2025-03-30T11:33:40.575+0000] {logging_mixin.py:188} INFO - Successfully connected to MariaDB: INOUT on mariadb:3306
[2025-03-30T11:33:40.576+0000] {inout_data.py:46} INFO - Table emp_inout_rec created (if it didn't exist).
[2025-03-30T11:33:40.577+0000] {logging_mixin.py:188} INFO - MariaDB connection closed.
[2025-03-30T11:33:40.577+0000] {python.py:202} INFO - Done. Returned value was: None
[2025-03-30T11:33:40.586+0000] {taskinstance.py:1149} INFO - Marking task as SUCCESS. dag_id=inout_data_ingestion, task_id=create_table, execution_date=20241001T033000, start_date=20250330T113340, end_date=20250330T113340
[2025-03-30T11:33:40.650+0000] {local_task_job_runner.py:234} INFO - Task exited with return code 0
[2025-03-30T11:33:40.698+0000] {taskinstance.py:3309} INFO - 1 downstream tasks scheduled from follow-on schedule check
[2025-03-30T11:39:18.520+0000] {taskinstance.py:1979} INFO - Dependencies all met for dep_context=non-requeueable deps ti=<TaskInstance: inout_data_ingestion.create_table scheduled__2024-10-01T03:30:00+00:00 [queued]>
[2025-03-30T11:39:18.544+0000] {taskinstance.py:1979} INFO - Dependencies all met for dep_context=requeueable deps ti=<TaskInstance: inout_data_ingestion.create_table scheduled__2024-10-01T03:30:00+00:00 [queued]>
[2025-03-30T11:39:18.544+0000] {taskinstance.py:2193} INFO - Starting attempt 1 of 2
[2025-03-30T11:39:18.569+0000] {taskinstance.py:2214} INFO - Executing <Task(PythonOperator): create_table> on 2024-10-01 03:30:00+00:00
[2025-03-30T11:39:18.575+0000] {standard_task_runner.py:60} INFO - Started process 6639 to run task
[2025-03-30T11:39:18.579+0000] {standard_task_runner.py:87} INFO - Running: ['***', 'tasks', 'run', 'inout_data_ingestion', 'create_table', 'scheduled__2024-10-01T03:30:00+00:00', '--job-id', '3294', '--raw', '--subdir', 'DAGS_FOLDER/inout_data.py', '--cfg-path', '/tmp/tmp39tkebtf']
[2025-03-30T11:39:18.582+0000] {standard_task_runner.py:88} INFO - Job 3294: Subtask create_table
[2025-03-30T11:39:18.595+0000] {warnings.py:109} WARNING - /home/***/.local/lib/python3.8/site-packages/***/settings.py:194: DeprecationWarning: The sql_alchemy_conn option in [core] has been moved to the sql_alchemy_conn option in [database] - the old setting has been used, but please update your config.
  SQL_ALCHEMY_CONN = conf.get("database", "SQL_ALCHEMY_CONN")

[2025-03-30T11:39:18.627+0000] {task_command.py:423} INFO - Running <TaskInstance: inout_data_ingestion.create_table scheduled__2024-10-01T03:30:00+00:00 [running]> on host ff9d64b065e6
[2025-03-30T11:39:18.760+0000] {taskinstance.py:2510} INFO - Exporting env vars: AIRFLOW_CTX_DAG_OWNER='***' AIRFLOW_CTX_DAG_ID='inout_data_ingestion' AIRFLOW_CTX_TASK_ID='create_table' AIRFLOW_CTX_EXECUTION_DATE='2024-10-01T03:30:00+00:00' AIRFLOW_CTX_TRY_NUMBER='1' AIRFLOW_CTX_DAG_RUN_ID='scheduled__2024-10-01T03:30:00+00:00'
[2025-03-30T11:39:18.775+0000] {logging_mixin.py:188} INFO - Successfully connected to MariaDB: INOUT on mariadb:3306
[2025-03-30T11:39:18.775+0000] {inout_data.py:46} INFO - Table emp_inout_rec created (if it didn't exist).
[2025-03-30T11:39:18.776+0000] {logging_mixin.py:188} INFO - MariaDB connection closed.
[2025-03-30T11:39:18.776+0000] {python.py:202} INFO - Done. Returned value was: None
[2025-03-30T11:39:18.791+0000] {taskinstance.py:1149} INFO - Marking task as SUCCESS. dag_id=inout_data_ingestion, task_id=create_table, execution_date=20241001T033000, start_date=20250330T113918, end_date=20250330T113918
[2025-03-30T11:39:18.847+0000] {local_task_job_runner.py:234} INFO - Task exited with return code 0
[2025-03-30T11:39:18.965+0000] {taskinstance.py:3309} INFO - 1 downstream tasks scheduled from follow-on schedule check
[2025-03-30T11:41:26.834+0000] {taskinstance.py:1979} INFO - Dependencies all met for dep_context=non-requeueable deps ti=<TaskInstance: inout_data_ingestion.create_table scheduled__2024-10-01T03:30:00+00:00 [queued]>
[2025-03-30T11:41:26.851+0000] {taskinstance.py:1979} INFO - Dependencies all met for dep_context=requeueable deps ti=<TaskInstance: inout_data_ingestion.create_table scheduled__2024-10-01T03:30:00+00:00 [queued]>
[2025-03-30T11:41:26.852+0000] {taskinstance.py:2193} INFO - Starting attempt 1 of 2
[2025-03-30T11:41:26.893+0000] {taskinstance.py:2214} INFO - Executing <Task(PythonOperator): create_table> on 2024-10-01 03:30:00+00:00
[2025-03-30T11:41:26.900+0000] {standard_task_runner.py:60} INFO - Started process 7083 to run task
[2025-03-30T11:41:26.914+0000] {standard_task_runner.py:87} INFO - Running: ['***', 'tasks', 'run', 'inout_data_ingestion', 'create_table', 'scheduled__2024-10-01T03:30:00+00:00', '--job-id', '3516', '--raw', '--subdir', 'DAGS_FOLDER/inout_data.py', '--cfg-path', '/tmp/tmp3i8eodrj']
[2025-03-30T11:41:26.918+0000] {standard_task_runner.py:88} INFO - Job 3516: Subtask create_table
[2025-03-30T11:41:26.945+0000] {warnings.py:109} WARNING - /home/***/.local/lib/python3.8/site-packages/***/settings.py:194: DeprecationWarning: The sql_alchemy_conn option in [core] has been moved to the sql_alchemy_conn option in [database] - the old setting has been used, but please update your config.
  SQL_ALCHEMY_CONN = conf.get("database", "SQL_ALCHEMY_CONN")

[2025-03-30T11:41:27.012+0000] {task_command.py:423} INFO - Running <TaskInstance: inout_data_ingestion.create_table scheduled__2024-10-01T03:30:00+00:00 [running]> on host ff9d64b065e6
[2025-03-30T11:41:27.203+0000] {taskinstance.py:2510} INFO - Exporting env vars: AIRFLOW_CTX_DAG_OWNER='***' AIRFLOW_CTX_DAG_ID='inout_data_ingestion' AIRFLOW_CTX_TASK_ID='create_table' AIRFLOW_CTX_EXECUTION_DATE='2024-10-01T03:30:00+00:00' AIRFLOW_CTX_TRY_NUMBER='1' AIRFLOW_CTX_DAG_RUN_ID='scheduled__2024-10-01T03:30:00+00:00'
[2025-03-30T11:41:27.211+0000] {logging_mixin.py:188} INFO - Successfully connected to MariaDB: INOUT on mariadb:3306
[2025-03-30T11:41:27.213+0000] {inout_data.py:46} INFO - Table emp_inout_rec created (if it didn't exist).
[2025-03-30T11:41:27.214+0000] {logging_mixin.py:188} INFO - MariaDB connection closed.
[2025-03-30T11:41:27.215+0000] {python.py:202} INFO - Done. Returned value was: None
[2025-03-30T11:41:27.228+0000] {taskinstance.py:1149} INFO - Marking task as SUCCESS. dag_id=inout_data_ingestion, task_id=create_table, execution_date=20241001T033000, start_date=20250330T114126, end_date=20250330T114127
[2025-03-30T11:41:27.275+0000] {local_task_job_runner.py:234} INFO - Task exited with return code 0
[2025-03-30T11:41:27.317+0000] {taskinstance.py:3309} INFO - 1 downstream tasks scheduled from follow-on schedule check
