[2025-03-30T11:10:37.024+0000] {taskinstance.py:1979} INFO - Dependencies all met for dep_context=non-requeueable deps ti=<TaskInstance: inout_data_ingestion.ingest_dummy_data scheduled__2024-10-02T10:30:00+00:00 [queued]>
[2025-03-30T11:10:37.046+0000] {taskinstance.py:1979} INFO - Dependencies all met for dep_context=requeueable deps ti=<TaskInstance: inout_data_ingestion.ingest_dummy_data scheduled__2024-10-02T10:30:00+00:00 [queued]>
[2025-03-30T11:10:37.047+0000] {taskinstance.py:2193} INFO - Starting attempt 1 of 2
[2025-03-30T11:10:37.078+0000] {taskinstance.py:2214} INFO - Executing <Task(PythonOperator): ingest_dummy_data> on 2024-10-02 10:30:00+00:00
[2025-03-30T11:10:37.086+0000] {standard_task_runner.py:60} INFO - Started process 769 to run task
[2025-03-30T11:10:37.105+0000] {standard_task_runner.py:87} INFO - Running: ['***', 'tasks', 'run', 'inout_data_ingestion', 'ingest_dummy_data', 'scheduled__2024-10-02T10:30:00+00:00', '--job-id', '358', '--raw', '--subdir', 'DAGS_FOLDER/inout_data.py', '--cfg-path', '/tmp/tmprbn_1qrz']
[2025-03-30T11:10:37.108+0000] {standard_task_runner.py:88} INFO - Job 358: Subtask ingest_dummy_data
[2025-03-30T11:10:37.128+0000] {warnings.py:109} WARNING - /home/***/.local/lib/python3.8/site-packages/***/settings.py:194: DeprecationWarning: The sql_alchemy_conn option in [core] has been moved to the sql_alchemy_conn option in [database] - the old setting has been used, but please update your config.
  SQL_ALCHEMY_CONN = conf.get("database", "SQL_ALCHEMY_CONN")

[2025-03-30T11:10:37.185+0000] {task_command.py:423} INFO - Running <TaskInstance: inout_data_ingestion.ingest_dummy_data scheduled__2024-10-02T10:30:00+00:00 [running]> on host ff9d64b065e6
[2025-03-30T11:10:37.290+0000] {taskinstance.py:2510} INFO - Exporting env vars: AIRFLOW_CTX_DAG_OWNER='***' AIRFLOW_CTX_DAG_ID='inout_data_ingestion' AIRFLOW_CTX_TASK_ID='ingest_dummy_data' AIRFLOW_CTX_EXECUTION_DATE='2024-10-02T10:30:00+00:00' AIRFLOW_CTX_TRY_NUMBER='1' AIRFLOW_CTX_DAG_RUN_ID='scheduled__2024-10-02T10:30:00+00:00'
[2025-03-30T11:10:37.296+0000] {inout_data.py:42} INFO - Successfully connected to MariaDB: INOUT on mariadb:3306
[2025-03-30T11:10:37.299+0000] {inout_data.py:63} ERROR - Error executing query: (1062, "Duplicate entry '2025-03-30 11:10:37-2125' for key 'PRIMARY'")
[2025-03-30T11:10:37.300+0000] {inout_data.py:63} ERROR - Error executing query: (1062, "Duplicate entry '2025-03-30 11:10:37-2125' for key 'PRIMARY'")
[2025-03-30T11:10:37.301+0000] {inout_data.py:63} ERROR - Error executing query: (1062, "Duplicate entry '2025-03-30 11:10:37-2125' for key 'PRIMARY'")
[2025-03-30T11:10:37.302+0000] {inout_data.py:63} ERROR - Error executing query: (1062, "Duplicate entry '2025-03-30 11:10:37-2125' for key 'PRIMARY'")
[2025-03-30T11:10:37.303+0000] {inout_data.py:63} ERROR - Error executing query: (1062, "Duplicate entry '2025-03-30 11:10:37-2125' for key 'PRIMARY'")
[2025-03-30T11:10:37.305+0000] {inout_data.py:63} ERROR - Error executing query: (1062, "Duplicate entry '2025-03-30 11:10:37-2125' for key 'PRIMARY'")
[2025-03-30T11:10:37.306+0000] {inout_data.py:63} ERROR - Error executing query: (1062, "Duplicate entry '2025-03-30 11:10:37-2125' for key 'PRIMARY'")
[2025-03-30T11:10:37.307+0000] {inout_data.py:63} ERROR - Error executing query: (1062, "Duplicate entry '2025-03-30 11:10:37-2125' for key 'PRIMARY'")
[2025-03-30T11:10:37.308+0000] {inout_data.py:63} ERROR - Error executing query: (1062, "Duplicate entry '2025-03-30 11:10:37-2125' for key 'PRIMARY'")
[2025-03-30T11:10:37.311+0000] {inout_data.py:63} ERROR - Error executing query: (1062, "Duplicate entry '2025-03-30 11:10:37-2125' for key 'PRIMARY'")
[2025-03-30T11:10:37.312+0000] {inout_data.py:63} ERROR - Error executing query: (1062, "Duplicate entry '2025-03-30 11:10:37-2125' for key 'PRIMARY'")
[2025-03-30T11:10:37.313+0000] {inout_data.py:63} ERROR - Error executing query: (1062, "Duplicate entry '2025-03-30 11:10:37-2125' for key 'PRIMARY'")
[2025-03-30T11:10:37.314+0000] {inout_data.py:63} ERROR - Error executing query: (1062, "Duplicate entry '2025-03-30 11:10:37-2125' for key 'PRIMARY'")
[2025-03-30T11:10:37.321+0000] {inout_data.py:63} ERROR - Error executing query: (1062, "Duplicate entry '2025-03-30 11:10:37-2125' for key 'PRIMARY'")
[2025-03-30T11:10:37.322+0000] {inout_data.py:63} ERROR - Error executing query: (1062, "Duplicate entry '2025-03-30 11:10:37-2125' for key 'PRIMARY'")
[2025-03-30T11:10:37.323+0000] {inout_data.py:63} ERROR - Error executing query: (1062, "Duplicate entry '2025-03-30 11:10:37-2125' for key 'PRIMARY'")
[2025-03-30T11:10:37.324+0000] {inout_data.py:63} ERROR - Error executing query: (1062, "Duplicate entry '2025-03-30 11:10:37-2125' for key 'PRIMARY'")
[2025-03-30T11:10:37.326+0000] {inout_data.py:63} ERROR - Error executing query: (1062, "Duplicate entry '2025-03-30 11:10:37-2125' for key 'PRIMARY'")
[2025-03-30T11:10:37.328+0000] {inout_data.py:159} INFO - Ingested 19 rows of dummy data.
[2025-03-30T11:10:37.329+0000] {inout_data.py:78} INFO - MariaDB connection closed.
[2025-03-30T11:10:37.329+0000] {python.py:202} INFO - Done. Returned value was: None
[2025-03-30T11:10:37.343+0000] {taskinstance.py:1149} INFO - Marking task as SUCCESS. dag_id=inout_data_ingestion, task_id=ingest_dummy_data, execution_date=20241002T103000, start_date=20250330T111037, end_date=20250330T111037
[2025-03-30T11:10:37.399+0000] {local_task_job_runner.py:234} INFO - Task exited with return code 0
[2025-03-30T11:10:37.433+0000] {taskinstance.py:3309} INFO - 0 downstream tasks scheduled from follow-on schedule check
[2025-03-30T11:17:13.602+0000] {taskinstance.py:1979} INFO - Dependencies all met for dep_context=non-requeueable deps ti=<TaskInstance: inout_data_ingestion.ingest_dummy_data scheduled__2024-10-02T10:30:00+00:00 [queued]>
[2025-03-30T11:17:13.618+0000] {taskinstance.py:1979} INFO - Dependencies all met for dep_context=requeueable deps ti=<TaskInstance: inout_data_ingestion.ingest_dummy_data scheduled__2024-10-02T10:30:00+00:00 [queued]>
[2025-03-30T11:17:13.619+0000] {taskinstance.py:2193} INFO - Starting attempt 1 of 2
[2025-03-30T11:17:13.634+0000] {taskinstance.py:2214} INFO - Executing <Task(PythonOperator): ingest_dummy_data> on 2024-10-02 10:30:00+00:00
[2025-03-30T11:17:13.642+0000] {standard_task_runner.py:60} INFO - Started process 2617 to run task
[2025-03-30T11:17:13.646+0000] {standard_task_runner.py:87} INFO - Running: ['***', 'tasks', 'run', 'inout_data_ingestion', 'ingest_dummy_data', 'scheduled__2024-10-02T10:30:00+00:00', '--job-id', '1284', '--raw', '--subdir', 'DAGS_FOLDER/inout_data.py', '--cfg-path', '/tmp/tmpx9jd41ip']
[2025-03-30T11:17:13.648+0000] {standard_task_runner.py:88} INFO - Job 1284: Subtask ingest_dummy_data
[2025-03-30T11:17:13.667+0000] {warnings.py:109} WARNING - /home/***/.local/lib/python3.8/site-packages/***/settings.py:194: DeprecationWarning: The sql_alchemy_conn option in [core] has been moved to the sql_alchemy_conn option in [database] - the old setting has been used, but please update your config.
  SQL_ALCHEMY_CONN = conf.get("database", "SQL_ALCHEMY_CONN")

[2025-03-30T11:17:13.689+0000] {task_command.py:423} INFO - Running <TaskInstance: inout_data_ingestion.ingest_dummy_data scheduled__2024-10-02T10:30:00+00:00 [running]> on host ff9d64b065e6
[2025-03-30T11:17:13.733+0000] {taskinstance.py:2510} INFO - Exporting env vars: AIRFLOW_CTX_DAG_OWNER='***' AIRFLOW_CTX_DAG_ID='inout_data_ingestion' AIRFLOW_CTX_TASK_ID='ingest_dummy_data' AIRFLOW_CTX_EXECUTION_DATE='2024-10-02T10:30:00+00:00' AIRFLOW_CTX_TRY_NUMBER='1' AIRFLOW_CTX_DAG_RUN_ID='scheduled__2024-10-02T10:30:00+00:00'
[2025-03-30T11:17:13.739+0000] {inout_data.py:42} INFO - Successfully connected to MariaDB: INOUT on mariadb:3306
[2025-03-30T11:17:13.740+0000] {inout_data.py:63} ERROR - Error executing query: (1062, "Duplicate entry '2025-03-30 11:17:13-1847' for key 'PRIMARY'")
[2025-03-30T11:17:13.741+0000] {inout_data.py:63} ERROR - Error executing query: (1062, "Duplicate entry '2025-03-30 11:17:13-1847' for key 'PRIMARY'")
[2025-03-30T11:17:13.741+0000] {inout_data.py:63} ERROR - Error executing query: (1062, "Duplicate entry '2025-03-30 11:17:13-1847' for key 'PRIMARY'")
[2025-03-30T11:17:13.742+0000] {inout_data.py:63} ERROR - Error executing query: (1062, "Duplicate entry '2025-03-30 11:17:13-1847' for key 'PRIMARY'")
[2025-03-30T11:17:13.742+0000] {inout_data.py:63} ERROR - Error executing query: (1062, "Duplicate entry '2025-03-30 11:17:13-1847' for key 'PRIMARY'")
[2025-03-30T11:17:13.742+0000] {inout_data.py:152} INFO - Ingested 6 rows of dummy data.
[2025-03-30T11:17:13.742+0000] {inout_data.py:78} INFO - MariaDB connection closed.
[2025-03-30T11:17:13.742+0000] {python.py:202} INFO - Done. Returned value was: None
[2025-03-30T11:17:13.749+0000] {taskinstance.py:1149} INFO - Marking task as SUCCESS. dag_id=inout_data_ingestion, task_id=ingest_dummy_data, execution_date=20241002T103000, start_date=20250330T111713, end_date=20250330T111713
[2025-03-30T11:17:13.789+0000] {local_task_job_runner.py:234} INFO - Task exited with return code 0
[2025-03-30T11:17:13.799+0000] {taskinstance.py:3309} INFO - 0 downstream tasks scheduled from follow-on schedule check
[2025-03-30T11:29:40.839+0000] {taskinstance.py:1979} INFO - Dependencies all met for dep_context=non-requeueable deps ti=<TaskInstance: inout_data_ingestion.ingest_dummy_data scheduled__2024-10-02T10:30:00+00:00 [queued]>
[2025-03-30T11:29:40.848+0000] {taskinstance.py:1979} INFO - Dependencies all met for dep_context=requeueable deps ti=<TaskInstance: inout_data_ingestion.ingest_dummy_data scheduled__2024-10-02T10:30:00+00:00 [queued]>
[2025-03-30T11:29:40.849+0000] {taskinstance.py:2193} INFO - Starting attempt 1 of 2
[2025-03-30T11:29:40.856+0000] {taskinstance.py:2214} INFO - Executing <Task(PythonOperator): ingest_dummy_data> on 2024-10-02 10:30:00+00:00
[2025-03-30T11:29:40.859+0000] {standard_task_runner.py:60} INFO - Started process 4539 to run task
[2025-03-30T11:29:40.862+0000] {standard_task_runner.py:87} INFO - Running: ['***', 'tasks', 'run', 'inout_data_ingestion', 'ingest_dummy_data', 'scheduled__2024-10-02T10:30:00+00:00', '--job-id', '2245', '--raw', '--subdir', 'DAGS_FOLDER/inout_data.py', '--cfg-path', '/tmp/tmpd2u3mlv2']
[2025-03-30T11:29:40.863+0000] {standard_task_runner.py:88} INFO - Job 2245: Subtask ingest_dummy_data
[2025-03-30T11:29:40.872+0000] {warnings.py:109} WARNING - /home/***/.local/lib/python3.8/site-packages/***/settings.py:194: DeprecationWarning: The sql_alchemy_conn option in [core] has been moved to the sql_alchemy_conn option in [database] - the old setting has been used, but please update your config.
  SQL_ALCHEMY_CONN = conf.get("database", "SQL_ALCHEMY_CONN")

[2025-03-30T11:29:40.896+0000] {task_command.py:423} INFO - Running <TaskInstance: inout_data_ingestion.ingest_dummy_data scheduled__2024-10-02T10:30:00+00:00 [running]> on host ff9d64b065e6
[2025-03-30T11:29:40.935+0000] {taskinstance.py:2510} INFO - Exporting env vars: AIRFLOW_CTX_DAG_OWNER='***' AIRFLOW_CTX_DAG_ID='inout_data_ingestion' AIRFLOW_CTX_TASK_ID='ingest_dummy_data' AIRFLOW_CTX_EXECUTION_DATE='2024-10-02T10:30:00+00:00' AIRFLOW_CTX_TRY_NUMBER='1' AIRFLOW_CTX_DAG_RUN_ID='scheduled__2024-10-02T10:30:00+00:00'
[2025-03-30T11:29:40.937+0000] {logging_mixin.py:188} INFO - Successfully connected to MariaDB: INOUT on mariadb:3306
[2025-03-30T11:29:40.937+0000] {logging_mixin.py:188} INFO - General error executing query: not all arguments converted during string formatting
[2025-03-30T11:29:40.937+0000] {logging_mixin.py:188} INFO - General error executing query: not all arguments converted during string formatting
[2025-03-30T11:29:40.937+0000] {logging_mixin.py:188} INFO - General error executing query: not all arguments converted during string formatting
[2025-03-30T11:29:40.938+0000] {logging_mixin.py:188} INFO - General error executing query: not all arguments converted during string formatting
[2025-03-30T11:29:40.938+0000] {logging_mixin.py:188} INFO - General error executing query: not all arguments converted during string formatting
[2025-03-30T11:29:40.938+0000] {inout_data.py:87} INFO - Ingested 5 rows of dummy data for 2024-10-02 10:30:00+00:00.
[2025-03-30T11:29:40.938+0000] {logging_mixin.py:188} INFO - MariaDB connection closed.
[2025-03-30T11:29:40.938+0000] {python.py:202} INFO - Done. Returned value was: None
[2025-03-30T11:29:40.943+0000] {taskinstance.py:1149} INFO - Marking task as SUCCESS. dag_id=inout_data_ingestion, task_id=ingest_dummy_data, execution_date=20241002T103000, start_date=20250330T112940, end_date=20250330T112940
[2025-03-30T11:29:40.958+0000] {local_task_job_runner.py:234} INFO - Task exited with return code 0
[2025-03-30T11:29:40.975+0000] {taskinstance.py:3309} INFO - 0 downstream tasks scheduled from follow-on schedule check
[2025-03-30T11:34:34.219+0000] {taskinstance.py:1979} INFO - Dependencies all met for dep_context=non-requeueable deps ti=<TaskInstance: inout_data_ingestion.ingest_dummy_data scheduled__2024-10-02T10:30:00+00:00 [queued]>
[2025-03-30T11:34:34.231+0000] {taskinstance.py:1979} INFO - Dependencies all met for dep_context=requeueable deps ti=<TaskInstance: inout_data_ingestion.ingest_dummy_data scheduled__2024-10-02T10:30:00+00:00 [queued]>
[2025-03-30T11:34:34.232+0000] {taskinstance.py:2193} INFO - Starting attempt 1 of 2
[2025-03-30T11:34:34.242+0000] {taskinstance.py:2214} INFO - Executing <Task(PythonOperator): ingest_dummy_data> on 2024-10-02 10:30:00+00:00
[2025-03-30T11:34:34.247+0000] {standard_task_runner.py:60} INFO - Started process 5993 to run task
[2025-03-30T11:34:34.255+0000] {standard_task_runner.py:87} INFO - Running: ['***', 'tasks', 'run', 'inout_data_ingestion', 'ingest_dummy_data', 'scheduled__2024-10-02T10:30:00+00:00', '--job-id', '2972', '--raw', '--subdir', 'DAGS_FOLDER/inout_data.py', '--cfg-path', '/tmp/tmp3t_239bp']
[2025-03-30T11:34:34.257+0000] {standard_task_runner.py:88} INFO - Job 2972: Subtask ingest_dummy_data
[2025-03-30T11:34:34.264+0000] {warnings.py:109} WARNING - /home/***/.local/lib/python3.8/site-packages/***/settings.py:194: DeprecationWarning: The sql_alchemy_conn option in [core] has been moved to the sql_alchemy_conn option in [database] - the old setting has been used, but please update your config.
  SQL_ALCHEMY_CONN = conf.get("database", "SQL_ALCHEMY_CONN")

[2025-03-30T11:34:34.297+0000] {task_command.py:423} INFO - Running <TaskInstance: inout_data_ingestion.ingest_dummy_data scheduled__2024-10-02T10:30:00+00:00 [running]> on host ff9d64b065e6
[2025-03-30T11:34:34.370+0000] {taskinstance.py:2510} INFO - Exporting env vars: AIRFLOW_CTX_DAG_OWNER='***' AIRFLOW_CTX_DAG_ID='inout_data_ingestion' AIRFLOW_CTX_TASK_ID='ingest_dummy_data' AIRFLOW_CTX_EXECUTION_DATE='2024-10-02T10:30:00+00:00' AIRFLOW_CTX_TRY_NUMBER='1' AIRFLOW_CTX_DAG_RUN_ID='scheduled__2024-10-02T10:30:00+00:00'
[2025-03-30T11:34:34.372+0000] {logging_mixin.py:188} INFO - Successfully connected to MariaDB: INOUT on mariadb:3306
[2025-03-30T11:34:34.372+0000] {inout_data.py:83} INFO - {'ingested_time': datetime.datetime(2025, 3, 30, 11, 34, 34, 372825), 'timestamp': datetime.datetime(2024, 10, 2, 10, 59, tzinfo=datetime.timezone.utc), 'emp_id': 5540, 'employee_name': 'Employee24', 'factory': 'FactoryB', 'in_out': 'IN', 'entrance': 'Side', 'door_number': '2', 'function': 'IT', 'division': 'AAPD', 'department': 'ML', 'section': '1'}
[2025-03-30T11:34:34.373+0000] {logging_mixin.py:188} INFO - General error executing query: not all arguments converted during string formatting
[2025-03-30T11:34:34.373+0000] {inout_data.py:83} INFO - {'ingested_time': datetime.datetime(2025, 3, 30, 11, 34, 34, 373231), 'timestamp': datetime.datetime(2024, 10, 2, 10, 51, tzinfo=datetime.timezone.utc), 'emp_id': 4314, 'employee_name': 'Employee18', 'factory': 'FactoryB', 'in_out': 'OUT', 'entrance': 'Side', 'door_number': '10', 'function': 'IT', 'division': 'AAPD', 'department': 'ML', 'section': '2'}
[2025-03-30T11:34:34.373+0000] {logging_mixin.py:188} INFO - General error executing query: not all arguments converted during string formatting
[2025-03-30T11:34:34.373+0000] {inout_data.py:83} INFO - {'ingested_time': datetime.datetime(2025, 3, 30, 11, 34, 34, 373573), 'timestamp': datetime.datetime(2024, 10, 2, 10, 34, tzinfo=datetime.timezone.utc), 'emp_id': 2872, 'employee_name': 'Employee48', 'factory': 'FactoryB', 'in_out': 'IN', 'entrance': 'Main', 'door_number': '10', 'function': 'IT', 'division': 'AAPD', 'department': 'CAPD', 'section': '1'}
[2025-03-30T11:34:34.373+0000] {logging_mixin.py:188} INFO - General error executing query: not all arguments converted during string formatting
[2025-03-30T11:34:34.373+0000] {inout_data.py:83} INFO - {'ingested_time': datetime.datetime(2025, 3, 30, 11, 34, 34, 373907), 'timestamp': datetime.datetime(2024, 10, 2, 10, 35, tzinfo=datetime.timezone.utc), 'emp_id': 4239, 'employee_name': 'Employee50', 'factory': 'FactoryB', 'in_out': 'OUT', 'entrance': 'Side', 'door_number': '6', 'function': 'IT', 'division': 'AAPD', 'department': 'CAPD', 'section': '2'}
[2025-03-30T11:34:34.374+0000] {logging_mixin.py:188} INFO - General error executing query: not all arguments converted during string formatting
[2025-03-30T11:34:34.374+0000] {inout_data.py:83} INFO - {'ingested_time': datetime.datetime(2025, 3, 30, 11, 34, 34, 374169), 'timestamp': datetime.datetime(2024, 10, 2, 10, 38, tzinfo=datetime.timezone.utc), 'emp_id': 5343, 'employee_name': 'Employee30', 'factory': 'FactoryB', 'in_out': 'OUT', 'entrance': 'Main', 'door_number': '3', 'function': 'IT', 'division': 'AAPD', 'department': 'ML', 'section': '1'}
[2025-03-30T11:34:34.374+0000] {logging_mixin.py:188} INFO - General error executing query: not all arguments converted during string formatting
[2025-03-30T11:34:34.374+0000] {inout_data.py:88} INFO - Ingested 5 rows of dummy data for 2024-10-02 10:30:00+00:00.
[2025-03-30T11:34:34.374+0000] {logging_mixin.py:188} INFO - MariaDB connection closed.
[2025-03-30T11:34:34.374+0000] {python.py:202} INFO - Done. Returned value was: None
[2025-03-30T11:34:34.380+0000] {taskinstance.py:1149} INFO - Marking task as SUCCESS. dag_id=inout_data_ingestion, task_id=ingest_dummy_data, execution_date=20241002T103000, start_date=20250330T113434, end_date=20250330T113434
[2025-03-30T11:34:34.392+0000] {local_task_job_runner.py:234} INFO - Task exited with return code 0
[2025-03-30T11:34:34.401+0000] {taskinstance.py:3309} INFO - 0 downstream tasks scheduled from follow-on schedule check
