[2025-03-30T11:11:20.758+0000] {taskinstance.py:1979} INFO - Dependencies all met for dep_context=non-requeueable deps ti=<TaskInstance: inout_data_ingestion.create_table scheduled__2024-10-03T17:30:00+00:00 [queued]>
[2025-03-30T11:11:20.780+0000] {taskinstance.py:1979} INFO - Dependencies all met for dep_context=requeueable deps ti=<TaskInstance: inout_data_ingestion.create_table scheduled__2024-10-03T17:30:00+00:00 [queued]>
[2025-03-30T11:11:20.780+0000] {taskinstance.py:2193} INFO - Starting attempt 1 of 2
[2025-03-30T11:11:20.832+0000] {taskinstance.py:2214} INFO - Executing <Task(PythonOperator): create_table> on 2024-10-03 17:30:00+00:00
[2025-03-30T11:11:20.844+0000] {standard_task_runner.py:60} INFO - Started process 1005 to run task
[2025-03-30T11:11:20.859+0000] {standard_task_runner.py:87} INFO - Running: ['***', 'tasks', 'run', 'inout_data_ingestion', 'create_table', 'scheduled__2024-10-03T17:30:00+00:00', '--job-id', '476', '--raw', '--subdir', 'DAGS_FOLDER/inout_data.py', '--cfg-path', '/tmp/tmps8f4247i']
[2025-03-30T11:11:20.861+0000] {standard_task_runner.py:88} INFO - Job 476: Subtask create_table
[2025-03-30T11:11:20.884+0000] {warnings.py:109} WARNING - /home/***/.local/lib/python3.8/site-packages/***/settings.py:194: DeprecationWarning: The sql_alchemy_conn option in [core] has been moved to the sql_alchemy_conn option in [database] - the old setting has been used, but please update your config.
  SQL_ALCHEMY_CONN = conf.get("database", "SQL_ALCHEMY_CONN")

[2025-03-30T11:11:20.945+0000] {task_command.py:423} INFO - Running <TaskInstance: inout_data_ingestion.create_table scheduled__2024-10-03T17:30:00+00:00 [running]> on host ff9d64b065e6
[2025-03-30T11:11:21.078+0000] {taskinstance.py:2510} INFO - Exporting env vars: AIRFLOW_CTX_DAG_OWNER='***' AIRFLOW_CTX_DAG_ID='inout_data_ingestion' AIRFLOW_CTX_TASK_ID='create_table' AIRFLOW_CTX_EXECUTION_DATE='2024-10-03T17:30:00+00:00' AIRFLOW_CTX_TRY_NUMBER='1' AIRFLOW_CTX_DAG_RUN_ID='scheduled__2024-10-03T17:30:00+00:00'
[2025-03-30T11:11:21.084+0000] {inout_data.py:42} INFO - Successfully connected to MariaDB: INOUT on mariadb:3306
[2025-03-30T11:11:21.085+0000] {inout_data.py:124} INFO - Table emp_inout_rec created (if it didn't exist).
[2025-03-30T11:11:21.087+0000] {inout_data.py:78} INFO - MariaDB connection closed.
[2025-03-30T11:11:21.087+0000] {python.py:202} INFO - Done. Returned value was: None
[2025-03-30T11:11:21.097+0000] {taskinstance.py:1149} INFO - Marking task as SUCCESS. dag_id=inout_data_ingestion, task_id=create_table, execution_date=20241003T173000, start_date=20250330T111120, end_date=20250330T111121
[2025-03-30T11:11:21.120+0000] {local_task_job_runner.py:234} INFO - Task exited with return code 0
[2025-03-30T11:11:21.147+0000] {taskinstance.py:3309} INFO - 1 downstream tasks scheduled from follow-on schedule check
[2025-03-30T11:17:53.444+0000] {taskinstance.py:1979} INFO - Dependencies all met for dep_context=non-requeueable deps ti=<TaskInstance: inout_data_ingestion.create_table scheduled__2024-10-03T17:30:00+00:00 [queued]>
[2025-03-30T11:17:53.454+0000] {taskinstance.py:1979} INFO - Dependencies all met for dep_context=requeueable deps ti=<TaskInstance: inout_data_ingestion.create_table scheduled__2024-10-03T17:30:00+00:00 [queued]>
[2025-03-30T11:17:53.455+0000] {taskinstance.py:2193} INFO - Starting attempt 1 of 2
[2025-03-30T11:17:53.484+0000] {taskinstance.py:2214} INFO - Executing <Task(PythonOperator): create_table> on 2024-10-03 17:30:00+00:00
[2025-03-30T11:17:53.491+0000] {standard_task_runner.py:60} INFO - Started process 2858 to run task
[2025-03-30T11:17:53.499+0000] {standard_task_runner.py:87} INFO - Running: ['***', 'tasks', 'run', 'inout_data_ingestion', 'create_table', 'scheduled__2024-10-03T17:30:00+00:00', '--job-id', '1403', '--raw', '--subdir', 'DAGS_FOLDER/inout_data.py', '--cfg-path', '/tmp/tmp5okwf0hn']
[2025-03-30T11:17:53.501+0000] {standard_task_runner.py:88} INFO - Job 1403: Subtask create_table
[2025-03-30T11:17:53.527+0000] {warnings.py:109} WARNING - /home/***/.local/lib/python3.8/site-packages/***/settings.py:194: DeprecationWarning: The sql_alchemy_conn option in [core] has been moved to the sql_alchemy_conn option in [database] - the old setting has been used, but please update your config.
  SQL_ALCHEMY_CONN = conf.get("database", "SQL_ALCHEMY_CONN")

[2025-03-30T11:17:53.568+0000] {task_command.py:423} INFO - Running <TaskInstance: inout_data_ingestion.create_table scheduled__2024-10-03T17:30:00+00:00 [running]> on host ff9d64b065e6
[2025-03-30T11:17:53.647+0000] {taskinstance.py:2510} INFO - Exporting env vars: AIRFLOW_CTX_DAG_OWNER='***' AIRFLOW_CTX_DAG_ID='inout_data_ingestion' AIRFLOW_CTX_TASK_ID='create_table' AIRFLOW_CTX_EXECUTION_DATE='2024-10-03T17:30:00+00:00' AIRFLOW_CTX_TRY_NUMBER='1' AIRFLOW_CTX_DAG_RUN_ID='scheduled__2024-10-03T17:30:00+00:00'
[2025-03-30T11:17:53.656+0000] {inout_data.py:42} INFO - Successfully connected to MariaDB: INOUT on mariadb:3306
[2025-03-30T11:17:53.661+0000] {inout_data.py:117} INFO - Table emp_inout_rec created (if it didn't exist).
[2025-03-30T11:17:53.661+0000] {inout_data.py:78} INFO - MariaDB connection closed.
[2025-03-30T11:17:53.662+0000] {python.py:202} INFO - Done. Returned value was: None
[2025-03-30T11:17:53.673+0000] {taskinstance.py:1149} INFO - Marking task as SUCCESS. dag_id=inout_data_ingestion, task_id=create_table, execution_date=20241003T173000, start_date=20250330T111753, end_date=20250330T111753
[2025-03-30T11:17:53.718+0000] {local_task_job_runner.py:234} INFO - Task exited with return code 0
[2025-03-30T11:17:53.740+0000] {taskinstance.py:3309} INFO - 1 downstream tasks scheduled from follow-on schedule check
[2025-03-30T11:30:18.025+0000] {taskinstance.py:1979} INFO - Dependencies all met for dep_context=non-requeueable deps ti=<TaskInstance: inout_data_ingestion.create_table scheduled__2024-10-03T17:30:00+00:00 [queued]>
[2025-03-30T11:30:18.033+0000] {taskinstance.py:1979} INFO - Dependencies all met for dep_context=requeueable deps ti=<TaskInstance: inout_data_ingestion.create_table scheduled__2024-10-03T17:30:00+00:00 [queued]>
[2025-03-30T11:30:18.034+0000] {taskinstance.py:2193} INFO - Starting attempt 1 of 2
[2025-03-30T11:30:18.050+0000] {taskinstance.py:2214} INFO - Executing <Task(PythonOperator): create_table> on 2024-10-03 17:30:00+00:00
[2025-03-30T11:30:18.060+0000] {standard_task_runner.py:60} INFO - Started process 4776 to run task
[2025-03-30T11:30:18.070+0000] {standard_task_runner.py:87} INFO - Running: ['***', 'tasks', 'run', 'inout_data_ingestion', 'create_table', 'scheduled__2024-10-03T17:30:00+00:00', '--job-id', '2363', '--raw', '--subdir', 'DAGS_FOLDER/inout_data.py', '--cfg-path', '/tmp/tmp8rzncyxy']
[2025-03-30T11:30:18.072+0000] {standard_task_runner.py:88} INFO - Job 2363: Subtask create_table
[2025-03-30T11:30:18.097+0000] {warnings.py:109} WARNING - /home/***/.local/lib/python3.8/site-packages/***/settings.py:194: DeprecationWarning: The sql_alchemy_conn option in [core] has been moved to the sql_alchemy_conn option in [database] - the old setting has been used, but please update your config.
  SQL_ALCHEMY_CONN = conf.get("database", "SQL_ALCHEMY_CONN")

[2025-03-30T11:30:18.139+0000] {task_command.py:423} INFO - Running <TaskInstance: inout_data_ingestion.create_table scheduled__2024-10-03T17:30:00+00:00 [running]> on host ff9d64b065e6
[2025-03-30T11:30:18.218+0000] {taskinstance.py:2510} INFO - Exporting env vars: AIRFLOW_CTX_DAG_OWNER='***' AIRFLOW_CTX_DAG_ID='inout_data_ingestion' AIRFLOW_CTX_TASK_ID='create_table' AIRFLOW_CTX_EXECUTION_DATE='2024-10-03T17:30:00+00:00' AIRFLOW_CTX_TRY_NUMBER='1' AIRFLOW_CTX_DAG_RUN_ID='scheduled__2024-10-03T17:30:00+00:00'
[2025-03-30T11:30:18.227+0000] {logging_mixin.py:188} INFO - Successfully connected to MariaDB: INOUT on mariadb:3306
[2025-03-30T11:30:18.231+0000] {inout_data.py:46} INFO - Table emp_inout_rec created (if it didn't exist).
[2025-03-30T11:30:18.231+0000] {logging_mixin.py:188} INFO - MariaDB connection closed.
[2025-03-30T11:30:18.231+0000] {python.py:202} INFO - Done. Returned value was: None
[2025-03-30T11:30:18.238+0000] {taskinstance.py:1149} INFO - Marking task as SUCCESS. dag_id=inout_data_ingestion, task_id=create_table, execution_date=20241003T173000, start_date=20250330T113018, end_date=20250330T113018
[2025-03-30T11:30:18.286+0000] {local_task_job_runner.py:234} INFO - Task exited with return code 0
[2025-03-30T11:30:18.313+0000] {taskinstance.py:3309} INFO - 1 downstream tasks scheduled from follow-on schedule check
