[2025-03-30T11:09:30.911+0000] {taskinstance.py:1979} INFO - Dependencies all met for dep_context=non-requeueable deps ti=<TaskInstance: inout_data_ingestion.create_table scheduled__2024-09-30T10:00:00+00:00 [queued]>
[2025-03-30T11:09:30.927+0000] {taskinstance.py:1979} INFO - Dependencies all met for dep_context=requeueable deps ti=<TaskInstance: inout_data_ingestion.create_table scheduled__2024-09-30T10:00:00+00:00 [queued]>
[2025-03-30T11:09:30.929+0000] {taskinstance.py:2193} INFO - Starting attempt 1 of 2
[2025-03-30T11:09:30.956+0000] {taskinstance.py:2214} INFO - Executing <Task(PythonOperator): create_table> on 2024-09-30 10:00:00+00:00
[2025-03-30T11:09:30.960+0000] {standard_task_runner.py:60} INFO - Started process 369 to run task
[2025-03-30T11:09:30.967+0000] {standard_task_runner.py:87} INFO - Running: ['***', 'tasks', 'run', 'inout_data_ingestion', 'create_table', 'scheduled__2024-09-30T10:00:00+00:00', '--job-id', '158', '--raw', '--subdir', 'DAGS_FOLDER/inout_data.py', '--cfg-path', '/tmp/tmpgnddxbyk']
[2025-03-30T11:09:30.969+0000] {standard_task_runner.py:88} INFO - Job 158: Subtask create_table
[2025-03-30T11:09:30.988+0000] {warnings.py:109} WARNING - /home/***/.local/lib/python3.8/site-packages/***/settings.py:194: DeprecationWarning: The sql_alchemy_conn option in [core] has been moved to the sql_alchemy_conn option in [database] - the old setting has been used, but please update your config.
  SQL_ALCHEMY_CONN = conf.get("database", "SQL_ALCHEMY_CONN")

[2025-03-30T11:09:31.030+0000] {task_command.py:423} INFO - Running <TaskInstance: inout_data_ingestion.create_table scheduled__2024-09-30T10:00:00+00:00 [running]> on host ff9d64b065e6
[2025-03-30T11:09:31.094+0000] {taskinstance.py:2510} INFO - Exporting env vars: AIRFLOW_CTX_DAG_OWNER='***' AIRFLOW_CTX_DAG_ID='inout_data_ingestion' AIRFLOW_CTX_TASK_ID='create_table' AIRFLOW_CTX_EXECUTION_DATE='2024-09-30T10:00:00+00:00' AIRFLOW_CTX_TRY_NUMBER='1' AIRFLOW_CTX_DAG_RUN_ID='scheduled__2024-09-30T10:00:00+00:00'
[2025-03-30T11:09:31.100+0000] {inout_data.py:42} INFO - Successfully connected to MariaDB: INOUT on mariadb:3306
[2025-03-30T11:09:31.101+0000] {inout_data.py:124} INFO - Table emp_inout_rec created (if it didn't exist).
[2025-03-30T11:09:31.102+0000] {inout_data.py:78} INFO - MariaDB connection closed.
[2025-03-30T11:09:31.102+0000] {python.py:202} INFO - Done. Returned value was: None
[2025-03-30T11:09:31.110+0000] {taskinstance.py:1149} INFO - Marking task as SUCCESS. dag_id=inout_data_ingestion, task_id=create_table, execution_date=20240930T100000, start_date=20250330T110930, end_date=20250330T110931
[2025-03-30T11:09:31.147+0000] {local_task_job_runner.py:234} INFO - Task exited with return code 0
[2025-03-30T11:09:31.188+0000] {taskinstance.py:3309} INFO - 1 downstream tasks scheduled from follow-on schedule check
[2025-03-30T11:16:10.209+0000] {taskinstance.py:1979} INFO - Dependencies all met for dep_context=non-requeueable deps ti=<TaskInstance: inout_data_ingestion.create_table scheduled__2024-09-30T10:00:00+00:00 [queued]>
[2025-03-30T11:16:10.226+0000] {taskinstance.py:1979} INFO - Dependencies all met for dep_context=requeueable deps ti=<TaskInstance: inout_data_ingestion.create_table scheduled__2024-09-30T10:00:00+00:00 [queued]>
[2025-03-30T11:16:10.228+0000] {taskinstance.py:2193} INFO - Starting attempt 1 of 2
[2025-03-30T11:16:10.247+0000] {taskinstance.py:2214} INFO - Executing <Task(PythonOperator): create_table> on 2024-09-30 10:00:00+00:00
[2025-03-30T11:16:10.256+0000] {standard_task_runner.py:60} INFO - Started process 2227 to run task
[2025-03-30T11:16:10.271+0000] {standard_task_runner.py:87} INFO - Running: ['***', 'tasks', 'run', 'inout_data_ingestion', 'create_table', 'scheduled__2024-09-30T10:00:00+00:00', '--job-id', '1088', '--raw', '--subdir', 'DAGS_FOLDER/inout_data.py', '--cfg-path', '/tmp/tmp32dy7ugu']
[2025-03-30T11:16:10.278+0000] {standard_task_runner.py:88} INFO - Job 1088: Subtask create_table
[2025-03-30T11:16:10.314+0000] {warnings.py:109} WARNING - /home/***/.local/lib/python3.8/site-packages/***/settings.py:194: DeprecationWarning: The sql_alchemy_conn option in [core] has been moved to the sql_alchemy_conn option in [database] - the old setting has been used, but please update your config.
  SQL_ALCHEMY_CONN = conf.get("database", "SQL_ALCHEMY_CONN")

[2025-03-30T11:16:10.402+0000] {task_command.py:423} INFO - Running <TaskInstance: inout_data_ingestion.create_table scheduled__2024-09-30T10:00:00+00:00 [running]> on host ff9d64b065e6
[2025-03-30T11:16:10.536+0000] {taskinstance.py:2510} INFO - Exporting env vars: AIRFLOW_CTX_DAG_OWNER='***' AIRFLOW_CTX_DAG_ID='inout_data_ingestion' AIRFLOW_CTX_TASK_ID='create_table' AIRFLOW_CTX_EXECUTION_DATE='2024-09-30T10:00:00+00:00' AIRFLOW_CTX_TRY_NUMBER='1' AIRFLOW_CTX_DAG_RUN_ID='scheduled__2024-09-30T10:00:00+00:00'
[2025-03-30T11:16:10.558+0000] {inout_data.py:42} INFO - Successfully connected to MariaDB: INOUT on mariadb:3306
[2025-03-30T11:16:10.563+0000] {inout_data.py:117} INFO - Table emp_inout_rec created (if it didn't exist).
[2025-03-30T11:16:10.564+0000] {inout_data.py:78} INFO - MariaDB connection closed.
[2025-03-30T11:16:10.566+0000] {python.py:202} INFO - Done. Returned value was: None
[2025-03-30T11:16:10.604+0000] {taskinstance.py:1149} INFO - Marking task as SUCCESS. dag_id=inout_data_ingestion, task_id=create_table, execution_date=20240930T100000, start_date=20250330T111610, end_date=20250330T111610
[2025-03-30T11:16:10.657+0000] {local_task_job_runner.py:234} INFO - Task exited with return code 0
[2025-03-30T11:16:10.708+0000] {taskinstance.py:3309} INFO - 1 downstream tasks scheduled from follow-on schedule check
[2025-03-30T11:28:40.790+0000] {taskinstance.py:1979} INFO - Dependencies all met for dep_context=non-requeueable deps ti=<TaskInstance: inout_data_ingestion.create_table scheduled__2024-09-30T10:00:00+00:00 [queued]>
[2025-03-30T11:28:40.803+0000] {taskinstance.py:1979} INFO - Dependencies all met for dep_context=requeueable deps ti=<TaskInstance: inout_data_ingestion.create_table scheduled__2024-09-30T10:00:00+00:00 [queued]>
[2025-03-30T11:28:40.804+0000] {taskinstance.py:2193} INFO - Starting attempt 1 of 2
[2025-03-30T11:28:40.815+0000] {taskinstance.py:2214} INFO - Executing <Task(PythonOperator): create_table> on 2024-09-30 10:00:00+00:00
[2025-03-30T11:28:40.821+0000] {standard_task_runner.py:60} INFO - Started process 4141 to run task
[2025-03-30T11:28:40.825+0000] {standard_task_runner.py:87} INFO - Running: ['***', 'tasks', 'run', 'inout_data_ingestion', 'create_table', 'scheduled__2024-09-30T10:00:00+00:00', '--job-id', '2045', '--raw', '--subdir', 'DAGS_FOLDER/inout_data.py', '--cfg-path', '/tmp/tmppd5xjzho']
[2025-03-30T11:28:40.827+0000] {standard_task_runner.py:88} INFO - Job 2045: Subtask create_table
[2025-03-30T11:28:40.840+0000] {warnings.py:109} WARNING - /home/***/.local/lib/python3.8/site-packages/***/settings.py:194: DeprecationWarning: The sql_alchemy_conn option in [core] has been moved to the sql_alchemy_conn option in [database] - the old setting has been used, but please update your config.
  SQL_ALCHEMY_CONN = conf.get("database", "SQL_ALCHEMY_CONN")

[2025-03-30T11:28:40.876+0000] {task_command.py:423} INFO - Running <TaskInstance: inout_data_ingestion.create_table scheduled__2024-09-30T10:00:00+00:00 [running]> on host ff9d64b065e6
[2025-03-30T11:28:40.954+0000] {taskinstance.py:2510} INFO - Exporting env vars: AIRFLOW_CTX_DAG_OWNER='***' AIRFLOW_CTX_DAG_ID='inout_data_ingestion' AIRFLOW_CTX_TASK_ID='create_table' AIRFLOW_CTX_EXECUTION_DATE='2024-09-30T10:00:00+00:00' AIRFLOW_CTX_TRY_NUMBER='1' AIRFLOW_CTX_DAG_RUN_ID='scheduled__2024-09-30T10:00:00+00:00'
[2025-03-30T11:28:40.960+0000] {logging_mixin.py:188} INFO - Successfully connected to MariaDB: INOUT on mariadb:3306
[2025-03-30T11:28:40.965+0000] {inout_data.py:46} INFO - Table emp_inout_rec created (if it didn't exist).
[2025-03-30T11:28:40.966+0000] {logging_mixin.py:188} INFO - MariaDB connection closed.
[2025-03-30T11:28:40.967+0000] {python.py:202} INFO - Done. Returned value was: None
[2025-03-30T11:28:40.986+0000] {taskinstance.py:1149} INFO - Marking task as SUCCESS. dag_id=inout_data_ingestion, task_id=create_table, execution_date=20240930T100000, start_date=20250330T112840, end_date=20250330T112840
[2025-03-30T11:28:41.047+0000] {local_task_job_runner.py:234} INFO - Task exited with return code 0
[2025-03-30T11:28:41.070+0000] {taskinstance.py:3309} INFO - 1 downstream tasks scheduled from follow-on schedule check
[2025-03-30T11:33:17.158+0000] {taskinstance.py:1979} INFO - Dependencies all met for dep_context=non-requeueable deps ti=<TaskInstance: inout_data_ingestion.create_table scheduled__2024-09-30T10:00:00+00:00 [queued]>
[2025-03-30T11:33:17.171+0000] {taskinstance.py:1979} INFO - Dependencies all met for dep_context=requeueable deps ti=<TaskInstance: inout_data_ingestion.create_table scheduled__2024-09-30T10:00:00+00:00 [queued]>
[2025-03-30T11:33:17.172+0000] {taskinstance.py:2193} INFO - Starting attempt 1 of 2
[2025-03-30T11:33:17.185+0000] {taskinstance.py:2214} INFO - Executing <Task(PythonOperator): create_table> on 2024-09-30 10:00:00+00:00
[2025-03-30T11:33:17.190+0000] {standard_task_runner.py:60} INFO - Started process 5596 to run task
[2025-03-30T11:33:17.193+0000] {standard_task_runner.py:87} INFO - Running: ['***', 'tasks', 'run', 'inout_data_ingestion', 'create_table', 'scheduled__2024-09-30T10:00:00+00:00', '--job-id', '2772', '--raw', '--subdir', 'DAGS_FOLDER/inout_data.py', '--cfg-path', '/tmp/tmpshmuji7_']
[2025-03-30T11:33:17.194+0000] {standard_task_runner.py:88} INFO - Job 2772: Subtask create_table
[2025-03-30T11:33:17.213+0000] {warnings.py:109} WARNING - /home/***/.local/lib/python3.8/site-packages/***/settings.py:194: DeprecationWarning: The sql_alchemy_conn option in [core] has been moved to the sql_alchemy_conn option in [database] - the old setting has been used, but please update your config.
  SQL_ALCHEMY_CONN = conf.get("database", "SQL_ALCHEMY_CONN")

[2025-03-30T11:33:17.247+0000] {task_command.py:423} INFO - Running <TaskInstance: inout_data_ingestion.create_table scheduled__2024-09-30T10:00:00+00:00 [running]> on host ff9d64b065e6
[2025-03-30T11:33:17.313+0000] {taskinstance.py:2510} INFO - Exporting env vars: AIRFLOW_CTX_DAG_OWNER='***' AIRFLOW_CTX_DAG_ID='inout_data_ingestion' AIRFLOW_CTX_TASK_ID='create_table' AIRFLOW_CTX_EXECUTION_DATE='2024-09-30T10:00:00+00:00' AIRFLOW_CTX_TRY_NUMBER='1' AIRFLOW_CTX_DAG_RUN_ID='scheduled__2024-09-30T10:00:00+00:00'
[2025-03-30T11:33:17.320+0000] {logging_mixin.py:188} INFO - Successfully connected to MariaDB: INOUT on mariadb:3306
[2025-03-30T11:33:17.321+0000] {inout_data.py:46} INFO - Table emp_inout_rec created (if it didn't exist).
[2025-03-30T11:33:17.321+0000] {logging_mixin.py:188} INFO - MariaDB connection closed.
[2025-03-30T11:33:17.321+0000] {python.py:202} INFO - Done. Returned value was: None
[2025-03-30T11:33:17.331+0000] {taskinstance.py:1149} INFO - Marking task as SUCCESS. dag_id=inout_data_ingestion, task_id=create_table, execution_date=20240930T100000, start_date=20250330T113317, end_date=20250330T113317
[2025-03-30T11:33:17.373+0000] {local_task_job_runner.py:234} INFO - Task exited with return code 0
[2025-03-30T11:33:17.394+0000] {taskinstance.py:3309} INFO - 0 downstream tasks scheduled from follow-on schedule check
[2025-03-30T11:38:55.729+0000] {taskinstance.py:1979} INFO - Dependencies all met for dep_context=non-requeueable deps ti=<TaskInstance: inout_data_ingestion.create_table scheduled__2024-09-30T10:00:00+00:00 [queued]>
[2025-03-30T11:38:55.744+0000] {taskinstance.py:1979} INFO - Dependencies all met for dep_context=requeueable deps ti=<TaskInstance: inout_data_ingestion.create_table scheduled__2024-09-30T10:00:00+00:00 [queued]>
[2025-03-30T11:38:55.745+0000] {taskinstance.py:2193} INFO - Starting attempt 1 of 2
[2025-03-30T11:38:55.762+0000] {taskinstance.py:2214} INFO - Executing <Task(PythonOperator): create_table> on 2024-09-30 10:00:00+00:00
[2025-03-30T11:38:55.773+0000] {standard_task_runner.py:60} INFO - Started process 6503 to run task
[2025-03-30T11:38:55.779+0000] {standard_task_runner.py:87} INFO - Running: ['***', 'tasks', 'run', 'inout_data_ingestion', 'create_table', 'scheduled__2024-09-30T10:00:00+00:00', '--job-id', '3226', '--raw', '--subdir', 'DAGS_FOLDER/inout_data.py', '--cfg-path', '/tmp/tmprru5n3b9']
[2025-03-30T11:38:55.781+0000] {standard_task_runner.py:88} INFO - Job 3226: Subtask create_table
[2025-03-30T11:38:55.807+0000] {warnings.py:109} WARNING - /home/***/.local/lib/python3.8/site-packages/***/settings.py:194: DeprecationWarning: The sql_alchemy_conn option in [core] has been moved to the sql_alchemy_conn option in [database] - the old setting has been used, but please update your config.
  SQL_ALCHEMY_CONN = conf.get("database", "SQL_ALCHEMY_CONN")

[2025-03-30T11:38:55.870+0000] {task_command.py:423} INFO - Running <TaskInstance: inout_data_ingestion.create_table scheduled__2024-09-30T10:00:00+00:00 [running]> on host ff9d64b065e6
[2025-03-30T11:38:56.029+0000] {taskinstance.py:2510} INFO - Exporting env vars: AIRFLOW_CTX_DAG_OWNER='***' AIRFLOW_CTX_DAG_ID='inout_data_ingestion' AIRFLOW_CTX_TASK_ID='create_table' AIRFLOW_CTX_EXECUTION_DATE='2024-09-30T10:00:00+00:00' AIRFLOW_CTX_TRY_NUMBER='1' AIRFLOW_CTX_DAG_RUN_ID='scheduled__2024-09-30T10:00:00+00:00'
[2025-03-30T11:38:56.043+0000] {logging_mixin.py:188} INFO - Successfully connected to MariaDB: INOUT on mariadb:3306
[2025-03-30T11:38:56.045+0000] {inout_data.py:46} INFO - Table emp_inout_rec created (if it didn't exist).
[2025-03-30T11:38:56.046+0000] {logging_mixin.py:188} INFO - MariaDB connection closed.
[2025-03-30T11:38:56.049+0000] {python.py:202} INFO - Done. Returned value was: None
[2025-03-30T11:38:56.087+0000] {taskinstance.py:1149} INFO - Marking task as SUCCESS. dag_id=inout_data_ingestion, task_id=create_table, execution_date=20240930T100000, start_date=20250330T113855, end_date=20250330T113856
[2025-03-30T11:38:56.178+0000] {local_task_job_runner.py:234} INFO - Task exited with return code 0
[2025-03-30T11:38:56.269+0000] {taskinstance.py:3309} INFO - 1 downstream tasks scheduled from follow-on schedule check
[2025-03-30T11:40:56.675+0000] {taskinstance.py:1979} INFO - Dependencies all met for dep_context=non-requeueable deps ti=<TaskInstance: inout_data_ingestion.create_table scheduled__2024-09-30T10:00:00+00:00 [queued]>
[2025-03-30T11:40:56.697+0000] {taskinstance.py:1979} INFO - Dependencies all met for dep_context=requeueable deps ti=<TaskInstance: inout_data_ingestion.create_table scheduled__2024-09-30T10:00:00+00:00 [queued]>
[2025-03-30T11:40:56.701+0000] {taskinstance.py:2193} INFO - Starting attempt 1 of 2
[2025-03-30T11:40:56.751+0000] {taskinstance.py:2214} INFO - Executing <Task(PythonOperator): create_table> on 2024-09-30 10:00:00+00:00
[2025-03-30T11:40:56.762+0000] {standard_task_runner.py:60} INFO - Started process 6936 to run task
[2025-03-30T11:40:56.768+0000] {standard_task_runner.py:87} INFO - Running: ['***', 'tasks', 'run', 'inout_data_ingestion', 'create_table', 'scheduled__2024-09-30T10:00:00+00:00', '--job-id', '3442', '--raw', '--subdir', 'DAGS_FOLDER/inout_data.py', '--cfg-path', '/tmp/tmp2070cqmc']
[2025-03-30T11:40:56.770+0000] {standard_task_runner.py:88} INFO - Job 3442: Subtask create_table
[2025-03-30T11:40:56.792+0000] {warnings.py:109} WARNING - /home/***/.local/lib/python3.8/site-packages/***/settings.py:194: DeprecationWarning: The sql_alchemy_conn option in [core] has been moved to the sql_alchemy_conn option in [database] - the old setting has been used, but please update your config.
  SQL_ALCHEMY_CONN = conf.get("database", "SQL_ALCHEMY_CONN")

[2025-03-30T11:40:56.864+0000] {task_command.py:423} INFO - Running <TaskInstance: inout_data_ingestion.create_table scheduled__2024-09-30T10:00:00+00:00 [running]> on host ff9d64b065e6
[2025-03-30T11:40:57.001+0000] {taskinstance.py:2510} INFO - Exporting env vars: AIRFLOW_CTX_DAG_OWNER='***' AIRFLOW_CTX_DAG_ID='inout_data_ingestion' AIRFLOW_CTX_TASK_ID='create_table' AIRFLOW_CTX_EXECUTION_DATE='2024-09-30T10:00:00+00:00' AIRFLOW_CTX_TRY_NUMBER='1' AIRFLOW_CTX_DAG_RUN_ID='scheduled__2024-09-30T10:00:00+00:00'
[2025-03-30T11:40:57.008+0000] {logging_mixin.py:188} INFO - Successfully connected to MariaDB: INOUT on mariadb:3306
[2025-03-30T11:40:57.011+0000] {inout_data.py:46} INFO - Table emp_inout_rec created (if it didn't exist).
[2025-03-30T11:40:57.015+0000] {logging_mixin.py:188} INFO - MariaDB connection closed.
[2025-03-30T11:40:57.016+0000] {python.py:202} INFO - Done. Returned value was: None
[2025-03-30T11:40:57.027+0000] {taskinstance.py:1149} INFO - Marking task as SUCCESS. dag_id=inout_data_ingestion, task_id=create_table, execution_date=20240930T100000, start_date=20250330T114056, end_date=20250330T114057
[2025-03-30T11:40:57.083+0000] {local_task_job_runner.py:234} INFO - Task exited with return code 0
[2025-03-30T11:40:57.154+0000] {taskinstance.py:3309} INFO - 1 downstream tasks scheduled from follow-on schedule check
