[2025-03-30T11:10:43.138+0000] {taskinstance.py:1979} INFO - Dependencies all met for dep_context=non-requeueable deps ti=<TaskInstance: inout_data_ingestion.ingest_dummy_data scheduled__2024-10-02T14:00:00+00:00 [queued]>
[2025-03-30T11:10:43.147+0000] {taskinstance.py:1979} INFO - Dependencies all met for dep_context=requeueable deps ti=<TaskInstance: inout_data_ingestion.ingest_dummy_data scheduled__2024-10-02T14:00:00+00:00 [queued]>
[2025-03-30T11:10:43.147+0000] {taskinstance.py:2193} INFO - Starting attempt 1 of 2
[2025-03-30T11:10:43.166+0000] {taskinstance.py:2214} INFO - Executing <Task(PythonOperator): ingest_dummy_data> on 2024-10-02 14:00:00+00:00
[2025-03-30T11:10:43.174+0000] {standard_task_runner.py:60} INFO - Started process 799 to run task
[2025-03-30T11:10:43.180+0000] {standard_task_runner.py:87} INFO - Running: ['***', 'tasks', 'run', 'inout_data_ingestion', 'ingest_dummy_data', 'scheduled__2024-10-02T14:00:00+00:00', '--job-id', '373', '--raw', '--subdir', 'DAGS_FOLDER/inout_data.py', '--cfg-path', '/tmp/tmphqjp_99w']
[2025-03-30T11:10:43.184+0000] {standard_task_runner.py:88} INFO - Job 373: Subtask ingest_dummy_data
[2025-03-30T11:10:43.193+0000] {warnings.py:109} WARNING - /home/***/.local/lib/python3.8/site-packages/***/settings.py:194: DeprecationWarning: The sql_alchemy_conn option in [core] has been moved to the sql_alchemy_conn option in [database] - the old setting has been used, but please update your config.
  SQL_ALCHEMY_CONN = conf.get("database", "SQL_ALCHEMY_CONN")

[2025-03-30T11:10:43.234+0000] {task_command.py:423} INFO - Running <TaskInstance: inout_data_ingestion.ingest_dummy_data scheduled__2024-10-02T14:00:00+00:00 [running]> on host ff9d64b065e6
[2025-03-30T11:10:43.327+0000] {taskinstance.py:2510} INFO - Exporting env vars: AIRFLOW_CTX_DAG_OWNER='***' AIRFLOW_CTX_DAG_ID='inout_data_ingestion' AIRFLOW_CTX_TASK_ID='ingest_dummy_data' AIRFLOW_CTX_EXECUTION_DATE='2024-10-02T14:00:00+00:00' AIRFLOW_CTX_TRY_NUMBER='1' AIRFLOW_CTX_DAG_RUN_ID='scheduled__2024-10-02T14:00:00+00:00'
[2025-03-30T11:10:43.337+0000] {inout_data.py:42} INFO - Successfully connected to MariaDB: INOUT on mariadb:3306
[2025-03-30T11:10:43.341+0000] {inout_data.py:63} ERROR - Error executing query: (1062, "Duplicate entry '2025-03-30 11:10:43-4187' for key 'PRIMARY'")
[2025-03-30T11:10:43.343+0000] {inout_data.py:63} ERROR - Error executing query: (1062, "Duplicate entry '2025-03-30 11:10:43-4187' for key 'PRIMARY'")
[2025-03-30T11:10:43.345+0000] {inout_data.py:63} ERROR - Error executing query: (1062, "Duplicate entry '2025-03-30 11:10:43-4187' for key 'PRIMARY'")
[2025-03-30T11:10:43.347+0000] {inout_data.py:63} ERROR - Error executing query: (1062, "Duplicate entry '2025-03-30 11:10:43-4187' for key 'PRIMARY'")
[2025-03-30T11:10:43.361+0000] {inout_data.py:63} ERROR - Error executing query: (1062, "Duplicate entry '2025-03-30 11:10:43-4187' for key 'PRIMARY'")
[2025-03-30T11:10:43.364+0000] {inout_data.py:63} ERROR - Error executing query: (1062, "Duplicate entry '2025-03-30 11:10:43-4187' for key 'PRIMARY'")
[2025-03-30T11:10:43.366+0000] {inout_data.py:63} ERROR - Error executing query: (1062, "Duplicate entry '2025-03-30 11:10:43-4187' for key 'PRIMARY'")
[2025-03-30T11:10:43.368+0000] {inout_data.py:63} ERROR - Error executing query: (1062, "Duplicate entry '2025-03-30 11:10:43-4187' for key 'PRIMARY'")
[2025-03-30T11:10:43.370+0000] {inout_data.py:63} ERROR - Error executing query: (1062, "Duplicate entry '2025-03-30 11:10:43-4187' for key 'PRIMARY'")
[2025-03-30T11:10:43.370+0000] {inout_data.py:159} INFO - Ingested 10 rows of dummy data.
[2025-03-30T11:10:43.371+0000] {inout_data.py:78} INFO - MariaDB connection closed.
[2025-03-30T11:10:43.371+0000] {python.py:202} INFO - Done. Returned value was: None
[2025-03-30T11:10:43.387+0000] {taskinstance.py:1149} INFO - Marking task as SUCCESS. dag_id=inout_data_ingestion, task_id=ingest_dummy_data, execution_date=20241002T140000, start_date=20250330T111043, end_date=20250330T111043
[2025-03-30T11:10:43.438+0000] {local_task_job_runner.py:234} INFO - Task exited with return code 0
[2025-03-30T11:10:43.457+0000] {taskinstance.py:3309} INFO - 0 downstream tasks scheduled from follow-on schedule check
[2025-03-30T11:17:18.691+0000] {taskinstance.py:1979} INFO - Dependencies all met for dep_context=non-requeueable deps ti=<TaskInstance: inout_data_ingestion.ingest_dummy_data scheduled__2024-10-02T14:00:00+00:00 [queued]>
[2025-03-30T11:17:18.707+0000] {taskinstance.py:1979} INFO - Dependencies all met for dep_context=requeueable deps ti=<TaskInstance: inout_data_ingestion.ingest_dummy_data scheduled__2024-10-02T14:00:00+00:00 [queued]>
[2025-03-30T11:17:18.708+0000] {taskinstance.py:2193} INFO - Starting attempt 1 of 2
[2025-03-30T11:17:18.754+0000] {taskinstance.py:2214} INFO - Executing <Task(PythonOperator): ingest_dummy_data> on 2024-10-02 14:00:00+00:00
[2025-03-30T11:17:18.764+0000] {standard_task_runner.py:60} INFO - Started process 2646 to run task
[2025-03-30T11:17:18.784+0000] {standard_task_runner.py:87} INFO - Running: ['***', 'tasks', 'run', 'inout_data_ingestion', 'ingest_dummy_data', 'scheduled__2024-10-02T14:00:00+00:00', '--job-id', '1298', '--raw', '--subdir', 'DAGS_FOLDER/inout_data.py', '--cfg-path', '/tmp/tmpcqze9egt']
[2025-03-30T11:17:18.787+0000] {standard_task_runner.py:88} INFO - Job 1298: Subtask ingest_dummy_data
[2025-03-30T11:17:18.811+0000] {warnings.py:109} WARNING - /home/***/.local/lib/python3.8/site-packages/***/settings.py:194: DeprecationWarning: The sql_alchemy_conn option in [core] has been moved to the sql_alchemy_conn option in [database] - the old setting has been used, but please update your config.
  SQL_ALCHEMY_CONN = conf.get("database", "SQL_ALCHEMY_CONN")

[2025-03-30T11:17:18.852+0000] {task_command.py:423} INFO - Running <TaskInstance: inout_data_ingestion.ingest_dummy_data scheduled__2024-10-02T14:00:00+00:00 [running]> on host ff9d64b065e6
[2025-03-30T11:17:18.966+0000] {taskinstance.py:2510} INFO - Exporting env vars: AIRFLOW_CTX_DAG_OWNER='***' AIRFLOW_CTX_DAG_ID='inout_data_ingestion' AIRFLOW_CTX_TASK_ID='ingest_dummy_data' AIRFLOW_CTX_EXECUTION_DATE='2024-10-02T14:00:00+00:00' AIRFLOW_CTX_TRY_NUMBER='1' AIRFLOW_CTX_DAG_RUN_ID='scheduled__2024-10-02T14:00:00+00:00'
[2025-03-30T11:17:18.971+0000] {inout_data.py:42} INFO - Successfully connected to MariaDB: INOUT on mariadb:3306
[2025-03-30T11:17:18.973+0000] {inout_data.py:63} ERROR - Error executing query: (1062, "Duplicate entry '2025-03-30 11:17:18-1330' for key 'PRIMARY'")
[2025-03-30T11:17:18.974+0000] {inout_data.py:63} ERROR - Error executing query: (1062, "Duplicate entry '2025-03-30 11:17:18-1330' for key 'PRIMARY'")
[2025-03-30T11:17:18.974+0000] {inout_data.py:63} ERROR - Error executing query: (1062, "Duplicate entry '2025-03-30 11:17:18-1330' for key 'PRIMARY'")
[2025-03-30T11:17:18.975+0000] {inout_data.py:63} ERROR - Error executing query: (1062, "Duplicate entry '2025-03-30 11:17:18-1330' for key 'PRIMARY'")
[2025-03-30T11:17:18.975+0000] {inout_data.py:63} ERROR - Error executing query: (1062, "Duplicate entry '2025-03-30 11:17:18-1330' for key 'PRIMARY'")
[2025-03-30T11:17:18.976+0000] {inout_data.py:63} ERROR - Error executing query: (1062, "Duplicate entry '2025-03-30 11:17:18-1330' for key 'PRIMARY'")
[2025-03-30T11:17:18.976+0000] {inout_data.py:63} ERROR - Error executing query: (1062, "Duplicate entry '2025-03-30 11:17:18-1330' for key 'PRIMARY'")
[2025-03-30T11:17:18.977+0000] {inout_data.py:63} ERROR - Error executing query: (1062, "Duplicate entry '2025-03-30 11:17:18-1330' for key 'PRIMARY'")
[2025-03-30T11:17:18.977+0000] {inout_data.py:63} ERROR - Error executing query: (1062, "Duplicate entry '2025-03-30 11:17:18-1330' for key 'PRIMARY'")
[2025-03-30T11:17:18.977+0000] {inout_data.py:63} ERROR - Error executing query: (1062, "Duplicate entry '2025-03-30 11:17:18-1330' for key 'PRIMARY'")
[2025-03-30T11:17:18.978+0000] {inout_data.py:63} ERROR - Error executing query: (1062, "Duplicate entry '2025-03-30 11:17:18-1330' for key 'PRIMARY'")
[2025-03-30T11:17:18.978+0000] {inout_data.py:63} ERROR - Error executing query: (1062, "Duplicate entry '2025-03-30 11:17:18-1330' for key 'PRIMARY'")
[2025-03-30T11:17:18.979+0000] {inout_data.py:63} ERROR - Error executing query: (1062, "Duplicate entry '2025-03-30 11:17:18-1330' for key 'PRIMARY'")
[2025-03-30T11:17:18.979+0000] {inout_data.py:63} ERROR - Error executing query: (1062, "Duplicate entry '2025-03-30 11:17:18-1330' for key 'PRIMARY'")
[2025-03-30T11:17:18.980+0000] {inout_data.py:63} ERROR - Error executing query: (1062, "Duplicate entry '2025-03-30 11:17:18-1330' for key 'PRIMARY'")
[2025-03-30T11:17:18.980+0000] {inout_data.py:63} ERROR - Error executing query: (1062, "Duplicate entry '2025-03-30 11:17:18-1330' for key 'PRIMARY'")
[2025-03-30T11:17:18.980+0000] {inout_data.py:63} ERROR - Error executing query: (1062, "Duplicate entry '2025-03-30 11:17:18-1330' for key 'PRIMARY'")
[2025-03-30T11:17:18.981+0000] {inout_data.py:63} ERROR - Error executing query: (1062, "Duplicate entry '2025-03-30 11:17:18-1330' for key 'PRIMARY'")
[2025-03-30T11:17:18.981+0000] {inout_data.py:63} ERROR - Error executing query: (1062, "Duplicate entry '2025-03-30 11:17:18-1330' for key 'PRIMARY'")
[2025-03-30T11:17:18.981+0000] {inout_data.py:152} INFO - Ingested 20 rows of dummy data.
[2025-03-30T11:17:18.981+0000] {inout_data.py:78} INFO - MariaDB connection closed.
[2025-03-30T11:17:18.982+0000] {python.py:202} INFO - Done. Returned value was: None
[2025-03-30T11:17:18.987+0000] {taskinstance.py:1149} INFO - Marking task as SUCCESS. dag_id=inout_data_ingestion, task_id=ingest_dummy_data, execution_date=20241002T140000, start_date=20250330T111718, end_date=20250330T111718
[2025-03-30T11:17:19.005+0000] {local_task_job_runner.py:234} INFO - Task exited with return code 0
[2025-03-30T11:17:19.021+0000] {taskinstance.py:3309} INFO - 0 downstream tasks scheduled from follow-on schedule check
[2025-03-30T11:29:44.920+0000] {taskinstance.py:1979} INFO - Dependencies all met for dep_context=non-requeueable deps ti=<TaskInstance: inout_data_ingestion.ingest_dummy_data scheduled__2024-10-02T14:00:00+00:00 [queued]>
[2025-03-30T11:29:44.933+0000] {taskinstance.py:1979} INFO - Dependencies all met for dep_context=requeueable deps ti=<TaskInstance: inout_data_ingestion.ingest_dummy_data scheduled__2024-10-02T14:00:00+00:00 [queued]>
[2025-03-30T11:29:44.934+0000] {taskinstance.py:2193} INFO - Starting attempt 1 of 2
[2025-03-30T11:29:44.952+0000] {taskinstance.py:2214} INFO - Executing <Task(PythonOperator): ingest_dummy_data> on 2024-10-02 14:00:00+00:00
[2025-03-30T11:29:44.959+0000] {standard_task_runner.py:60} INFO - Started process 4570 to run task
[2025-03-30T11:29:44.963+0000] {standard_task_runner.py:87} INFO - Running: ['***', 'tasks', 'run', 'inout_data_ingestion', 'ingest_dummy_data', 'scheduled__2024-10-02T14:00:00+00:00', '--job-id', '2260', '--raw', '--subdir', 'DAGS_FOLDER/inout_data.py', '--cfg-path', '/tmp/tmpgrd84olz']
[2025-03-30T11:29:44.966+0000] {standard_task_runner.py:88} INFO - Job 2260: Subtask ingest_dummy_data
[2025-03-30T11:29:44.986+0000] {warnings.py:109} WARNING - /home/***/.local/lib/python3.8/site-packages/***/settings.py:194: DeprecationWarning: The sql_alchemy_conn option in [core] has been moved to the sql_alchemy_conn option in [database] - the old setting has been used, but please update your config.
  SQL_ALCHEMY_CONN = conf.get("database", "SQL_ALCHEMY_CONN")

[2025-03-30T11:29:45.017+0000] {task_command.py:423} INFO - Running <TaskInstance: inout_data_ingestion.ingest_dummy_data scheduled__2024-10-02T14:00:00+00:00 [running]> on host ff9d64b065e6
[2025-03-30T11:29:45.068+0000] {taskinstance.py:2510} INFO - Exporting env vars: AIRFLOW_CTX_DAG_OWNER='***' AIRFLOW_CTX_DAG_ID='inout_data_ingestion' AIRFLOW_CTX_TASK_ID='ingest_dummy_data' AIRFLOW_CTX_EXECUTION_DATE='2024-10-02T14:00:00+00:00' AIRFLOW_CTX_TRY_NUMBER='1' AIRFLOW_CTX_DAG_RUN_ID='scheduled__2024-10-02T14:00:00+00:00'
[2025-03-30T11:29:45.071+0000] {logging_mixin.py:188} INFO - Successfully connected to MariaDB: INOUT on mariadb:3306
[2025-03-30T11:29:45.072+0000] {logging_mixin.py:188} INFO - General error executing query: not all arguments converted during string formatting
[2025-03-30T11:29:45.072+0000] {logging_mixin.py:188} INFO - General error executing query: not all arguments converted during string formatting
[2025-03-30T11:29:45.073+0000] {logging_mixin.py:188} INFO - General error executing query: not all arguments converted during string formatting
[2025-03-30T11:29:45.073+0000] {logging_mixin.py:188} INFO - General error executing query: not all arguments converted during string formatting
[2025-03-30T11:29:45.073+0000] {logging_mixin.py:188} INFO - General error executing query: not all arguments converted during string formatting
[2025-03-30T11:29:45.074+0000] {logging_mixin.py:188} INFO - General error executing query: not all arguments converted during string formatting
[2025-03-30T11:29:45.074+0000] {logging_mixin.py:188} INFO - General error executing query: not all arguments converted during string formatting
[2025-03-30T11:29:45.074+0000] {logging_mixin.py:188} INFO - General error executing query: not all arguments converted during string formatting
[2025-03-30T11:29:45.076+0000] {logging_mixin.py:188} INFO - General error executing query: not all arguments converted during string formatting
[2025-03-30T11:29:45.076+0000] {logging_mixin.py:188} INFO - General error executing query: not all arguments converted during string formatting
[2025-03-30T11:29:45.076+0000] {logging_mixin.py:188} INFO - General error executing query: not all arguments converted during string formatting
[2025-03-30T11:29:45.076+0000] {logging_mixin.py:188} INFO - General error executing query: not all arguments converted during string formatting
[2025-03-30T11:29:45.077+0000] {logging_mixin.py:188} INFO - General error executing query: not all arguments converted during string formatting
[2025-03-30T11:29:45.077+0000] {logging_mixin.py:188} INFO - General error executing query: not all arguments converted during string formatting
[2025-03-30T11:29:45.079+0000] {logging_mixin.py:188} INFO - General error executing query: not all arguments converted during string formatting
[2025-03-30T11:29:45.079+0000] {logging_mixin.py:188} INFO - General error executing query: not all arguments converted during string formatting
[2025-03-30T11:29:45.081+0000] {logging_mixin.py:188} INFO - General error executing query: not all arguments converted during string formatting
[2025-03-30T11:29:45.081+0000] {logging_mixin.py:188} INFO - General error executing query: not all arguments converted during string formatting
[2025-03-30T11:29:45.081+0000] {inout_data.py:87} INFO - Ingested 18 rows of dummy data for 2024-10-02 14:00:00+00:00.
[2025-03-30T11:29:45.081+0000] {logging_mixin.py:188} INFO - MariaDB connection closed.
[2025-03-30T11:29:45.082+0000] {python.py:202} INFO - Done. Returned value was: None
[2025-03-30T11:29:45.090+0000] {taskinstance.py:1149} INFO - Marking task as SUCCESS. dag_id=inout_data_ingestion, task_id=ingest_dummy_data, execution_date=20241002T140000, start_date=20250330T112944, end_date=20250330T112945
[2025-03-30T11:29:45.106+0000] {local_task_job_runner.py:234} INFO - Task exited with return code 0
[2025-03-30T11:29:45.117+0000] {taskinstance.py:3309} INFO - 0 downstream tasks scheduled from follow-on schedule check
[2025-03-30T11:34:39.268+0000] {taskinstance.py:1979} INFO - Dependencies all met for dep_context=non-requeueable deps ti=<TaskInstance: inout_data_ingestion.ingest_dummy_data scheduled__2024-10-02T14:00:00+00:00 [queued]>
[2025-03-30T11:34:39.288+0000] {taskinstance.py:1979} INFO - Dependencies all met for dep_context=requeueable deps ti=<TaskInstance: inout_data_ingestion.ingest_dummy_data scheduled__2024-10-02T14:00:00+00:00 [queued]>
[2025-03-30T11:34:39.289+0000] {taskinstance.py:2193} INFO - Starting attempt 1 of 2
[2025-03-30T11:34:39.312+0000] {taskinstance.py:2214} INFO - Executing <Task(PythonOperator): ingest_dummy_data> on 2024-10-02 14:00:00+00:00
[2025-03-30T11:34:39.316+0000] {standard_task_runner.py:60} INFO - Started process 6023 to run task
[2025-03-30T11:34:39.321+0000] {standard_task_runner.py:87} INFO - Running: ['***', 'tasks', 'run', 'inout_data_ingestion', 'ingest_dummy_data', 'scheduled__2024-10-02T14:00:00+00:00', '--job-id', '2985', '--raw', '--subdir', 'DAGS_FOLDER/inout_data.py', '--cfg-path', '/tmp/tmpml6p2fil']
[2025-03-30T11:34:39.324+0000] {standard_task_runner.py:88} INFO - Job 2985: Subtask ingest_dummy_data
[2025-03-30T11:34:39.351+0000] {warnings.py:109} WARNING - /home/***/.local/lib/python3.8/site-packages/***/settings.py:194: DeprecationWarning: The sql_alchemy_conn option in [core] has been moved to the sql_alchemy_conn option in [database] - the old setting has been used, but please update your config.
  SQL_ALCHEMY_CONN = conf.get("database", "SQL_ALCHEMY_CONN")

[2025-03-30T11:34:39.419+0000] {task_command.py:423} INFO - Running <TaskInstance: inout_data_ingestion.ingest_dummy_data scheduled__2024-10-02T14:00:00+00:00 [running]> on host ff9d64b065e6
[2025-03-30T11:34:39.521+0000] {taskinstance.py:2510} INFO - Exporting env vars: AIRFLOW_CTX_DAG_OWNER='***' AIRFLOW_CTX_DAG_ID='inout_data_ingestion' AIRFLOW_CTX_TASK_ID='ingest_dummy_data' AIRFLOW_CTX_EXECUTION_DATE='2024-10-02T14:00:00+00:00' AIRFLOW_CTX_TRY_NUMBER='1' AIRFLOW_CTX_DAG_RUN_ID='scheduled__2024-10-02T14:00:00+00:00'
[2025-03-30T11:34:39.527+0000] {logging_mixin.py:188} INFO - Successfully connected to MariaDB: INOUT on mariadb:3306
[2025-03-30T11:34:39.529+0000] {inout_data.py:83} INFO - {'ingested_time': datetime.datetime(2025, 3, 30, 11, 34, 39, 529636), 'timestamp': datetime.datetime(2024, 10, 2, 14, 8, tzinfo=datetime.timezone.utc), 'emp_id': 2815, 'employee_name': 'Employee78', 'factory': 'FactoryA', 'in_out': 'IN', 'entrance': 'Main', 'door_number': '9', 'function': 'IT', 'division': 'BSID', 'department': 'HRSD', 'section': '1'}
[2025-03-30T11:34:39.530+0000] {logging_mixin.py:188} INFO - General error executing query: not all arguments converted during string formatting
[2025-03-30T11:34:39.532+0000] {inout_data.py:83} INFO - {'ingested_time': datetime.datetime(2025, 3, 30, 11, 34, 39, 531832), 'timestamp': datetime.datetime(2024, 10, 2, 14, 13, tzinfo=datetime.timezone.utc), 'emp_id': 3185, 'employee_name': 'Employee31', 'factory': 'FactoryB', 'in_out': 'IN', 'entrance': 'Side', 'door_number': '8', 'function': 'IT', 'division': 'BSID', 'department': 'CAPD', 'section': '2'}
[2025-03-30T11:34:39.533+0000] {logging_mixin.py:188} INFO - General error executing query: not all arguments converted during string formatting
[2025-03-30T11:34:39.533+0000] {inout_data.py:83} INFO - {'ingested_time': datetime.datetime(2025, 3, 30, 11, 34, 39, 533730), 'timestamp': datetime.datetime(2024, 10, 2, 14, 15, tzinfo=datetime.timezone.utc), 'emp_id': 8162, 'employee_name': 'Employee91', 'factory': 'FactoryA', 'in_out': 'IN', 'entrance': 'Side', 'door_number': '7', 'function': 'IT', 'division': 'AAPD', 'department': 'CAPD', 'section': '2'}
[2025-03-30T11:34:39.535+0000] {logging_mixin.py:188} INFO - General error executing query: not all arguments converted during string formatting
[2025-03-30T11:34:39.535+0000] {inout_data.py:83} INFO - {'ingested_time': datetime.datetime(2025, 3, 30, 11, 34, 39, 535909), 'timestamp': datetime.datetime(2024, 10, 2, 14, 9, tzinfo=datetime.timezone.utc), 'emp_id': 3064, 'employee_name': 'Employee36', 'factory': 'FactoryA', 'in_out': 'IN', 'entrance': 'Side', 'door_number': '5', 'function': 'IT', 'division': 'BSID', 'department': 'HRSD', 'section': '1'}
[2025-03-30T11:34:39.537+0000] {logging_mixin.py:188} INFO - General error executing query: not all arguments converted during string formatting
[2025-03-30T11:34:39.537+0000] {inout_data.py:83} INFO - {'ingested_time': datetime.datetime(2025, 3, 30, 11, 34, 39, 537870), 'timestamp': datetime.datetime(2024, 10, 2, 14, 3, tzinfo=datetime.timezone.utc), 'emp_id': 3300, 'employee_name': 'Employee92', 'factory': 'FactoryB', 'in_out': 'IN', 'entrance': 'Side', 'door_number': '1', 'function': 'IT', 'division': 'AAPD', 'department': 'CAPD', 'section': '1'}
[2025-03-30T11:34:39.538+0000] {logging_mixin.py:188} INFO - General error executing query: not all arguments converted during string formatting
[2025-03-30T11:34:39.539+0000] {inout_data.py:83} INFO - {'ingested_time': datetime.datetime(2025, 3, 30, 11, 34, 39, 539810), 'timestamp': datetime.datetime(2024, 10, 2, 14, 22, tzinfo=datetime.timezone.utc), 'emp_id': 3949, 'employee_name': 'Employee84', 'factory': 'FactoryA', 'in_out': 'OUT', 'entrance': 'Side', 'door_number': '7', 'function': 'IT', 'division': 'AAPD', 'department': 'HRSD', 'section': '2'}
[2025-03-30T11:34:39.540+0000] {logging_mixin.py:188} INFO - General error executing query: not all arguments converted during string formatting
[2025-03-30T11:34:39.541+0000] {inout_data.py:83} INFO - {'ingested_time': datetime.datetime(2025, 3, 30, 11, 34, 39, 541652), 'timestamp': datetime.datetime(2024, 10, 2, 14, 22, tzinfo=datetime.timezone.utc), 'emp_id': 8174, 'employee_name': 'Employee72', 'factory': 'FactoryB', 'in_out': 'OUT', 'entrance': 'Side', 'door_number': '6', 'function': 'IT', 'division': 'BSID', 'department': 'CAPD', 'section': '2'}
[2025-03-30T11:34:39.543+0000] {logging_mixin.py:188} INFO - General error executing query: not all arguments converted during string formatting
[2025-03-30T11:34:39.544+0000] {inout_data.py:83} INFO - {'ingested_time': datetime.datetime(2025, 3, 30, 11, 34, 39, 544430), 'timestamp': datetime.datetime(2024, 10, 2, 14, 29, tzinfo=datetime.timezone.utc), 'emp_id': 8181, 'employee_name': 'Employee13', 'factory': 'FactoryA', 'in_out': 'IN', 'entrance': 'Main', 'door_number': '7', 'function': 'IT', 'division': 'BSID', 'department': 'HRSD', 'section': '2'}
[2025-03-30T11:34:39.546+0000] {logging_mixin.py:188} INFO - General error executing query: not all arguments converted during string formatting
[2025-03-30T11:34:39.547+0000] {inout_data.py:83} INFO - {'ingested_time': datetime.datetime(2025, 3, 30, 11, 34, 39, 546964), 'timestamp': datetime.datetime(2024, 10, 2, 14, 2, tzinfo=datetime.timezone.utc), 'emp_id': 3561, 'employee_name': 'Employee58', 'factory': 'FactoryB', 'in_out': 'OUT', 'entrance': 'Main', 'door_number': '3', 'function': 'IT', 'division': 'AAPD', 'department': 'HRSD', 'section': '1'}
[2025-03-30T11:34:39.548+0000] {logging_mixin.py:188} INFO - General error executing query: not all arguments converted during string formatting
[2025-03-30T11:34:39.551+0000] {inout_data.py:83} INFO - {'ingested_time': datetime.datetime(2025, 3, 30, 11, 34, 39, 551363), 'timestamp': datetime.datetime(2024, 10, 2, 14, 27, tzinfo=datetime.timezone.utc), 'emp_id': 9386, 'employee_name': 'Employee17', 'factory': 'FactoryA', 'in_out': 'IN', 'entrance': 'Side', 'door_number': '9', 'function': 'IT', 'division': 'AAPD', 'department': 'ML', 'section': '1'}
[2025-03-30T11:34:39.552+0000] {logging_mixin.py:188} INFO - General error executing query: not all arguments converted during string formatting
[2025-03-30T11:34:39.553+0000] {inout_data.py:83} INFO - {'ingested_time': datetime.datetime(2025, 3, 30, 11, 34, 39, 553107), 'timestamp': datetime.datetime(2024, 10, 2, 14, 5, tzinfo=datetime.timezone.utc), 'emp_id': 9067, 'employee_name': 'Employee18', 'factory': 'FactoryA', 'in_out': 'IN', 'entrance': 'Side', 'door_number': '1', 'function': 'IT', 'division': 'BSID', 'department': 'HRSD', 'section': '1'}
[2025-03-30T11:34:39.553+0000] {logging_mixin.py:188} INFO - General error executing query: not all arguments converted during string formatting
[2025-03-30T11:34:39.554+0000] {inout_data.py:83} INFO - {'ingested_time': datetime.datetime(2025, 3, 30, 11, 34, 39, 554500), 'timestamp': datetime.datetime(2024, 10, 2, 14, 3, tzinfo=datetime.timezone.utc), 'emp_id': 7214, 'employee_name': 'Employee74', 'factory': 'FactoryB', 'in_out': 'OUT', 'entrance': 'Main', 'door_number': '2', 'function': 'IT', 'division': 'AAPD', 'department': 'ML', 'section': '1'}
[2025-03-30T11:34:39.555+0000] {logging_mixin.py:188} INFO - General error executing query: not all arguments converted during string formatting
[2025-03-30T11:34:39.556+0000] {inout_data.py:83} INFO - {'ingested_time': datetime.datetime(2025, 3, 30, 11, 34, 39, 556498), 'timestamp': datetime.datetime(2024, 10, 2, 14, 21, tzinfo=datetime.timezone.utc), 'emp_id': 7394, 'employee_name': 'Employee96', 'factory': 'FactoryB', 'in_out': 'IN', 'entrance': 'Side', 'door_number': '9', 'function': 'IT', 'division': 'BSID', 'department': 'ML', 'section': '2'}
[2025-03-30T11:34:39.558+0000] {logging_mixin.py:188} INFO - General error executing query: not all arguments converted during string formatting
[2025-03-30T11:34:39.559+0000] {inout_data.py:83} INFO - {'ingested_time': datetime.datetime(2025, 3, 30, 11, 34, 39, 559780), 'timestamp': datetime.datetime(2024, 10, 2, 14, 20, tzinfo=datetime.timezone.utc), 'emp_id': 7676, 'employee_name': 'Employee14', 'factory': 'FactoryB', 'in_out': 'IN', 'entrance': 'Main', 'door_number': '3', 'function': 'IT', 'division': 'AAPD', 'department': 'ML', 'section': '1'}
[2025-03-30T11:34:39.560+0000] {logging_mixin.py:188} INFO - General error executing query: not all arguments converted during string formatting
[2025-03-30T11:34:39.561+0000] {inout_data.py:83} INFO - {'ingested_time': datetime.datetime(2025, 3, 30, 11, 34, 39, 561633), 'timestamp': datetime.datetime(2024, 10, 2, 14, 5, tzinfo=datetime.timezone.utc), 'emp_id': 8179, 'employee_name': 'Employee98', 'factory': 'FactoryA', 'in_out': 'OUT', 'entrance': 'Main', 'door_number': '2', 'function': 'IT', 'division': 'AAPD', 'department': 'CAPD', 'section': '2'}
[2025-03-30T11:34:39.562+0000] {logging_mixin.py:188} INFO - General error executing query: not all arguments converted during string formatting
[2025-03-30T11:34:39.564+0000] {inout_data.py:88} INFO - Ingested 15 rows of dummy data for 2024-10-02 14:00:00+00:00.
[2025-03-30T11:34:39.565+0000] {logging_mixin.py:188} INFO - MariaDB connection closed.
[2025-03-30T11:34:39.565+0000] {python.py:202} INFO - Done. Returned value was: None
[2025-03-30T11:34:39.576+0000] {taskinstance.py:1149} INFO - Marking task as SUCCESS. dag_id=inout_data_ingestion, task_id=ingest_dummy_data, execution_date=20241002T140000, start_date=20250330T113439, end_date=20250330T113439
[2025-03-30T11:34:39.628+0000] {local_task_job_runner.py:234} INFO - Task exited with return code 0
[2025-03-30T11:34:39.644+0000] {taskinstance.py:3309} INFO - 0 downstream tasks scheduled from follow-on schedule check
