[2025-03-30T11:09:18.138+0000] {taskinstance.py:1979} INFO - Dependencies all met for dep_context=non-requeueable deps ti=<TaskInstance: inout_data_ingestion.create_table scheduled__2024-09-30T01:30:00+00:00 [queued]>
[2025-03-30T11:09:18.147+0000] {taskinstance.py:1979} INFO - Dependencies all met for dep_context=requeueable deps ti=<TaskInstance: inout_data_ingestion.create_table scheduled__2024-09-30T01:30:00+00:00 [queued]>
[2025-03-30T11:09:18.148+0000] {taskinstance.py:2193} INFO - Starting attempt 1 of 2
[2025-03-30T11:09:18.158+0000] {taskinstance.py:2214} INFO - Executing <Task(PythonOperator): create_table> on 2024-09-30 01:30:00+00:00
[2025-03-30T11:09:18.165+0000] {standard_task_runner.py:60} INFO - Started process 296 to run task
[2025-03-30T11:09:18.169+0000] {standard_task_runner.py:87} INFO - Running: ['***', 'tasks', 'run', 'inout_data_ingestion', 'create_table', 'scheduled__2024-09-30T01:30:00+00:00', '--job-id', '123', '--raw', '--subdir', 'DAGS_FOLDER/inout_data.py', '--cfg-path', '/tmp/tmpfcfpsxhu']
[2025-03-30T11:09:18.170+0000] {standard_task_runner.py:88} INFO - Job 123: Subtask create_table
[2025-03-30T11:09:18.180+0000] {warnings.py:109} WARNING - /home/***/.local/lib/python3.8/site-packages/***/settings.py:194: DeprecationWarning: The sql_alchemy_conn option in [core] has been moved to the sql_alchemy_conn option in [database] - the old setting has been used, but please update your config.
  SQL_ALCHEMY_CONN = conf.get("database", "SQL_ALCHEMY_CONN")

[2025-03-30T11:09:18.210+0000] {task_command.py:423} INFO - Running <TaskInstance: inout_data_ingestion.create_table scheduled__2024-09-30T01:30:00+00:00 [running]> on host ff9d64b065e6
[2025-03-30T11:09:18.364+0000] {taskinstance.py:2510} INFO - Exporting env vars: AIRFLOW_CTX_DAG_OWNER='***' AIRFLOW_CTX_DAG_ID='inout_data_ingestion' AIRFLOW_CTX_TASK_ID='create_table' AIRFLOW_CTX_EXECUTION_DATE='2024-09-30T01:30:00+00:00' AIRFLOW_CTX_TRY_NUMBER='1' AIRFLOW_CTX_DAG_RUN_ID='scheduled__2024-09-30T01:30:00+00:00'
[2025-03-30T11:09:18.371+0000] {inout_data.py:42} INFO - Successfully connected to MariaDB: INOUT on mariadb:3306
[2025-03-30T11:09:18.373+0000] {inout_data.py:124} INFO - Table emp_inout_rec created (if it didn't exist).
[2025-03-30T11:09:18.374+0000] {inout_data.py:78} INFO - MariaDB connection closed.
[2025-03-30T11:09:18.374+0000] {python.py:202} INFO - Done. Returned value was: None
[2025-03-30T11:09:18.390+0000] {taskinstance.py:1149} INFO - Marking task as SUCCESS. dag_id=inout_data_ingestion, task_id=create_table, execution_date=20240930T013000, start_date=20250330T110918, end_date=20250330T110918
[2025-03-30T11:09:18.431+0000] {local_task_job_runner.py:234} INFO - Task exited with return code 0
[2025-03-30T11:09:18.475+0000] {taskinstance.py:3309} INFO - 1 downstream tasks scheduled from follow-on schedule check
[2025-03-30T11:15:56.959+0000] {taskinstance.py:1979} INFO - Dependencies all met for dep_context=non-requeueable deps ti=<TaskInstance: inout_data_ingestion.create_table scheduled__2024-09-30T01:30:00+00:00 [queued]>
[2025-03-30T11:15:56.967+0000] {taskinstance.py:1979} INFO - Dependencies all met for dep_context=requeueable deps ti=<TaskInstance: inout_data_ingestion.create_table scheduled__2024-09-30T01:30:00+00:00 [queued]>
[2025-03-30T11:15:56.968+0000] {taskinstance.py:2193} INFO - Starting attempt 1 of 2
[2025-03-30T11:15:56.990+0000] {taskinstance.py:2214} INFO - Executing <Task(PythonOperator): create_table> on 2024-09-30 01:30:00+00:00
[2025-03-30T11:15:56.994+0000] {standard_task_runner.py:60} INFO - Started process 2153 to run task
[2025-03-30T11:15:57.001+0000] {standard_task_runner.py:87} INFO - Running: ['***', 'tasks', 'run', 'inout_data_ingestion', 'create_table', 'scheduled__2024-09-30T01:30:00+00:00', '--job-id', '1051', '--raw', '--subdir', 'DAGS_FOLDER/inout_data.py', '--cfg-path', '/tmp/tmpfmurt3g8']
[2025-03-30T11:15:57.002+0000] {standard_task_runner.py:88} INFO - Job 1051: Subtask create_table
[2025-03-30T11:15:57.013+0000] {warnings.py:109} WARNING - /home/***/.local/lib/python3.8/site-packages/***/settings.py:194: DeprecationWarning: The sql_alchemy_conn option in [core] has been moved to the sql_alchemy_conn option in [database] - the old setting has been used, but please update your config.
  SQL_ALCHEMY_CONN = conf.get("database", "SQL_ALCHEMY_CONN")

[2025-03-30T11:15:57.058+0000] {task_command.py:423} INFO - Running <TaskInstance: inout_data_ingestion.create_table scheduled__2024-09-30T01:30:00+00:00 [running]> on host ff9d64b065e6
[2025-03-30T11:15:57.119+0000] {taskinstance.py:2510} INFO - Exporting env vars: AIRFLOW_CTX_DAG_OWNER='***' AIRFLOW_CTX_DAG_ID='inout_data_ingestion' AIRFLOW_CTX_TASK_ID='create_table' AIRFLOW_CTX_EXECUTION_DATE='2024-09-30T01:30:00+00:00' AIRFLOW_CTX_TRY_NUMBER='1' AIRFLOW_CTX_DAG_RUN_ID='scheduled__2024-09-30T01:30:00+00:00'
[2025-03-30T11:15:57.124+0000] {inout_data.py:42} INFO - Successfully connected to MariaDB: INOUT on mariadb:3306
[2025-03-30T11:15:57.126+0000] {inout_data.py:117} INFO - Table emp_inout_rec created (if it didn't exist).
[2025-03-30T11:15:57.127+0000] {inout_data.py:78} INFO - MariaDB connection closed.
[2025-03-30T11:15:57.127+0000] {python.py:202} INFO - Done. Returned value was: None
[2025-03-30T11:15:57.142+0000] {taskinstance.py:1149} INFO - Marking task as SUCCESS. dag_id=inout_data_ingestion, task_id=create_table, execution_date=20240930T013000, start_date=20250330T111556, end_date=20250330T111557
[2025-03-30T11:15:57.183+0000] {local_task_job_runner.py:234} INFO - Task exited with return code 0
[2025-03-30T11:15:57.204+0000] {taskinstance.py:3309} INFO - 1 downstream tasks scheduled from follow-on schedule check
[2025-03-30T11:28:29.069+0000] {taskinstance.py:1979} INFO - Dependencies all met for dep_context=non-requeueable deps ti=<TaskInstance: inout_data_ingestion.create_table scheduled__2024-09-30T01:30:00+00:00 [queued]>
[2025-03-30T11:28:29.080+0000] {taskinstance.py:1979} INFO - Dependencies all met for dep_context=requeueable deps ti=<TaskInstance: inout_data_ingestion.create_table scheduled__2024-09-30T01:30:00+00:00 [queued]>
[2025-03-30T11:28:29.081+0000] {taskinstance.py:2193} INFO - Starting attempt 1 of 2
[2025-03-30T11:28:29.101+0000] {taskinstance.py:2214} INFO - Executing <Task(PythonOperator): create_table> on 2024-09-30 01:30:00+00:00
[2025-03-30T11:28:29.111+0000] {standard_task_runner.py:60} INFO - Started process 4072 to run task
[2025-03-30T11:28:29.115+0000] {standard_task_runner.py:87} INFO - Running: ['***', 'tasks', 'run', 'inout_data_ingestion', 'create_table', 'scheduled__2024-09-30T01:30:00+00:00', '--job-id', '2010', '--raw', '--subdir', 'DAGS_FOLDER/inout_data.py', '--cfg-path', '/tmp/tmpivgvjqdr']
[2025-03-30T11:28:29.116+0000] {standard_task_runner.py:88} INFO - Job 2010: Subtask create_table
[2025-03-30T11:28:29.138+0000] {warnings.py:109} WARNING - /home/***/.local/lib/python3.8/site-packages/***/settings.py:194: DeprecationWarning: The sql_alchemy_conn option in [core] has been moved to the sql_alchemy_conn option in [database] - the old setting has been used, but please update your config.
  SQL_ALCHEMY_CONN = conf.get("database", "SQL_ALCHEMY_CONN")

[2025-03-30T11:28:29.177+0000] {task_command.py:423} INFO - Running <TaskInstance: inout_data_ingestion.create_table scheduled__2024-09-30T01:30:00+00:00 [running]> on host ff9d64b065e6
[2025-03-30T11:28:29.267+0000] {taskinstance.py:2510} INFO - Exporting env vars: AIRFLOW_CTX_DAG_OWNER='***' AIRFLOW_CTX_DAG_ID='inout_data_ingestion' AIRFLOW_CTX_TASK_ID='create_table' AIRFLOW_CTX_EXECUTION_DATE='2024-09-30T01:30:00+00:00' AIRFLOW_CTX_TRY_NUMBER='1' AIRFLOW_CTX_DAG_RUN_ID='scheduled__2024-09-30T01:30:00+00:00'
[2025-03-30T11:28:29.273+0000] {logging_mixin.py:188} INFO - Successfully connected to MariaDB: INOUT on mariadb:3306
[2025-03-30T11:28:29.275+0000] {inout_data.py:46} INFO - Table emp_inout_rec created (if it didn't exist).
[2025-03-30T11:28:29.275+0000] {logging_mixin.py:188} INFO - MariaDB connection closed.
[2025-03-30T11:28:29.276+0000] {python.py:202} INFO - Done. Returned value was: None
[2025-03-30T11:28:29.288+0000] {taskinstance.py:1149} INFO - Marking task as SUCCESS. dag_id=inout_data_ingestion, task_id=create_table, execution_date=20240930T013000, start_date=20250330T112829, end_date=20250330T112829
[2025-03-30T11:28:29.338+0000] {local_task_job_runner.py:234} INFO - Task exited with return code 0
[2025-03-30T11:28:29.407+0000] {taskinstance.py:3309} INFO - 1 downstream tasks scheduled from follow-on schedule check
[2025-03-30T11:33:08.351+0000] {taskinstance.py:1979} INFO - Dependencies all met for dep_context=non-requeueable deps ti=<TaskInstance: inout_data_ingestion.create_table scheduled__2024-09-30T01:30:00+00:00 [queued]>
[2025-03-30T11:33:08.364+0000] {taskinstance.py:1979} INFO - Dependencies all met for dep_context=requeueable deps ti=<TaskInstance: inout_data_ingestion.create_table scheduled__2024-09-30T01:30:00+00:00 [queued]>
[2025-03-30T11:33:08.367+0000] {taskinstance.py:2193} INFO - Starting attempt 1 of 2
[2025-03-30T11:33:08.393+0000] {taskinstance.py:2214} INFO - Executing <Task(PythonOperator): create_table> on 2024-09-30 01:30:00+00:00
[2025-03-30T11:33:08.396+0000] {standard_task_runner.py:60} INFO - Started process 5528 to run task
[2025-03-30T11:33:08.403+0000] {standard_task_runner.py:87} INFO - Running: ['***', 'tasks', 'run', 'inout_data_ingestion', 'create_table', 'scheduled__2024-09-30T01:30:00+00:00', '--job-id', '2738', '--raw', '--subdir', 'DAGS_FOLDER/inout_data.py', '--cfg-path', '/tmp/tmpalmd6_gx']
[2025-03-30T11:33:08.406+0000] {standard_task_runner.py:88} INFO - Job 2738: Subtask create_table
[2025-03-30T11:33:08.429+0000] {warnings.py:109} WARNING - /home/***/.local/lib/python3.8/site-packages/***/settings.py:194: DeprecationWarning: The sql_alchemy_conn option in [core] has been moved to the sql_alchemy_conn option in [database] - the old setting has been used, but please update your config.
  SQL_ALCHEMY_CONN = conf.get("database", "SQL_ALCHEMY_CONN")

[2025-03-30T11:33:08.492+0000] {task_command.py:423} INFO - Running <TaskInstance: inout_data_ingestion.create_table scheduled__2024-09-30T01:30:00+00:00 [running]> on host ff9d64b065e6
[2025-03-30T11:33:08.583+0000] {taskinstance.py:2510} INFO - Exporting env vars: AIRFLOW_CTX_DAG_OWNER='***' AIRFLOW_CTX_DAG_ID='inout_data_ingestion' AIRFLOW_CTX_TASK_ID='create_table' AIRFLOW_CTX_EXECUTION_DATE='2024-09-30T01:30:00+00:00' AIRFLOW_CTX_TRY_NUMBER='1' AIRFLOW_CTX_DAG_RUN_ID='scheduled__2024-09-30T01:30:00+00:00'
[2025-03-30T11:33:08.591+0000] {logging_mixin.py:188} INFO - Successfully connected to MariaDB: INOUT on mariadb:3306
[2025-03-30T11:33:08.595+0000] {inout_data.py:46} INFO - Table emp_inout_rec created (if it didn't exist).
[2025-03-30T11:33:08.597+0000] {logging_mixin.py:188} INFO - MariaDB connection closed.
[2025-03-30T11:33:08.603+0000] {python.py:202} INFO - Done. Returned value was: None
[2025-03-30T11:33:08.622+0000] {taskinstance.py:1149} INFO - Marking task as SUCCESS. dag_id=inout_data_ingestion, task_id=create_table, execution_date=20240930T013000, start_date=20250330T113308, end_date=20250330T113308
[2025-03-30T11:33:08.671+0000] {local_task_job_runner.py:234} INFO - Task exited with return code 0
[2025-03-30T11:33:08.696+0000] {taskinstance.py:3309} INFO - 1 downstream tasks scheduled from follow-on schedule check
[2025-03-30T11:38:40.375+0000] {taskinstance.py:1979} INFO - Dependencies all met for dep_context=non-requeueable deps ti=<TaskInstance: inout_data_ingestion.create_table scheduled__2024-09-30T01:30:00+00:00 [queued]>
[2025-03-30T11:38:40.395+0000] {taskinstance.py:1979} INFO - Dependencies all met for dep_context=requeueable deps ti=<TaskInstance: inout_data_ingestion.create_table scheduled__2024-09-30T01:30:00+00:00 [queued]>
[2025-03-30T11:38:40.398+0000] {taskinstance.py:2193} INFO - Starting attempt 1 of 2
[2025-03-30T11:38:40.422+0000] {taskinstance.py:2214} INFO - Executing <Task(PythonOperator): create_table> on 2024-09-30 01:30:00+00:00
[2025-03-30T11:38:40.431+0000] {standard_task_runner.py:60} INFO - Started process 6428 to run task
[2025-03-30T11:38:40.442+0000] {standard_task_runner.py:87} INFO - Running: ['***', 'tasks', 'run', 'inout_data_ingestion', 'create_table', 'scheduled__2024-09-30T01:30:00+00:00', '--job-id', '3189', '--raw', '--subdir', 'DAGS_FOLDER/inout_data.py', '--cfg-path', '/tmp/tmp10c0zrii']
[2025-03-30T11:38:40.448+0000] {standard_task_runner.py:88} INFO - Job 3189: Subtask create_table
[2025-03-30T11:38:40.476+0000] {warnings.py:109} WARNING - /home/***/.local/lib/python3.8/site-packages/***/settings.py:194: DeprecationWarning: The sql_alchemy_conn option in [core] has been moved to the sql_alchemy_conn option in [database] - the old setting has been used, but please update your config.
  SQL_ALCHEMY_CONN = conf.get("database", "SQL_ALCHEMY_CONN")

[2025-03-30T11:38:40.551+0000] {task_command.py:423} INFO - Running <TaskInstance: inout_data_ingestion.create_table scheduled__2024-09-30T01:30:00+00:00 [running]> on host ff9d64b065e6
[2025-03-30T11:38:40.676+0000] {taskinstance.py:2510} INFO - Exporting env vars: AIRFLOW_CTX_DAG_OWNER='***' AIRFLOW_CTX_DAG_ID='inout_data_ingestion' AIRFLOW_CTX_TASK_ID='create_table' AIRFLOW_CTX_EXECUTION_DATE='2024-09-30T01:30:00+00:00' AIRFLOW_CTX_TRY_NUMBER='1' AIRFLOW_CTX_DAG_RUN_ID='scheduled__2024-09-30T01:30:00+00:00'
[2025-03-30T11:38:40.684+0000] {logging_mixin.py:188} INFO - Successfully connected to MariaDB: INOUT on mariadb:3306
[2025-03-30T11:38:40.686+0000] {inout_data.py:46} INFO - Table emp_inout_rec created (if it didn't exist).
[2025-03-30T11:38:40.687+0000] {logging_mixin.py:188} INFO - MariaDB connection closed.
[2025-03-30T11:38:40.689+0000] {python.py:202} INFO - Done. Returned value was: None
[2025-03-30T11:38:40.706+0000] {taskinstance.py:1149} INFO - Marking task as SUCCESS. dag_id=inout_data_ingestion, task_id=create_table, execution_date=20240930T013000, start_date=20250330T113840, end_date=20250330T113840
[2025-03-30T11:38:40.785+0000] {local_task_job_runner.py:234} INFO - Task exited with return code 0
[2025-03-30T11:38:40.866+0000] {taskinstance.py:3309} INFO - 1 downstream tasks scheduled from follow-on schedule check
[2025-03-30T11:40:44.386+0000] {taskinstance.py:1979} INFO - Dependencies all met for dep_context=non-requeueable deps ti=<TaskInstance: inout_data_ingestion.create_table scheduled__2024-09-30T01:30:00+00:00 [queued]>
[2025-03-30T11:40:44.403+0000] {taskinstance.py:1979} INFO - Dependencies all met for dep_context=requeueable deps ti=<TaskInstance: inout_data_ingestion.create_table scheduled__2024-09-30T01:30:00+00:00 [queued]>
[2025-03-30T11:40:44.404+0000] {taskinstance.py:2193} INFO - Starting attempt 1 of 2
[2025-03-30T11:40:44.422+0000] {taskinstance.py:2214} INFO - Executing <Task(PythonOperator): create_table> on 2024-09-30 01:30:00+00:00
[2025-03-30T11:40:44.428+0000] {standard_task_runner.py:60} INFO - Started process 6875 to run task
[2025-03-30T11:40:44.439+0000] {standard_task_runner.py:87} INFO - Running: ['***', 'tasks', 'run', 'inout_data_ingestion', 'create_table', 'scheduled__2024-09-30T01:30:00+00:00', '--job-id', '3412', '--raw', '--subdir', 'DAGS_FOLDER/inout_data.py', '--cfg-path', '/tmp/tmpyv68eww0']
[2025-03-30T11:40:44.443+0000] {standard_task_runner.py:88} INFO - Job 3412: Subtask create_table
[2025-03-30T11:40:44.466+0000] {warnings.py:109} WARNING - /home/***/.local/lib/python3.8/site-packages/***/settings.py:194: DeprecationWarning: The sql_alchemy_conn option in [core] has been moved to the sql_alchemy_conn option in [database] - the old setting has been used, but please update your config.
  SQL_ALCHEMY_CONN = conf.get("database", "SQL_ALCHEMY_CONN")

[2025-03-30T11:40:44.543+0000] {task_command.py:423} INFO - Running <TaskInstance: inout_data_ingestion.create_table scheduled__2024-09-30T01:30:00+00:00 [running]> on host ff9d64b065e6
[2025-03-30T11:40:44.660+0000] {taskinstance.py:2510} INFO - Exporting env vars: AIRFLOW_CTX_DAG_OWNER='***' AIRFLOW_CTX_DAG_ID='inout_data_ingestion' AIRFLOW_CTX_TASK_ID='create_table' AIRFLOW_CTX_EXECUTION_DATE='2024-09-30T01:30:00+00:00' AIRFLOW_CTX_TRY_NUMBER='1' AIRFLOW_CTX_DAG_RUN_ID='scheduled__2024-09-30T01:30:00+00:00'
[2025-03-30T11:40:44.669+0000] {logging_mixin.py:188} INFO - Successfully connected to MariaDB: INOUT on mariadb:3306
[2025-03-30T11:40:44.670+0000] {inout_data.py:46} INFO - Table emp_inout_rec created (if it didn't exist).
[2025-03-30T11:40:44.671+0000] {logging_mixin.py:188} INFO - MariaDB connection closed.
[2025-03-30T11:40:44.673+0000] {python.py:202} INFO - Done. Returned value was: None
[2025-03-30T11:40:44.688+0000] {taskinstance.py:1149} INFO - Marking task as SUCCESS. dag_id=inout_data_ingestion, task_id=create_table, execution_date=20240930T013000, start_date=20250330T114044, end_date=20250330T114044
[2025-03-30T11:40:44.741+0000] {local_task_job_runner.py:234} INFO - Task exited with return code 0
[2025-03-30T11:40:44.771+0000] {taskinstance.py:3309} INFO - 1 downstream tasks scheduled from follow-on schedule check
