[2025-03-30T11:09:50.052+0000] {taskinstance.py:1979} INFO - Dependencies all met for dep_context=non-requeueable deps ti=<TaskInstance: inout_data_ingestion.create_table scheduled__2024-10-01T00:00:00+00:00 [queued]>
[2025-03-30T11:09:50.060+0000] {taskinstance.py:1979} INFO - Dependencies all met for dep_context=requeueable deps ti=<TaskInstance: inout_data_ingestion.create_table scheduled__2024-10-01T00:00:00+00:00 [queued]>
[2025-03-30T11:09:50.061+0000] {taskinstance.py:2193} INFO - Starting attempt 1 of 2
[2025-03-30T11:09:50.084+0000] {taskinstance.py:2214} INFO - Executing <Task(PythonOperator): create_table> on 2024-10-01 00:00:00+00:00
[2025-03-30T11:09:50.086+0000] {standard_task_runner.py:60} INFO - Started process 479 to run task
[2025-03-30T11:09:50.091+0000] {standard_task_runner.py:87} INFO - Running: ['***', 'tasks', 'run', 'inout_data_ingestion', 'create_table', 'scheduled__2024-10-01T00:00:00+00:00', '--job-id', '213', '--raw', '--subdir', 'DAGS_FOLDER/inout_data.py', '--cfg-path', '/tmp/tmpz969ggbf']
[2025-03-30T11:09:50.093+0000] {standard_task_runner.py:88} INFO - Job 213: Subtask create_table
[2025-03-30T11:09:50.110+0000] {warnings.py:109} WARNING - /home/***/.local/lib/python3.8/site-packages/***/settings.py:194: DeprecationWarning: The sql_alchemy_conn option in [core] has been moved to the sql_alchemy_conn option in [database] - the old setting has been used, but please update your config.
  SQL_ALCHEMY_CONN = conf.get("database", "SQL_ALCHEMY_CONN")

[2025-03-30T11:09:50.139+0000] {task_command.py:423} INFO - Running <TaskInstance: inout_data_ingestion.create_table scheduled__2024-10-01T00:00:00+00:00 [running]> on host ff9d64b065e6
[2025-03-30T11:09:50.226+0000] {taskinstance.py:2510} INFO - Exporting env vars: AIRFLOW_CTX_DAG_OWNER='***' AIRFLOW_CTX_DAG_ID='inout_data_ingestion' AIRFLOW_CTX_TASK_ID='create_table' AIRFLOW_CTX_EXECUTION_DATE='2024-10-01T00:00:00+00:00' AIRFLOW_CTX_TRY_NUMBER='1' AIRFLOW_CTX_DAG_RUN_ID='scheduled__2024-10-01T00:00:00+00:00'
[2025-03-30T11:09:50.241+0000] {inout_data.py:42} INFO - Successfully connected to MariaDB: INOUT on mariadb:3306
[2025-03-30T11:09:50.243+0000] {inout_data.py:124} INFO - Table emp_inout_rec created (if it didn't exist).
[2025-03-30T11:09:50.244+0000] {inout_data.py:78} INFO - MariaDB connection closed.
[2025-03-30T11:09:50.244+0000] {python.py:202} INFO - Done. Returned value was: None
[2025-03-30T11:09:50.255+0000] {taskinstance.py:1149} INFO - Marking task as SUCCESS. dag_id=inout_data_ingestion, task_id=create_table, execution_date=20241001T000000, start_date=20250330T110950, end_date=20250330T110950
[2025-03-30T11:09:50.312+0000] {local_task_job_runner.py:234} INFO - Task exited with return code 0
[2025-03-30T11:09:50.337+0000] {taskinstance.py:3309} INFO - 1 downstream tasks scheduled from follow-on schedule check
[2025-03-30T11:16:26.661+0000] {taskinstance.py:1979} INFO - Dependencies all met for dep_context=non-requeueable deps ti=<TaskInstance: inout_data_ingestion.create_table scheduled__2024-10-01T00:00:00+00:00 [queued]>
[2025-03-30T11:16:26.679+0000] {taskinstance.py:1979} INFO - Dependencies all met for dep_context=requeueable deps ti=<TaskInstance: inout_data_ingestion.create_table scheduled__2024-10-01T00:00:00+00:00 [queued]>
[2025-03-30T11:16:26.679+0000] {taskinstance.py:2193} INFO - Starting attempt 1 of 2
[2025-03-30T11:16:26.694+0000] {taskinstance.py:2214} INFO - Executing <Task(PythonOperator): create_table> on 2024-10-01 00:00:00+00:00
[2025-03-30T11:16:26.699+0000] {standard_task_runner.py:60} INFO - Started process 2337 to run task
[2025-03-30T11:16:26.711+0000] {standard_task_runner.py:87} INFO - Running: ['***', 'tasks', 'run', 'inout_data_ingestion', 'create_table', 'scheduled__2024-10-01T00:00:00+00:00', '--job-id', '1143', '--raw', '--subdir', 'DAGS_FOLDER/inout_data.py', '--cfg-path', '/tmp/tmpi7clrcfw']
[2025-03-30T11:16:26.713+0000] {standard_task_runner.py:88} INFO - Job 1143: Subtask create_table
[2025-03-30T11:16:26.735+0000] {warnings.py:109} WARNING - /home/***/.local/lib/python3.8/site-packages/***/settings.py:194: DeprecationWarning: The sql_alchemy_conn option in [core] has been moved to the sql_alchemy_conn option in [database] - the old setting has been used, but please update your config.
  SQL_ALCHEMY_CONN = conf.get("database", "SQL_ALCHEMY_CONN")

[2025-03-30T11:16:26.783+0000] {task_command.py:423} INFO - Running <TaskInstance: inout_data_ingestion.create_table scheduled__2024-10-01T00:00:00+00:00 [running]> on host ff9d64b065e6
[2025-03-30T11:16:26.876+0000] {taskinstance.py:2510} INFO - Exporting env vars: AIRFLOW_CTX_DAG_OWNER='***' AIRFLOW_CTX_DAG_ID='inout_data_ingestion' AIRFLOW_CTX_TASK_ID='create_table' AIRFLOW_CTX_EXECUTION_DATE='2024-10-01T00:00:00+00:00' AIRFLOW_CTX_TRY_NUMBER='1' AIRFLOW_CTX_DAG_RUN_ID='scheduled__2024-10-01T00:00:00+00:00'
[2025-03-30T11:16:26.881+0000] {inout_data.py:42} INFO - Successfully connected to MariaDB: INOUT on mariadb:3306
[2025-03-30T11:16:26.882+0000] {inout_data.py:117} INFO - Table emp_inout_rec created (if it didn't exist).
[2025-03-30T11:16:26.882+0000] {inout_data.py:78} INFO - MariaDB connection closed.
[2025-03-30T11:16:26.884+0000] {python.py:202} INFO - Done. Returned value was: None
[2025-03-30T11:16:26.897+0000] {taskinstance.py:1149} INFO - Marking task as SUCCESS. dag_id=inout_data_ingestion, task_id=create_table, execution_date=20241001T000000, start_date=20250330T111626, end_date=20250330T111626
[2025-03-30T11:16:26.938+0000] {local_task_job_runner.py:234} INFO - Task exited with return code 0
[2025-03-30T11:16:26.973+0000] {taskinstance.py:3309} INFO - 1 downstream tasks scheduled from follow-on schedule check
[2025-03-30T11:29:01.716+0000] {taskinstance.py:1979} INFO - Dependencies all met for dep_context=non-requeueable deps ti=<TaskInstance: inout_data_ingestion.create_table scheduled__2024-10-01T00:00:00+00:00 [queued]>
[2025-03-30T11:29:01.730+0000] {taskinstance.py:1979} INFO - Dependencies all met for dep_context=requeueable deps ti=<TaskInstance: inout_data_ingestion.create_table scheduled__2024-10-01T00:00:00+00:00 [queued]>
[2025-03-30T11:29:01.731+0000] {taskinstance.py:2193} INFO - Starting attempt 1 of 2
[2025-03-30T11:29:01.752+0000] {taskinstance.py:2214} INFO - Executing <Task(PythonOperator): create_table> on 2024-10-01 00:00:00+00:00
[2025-03-30T11:29:01.756+0000] {standard_task_runner.py:60} INFO - Started process 4255 to run task
[2025-03-30T11:29:01.760+0000] {standard_task_runner.py:87} INFO - Running: ['***', 'tasks', 'run', 'inout_data_ingestion', 'create_table', 'scheduled__2024-10-01T00:00:00+00:00', '--job-id', '2102', '--raw', '--subdir', 'DAGS_FOLDER/inout_data.py', '--cfg-path', '/tmp/tmp2z13xi_h']
[2025-03-30T11:29:01.761+0000] {standard_task_runner.py:88} INFO - Job 2102: Subtask create_table
[2025-03-30T11:29:01.775+0000] {warnings.py:109} WARNING - /home/***/.local/lib/python3.8/site-packages/***/settings.py:194: DeprecationWarning: The sql_alchemy_conn option in [core] has been moved to the sql_alchemy_conn option in [database] - the old setting has been used, but please update your config.
  SQL_ALCHEMY_CONN = conf.get("database", "SQL_ALCHEMY_CONN")

[2025-03-30T11:29:01.805+0000] {task_command.py:423} INFO - Running <TaskInstance: inout_data_ingestion.create_table scheduled__2024-10-01T00:00:00+00:00 [running]> on host ff9d64b065e6
[2025-03-30T11:29:01.898+0000] {taskinstance.py:2510} INFO - Exporting env vars: AIRFLOW_CTX_DAG_OWNER='***' AIRFLOW_CTX_DAG_ID='inout_data_ingestion' AIRFLOW_CTX_TASK_ID='create_table' AIRFLOW_CTX_EXECUTION_DATE='2024-10-01T00:00:00+00:00' AIRFLOW_CTX_TRY_NUMBER='1' AIRFLOW_CTX_DAG_RUN_ID='scheduled__2024-10-01T00:00:00+00:00'
[2025-03-30T11:29:01.906+0000] {logging_mixin.py:188} INFO - Successfully connected to MariaDB: INOUT on mariadb:3306
[2025-03-30T11:29:01.908+0000] {inout_data.py:46} INFO - Table emp_inout_rec created (if it didn't exist).
[2025-03-30T11:29:01.910+0000] {logging_mixin.py:188} INFO - MariaDB connection closed.
[2025-03-30T11:29:01.910+0000] {python.py:202} INFO - Done. Returned value was: None
[2025-03-30T11:29:01.924+0000] {taskinstance.py:1149} INFO - Marking task as SUCCESS. dag_id=inout_data_ingestion, task_id=create_table, execution_date=20241001T000000, start_date=20250330T112901, end_date=20250330T112901
[2025-03-30T11:29:01.982+0000] {local_task_job_runner.py:234} INFO - Task exited with return code 0
[2025-03-30T11:29:02.040+0000] {taskinstance.py:3309} INFO - 1 downstream tasks scheduled from follow-on schedule check
[2025-03-30T11:33:37.324+0000] {taskinstance.py:1979} INFO - Dependencies all met for dep_context=non-requeueable deps ti=<TaskInstance: inout_data_ingestion.create_table scheduled__2024-10-01T00:00:00+00:00 [queued]>
[2025-03-30T11:33:37.335+0000] {taskinstance.py:1979} INFO - Dependencies all met for dep_context=requeueable deps ti=<TaskInstance: inout_data_ingestion.create_table scheduled__2024-10-01T00:00:00+00:00 [queued]>
[2025-03-30T11:33:37.335+0000] {taskinstance.py:2193} INFO - Starting attempt 1 of 2
[2025-03-30T11:33:37.351+0000] {taskinstance.py:2214} INFO - Executing <Task(PythonOperator): create_table> on 2024-10-01 00:00:00+00:00
[2025-03-30T11:33:37.359+0000] {standard_task_runner.py:60} INFO - Started process 5711 to run task
[2025-03-30T11:33:37.367+0000] {standard_task_runner.py:87} INFO - Running: ['***', 'tasks', 'run', 'inout_data_ingestion', 'create_table', 'scheduled__2024-10-01T00:00:00+00:00', '--job-id', '2830', '--raw', '--subdir', 'DAGS_FOLDER/inout_data.py', '--cfg-path', '/tmp/tmp1kjlvw1w']
[2025-03-30T11:33:37.370+0000] {standard_task_runner.py:88} INFO - Job 2830: Subtask create_table
[2025-03-30T11:33:37.386+0000] {warnings.py:109} WARNING - /home/***/.local/lib/python3.8/site-packages/***/settings.py:194: DeprecationWarning: The sql_alchemy_conn option in [core] has been moved to the sql_alchemy_conn option in [database] - the old setting has been used, but please update your config.
  SQL_ALCHEMY_CONN = conf.get("database", "SQL_ALCHEMY_CONN")

[2025-03-30T11:33:37.478+0000] {task_command.py:423} INFO - Running <TaskInstance: inout_data_ingestion.create_table scheduled__2024-10-01T00:00:00+00:00 [running]> on host ff9d64b065e6
[2025-03-30T11:33:37.610+0000] {taskinstance.py:2510} INFO - Exporting env vars: AIRFLOW_CTX_DAG_OWNER='***' AIRFLOW_CTX_DAG_ID='inout_data_ingestion' AIRFLOW_CTX_TASK_ID='create_table' AIRFLOW_CTX_EXECUTION_DATE='2024-10-01T00:00:00+00:00' AIRFLOW_CTX_TRY_NUMBER='1' AIRFLOW_CTX_DAG_RUN_ID='scheduled__2024-10-01T00:00:00+00:00'
[2025-03-30T11:33:37.623+0000] {logging_mixin.py:188} INFO - Successfully connected to MariaDB: INOUT on mariadb:3306
[2025-03-30T11:33:37.624+0000] {inout_data.py:46} INFO - Table emp_inout_rec created (if it didn't exist).
[2025-03-30T11:33:37.625+0000] {logging_mixin.py:188} INFO - MariaDB connection closed.
[2025-03-30T11:33:37.626+0000] {python.py:202} INFO - Done. Returned value was: None
[2025-03-30T11:33:37.638+0000] {taskinstance.py:1149} INFO - Marking task as SUCCESS. dag_id=inout_data_ingestion, task_id=create_table, execution_date=20241001T000000, start_date=20250330T113337, end_date=20250330T113337
[2025-03-30T11:33:37.718+0000] {local_task_job_runner.py:234} INFO - Task exited with return code 0
[2025-03-30T11:33:37.789+0000] {taskinstance.py:3309} INFO - 1 downstream tasks scheduled from follow-on schedule check
[2025-03-30T11:39:14.241+0000] {taskinstance.py:1979} INFO - Dependencies all met for dep_context=non-requeueable deps ti=<TaskInstance: inout_data_ingestion.create_table scheduled__2024-10-01T00:00:00+00:00 [queued]>
[2025-03-30T11:39:14.255+0000] {taskinstance.py:1979} INFO - Dependencies all met for dep_context=requeueable deps ti=<TaskInstance: inout_data_ingestion.create_table scheduled__2024-10-01T00:00:00+00:00 [queued]>
[2025-03-30T11:39:14.256+0000] {taskinstance.py:2193} INFO - Starting attempt 1 of 2
[2025-03-30T11:39:14.285+0000] {taskinstance.py:2214} INFO - Executing <Task(PythonOperator): create_table> on 2024-10-01 00:00:00+00:00
[2025-03-30T11:39:14.296+0000] {standard_task_runner.py:60} INFO - Started process 6614 to run task
[2025-03-30T11:39:14.301+0000] {standard_task_runner.py:87} INFO - Running: ['***', 'tasks', 'run', 'inout_data_ingestion', 'create_table', 'scheduled__2024-10-01T00:00:00+00:00', '--job-id', '3281', '--raw', '--subdir', 'DAGS_FOLDER/inout_data.py', '--cfg-path', '/tmp/tmpdtlpypa3']
[2025-03-30T11:39:14.303+0000] {standard_task_runner.py:88} INFO - Job 3281: Subtask create_table
[2025-03-30T11:39:14.324+0000] {warnings.py:109} WARNING - /home/***/.local/lib/python3.8/site-packages/***/settings.py:194: DeprecationWarning: The sql_alchemy_conn option in [core] has been moved to the sql_alchemy_conn option in [database] - the old setting has been used, but please update your config.
  SQL_ALCHEMY_CONN = conf.get("database", "SQL_ALCHEMY_CONN")

[2025-03-30T11:39:14.375+0000] {task_command.py:423} INFO - Running <TaskInstance: inout_data_ingestion.create_table scheduled__2024-10-01T00:00:00+00:00 [running]> on host ff9d64b065e6
[2025-03-30T11:39:14.493+0000] {taskinstance.py:2510} INFO - Exporting env vars: AIRFLOW_CTX_DAG_OWNER='***' AIRFLOW_CTX_DAG_ID='inout_data_ingestion' AIRFLOW_CTX_TASK_ID='create_table' AIRFLOW_CTX_EXECUTION_DATE='2024-10-01T00:00:00+00:00' AIRFLOW_CTX_TRY_NUMBER='1' AIRFLOW_CTX_DAG_RUN_ID='scheduled__2024-10-01T00:00:00+00:00'
[2025-03-30T11:39:14.504+0000] {logging_mixin.py:188} INFO - Successfully connected to MariaDB: INOUT on mariadb:3306
[2025-03-30T11:39:14.508+0000] {inout_data.py:46} INFO - Table emp_inout_rec created (if it didn't exist).
[2025-03-30T11:39:14.508+0000] {logging_mixin.py:188} INFO - MariaDB connection closed.
[2025-03-30T11:39:14.510+0000] {python.py:202} INFO - Done. Returned value was: None
[2025-03-30T11:39:14.526+0000] {taskinstance.py:1149} INFO - Marking task as SUCCESS. dag_id=inout_data_ingestion, task_id=create_table, execution_date=20241001T000000, start_date=20250330T113914, end_date=20250330T113914
[2025-03-30T11:39:14.568+0000] {local_task_job_runner.py:234} INFO - Task exited with return code 0
[2025-03-30T11:39:14.601+0000] {taskinstance.py:3309} INFO - 1 downstream tasks scheduled from follow-on schedule check
[2025-03-30T11:41:21.753+0000] {taskinstance.py:1979} INFO - Dependencies all met for dep_context=non-requeueable deps ti=<TaskInstance: inout_data_ingestion.create_table scheduled__2024-10-01T00:00:00+00:00 [queued]>
[2025-03-30T11:41:21.762+0000] {taskinstance.py:1979} INFO - Dependencies all met for dep_context=requeueable deps ti=<TaskInstance: inout_data_ingestion.create_table scheduled__2024-10-01T00:00:00+00:00 [queued]>
[2025-03-30T11:41:21.763+0000] {taskinstance.py:2193} INFO - Starting attempt 1 of 2
[2025-03-30T11:41:21.772+0000] {taskinstance.py:2214} INFO - Executing <Task(PythonOperator): create_table> on 2024-10-01 00:00:00+00:00
[2025-03-30T11:41:21.775+0000] {standard_task_runner.py:60} INFO - Started process 7049 to run task
[2025-03-30T11:41:21.787+0000] {standard_task_runner.py:87} INFO - Running: ['***', 'tasks', 'run', 'inout_data_ingestion', 'create_table', 'scheduled__2024-10-01T00:00:00+00:00', '--job-id', '3499', '--raw', '--subdir', 'DAGS_FOLDER/inout_data.py', '--cfg-path', '/tmp/tmpmd6mwu7k']
[2025-03-30T11:41:21.789+0000] {standard_task_runner.py:88} INFO - Job 3499: Subtask create_table
[2025-03-30T11:41:21.809+0000] {warnings.py:109} WARNING - /home/***/.local/lib/python3.8/site-packages/***/settings.py:194: DeprecationWarning: The sql_alchemy_conn option in [core] has been moved to the sql_alchemy_conn option in [database] - the old setting has been used, but please update your config.
  SQL_ALCHEMY_CONN = conf.get("database", "SQL_ALCHEMY_CONN")

[2025-03-30T11:41:21.846+0000] {task_command.py:423} INFO - Running <TaskInstance: inout_data_ingestion.create_table scheduled__2024-10-01T00:00:00+00:00 [running]> on host ff9d64b065e6
[2025-03-30T11:41:21.939+0000] {taskinstance.py:2510} INFO - Exporting env vars: AIRFLOW_CTX_DAG_OWNER='***' AIRFLOW_CTX_DAG_ID='inout_data_ingestion' AIRFLOW_CTX_TASK_ID='create_table' AIRFLOW_CTX_EXECUTION_DATE='2024-10-01T00:00:00+00:00' AIRFLOW_CTX_TRY_NUMBER='1' AIRFLOW_CTX_DAG_RUN_ID='scheduled__2024-10-01T00:00:00+00:00'
[2025-03-30T11:41:21.947+0000] {logging_mixin.py:188} INFO - Successfully connected to MariaDB: INOUT on mariadb:3306
[2025-03-30T11:41:21.950+0000] {inout_data.py:46} INFO - Table emp_inout_rec created (if it didn't exist).
[2025-03-30T11:41:21.952+0000] {logging_mixin.py:188} INFO - MariaDB connection closed.
[2025-03-30T11:41:21.953+0000] {python.py:202} INFO - Done. Returned value was: None
[2025-03-30T11:41:21.971+0000] {taskinstance.py:1149} INFO - Marking task as SUCCESS. dag_id=inout_data_ingestion, task_id=create_table, execution_date=20241001T000000, start_date=20250330T114121, end_date=20250330T114121
[2025-03-30T11:41:22.002+0000] {local_task_job_runner.py:234} INFO - Task exited with return code 0
[2025-03-30T11:41:22.021+0000] {taskinstance.py:3309} INFO - 1 downstream tasks scheduled from follow-on schedule check
