[2025-03-30T11:08:47.476+0000] {taskinstance.py:1979} INFO - Dependencies all met for dep_context=non-requeueable deps ti=<TaskInstance: inout_data_ingestion.ingest_dummy_data scheduled__2024-09-29T04:30:00+00:00 [queued]>
[2025-03-30T11:08:47.506+0000] {taskinstance.py:1979} INFO - Dependencies all met for dep_context=requeueable deps ti=<TaskInstance: inout_data_ingestion.ingest_dummy_data scheduled__2024-09-29T04:30:00+00:00 [queued]>
[2025-03-30T11:08:47.506+0000] {taskinstance.py:2193} INFO - Starting attempt 1 of 2
[2025-03-30T11:08:47.524+0000] {taskinstance.py:2214} INFO - Executing <Task(PythonOperator): ingest_dummy_data> on 2024-09-29 04:30:00+00:00
[2025-03-30T11:08:47.537+0000] {standard_task_runner.py:60} INFO - Started process 144 to run task
[2025-03-30T11:08:47.543+0000] {standard_task_runner.py:87} INFO - Running: ['***', 'tasks', 'run', 'inout_data_ingestion', 'ingest_dummy_data', 'scheduled__2024-09-29T04:30:00+00:00', '--job-id', '47', '--raw', '--subdir', 'DAGS_FOLDER/inout_data.py', '--cfg-path', '/tmp/tmptgd8dax2']
[2025-03-30T11:08:47.545+0000] {standard_task_runner.py:88} INFO - Job 47: Subtask ingest_dummy_data
[2025-03-30T11:08:47.558+0000] {warnings.py:109} WARNING - /home/***/.local/lib/python3.8/site-packages/***/settings.py:194: DeprecationWarning: The sql_alchemy_conn option in [core] has been moved to the sql_alchemy_conn option in [database] - the old setting has been used, but please update your config.
  SQL_ALCHEMY_CONN = conf.get("database", "SQL_ALCHEMY_CONN")

[2025-03-30T11:08:47.603+0000] {task_command.py:423} INFO - Running <TaskInstance: inout_data_ingestion.ingest_dummy_data scheduled__2024-09-29T04:30:00+00:00 [running]> on host ff9d64b065e6
[2025-03-30T11:08:47.665+0000] {taskinstance.py:2510} INFO - Exporting env vars: AIRFLOW_CTX_DAG_OWNER='***' AIRFLOW_CTX_DAG_ID='inout_data_ingestion' AIRFLOW_CTX_TASK_ID='ingest_dummy_data' AIRFLOW_CTX_EXECUTION_DATE='2024-09-29T04:30:00+00:00' AIRFLOW_CTX_TRY_NUMBER='1' AIRFLOW_CTX_DAG_RUN_ID='scheduled__2024-09-29T04:30:00+00:00'
[2025-03-30T11:08:47.671+0000] {inout_data.py:42} INFO - Successfully connected to MariaDB: INOUT on mariadb:3306
[2025-03-30T11:08:47.678+0000] {inout_data.py:63} ERROR - Error executing query: (1062, "Duplicate entry '2025-03-30 11:08:47-8868' for key 'PRIMARY'")
[2025-03-30T11:08:47.679+0000] {inout_data.py:63} ERROR - Error executing query: (1062, "Duplicate entry '2025-03-30 11:08:47-8868' for key 'PRIMARY'")
[2025-03-30T11:08:47.679+0000] {inout_data.py:63} ERROR - Error executing query: (1062, "Duplicate entry '2025-03-30 11:08:47-8868' for key 'PRIMARY'")
[2025-03-30T11:08:47.680+0000] {inout_data.py:63} ERROR - Error executing query: (1062, "Duplicate entry '2025-03-30 11:08:47-8868' for key 'PRIMARY'")
[2025-03-30T11:08:47.680+0000] {inout_data.py:63} ERROR - Error executing query: (1062, "Duplicate entry '2025-03-30 11:08:47-8868' for key 'PRIMARY'")
[2025-03-30T11:08:47.681+0000] {inout_data.py:63} ERROR - Error executing query: (1062, "Duplicate entry '2025-03-30 11:08:47-8868' for key 'PRIMARY'")
[2025-03-30T11:08:47.685+0000] {inout_data.py:63} ERROR - Error executing query: (1062, "Duplicate entry '2025-03-30 11:08:47-8868' for key 'PRIMARY'")
[2025-03-30T11:08:47.686+0000] {inout_data.py:63} ERROR - Error executing query: (1062, "Duplicate entry '2025-03-30 11:08:47-8868' for key 'PRIMARY'")
[2025-03-30T11:08:47.688+0000] {inout_data.py:63} ERROR - Error executing query: (1062, "Duplicate entry '2025-03-30 11:08:47-8868' for key 'PRIMARY'")
[2025-03-30T11:08:47.689+0000] {inout_data.py:63} ERROR - Error executing query: (1062, "Duplicate entry '2025-03-30 11:08:47-8868' for key 'PRIMARY'")
[2025-03-30T11:08:47.690+0000] {inout_data.py:63} ERROR - Error executing query: (1062, "Duplicate entry '2025-03-30 11:08:47-8868' for key 'PRIMARY'")
[2025-03-30T11:08:47.690+0000] {inout_data.py:63} ERROR - Error executing query: (1062, "Duplicate entry '2025-03-30 11:08:47-8868' for key 'PRIMARY'")
[2025-03-30T11:08:47.691+0000] {inout_data.py:63} ERROR - Error executing query: (1062, "Duplicate entry '2025-03-30 11:08:47-8868' for key 'PRIMARY'")
[2025-03-30T11:08:47.692+0000] {inout_data.py:159} INFO - Ingested 14 rows of dummy data.
[2025-03-30T11:08:47.694+0000] {inout_data.py:78} INFO - MariaDB connection closed.
[2025-03-30T11:08:47.694+0000] {python.py:202} INFO - Done. Returned value was: None
[2025-03-30T11:08:47.705+0000] {taskinstance.py:1149} INFO - Marking task as SUCCESS. dag_id=inout_data_ingestion, task_id=ingest_dummy_data, execution_date=20240929T043000, start_date=20250330T110847, end_date=20250330T110847
[2025-03-30T11:08:47.762+0000] {local_task_job_runner.py:234} INFO - Task exited with return code 0
[2025-03-30T11:08:47.772+0000] {taskinstance.py:3309} INFO - 0 downstream tasks scheduled from follow-on schedule check
[2025-03-30T11:15:32.183+0000] {taskinstance.py:1979} INFO - Dependencies all met for dep_context=non-requeueable deps ti=<TaskInstance: inout_data_ingestion.ingest_dummy_data scheduled__2024-09-29T04:30:00+00:00 [queued]>
[2025-03-30T11:15:32.199+0000] {taskinstance.py:1979} INFO - Dependencies all met for dep_context=requeueable deps ti=<TaskInstance: inout_data_ingestion.ingest_dummy_data scheduled__2024-09-29T04:30:00+00:00 [queued]>
[2025-03-30T11:15:32.200+0000] {taskinstance.py:2193} INFO - Starting attempt 1 of 2
[2025-03-30T11:15:32.213+0000] {taskinstance.py:2214} INFO - Executing <Task(PythonOperator): ingest_dummy_data> on 2024-09-29 04:30:00+00:00
[2025-03-30T11:15:32.219+0000] {standard_task_runner.py:60} INFO - Started process 2003 to run task
[2025-03-30T11:15:32.225+0000] {standard_task_runner.py:87} INFO - Running: ['***', 'tasks', 'run', 'inout_data_ingestion', 'ingest_dummy_data', 'scheduled__2024-09-29T04:30:00+00:00', '--job-id', '976', '--raw', '--subdir', 'DAGS_FOLDER/inout_data.py', '--cfg-path', '/tmp/tmpr2s0zc_k']
[2025-03-30T11:15:32.227+0000] {standard_task_runner.py:88} INFO - Job 976: Subtask ingest_dummy_data
[2025-03-30T11:15:32.241+0000] {warnings.py:109} WARNING - /home/***/.local/lib/python3.8/site-packages/***/settings.py:194: DeprecationWarning: The sql_alchemy_conn option in [core] has been moved to the sql_alchemy_conn option in [database] - the old setting has been used, but please update your config.
  SQL_ALCHEMY_CONN = conf.get("database", "SQL_ALCHEMY_CONN")

[2025-03-30T11:15:32.274+0000] {task_command.py:423} INFO - Running <TaskInstance: inout_data_ingestion.ingest_dummy_data scheduled__2024-09-29T04:30:00+00:00 [running]> on host ff9d64b065e6
[2025-03-30T11:15:32.361+0000] {taskinstance.py:2510} INFO - Exporting env vars: AIRFLOW_CTX_DAG_OWNER='***' AIRFLOW_CTX_DAG_ID='inout_data_ingestion' AIRFLOW_CTX_TASK_ID='ingest_dummy_data' AIRFLOW_CTX_EXECUTION_DATE='2024-09-29T04:30:00+00:00' AIRFLOW_CTX_TRY_NUMBER='1' AIRFLOW_CTX_DAG_RUN_ID='scheduled__2024-09-29T04:30:00+00:00'
[2025-03-30T11:15:32.367+0000] {inout_data.py:42} INFO - Successfully connected to MariaDB: INOUT on mariadb:3306
[2025-03-30T11:15:32.374+0000] {inout_data.py:63} ERROR - Error executing query: (1062, "Duplicate entry '2025-03-30 11:15:32-3535' for key 'PRIMARY'")
[2025-03-30T11:15:32.375+0000] {inout_data.py:63} ERROR - Error executing query: (1062, "Duplicate entry '2025-03-30 11:15:32-3535' for key 'PRIMARY'")
[2025-03-30T11:15:32.377+0000] {inout_data.py:63} ERROR - Error executing query: (1062, "Duplicate entry '2025-03-30 11:15:32-3535' for key 'PRIMARY'")
[2025-03-30T11:15:32.380+0000] {inout_data.py:63} ERROR - Error executing query: (1062, "Duplicate entry '2025-03-30 11:15:32-3535' for key 'PRIMARY'")
[2025-03-30T11:15:32.381+0000] {inout_data.py:152} INFO - Ingested 5 rows of dummy data.
[2025-03-30T11:15:32.382+0000] {inout_data.py:78} INFO - MariaDB connection closed.
[2025-03-30T11:15:32.382+0000] {python.py:202} INFO - Done. Returned value was: None
[2025-03-30T11:15:32.395+0000] {taskinstance.py:1149} INFO - Marking task as SUCCESS. dag_id=inout_data_ingestion, task_id=ingest_dummy_data, execution_date=20240929T043000, start_date=20250330T111532, end_date=20250330T111532
[2025-03-30T11:15:32.445+0000] {local_task_job_runner.py:234} INFO - Task exited with return code 0
[2025-03-30T11:15:32.469+0000] {taskinstance.py:3309} INFO - 0 downstream tasks scheduled from follow-on schedule check
[2025-03-30T11:22:23.877+0000] {taskinstance.py:1979} INFO - Dependencies all met for dep_context=non-requeueable deps ti=<TaskInstance: inout_data_ingestion.ingest_dummy_data scheduled__2024-09-29T04:30:00+00:00 [queued]>
[2025-03-30T11:22:23.948+0000] {taskinstance.py:1979} INFO - Dependencies all met for dep_context=requeueable deps ti=<TaskInstance: inout_data_ingestion.ingest_dummy_data scheduled__2024-09-29T04:30:00+00:00 [queued]>
[2025-03-30T11:22:23.951+0000] {taskinstance.py:2193} INFO - Starting attempt 1 of 2
[2025-03-30T11:22:24.014+0000] {taskinstance.py:2214} INFO - Executing <Task(PythonOperator): ingest_dummy_data> on 2024-09-29 04:30:00+00:00
[2025-03-30T11:22:24.030+0000] {standard_task_runner.py:60} INFO - Started process 3857 to run task
[2025-03-30T11:22:24.046+0000] {standard_task_runner.py:87} INFO - Running: ['***', 'tasks', 'run', 'inout_data_ingestion', 'ingest_dummy_data', 'scheduled__2024-09-29T04:30:00+00:00', '--job-id', '1901', '--raw', '--subdir', 'DAGS_FOLDER/inout_data.py', '--cfg-path', '/tmp/tmpaa_u2jsn']
[2025-03-30T11:22:24.053+0000] {standard_task_runner.py:88} INFO - Job 1901: Subtask ingest_dummy_data
[2025-03-30T11:22:24.103+0000] {warnings.py:109} WARNING - /home/***/.local/lib/python3.8/site-packages/***/settings.py:194: DeprecationWarning: The sql_alchemy_conn option in [core] has been moved to the sql_alchemy_conn option in [database] - the old setting has been used, but please update your config.
  SQL_ALCHEMY_CONN = conf.get("database", "SQL_ALCHEMY_CONN")

[2025-03-30T11:22:24.239+0000] {task_command.py:423} INFO - Running <TaskInstance: inout_data_ingestion.ingest_dummy_data scheduled__2024-09-29T04:30:00+00:00 [running]> on host ff9d64b065e6
[2025-03-30T11:22:24.424+0000] {taskinstance.py:2510} INFO - Exporting env vars: AIRFLOW_CTX_DAG_OWNER='***' AIRFLOW_CTX_DAG_ID='inout_data_ingestion' AIRFLOW_CTX_TASK_ID='ingest_dummy_data' AIRFLOW_CTX_EXECUTION_DATE='2024-09-29T04:30:00+00:00' AIRFLOW_CTX_TRY_NUMBER='1' AIRFLOW_CTX_DAG_RUN_ID='scheduled__2024-09-29T04:30:00+00:00'
[2025-03-30T11:22:24.436+0000] {inout_data.py:42} INFO - Successfully connected to MariaDB: INOUT on mariadb:3306
[2025-03-30T11:22:24.438+0000] {taskinstance.py:2728} ERROR - Task failed with exception
Traceback (most recent call last):
  File "/home/airflow/.local/lib/python3.8/site-packages/airflow/models/taskinstance.py", line 444, in _execute_task
    result = _execute_callable(context=context, **execute_callable_kwargs)
  File "/home/airflow/.local/lib/python3.8/site-packages/airflow/models/taskinstance.py", line 414, in _execute_callable
    return execute_callable(context=context, **execute_callable_kwargs)
  File "/home/airflow/.local/lib/python3.8/site-packages/airflow/operators/python.py", line 200, in execute
    return_value = self.execute_callable()
  File "/home/airflow/.local/lib/python3.8/site-packages/airflow/operators/python.py", line 217, in execute_callable
    return self.python_callable(*self.op_args, **self.op_kwargs)
  File "/opt/airflow/dags/inout_data.py", line 150, in ingest_dummy_data
    data = generate_dummy_data(logical_date)
  File "/opt/airflow/dags/inout_data.py", line 127, in generate_dummy_data
    timestamp = logical_date + timedelta(minutes=random.randint(0, 29)) #random minutes within the 30 minute interval
TypeError: can only concatenate str (not "datetime.timedelta") to str
[2025-03-30T11:22:24.456+0000] {taskinstance.py:1149} INFO - Marking task as UP_FOR_RETRY. dag_id=inout_data_ingestion, task_id=ingest_dummy_data, execution_date=20240929T043000, start_date=20250330T112223, end_date=20250330T112224
[2025-03-30T11:22:24.492+0000] {standard_task_runner.py:107} ERROR - Failed to execute job 1901 for task ingest_dummy_data (can only concatenate str (not "datetime.timedelta") to str; 3857)
[2025-03-30T11:22:24.521+0000] {local_task_job_runner.py:234} INFO - Task exited with return code 1
[2025-03-30T11:22:24.579+0000] {taskinstance.py:3309} INFO - 0 downstream tasks scheduled from follow-on schedule check
[2025-03-30T11:28:03.067+0000] {taskinstance.py:1979} INFO - Dependencies all met for dep_context=non-requeueable deps ti=<TaskInstance: inout_data_ingestion.ingest_dummy_data scheduled__2024-09-29T04:30:00+00:00 [queued]>
[2025-03-30T11:28:03.078+0000] {taskinstance.py:1979} INFO - Dependencies all met for dep_context=requeueable deps ti=<TaskInstance: inout_data_ingestion.ingest_dummy_data scheduled__2024-09-29T04:30:00+00:00 [queued]>
[2025-03-30T11:28:03.080+0000] {taskinstance.py:2193} INFO - Starting attempt 1 of 2
[2025-03-30T11:28:03.097+0000] {taskinstance.py:2214} INFO - Executing <Task(PythonOperator): ingest_dummy_data> on 2024-09-29 04:30:00+00:00
[2025-03-30T11:28:03.102+0000] {standard_task_runner.py:60} INFO - Started process 3909 to run task
[2025-03-30T11:28:03.107+0000] {standard_task_runner.py:87} INFO - Running: ['***', 'tasks', 'run', 'inout_data_ingestion', 'ingest_dummy_data', 'scheduled__2024-09-29T04:30:00+00:00', '--job-id', '1930', '--raw', '--subdir', 'DAGS_FOLDER/inout_data.py', '--cfg-path', '/tmp/tmpmfkg5ufr']
[2025-03-30T11:28:03.108+0000] {standard_task_runner.py:88} INFO - Job 1930: Subtask ingest_dummy_data
[2025-03-30T11:28:03.123+0000] {warnings.py:109} WARNING - /home/***/.local/lib/python3.8/site-packages/***/settings.py:194: DeprecationWarning: The sql_alchemy_conn option in [core] has been moved to the sql_alchemy_conn option in [database] - the old setting has been used, but please update your config.
  SQL_ALCHEMY_CONN = conf.get("database", "SQL_ALCHEMY_CONN")

[2025-03-30T11:28:03.150+0000] {task_command.py:423} INFO - Running <TaskInstance: inout_data_ingestion.ingest_dummy_data scheduled__2024-09-29T04:30:00+00:00 [running]> on host ff9d64b065e6
[2025-03-30T11:28:03.207+0000] {taskinstance.py:2510} INFO - Exporting env vars: AIRFLOW_CTX_DAG_OWNER='***' AIRFLOW_CTX_DAG_ID='inout_data_ingestion' AIRFLOW_CTX_TASK_ID='ingest_dummy_data' AIRFLOW_CTX_EXECUTION_DATE='2024-09-29T04:30:00+00:00' AIRFLOW_CTX_TRY_NUMBER='1' AIRFLOW_CTX_DAG_RUN_ID='scheduled__2024-09-29T04:30:00+00:00'
[2025-03-30T11:28:03.212+0000] {logging_mixin.py:188} INFO - Successfully connected to MariaDB: INOUT on mariadb:3306
[2025-03-30T11:28:03.213+0000] {logging_mixin.py:188} INFO - General error executing query: not all arguments converted during string formatting
[2025-03-30T11:28:03.213+0000] {logging_mixin.py:188} INFO - General error executing query: not all arguments converted during string formatting
[2025-03-30T11:28:03.214+0000] {logging_mixin.py:188} INFO - General error executing query: not all arguments converted during string formatting
[2025-03-30T11:28:03.214+0000] {logging_mixin.py:188} INFO - General error executing query: not all arguments converted during string formatting
[2025-03-30T11:28:03.215+0000] {logging_mixin.py:188} INFO - General error executing query: not all arguments converted during string formatting
[2025-03-30T11:28:03.216+0000] {logging_mixin.py:188} INFO - General error executing query: not all arguments converted during string formatting
[2025-03-30T11:28:03.218+0000] {logging_mixin.py:188} INFO - General error executing query: not all arguments converted during string formatting
[2025-03-30T11:28:03.221+0000] {logging_mixin.py:188} INFO - General error executing query: not all arguments converted during string formatting
[2025-03-30T11:28:03.223+0000] {logging_mixin.py:188} INFO - General error executing query: not all arguments converted during string formatting
[2025-03-30T11:28:03.224+0000] {logging_mixin.py:188} INFO - General error executing query: not all arguments converted during string formatting
[2025-03-30T11:28:03.224+0000] {inout_data.py:87} INFO - Ingested 10 rows of dummy data for 2024-09-29 04:30:00+00:00.
[2025-03-30T11:28:03.224+0000] {logging_mixin.py:188} INFO - MariaDB connection closed.
[2025-03-30T11:28:03.224+0000] {python.py:202} INFO - Done. Returned value was: None
[2025-03-30T11:28:03.233+0000] {taskinstance.py:1149} INFO - Marking task as SUCCESS. dag_id=inout_data_ingestion, task_id=ingest_dummy_data, execution_date=20240929T043000, start_date=20250330T112803, end_date=20250330T112803
[2025-03-30T11:28:03.290+0000] {local_task_job_runner.py:234} INFO - Task exited with return code 0
[2025-03-30T11:28:03.305+0000] {taskinstance.py:3309} INFO - 0 downstream tasks scheduled from follow-on schedule check
[2025-03-30T11:32:44.180+0000] {taskinstance.py:1979} INFO - Dependencies all met for dep_context=non-requeueable deps ti=<TaskInstance: inout_data_ingestion.ingest_dummy_data scheduled__2024-09-29T04:30:00+00:00 [queued]>
[2025-03-30T11:32:44.187+0000] {taskinstance.py:1979} INFO - Dependencies all met for dep_context=requeueable deps ti=<TaskInstance: inout_data_ingestion.ingest_dummy_data scheduled__2024-09-29T04:30:00+00:00 [queued]>
[2025-03-30T11:32:44.188+0000] {taskinstance.py:2193} INFO - Starting attempt 1 of 2
[2025-03-30T11:32:44.199+0000] {taskinstance.py:2214} INFO - Executing <Task(PythonOperator): ingest_dummy_data> on 2024-09-29 04:30:00+00:00
[2025-03-30T11:32:44.204+0000] {standard_task_runner.py:60} INFO - Started process 5365 to run task
[2025-03-30T11:32:44.208+0000] {standard_task_runner.py:87} INFO - Running: ['***', 'tasks', 'run', 'inout_data_ingestion', 'ingest_dummy_data', 'scheduled__2024-09-29T04:30:00+00:00', '--job-id', '2658', '--raw', '--subdir', 'DAGS_FOLDER/inout_data.py', '--cfg-path', '/tmp/tmpghxosn75']
[2025-03-30T11:32:44.210+0000] {standard_task_runner.py:88} INFO - Job 2658: Subtask ingest_dummy_data
[2025-03-30T11:32:44.220+0000] {warnings.py:109} WARNING - /home/***/.local/lib/python3.8/site-packages/***/settings.py:194: DeprecationWarning: The sql_alchemy_conn option in [core] has been moved to the sql_alchemy_conn option in [database] - the old setting has been used, but please update your config.
  SQL_ALCHEMY_CONN = conf.get("database", "SQL_ALCHEMY_CONN")

[2025-03-30T11:32:44.246+0000] {task_command.py:423} INFO - Running <TaskInstance: inout_data_ingestion.ingest_dummy_data scheduled__2024-09-29T04:30:00+00:00 [running]> on host ff9d64b065e6
[2025-03-30T11:32:44.285+0000] {taskinstance.py:2510} INFO - Exporting env vars: AIRFLOW_CTX_DAG_OWNER='***' AIRFLOW_CTX_DAG_ID='inout_data_ingestion' AIRFLOW_CTX_TASK_ID='ingest_dummy_data' AIRFLOW_CTX_EXECUTION_DATE='2024-09-29T04:30:00+00:00' AIRFLOW_CTX_TRY_NUMBER='1' AIRFLOW_CTX_DAG_RUN_ID='scheduled__2024-09-29T04:30:00+00:00'
[2025-03-30T11:32:44.288+0000] {logging_mixin.py:188} INFO - Successfully connected to MariaDB: INOUT on mariadb:3306
[2025-03-30T11:32:44.288+0000] {inout_data.py:83} INFO - {'ingested_time': datetime.datetime(2025, 3, 30, 11, 32, 44, 288230), 'timestamp': datetime.datetime(2024, 9, 29, 4, 32, tzinfo=datetime.timezone.utc), 'emp_id': 8253, 'employee_name': 'Employee69', 'factory': 'FactoryA', 'in_out': 'IN', 'entrance': 'Main', 'door_number': '9', 'function': 'IT', 'division': 'AAPD', 'department': 'HRSD', 'section': '1'}
[2025-03-30T11:32:44.288+0000] {logging_mixin.py:188} INFO - General error executing query: not all arguments converted during string formatting
[2025-03-30T11:32:44.288+0000] {inout_data.py:83} INFO - {'ingested_time': datetime.datetime(2025, 3, 30, 11, 32, 44, 288708), 'timestamp': datetime.datetime(2024, 9, 29, 4, 48, tzinfo=datetime.timezone.utc), 'emp_id': 1481, 'employee_name': 'Employee20', 'factory': 'FactoryA', 'in_out': 'IN', 'entrance': 'Side', 'door_number': '9', 'function': 'IT', 'division': 'AAPD', 'department': 'CAPD', 'section': '1'}
[2025-03-30T11:32:44.288+0000] {logging_mixin.py:188} INFO - General error executing query: not all arguments converted during string formatting
[2025-03-30T11:32:44.289+0000] {inout_data.py:83} INFO - {'ingested_time': datetime.datetime(2025, 3, 30, 11, 32, 44, 289129), 'timestamp': datetime.datetime(2024, 9, 29, 4, 42, tzinfo=datetime.timezone.utc), 'emp_id': 7959, 'employee_name': 'Employee23', 'factory': 'FactoryA', 'in_out': 'OUT', 'entrance': 'Main', 'door_number': '10', 'function': 'IT', 'division': 'AAPD', 'department': 'HRSD', 'section': '1'}
[2025-03-30T11:32:44.289+0000] {logging_mixin.py:188} INFO - General error executing query: not all arguments converted during string formatting
[2025-03-30T11:32:44.289+0000] {inout_data.py:83} INFO - {'ingested_time': datetime.datetime(2025, 3, 30, 11, 32, 44, 289755), 'timestamp': datetime.datetime(2024, 9, 29, 4, 48, tzinfo=datetime.timezone.utc), 'emp_id': 6864, 'employee_name': 'Employee100', 'factory': 'FactoryB', 'in_out': 'OUT', 'entrance': 'Side', 'door_number': '7', 'function': 'IT', 'division': 'BSID', 'department': 'ML', 'section': '1'}
[2025-03-30T11:32:44.290+0000] {logging_mixin.py:188} INFO - General error executing query: not all arguments converted during string formatting
[2025-03-30T11:32:44.290+0000] {inout_data.py:83} INFO - {'ingested_time': datetime.datetime(2025, 3, 30, 11, 32, 44, 290547), 'timestamp': datetime.datetime(2024, 9, 29, 4, 55, tzinfo=datetime.timezone.utc), 'emp_id': 8229, 'employee_name': 'Employee35', 'factory': 'FactoryB', 'in_out': 'IN', 'entrance': 'Main', 'door_number': '7', 'function': 'IT', 'division': 'AAPD', 'department': 'HRSD', 'section': '2'}
[2025-03-30T11:32:44.290+0000] {logging_mixin.py:188} INFO - General error executing query: not all arguments converted during string formatting
[2025-03-30T11:32:44.290+0000] {inout_data.py:83} INFO - {'ingested_time': datetime.datetime(2025, 3, 30, 11, 32, 44, 290953), 'timestamp': datetime.datetime(2024, 9, 29, 4, 52, tzinfo=datetime.timezone.utc), 'emp_id': 8999, 'employee_name': 'Employee71', 'factory': 'FactoryB', 'in_out': 'OUT', 'entrance': 'Side', 'door_number': '4', 'function': 'IT', 'division': 'BSID', 'department': 'CAPD', 'section': '1'}
[2025-03-30T11:32:44.291+0000] {logging_mixin.py:188} INFO - General error executing query: not all arguments converted during string formatting
[2025-03-30T11:32:44.291+0000] {inout_data.py:83} INFO - {'ingested_time': datetime.datetime(2025, 3, 30, 11, 32, 44, 291272), 'timestamp': datetime.datetime(2024, 9, 29, 4, 40, tzinfo=datetime.timezone.utc), 'emp_id': 4062, 'employee_name': 'Employee81', 'factory': 'FactoryB', 'in_out': 'IN', 'entrance': 'Side', 'door_number': '2', 'function': 'IT', 'division': 'AAPD', 'department': 'HRSD', 'section': '2'}
[2025-03-30T11:32:44.291+0000] {logging_mixin.py:188} INFO - General error executing query: not all arguments converted during string formatting
[2025-03-30T11:32:44.291+0000] {inout_data.py:83} INFO - {'ingested_time': datetime.datetime(2025, 3, 30, 11, 32, 44, 291553), 'timestamp': datetime.datetime(2024, 9, 29, 4, 50, tzinfo=datetime.timezone.utc), 'emp_id': 8430, 'employee_name': 'Employee78', 'factory': 'FactoryB', 'in_out': 'IN', 'entrance': 'Main', 'door_number': '5', 'function': 'IT', 'division': 'BSID', 'department': 'CAPD', 'section': '2'}
[2025-03-30T11:32:44.291+0000] {logging_mixin.py:188} INFO - General error executing query: not all arguments converted during string formatting
[2025-03-30T11:32:44.291+0000] {inout_data.py:83} INFO - {'ingested_time': datetime.datetime(2025, 3, 30, 11, 32, 44, 291810), 'timestamp': datetime.datetime(2024, 9, 29, 4, 40, tzinfo=datetime.timezone.utc), 'emp_id': 4649, 'employee_name': 'Employee33', 'factory': 'FactoryA', 'in_out': 'IN', 'entrance': 'Side', 'door_number': '6', 'function': 'IT', 'division': 'AAPD', 'department': 'ML', 'section': '1'}
[2025-03-30T11:32:44.291+0000] {logging_mixin.py:188} INFO - General error executing query: not all arguments converted during string formatting
[2025-03-30T11:32:44.292+0000] {inout_data.py:83} INFO - {'ingested_time': datetime.datetime(2025, 3, 30, 11, 32, 44, 292061), 'timestamp': datetime.datetime(2024, 9, 29, 4, 43, tzinfo=datetime.timezone.utc), 'emp_id': 1955, 'employee_name': 'Employee52', 'factory': 'FactoryB', 'in_out': 'IN', 'entrance': 'Side', 'door_number': '1', 'function': 'IT', 'division': 'AAPD', 'department': 'CAPD', 'section': '2'}
[2025-03-30T11:32:44.292+0000] {logging_mixin.py:188} INFO - General error executing query: not all arguments converted during string formatting
[2025-03-30T11:32:44.292+0000] {inout_data.py:83} INFO - {'ingested_time': datetime.datetime(2025, 3, 30, 11, 32, 44, 292334), 'timestamp': datetime.datetime(2024, 9, 29, 4, 55, tzinfo=datetime.timezone.utc), 'emp_id': 7588, 'employee_name': 'Employee20', 'factory': 'FactoryB', 'in_out': 'OUT', 'entrance': 'Side', 'door_number': '2', 'function': 'IT', 'division': 'BSID', 'department': 'CAPD', 'section': '2'}
[2025-03-30T11:32:44.292+0000] {logging_mixin.py:188} INFO - General error executing query: not all arguments converted during string formatting
[2025-03-30T11:32:44.292+0000] {inout_data.py:83} INFO - {'ingested_time': datetime.datetime(2025, 3, 30, 11, 32, 44, 292636), 'timestamp': datetime.datetime(2024, 9, 29, 4, 46, tzinfo=datetime.timezone.utc), 'emp_id': 3266, 'employee_name': 'Employee65', 'factory': 'FactoryA', 'in_out': 'OUT', 'entrance': 'Main', 'door_number': '5', 'function': 'IT', 'division': 'AAPD', 'department': 'HRSD', 'section': '2'}
[2025-03-30T11:32:44.292+0000] {logging_mixin.py:188} INFO - General error executing query: not all arguments converted during string formatting
[2025-03-30T11:32:44.292+0000] {inout_data.py:83} INFO - {'ingested_time': datetime.datetime(2025, 3, 30, 11, 32, 44, 292889), 'timestamp': datetime.datetime(2024, 9, 29, 4, 59, tzinfo=datetime.timezone.utc), 'emp_id': 5753, 'employee_name': 'Employee5', 'factory': 'FactoryA', 'in_out': 'IN', 'entrance': 'Side', 'door_number': '4', 'function': 'IT', 'division': 'BSID', 'department': 'CAPD', 'section': '1'}
[2025-03-30T11:32:44.293+0000] {logging_mixin.py:188} INFO - General error executing query: not all arguments converted during string formatting
[2025-03-30T11:32:44.293+0000] {inout_data.py:83} INFO - {'ingested_time': datetime.datetime(2025, 3, 30, 11, 32, 44, 293140), 'timestamp': datetime.datetime(2024, 9, 29, 4, 50, tzinfo=datetime.timezone.utc), 'emp_id': 1607, 'employee_name': 'Employee38', 'factory': 'FactoryB', 'in_out': 'IN', 'entrance': 'Side', 'door_number': '4', 'function': 'IT', 'division': 'AAPD', 'department': 'HRSD', 'section': '1'}
[2025-03-30T11:32:44.293+0000] {logging_mixin.py:188} INFO - General error executing query: not all arguments converted during string formatting
[2025-03-30T11:32:44.293+0000] {inout_data.py:83} INFO - {'ingested_time': datetime.datetime(2025, 3, 30, 11, 32, 44, 293407), 'timestamp': datetime.datetime(2024, 9, 29, 4, 30, tzinfo=datetime.timezone.utc), 'emp_id': 8772, 'employee_name': 'Employee5', 'factory': 'FactoryA', 'in_out': 'IN', 'entrance': 'Side', 'door_number': '10', 'function': 'IT', 'division': 'AAPD', 'department': 'ML', 'section': '2'}
[2025-03-30T11:32:44.293+0000] {logging_mixin.py:188} INFO - General error executing query: not all arguments converted during string formatting
[2025-03-30T11:32:44.293+0000] {inout_data.py:83} INFO - {'ingested_time': datetime.datetime(2025, 3, 30, 11, 32, 44, 293665), 'timestamp': datetime.datetime(2024, 9, 29, 4, 52, tzinfo=datetime.timezone.utc), 'emp_id': 5707, 'employee_name': 'Employee3', 'factory': 'FactoryA', 'in_out': 'IN', 'entrance': 'Side', 'door_number': '1', 'function': 'IT', 'division': 'BSID', 'department': 'CAPD', 'section': '2'}
[2025-03-30T11:32:44.293+0000] {logging_mixin.py:188} INFO - General error executing query: not all arguments converted during string formatting
[2025-03-30T11:32:44.293+0000] {inout_data.py:83} INFO - {'ingested_time': datetime.datetime(2025, 3, 30, 11, 32, 44, 293913), 'timestamp': datetime.datetime(2024, 9, 29, 4, 44, tzinfo=datetime.timezone.utc), 'emp_id': 4580, 'employee_name': 'Employee22', 'factory': 'FactoryB', 'in_out': 'IN', 'entrance': 'Main', 'door_number': '2', 'function': 'IT', 'division': 'AAPD', 'department': 'HRSD', 'section': '2'}
[2025-03-30T11:32:44.294+0000] {logging_mixin.py:188} INFO - General error executing query: not all arguments converted during string formatting
[2025-03-30T11:32:44.294+0000] {inout_data.py:83} INFO - {'ingested_time': datetime.datetime(2025, 3, 30, 11, 32, 44, 294167), 'timestamp': datetime.datetime(2024, 9, 29, 4, 44, tzinfo=datetime.timezone.utc), 'emp_id': 5038, 'employee_name': 'Employee48', 'factory': 'FactoryA', 'in_out': 'OUT', 'entrance': 'Side', 'door_number': '8', 'function': 'IT', 'division': 'AAPD', 'department': 'HRSD', 'section': '2'}
[2025-03-30T11:32:44.294+0000] {logging_mixin.py:188} INFO - General error executing query: not all arguments converted during string formatting
[2025-03-30T11:32:44.294+0000] {inout_data.py:88} INFO - Ingested 18 rows of dummy data for 2024-09-29 04:30:00+00:00.
[2025-03-30T11:32:44.294+0000] {logging_mixin.py:188} INFO - MariaDB connection closed.
[2025-03-30T11:32:44.294+0000] {python.py:202} INFO - Done. Returned value was: None
[2025-03-30T11:32:44.298+0000] {taskinstance.py:1149} INFO - Marking task as SUCCESS. dag_id=inout_data_ingestion, task_id=ingest_dummy_data, execution_date=20240929T043000, start_date=20250330T113244, end_date=20250330T113244
[2025-03-30T11:32:44.308+0000] {local_task_job_runner.py:234} INFO - Task exited with return code 0
[2025-03-30T11:32:44.316+0000] {taskinstance.py:3309} INFO - 0 downstream tasks scheduled from follow-on schedule check
[2025-03-30T11:35:55.895+0000] {taskinstance.py:1979} INFO - Dependencies all met for dep_context=non-requeueable deps ti=<TaskInstance: inout_data_ingestion.ingest_dummy_data scheduled__2024-09-29T04:30:00+00:00 [queued]>
[2025-03-30T11:35:55.912+0000] {taskinstance.py:1979} INFO - Dependencies all met for dep_context=requeueable deps ti=<TaskInstance: inout_data_ingestion.ingest_dummy_data scheduled__2024-09-29T04:30:00+00:00 [queued]>
[2025-03-30T11:35:55.914+0000] {taskinstance.py:2193} INFO - Starting attempt 1 of 2
[2025-03-30T11:35:55.938+0000] {taskinstance.py:2214} INFO - Executing <Task(PythonOperator): ingest_dummy_data> on 2024-09-29 04:30:00+00:00
[2025-03-30T11:35:55.963+0000] {standard_task_runner.py:60} INFO - Started process 6213 to run task
[2025-03-30T11:35:55.982+0000] {standard_task_runner.py:87} INFO - Running: ['***', 'tasks', 'run', 'inout_data_ingestion', 'ingest_dummy_data', 'scheduled__2024-09-29T04:30:00+00:00', '--job-id', '3080', '--raw', '--subdir', 'DAGS_FOLDER/inout_data.py', '--cfg-path', '/tmp/tmp9rbtaznr']
[2025-03-30T11:35:55.992+0000] {standard_task_runner.py:88} INFO - Job 3080: Subtask ingest_dummy_data
[2025-03-30T11:35:56.030+0000] {warnings.py:109} WARNING - /home/***/.local/lib/python3.8/site-packages/***/settings.py:194: DeprecationWarning: The sql_alchemy_conn option in [core] has been moved to the sql_alchemy_conn option in [database] - the old setting has been used, but please update your config.
  SQL_ALCHEMY_CONN = conf.get("database", "SQL_ALCHEMY_CONN")

[2025-03-30T11:35:56.120+0000] {task_command.py:423} INFO - Running <TaskInstance: inout_data_ingestion.ingest_dummy_data scheduled__2024-09-29T04:30:00+00:00 [running]> on host ff9d64b065e6
[2025-03-30T11:35:56.245+0000] {taskinstance.py:2510} INFO - Exporting env vars: AIRFLOW_CTX_DAG_OWNER='***' AIRFLOW_CTX_DAG_ID='inout_data_ingestion' AIRFLOW_CTX_TASK_ID='ingest_dummy_data' AIRFLOW_CTX_EXECUTION_DATE='2024-09-29T04:30:00+00:00' AIRFLOW_CTX_TRY_NUMBER='1' AIRFLOW_CTX_DAG_RUN_ID='scheduled__2024-09-29T04:30:00+00:00'
[2025-03-30T11:35:56.252+0000] {logging_mixin.py:188} INFO - Successfully connected to MariaDB: INOUT on mariadb:3306
[2025-03-30T11:35:56.253+0000] {taskinstance.py:2728} ERROR - Task failed with exception
Traceback (most recent call last):
  File "/home/airflow/.local/lib/python3.8/site-packages/airflow/models/taskinstance.py", line 444, in _execute_task
    result = _execute_callable(context=context, **execute_callable_kwargs)
  File "/home/airflow/.local/lib/python3.8/site-packages/airflow/models/taskinstance.py", line 414, in _execute_callable
    return execute_callable(context=context, **execute_callable_kwargs)
  File "/home/airflow/.local/lib/python3.8/site-packages/airflow/operators/python.py", line 200, in execute
    return_value = self.execute_callable()
  File "/home/airflow/.local/lib/python3.8/site-packages/airflow/operators/python.py", line 217, in execute_callable
    return self.python_callable(*self.op_args, **self.op_kwargs)
  File "/opt/airflow/dags/inout_data.py", line 95, in ingest_dummy_data
    data = generate_dummy_data(logical_date) # pass logical_date string.
NameError: name 'generate_dummy_data' is not defined
[2025-03-30T11:35:56.268+0000] {taskinstance.py:1149} INFO - Marking task as UP_FOR_RETRY. dag_id=inout_data_ingestion, task_id=ingest_dummy_data, execution_date=20240929T043000, start_date=20250330T113555, end_date=20250330T113556
[2025-03-30T11:35:56.293+0000] {standard_task_runner.py:107} ERROR - Failed to execute job 3080 for task ingest_dummy_data (name 'generate_dummy_data' is not defined; 6213)
[2025-03-30T11:35:56.340+0000] {local_task_job_runner.py:234} INFO - Task exited with return code 1
[2025-03-30T11:35:56.394+0000] {taskinstance.py:3309} INFO - 0 downstream tasks scheduled from follow-on schedule check
[2025-03-30T11:38:08.748+0000] {taskinstance.py:1979} INFO - Dependencies all met for dep_context=non-requeueable deps ti=<TaskInstance: inout_data_ingestion.ingest_dummy_data scheduled__2024-09-29T04:30:00+00:00 [queued]>
[2025-03-30T11:38:08.758+0000] {taskinstance.py:1979} INFO - Dependencies all met for dep_context=requeueable deps ti=<TaskInstance: inout_data_ingestion.ingest_dummy_data scheduled__2024-09-29T04:30:00+00:00 [queued]>
[2025-03-30T11:38:08.758+0000] {taskinstance.py:2193} INFO - Starting attempt 1 of 2
[2025-03-30T11:38:08.772+0000] {taskinstance.py:2214} INFO - Executing <Task(PythonOperator): ingest_dummy_data> on 2024-09-29 04:30:00+00:00
[2025-03-30T11:38:08.783+0000] {standard_task_runner.py:60} INFO - Started process 6273 to run task
[2025-03-30T11:38:08.790+0000] {standard_task_runner.py:87} INFO - Running: ['***', 'tasks', 'run', 'inout_data_ingestion', 'ingest_dummy_data', 'scheduled__2024-09-29T04:30:00+00:00', '--job-id', '3112', '--raw', '--subdir', 'DAGS_FOLDER/inout_data.py', '--cfg-path', '/tmp/tmpijru970h']
[2025-03-30T11:38:08.792+0000] {standard_task_runner.py:88} INFO - Job 3112: Subtask ingest_dummy_data
[2025-03-30T11:38:08.809+0000] {warnings.py:109} WARNING - /home/***/.local/lib/python3.8/site-packages/***/settings.py:194: DeprecationWarning: The sql_alchemy_conn option in [core] has been moved to the sql_alchemy_conn option in [database] - the old setting has been used, but please update your config.
  SQL_ALCHEMY_CONN = conf.get("database", "SQL_ALCHEMY_CONN")

[2025-03-30T11:38:08.856+0000] {task_command.py:423} INFO - Running <TaskInstance: inout_data_ingestion.ingest_dummy_data scheduled__2024-09-29T04:30:00+00:00 [running]> on host ff9d64b065e6
[2025-03-30T11:38:08.924+0000] {taskinstance.py:2510} INFO - Exporting env vars: AIRFLOW_CTX_DAG_OWNER='***' AIRFLOW_CTX_DAG_ID='inout_data_ingestion' AIRFLOW_CTX_TASK_ID='ingest_dummy_data' AIRFLOW_CTX_EXECUTION_DATE='2024-09-29T04:30:00+00:00' AIRFLOW_CTX_TRY_NUMBER='1' AIRFLOW_CTX_DAG_RUN_ID='scheduled__2024-09-29T04:30:00+00:00'
[2025-03-30T11:38:08.927+0000] {logging_mixin.py:188} INFO - Successfully connected to MariaDB: INOUT on mariadb:3306
[2025-03-30T11:38:08.928+0000] {inout_data.py:83} INFO - {'ingested_time': datetime.datetime(2025, 3, 30, 11, 38, 8, 928242), 'timestamp': datetime.datetime(2024, 9, 29, 4, 35, tzinfo=datetime.timezone.utc), 'emp_id': 5971, 'employee_name': 'Employee81', 'factory': 'FactoryA', 'in_out': 'IN', 'entrance': 'Main', 'door_number': '2', 'function': 'IT', 'division': 'BSID', 'department': 'CAPD', 'section': '2'}
[2025-03-30T11:38:08.928+0000] {logging_mixin.py:188} INFO - General error executing query: not all arguments converted during string formatting
[2025-03-30T11:38:08.928+0000] {inout_data.py:83} INFO - {'ingested_time': datetime.datetime(2025, 3, 30, 11, 38, 8, 928931), 'timestamp': datetime.datetime(2024, 9, 29, 4, 55, tzinfo=datetime.timezone.utc), 'emp_id': 9210, 'employee_name': 'Employee46', 'factory': 'FactoryA', 'in_out': 'IN', 'entrance': 'Main', 'door_number': '7', 'function': 'IT', 'division': 'AAPD', 'department': 'CAPD', 'section': '2'}
[2025-03-30T11:38:08.929+0000] {logging_mixin.py:188} INFO - General error executing query: not all arguments converted during string formatting
[2025-03-30T11:38:08.929+0000] {inout_data.py:83} INFO - {'ingested_time': datetime.datetime(2025, 3, 30, 11, 38, 8, 929421), 'timestamp': datetime.datetime(2024, 9, 29, 4, 50, tzinfo=datetime.timezone.utc), 'emp_id': 9803, 'employee_name': 'Employee97', 'factory': 'FactoryA', 'in_out': 'IN', 'entrance': 'Main', 'door_number': '1', 'function': 'IT', 'division': 'AAPD', 'department': 'HRSD', 'section': '2'}
[2025-03-30T11:38:08.929+0000] {logging_mixin.py:188} INFO - General error executing query: not all arguments converted during string formatting
[2025-03-30T11:38:08.930+0000] {inout_data.py:83} INFO - {'ingested_time': datetime.datetime(2025, 3, 30, 11, 38, 8, 930112), 'timestamp': datetime.datetime(2024, 9, 29, 4, 57, tzinfo=datetime.timezone.utc), 'emp_id': 1349, 'employee_name': 'Employee92', 'factory': 'FactoryA', 'in_out': 'IN', 'entrance': 'Side', 'door_number': '2', 'function': 'IT', 'division': 'BSID', 'department': 'HRSD', 'section': '1'}
[2025-03-30T11:38:08.930+0000] {logging_mixin.py:188} INFO - General error executing query: not all arguments converted during string formatting
[2025-03-30T11:38:08.930+0000] {inout_data.py:83} INFO - {'ingested_time': datetime.datetime(2025, 3, 30, 11, 38, 8, 930789), 'timestamp': datetime.datetime(2024, 9, 29, 4, 43, tzinfo=datetime.timezone.utc), 'emp_id': 4961, 'employee_name': 'Employee46', 'factory': 'FactoryA', 'in_out': 'OUT', 'entrance': 'Main', 'door_number': '1', 'function': 'IT', 'division': 'BSID', 'department': 'HRSD', 'section': '1'}
[2025-03-30T11:38:08.931+0000] {logging_mixin.py:188} INFO - General error executing query: not all arguments converted during string formatting
[2025-03-30T11:38:08.931+0000] {inout_data.py:83} INFO - {'ingested_time': datetime.datetime(2025, 3, 30, 11, 38, 8, 931212), 'timestamp': datetime.datetime(2024, 9, 29, 4, 52, tzinfo=datetime.timezone.utc), 'emp_id': 9329, 'employee_name': 'Employee55', 'factory': 'FactoryA', 'in_out': 'IN', 'entrance': 'Side', 'door_number': '1', 'function': 'IT', 'division': 'BSID', 'department': 'CAPD', 'section': '2'}
[2025-03-30T11:38:08.931+0000] {logging_mixin.py:188} INFO - General error executing query: not all arguments converted during string formatting
[2025-03-30T11:38:08.932+0000] {inout_data.py:83} INFO - {'ingested_time': datetime.datetime(2025, 3, 30, 11, 38, 8, 932453), 'timestamp': datetime.datetime(2024, 9, 29, 4, 43, tzinfo=datetime.timezone.utc), 'emp_id': 3997, 'employee_name': 'Employee50', 'factory': 'FactoryA', 'in_out': 'IN', 'entrance': 'Side', 'door_number': '6', 'function': 'IT', 'division': 'AAPD', 'department': 'CAPD', 'section': '2'}
[2025-03-30T11:38:08.933+0000] {logging_mixin.py:188} INFO - General error executing query: not all arguments converted during string formatting
[2025-03-30T11:38:08.933+0000] {inout_data.py:83} INFO - {'ingested_time': datetime.datetime(2025, 3, 30, 11, 38, 8, 933534), 'timestamp': datetime.datetime(2024, 9, 29, 4, 41, tzinfo=datetime.timezone.utc), 'emp_id': 4250, 'employee_name': 'Employee34', 'factory': 'FactoryB', 'in_out': 'IN', 'entrance': 'Side', 'door_number': '10', 'function': 'IT', 'division': 'AAPD', 'department': 'ML', 'section': '2'}
[2025-03-30T11:38:08.934+0000] {logging_mixin.py:188} INFO - General error executing query: not all arguments converted during string formatting
[2025-03-30T11:38:08.935+0000] {inout_data.py:83} INFO - {'ingested_time': datetime.datetime(2025, 3, 30, 11, 38, 8, 935363), 'timestamp': datetime.datetime(2024, 9, 29, 4, 43, tzinfo=datetime.timezone.utc), 'emp_id': 8285, 'employee_name': 'Employee94', 'factory': 'FactoryA', 'in_out': 'IN', 'entrance': 'Main', 'door_number': '2', 'function': 'IT', 'division': 'AAPD', 'department': 'ML', 'section': '1'}
[2025-03-30T11:38:08.936+0000] {logging_mixin.py:188} INFO - General error executing query: not all arguments converted during string formatting
[2025-03-30T11:38:08.936+0000] {inout_data.py:83} INFO - {'ingested_time': datetime.datetime(2025, 3, 30, 11, 38, 8, 936799), 'timestamp': datetime.datetime(2024, 9, 29, 4, 30, tzinfo=datetime.timezone.utc), 'emp_id': 8824, 'employee_name': 'Employee100', 'factory': 'FactoryA', 'in_out': 'IN', 'entrance': 'Side', 'door_number': '6', 'function': 'IT', 'division': 'AAPD', 'department': 'CAPD', 'section': '2'}
[2025-03-30T11:38:08.937+0000] {logging_mixin.py:188} INFO - General error executing query: not all arguments converted during string formatting
[2025-03-30T11:38:08.938+0000] {inout_data.py:83} INFO - {'ingested_time': datetime.datetime(2025, 3, 30, 11, 38, 8, 938720), 'timestamp': datetime.datetime(2024, 9, 29, 4, 37, tzinfo=datetime.timezone.utc), 'emp_id': 4043, 'employee_name': 'Employee70', 'factory': 'FactoryB', 'in_out': 'IN', 'entrance': 'Main', 'door_number': '10', 'function': 'IT', 'division': 'AAPD', 'department': 'CAPD', 'section': '2'}
[2025-03-30T11:38:08.940+0000] {logging_mixin.py:188} INFO - General error executing query: not all arguments converted during string formatting
[2025-03-30T11:38:08.941+0000] {inout_data.py:83} INFO - {'ingested_time': datetime.datetime(2025, 3, 30, 11, 38, 8, 941351), 'timestamp': datetime.datetime(2024, 9, 29, 4, 34, tzinfo=datetime.timezone.utc), 'emp_id': 9887, 'employee_name': 'Employee15', 'factory': 'FactoryA', 'in_out': 'OUT', 'entrance': 'Main', 'door_number': '3', 'function': 'IT', 'division': 'AAPD', 'department': 'CAPD', 'section': '1'}
[2025-03-30T11:38:08.942+0000] {logging_mixin.py:188} INFO - General error executing query: not all arguments converted during string formatting
[2025-03-30T11:38:08.942+0000] {inout_data.py:83} INFO - {'ingested_time': datetime.datetime(2025, 3, 30, 11, 38, 8, 942918), 'timestamp': datetime.datetime(2024, 9, 29, 4, 43, tzinfo=datetime.timezone.utc), 'emp_id': 4635, 'employee_name': 'Employee52', 'factory': 'FactoryB', 'in_out': 'IN', 'entrance': 'Side', 'door_number': '5', 'function': 'IT', 'division': 'BSID', 'department': 'CAPD', 'section': '2'}
[2025-03-30T11:38:08.944+0000] {logging_mixin.py:188} INFO - General error executing query: not all arguments converted during string formatting
[2025-03-30T11:38:08.945+0000] {inout_data.py:101} INFO - Ingested 13 rows of dummy data for 2024-09-29 04:30:00+00:00.
[2025-03-30T11:38:08.945+0000] {logging_mixin.py:188} INFO - MariaDB connection closed.
[2025-03-30T11:38:08.947+0000] {python.py:202} INFO - Done. Returned value was: None
[2025-03-30T11:38:08.959+0000] {taskinstance.py:1149} INFO - Marking task as SUCCESS. dag_id=inout_data_ingestion, task_id=ingest_dummy_data, execution_date=20240929T043000, start_date=20250330T113808, end_date=20250330T113808
[2025-03-30T11:38:08.970+0000] {local_task_job_runner.py:234} INFO - Task exited with return code 0
[2025-03-30T11:38:08.982+0000] {taskinstance.py:3309} INFO - 0 downstream tasks scheduled from follow-on schedule check
[2025-03-30T11:40:16.876+0000] {taskinstance.py:1979} INFO - Dependencies all met for dep_context=non-requeueable deps ti=<TaskInstance: inout_data_ingestion.ingest_dummy_data scheduled__2024-09-29T04:30:00+00:00 [queued]>
[2025-03-30T11:40:16.886+0000] {taskinstance.py:1979} INFO - Dependencies all met for dep_context=requeueable deps ti=<TaskInstance: inout_data_ingestion.ingest_dummy_data scheduled__2024-09-29T04:30:00+00:00 [queued]>
[2025-03-30T11:40:16.886+0000] {taskinstance.py:2193} INFO - Starting attempt 1 of 2
[2025-03-30T11:40:16.905+0000] {taskinstance.py:2214} INFO - Executing <Task(PythonOperator): ingest_dummy_data> on 2024-09-29 04:30:00+00:00
[2025-03-30T11:40:16.912+0000] {standard_task_runner.py:60} INFO - Started process 6709 to run task
[2025-03-30T11:40:16.924+0000] {standard_task_runner.py:87} INFO - Running: ['***', 'tasks', 'run', 'inout_data_ingestion', 'ingest_dummy_data', 'scheduled__2024-09-29T04:30:00+00:00', '--job-id', '3330', '--raw', '--subdir', 'DAGS_FOLDER/inout_data.py', '--cfg-path', '/tmp/tmpt5loz21f']
[2025-03-30T11:40:16.927+0000] {standard_task_runner.py:88} INFO - Job 3330: Subtask ingest_dummy_data
[2025-03-30T11:40:16.958+0000] {warnings.py:109} WARNING - /home/***/.local/lib/python3.8/site-packages/***/settings.py:194: DeprecationWarning: The sql_alchemy_conn option in [core] has been moved to the sql_alchemy_conn option in [database] - the old setting has been used, but please update your config.
  SQL_ALCHEMY_CONN = conf.get("database", "SQL_ALCHEMY_CONN")

[2025-03-30T11:40:17.015+0000] {task_command.py:423} INFO - Running <TaskInstance: inout_data_ingestion.ingest_dummy_data scheduled__2024-09-29T04:30:00+00:00 [running]> on host ff9d64b065e6
[2025-03-30T11:40:17.212+0000] {taskinstance.py:2510} INFO - Exporting env vars: AIRFLOW_CTX_DAG_OWNER='***' AIRFLOW_CTX_DAG_ID='inout_data_ingestion' AIRFLOW_CTX_TASK_ID='ingest_dummy_data' AIRFLOW_CTX_EXECUTION_DATE='2024-09-29T04:30:00+00:00' AIRFLOW_CTX_TRY_NUMBER='1' AIRFLOW_CTX_DAG_RUN_ID='scheduled__2024-09-29T04:30:00+00:00'
[2025-03-30T11:40:17.222+0000] {logging_mixin.py:188} INFO - Successfully connected to MariaDB: INOUT on mariadb:3306
[2025-03-30T11:40:17.223+0000] {inout_data.py:83} INFO - {'ingested_time': datetime.datetime(2025, 3, 30, 11, 40, 17, 223160), 'timestamp': datetime.datetime(2024, 9, 29, 4, 31, tzinfo=datetime.timezone.utc), 'emp_id': 7024, 'employee_name': 'Employee70', 'factory': 'FactoryA', 'in_out': 'OUT', 'entrance': 'Side', 'door_number': '3', 'function': 'IT', 'division': 'AAPD', 'department': 'ML', 'section': '2'}
[2025-03-30T11:40:17.223+0000] {inout_data.py:99} INFO - Query: INSERT INTO emp_inout_rec (ingested_time, timestamp, employee_id, employee_name, factory, in_out, entrance, door_number, function, division, department, section) VALUES (%s, %s, %s, %s, %s, %s, %s, %s, %s, %s, %s)
[2025-03-30T11:40:17.223+0000] {inout_data.py:100} INFO - Params: ('2025-03-30 11:40:17', '2024-09-29 04:31:00', 7024, 'Employee70', 'FactoryA', 'OUT', 'Side', '3', 'IT', 'AAPD', 'ML', '2')
[2025-03-30T11:40:17.224+0000] {logging_mixin.py:188} INFO - General error executing query: not all arguments converted during string formatting
[2025-03-30T11:40:17.224+0000] {inout_data.py:83} INFO - {'ingested_time': datetime.datetime(2025, 3, 30, 11, 40, 17, 224952), 'timestamp': datetime.datetime(2024, 9, 29, 4, 35, tzinfo=datetime.timezone.utc), 'emp_id': 7497, 'employee_name': 'Employee39', 'factory': 'FactoryB', 'in_out': 'OUT', 'entrance': 'Side', 'door_number': '9', 'function': 'IT', 'division': 'BSID', 'department': 'ML', 'section': '2'}
[2025-03-30T11:40:17.225+0000] {inout_data.py:99} INFO - Query: INSERT INTO emp_inout_rec (ingested_time, timestamp, employee_id, employee_name, factory, in_out, entrance, door_number, function, division, department, section) VALUES (%s, %s, %s, %s, %s, %s, %s, %s, %s, %s, %s)
[2025-03-30T11:40:17.225+0000] {inout_data.py:100} INFO - Params: ('2025-03-30 11:40:17', '2024-09-29 04:35:00', 7497, 'Employee39', 'FactoryB', 'OUT', 'Side', '9', 'IT', 'BSID', 'ML', '2')
[2025-03-30T11:40:17.225+0000] {logging_mixin.py:188} INFO - General error executing query: not all arguments converted during string formatting
[2025-03-30T11:40:17.226+0000] {inout_data.py:83} INFO - {'ingested_time': datetime.datetime(2025, 3, 30, 11, 40, 17, 226517), 'timestamp': datetime.datetime(2024, 9, 29, 4, 31, tzinfo=datetime.timezone.utc), 'emp_id': 3055, 'employee_name': 'Employee55', 'factory': 'FactoryB', 'in_out': 'OUT', 'entrance': 'Side', 'door_number': '1', 'function': 'IT', 'division': 'AAPD', 'department': 'HRSD', 'section': '1'}
[2025-03-30T11:40:17.226+0000] {inout_data.py:99} INFO - Query: INSERT INTO emp_inout_rec (ingested_time, timestamp, employee_id, employee_name, factory, in_out, entrance, door_number, function, division, department, section) VALUES (%s, %s, %s, %s, %s, %s, %s, %s, %s, %s, %s)
[2025-03-30T11:40:17.227+0000] {inout_data.py:100} INFO - Params: ('2025-03-30 11:40:17', '2024-09-29 04:31:00', 3055, 'Employee55', 'FactoryB', 'OUT', 'Side', '1', 'IT', 'AAPD', 'HRSD', '1')
[2025-03-30T11:40:17.227+0000] {logging_mixin.py:188} INFO - General error executing query: not all arguments converted during string formatting
[2025-03-30T11:40:17.228+0000] {inout_data.py:83} INFO - {'ingested_time': datetime.datetime(2025, 3, 30, 11, 40, 17, 228138), 'timestamp': datetime.datetime(2024, 9, 29, 4, 38, tzinfo=datetime.timezone.utc), 'emp_id': 9662, 'employee_name': 'Employee48', 'factory': 'FactoryB', 'in_out': 'OUT', 'entrance': 'Main', 'door_number': '10', 'function': 'IT', 'division': 'AAPD', 'department': 'HRSD', 'section': '1'}
[2025-03-30T11:40:17.228+0000] {inout_data.py:99} INFO - Query: INSERT INTO emp_inout_rec (ingested_time, timestamp, employee_id, employee_name, factory, in_out, entrance, door_number, function, division, department, section) VALUES (%s, %s, %s, %s, %s, %s, %s, %s, %s, %s, %s)
[2025-03-30T11:40:17.228+0000] {inout_data.py:100} INFO - Params: ('2025-03-30 11:40:17', '2024-09-29 04:38:00', 9662, 'Employee48', 'FactoryB', 'OUT', 'Main', '10', 'IT', 'AAPD', 'HRSD', '1')
[2025-03-30T11:40:17.228+0000] {logging_mixin.py:188} INFO - General error executing query: not all arguments converted during string formatting
[2025-03-30T11:40:17.229+0000] {inout_data.py:83} INFO - {'ingested_time': datetime.datetime(2025, 3, 30, 11, 40, 17, 229556), 'timestamp': datetime.datetime(2024, 9, 29, 4, 33, tzinfo=datetime.timezone.utc), 'emp_id': 6046, 'employee_name': 'Employee34', 'factory': 'FactoryB', 'in_out': 'OUT', 'entrance': 'Side', 'door_number': '5', 'function': 'IT', 'division': 'AAPD', 'department': 'ML', 'section': '2'}
[2025-03-30T11:40:17.229+0000] {inout_data.py:99} INFO - Query: INSERT INTO emp_inout_rec (ingested_time, timestamp, employee_id, employee_name, factory, in_out, entrance, door_number, function, division, department, section) VALUES (%s, %s, %s, %s, %s, %s, %s, %s, %s, %s, %s)
[2025-03-30T11:40:17.230+0000] {inout_data.py:100} INFO - Params: ('2025-03-30 11:40:17', '2024-09-29 04:33:00', 6046, 'Employee34', 'FactoryB', 'OUT', 'Side', '5', 'IT', 'AAPD', 'ML', '2')
[2025-03-30T11:40:17.230+0000] {logging_mixin.py:188} INFO - General error executing query: not all arguments converted during string formatting
[2025-03-30T11:40:17.231+0000] {inout_data.py:83} INFO - {'ingested_time': datetime.datetime(2025, 3, 30, 11, 40, 17, 231105), 'timestamp': datetime.datetime(2024, 9, 29, 4, 51, tzinfo=datetime.timezone.utc), 'emp_id': 3461, 'employee_name': 'Employee67', 'factory': 'FactoryA', 'in_out': 'OUT', 'entrance': 'Side', 'door_number': '6', 'function': 'IT', 'division': 'AAPD', 'department': 'CAPD', 'section': '2'}
[2025-03-30T11:40:17.231+0000] {inout_data.py:99} INFO - Query: INSERT INTO emp_inout_rec (ingested_time, timestamp, employee_id, employee_name, factory, in_out, entrance, door_number, function, division, department, section) VALUES (%s, %s, %s, %s, %s, %s, %s, %s, %s, %s, %s)
[2025-03-30T11:40:17.232+0000] {inout_data.py:100} INFO - Params: ('2025-03-30 11:40:17', '2024-09-29 04:51:00', 3461, 'Employee67', 'FactoryA', 'OUT', 'Side', '6', 'IT', 'AAPD', 'CAPD', '2')
[2025-03-30T11:40:17.233+0000] {logging_mixin.py:188} INFO - General error executing query: not all arguments converted during string formatting
[2025-03-30T11:40:17.235+0000] {inout_data.py:83} INFO - {'ingested_time': datetime.datetime(2025, 3, 30, 11, 40, 17, 235210), 'timestamp': datetime.datetime(2024, 9, 29, 4, 32, tzinfo=datetime.timezone.utc), 'emp_id': 8682, 'employee_name': 'Employee63', 'factory': 'FactoryB', 'in_out': 'OUT', 'entrance': 'Side', 'door_number': '3', 'function': 'IT', 'division': 'AAPD', 'department': 'CAPD', 'section': '2'}
[2025-03-30T11:40:17.236+0000] {inout_data.py:99} INFO - Query: INSERT INTO emp_inout_rec (ingested_time, timestamp, employee_id, employee_name, factory, in_out, entrance, door_number, function, division, department, section) VALUES (%s, %s, %s, %s, %s, %s, %s, %s, %s, %s, %s)
[2025-03-30T11:40:17.237+0000] {inout_data.py:100} INFO - Params: ('2025-03-30 11:40:17', '2024-09-29 04:32:00', 8682, 'Employee63', 'FactoryB', 'OUT', 'Side', '3', 'IT', 'AAPD', 'CAPD', '2')
[2025-03-30T11:40:17.238+0000] {logging_mixin.py:188} INFO - General error executing query: not all arguments converted during string formatting
[2025-03-30T11:40:17.238+0000] {inout_data.py:83} INFO - {'ingested_time': datetime.datetime(2025, 3, 30, 11, 40, 17, 238681), 'timestamp': datetime.datetime(2024, 9, 29, 4, 42, tzinfo=datetime.timezone.utc), 'emp_id': 6762, 'employee_name': 'Employee22', 'factory': 'FactoryA', 'in_out': 'OUT', 'entrance': 'Main', 'door_number': '2', 'function': 'IT', 'division': 'AAPD', 'department': 'HRSD', 'section': '2'}
[2025-03-30T11:40:17.239+0000] {inout_data.py:99} INFO - Query: INSERT INTO emp_inout_rec (ingested_time, timestamp, employee_id, employee_name, factory, in_out, entrance, door_number, function, division, department, section) VALUES (%s, %s, %s, %s, %s, %s, %s, %s, %s, %s, %s)
[2025-03-30T11:40:17.240+0000] {inout_data.py:100} INFO - Params: ('2025-03-30 11:40:17', '2024-09-29 04:42:00', 6762, 'Employee22', 'FactoryA', 'OUT', 'Main', '2', 'IT', 'AAPD', 'HRSD', '2')
[2025-03-30T11:40:17.241+0000] {logging_mixin.py:188} INFO - General error executing query: not all arguments converted during string formatting
[2025-03-30T11:40:17.242+0000] {inout_data.py:83} INFO - {'ingested_time': datetime.datetime(2025, 3, 30, 11, 40, 17, 242692), 'timestamp': datetime.datetime(2024, 9, 29, 4, 30, tzinfo=datetime.timezone.utc), 'emp_id': 3660, 'employee_name': 'Employee94', 'factory': 'FactoryB', 'in_out': 'OUT', 'entrance': 'Side', 'door_number': '6', 'function': 'IT', 'division': 'BSID', 'department': 'HRSD', 'section': '1'}
[2025-03-30T11:40:17.243+0000] {inout_data.py:99} INFO - Query: INSERT INTO emp_inout_rec (ingested_time, timestamp, employee_id, employee_name, factory, in_out, entrance, door_number, function, division, department, section) VALUES (%s, %s, %s, %s, %s, %s, %s, %s, %s, %s, %s)
[2025-03-30T11:40:17.244+0000] {inout_data.py:100} INFO - Params: ('2025-03-30 11:40:17', '2024-09-29 04:30:00', 3660, 'Employee94', 'FactoryB', 'OUT', 'Side', '6', 'IT', 'BSID', 'HRSD', '1')
[2025-03-30T11:40:17.245+0000] {logging_mixin.py:188} INFO - General error executing query: not all arguments converted during string formatting
[2025-03-30T11:40:17.246+0000] {inout_data.py:102} INFO - Ingested 9 rows of dummy data for 2024-09-29 04:30:00+00:00.
[2025-03-30T11:40:17.247+0000] {logging_mixin.py:188} INFO - MariaDB connection closed.
[2025-03-30T11:40:17.248+0000] {python.py:202} INFO - Done. Returned value was: None
[2025-03-30T11:40:17.266+0000] {taskinstance.py:1149} INFO - Marking task as SUCCESS. dag_id=inout_data_ingestion, task_id=ingest_dummy_data, execution_date=20240929T043000, start_date=20250330T114016, end_date=20250330T114017
[2025-03-30T11:40:17.324+0000] {local_task_job_runner.py:234} INFO - Task exited with return code 0
[2025-03-30T11:40:17.396+0000] {taskinstance.py:3309} INFO - 0 downstream tasks scheduled from follow-on schedule check
