[2025-03-30T11:09:42.613+0000] {taskinstance.py:1979} INFO - Dependencies all met for dep_context=non-requeueable deps ti=<TaskInstance: inout_data_ingestion.create_table scheduled__2024-09-30T18:00:00+00:00 [queued]>
[2025-03-30T11:09:42.626+0000] {taskinstance.py:1979} INFO - Dependencies all met for dep_context=requeueable deps ti=<TaskInstance: inout_data_ingestion.create_table scheduled__2024-09-30T18:00:00+00:00 [queued]>
[2025-03-30T11:09:42.627+0000] {taskinstance.py:2193} INFO - Starting attempt 1 of 2
[2025-03-30T11:09:42.649+0000] {taskinstance.py:2214} INFO - Executing <Task(PythonOperator): create_table> on 2024-09-30 18:00:00+00:00
[2025-03-30T11:09:42.664+0000] {standard_task_runner.py:60} INFO - Started process 436 to run task
[2025-03-30T11:09:42.671+0000] {standard_task_runner.py:87} INFO - Running: ['***', 'tasks', 'run', 'inout_data_ingestion', 'create_table', 'scheduled__2024-09-30T18:00:00+00:00', '--job-id', '192', '--raw', '--subdir', 'DAGS_FOLDER/inout_data.py', '--cfg-path', '/tmp/tmpcgrsreuw']
[2025-03-30T11:09:42.675+0000] {standard_task_runner.py:88} INFO - Job 192: Subtask create_table
[2025-03-30T11:09:42.714+0000] {warnings.py:109} WARNING - /home/***/.local/lib/python3.8/site-packages/***/settings.py:194: DeprecationWarning: The sql_alchemy_conn option in [core] has been moved to the sql_alchemy_conn option in [database] - the old setting has been used, but please update your config.
  SQL_ALCHEMY_CONN = conf.get("database", "SQL_ALCHEMY_CONN")

[2025-03-30T11:09:42.782+0000] {task_command.py:423} INFO - Running <TaskInstance: inout_data_ingestion.create_table scheduled__2024-09-30T18:00:00+00:00 [running]> on host ff9d64b065e6
[2025-03-30T11:09:42.867+0000] {taskinstance.py:2510} INFO - Exporting env vars: AIRFLOW_CTX_DAG_OWNER='***' AIRFLOW_CTX_DAG_ID='inout_data_ingestion' AIRFLOW_CTX_TASK_ID='create_table' AIRFLOW_CTX_EXECUTION_DATE='2024-09-30T18:00:00+00:00' AIRFLOW_CTX_TRY_NUMBER='1' AIRFLOW_CTX_DAG_RUN_ID='scheduled__2024-09-30T18:00:00+00:00'
[2025-03-30T11:09:42.874+0000] {inout_data.py:42} INFO - Successfully connected to MariaDB: INOUT on mariadb:3306
[2025-03-30T11:09:42.875+0000] {inout_data.py:124} INFO - Table emp_inout_rec created (if it didn't exist).
[2025-03-30T11:09:42.877+0000] {inout_data.py:78} INFO - MariaDB connection closed.
[2025-03-30T11:09:42.879+0000] {python.py:202} INFO - Done. Returned value was: None
[2025-03-30T11:09:42.892+0000] {taskinstance.py:1149} INFO - Marking task as SUCCESS. dag_id=inout_data_ingestion, task_id=create_table, execution_date=20240930T180000, start_date=20250330T110942, end_date=20250330T110942
[2025-03-30T11:09:42.936+0000] {local_task_job_runner.py:234} INFO - Task exited with return code 0
[2025-03-30T11:09:43.018+0000] {taskinstance.py:3309} INFO - 1 downstream tasks scheduled from follow-on schedule check
[2025-03-30T11:16:17.151+0000] {taskinstance.py:1979} INFO - Dependencies all met for dep_context=non-requeueable deps ti=<TaskInstance: inout_data_ingestion.create_table scheduled__2024-09-30T18:00:00+00:00 [queued]>
[2025-03-30T11:16:17.166+0000] {taskinstance.py:1979} INFO - Dependencies all met for dep_context=requeueable deps ti=<TaskInstance: inout_data_ingestion.create_table scheduled__2024-09-30T18:00:00+00:00 [queued]>
[2025-03-30T11:16:17.167+0000] {taskinstance.py:2193} INFO - Starting attempt 1 of 2
[2025-03-30T11:16:17.193+0000] {taskinstance.py:2214} INFO - Executing <Task(PythonOperator): create_table> on 2024-09-30 18:00:00+00:00
[2025-03-30T11:16:17.205+0000] {standard_task_runner.py:60} INFO - Started process 2285 to run task
[2025-03-30T11:16:17.213+0000] {standard_task_runner.py:87} INFO - Running: ['***', 'tasks', 'run', 'inout_data_ingestion', 'create_table', 'scheduled__2024-09-30T18:00:00+00:00', '--job-id', '1117', '--raw', '--subdir', 'DAGS_FOLDER/inout_data.py', '--cfg-path', '/tmp/tmptuvq1p1y']
[2025-03-30T11:16:17.216+0000] {standard_task_runner.py:88} INFO - Job 1117: Subtask create_table
[2025-03-30T11:16:17.242+0000] {warnings.py:109} WARNING - /home/***/.local/lib/python3.8/site-packages/***/settings.py:194: DeprecationWarning: The sql_alchemy_conn option in [core] has been moved to the sql_alchemy_conn option in [database] - the old setting has been used, but please update your config.
  SQL_ALCHEMY_CONN = conf.get("database", "SQL_ALCHEMY_CONN")

[2025-03-30T11:16:17.322+0000] {task_command.py:423} INFO - Running <TaskInstance: inout_data_ingestion.create_table scheduled__2024-09-30T18:00:00+00:00 [running]> on host ff9d64b065e6
[2025-03-30T11:16:17.432+0000] {taskinstance.py:2510} INFO - Exporting env vars: AIRFLOW_CTX_DAG_OWNER='***' AIRFLOW_CTX_DAG_ID='inout_data_ingestion' AIRFLOW_CTX_TASK_ID='create_table' AIRFLOW_CTX_EXECUTION_DATE='2024-09-30T18:00:00+00:00' AIRFLOW_CTX_TRY_NUMBER='1' AIRFLOW_CTX_DAG_RUN_ID='scheduled__2024-09-30T18:00:00+00:00'
[2025-03-30T11:16:17.439+0000] {inout_data.py:42} INFO - Successfully connected to MariaDB: INOUT on mariadb:3306
[2025-03-30T11:16:17.440+0000] {inout_data.py:117} INFO - Table emp_inout_rec created (if it didn't exist).
[2025-03-30T11:16:17.440+0000] {inout_data.py:78} INFO - MariaDB connection closed.
[2025-03-30T11:16:17.441+0000] {python.py:202} INFO - Done. Returned value was: None
[2025-03-30T11:16:17.454+0000] {taskinstance.py:1149} INFO - Marking task as SUCCESS. dag_id=inout_data_ingestion, task_id=create_table, execution_date=20240930T180000, start_date=20250330T111617, end_date=20250330T111617
[2025-03-30T11:16:17.476+0000] {local_task_job_runner.py:234} INFO - Task exited with return code 0
[2025-03-30T11:16:17.496+0000] {taskinstance.py:3309} INFO - 1 downstream tasks scheduled from follow-on schedule check
[2025-03-30T11:28:52.696+0000] {taskinstance.py:1979} INFO - Dependencies all met for dep_context=non-requeueable deps ti=<TaskInstance: inout_data_ingestion.create_table scheduled__2024-09-30T18:00:00+00:00 [queued]>
[2025-03-30T11:28:52.724+0000] {taskinstance.py:1979} INFO - Dependencies all met for dep_context=requeueable deps ti=<TaskInstance: inout_data_ingestion.create_table scheduled__2024-09-30T18:00:00+00:00 [queued]>
[2025-03-30T11:28:52.726+0000] {taskinstance.py:2193} INFO - Starting attempt 1 of 2
[2025-03-30T11:28:52.757+0000] {taskinstance.py:2214} INFO - Executing <Task(PythonOperator): create_table> on 2024-09-30 18:00:00+00:00
[2025-03-30T11:28:52.769+0000] {standard_task_runner.py:60} INFO - Started process 4206 to run task
[2025-03-30T11:28:52.778+0000] {standard_task_runner.py:87} INFO - Running: ['***', 'tasks', 'run', 'inout_data_ingestion', 'create_table', 'scheduled__2024-09-30T18:00:00+00:00', '--job-id', '2078', '--raw', '--subdir', 'DAGS_FOLDER/inout_data.py', '--cfg-path', '/tmp/tmp8r8uxmbo']
[2025-03-30T11:28:52.781+0000] {standard_task_runner.py:88} INFO - Job 2078: Subtask create_table
[2025-03-30T11:28:52.807+0000] {warnings.py:109} WARNING - /home/***/.local/lib/python3.8/site-packages/***/settings.py:194: DeprecationWarning: The sql_alchemy_conn option in [core] has been moved to the sql_alchemy_conn option in [database] - the old setting has been used, but please update your config.
  SQL_ALCHEMY_CONN = conf.get("database", "SQL_ALCHEMY_CONN")

[2025-03-30T11:28:52.863+0000] {task_command.py:423} INFO - Running <TaskInstance: inout_data_ingestion.create_table scheduled__2024-09-30T18:00:00+00:00 [running]> on host ff9d64b065e6
[2025-03-30T11:28:52.941+0000] {taskinstance.py:2510} INFO - Exporting env vars: AIRFLOW_CTX_DAG_OWNER='***' AIRFLOW_CTX_DAG_ID='inout_data_ingestion' AIRFLOW_CTX_TASK_ID='create_table' AIRFLOW_CTX_EXECUTION_DATE='2024-09-30T18:00:00+00:00' AIRFLOW_CTX_TRY_NUMBER='1' AIRFLOW_CTX_DAG_RUN_ID='scheduled__2024-09-30T18:00:00+00:00'
[2025-03-30T11:28:52.949+0000] {logging_mixin.py:188} INFO - Successfully connected to MariaDB: INOUT on mariadb:3306
[2025-03-30T11:28:52.950+0000] {inout_data.py:46} INFO - Table emp_inout_rec created (if it didn't exist).
[2025-03-30T11:28:52.951+0000] {logging_mixin.py:188} INFO - MariaDB connection closed.
[2025-03-30T11:28:52.951+0000] {python.py:202} INFO - Done. Returned value was: None
[2025-03-30T11:28:52.961+0000] {taskinstance.py:1149} INFO - Marking task as SUCCESS. dag_id=inout_data_ingestion, task_id=create_table, execution_date=20240930T180000, start_date=20250330T112852, end_date=20250330T112852
[2025-03-30T11:28:52.999+0000] {local_task_job_runner.py:234} INFO - Task exited with return code 0
[2025-03-30T11:28:53.023+0000] {taskinstance.py:3309} INFO - 1 downstream tasks scheduled from follow-on schedule check
[2025-03-30T11:33:26.550+0000] {taskinstance.py:1979} INFO - Dependencies all met for dep_context=non-requeueable deps ti=<TaskInstance: inout_data_ingestion.create_table scheduled__2024-09-30T18:00:00+00:00 [queued]>
[2025-03-30T11:33:26.558+0000] {taskinstance.py:1979} INFO - Dependencies all met for dep_context=requeueable deps ti=<TaskInstance: inout_data_ingestion.create_table scheduled__2024-09-30T18:00:00+00:00 [queued]>
[2025-03-30T11:33:26.558+0000] {taskinstance.py:2193} INFO - Starting attempt 1 of 2
[2025-03-30T11:33:26.569+0000] {taskinstance.py:2214} INFO - Executing <Task(PythonOperator): create_table> on 2024-09-30 18:00:00+00:00
[2025-03-30T11:33:26.572+0000] {standard_task_runner.py:60} INFO - Started process 5661 to run task
[2025-03-30T11:33:26.576+0000] {standard_task_runner.py:87} INFO - Running: ['***', 'tasks', 'run', 'inout_data_ingestion', 'create_table', 'scheduled__2024-09-30T18:00:00+00:00', '--job-id', '2805', '--raw', '--subdir', 'DAGS_FOLDER/inout_data.py', '--cfg-path', '/tmp/tmpbg6ewafi']
[2025-03-30T11:33:26.579+0000] {standard_task_runner.py:88} INFO - Job 2805: Subtask create_table
[2025-03-30T11:33:26.594+0000] {warnings.py:109} WARNING - /home/***/.local/lib/python3.8/site-packages/***/settings.py:194: DeprecationWarning: The sql_alchemy_conn option in [core] has been moved to the sql_alchemy_conn option in [database] - the old setting has been used, but please update your config.
  SQL_ALCHEMY_CONN = conf.get("database", "SQL_ALCHEMY_CONN")

[2025-03-30T11:33:26.638+0000] {task_command.py:423} INFO - Running <TaskInstance: inout_data_ingestion.create_table scheduled__2024-09-30T18:00:00+00:00 [running]> on host ff9d64b065e6
[2025-03-30T11:33:26.700+0000] {taskinstance.py:2510} INFO - Exporting env vars: AIRFLOW_CTX_DAG_OWNER='***' AIRFLOW_CTX_DAG_ID='inout_data_ingestion' AIRFLOW_CTX_TASK_ID='create_table' AIRFLOW_CTX_EXECUTION_DATE='2024-09-30T18:00:00+00:00' AIRFLOW_CTX_TRY_NUMBER='1' AIRFLOW_CTX_DAG_RUN_ID='scheduled__2024-09-30T18:00:00+00:00'
[2025-03-30T11:33:26.704+0000] {logging_mixin.py:188} INFO - Successfully connected to MariaDB: INOUT on mariadb:3306
[2025-03-30T11:33:26.705+0000] {inout_data.py:46} INFO - Table emp_inout_rec created (if it didn't exist).
[2025-03-30T11:33:26.706+0000] {logging_mixin.py:188} INFO - MariaDB connection closed.
[2025-03-30T11:33:26.707+0000] {python.py:202} INFO - Done. Returned value was: None
[2025-03-30T11:33:26.713+0000] {taskinstance.py:1149} INFO - Marking task as SUCCESS. dag_id=inout_data_ingestion, task_id=create_table, execution_date=20240930T180000, start_date=20250330T113326, end_date=20250330T113326
[2025-03-30T11:33:26.757+0000] {local_task_job_runner.py:234} INFO - Task exited with return code 0
[2025-03-30T11:33:26.771+0000] {taskinstance.py:3309} INFO - 1 downstream tasks scheduled from follow-on schedule check
[2025-03-30T11:39:07.688+0000] {taskinstance.py:1979} INFO - Dependencies all met for dep_context=non-requeueable deps ti=<TaskInstance: inout_data_ingestion.create_table scheduled__2024-09-30T18:00:00+00:00 [queued]>
[2025-03-30T11:39:07.706+0000] {taskinstance.py:1979} INFO - Dependencies all met for dep_context=requeueable deps ti=<TaskInstance: inout_data_ingestion.create_table scheduled__2024-09-30T18:00:00+00:00 [queued]>
[2025-03-30T11:39:07.707+0000] {taskinstance.py:2193} INFO - Starting attempt 1 of 2
[2025-03-30T11:39:07.726+0000] {taskinstance.py:2214} INFO - Executing <Task(PythonOperator): create_table> on 2024-09-30 18:00:00+00:00
[2025-03-30T11:39:07.738+0000] {standard_task_runner.py:60} INFO - Started process 6568 to run task
[2025-03-30T11:39:07.747+0000] {standard_task_runner.py:87} INFO - Running: ['***', 'tasks', 'run', 'inout_data_ingestion', 'create_table', 'scheduled__2024-09-30T18:00:00+00:00', '--job-id', '3258', '--raw', '--subdir', 'DAGS_FOLDER/inout_data.py', '--cfg-path', '/tmp/tmpg1xif0is']
[2025-03-30T11:39:07.749+0000] {standard_task_runner.py:88} INFO - Job 3258: Subtask create_table
[2025-03-30T11:39:07.767+0000] {warnings.py:109} WARNING - /home/***/.local/lib/python3.8/site-packages/***/settings.py:194: DeprecationWarning: The sql_alchemy_conn option in [core] has been moved to the sql_alchemy_conn option in [database] - the old setting has been used, but please update your config.
  SQL_ALCHEMY_CONN = conf.get("database", "SQL_ALCHEMY_CONN")

[2025-03-30T11:39:07.817+0000] {task_command.py:423} INFO - Running <TaskInstance: inout_data_ingestion.create_table scheduled__2024-09-30T18:00:00+00:00 [running]> on host ff9d64b065e6
[2025-03-30T11:39:07.988+0000] {taskinstance.py:2510} INFO - Exporting env vars: AIRFLOW_CTX_DAG_OWNER='***' AIRFLOW_CTX_DAG_ID='inout_data_ingestion' AIRFLOW_CTX_TASK_ID='create_table' AIRFLOW_CTX_EXECUTION_DATE='2024-09-30T18:00:00+00:00' AIRFLOW_CTX_TRY_NUMBER='1' AIRFLOW_CTX_DAG_RUN_ID='scheduled__2024-09-30T18:00:00+00:00'
[2025-03-30T11:39:07.997+0000] {logging_mixin.py:188} INFO - Successfully connected to MariaDB: INOUT on mariadb:3306
[2025-03-30T11:39:08.003+0000] {inout_data.py:46} INFO - Table emp_inout_rec created (if it didn't exist).
[2025-03-30T11:39:08.004+0000] {logging_mixin.py:188} INFO - MariaDB connection closed.
[2025-03-30T11:39:08.004+0000] {python.py:202} INFO - Done. Returned value was: None
[2025-03-30T11:39:08.017+0000] {taskinstance.py:1149} INFO - Marking task as SUCCESS. dag_id=inout_data_ingestion, task_id=create_table, execution_date=20240930T180000, start_date=20250330T113907, end_date=20250330T113908
[2025-03-30T11:39:08.052+0000] {local_task_job_runner.py:234} INFO - Task exited with return code 0
[2025-03-30T11:39:08.088+0000] {taskinstance.py:3309} INFO - 1 downstream tasks scheduled from follow-on schedule check
[2025-03-30T11:41:11.454+0000] {taskinstance.py:1979} INFO - Dependencies all met for dep_context=non-requeueable deps ti=<TaskInstance: inout_data_ingestion.create_table scheduled__2024-09-30T18:00:00+00:00 [queued]>
[2025-03-30T11:41:11.471+0000] {taskinstance.py:1979} INFO - Dependencies all met for dep_context=requeueable deps ti=<TaskInstance: inout_data_ingestion.create_table scheduled__2024-09-30T18:00:00+00:00 [queued]>
[2025-03-30T11:41:11.472+0000] {taskinstance.py:2193} INFO - Starting attempt 1 of 2
[2025-03-30T11:41:11.509+0000] {taskinstance.py:2214} INFO - Executing <Task(PythonOperator): create_table> on 2024-09-30 18:00:00+00:00
[2025-03-30T11:41:11.602+0000] {standard_task_runner.py:60} INFO - Started process 7005 to run task
[2025-03-30T11:41:11.644+0000] {standard_task_runner.py:87} INFO - Running: ['***', 'tasks', 'run', 'inout_data_ingestion', 'create_table', 'scheduled__2024-09-30T18:00:00+00:00', '--job-id', '3477', '--raw', '--subdir', 'DAGS_FOLDER/inout_data.py', '--cfg-path', '/tmp/tmp6x2zua06']
[2025-03-30T11:41:11.655+0000] {standard_task_runner.py:88} INFO - Job 3477: Subtask create_table
[2025-03-30T11:41:11.691+0000] {warnings.py:109} WARNING - /home/***/.local/lib/python3.8/site-packages/***/settings.py:194: DeprecationWarning: The sql_alchemy_conn option in [core] has been moved to the sql_alchemy_conn option in [database] - the old setting has been used, but please update your config.
  SQL_ALCHEMY_CONN = conf.get("database", "SQL_ALCHEMY_CONN")

[2025-03-30T11:41:11.922+0000] {task_command.py:423} INFO - Running <TaskInstance: inout_data_ingestion.create_table scheduled__2024-09-30T18:00:00+00:00 [running]> on host ff9d64b065e6
[2025-03-30T11:41:12.219+0000] {taskinstance.py:2510} INFO - Exporting env vars: AIRFLOW_CTX_DAG_OWNER='***' AIRFLOW_CTX_DAG_ID='inout_data_ingestion' AIRFLOW_CTX_TASK_ID='create_table' AIRFLOW_CTX_EXECUTION_DATE='2024-09-30T18:00:00+00:00' AIRFLOW_CTX_TRY_NUMBER='1' AIRFLOW_CTX_DAG_RUN_ID='scheduled__2024-09-30T18:00:00+00:00'
[2025-03-30T11:41:12.241+0000] {logging_mixin.py:188} INFO - Successfully connected to MariaDB: INOUT on mariadb:3306
[2025-03-30T11:41:12.251+0000] {inout_data.py:46} INFO - Table emp_inout_rec created (if it didn't exist).
[2025-03-30T11:41:12.255+0000] {logging_mixin.py:188} INFO - MariaDB connection closed.
[2025-03-30T11:41:12.258+0000] {python.py:202} INFO - Done. Returned value was: None
[2025-03-30T11:41:12.290+0000] {taskinstance.py:1149} INFO - Marking task as SUCCESS. dag_id=inout_data_ingestion, task_id=create_table, execution_date=20240930T180000, start_date=20250330T114111, end_date=20250330T114112
[2025-03-30T11:41:12.336+0000] {local_task_job_runner.py:234} INFO - Task exited with return code 0
[2025-03-30T11:41:12.402+0000] {taskinstance.py:3309} INFO - 0 downstream tasks scheduled from follow-on schedule check
