[2025-03-30T11:11:18.932+0000] {taskinstance.py:1979} INFO - Dependencies all met for dep_context=non-requeueable deps ti=<TaskInstance: inout_data_ingestion.create_table scheduled__2024-10-03T15:00:00+00:00 [queued]>
[2025-03-30T11:11:18.942+0000] {taskinstance.py:1979} INFO - Dependencies all met for dep_context=requeueable deps ti=<TaskInstance: inout_data_ingestion.create_table scheduled__2024-10-03T15:00:00+00:00 [queued]>
[2025-03-30T11:11:18.943+0000] {taskinstance.py:2193} INFO - Starting attempt 1 of 2
[2025-03-30T11:11:18.965+0000] {taskinstance.py:2214} INFO - Executing <Task(PythonOperator): create_table> on 2024-10-03 15:00:00+00:00
[2025-03-30T11:11:18.971+0000] {standard_task_runner.py:60} INFO - Started process 983 to run task
[2025-03-30T11:11:18.978+0000] {standard_task_runner.py:87} INFO - Running: ['***', 'tasks', 'run', 'inout_data_ingestion', 'create_table', 'scheduled__2024-10-03T15:00:00+00:00', '--job-id', '465', '--raw', '--subdir', 'DAGS_FOLDER/inout_data.py', '--cfg-path', '/tmp/tmpbzme8vf2']
[2025-03-30T11:11:18.982+0000] {standard_task_runner.py:88} INFO - Job 465: Subtask create_table
[2025-03-30T11:11:19.001+0000] {warnings.py:109} WARNING - /home/***/.local/lib/python3.8/site-packages/***/settings.py:194: DeprecationWarning: The sql_alchemy_conn option in [core] has been moved to the sql_alchemy_conn option in [database] - the old setting has been used, but please update your config.
  SQL_ALCHEMY_CONN = conf.get("database", "SQL_ALCHEMY_CONN")

[2025-03-30T11:11:19.035+0000] {task_command.py:423} INFO - Running <TaskInstance: inout_data_ingestion.create_table scheduled__2024-10-03T15:00:00+00:00 [running]> on host ff9d64b065e6
[2025-03-30T11:11:19.111+0000] {taskinstance.py:2510} INFO - Exporting env vars: AIRFLOW_CTX_DAG_OWNER='***' AIRFLOW_CTX_DAG_ID='inout_data_ingestion' AIRFLOW_CTX_TASK_ID='create_table' AIRFLOW_CTX_EXECUTION_DATE='2024-10-03T15:00:00+00:00' AIRFLOW_CTX_TRY_NUMBER='1' AIRFLOW_CTX_DAG_RUN_ID='scheduled__2024-10-03T15:00:00+00:00'
[2025-03-30T11:11:19.116+0000] {inout_data.py:42} INFO - Successfully connected to MariaDB: INOUT on mariadb:3306
[2025-03-30T11:11:19.116+0000] {inout_data.py:124} INFO - Table emp_inout_rec created (if it didn't exist).
[2025-03-30T11:11:19.117+0000] {inout_data.py:78} INFO - MariaDB connection closed.
[2025-03-30T11:11:19.117+0000] {python.py:202} INFO - Done. Returned value was: None
[2025-03-30T11:11:19.127+0000] {taskinstance.py:1149} INFO - Marking task as SUCCESS. dag_id=inout_data_ingestion, task_id=create_table, execution_date=20241003T150000, start_date=20250330T111118, end_date=20250330T111119
[2025-03-30T11:11:19.157+0000] {local_task_job_runner.py:234} INFO - Task exited with return code 0
[2025-03-30T11:11:19.176+0000] {taskinstance.py:3309} INFO - 1 downstream tasks scheduled from follow-on schedule check
[2025-03-30T11:17:52.609+0000] {taskinstance.py:1979} INFO - Dependencies all met for dep_context=non-requeueable deps ti=<TaskInstance: inout_data_ingestion.create_table scheduled__2024-10-03T15:00:00+00:00 [queued]>
[2025-03-30T11:17:52.625+0000] {taskinstance.py:1979} INFO - Dependencies all met for dep_context=requeueable deps ti=<TaskInstance: inout_data_ingestion.create_table scheduled__2024-10-03T15:00:00+00:00 [queued]>
[2025-03-30T11:17:52.628+0000] {taskinstance.py:2193} INFO - Starting attempt 1 of 2
[2025-03-30T11:17:52.645+0000] {taskinstance.py:2214} INFO - Executing <Task(PythonOperator): create_table> on 2024-10-03 15:00:00+00:00
[2025-03-30T11:17:52.651+0000] {standard_task_runner.py:60} INFO - Started process 2841 to run task
[2025-03-30T11:17:52.658+0000] {standard_task_runner.py:87} INFO - Running: ['***', 'tasks', 'run', 'inout_data_ingestion', 'create_table', 'scheduled__2024-10-03T15:00:00+00:00', '--job-id', '1395', '--raw', '--subdir', 'DAGS_FOLDER/inout_data.py', '--cfg-path', '/tmp/tmplmrni8j8']
[2025-03-30T11:17:52.660+0000] {standard_task_runner.py:88} INFO - Job 1395: Subtask create_table
[2025-03-30T11:17:52.686+0000] {warnings.py:109} WARNING - /home/***/.local/lib/python3.8/site-packages/***/settings.py:194: DeprecationWarning: The sql_alchemy_conn option in [core] has been moved to the sql_alchemy_conn option in [database] - the old setting has been used, but please update your config.
  SQL_ALCHEMY_CONN = conf.get("database", "SQL_ALCHEMY_CONN")

[2025-03-30T11:17:52.737+0000] {task_command.py:423} INFO - Running <TaskInstance: inout_data_ingestion.create_table scheduled__2024-10-03T15:00:00+00:00 [running]> on host ff9d64b065e6
[2025-03-30T11:17:52.815+0000] {taskinstance.py:2510} INFO - Exporting env vars: AIRFLOW_CTX_DAG_OWNER='***' AIRFLOW_CTX_DAG_ID='inout_data_ingestion' AIRFLOW_CTX_TASK_ID='create_table' AIRFLOW_CTX_EXECUTION_DATE='2024-10-03T15:00:00+00:00' AIRFLOW_CTX_TRY_NUMBER='1' AIRFLOW_CTX_DAG_RUN_ID='scheduled__2024-10-03T15:00:00+00:00'
[2025-03-30T11:17:52.821+0000] {inout_data.py:42} INFO - Successfully connected to MariaDB: INOUT on mariadb:3306
[2025-03-30T11:17:52.823+0000] {inout_data.py:117} INFO - Table emp_inout_rec created (if it didn't exist).
[2025-03-30T11:17:52.823+0000] {inout_data.py:78} INFO - MariaDB connection closed.
[2025-03-30T11:17:52.824+0000] {python.py:202} INFO - Done. Returned value was: None
[2025-03-30T11:17:52.838+0000] {taskinstance.py:1149} INFO - Marking task as SUCCESS. dag_id=inout_data_ingestion, task_id=create_table, execution_date=20241003T150000, start_date=20250330T111752, end_date=20250330T111752
[2025-03-30T11:17:52.878+0000] {local_task_job_runner.py:234} INFO - Task exited with return code 0
[2025-03-30T11:17:52.907+0000] {taskinstance.py:3309} INFO - 1 downstream tasks scheduled from follow-on schedule check
[2025-03-30T11:30:14.583+0000] {taskinstance.py:1979} INFO - Dependencies all met for dep_context=non-requeueable deps ti=<TaskInstance: inout_data_ingestion.create_table scheduled__2024-10-03T15:00:00+00:00 [queued]>
[2025-03-30T11:30:14.603+0000] {taskinstance.py:1979} INFO - Dependencies all met for dep_context=requeueable deps ti=<TaskInstance: inout_data_ingestion.create_table scheduled__2024-10-03T15:00:00+00:00 [queued]>
[2025-03-30T11:30:14.604+0000] {taskinstance.py:2193} INFO - Starting attempt 1 of 2
[2025-03-30T11:30:14.623+0000] {taskinstance.py:2214} INFO - Executing <Task(PythonOperator): create_table> on 2024-10-03 15:00:00+00:00
[2025-03-30T11:30:14.632+0000] {standard_task_runner.py:60} INFO - Started process 4756 to run task
[2025-03-30T11:30:14.637+0000] {standard_task_runner.py:87} INFO - Running: ['***', 'tasks', 'run', 'inout_data_ingestion', 'create_table', 'scheduled__2024-10-03T15:00:00+00:00', '--job-id', '2352', '--raw', '--subdir', 'DAGS_FOLDER/inout_data.py', '--cfg-path', '/tmp/tmp4v_fkmey']
[2025-03-30T11:30:14.640+0000] {standard_task_runner.py:88} INFO - Job 2352: Subtask create_table
[2025-03-30T11:30:14.658+0000] {warnings.py:109} WARNING - /home/***/.local/lib/python3.8/site-packages/***/settings.py:194: DeprecationWarning: The sql_alchemy_conn option in [core] has been moved to the sql_alchemy_conn option in [database] - the old setting has been used, but please update your config.
  SQL_ALCHEMY_CONN = conf.get("database", "SQL_ALCHEMY_CONN")

[2025-03-30T11:30:14.697+0000] {task_command.py:423} INFO - Running <TaskInstance: inout_data_ingestion.create_table scheduled__2024-10-03T15:00:00+00:00 [running]> on host ff9d64b065e6
[2025-03-30T11:30:14.847+0000] {taskinstance.py:2510} INFO - Exporting env vars: AIRFLOW_CTX_DAG_OWNER='***' AIRFLOW_CTX_DAG_ID='inout_data_ingestion' AIRFLOW_CTX_TASK_ID='create_table' AIRFLOW_CTX_EXECUTION_DATE='2024-10-03T15:00:00+00:00' AIRFLOW_CTX_TRY_NUMBER='1' AIRFLOW_CTX_DAG_RUN_ID='scheduled__2024-10-03T15:00:00+00:00'
[2025-03-30T11:30:14.857+0000] {logging_mixin.py:188} INFO - Successfully connected to MariaDB: INOUT on mariadb:3306
[2025-03-30T11:30:14.859+0000] {inout_data.py:46} INFO - Table emp_inout_rec created (if it didn't exist).
[2025-03-30T11:30:14.860+0000] {logging_mixin.py:188} INFO - MariaDB connection closed.
[2025-03-30T11:30:14.861+0000] {python.py:202} INFO - Done. Returned value was: None
[2025-03-30T11:30:14.874+0000] {taskinstance.py:1149} INFO - Marking task as SUCCESS. dag_id=inout_data_ingestion, task_id=create_table, execution_date=20241003T150000, start_date=20250330T113014, end_date=20250330T113014
[2025-03-30T11:30:14.910+0000] {local_task_job_runner.py:234} INFO - Task exited with return code 0
[2025-03-30T11:30:14.961+0000] {taskinstance.py:3309} INFO - 1 downstream tasks scheduled from follow-on schedule check
