[2025-03-30T11:11:30.492+0000] {taskinstance.py:1979} INFO - Dependencies all met for dep_context=non-requeueable deps ti=<TaskInstance: inout_data_ingestion.create_table scheduled__2024-10-04T00:00:00+00:00 [queued]>
[2025-03-30T11:11:30.507+0000] {taskinstance.py:1979} INFO - Dependencies all met for dep_context=requeueable deps ti=<TaskInstance: inout_data_ingestion.create_table scheduled__2024-10-04T00:00:00+00:00 [queued]>
[2025-03-30T11:11:30.507+0000] {taskinstance.py:2193} INFO - Starting attempt 1 of 2
[2025-03-30T11:11:30.522+0000] {taskinstance.py:2214} INFO - Executing <Task(PythonOperator): create_table> on 2024-10-04 00:00:00+00:00
[2025-03-30T11:11:30.528+0000] {standard_task_runner.py:60} INFO - Started process 1055 to run task
[2025-03-30T11:11:30.538+0000] {standard_task_runner.py:87} INFO - Running: ['***', 'tasks', 'run', 'inout_data_ingestion', 'create_table', 'scheduled__2024-10-04T00:00:00+00:00', '--job-id', '501', '--raw', '--subdir', 'DAGS_FOLDER/inout_data.py', '--cfg-path', '/tmp/tmpytxs3kxr']
[2025-03-30T11:11:30.541+0000] {standard_task_runner.py:88} INFO - Job 501: Subtask create_table
[2025-03-30T11:11:30.558+0000] {warnings.py:109} WARNING - /home/***/.local/lib/python3.8/site-packages/***/settings.py:194: DeprecationWarning: The sql_alchemy_conn option in [core] has been moved to the sql_alchemy_conn option in [database] - the old setting has been used, but please update your config.
  SQL_ALCHEMY_CONN = conf.get("database", "SQL_ALCHEMY_CONN")

[2025-03-30T11:11:30.600+0000] {task_command.py:423} INFO - Running <TaskInstance: inout_data_ingestion.create_table scheduled__2024-10-04T00:00:00+00:00 [running]> on host ff9d64b065e6
[2025-03-30T11:11:30.715+0000] {taskinstance.py:2510} INFO - Exporting env vars: AIRFLOW_CTX_DAG_OWNER='***' AIRFLOW_CTX_DAG_ID='inout_data_ingestion' AIRFLOW_CTX_TASK_ID='create_table' AIRFLOW_CTX_EXECUTION_DATE='2024-10-04T00:00:00+00:00' AIRFLOW_CTX_TRY_NUMBER='1' AIRFLOW_CTX_DAG_RUN_ID='scheduled__2024-10-04T00:00:00+00:00'
[2025-03-30T11:11:30.721+0000] {inout_data.py:42} INFO - Successfully connected to MariaDB: INOUT on mariadb:3306
[2025-03-30T11:11:30.723+0000] {inout_data.py:124} INFO - Table emp_inout_rec created (if it didn't exist).
[2025-03-30T11:11:30.723+0000] {inout_data.py:78} INFO - MariaDB connection closed.
[2025-03-30T11:11:30.724+0000] {python.py:202} INFO - Done. Returned value was: None
[2025-03-30T11:11:30.747+0000] {taskinstance.py:1149} INFO - Marking task as SUCCESS. dag_id=inout_data_ingestion, task_id=create_table, execution_date=20241004T000000, start_date=20250330T111130, end_date=20250330T111130
[2025-03-30T11:11:30.803+0000] {local_task_job_runner.py:234} INFO - Task exited with return code 0
[2025-03-30T11:11:30.849+0000] {taskinstance.py:3309} INFO - 1 downstream tasks scheduled from follow-on schedule check
[2025-03-30T11:18:03.136+0000] {taskinstance.py:1979} INFO - Dependencies all met for dep_context=non-requeueable deps ti=<TaskInstance: inout_data_ingestion.create_table scheduled__2024-10-04T00:00:00+00:00 [queued]>
[2025-03-30T11:18:03.157+0000] {taskinstance.py:1979} INFO - Dependencies all met for dep_context=requeueable deps ti=<TaskInstance: inout_data_ingestion.create_table scheduled__2024-10-04T00:00:00+00:00 [queued]>
[2025-03-30T11:18:03.158+0000] {taskinstance.py:2193} INFO - Starting attempt 1 of 2
[2025-03-30T11:18:03.180+0000] {taskinstance.py:2214} INFO - Executing <Task(PythonOperator): create_table> on 2024-10-04 00:00:00+00:00
[2025-03-30T11:18:03.191+0000] {standard_task_runner.py:60} INFO - Started process 2910 to run task
[2025-03-30T11:18:03.211+0000] {standard_task_runner.py:87} INFO - Running: ['***', 'tasks', 'run', 'inout_data_ingestion', 'create_table', 'scheduled__2024-10-04T00:00:00+00:00', '--job-id', '1429', '--raw', '--subdir', 'DAGS_FOLDER/inout_data.py', '--cfg-path', '/tmp/tmp3owj5ywm']
[2025-03-30T11:18:03.218+0000] {standard_task_runner.py:88} INFO - Job 1429: Subtask create_table
[2025-03-30T11:18:03.246+0000] {warnings.py:109} WARNING - /home/***/.local/lib/python3.8/site-packages/***/settings.py:194: DeprecationWarning: The sql_alchemy_conn option in [core] has been moved to the sql_alchemy_conn option in [database] - the old setting has been used, but please update your config.
  SQL_ALCHEMY_CONN = conf.get("database", "SQL_ALCHEMY_CONN")

[2025-03-30T11:18:03.307+0000] {task_command.py:423} INFO - Running <TaskInstance: inout_data_ingestion.create_table scheduled__2024-10-04T00:00:00+00:00 [running]> on host ff9d64b065e6
[2025-03-30T11:18:03.429+0000] {taskinstance.py:2510} INFO - Exporting env vars: AIRFLOW_CTX_DAG_OWNER='***' AIRFLOW_CTX_DAG_ID='inout_data_ingestion' AIRFLOW_CTX_TASK_ID='create_table' AIRFLOW_CTX_EXECUTION_DATE='2024-10-04T00:00:00+00:00' AIRFLOW_CTX_TRY_NUMBER='1' AIRFLOW_CTX_DAG_RUN_ID='scheduled__2024-10-04T00:00:00+00:00'
[2025-03-30T11:18:03.436+0000] {inout_data.py:42} INFO - Successfully connected to MariaDB: INOUT on mariadb:3306
[2025-03-30T11:18:03.438+0000] {inout_data.py:117} INFO - Table emp_inout_rec created (if it didn't exist).
[2025-03-30T11:18:03.439+0000] {inout_data.py:78} INFO - MariaDB connection closed.
[2025-03-30T11:18:03.439+0000] {python.py:202} INFO - Done. Returned value was: None
[2025-03-30T11:18:03.453+0000] {taskinstance.py:1149} INFO - Marking task as SUCCESS. dag_id=inout_data_ingestion, task_id=create_table, execution_date=20241004T000000, start_date=20250330T111803, end_date=20250330T111803
[2025-03-30T11:18:03.504+0000] {local_task_job_runner.py:234} INFO - Task exited with return code 0
[2025-03-30T11:18:03.536+0000] {taskinstance.py:3309} INFO - 1 downstream tasks scheduled from follow-on schedule check
[2025-03-30T11:30:25.251+0000] {taskinstance.py:1979} INFO - Dependencies all met for dep_context=non-requeueable deps ti=<TaskInstance: inout_data_ingestion.create_table scheduled__2024-10-04T00:00:00+00:00 [queued]>
[2025-03-30T11:30:25.269+0000] {taskinstance.py:1979} INFO - Dependencies all met for dep_context=requeueable deps ti=<TaskInstance: inout_data_ingestion.create_table scheduled__2024-10-04T00:00:00+00:00 [queued]>
[2025-03-30T11:30:25.270+0000] {taskinstance.py:2193} INFO - Starting attempt 1 of 2
[2025-03-30T11:30:25.285+0000] {taskinstance.py:2214} INFO - Executing <Task(PythonOperator): create_table> on 2024-10-04 00:00:00+00:00
[2025-03-30T11:30:25.294+0000] {standard_task_runner.py:60} INFO - Started process 4827 to run task
[2025-03-30T11:30:25.298+0000] {standard_task_runner.py:87} INFO - Running: ['***', 'tasks', 'run', 'inout_data_ingestion', 'create_table', 'scheduled__2024-10-04T00:00:00+00:00', '--job-id', '2388', '--raw', '--subdir', 'DAGS_FOLDER/inout_data.py', '--cfg-path', '/tmp/tmpm1n7evuw']
[2025-03-30T11:30:25.300+0000] {standard_task_runner.py:88} INFO - Job 2388: Subtask create_table
[2025-03-30T11:30:25.316+0000] {warnings.py:109} WARNING - /home/***/.local/lib/python3.8/site-packages/***/settings.py:194: DeprecationWarning: The sql_alchemy_conn option in [core] has been moved to the sql_alchemy_conn option in [database] - the old setting has been used, but please update your config.
  SQL_ALCHEMY_CONN = conf.get("database", "SQL_ALCHEMY_CONN")

[2025-03-30T11:30:25.372+0000] {task_command.py:423} INFO - Running <TaskInstance: inout_data_ingestion.create_table scheduled__2024-10-04T00:00:00+00:00 [running]> on host ff9d64b065e6
[2025-03-30T11:30:25.480+0000] {taskinstance.py:2510} INFO - Exporting env vars: AIRFLOW_CTX_DAG_OWNER='***' AIRFLOW_CTX_DAG_ID='inout_data_ingestion' AIRFLOW_CTX_TASK_ID='create_table' AIRFLOW_CTX_EXECUTION_DATE='2024-10-04T00:00:00+00:00' AIRFLOW_CTX_TRY_NUMBER='1' AIRFLOW_CTX_DAG_RUN_ID='scheduled__2024-10-04T00:00:00+00:00'
[2025-03-30T11:30:25.484+0000] {logging_mixin.py:188} INFO - Successfully connected to MariaDB: INOUT on mariadb:3306
[2025-03-30T11:30:25.485+0000] {inout_data.py:46} INFO - Table emp_inout_rec created (if it didn't exist).
[2025-03-30T11:30:25.486+0000] {logging_mixin.py:188} INFO - MariaDB connection closed.
[2025-03-30T11:30:25.487+0000] {python.py:202} INFO - Done. Returned value was: None
[2025-03-30T11:30:25.500+0000] {taskinstance.py:1149} INFO - Marking task as SUCCESS. dag_id=inout_data_ingestion, task_id=create_table, execution_date=20241004T000000, start_date=20250330T113025, end_date=20250330T113025
[2025-03-30T11:30:25.605+0000] {local_task_job_runner.py:234} INFO - Task exited with return code 0
[2025-03-30T11:30:25.631+0000] {taskinstance.py:3309} INFO - 0 downstream tasks scheduled from follow-on schedule check
