[2025-03-30T11:12:20.224+0000] {taskinstance.py:1979} INFO - Dependencies all met for dep_context=non-requeueable deps ti=<TaskInstance: inout_data_ingestion.ingest_dummy_data scheduled__2024-10-05T11:00:00+00:00 [queued]>
[2025-03-30T11:12:20.242+0000] {taskinstance.py:1979} INFO - Dependencies all met for dep_context=requeueable deps ti=<TaskInstance: inout_data_ingestion.ingest_dummy_data scheduled__2024-10-05T11:00:00+00:00 [queued]>
[2025-03-30T11:12:20.242+0000] {taskinstance.py:2193} INFO - Starting attempt 1 of 2
[2025-03-30T11:12:20.258+0000] {taskinstance.py:2214} INFO - Executing <Task(PythonOperator): ingest_dummy_data> on 2024-10-05 11:00:00+00:00
[2025-03-30T11:12:20.263+0000] {standard_task_runner.py:60} INFO - Started process 1347 to run task
[2025-03-30T11:12:20.265+0000] {standard_task_runner.py:87} INFO - Running: ['***', 'tasks', 'run', 'inout_data_ingestion', 'ingest_dummy_data', 'scheduled__2024-10-05T11:00:00+00:00', '--job-id', '648', '--raw', '--subdir', 'DAGS_FOLDER/inout_data.py', '--cfg-path', '/tmp/tmpb4ewqh6r']
[2025-03-30T11:12:20.267+0000] {standard_task_runner.py:88} INFO - Job 648: Subtask ingest_dummy_data
[2025-03-30T11:12:20.275+0000] {warnings.py:109} WARNING - /home/***/.local/lib/python3.8/site-packages/***/settings.py:194: DeprecationWarning: The sql_alchemy_conn option in [core] has been moved to the sql_alchemy_conn option in [database] - the old setting has been used, but please update your config.
  SQL_ALCHEMY_CONN = conf.get("database", "SQL_ALCHEMY_CONN")

[2025-03-30T11:12:20.307+0000] {task_command.py:423} INFO - Running <TaskInstance: inout_data_ingestion.ingest_dummy_data scheduled__2024-10-05T11:00:00+00:00 [running]> on host ff9d64b065e6
[2025-03-30T11:12:20.398+0000] {taskinstance.py:2510} INFO - Exporting env vars: AIRFLOW_CTX_DAG_OWNER='***' AIRFLOW_CTX_DAG_ID='inout_data_ingestion' AIRFLOW_CTX_TASK_ID='ingest_dummy_data' AIRFLOW_CTX_EXECUTION_DATE='2024-10-05T11:00:00+00:00' AIRFLOW_CTX_TRY_NUMBER='1' AIRFLOW_CTX_DAG_RUN_ID='scheduled__2024-10-05T11:00:00+00:00'
[2025-03-30T11:12:20.406+0000] {inout_data.py:42} INFO - Successfully connected to MariaDB: INOUT on mariadb:3306
[2025-03-30T11:12:20.407+0000] {inout_data.py:63} ERROR - Error executing query: (1062, "Duplicate entry '2025-03-30 11:12:20-9340' for key 'PRIMARY'")
[2025-03-30T11:12:20.408+0000] {inout_data.py:63} ERROR - Error executing query: (1062, "Duplicate entry '2025-03-30 11:12:20-9340' for key 'PRIMARY'")
[2025-03-30T11:12:20.408+0000] {inout_data.py:63} ERROR - Error executing query: (1062, "Duplicate entry '2025-03-30 11:12:20-9340' for key 'PRIMARY'")
[2025-03-30T11:12:20.408+0000] {inout_data.py:63} ERROR - Error executing query: (1062, "Duplicate entry '2025-03-30 11:12:20-9340' for key 'PRIMARY'")
[2025-03-30T11:12:20.409+0000] {inout_data.py:63} ERROR - Error executing query: (1062, "Duplicate entry '2025-03-30 11:12:20-9340' for key 'PRIMARY'")
[2025-03-30T11:12:20.409+0000] {inout_data.py:63} ERROR - Error executing query: (1062, "Duplicate entry '2025-03-30 11:12:20-9340' for key 'PRIMARY'")
[2025-03-30T11:12:20.410+0000] {inout_data.py:63} ERROR - Error executing query: (1062, "Duplicate entry '2025-03-30 11:12:20-9340' for key 'PRIMARY'")
[2025-03-30T11:12:20.410+0000] {inout_data.py:63} ERROR - Error executing query: (1062, "Duplicate entry '2025-03-30 11:12:20-9340' for key 'PRIMARY'")
[2025-03-30T11:12:20.410+0000] {inout_data.py:63} ERROR - Error executing query: (1062, "Duplicate entry '2025-03-30 11:12:20-9340' for key 'PRIMARY'")
[2025-03-30T11:12:20.411+0000] {inout_data.py:63} ERROR - Error executing query: (1062, "Duplicate entry '2025-03-30 11:12:20-9340' for key 'PRIMARY'")
[2025-03-30T11:12:20.411+0000] {inout_data.py:63} ERROR - Error executing query: (1062, "Duplicate entry '2025-03-30 11:12:20-9340' for key 'PRIMARY'")
[2025-03-30T11:12:20.411+0000] {inout_data.py:63} ERROR - Error executing query: (1062, "Duplicate entry '2025-03-30 11:12:20-9340' for key 'PRIMARY'")
[2025-03-30T11:12:20.412+0000] {inout_data.py:63} ERROR - Error executing query: (1062, "Duplicate entry '2025-03-30 11:12:20-9340' for key 'PRIMARY'")
[2025-03-30T11:12:20.412+0000] {inout_data.py:63} ERROR - Error executing query: (1062, "Duplicate entry '2025-03-30 11:12:20-9340' for key 'PRIMARY'")
[2025-03-30T11:12:20.412+0000] {inout_data.py:63} ERROR - Error executing query: (1062, "Duplicate entry '2025-03-30 11:12:20-9340' for key 'PRIMARY'")
[2025-03-30T11:12:20.413+0000] {inout_data.py:63} ERROR - Error executing query: (1062, "Duplicate entry '2025-03-30 11:12:20-9340' for key 'PRIMARY'")
[2025-03-30T11:12:20.413+0000] {inout_data.py:63} ERROR - Error executing query: (1062, "Duplicate entry '2025-03-30 11:12:20-9340' for key 'PRIMARY'")
[2025-03-30T11:12:20.413+0000] {inout_data.py:63} ERROR - Error executing query: (1062, "Duplicate entry '2025-03-30 11:12:20-9340' for key 'PRIMARY'")
[2025-03-30T11:12:20.414+0000] {inout_data.py:159} INFO - Ingested 19 rows of dummy data.
[2025-03-30T11:12:20.414+0000] {inout_data.py:78} INFO - MariaDB connection closed.
[2025-03-30T11:12:20.414+0000] {python.py:202} INFO - Done. Returned value was: None
[2025-03-30T11:12:20.421+0000] {taskinstance.py:1149} INFO - Marking task as SUCCESS. dag_id=inout_data_ingestion, task_id=ingest_dummy_data, execution_date=20241005T110000, start_date=20250330T111220, end_date=20250330T111220
[2025-03-30T11:12:20.444+0000] {local_task_job_runner.py:234} INFO - Task exited with return code 0
[2025-03-30T11:12:20.454+0000] {taskinstance.py:3309} INFO - 0 downstream tasks scheduled from follow-on schedule check
[2025-03-30T11:18:59.073+0000] {taskinstance.py:1979} INFO - Dependencies all met for dep_context=non-requeueable deps ti=<TaskInstance: inout_data_ingestion.ingest_dummy_data scheduled__2024-10-05T11:00:00+00:00 [queued]>
[2025-03-30T11:18:59.113+0000] {taskinstance.py:1979} INFO - Dependencies all met for dep_context=requeueable deps ti=<TaskInstance: inout_data_ingestion.ingest_dummy_data scheduled__2024-10-05T11:00:00+00:00 [queued]>
[2025-03-30T11:18:59.115+0000] {taskinstance.py:2193} INFO - Starting attempt 1 of 2
[2025-03-30T11:18:59.149+0000] {taskinstance.py:2214} INFO - Executing <Task(PythonOperator): ingest_dummy_data> on 2024-10-05 11:00:00+00:00
[2025-03-30T11:18:59.169+0000] {standard_task_runner.py:60} INFO - Started process 3206 to run task
[2025-03-30T11:18:59.175+0000] {standard_task_runner.py:87} INFO - Running: ['***', 'tasks', 'run', 'inout_data_ingestion', 'ingest_dummy_data', 'scheduled__2024-10-05T11:00:00+00:00', '--job-id', '1577', '--raw', '--subdir', 'DAGS_FOLDER/inout_data.py', '--cfg-path', '/tmp/tmparjpk617']
[2025-03-30T11:18:59.181+0000] {standard_task_runner.py:88} INFO - Job 1577: Subtask ingest_dummy_data
[2025-03-30T11:18:59.219+0000] {warnings.py:109} WARNING - /home/***/.local/lib/python3.8/site-packages/***/settings.py:194: DeprecationWarning: The sql_alchemy_conn option in [core] has been moved to the sql_alchemy_conn option in [database] - the old setting has been used, but please update your config.
  SQL_ALCHEMY_CONN = conf.get("database", "SQL_ALCHEMY_CONN")

[2025-03-30T11:18:59.304+0000] {task_command.py:423} INFO - Running <TaskInstance: inout_data_ingestion.ingest_dummy_data scheduled__2024-10-05T11:00:00+00:00 [running]> on host ff9d64b065e6
[2025-03-30T11:18:59.499+0000] {taskinstance.py:2510} INFO - Exporting env vars: AIRFLOW_CTX_DAG_OWNER='***' AIRFLOW_CTX_DAG_ID='inout_data_ingestion' AIRFLOW_CTX_TASK_ID='ingest_dummy_data' AIRFLOW_CTX_EXECUTION_DATE='2024-10-05T11:00:00+00:00' AIRFLOW_CTX_TRY_NUMBER='1' AIRFLOW_CTX_DAG_RUN_ID='scheduled__2024-10-05T11:00:00+00:00'
[2025-03-30T11:18:59.509+0000] {inout_data.py:42} INFO - Successfully connected to MariaDB: INOUT on mariadb:3306
[2025-03-30T11:18:59.514+0000] {inout_data.py:63} ERROR - Error executing query: (1062, "Duplicate entry '2025-03-30 11:18:59-5588' for key 'PRIMARY'")
[2025-03-30T11:18:59.514+0000] {inout_data.py:63} ERROR - Error executing query: (1062, "Duplicate entry '2025-03-30 11:18:59-5588' for key 'PRIMARY'")
[2025-03-30T11:18:59.516+0000] {inout_data.py:63} ERROR - Error executing query: (1062, "Duplicate entry '2025-03-30 11:18:59-5588' for key 'PRIMARY'")
[2025-03-30T11:18:59.518+0000] {inout_data.py:63} ERROR - Error executing query: (1062, "Duplicate entry '2025-03-30 11:18:59-5588' for key 'PRIMARY'")
[2025-03-30T11:18:59.519+0000] {inout_data.py:63} ERROR - Error executing query: (1062, "Duplicate entry '2025-03-30 11:18:59-5588' for key 'PRIMARY'")
[2025-03-30T11:18:59.519+0000] {inout_data.py:63} ERROR - Error executing query: (1062, "Duplicate entry '2025-03-30 11:18:59-5588' for key 'PRIMARY'")
[2025-03-30T11:18:59.520+0000] {inout_data.py:63} ERROR - Error executing query: (1062, "Duplicate entry '2025-03-30 11:18:59-5588' for key 'PRIMARY'")
[2025-03-30T11:18:59.521+0000] {inout_data.py:63} ERROR - Error executing query: (1062, "Duplicate entry '2025-03-30 11:18:59-5588' for key 'PRIMARY'")
[2025-03-30T11:18:59.521+0000] {inout_data.py:63} ERROR - Error executing query: (1062, "Duplicate entry '2025-03-30 11:18:59-5588' for key 'PRIMARY'")
[2025-03-30T11:18:59.522+0000] {inout_data.py:152} INFO - Ingested 10 rows of dummy data.
[2025-03-30T11:18:59.525+0000] {inout_data.py:78} INFO - MariaDB connection closed.
[2025-03-30T11:18:59.529+0000] {python.py:202} INFO - Done. Returned value was: None
[2025-03-30T11:18:59.565+0000] {taskinstance.py:1149} INFO - Marking task as SUCCESS. dag_id=inout_data_ingestion, task_id=ingest_dummy_data, execution_date=20241005T110000, start_date=20250330T111859, end_date=20250330T111859
[2025-03-30T11:18:59.647+0000] {local_task_job_runner.py:234} INFO - Task exited with return code 0
[2025-03-30T11:18:59.702+0000] {taskinstance.py:3309} INFO - 0 downstream tasks scheduled from follow-on schedule check
[2025-03-30T11:31:09.540+0000] {taskinstance.py:1979} INFO - Dependencies all met for dep_context=non-requeueable deps ti=<TaskInstance: inout_data_ingestion.ingest_dummy_data scheduled__2024-10-05T11:00:00+00:00 [queued]>
[2025-03-30T11:31:09.553+0000] {taskinstance.py:1979} INFO - Dependencies all met for dep_context=requeueable deps ti=<TaskInstance: inout_data_ingestion.ingest_dummy_data scheduled__2024-10-05T11:00:00+00:00 [queued]>
[2025-03-30T11:31:09.554+0000] {taskinstance.py:2193} INFO - Starting attempt 1 of 2
[2025-03-30T11:31:09.573+0000] {taskinstance.py:2214} INFO - Executing <Task(PythonOperator): ingest_dummy_data> on 2024-10-05 11:00:00+00:00
[2025-03-30T11:31:09.579+0000] {standard_task_runner.py:60} INFO - Started process 5125 to run task
[2025-03-30T11:31:09.584+0000] {standard_task_runner.py:87} INFO - Running: ['***', 'tasks', 'run', 'inout_data_ingestion', 'ingest_dummy_data', 'scheduled__2024-10-05T11:00:00+00:00', '--job-id', '2536', '--raw', '--subdir', 'DAGS_FOLDER/inout_data.py', '--cfg-path', '/tmp/tmptgsamhz6']
[2025-03-30T11:31:09.585+0000] {standard_task_runner.py:88} INFO - Job 2536: Subtask ingest_dummy_data
[2025-03-30T11:31:09.602+0000] {warnings.py:109} WARNING - /home/***/.local/lib/python3.8/site-packages/***/settings.py:194: DeprecationWarning: The sql_alchemy_conn option in [core] has been moved to the sql_alchemy_conn option in [database] - the old setting has been used, but please update your config.
  SQL_ALCHEMY_CONN = conf.get("database", "SQL_ALCHEMY_CONN")

[2025-03-30T11:31:09.639+0000] {task_command.py:423} INFO - Running <TaskInstance: inout_data_ingestion.ingest_dummy_data scheduled__2024-10-05T11:00:00+00:00 [running]> on host ff9d64b065e6
[2025-03-30T11:31:09.701+0000] {taskinstance.py:2510} INFO - Exporting env vars: AIRFLOW_CTX_DAG_OWNER='***' AIRFLOW_CTX_DAG_ID='inout_data_ingestion' AIRFLOW_CTX_TASK_ID='ingest_dummy_data' AIRFLOW_CTX_EXECUTION_DATE='2024-10-05T11:00:00+00:00' AIRFLOW_CTX_TRY_NUMBER='1' AIRFLOW_CTX_DAG_RUN_ID='scheduled__2024-10-05T11:00:00+00:00'
[2025-03-30T11:31:09.710+0000] {logging_mixin.py:188} INFO - Successfully connected to MariaDB: INOUT on mariadb:3306
[2025-03-30T11:31:09.711+0000] {logging_mixin.py:188} INFO - General error executing query: not all arguments converted during string formatting
[2025-03-30T11:31:09.713+0000] {logging_mixin.py:188} INFO - General error executing query: not all arguments converted during string formatting
[2025-03-30T11:31:09.714+0000] {logging_mixin.py:188} INFO - General error executing query: not all arguments converted during string formatting
[2025-03-30T11:31:09.714+0000] {logging_mixin.py:188} INFO - General error executing query: not all arguments converted during string formatting
[2025-03-30T11:31:09.716+0000] {logging_mixin.py:188} INFO - General error executing query: not all arguments converted during string formatting
[2025-03-30T11:31:09.716+0000] {logging_mixin.py:188} INFO - General error executing query: not all arguments converted during string formatting
[2025-03-30T11:31:09.716+0000] {logging_mixin.py:188} INFO - General error executing query: not all arguments converted during string formatting
[2025-03-30T11:31:09.717+0000] {logging_mixin.py:188} INFO - General error executing query: not all arguments converted during string formatting
[2025-03-30T11:31:09.717+0000] {logging_mixin.py:188} INFO - General error executing query: not all arguments converted during string formatting
[2025-03-30T11:31:09.718+0000] {logging_mixin.py:188} INFO - General error executing query: not all arguments converted during string formatting
[2025-03-30T11:31:09.719+0000] {logging_mixin.py:188} INFO - General error executing query: not all arguments converted during string formatting
[2025-03-30T11:31:09.723+0000] {logging_mixin.py:188} INFO - General error executing query: not all arguments converted during string formatting
[2025-03-30T11:31:09.724+0000] {logging_mixin.py:188} INFO - General error executing query: not all arguments converted during string formatting
[2025-03-30T11:31:09.725+0000] {logging_mixin.py:188} INFO - General error executing query: not all arguments converted during string formatting
[2025-03-30T11:31:09.726+0000] {logging_mixin.py:188} INFO - General error executing query: not all arguments converted during string formatting
[2025-03-30T11:31:09.726+0000] {logging_mixin.py:188} INFO - General error executing query: not all arguments converted during string formatting
[2025-03-30T11:31:09.726+0000] {logging_mixin.py:188} INFO - General error executing query: not all arguments converted during string formatting
[2025-03-30T11:31:09.728+0000] {logging_mixin.py:188} INFO - General error executing query: not all arguments converted during string formatting
[2025-03-30T11:31:09.729+0000] {inout_data.py:87} INFO - Ingested 18 rows of dummy data for 2024-10-05 11:00:00+00:00.
[2025-03-30T11:31:09.729+0000] {logging_mixin.py:188} INFO - MariaDB connection closed.
[2025-03-30T11:31:09.729+0000] {python.py:202} INFO - Done. Returned value was: None
[2025-03-30T11:31:09.741+0000] {taskinstance.py:1149} INFO - Marking task as SUCCESS. dag_id=inout_data_ingestion, task_id=ingest_dummy_data, execution_date=20241005T110000, start_date=20250330T113109, end_date=20250330T113109
[2025-03-30T11:31:09.762+0000] {local_task_job_runner.py:234} INFO - Task exited with return code 0
[2025-03-30T11:31:09.778+0000] {taskinstance.py:3309} INFO - 0 downstream tasks scheduled from follow-on schedule check
