[2025-03-30T11:09:25.012+0000] {taskinstance.py:1979} INFO - Dependencies all met for dep_context=non-requeueable deps ti=<TaskInstance: inout_data_ingestion.create_table scheduled__2024-09-30T04:30:00+00:00 [queued]>
[2025-03-30T11:09:25.030+0000] {taskinstance.py:1979} INFO - Dependencies all met for dep_context=requeueable deps ti=<TaskInstance: inout_data_ingestion.create_table scheduled__2024-09-30T04:30:00+00:00 [queued]>
[2025-03-30T11:09:25.031+0000] {taskinstance.py:2193} INFO - Starting attempt 1 of 2
[2025-03-30T11:09:25.070+0000] {taskinstance.py:2214} INFO - Executing <Task(PythonOperator): create_table> on 2024-09-30 04:30:00+00:00
[2025-03-30T11:09:25.091+0000] {standard_task_runner.py:60} INFO - Started process 328 to run task
[2025-03-30T11:09:25.102+0000] {standard_task_runner.py:87} INFO - Running: ['***', 'tasks', 'run', 'inout_data_ingestion', 'create_table', 'scheduled__2024-09-30T04:30:00+00:00', '--job-id', '138', '--raw', '--subdir', 'DAGS_FOLDER/inout_data.py', '--cfg-path', '/tmp/tmpkofcidim']
[2025-03-30T11:09:25.107+0000] {standard_task_runner.py:88} INFO - Job 138: Subtask create_table
[2025-03-30T11:09:25.127+0000] {warnings.py:109} WARNING - /home/***/.local/lib/python3.8/site-packages/***/settings.py:194: DeprecationWarning: The sql_alchemy_conn option in [core] has been moved to the sql_alchemy_conn option in [database] - the old setting has been used, but please update your config.
  SQL_ALCHEMY_CONN = conf.get("database", "SQL_ALCHEMY_CONN")

[2025-03-30T11:09:25.166+0000] {task_command.py:423} INFO - Running <TaskInstance: inout_data_ingestion.create_table scheduled__2024-09-30T04:30:00+00:00 [running]> on host ff9d64b065e6
[2025-03-30T11:09:25.242+0000] {taskinstance.py:2510} INFO - Exporting env vars: AIRFLOW_CTX_DAG_OWNER='***' AIRFLOW_CTX_DAG_ID='inout_data_ingestion' AIRFLOW_CTX_TASK_ID='create_table' AIRFLOW_CTX_EXECUTION_DATE='2024-09-30T04:30:00+00:00' AIRFLOW_CTX_TRY_NUMBER='1' AIRFLOW_CTX_DAG_RUN_ID='scheduled__2024-09-30T04:30:00+00:00'
[2025-03-30T11:09:25.246+0000] {inout_data.py:42} INFO - Successfully connected to MariaDB: INOUT on mariadb:3306
[2025-03-30T11:09:25.247+0000] {inout_data.py:124} INFO - Table emp_inout_rec created (if it didn't exist).
[2025-03-30T11:09:25.248+0000] {inout_data.py:78} INFO - MariaDB connection closed.
[2025-03-30T11:09:25.248+0000] {python.py:202} INFO - Done. Returned value was: None
[2025-03-30T11:09:25.257+0000] {taskinstance.py:1149} INFO - Marking task as SUCCESS. dag_id=inout_data_ingestion, task_id=create_table, execution_date=20240930T043000, start_date=20250330T110925, end_date=20250330T110925
[2025-03-30T11:09:25.283+0000] {local_task_job_runner.py:234} INFO - Task exited with return code 0
[2025-03-30T11:09:25.307+0000] {taskinstance.py:3309} INFO - 1 downstream tasks scheduled from follow-on schedule check
[2025-03-30T11:16:00.618+0000] {taskinstance.py:1979} INFO - Dependencies all met for dep_context=non-requeueable deps ti=<TaskInstance: inout_data_ingestion.create_table scheduled__2024-09-30T04:30:00+00:00 [queued]>
[2025-03-30T11:16:00.634+0000] {taskinstance.py:1979} INFO - Dependencies all met for dep_context=requeueable deps ti=<TaskInstance: inout_data_ingestion.create_table scheduled__2024-09-30T04:30:00+00:00 [queued]>
[2025-03-30T11:16:00.635+0000] {taskinstance.py:2193} INFO - Starting attempt 1 of 2
[2025-03-30T11:16:00.662+0000] {taskinstance.py:2214} INFO - Executing <Task(PythonOperator): create_table> on 2024-09-30 04:30:00+00:00
[2025-03-30T11:16:00.670+0000] {standard_task_runner.py:60} INFO - Started process 2176 to run task
[2025-03-30T11:16:00.679+0000] {standard_task_runner.py:87} INFO - Running: ['***', 'tasks', 'run', 'inout_data_ingestion', 'create_table', 'scheduled__2024-09-30T04:30:00+00:00', '--job-id', '1062', '--raw', '--subdir', 'DAGS_FOLDER/inout_data.py', '--cfg-path', '/tmp/tmp3otg1ng5']
[2025-03-30T11:16:00.681+0000] {standard_task_runner.py:88} INFO - Job 1062: Subtask create_table
[2025-03-30T11:16:00.697+0000] {warnings.py:109} WARNING - /home/***/.local/lib/python3.8/site-packages/***/settings.py:194: DeprecationWarning: The sql_alchemy_conn option in [core] has been moved to the sql_alchemy_conn option in [database] - the old setting has been used, but please update your config.
  SQL_ALCHEMY_CONN = conf.get("database", "SQL_ALCHEMY_CONN")

[2025-03-30T11:16:00.736+0000] {task_command.py:423} INFO - Running <TaskInstance: inout_data_ingestion.create_table scheduled__2024-09-30T04:30:00+00:00 [running]> on host ff9d64b065e6
[2025-03-30T11:16:00.795+0000] {taskinstance.py:2510} INFO - Exporting env vars: AIRFLOW_CTX_DAG_OWNER='***' AIRFLOW_CTX_DAG_ID='inout_data_ingestion' AIRFLOW_CTX_TASK_ID='create_table' AIRFLOW_CTX_EXECUTION_DATE='2024-09-30T04:30:00+00:00' AIRFLOW_CTX_TRY_NUMBER='1' AIRFLOW_CTX_DAG_RUN_ID='scheduled__2024-09-30T04:30:00+00:00'
[2025-03-30T11:16:00.802+0000] {inout_data.py:42} INFO - Successfully connected to MariaDB: INOUT on mariadb:3306
[2025-03-30T11:16:00.804+0000] {inout_data.py:117} INFO - Table emp_inout_rec created (if it didn't exist).
[2025-03-30T11:16:00.805+0000] {inout_data.py:78} INFO - MariaDB connection closed.
[2025-03-30T11:16:00.806+0000] {python.py:202} INFO - Done. Returned value was: None
[2025-03-30T11:16:00.815+0000] {taskinstance.py:1149} INFO - Marking task as SUCCESS. dag_id=inout_data_ingestion, task_id=create_table, execution_date=20240930T043000, start_date=20250330T111600, end_date=20250330T111600
[2025-03-30T11:16:00.860+0000] {local_task_job_runner.py:234} INFO - Task exited with return code 0
[2025-03-30T11:16:00.911+0000] {taskinstance.py:3309} INFO - 1 downstream tasks scheduled from follow-on schedule check
[2025-03-30T11:28:35.053+0000] {taskinstance.py:1979} INFO - Dependencies all met for dep_context=non-requeueable deps ti=<TaskInstance: inout_data_ingestion.create_table scheduled__2024-09-30T04:30:00+00:00 [queued]>
[2025-03-30T11:28:35.061+0000] {taskinstance.py:1979} INFO - Dependencies all met for dep_context=requeueable deps ti=<TaskInstance: inout_data_ingestion.create_table scheduled__2024-09-30T04:30:00+00:00 [queued]>
[2025-03-30T11:28:35.061+0000] {taskinstance.py:2193} INFO - Starting attempt 1 of 2
[2025-03-30T11:28:35.077+0000] {taskinstance.py:2214} INFO - Executing <Task(PythonOperator): create_table> on 2024-09-30 04:30:00+00:00
[2025-03-30T11:28:35.089+0000] {standard_task_runner.py:60} INFO - Started process 4099 to run task
[2025-03-30T11:28:35.098+0000] {standard_task_runner.py:87} INFO - Running: ['***', 'tasks', 'run', 'inout_data_ingestion', 'create_table', 'scheduled__2024-09-30T04:30:00+00:00', '--job-id', '2024', '--raw', '--subdir', 'DAGS_FOLDER/inout_data.py', '--cfg-path', '/tmp/tmpnovb97_5']
[2025-03-30T11:28:35.099+0000] {standard_task_runner.py:88} INFO - Job 2024: Subtask create_table
[2025-03-30T11:28:35.120+0000] {warnings.py:109} WARNING - /home/***/.local/lib/python3.8/site-packages/***/settings.py:194: DeprecationWarning: The sql_alchemy_conn option in [core] has been moved to the sql_alchemy_conn option in [database] - the old setting has been used, but please update your config.
  SQL_ALCHEMY_CONN = conf.get("database", "SQL_ALCHEMY_CONN")

[2025-03-30T11:28:35.164+0000] {task_command.py:423} INFO - Running <TaskInstance: inout_data_ingestion.create_table scheduled__2024-09-30T04:30:00+00:00 [running]> on host ff9d64b065e6
[2025-03-30T11:28:35.248+0000] {taskinstance.py:2510} INFO - Exporting env vars: AIRFLOW_CTX_DAG_OWNER='***' AIRFLOW_CTX_DAG_ID='inout_data_ingestion' AIRFLOW_CTX_TASK_ID='create_table' AIRFLOW_CTX_EXECUTION_DATE='2024-09-30T04:30:00+00:00' AIRFLOW_CTX_TRY_NUMBER='1' AIRFLOW_CTX_DAG_RUN_ID='scheduled__2024-09-30T04:30:00+00:00'
[2025-03-30T11:28:35.252+0000] {logging_mixin.py:188} INFO - Successfully connected to MariaDB: INOUT on mariadb:3306
[2025-03-30T11:28:35.253+0000] {inout_data.py:46} INFO - Table emp_inout_rec created (if it didn't exist).
[2025-03-30T11:28:35.254+0000] {logging_mixin.py:188} INFO - MariaDB connection closed.
[2025-03-30T11:28:35.254+0000] {python.py:202} INFO - Done. Returned value was: None
[2025-03-30T11:28:35.264+0000] {taskinstance.py:1149} INFO - Marking task as SUCCESS. dag_id=inout_data_ingestion, task_id=create_table, execution_date=20240930T043000, start_date=20250330T112835, end_date=20250330T112835
[2025-03-30T11:28:35.315+0000] {local_task_job_runner.py:234} INFO - Task exited with return code 0
[2025-03-30T11:28:35.334+0000] {taskinstance.py:3309} INFO - 0 downstream tasks scheduled from follow-on schedule check
[2025-03-30T11:33:12.771+0000] {taskinstance.py:1979} INFO - Dependencies all met for dep_context=non-requeueable deps ti=<TaskInstance: inout_data_ingestion.create_table scheduled__2024-09-30T04:30:00+00:00 [queued]>
[2025-03-30T11:33:12.782+0000] {taskinstance.py:1979} INFO - Dependencies all met for dep_context=requeueable deps ti=<TaskInstance: inout_data_ingestion.create_table scheduled__2024-09-30T04:30:00+00:00 [queued]>
[2025-03-30T11:33:12.786+0000] {taskinstance.py:2193} INFO - Starting attempt 1 of 2
[2025-03-30T11:33:12.814+0000] {taskinstance.py:2214} INFO - Executing <Task(PythonOperator): create_table> on 2024-09-30 04:30:00+00:00
[2025-03-30T11:33:12.822+0000] {standard_task_runner.py:60} INFO - Started process 5552 to run task
[2025-03-30T11:33:12.833+0000] {standard_task_runner.py:87} INFO - Running: ['***', 'tasks', 'run', 'inout_data_ingestion', 'create_table', 'scheduled__2024-09-30T04:30:00+00:00', '--job-id', '2751', '--raw', '--subdir', 'DAGS_FOLDER/inout_data.py', '--cfg-path', '/tmp/tmpvtj9e0j5']
[2025-03-30T11:33:12.836+0000] {standard_task_runner.py:88} INFO - Job 2751: Subtask create_table
[2025-03-30T11:33:12.859+0000] {warnings.py:109} WARNING - /home/***/.local/lib/python3.8/site-packages/***/settings.py:194: DeprecationWarning: The sql_alchemy_conn option in [core] has been moved to the sql_alchemy_conn option in [database] - the old setting has been used, but please update your config.
  SQL_ALCHEMY_CONN = conf.get("database", "SQL_ALCHEMY_CONN")

[2025-03-30T11:33:12.898+0000] {task_command.py:423} INFO - Running <TaskInstance: inout_data_ingestion.create_table scheduled__2024-09-30T04:30:00+00:00 [running]> on host ff9d64b065e6
[2025-03-30T11:33:13.000+0000] {taskinstance.py:2510} INFO - Exporting env vars: AIRFLOW_CTX_DAG_OWNER='***' AIRFLOW_CTX_DAG_ID='inout_data_ingestion' AIRFLOW_CTX_TASK_ID='create_table' AIRFLOW_CTX_EXECUTION_DATE='2024-09-30T04:30:00+00:00' AIRFLOW_CTX_TRY_NUMBER='1' AIRFLOW_CTX_DAG_RUN_ID='scheduled__2024-09-30T04:30:00+00:00'
[2025-03-30T11:33:13.004+0000] {logging_mixin.py:188} INFO - Successfully connected to MariaDB: INOUT on mariadb:3306
[2025-03-30T11:33:13.006+0000] {inout_data.py:46} INFO - Table emp_inout_rec created (if it didn't exist).
[2025-03-30T11:33:13.007+0000] {logging_mixin.py:188} INFO - MariaDB connection closed.
[2025-03-30T11:33:13.008+0000] {python.py:202} INFO - Done. Returned value was: None
[2025-03-30T11:33:13.019+0000] {taskinstance.py:1149} INFO - Marking task as SUCCESS. dag_id=inout_data_ingestion, task_id=create_table, execution_date=20240930T043000, start_date=20250330T113312, end_date=20250330T113313
[2025-03-30T11:33:13.059+0000] {local_task_job_runner.py:234} INFO - Task exited with return code 0
[2025-03-30T11:33:13.081+0000] {taskinstance.py:3309} INFO - 1 downstream tasks scheduled from follow-on schedule check
[2025-03-30T11:38:46.792+0000] {taskinstance.py:1979} INFO - Dependencies all met for dep_context=non-requeueable deps ti=<TaskInstance: inout_data_ingestion.create_table scheduled__2024-09-30T04:30:00+00:00 [queued]>
[2025-03-30T11:38:46.810+0000] {taskinstance.py:1979} INFO - Dependencies all met for dep_context=requeueable deps ti=<TaskInstance: inout_data_ingestion.create_table scheduled__2024-09-30T04:30:00+00:00 [queued]>
[2025-03-30T11:38:46.812+0000] {taskinstance.py:2193} INFO - Starting attempt 1 of 2
[2025-03-30T11:38:46.840+0000] {taskinstance.py:2214} INFO - Executing <Task(PythonOperator): create_table> on 2024-09-30 04:30:00+00:00
[2025-03-30T11:38:46.856+0000] {standard_task_runner.py:60} INFO - Started process 6462 to run task
[2025-03-30T11:38:46.877+0000] {standard_task_runner.py:87} INFO - Running: ['***', 'tasks', 'run', 'inout_data_ingestion', 'create_table', 'scheduled__2024-09-30T04:30:00+00:00', '--job-id', '3205', '--raw', '--subdir', 'DAGS_FOLDER/inout_data.py', '--cfg-path', '/tmp/tmpefh435qg']
[2025-03-30T11:38:46.887+0000] {standard_task_runner.py:88} INFO - Job 3205: Subtask create_table
[2025-03-30T11:38:46.948+0000] {warnings.py:109} WARNING - /home/***/.local/lib/python3.8/site-packages/***/settings.py:194: DeprecationWarning: The sql_alchemy_conn option in [core] has been moved to the sql_alchemy_conn option in [database] - the old setting has been used, but please update your config.
  SQL_ALCHEMY_CONN = conf.get("database", "SQL_ALCHEMY_CONN")

[2025-03-30T11:38:47.064+0000] {task_command.py:423} INFO - Running <TaskInstance: inout_data_ingestion.create_table scheduled__2024-09-30T04:30:00+00:00 [running]> on host ff9d64b065e6
[2025-03-30T11:38:47.419+0000] {taskinstance.py:2510} INFO - Exporting env vars: AIRFLOW_CTX_DAG_OWNER='***' AIRFLOW_CTX_DAG_ID='inout_data_ingestion' AIRFLOW_CTX_TASK_ID='create_table' AIRFLOW_CTX_EXECUTION_DATE='2024-09-30T04:30:00+00:00' AIRFLOW_CTX_TRY_NUMBER='1' AIRFLOW_CTX_DAG_RUN_ID='scheduled__2024-09-30T04:30:00+00:00'
[2025-03-30T11:38:47.430+0000] {logging_mixin.py:188} INFO - Successfully connected to MariaDB: INOUT on mariadb:3306
[2025-03-30T11:38:47.432+0000] {inout_data.py:46} INFO - Table emp_inout_rec created (if it didn't exist).
[2025-03-30T11:38:47.433+0000] {logging_mixin.py:188} INFO - MariaDB connection closed.
[2025-03-30T11:38:47.433+0000] {python.py:202} INFO - Done. Returned value was: None
[2025-03-30T11:38:47.473+0000] {taskinstance.py:1149} INFO - Marking task as SUCCESS. dag_id=inout_data_ingestion, task_id=create_table, execution_date=20240930T043000, start_date=20250330T113846, end_date=20250330T113847
[2025-03-30T11:38:47.572+0000] {local_task_job_runner.py:234} INFO - Task exited with return code 0
[2025-03-30T11:38:47.695+0000] {taskinstance.py:3309} INFO - 1 downstream tasks scheduled from follow-on schedule check
[2025-03-30T11:40:49.323+0000] {taskinstance.py:1979} INFO - Dependencies all met for dep_context=non-requeueable deps ti=<TaskInstance: inout_data_ingestion.create_table scheduled__2024-09-30T04:30:00+00:00 [queued]>
[2025-03-30T11:40:49.341+0000] {taskinstance.py:1979} INFO - Dependencies all met for dep_context=requeueable deps ti=<TaskInstance: inout_data_ingestion.create_table scheduled__2024-09-30T04:30:00+00:00 [queued]>
[2025-03-30T11:40:49.341+0000] {taskinstance.py:2193} INFO - Starting attempt 1 of 2
[2025-03-30T11:40:49.363+0000] {taskinstance.py:2214} INFO - Executing <Task(PythonOperator): create_table> on 2024-09-30 04:30:00+00:00
[2025-03-30T11:40:49.371+0000] {standard_task_runner.py:60} INFO - Started process 6900 to run task
[2025-03-30T11:40:49.383+0000] {standard_task_runner.py:87} INFO - Running: ['***', 'tasks', 'run', 'inout_data_ingestion', 'create_table', 'scheduled__2024-09-30T04:30:00+00:00', '--job-id', '3424', '--raw', '--subdir', 'DAGS_FOLDER/inout_data.py', '--cfg-path', '/tmp/tmpub2uj349']
[2025-03-30T11:40:49.385+0000] {standard_task_runner.py:88} INFO - Job 3424: Subtask create_table
[2025-03-30T11:40:49.413+0000] {warnings.py:109} WARNING - /home/***/.local/lib/python3.8/site-packages/***/settings.py:194: DeprecationWarning: The sql_alchemy_conn option in [core] has been moved to the sql_alchemy_conn option in [database] - the old setting has been used, but please update your config.
  SQL_ALCHEMY_CONN = conf.get("database", "SQL_ALCHEMY_CONN")

[2025-03-30T11:40:49.481+0000] {task_command.py:423} INFO - Running <TaskInstance: inout_data_ingestion.create_table scheduled__2024-09-30T04:30:00+00:00 [running]> on host ff9d64b065e6
[2025-03-30T11:40:49.606+0000] {taskinstance.py:2510} INFO - Exporting env vars: AIRFLOW_CTX_DAG_OWNER='***' AIRFLOW_CTX_DAG_ID='inout_data_ingestion' AIRFLOW_CTX_TASK_ID='create_table' AIRFLOW_CTX_EXECUTION_DATE='2024-09-30T04:30:00+00:00' AIRFLOW_CTX_TRY_NUMBER='1' AIRFLOW_CTX_DAG_RUN_ID='scheduled__2024-09-30T04:30:00+00:00'
[2025-03-30T11:40:49.612+0000] {logging_mixin.py:188} INFO - Successfully connected to MariaDB: INOUT on mariadb:3306
[2025-03-30T11:40:49.614+0000] {inout_data.py:46} INFO - Table emp_inout_rec created (if it didn't exist).
[2025-03-30T11:40:49.615+0000] {logging_mixin.py:188} INFO - MariaDB connection closed.
[2025-03-30T11:40:49.616+0000] {python.py:202} INFO - Done. Returned value was: None
[2025-03-30T11:40:49.629+0000] {taskinstance.py:1149} INFO - Marking task as SUCCESS. dag_id=inout_data_ingestion, task_id=create_table, execution_date=20240930T043000, start_date=20250330T114049, end_date=20250330T114049
[2025-03-30T11:40:49.686+0000] {local_task_job_runner.py:234} INFO - Task exited with return code 0
[2025-03-30T11:40:49.754+0000] {taskinstance.py:3309} INFO - 1 downstream tasks scheduled from follow-on schedule check
