[2025-03-30T11:13:09.598+0000] {taskinstance.py:1979} INFO - Dependencies all met for dep_context=non-requeueable deps ti=<TaskInstance: inout_data_ingestion.ingest_dummy_data scheduled__2024-10-06T20:00:00+00:00 [queued]>
[2025-03-30T11:13:09.614+0000] {taskinstance.py:1979} INFO - Dependencies all met for dep_context=requeueable deps ti=<TaskInstance: inout_data_ingestion.ingest_dummy_data scheduled__2024-10-06T20:00:00+00:00 [queued]>
[2025-03-30T11:13:09.615+0000] {taskinstance.py:2193} INFO - Starting attempt 1 of 2
[2025-03-30T11:13:09.654+0000] {taskinstance.py:2214} INFO - Executing <Task(PythonOperator): ingest_dummy_data> on 2024-10-06 20:00:00+00:00
[2025-03-30T11:13:09.672+0000] {standard_task_runner.py:60} INFO - Started process 1622 to run task
[2025-03-30T11:13:09.728+0000] {standard_task_runner.py:87} INFO - Running: ['***', 'tasks', 'run', 'inout_data_ingestion', 'ingest_dummy_data', 'scheduled__2024-10-06T20:00:00+00:00', '--job-id', '785', '--raw', '--subdir', 'DAGS_FOLDER/inout_data.py', '--cfg-path', '/tmp/tmpb23df_2z']
[2025-03-30T11:13:09.734+0000] {standard_task_runner.py:88} INFO - Job 785: Subtask ingest_dummy_data
[2025-03-30T11:13:09.766+0000] {warnings.py:109} WARNING - /home/***/.local/lib/python3.8/site-packages/***/settings.py:194: DeprecationWarning: The sql_alchemy_conn option in [core] has been moved to the sql_alchemy_conn option in [database] - the old setting has been used, but please update your config.
  SQL_ALCHEMY_CONN = conf.get("database", "SQL_ALCHEMY_CONN")

[2025-03-30T11:13:09.841+0000] {task_command.py:423} INFO - Running <TaskInstance: inout_data_ingestion.ingest_dummy_data scheduled__2024-10-06T20:00:00+00:00 [running]> on host ff9d64b065e6
[2025-03-30T11:13:10.013+0000] {taskinstance.py:2510} INFO - Exporting env vars: AIRFLOW_CTX_DAG_OWNER='***' AIRFLOW_CTX_DAG_ID='inout_data_ingestion' AIRFLOW_CTX_TASK_ID='ingest_dummy_data' AIRFLOW_CTX_EXECUTION_DATE='2024-10-06T20:00:00+00:00' AIRFLOW_CTX_TRY_NUMBER='1' AIRFLOW_CTX_DAG_RUN_ID='scheduled__2024-10-06T20:00:00+00:00'
[2025-03-30T11:13:10.022+0000] {inout_data.py:42} INFO - Successfully connected to MariaDB: INOUT on mariadb:3306
[2025-03-30T11:13:10.026+0000] {inout_data.py:63} ERROR - Error executing query: (1062, "Duplicate entry '2025-03-30 11:13:10-6571' for key 'PRIMARY'")
[2025-03-30T11:13:10.029+0000] {inout_data.py:63} ERROR - Error executing query: (1062, "Duplicate entry '2025-03-30 11:13:10-6571' for key 'PRIMARY'")
[2025-03-30T11:13:10.031+0000] {inout_data.py:63} ERROR - Error executing query: (1062, "Duplicate entry '2025-03-30 11:13:10-6571' for key 'PRIMARY'")
[2025-03-30T11:13:10.033+0000] {inout_data.py:63} ERROR - Error executing query: (1062, "Duplicate entry '2025-03-30 11:13:10-6571' for key 'PRIMARY'")
[2025-03-30T11:13:10.035+0000] {inout_data.py:63} ERROR - Error executing query: (1062, "Duplicate entry '2025-03-30 11:13:10-6571' for key 'PRIMARY'")
[2025-03-30T11:13:10.039+0000] {inout_data.py:63} ERROR - Error executing query: (1062, "Duplicate entry '2025-03-30 11:13:10-6571' for key 'PRIMARY'")
[2025-03-30T11:13:10.041+0000] {inout_data.py:63} ERROR - Error executing query: (1062, "Duplicate entry '2025-03-30 11:13:10-6571' for key 'PRIMARY'")
[2025-03-30T11:13:10.046+0000] {inout_data.py:63} ERROR - Error executing query: (1062, "Duplicate entry '2025-03-30 11:13:10-6571' for key 'PRIMARY'")
[2025-03-30T11:13:10.048+0000] {inout_data.py:63} ERROR - Error executing query: (1062, "Duplicate entry '2025-03-30 11:13:10-6571' for key 'PRIMARY'")
[2025-03-30T11:13:10.050+0000] {inout_data.py:63} ERROR - Error executing query: (1062, "Duplicate entry '2025-03-30 11:13:10-6571' for key 'PRIMARY'")
[2025-03-30T11:13:10.052+0000] {inout_data.py:63} ERROR - Error executing query: (1062, "Duplicate entry '2025-03-30 11:13:10-6571' for key 'PRIMARY'")
[2025-03-30T11:13:10.053+0000] {inout_data.py:63} ERROR - Error executing query: (1062, "Duplicate entry '2025-03-30 11:13:10-6571' for key 'PRIMARY'")
[2025-03-30T11:13:10.055+0000] {inout_data.py:63} ERROR - Error executing query: (1062, "Duplicate entry '2025-03-30 11:13:10-6571' for key 'PRIMARY'")
[2025-03-30T11:13:10.057+0000] {inout_data.py:63} ERROR - Error executing query: (1062, "Duplicate entry '2025-03-30 11:13:10-6571' for key 'PRIMARY'")
[2025-03-30T11:13:10.059+0000] {inout_data.py:63} ERROR - Error executing query: (1062, "Duplicate entry '2025-03-30 11:13:10-6571' for key 'PRIMARY'")
[2025-03-30T11:13:10.060+0000] {inout_data.py:159} INFO - Ingested 16 rows of dummy data.
[2025-03-30T11:13:10.060+0000] {inout_data.py:78} INFO - MariaDB connection closed.
[2025-03-30T11:13:10.061+0000] {python.py:202} INFO - Done. Returned value was: None
[2025-03-30T11:13:10.075+0000] {taskinstance.py:1149} INFO - Marking task as SUCCESS. dag_id=inout_data_ingestion, task_id=ingest_dummy_data, execution_date=20241006T200000, start_date=20250330T111309, end_date=20250330T111310
[2025-03-30T11:13:10.116+0000] {local_task_job_runner.py:234} INFO - Task exited with return code 0
[2025-03-30T11:13:10.144+0000] {taskinstance.py:3309} INFO - 0 downstream tasks scheduled from follow-on schedule check
[2025-03-30T11:19:49.340+0000] {taskinstance.py:1979} INFO - Dependencies all met for dep_context=non-requeueable deps ti=<TaskInstance: inout_data_ingestion.ingest_dummy_data scheduled__2024-10-06T20:00:00+00:00 [queued]>
[2025-03-30T11:19:49.355+0000] {taskinstance.py:1979} INFO - Dependencies all met for dep_context=requeueable deps ti=<TaskInstance: inout_data_ingestion.ingest_dummy_data scheduled__2024-10-06T20:00:00+00:00 [queued]>
[2025-03-30T11:19:49.355+0000] {taskinstance.py:2193} INFO - Starting attempt 1 of 2
[2025-03-30T11:19:49.369+0000] {taskinstance.py:2214} INFO - Executing <Task(PythonOperator): ingest_dummy_data> on 2024-10-06 20:00:00+00:00
[2025-03-30T11:19:49.372+0000] {standard_task_runner.py:60} INFO - Started process 3468 to run task
[2025-03-30T11:19:49.376+0000] {standard_task_runner.py:87} INFO - Running: ['***', 'tasks', 'run', 'inout_data_ingestion', 'ingest_dummy_data', 'scheduled__2024-10-06T20:00:00+00:00', '--job-id', '1708', '--raw', '--subdir', 'DAGS_FOLDER/inout_data.py', '--cfg-path', '/tmp/tmp7p8p394g']
[2025-03-30T11:19:49.377+0000] {standard_task_runner.py:88} INFO - Job 1708: Subtask ingest_dummy_data
[2025-03-30T11:19:49.390+0000] {warnings.py:109} WARNING - /home/***/.local/lib/python3.8/site-packages/***/settings.py:194: DeprecationWarning: The sql_alchemy_conn option in [core] has been moved to the sql_alchemy_conn option in [database] - the old setting has been used, but please update your config.
  SQL_ALCHEMY_CONN = conf.get("database", "SQL_ALCHEMY_CONN")

[2025-03-30T11:19:49.421+0000] {task_command.py:423} INFO - Running <TaskInstance: inout_data_ingestion.ingest_dummy_data scheduled__2024-10-06T20:00:00+00:00 [running]> on host ff9d64b065e6
[2025-03-30T11:19:49.476+0000] {taskinstance.py:2510} INFO - Exporting env vars: AIRFLOW_CTX_DAG_OWNER='***' AIRFLOW_CTX_DAG_ID='inout_data_ingestion' AIRFLOW_CTX_TASK_ID='ingest_dummy_data' AIRFLOW_CTX_EXECUTION_DATE='2024-10-06T20:00:00+00:00' AIRFLOW_CTX_TRY_NUMBER='1' AIRFLOW_CTX_DAG_RUN_ID='scheduled__2024-10-06T20:00:00+00:00'
[2025-03-30T11:19:49.481+0000] {inout_data.py:42} INFO - Successfully connected to MariaDB: INOUT on mariadb:3306
[2025-03-30T11:19:49.483+0000] {inout_data.py:63} ERROR - Error executing query: (1062, "Duplicate entry '2025-03-30 11:19:49-3490' for key 'PRIMARY'")
[2025-03-30T11:19:49.483+0000] {inout_data.py:63} ERROR - Error executing query: (1062, "Duplicate entry '2025-03-30 11:19:49-3490' for key 'PRIMARY'")
[2025-03-30T11:19:49.484+0000] {inout_data.py:63} ERROR - Error executing query: (1062, "Duplicate entry '2025-03-30 11:19:49-3490' for key 'PRIMARY'")
[2025-03-30T11:19:49.485+0000] {inout_data.py:63} ERROR - Error executing query: (1062, "Duplicate entry '2025-03-30 11:19:49-3490' for key 'PRIMARY'")
[2025-03-30T11:19:49.486+0000] {inout_data.py:63} ERROR - Error executing query: (1062, "Duplicate entry '2025-03-30 11:19:49-3490' for key 'PRIMARY'")
[2025-03-30T11:19:49.487+0000] {inout_data.py:63} ERROR - Error executing query: (1062, "Duplicate entry '2025-03-30 11:19:49-3490' for key 'PRIMARY'")
[2025-03-30T11:19:49.488+0000] {inout_data.py:63} ERROR - Error executing query: (1062, "Duplicate entry '2025-03-30 11:19:49-3490' for key 'PRIMARY'")
[2025-03-30T11:19:49.490+0000] {inout_data.py:63} ERROR - Error executing query: (1062, "Duplicate entry '2025-03-30 11:19:49-3490' for key 'PRIMARY'")
[2025-03-30T11:19:49.493+0000] {inout_data.py:63} ERROR - Error executing query: (1062, "Duplicate entry '2025-03-30 11:19:49-3490' for key 'PRIMARY'")
[2025-03-30T11:19:49.493+0000] {inout_data.py:63} ERROR - Error executing query: (1062, "Duplicate entry '2025-03-30 11:19:49-3490' for key 'PRIMARY'")
[2025-03-30T11:19:49.494+0000] {inout_data.py:63} ERROR - Error executing query: (1062, "Duplicate entry '2025-03-30 11:19:49-3490' for key 'PRIMARY'")
[2025-03-30T11:19:49.494+0000] {inout_data.py:63} ERROR - Error executing query: (1062, "Duplicate entry '2025-03-30 11:19:49-3490' for key 'PRIMARY'")
[2025-03-30T11:19:49.496+0000] {inout_data.py:63} ERROR - Error executing query: (1062, "Duplicate entry '2025-03-30 11:19:49-3490' for key 'PRIMARY'")
[2025-03-30T11:19:49.499+0000] {inout_data.py:63} ERROR - Error executing query: (1062, "Duplicate entry '2025-03-30 11:19:49-3490' for key 'PRIMARY'")
[2025-03-30T11:19:49.501+0000] {inout_data.py:63} ERROR - Error executing query: (1062, "Duplicate entry '2025-03-30 11:19:49-3490' for key 'PRIMARY'")
[2025-03-30T11:19:49.503+0000] {inout_data.py:63} ERROR - Error executing query: (1062, "Duplicate entry '2025-03-30 11:19:49-3490' for key 'PRIMARY'")
[2025-03-30T11:19:49.505+0000] {inout_data.py:63} ERROR - Error executing query: (1062, "Duplicate entry '2025-03-30 11:19:49-3490' for key 'PRIMARY'")
[2025-03-30T11:19:49.508+0000] {inout_data.py:63} ERROR - Error executing query: (1062, "Duplicate entry '2025-03-30 11:19:49-3490' for key 'PRIMARY'")
[2025-03-30T11:19:49.509+0000] {inout_data.py:63} ERROR - Error executing query: (1062, "Duplicate entry '2025-03-30 11:19:49-3490' for key 'PRIMARY'")
[2025-03-30T11:19:49.513+0000] {inout_data.py:152} INFO - Ingested 20 rows of dummy data.
[2025-03-30T11:19:49.513+0000] {inout_data.py:78} INFO - MariaDB connection closed.
[2025-03-30T11:19:49.513+0000] {python.py:202} INFO - Done. Returned value was: None
[2025-03-30T11:19:49.521+0000] {taskinstance.py:1149} INFO - Marking task as SUCCESS. dag_id=inout_data_ingestion, task_id=ingest_dummy_data, execution_date=20241006T200000, start_date=20250330T111949, end_date=20250330T111949
[2025-03-30T11:19:49.556+0000] {local_task_job_runner.py:234} INFO - Task exited with return code 0
[2025-03-30T11:19:49.571+0000] {taskinstance.py:3309} INFO - 0 downstream tasks scheduled from follow-on schedule check
