[2025-03-30T11:13:31.201+0000] {taskinstance.py:1979} INFO - Dependencies all met for dep_context=non-requeueable deps ti=<TaskInstance: inout_data_ingestion.ingest_dummy_data scheduled__2024-10-07T14:30:00+00:00 [queued]>
[2025-03-30T11:13:31.216+0000] {taskinstance.py:1979} INFO - Dependencies all met for dep_context=requeueable deps ti=<TaskInstance: inout_data_ingestion.ingest_dummy_data scheduled__2024-10-07T14:30:00+00:00 [queued]>
[2025-03-30T11:13:31.217+0000] {taskinstance.py:2193} INFO - Starting attempt 1 of 2
[2025-03-30T11:13:31.239+0000] {taskinstance.py:2214} INFO - Executing <Task(PythonOperator): ingest_dummy_data> on 2024-10-07 14:30:00+00:00
[2025-03-30T11:13:31.246+0000] {standard_task_runner.py:60} INFO - Started process 1765 to run task
[2025-03-30T11:13:31.255+0000] {standard_task_runner.py:87} INFO - Running: ['***', 'tasks', 'run', 'inout_data_ingestion', 'ingest_dummy_data', 'scheduled__2024-10-07T14:30:00+00:00', '--job-id', '857', '--raw', '--subdir', 'DAGS_FOLDER/inout_data.py', '--cfg-path', '/tmp/tmpf80xkf64']
[2025-03-30T11:13:31.260+0000] {standard_task_runner.py:88} INFO - Job 857: Subtask ingest_dummy_data
[2025-03-30T11:13:31.282+0000] {warnings.py:109} WARNING - /home/***/.local/lib/python3.8/site-packages/***/settings.py:194: DeprecationWarning: The sql_alchemy_conn option in [core] has been moved to the sql_alchemy_conn option in [database] - the old setting has been used, but please update your config.
  SQL_ALCHEMY_CONN = conf.get("database", "SQL_ALCHEMY_CONN")

[2025-03-30T11:13:31.362+0000] {task_command.py:423} INFO - Running <TaskInstance: inout_data_ingestion.ingest_dummy_data scheduled__2024-10-07T14:30:00+00:00 [running]> on host ff9d64b065e6
[2025-03-30T11:13:31.479+0000] {taskinstance.py:2510} INFO - Exporting env vars: AIRFLOW_CTX_DAG_OWNER='***' AIRFLOW_CTX_DAG_ID='inout_data_ingestion' AIRFLOW_CTX_TASK_ID='ingest_dummy_data' AIRFLOW_CTX_EXECUTION_DATE='2024-10-07T14:30:00+00:00' AIRFLOW_CTX_TRY_NUMBER='1' AIRFLOW_CTX_DAG_RUN_ID='scheduled__2024-10-07T14:30:00+00:00'
[2025-03-30T11:13:31.494+0000] {inout_data.py:42} INFO - Successfully connected to MariaDB: INOUT on mariadb:3306
[2025-03-30T11:13:31.498+0000] {inout_data.py:63} ERROR - Error executing query: (1062, "Duplicate entry '2025-03-30 11:13:31-8637' for key 'PRIMARY'")
[2025-03-30T11:13:31.500+0000] {inout_data.py:63} ERROR - Error executing query: (1062, "Duplicate entry '2025-03-30 11:13:31-8637' for key 'PRIMARY'")
[2025-03-30T11:13:31.501+0000] {inout_data.py:63} ERROR - Error executing query: (1062, "Duplicate entry '2025-03-30 11:13:31-8637' for key 'PRIMARY'")
[2025-03-30T11:13:31.502+0000] {inout_data.py:63} ERROR - Error executing query: (1062, "Duplicate entry '2025-03-30 11:13:31-8637' for key 'PRIMARY'")
[2025-03-30T11:13:31.504+0000] {inout_data.py:63} ERROR - Error executing query: (1062, "Duplicate entry '2025-03-30 11:13:31-8637' for key 'PRIMARY'")
[2025-03-30T11:13:31.505+0000] {inout_data.py:63} ERROR - Error executing query: (1062, "Duplicate entry '2025-03-30 11:13:31-8637' for key 'PRIMARY'")
[2025-03-30T11:13:31.506+0000] {inout_data.py:159} INFO - Ingested 7 rows of dummy data.
[2025-03-30T11:13:31.506+0000] {inout_data.py:78} INFO - MariaDB connection closed.
[2025-03-30T11:13:31.507+0000] {python.py:202} INFO - Done. Returned value was: None
[2025-03-30T11:13:31.520+0000] {taskinstance.py:1149} INFO - Marking task as SUCCESS. dag_id=inout_data_ingestion, task_id=ingest_dummy_data, execution_date=20241007T143000, start_date=20250330T111331, end_date=20250330T111331
[2025-03-30T11:13:31.560+0000] {local_task_job_runner.py:234} INFO - Task exited with return code 0
[2025-03-30T11:13:31.580+0000] {taskinstance.py:3309} INFO - 0 downstream tasks scheduled from follow-on schedule check
[2025-03-30T11:20:11.321+0000] {taskinstance.py:1979} INFO - Dependencies all met for dep_context=non-requeueable deps ti=<TaskInstance: inout_data_ingestion.ingest_dummy_data scheduled__2024-10-07T14:30:00+00:00 [queued]>
[2025-03-30T11:20:11.330+0000] {taskinstance.py:1979} INFO - Dependencies all met for dep_context=requeueable deps ti=<TaskInstance: inout_data_ingestion.ingest_dummy_data scheduled__2024-10-07T14:30:00+00:00 [queued]>
[2025-03-30T11:20:11.331+0000] {taskinstance.py:2193} INFO - Starting attempt 1 of 2
[2025-03-30T11:20:11.341+0000] {taskinstance.py:2214} INFO - Executing <Task(PythonOperator): ingest_dummy_data> on 2024-10-07 14:30:00+00:00
[2025-03-30T11:20:11.345+0000] {standard_task_runner.py:60} INFO - Started process 3605 to run task
[2025-03-30T11:20:11.347+0000] {standard_task_runner.py:87} INFO - Running: ['***', 'tasks', 'run', 'inout_data_ingestion', 'ingest_dummy_data', 'scheduled__2024-10-07T14:30:00+00:00', '--job-id', '1777', '--raw', '--subdir', 'DAGS_FOLDER/inout_data.py', '--cfg-path', '/tmp/tmplqyshdug']
[2025-03-30T11:20:11.350+0000] {standard_task_runner.py:88} INFO - Job 1777: Subtask ingest_dummy_data
[2025-03-30T11:20:11.362+0000] {warnings.py:109} WARNING - /home/***/.local/lib/python3.8/site-packages/***/settings.py:194: DeprecationWarning: The sql_alchemy_conn option in [core] has been moved to the sql_alchemy_conn option in [database] - the old setting has been used, but please update your config.
  SQL_ALCHEMY_CONN = conf.get("database", "SQL_ALCHEMY_CONN")

[2025-03-30T11:20:11.386+0000] {task_command.py:423} INFO - Running <TaskInstance: inout_data_ingestion.ingest_dummy_data scheduled__2024-10-07T14:30:00+00:00 [running]> on host ff9d64b065e6
[2025-03-30T11:20:11.447+0000] {taskinstance.py:2510} INFO - Exporting env vars: AIRFLOW_CTX_DAG_OWNER='***' AIRFLOW_CTX_DAG_ID='inout_data_ingestion' AIRFLOW_CTX_TASK_ID='ingest_dummy_data' AIRFLOW_CTX_EXECUTION_DATE='2024-10-07T14:30:00+00:00' AIRFLOW_CTX_TRY_NUMBER='1' AIRFLOW_CTX_DAG_RUN_ID='scheduled__2024-10-07T14:30:00+00:00'
[2025-03-30T11:20:11.450+0000] {inout_data.py:42} INFO - Successfully connected to MariaDB: INOUT on mariadb:3306
[2025-03-30T11:20:11.451+0000] {inout_data.py:63} ERROR - Error executing query: (1062, "Duplicate entry '2025-03-30 11:20:11-6584' for key 'PRIMARY'")
[2025-03-30T11:20:11.451+0000] {inout_data.py:63} ERROR - Error executing query: (1062, "Duplicate entry '2025-03-30 11:20:11-6584' for key 'PRIMARY'")
[2025-03-30T11:20:11.452+0000] {inout_data.py:63} ERROR - Error executing query: (1062, "Duplicate entry '2025-03-30 11:20:11-6584' for key 'PRIMARY'")
[2025-03-30T11:20:11.452+0000] {inout_data.py:63} ERROR - Error executing query: (1062, "Duplicate entry '2025-03-30 11:20:11-6584' for key 'PRIMARY'")
[2025-03-30T11:20:11.452+0000] {inout_data.py:63} ERROR - Error executing query: (1062, "Duplicate entry '2025-03-30 11:20:11-6584' for key 'PRIMARY'")
[2025-03-30T11:20:11.453+0000] {inout_data.py:63} ERROR - Error executing query: (1062, "Duplicate entry '2025-03-30 11:20:11-6584' for key 'PRIMARY'")
[2025-03-30T11:20:11.453+0000] {inout_data.py:63} ERROR - Error executing query: (1062, "Duplicate entry '2025-03-30 11:20:11-6584' for key 'PRIMARY'")
[2025-03-30T11:20:11.453+0000] {inout_data.py:63} ERROR - Error executing query: (1062, "Duplicate entry '2025-03-30 11:20:11-6584' for key 'PRIMARY'")
[2025-03-30T11:20:11.453+0000] {inout_data.py:63} ERROR - Error executing query: (1062, "Duplicate entry '2025-03-30 11:20:11-6584' for key 'PRIMARY'")
[2025-03-30T11:20:11.454+0000] {inout_data.py:63} ERROR - Error executing query: (1062, "Duplicate entry '2025-03-30 11:20:11-6584' for key 'PRIMARY'")
[2025-03-30T11:20:11.454+0000] {inout_data.py:152} INFO - Ingested 11 rows of dummy data.
[2025-03-30T11:20:11.454+0000] {inout_data.py:78} INFO - MariaDB connection closed.
[2025-03-30T11:20:11.454+0000] {python.py:202} INFO - Done. Returned value was: None
[2025-03-30T11:20:11.462+0000] {taskinstance.py:1149} INFO - Marking task as SUCCESS. dag_id=inout_data_ingestion, task_id=ingest_dummy_data, execution_date=20241007T143000, start_date=20250330T112011, end_date=20250330T112011
[2025-03-30T11:20:11.492+0000] {local_task_job_runner.py:234} INFO - Task exited with return code 0
[2025-03-30T11:20:11.512+0000] {taskinstance.py:3309} INFO - 0 downstream tasks scheduled from follow-on schedule check
