[2025-03-30T11:10:33.263+0000] {taskinstance.py:1979} INFO - Dependencies all met for dep_context=non-requeueable deps ti=<TaskInstance: inout_data_ingestion.ingest_dummy_data scheduled__2024-10-02T07:30:00+00:00 [queued]>
[2025-03-30T11:10:33.272+0000] {taskinstance.py:1979} INFO - Dependencies all met for dep_context=requeueable deps ti=<TaskInstance: inout_data_ingestion.ingest_dummy_data scheduled__2024-10-02T07:30:00+00:00 [queued]>
[2025-03-30T11:10:33.272+0000] {taskinstance.py:2193} INFO - Starting attempt 1 of 2
[2025-03-30T11:10:33.281+0000] {taskinstance.py:2214} INFO - Executing <Task(PythonOperator): ingest_dummy_data> on 2024-10-02 07:30:00+00:00
[2025-03-30T11:10:33.288+0000] {standard_task_runner.py:60} INFO - Started process 741 to run task
[2025-03-30T11:10:33.294+0000] {standard_task_runner.py:87} INFO - Running: ['***', 'tasks', 'run', 'inout_data_ingestion', 'ingest_dummy_data', 'scheduled__2024-10-02T07:30:00+00:00', '--job-id', '345', '--raw', '--subdir', 'DAGS_FOLDER/inout_data.py', '--cfg-path', '/tmp/tmp82ta0rf9']
[2025-03-30T11:10:33.295+0000] {standard_task_runner.py:88} INFO - Job 345: Subtask ingest_dummy_data
[2025-03-30T11:10:33.306+0000] {warnings.py:109} WARNING - /home/***/.local/lib/python3.8/site-packages/***/settings.py:194: DeprecationWarning: The sql_alchemy_conn option in [core] has been moved to the sql_alchemy_conn option in [database] - the old setting has been used, but please update your config.
  SQL_ALCHEMY_CONN = conf.get("database", "SQL_ALCHEMY_CONN")

[2025-03-30T11:10:33.328+0000] {task_command.py:423} INFO - Running <TaskInstance: inout_data_ingestion.ingest_dummy_data scheduled__2024-10-02T07:30:00+00:00 [running]> on host ff9d64b065e6
[2025-03-30T11:10:33.371+0000] {taskinstance.py:2510} INFO - Exporting env vars: AIRFLOW_CTX_DAG_OWNER='***' AIRFLOW_CTX_DAG_ID='inout_data_ingestion' AIRFLOW_CTX_TASK_ID='ingest_dummy_data' AIRFLOW_CTX_EXECUTION_DATE='2024-10-02T07:30:00+00:00' AIRFLOW_CTX_TRY_NUMBER='1' AIRFLOW_CTX_DAG_RUN_ID='scheduled__2024-10-02T07:30:00+00:00'
[2025-03-30T11:10:33.373+0000] {inout_data.py:42} INFO - Successfully connected to MariaDB: INOUT on mariadb:3306
[2025-03-30T11:10:33.374+0000] {inout_data.py:63} ERROR - Error executing query: (1062, "Duplicate entry '2025-03-30 11:10:33-1446' for key 'PRIMARY'")
[2025-03-30T11:10:33.375+0000] {inout_data.py:63} ERROR - Error executing query: (1062, "Duplicate entry '2025-03-30 11:10:33-1446' for key 'PRIMARY'")
[2025-03-30T11:10:33.375+0000] {inout_data.py:63} ERROR - Error executing query: (1062, "Duplicate entry '2025-03-30 11:10:33-1446' for key 'PRIMARY'")
[2025-03-30T11:10:33.375+0000] {inout_data.py:63} ERROR - Error executing query: (1062, "Duplicate entry '2025-03-30 11:10:33-1446' for key 'PRIMARY'")
[2025-03-30T11:10:33.376+0000] {inout_data.py:63} ERROR - Error executing query: (1062, "Duplicate entry '2025-03-30 11:10:33-1446' for key 'PRIMARY'")
[2025-03-30T11:10:33.376+0000] {inout_data.py:63} ERROR - Error executing query: (1062, "Duplicate entry '2025-03-30 11:10:33-1446' for key 'PRIMARY'")
[2025-03-30T11:10:33.376+0000] {inout_data.py:159} INFO - Ingested 7 rows of dummy data.
[2025-03-30T11:10:33.376+0000] {inout_data.py:78} INFO - MariaDB connection closed.
[2025-03-30T11:10:33.376+0000] {python.py:202} INFO - Done. Returned value was: None
[2025-03-30T11:10:33.381+0000] {taskinstance.py:1149} INFO - Marking task as SUCCESS. dag_id=inout_data_ingestion, task_id=ingest_dummy_data, execution_date=20241002T073000, start_date=20250330T111033, end_date=20250330T111033
[2025-03-30T11:10:33.393+0000] {local_task_job_runner.py:234} INFO - Task exited with return code 0
[2025-03-30T11:10:33.403+0000] {taskinstance.py:3309} INFO - 0 downstream tasks scheduled from follow-on schedule check
[2025-03-30T11:17:12.088+0000] {taskinstance.py:1979} INFO - Dependencies all met for dep_context=non-requeueable deps ti=<TaskInstance: inout_data_ingestion.ingest_dummy_data scheduled__2024-10-02T07:30:00+00:00 [queued]>
[2025-03-30T11:17:12.113+0000] {taskinstance.py:1979} INFO - Dependencies all met for dep_context=requeueable deps ti=<TaskInstance: inout_data_ingestion.ingest_dummy_data scheduled__2024-10-02T07:30:00+00:00 [queued]>
[2025-03-30T11:17:12.118+0000] {taskinstance.py:2193} INFO - Starting attempt 1 of 2
[2025-03-30T11:17:12.165+0000] {taskinstance.py:2214} INFO - Executing <Task(PythonOperator): ingest_dummy_data> on 2024-10-02 07:30:00+00:00
[2025-03-30T11:17:12.184+0000] {standard_task_runner.py:60} INFO - Started process 2605 to run task
[2025-03-30T11:17:12.194+0000] {standard_task_runner.py:87} INFO - Running: ['***', 'tasks', 'run', 'inout_data_ingestion', 'ingest_dummy_data', 'scheduled__2024-10-02T07:30:00+00:00', '--job-id', '1276', '--raw', '--subdir', 'DAGS_FOLDER/inout_data.py', '--cfg-path', '/tmp/tmp9b8zmn0w']
[2025-03-30T11:17:12.199+0000] {standard_task_runner.py:88} INFO - Job 1276: Subtask ingest_dummy_data
[2025-03-30T11:17:12.272+0000] {warnings.py:109} WARNING - /home/***/.local/lib/python3.8/site-packages/***/settings.py:194: DeprecationWarning: The sql_alchemy_conn option in [core] has been moved to the sql_alchemy_conn option in [database] - the old setting has been used, but please update your config.
  SQL_ALCHEMY_CONN = conf.get("database", "SQL_ALCHEMY_CONN")

[2025-03-30T11:17:12.420+0000] {task_command.py:423} INFO - Running <TaskInstance: inout_data_ingestion.ingest_dummy_data scheduled__2024-10-02T07:30:00+00:00 [running]> on host ff9d64b065e6
[2025-03-30T11:17:12.565+0000] {taskinstance.py:2510} INFO - Exporting env vars: AIRFLOW_CTX_DAG_OWNER='***' AIRFLOW_CTX_DAG_ID='inout_data_ingestion' AIRFLOW_CTX_TASK_ID='ingest_dummy_data' AIRFLOW_CTX_EXECUTION_DATE='2024-10-02T07:30:00+00:00' AIRFLOW_CTX_TRY_NUMBER='1' AIRFLOW_CTX_DAG_RUN_ID='scheduled__2024-10-02T07:30:00+00:00'
[2025-03-30T11:17:12.580+0000] {inout_data.py:42} INFO - Successfully connected to MariaDB: INOUT on mariadb:3306
[2025-03-30T11:17:12.585+0000] {inout_data.py:63} ERROR - Error executing query: (1062, "Duplicate entry '2025-03-30 11:17:12-1118' for key 'PRIMARY'")
[2025-03-30T11:17:12.592+0000] {inout_data.py:63} ERROR - Error executing query: (1062, "Duplicate entry '2025-03-30 11:17:12-1118' for key 'PRIMARY'")
[2025-03-30T11:17:12.597+0000] {inout_data.py:63} ERROR - Error executing query: (1062, "Duplicate entry '2025-03-30 11:17:12-1118' for key 'PRIMARY'")
[2025-03-30T11:17:12.605+0000] {inout_data.py:63} ERROR - Error executing query: (1062, "Duplicate entry '2025-03-30 11:17:12-1118' for key 'PRIMARY'")
[2025-03-30T11:17:12.609+0000] {inout_data.py:63} ERROR - Error executing query: (1062, "Duplicate entry '2025-03-30 11:17:12-1118' for key 'PRIMARY'")
[2025-03-30T11:17:12.611+0000] {inout_data.py:63} ERROR - Error executing query: (1062, "Duplicate entry '2025-03-30 11:17:12-1118' for key 'PRIMARY'")
[2025-03-30T11:17:12.614+0000] {inout_data.py:63} ERROR - Error executing query: (1062, "Duplicate entry '2025-03-30 11:17:12-1118' for key 'PRIMARY'")
[2025-03-30T11:17:12.615+0000] {inout_data.py:63} ERROR - Error executing query: (1062, "Duplicate entry '2025-03-30 11:17:12-1118' for key 'PRIMARY'")
[2025-03-30T11:17:12.620+0000] {inout_data.py:63} ERROR - Error executing query: (1062, "Duplicate entry '2025-03-30 11:17:12-1118' for key 'PRIMARY'")
[2025-03-30T11:17:12.622+0000] {inout_data.py:63} ERROR - Error executing query: (1062, "Duplicate entry '2025-03-30 11:17:12-1118' for key 'PRIMARY'")
[2025-03-30T11:17:12.625+0000] {inout_data.py:63} ERROR - Error executing query: (1062, "Duplicate entry '2025-03-30 11:17:12-1118' for key 'PRIMARY'")
[2025-03-30T11:17:12.627+0000] {inout_data.py:63} ERROR - Error executing query: (1062, "Duplicate entry '2025-03-30 11:17:12-1118' for key 'PRIMARY'")
[2025-03-30T11:17:12.630+0000] {inout_data.py:63} ERROR - Error executing query: (1062, "Duplicate entry '2025-03-30 11:17:12-1118' for key 'PRIMARY'")
[2025-03-30T11:17:12.632+0000] {inout_data.py:63} ERROR - Error executing query: (1062, "Duplicate entry '2025-03-30 11:17:12-1118' for key 'PRIMARY'")
[2025-03-30T11:17:12.635+0000] {inout_data.py:63} ERROR - Error executing query: (1062, "Duplicate entry '2025-03-30 11:17:12-1118' for key 'PRIMARY'")
[2025-03-30T11:17:12.637+0000] {inout_data.py:63} ERROR - Error executing query: (1062, "Duplicate entry '2025-03-30 11:17:12-1118' for key 'PRIMARY'")
[2025-03-30T11:17:12.638+0000] {inout_data.py:152} INFO - Ingested 17 rows of dummy data.
[2025-03-30T11:17:12.639+0000] {inout_data.py:78} INFO - MariaDB connection closed.
[2025-03-30T11:17:12.640+0000] {python.py:202} INFO - Done. Returned value was: None
[2025-03-30T11:17:12.672+0000] {taskinstance.py:1149} INFO - Marking task as SUCCESS. dag_id=inout_data_ingestion, task_id=ingest_dummy_data, execution_date=20241002T073000, start_date=20250330T111712, end_date=20250330T111712
[2025-03-30T11:17:12.758+0000] {local_task_job_runner.py:234} INFO - Task exited with return code 0
[2025-03-30T11:17:12.844+0000] {taskinstance.py:3309} INFO - 0 downstream tasks scheduled from follow-on schedule check
[2025-03-30T11:29:39.012+0000] {taskinstance.py:1979} INFO - Dependencies all met for dep_context=non-requeueable deps ti=<TaskInstance: inout_data_ingestion.ingest_dummy_data scheduled__2024-10-02T07:30:00+00:00 [queued]>
[2025-03-30T11:29:39.023+0000] {taskinstance.py:1979} INFO - Dependencies all met for dep_context=requeueable deps ti=<TaskInstance: inout_data_ingestion.ingest_dummy_data scheduled__2024-10-02T07:30:00+00:00 [queued]>
[2025-03-30T11:29:39.025+0000] {taskinstance.py:2193} INFO - Starting attempt 1 of 2
[2025-03-30T11:29:39.049+0000] {taskinstance.py:2214} INFO - Executing <Task(PythonOperator): ingest_dummy_data> on 2024-10-02 07:30:00+00:00
[2025-03-30T11:29:39.054+0000] {standard_task_runner.py:60} INFO - Started process 4524 to run task
[2025-03-30T11:29:39.066+0000] {standard_task_runner.py:87} INFO - Running: ['***', 'tasks', 'run', 'inout_data_ingestion', 'ingest_dummy_data', 'scheduled__2024-10-02T07:30:00+00:00', '--job-id', '2235', '--raw', '--subdir', 'DAGS_FOLDER/inout_data.py', '--cfg-path', '/tmp/tmpqs283yd4']
[2025-03-30T11:29:39.070+0000] {standard_task_runner.py:88} INFO - Job 2235: Subtask ingest_dummy_data
[2025-03-30T11:29:39.094+0000] {warnings.py:109} WARNING - /home/***/.local/lib/python3.8/site-packages/***/settings.py:194: DeprecationWarning: The sql_alchemy_conn option in [core] has been moved to the sql_alchemy_conn option in [database] - the old setting has been used, but please update your config.
  SQL_ALCHEMY_CONN = conf.get("database", "SQL_ALCHEMY_CONN")

[2025-03-30T11:29:39.144+0000] {task_command.py:423} INFO - Running <TaskInstance: inout_data_ingestion.ingest_dummy_data scheduled__2024-10-02T07:30:00+00:00 [running]> on host ff9d64b065e6
[2025-03-30T11:29:39.248+0000] {taskinstance.py:2510} INFO - Exporting env vars: AIRFLOW_CTX_DAG_OWNER='***' AIRFLOW_CTX_DAG_ID='inout_data_ingestion' AIRFLOW_CTX_TASK_ID='ingest_dummy_data' AIRFLOW_CTX_EXECUTION_DATE='2024-10-02T07:30:00+00:00' AIRFLOW_CTX_TRY_NUMBER='1' AIRFLOW_CTX_DAG_RUN_ID='scheduled__2024-10-02T07:30:00+00:00'
[2025-03-30T11:29:39.259+0000] {logging_mixin.py:188} INFO - Successfully connected to MariaDB: INOUT on mariadb:3306
[2025-03-30T11:29:39.261+0000] {logging_mixin.py:188} INFO - General error executing query: not all arguments converted during string formatting
[2025-03-30T11:29:39.262+0000] {logging_mixin.py:188} INFO - General error executing query: not all arguments converted during string formatting
[2025-03-30T11:29:39.263+0000] {logging_mixin.py:188} INFO - General error executing query: not all arguments converted during string formatting
[2025-03-30T11:29:39.264+0000] {logging_mixin.py:188} INFO - General error executing query: not all arguments converted during string formatting
[2025-03-30T11:29:39.265+0000] {logging_mixin.py:188} INFO - General error executing query: not all arguments converted during string formatting
[2025-03-30T11:29:39.269+0000] {logging_mixin.py:188} INFO - General error executing query: not all arguments converted during string formatting
[2025-03-30T11:29:39.270+0000] {logging_mixin.py:188} INFO - General error executing query: not all arguments converted during string formatting
[2025-03-30T11:29:39.270+0000] {logging_mixin.py:188} INFO - General error executing query: not all arguments converted during string formatting
[2025-03-30T11:29:39.271+0000] {logging_mixin.py:188} INFO - General error executing query: not all arguments converted during string formatting
[2025-03-30T11:29:39.271+0000] {logging_mixin.py:188} INFO - General error executing query: not all arguments converted during string formatting
[2025-03-30T11:29:39.271+0000] {logging_mixin.py:188} INFO - General error executing query: not all arguments converted during string formatting
[2025-03-30T11:29:39.272+0000] {logging_mixin.py:188} INFO - General error executing query: not all arguments converted during string formatting
[2025-03-30T11:29:39.273+0000] {logging_mixin.py:188} INFO - General error executing query: not all arguments converted during string formatting
[2025-03-30T11:29:39.275+0000] {logging_mixin.py:188} INFO - General error executing query: not all arguments converted during string formatting
[2025-03-30T11:29:39.277+0000] {inout_data.py:87} INFO - Ingested 14 rows of dummy data for 2024-10-02 07:30:00+00:00.
[2025-03-30T11:29:39.278+0000] {logging_mixin.py:188} INFO - MariaDB connection closed.
[2025-03-30T11:29:39.278+0000] {python.py:202} INFO - Done. Returned value was: None
[2025-03-30T11:29:39.300+0000] {taskinstance.py:1149} INFO - Marking task as SUCCESS. dag_id=inout_data_ingestion, task_id=ingest_dummy_data, execution_date=20241002T073000, start_date=20250330T112939, end_date=20250330T112939
[2025-03-30T11:29:39.367+0000] {local_task_job_runner.py:234} INFO - Task exited with return code 0
[2025-03-30T11:29:39.387+0000] {taskinstance.py:3309} INFO - 0 downstream tasks scheduled from follow-on schedule check
[2025-03-30T11:34:32.976+0000] {taskinstance.py:1979} INFO - Dependencies all met for dep_context=non-requeueable deps ti=<TaskInstance: inout_data_ingestion.ingest_dummy_data scheduled__2024-10-02T07:30:00+00:00 [queued]>
[2025-03-30T11:34:32.989+0000] {taskinstance.py:1979} INFO - Dependencies all met for dep_context=requeueable deps ti=<TaskInstance: inout_data_ingestion.ingest_dummy_data scheduled__2024-10-02T07:30:00+00:00 [queued]>
[2025-03-30T11:34:32.991+0000] {taskinstance.py:2193} INFO - Starting attempt 1 of 2
[2025-03-30T11:34:33.004+0000] {taskinstance.py:2214} INFO - Executing <Task(PythonOperator): ingest_dummy_data> on 2024-10-02 07:30:00+00:00
[2025-03-30T11:34:33.010+0000] {standard_task_runner.py:60} INFO - Started process 5978 to run task
[2025-03-30T11:34:33.016+0000] {standard_task_runner.py:87} INFO - Running: ['***', 'tasks', 'run', 'inout_data_ingestion', 'ingest_dummy_data', 'scheduled__2024-10-02T07:30:00+00:00', '--job-id', '2963', '--raw', '--subdir', 'DAGS_FOLDER/inout_data.py', '--cfg-path', '/tmp/tmp75yw_x4e']
[2025-03-30T11:34:33.019+0000] {standard_task_runner.py:88} INFO - Job 2963: Subtask ingest_dummy_data
[2025-03-30T11:34:33.043+0000] {warnings.py:109} WARNING - /home/***/.local/lib/python3.8/site-packages/***/settings.py:194: DeprecationWarning: The sql_alchemy_conn option in [core] has been moved to the sql_alchemy_conn option in [database] - the old setting has been used, but please update your config.
  SQL_ALCHEMY_CONN = conf.get("database", "SQL_ALCHEMY_CONN")

[2025-03-30T11:34:33.125+0000] {task_command.py:423} INFO - Running <TaskInstance: inout_data_ingestion.ingest_dummy_data scheduled__2024-10-02T07:30:00+00:00 [running]> on host ff9d64b065e6
[2025-03-30T11:34:33.214+0000] {taskinstance.py:2510} INFO - Exporting env vars: AIRFLOW_CTX_DAG_OWNER='***' AIRFLOW_CTX_DAG_ID='inout_data_ingestion' AIRFLOW_CTX_TASK_ID='ingest_dummy_data' AIRFLOW_CTX_EXECUTION_DATE='2024-10-02T07:30:00+00:00' AIRFLOW_CTX_TRY_NUMBER='1' AIRFLOW_CTX_DAG_RUN_ID='scheduled__2024-10-02T07:30:00+00:00'
[2025-03-30T11:34:33.226+0000] {logging_mixin.py:188} INFO - Successfully connected to MariaDB: INOUT on mariadb:3306
[2025-03-30T11:34:33.228+0000] {inout_data.py:83} INFO - {'ingested_time': datetime.datetime(2025, 3, 30, 11, 34, 33, 228827), 'timestamp': datetime.datetime(2024, 10, 2, 7, 39, tzinfo=datetime.timezone.utc), 'emp_id': 3720, 'employee_name': 'Employee54', 'factory': 'FactoryB', 'in_out': 'OUT', 'entrance': 'Side', 'door_number': '4', 'function': 'IT', 'division': 'BSID', 'department': 'HRSD', 'section': '2'}
[2025-03-30T11:34:33.231+0000] {logging_mixin.py:188} INFO - General error executing query: not all arguments converted during string formatting
[2025-03-30T11:34:33.238+0000] {inout_data.py:83} INFO - {'ingested_time': datetime.datetime(2025, 3, 30, 11, 34, 33, 238408), 'timestamp': datetime.datetime(2024, 10, 2, 7, 52, tzinfo=datetime.timezone.utc), 'emp_id': 4033, 'employee_name': 'Employee1', 'factory': 'FactoryA', 'in_out': 'OUT', 'entrance': 'Main', 'door_number': '10', 'function': 'IT', 'division': 'AAPD', 'department': 'ML', 'section': '1'}
[2025-03-30T11:34:33.239+0000] {logging_mixin.py:188} INFO - General error executing query: not all arguments converted during string formatting
[2025-03-30T11:34:33.241+0000] {inout_data.py:83} INFO - {'ingested_time': datetime.datetime(2025, 3, 30, 11, 34, 33, 241004), 'timestamp': datetime.datetime(2024, 10, 2, 7, 47, tzinfo=datetime.timezone.utc), 'emp_id': 7284, 'employee_name': 'Employee12', 'factory': 'FactoryA', 'in_out': 'OUT', 'entrance': 'Main', 'door_number': '5', 'function': 'IT', 'division': 'AAPD', 'department': 'ML', 'section': '1'}
[2025-03-30T11:34:33.245+0000] {logging_mixin.py:188} INFO - General error executing query: not all arguments converted during string formatting
[2025-03-30T11:34:33.245+0000] {inout_data.py:83} INFO - {'ingested_time': datetime.datetime(2025, 3, 30, 11, 34, 33, 245940), 'timestamp': datetime.datetime(2024, 10, 2, 7, 42, tzinfo=datetime.timezone.utc), 'emp_id': 4385, 'employee_name': 'Employee84', 'factory': 'FactoryB', 'in_out': 'OUT', 'entrance': 'Main', 'door_number': '3', 'function': 'IT', 'division': 'AAPD', 'department': 'ML', 'section': '2'}
[2025-03-30T11:34:33.246+0000] {logging_mixin.py:188} INFO - General error executing query: not all arguments converted during string formatting
[2025-03-30T11:34:33.246+0000] {inout_data.py:83} INFO - {'ingested_time': datetime.datetime(2025, 3, 30, 11, 34, 33, 246709), 'timestamp': datetime.datetime(2024, 10, 2, 7, 32, tzinfo=datetime.timezone.utc), 'emp_id': 1924, 'employee_name': 'Employee86', 'factory': 'FactoryB', 'in_out': 'OUT', 'entrance': 'Main', 'door_number': '8', 'function': 'IT', 'division': 'AAPD', 'department': 'CAPD', 'section': '2'}
[2025-03-30T11:34:33.250+0000] {logging_mixin.py:188} INFO - General error executing query: not all arguments converted during string formatting
[2025-03-30T11:34:33.250+0000] {inout_data.py:83} INFO - {'ingested_time': datetime.datetime(2025, 3, 30, 11, 34, 33, 250918), 'timestamp': datetime.datetime(2024, 10, 2, 7, 57, tzinfo=datetime.timezone.utc), 'emp_id': 1622, 'employee_name': 'Employee55', 'factory': 'FactoryB', 'in_out': 'OUT', 'entrance': 'Main', 'door_number': '5', 'function': 'IT', 'division': 'BSID', 'department': 'ML', 'section': '2'}
[2025-03-30T11:34:33.251+0000] {logging_mixin.py:188} INFO - General error executing query: not all arguments converted during string formatting
[2025-03-30T11:34:33.251+0000] {inout_data.py:83} INFO - {'ingested_time': datetime.datetime(2025, 3, 30, 11, 34, 33, 251917), 'timestamp': datetime.datetime(2024, 10, 2, 7, 39, tzinfo=datetime.timezone.utc), 'emp_id': 1541, 'employee_name': 'Employee30', 'factory': 'FactoryB', 'in_out': 'OUT', 'entrance': 'Main', 'door_number': '8', 'function': 'IT', 'division': 'BSID', 'department': 'ML', 'section': '1'}
[2025-03-30T11:34:33.252+0000] {logging_mixin.py:188} INFO - General error executing query: not all arguments converted during string formatting
[2025-03-30T11:34:33.252+0000] {inout_data.py:83} INFO - {'ingested_time': datetime.datetime(2025, 3, 30, 11, 34, 33, 252688), 'timestamp': datetime.datetime(2024, 10, 2, 7, 42, tzinfo=datetime.timezone.utc), 'emp_id': 4769, 'employee_name': 'Employee74', 'factory': 'FactoryB', 'in_out': 'OUT', 'entrance': 'Side', 'door_number': '4', 'function': 'IT', 'division': 'BSID', 'department': 'CAPD', 'section': '2'}
[2025-03-30T11:34:33.254+0000] {logging_mixin.py:188} INFO - General error executing query: not all arguments converted during string formatting
[2025-03-30T11:34:33.257+0000] {inout_data.py:83} INFO - {'ingested_time': datetime.datetime(2025, 3, 30, 11, 34, 33, 257591), 'timestamp': datetime.datetime(2024, 10, 2, 7, 32, tzinfo=datetime.timezone.utc), 'emp_id': 4180, 'employee_name': 'Employee63', 'factory': 'FactoryA', 'in_out': 'IN', 'entrance': 'Main', 'door_number': '3', 'function': 'IT', 'division': 'AAPD', 'department': 'ML', 'section': '2'}
[2025-03-30T11:34:33.264+0000] {logging_mixin.py:188} INFO - General error executing query: not all arguments converted during string formatting
[2025-03-30T11:34:33.267+0000] {inout_data.py:83} INFO - {'ingested_time': datetime.datetime(2025, 3, 30, 11, 34, 33, 267631), 'timestamp': datetime.datetime(2024, 10, 2, 7, 31, tzinfo=datetime.timezone.utc), 'emp_id': 9257, 'employee_name': 'Employee13', 'factory': 'FactoryA', 'in_out': 'IN', 'entrance': 'Side', 'door_number': '8', 'function': 'IT', 'division': 'BSID', 'department': 'CAPD', 'section': '2'}
[2025-03-30T11:34:33.270+0000] {logging_mixin.py:188} INFO - General error executing query: not all arguments converted during string formatting
[2025-03-30T11:34:33.271+0000] {inout_data.py:83} INFO - {'ingested_time': datetime.datetime(2025, 3, 30, 11, 34, 33, 271141), 'timestamp': datetime.datetime(2024, 10, 2, 7, 41, tzinfo=datetime.timezone.utc), 'emp_id': 8813, 'employee_name': 'Employee72', 'factory': 'FactoryA', 'in_out': 'OUT', 'entrance': 'Side', 'door_number': '6', 'function': 'IT', 'division': 'BSID', 'department': 'ML', 'section': '2'}
[2025-03-30T11:34:33.274+0000] {logging_mixin.py:188} INFO - General error executing query: not all arguments converted during string formatting
[2025-03-30T11:34:33.276+0000] {inout_data.py:83} INFO - {'ingested_time': datetime.datetime(2025, 3, 30, 11, 34, 33, 276192), 'timestamp': datetime.datetime(2024, 10, 2, 7, 50, tzinfo=datetime.timezone.utc), 'emp_id': 6349, 'employee_name': 'Employee33', 'factory': 'FactoryA', 'in_out': 'OUT', 'entrance': 'Side', 'door_number': '6', 'function': 'IT', 'division': 'BSID', 'department': 'HRSD', 'section': '1'}
[2025-03-30T11:34:33.278+0000] {logging_mixin.py:188} INFO - General error executing query: not all arguments converted during string formatting
[2025-03-30T11:34:33.282+0000] {inout_data.py:83} INFO - {'ingested_time': datetime.datetime(2025, 3, 30, 11, 34, 33, 282265), 'timestamp': datetime.datetime(2024, 10, 2, 7, 51, tzinfo=datetime.timezone.utc), 'emp_id': 3917, 'employee_name': 'Employee12', 'factory': 'FactoryB', 'in_out': 'IN', 'entrance': 'Main', 'door_number': '8', 'function': 'IT', 'division': 'BSID', 'department': 'ML', 'section': '2'}
[2025-03-30T11:34:33.284+0000] {logging_mixin.py:188} INFO - General error executing query: not all arguments converted during string formatting
[2025-03-30T11:34:33.285+0000] {inout_data.py:88} INFO - Ingested 13 rows of dummy data for 2024-10-02 07:30:00+00:00.
[2025-03-30T11:34:33.286+0000] {logging_mixin.py:188} INFO - MariaDB connection closed.
[2025-03-30T11:34:33.287+0000] {python.py:202} INFO - Done. Returned value was: None
[2025-03-30T11:34:33.322+0000] {taskinstance.py:1149} INFO - Marking task as SUCCESS. dag_id=inout_data_ingestion, task_id=ingest_dummy_data, execution_date=20241002T073000, start_date=20250330T113432, end_date=20250330T113433
[2025-03-30T11:34:33.368+0000] {local_task_job_runner.py:234} INFO - Task exited with return code 0
[2025-03-30T11:34:33.405+0000] {taskinstance.py:3309} INFO - 0 downstream tasks scheduled from follow-on schedule check
[2025-03-30T11:42:12.910+0000] {taskinstance.py:1979} INFO - Dependencies all met for dep_context=non-requeueable deps ti=<TaskInstance: inout_data_ingestion.ingest_dummy_data scheduled__2024-10-02T07:30:00+00:00 [queued]>
[2025-03-30T11:42:12.921+0000] {taskinstance.py:1979} INFO - Dependencies all met for dep_context=requeueable deps ti=<TaskInstance: inout_data_ingestion.ingest_dummy_data scheduled__2024-10-02T07:30:00+00:00 [queued]>
[2025-03-30T11:42:12.922+0000] {taskinstance.py:2193} INFO - Starting attempt 1 of 2
[2025-03-30T11:42:12.933+0000] {taskinstance.py:2214} INFO - Executing <Task(PythonOperator): ingest_dummy_data> on 2024-10-02 07:30:00+00:00
[2025-03-30T11:42:12.943+0000] {standard_task_runner.py:60} INFO - Started process 7314 to run task
[2025-03-30T11:42:12.949+0000] {standard_task_runner.py:87} INFO - Running: ['***', 'tasks', 'run', 'inout_data_ingestion', 'ingest_dummy_data', 'scheduled__2024-10-02T07:30:00+00:00', '--job-id', '3633', '--raw', '--subdir', 'DAGS_FOLDER/inout_data.py', '--cfg-path', '/tmp/tmpsnk424d2']
[2025-03-30T11:42:12.951+0000] {standard_task_runner.py:88} INFO - Job 3633: Subtask ingest_dummy_data
[2025-03-30T11:42:12.970+0000] {warnings.py:109} WARNING - /home/***/.local/lib/python3.8/site-packages/***/settings.py:194: DeprecationWarning: The sql_alchemy_conn option in [core] has been moved to the sql_alchemy_conn option in [database] - the old setting has been used, but please update your config.
  SQL_ALCHEMY_CONN = conf.get("database", "SQL_ALCHEMY_CONN")

[2025-03-30T11:42:13.005+0000] {task_command.py:423} INFO - Running <TaskInstance: inout_data_ingestion.ingest_dummy_data scheduled__2024-10-02T07:30:00+00:00 [running]> on host ff9d64b065e6
[2025-03-30T11:42:13.051+0000] {taskinstance.py:2510} INFO - Exporting env vars: AIRFLOW_CTX_DAG_OWNER='***' AIRFLOW_CTX_DAG_ID='inout_data_ingestion' AIRFLOW_CTX_TASK_ID='ingest_dummy_data' AIRFLOW_CTX_EXECUTION_DATE='2024-10-02T07:30:00+00:00' AIRFLOW_CTX_TRY_NUMBER='1' AIRFLOW_CTX_DAG_RUN_ID='scheduled__2024-10-02T07:30:00+00:00'
[2025-03-30T11:42:13.052+0000] {taskinstance.py:2728} ERROR - Task failed with exception
Traceback (most recent call last):
  File "/home/airflow/.local/lib/python3.8/site-packages/airflow/models/taskinstance.py", line 444, in _execute_task
    result = _execute_callable(context=context, **execute_callable_kwargs)
  File "/home/airflow/.local/lib/python3.8/site-packages/airflow/models/taskinstance.py", line 414, in _execute_callable
    return execute_callable(context=context, **execute_callable_kwargs)
  File "/home/airflow/.local/lib/python3.8/site-packages/airflow/operators/python.py", line 200, in execute
    return_value = self.execute_callable()
  File "/home/airflow/.local/lib/python3.8/site-packages/airflow/operators/python.py", line 217, in execute_callable
    return self.python_callable(*self.op_args, **self.op_kwargs)
  File "/opt/airflow/dags/inout_data.py", line 77, in ingest_dummy_data
    dao = MariaDBDAO(CONFIG_FILE, CONN_ID)
TypeError: MariaDBDAO() takes no arguments
[2025-03-30T11:42:13.055+0000] {taskinstance.py:1149} INFO - Marking task as UP_FOR_RETRY. dag_id=inout_data_ingestion, task_id=ingest_dummy_data, execution_date=20241002T073000, start_date=20250330T114212, end_date=20250330T114213
[2025-03-30T11:42:13.063+0000] {standard_task_runner.py:107} ERROR - Failed to execute job 3633 for task ingest_dummy_data (MariaDBDAO() takes no arguments; 7314)
[2025-03-30T11:42:13.090+0000] {local_task_job_runner.py:234} INFO - Task exited with return code 1
[2025-03-30T11:42:13.106+0000] {taskinstance.py:3309} INFO - 0 downstream tasks scheduled from follow-on schedule check
