[2025-03-30T11:10:24.650+0000] {taskinstance.py:1979} INFO - Dependencies all met for dep_context=non-requeueable deps ti=<TaskInstance: inout_data_ingestion.create_table scheduled__2024-10-02T01:30:00+00:00 [queued]>
[2025-03-30T11:10:24.660+0000] {taskinstance.py:1979} INFO - Dependencies all met for dep_context=requeueable deps ti=<TaskInstance: inout_data_ingestion.create_table scheduled__2024-10-02T01:30:00+00:00 [queued]>
[2025-03-30T11:10:24.660+0000] {taskinstance.py:2193} INFO - Starting attempt 1 of 2
[2025-03-30T11:10:24.674+0000] {taskinstance.py:2214} INFO - Executing <Task(PythonOperator): create_table> on 2024-10-02 01:30:00+00:00
[2025-03-30T11:10:24.678+0000] {standard_task_runner.py:60} INFO - Started process 682 to run task
[2025-03-30T11:10:24.682+0000] {standard_task_runner.py:87} INFO - Running: ['***', 'tasks', 'run', 'inout_data_ingestion', 'create_table', 'scheduled__2024-10-02T01:30:00+00:00', '--job-id', '315', '--raw', '--subdir', 'DAGS_FOLDER/inout_data.py', '--cfg-path', '/tmp/tmp8nhzyvb7']
[2025-03-30T11:10:24.685+0000] {standard_task_runner.py:88} INFO - Job 315: Subtask create_table
[2025-03-30T11:10:24.705+0000] {warnings.py:109} WARNING - /home/***/.local/lib/python3.8/site-packages/***/settings.py:194: DeprecationWarning: The sql_alchemy_conn option in [core] has been moved to the sql_alchemy_conn option in [database] - the old setting has been used, but please update your config.
  SQL_ALCHEMY_CONN = conf.get("database", "SQL_ALCHEMY_CONN")

[2025-03-30T11:10:24.746+0000] {task_command.py:423} INFO - Running <TaskInstance: inout_data_ingestion.create_table scheduled__2024-10-02T01:30:00+00:00 [running]> on host ff9d64b065e6
[2025-03-30T11:10:24.853+0000] {taskinstance.py:2510} INFO - Exporting env vars: AIRFLOW_CTX_DAG_OWNER='***' AIRFLOW_CTX_DAG_ID='inout_data_ingestion' AIRFLOW_CTX_TASK_ID='create_table' AIRFLOW_CTX_EXECUTION_DATE='2024-10-02T01:30:00+00:00' AIRFLOW_CTX_TRY_NUMBER='1' AIRFLOW_CTX_DAG_RUN_ID='scheduled__2024-10-02T01:30:00+00:00'
[2025-03-30T11:10:24.864+0000] {inout_data.py:42} INFO - Successfully connected to MariaDB: INOUT on mariadb:3306
[2025-03-30T11:10:24.866+0000] {inout_data.py:124} INFO - Table emp_inout_rec created (if it didn't exist).
[2025-03-30T11:10:24.866+0000] {inout_data.py:78} INFO - MariaDB connection closed.
[2025-03-30T11:10:24.867+0000] {python.py:202} INFO - Done. Returned value was: None
[2025-03-30T11:10:24.883+0000] {taskinstance.py:1149} INFO - Marking task as SUCCESS. dag_id=inout_data_ingestion, task_id=create_table, execution_date=20241002T013000, start_date=20250330T111024, end_date=20250330T111024
[2025-03-30T11:10:24.943+0000] {local_task_job_runner.py:234} INFO - Task exited with return code 0
[2025-03-30T11:10:24.965+0000] {taskinstance.py:3309} INFO - 1 downstream tasks scheduled from follow-on schedule check
[2025-03-30T11:16:59.771+0000] {taskinstance.py:1979} INFO - Dependencies all met for dep_context=non-requeueable deps ti=<TaskInstance: inout_data_ingestion.create_table scheduled__2024-10-02T01:30:00+00:00 [queued]>
[2025-03-30T11:16:59.779+0000] {taskinstance.py:1979} INFO - Dependencies all met for dep_context=requeueable deps ti=<TaskInstance: inout_data_ingestion.create_table scheduled__2024-10-02T01:30:00+00:00 [queued]>
[2025-03-30T11:16:59.779+0000] {taskinstance.py:2193} INFO - Starting attempt 1 of 2
[2025-03-30T11:16:59.793+0000] {taskinstance.py:2214} INFO - Executing <Task(PythonOperator): create_table> on 2024-10-02 01:30:00+00:00
[2025-03-30T11:16:59.797+0000] {standard_task_runner.py:60} INFO - Started process 2538 to run task
[2025-03-30T11:16:59.807+0000] {standard_task_runner.py:87} INFO - Running: ['***', 'tasks', 'run', 'inout_data_ingestion', 'create_table', 'scheduled__2024-10-02T01:30:00+00:00', '--job-id', '1244', '--raw', '--subdir', 'DAGS_FOLDER/inout_data.py', '--cfg-path', '/tmp/tmp5pz6pb_w']
[2025-03-30T11:16:59.809+0000] {standard_task_runner.py:88} INFO - Job 1244: Subtask create_table
[2025-03-30T11:16:59.824+0000] {warnings.py:109} WARNING - /home/***/.local/lib/python3.8/site-packages/***/settings.py:194: DeprecationWarning: The sql_alchemy_conn option in [core] has been moved to the sql_alchemy_conn option in [database] - the old setting has been used, but please update your config.
  SQL_ALCHEMY_CONN = conf.get("database", "SQL_ALCHEMY_CONN")

[2025-03-30T11:16:59.867+0000] {task_command.py:423} INFO - Running <TaskInstance: inout_data_ingestion.create_table scheduled__2024-10-02T01:30:00+00:00 [running]> on host ff9d64b065e6
[2025-03-30T11:16:59.920+0000] {taskinstance.py:2510} INFO - Exporting env vars: AIRFLOW_CTX_DAG_OWNER='***' AIRFLOW_CTX_DAG_ID='inout_data_ingestion' AIRFLOW_CTX_TASK_ID='create_table' AIRFLOW_CTX_EXECUTION_DATE='2024-10-02T01:30:00+00:00' AIRFLOW_CTX_TRY_NUMBER='1' AIRFLOW_CTX_DAG_RUN_ID='scheduled__2024-10-02T01:30:00+00:00'
[2025-03-30T11:16:59.922+0000] {inout_data.py:42} INFO - Successfully connected to MariaDB: INOUT on mariadb:3306
[2025-03-30T11:16:59.922+0000] {inout_data.py:117} INFO - Table emp_inout_rec created (if it didn't exist).
[2025-03-30T11:16:59.922+0000] {inout_data.py:78} INFO - MariaDB connection closed.
[2025-03-30T11:16:59.922+0000] {python.py:202} INFO - Done. Returned value was: None
[2025-03-30T11:16:59.926+0000] {taskinstance.py:1149} INFO - Marking task as SUCCESS. dag_id=inout_data_ingestion, task_id=create_table, execution_date=20241002T013000, start_date=20250330T111659, end_date=20250330T111659
[2025-03-30T11:16:59.945+0000] {local_task_job_runner.py:234} INFO - Task exited with return code 0
[2025-03-30T11:16:59.958+0000] {taskinstance.py:3309} INFO - 1 downstream tasks scheduled from follow-on schedule check
[2025-03-30T11:29:31.191+0000] {taskinstance.py:1979} INFO - Dependencies all met for dep_context=non-requeueable deps ti=<TaskInstance: inout_data_ingestion.create_table scheduled__2024-10-02T01:30:00+00:00 [queued]>
[2025-03-30T11:29:31.200+0000] {taskinstance.py:1979} INFO - Dependencies all met for dep_context=requeueable deps ti=<TaskInstance: inout_data_ingestion.create_table scheduled__2024-10-02T01:30:00+00:00 [queued]>
[2025-03-30T11:29:31.200+0000] {taskinstance.py:2193} INFO - Starting attempt 1 of 2
[2025-03-30T11:29:31.212+0000] {taskinstance.py:2214} INFO - Executing <Task(PythonOperator): create_table> on 2024-10-02 01:30:00+00:00
[2025-03-30T11:29:31.218+0000] {standard_task_runner.py:60} INFO - Started process 4457 to run task
[2025-03-30T11:29:31.221+0000] {standard_task_runner.py:87} INFO - Running: ['***', 'tasks', 'run', 'inout_data_ingestion', 'create_table', 'scheduled__2024-10-02T01:30:00+00:00', '--job-id', '2203', '--raw', '--subdir', 'DAGS_FOLDER/inout_data.py', '--cfg-path', '/tmp/tmpcfy15_7v']
[2025-03-30T11:29:31.222+0000] {standard_task_runner.py:88} INFO - Job 2203: Subtask create_table
[2025-03-30T11:29:31.231+0000] {warnings.py:109} WARNING - /home/***/.local/lib/python3.8/site-packages/***/settings.py:194: DeprecationWarning: The sql_alchemy_conn option in [core] has been moved to the sql_alchemy_conn option in [database] - the old setting has been used, but please update your config.
  SQL_ALCHEMY_CONN = conf.get("database", "SQL_ALCHEMY_CONN")

[2025-03-30T11:29:31.260+0000] {task_command.py:423} INFO - Running <TaskInstance: inout_data_ingestion.create_table scheduled__2024-10-02T01:30:00+00:00 [running]> on host ff9d64b065e6
[2025-03-30T11:29:31.322+0000] {taskinstance.py:2510} INFO - Exporting env vars: AIRFLOW_CTX_DAG_OWNER='***' AIRFLOW_CTX_DAG_ID='inout_data_ingestion' AIRFLOW_CTX_TASK_ID='create_table' AIRFLOW_CTX_EXECUTION_DATE='2024-10-02T01:30:00+00:00' AIRFLOW_CTX_TRY_NUMBER='1' AIRFLOW_CTX_DAG_RUN_ID='scheduled__2024-10-02T01:30:00+00:00'
[2025-03-30T11:29:31.327+0000] {logging_mixin.py:188} INFO - Successfully connected to MariaDB: INOUT on mariadb:3306
[2025-03-30T11:29:31.329+0000] {inout_data.py:46} INFO - Table emp_inout_rec created (if it didn't exist).
[2025-03-30T11:29:31.329+0000] {logging_mixin.py:188} INFO - MariaDB connection closed.
[2025-03-30T11:29:31.330+0000] {python.py:202} INFO - Done. Returned value was: None
[2025-03-30T11:29:31.338+0000] {taskinstance.py:1149} INFO - Marking task as SUCCESS. dag_id=inout_data_ingestion, task_id=create_table, execution_date=20241002T013000, start_date=20250330T112931, end_date=20250330T112931
[2025-03-30T11:29:31.360+0000] {local_task_job_runner.py:234} INFO - Task exited with return code 0
[2025-03-30T11:29:31.384+0000] {taskinstance.py:3309} INFO - 1 downstream tasks scheduled from follow-on schedule check
[2025-03-30T11:34:21.908+0000] {taskinstance.py:1979} INFO - Dependencies all met for dep_context=non-requeueable deps ti=<TaskInstance: inout_data_ingestion.create_table scheduled__2024-10-02T01:30:00+00:00 [queued]>
[2025-03-30T11:34:21.926+0000] {taskinstance.py:1979} INFO - Dependencies all met for dep_context=requeueable deps ti=<TaskInstance: inout_data_ingestion.create_table scheduled__2024-10-02T01:30:00+00:00 [queued]>
[2025-03-30T11:34:21.927+0000] {taskinstance.py:2193} INFO - Starting attempt 1 of 2
[2025-03-30T11:34:21.952+0000] {taskinstance.py:2214} INFO - Executing <Task(PythonOperator): create_table> on 2024-10-02 01:30:00+00:00
[2025-03-30T11:34:21.957+0000] {standard_task_runner.py:60} INFO - Started process 5912 to run task
[2025-03-30T11:34:21.961+0000] {standard_task_runner.py:87} INFO - Running: ['***', 'tasks', 'run', 'inout_data_ingestion', 'create_table', 'scheduled__2024-10-02T01:30:00+00:00', '--job-id', '2930', '--raw', '--subdir', 'DAGS_FOLDER/inout_data.py', '--cfg-path', '/tmp/tmp75qs7tgy']
[2025-03-30T11:34:21.962+0000] {standard_task_runner.py:88} INFO - Job 2930: Subtask create_table
[2025-03-30T11:34:21.984+0000] {warnings.py:109} WARNING - /home/***/.local/lib/python3.8/site-packages/***/settings.py:194: DeprecationWarning: The sql_alchemy_conn option in [core] has been moved to the sql_alchemy_conn option in [database] - the old setting has been used, but please update your config.
  SQL_ALCHEMY_CONN = conf.get("database", "SQL_ALCHEMY_CONN")

[2025-03-30T11:34:22.046+0000] {task_command.py:423} INFO - Running <TaskInstance: inout_data_ingestion.create_table scheduled__2024-10-02T01:30:00+00:00 [running]> on host ff9d64b065e6
[2025-03-30T11:34:22.125+0000] {taskinstance.py:2510} INFO - Exporting env vars: AIRFLOW_CTX_DAG_OWNER='***' AIRFLOW_CTX_DAG_ID='inout_data_ingestion' AIRFLOW_CTX_TASK_ID='create_table' AIRFLOW_CTX_EXECUTION_DATE='2024-10-02T01:30:00+00:00' AIRFLOW_CTX_TRY_NUMBER='1' AIRFLOW_CTX_DAG_RUN_ID='scheduled__2024-10-02T01:30:00+00:00'
[2025-03-30T11:34:22.132+0000] {logging_mixin.py:188} INFO - Successfully connected to MariaDB: INOUT on mariadb:3306
[2025-03-30T11:34:22.135+0000] {inout_data.py:46} INFO - Table emp_inout_rec created (if it didn't exist).
[2025-03-30T11:34:22.136+0000] {logging_mixin.py:188} INFO - MariaDB connection closed.
[2025-03-30T11:34:22.137+0000] {python.py:202} INFO - Done. Returned value was: None
[2025-03-30T11:34:22.157+0000] {taskinstance.py:1149} INFO - Marking task as SUCCESS. dag_id=inout_data_ingestion, task_id=create_table, execution_date=20241002T013000, start_date=20250330T113421, end_date=20250330T113422
[2025-03-30T11:34:22.229+0000] {local_task_job_runner.py:234} INFO - Task exited with return code 0
[2025-03-30T11:34:22.276+0000] {taskinstance.py:3309} INFO - 1 downstream tasks scheduled from follow-on schedule check
[2025-03-30T11:41:58.943+0000] {taskinstance.py:1979} INFO - Dependencies all met for dep_context=non-requeueable deps ti=<TaskInstance: inout_data_ingestion.create_table scheduled__2024-10-02T01:30:00+00:00 [queued]>
[2025-03-30T11:41:58.958+0000] {taskinstance.py:1979} INFO - Dependencies all met for dep_context=requeueable deps ti=<TaskInstance: inout_data_ingestion.create_table scheduled__2024-10-02T01:30:00+00:00 [queued]>
[2025-03-30T11:41:58.960+0000] {taskinstance.py:2193} INFO - Starting attempt 1 of 2
[2025-03-30T11:41:58.975+0000] {taskinstance.py:2214} INFO - Executing <Task(PythonOperator): create_table> on 2024-10-02 01:30:00+00:00
[2025-03-30T11:41:58.983+0000] {standard_task_runner.py:60} INFO - Started process 7254 to run task
[2025-03-30T11:41:58.989+0000] {standard_task_runner.py:87} INFO - Running: ['***', 'tasks', 'run', 'inout_data_ingestion', 'create_table', 'scheduled__2024-10-02T01:30:00+00:00', '--job-id', '3602', '--raw', '--subdir', 'DAGS_FOLDER/inout_data.py', '--cfg-path', '/tmp/tmpmpkmcqc5']
[2025-03-30T11:41:58.995+0000] {standard_task_runner.py:88} INFO - Job 3602: Subtask create_table
[2025-03-30T11:41:59.015+0000] {warnings.py:109} WARNING - /home/***/.local/lib/python3.8/site-packages/***/settings.py:194: DeprecationWarning: The sql_alchemy_conn option in [core] has been moved to the sql_alchemy_conn option in [database] - the old setting has been used, but please update your config.
  SQL_ALCHEMY_CONN = conf.get("database", "SQL_ALCHEMY_CONN")

[2025-03-30T11:41:59.076+0000] {task_command.py:423} INFO - Running <TaskInstance: inout_data_ingestion.create_table scheduled__2024-10-02T01:30:00+00:00 [running]> on host ff9d64b065e6
[2025-03-30T11:41:59.179+0000] {taskinstance.py:2510} INFO - Exporting env vars: AIRFLOW_CTX_DAG_OWNER='***' AIRFLOW_CTX_DAG_ID='inout_data_ingestion' AIRFLOW_CTX_TASK_ID='create_table' AIRFLOW_CTX_EXECUTION_DATE='2024-10-02T01:30:00+00:00' AIRFLOW_CTX_TRY_NUMBER='1' AIRFLOW_CTX_DAG_RUN_ID='scheduled__2024-10-02T01:30:00+00:00'
[2025-03-30T11:41:59.185+0000] {logging_mixin.py:188} INFO - Successfully connected to MariaDB: INOUT on mariadb:3306
[2025-03-30T11:41:59.186+0000] {inout_data.py:46} INFO - Table emp_inout_rec created (if it didn't exist).
[2025-03-30T11:41:59.187+0000] {logging_mixin.py:188} INFO - MariaDB connection closed.
[2025-03-30T11:41:59.188+0000] {python.py:202} INFO - Done. Returned value was: None
[2025-03-30T11:41:59.203+0000] {taskinstance.py:1149} INFO - Marking task as SUCCESS. dag_id=inout_data_ingestion, task_id=create_table, execution_date=20241002T013000, start_date=20250330T114158, end_date=20250330T114159
[2025-03-30T11:41:59.259+0000] {local_task_job_runner.py:234} INFO - Task exited with return code 0
[2025-03-30T11:41:59.295+0000] {taskinstance.py:3309} INFO - 1 downstream tasks scheduled from follow-on schedule check
