[2025-03-30T11:11:11.850+0000] {taskinstance.py:1979} INFO - Dependencies all met for dep_context=non-requeueable deps ti=<TaskInstance: inout_data_ingestion.ingest_dummy_data scheduled__2024-10-03T09:30:00+00:00 [queued]>
[2025-03-30T11:11:11.885+0000] {taskinstance.py:1979} INFO - Dependencies all met for dep_context=requeueable deps ti=<TaskInstance: inout_data_ingestion.ingest_dummy_data scheduled__2024-10-03T09:30:00+00:00 [queued]>
[2025-03-30T11:11:11.886+0000] {taskinstance.py:2193} INFO - Starting attempt 1 of 2
[2025-03-30T11:11:11.955+0000] {taskinstance.py:2214} INFO - Executing <Task(PythonOperator): ingest_dummy_data> on 2024-10-03 09:30:00+00:00
[2025-03-30T11:11:11.980+0000] {standard_task_runner.py:60} INFO - Started process 956 to run task
[2025-03-30T11:11:12.002+0000] {standard_task_runner.py:87} INFO - Running: ['***', 'tasks', 'run', 'inout_data_ingestion', 'ingest_dummy_data', 'scheduled__2024-10-03T09:30:00+00:00', '--job-id', '451', '--raw', '--subdir', 'DAGS_FOLDER/inout_data.py', '--cfg-path', '/tmp/tmp_ci47u85']
[2025-03-30T11:11:12.005+0000] {standard_task_runner.py:88} INFO - Job 451: Subtask ingest_dummy_data
[2025-03-30T11:11:12.071+0000] {warnings.py:109} WARNING - /home/***/.local/lib/python3.8/site-packages/***/settings.py:194: DeprecationWarning: The sql_alchemy_conn option in [core] has been moved to the sql_alchemy_conn option in [database] - the old setting has been used, but please update your config.
  SQL_ALCHEMY_CONN = conf.get("database", "SQL_ALCHEMY_CONN")

[2025-03-30T11:11:12.196+0000] {task_command.py:423} INFO - Running <TaskInstance: inout_data_ingestion.ingest_dummy_data scheduled__2024-10-03T09:30:00+00:00 [running]> on host ff9d64b065e6
[2025-03-30T11:11:12.755+0000] {taskinstance.py:2510} INFO - Exporting env vars: AIRFLOW_CTX_DAG_OWNER='***' AIRFLOW_CTX_DAG_ID='inout_data_ingestion' AIRFLOW_CTX_TASK_ID='ingest_dummy_data' AIRFLOW_CTX_EXECUTION_DATE='2024-10-03T09:30:00+00:00' AIRFLOW_CTX_TRY_NUMBER='1' AIRFLOW_CTX_DAG_RUN_ID='scheduled__2024-10-03T09:30:00+00:00'
[2025-03-30T11:11:12.797+0000] {inout_data.py:42} INFO - Successfully connected to MariaDB: INOUT on mariadb:3306
[2025-03-30T11:11:12.809+0000] {inout_data.py:63} ERROR - Error executing query: (1062, "Duplicate entry '2025-03-30 11:11:12-4457' for key 'PRIMARY'")
[2025-03-30T11:11:12.816+0000] {inout_data.py:63} ERROR - Error executing query: (1062, "Duplicate entry '2025-03-30 11:11:12-4457' for key 'PRIMARY'")
[2025-03-30T11:11:12.821+0000] {inout_data.py:63} ERROR - Error executing query: (1062, "Duplicate entry '2025-03-30 11:11:12-4457' for key 'PRIMARY'")
[2025-03-30T11:11:12.822+0000] {inout_data.py:63} ERROR - Error executing query: (1062, "Duplicate entry '2025-03-30 11:11:12-4457' for key 'PRIMARY'")
[2025-03-30T11:11:12.824+0000] {inout_data.py:63} ERROR - Error executing query: (1062, "Duplicate entry '2025-03-30 11:11:12-4457' for key 'PRIMARY'")
[2025-03-30T11:11:12.826+0000] {inout_data.py:63} ERROR - Error executing query: (1062, "Duplicate entry '2025-03-30 11:11:12-4457' for key 'PRIMARY'")
[2025-03-30T11:11:12.828+0000] {inout_data.py:63} ERROR - Error executing query: (1062, "Duplicate entry '2025-03-30 11:11:12-4457' for key 'PRIMARY'")
[2025-03-30T11:11:12.829+0000] {inout_data.py:63} ERROR - Error executing query: (1062, "Duplicate entry '2025-03-30 11:11:12-4457' for key 'PRIMARY'")
[2025-03-30T11:11:12.831+0000] {inout_data.py:63} ERROR - Error executing query: (1062, "Duplicate entry '2025-03-30 11:11:12-4457' for key 'PRIMARY'")
[2025-03-30T11:11:12.832+0000] {inout_data.py:63} ERROR - Error executing query: (1062, "Duplicate entry '2025-03-30 11:11:12-4457' for key 'PRIMARY'")
[2025-03-30T11:11:12.834+0000] {inout_data.py:63} ERROR - Error executing query: (1062, "Duplicate entry '2025-03-30 11:11:12-4457' for key 'PRIMARY'")
[2025-03-30T11:11:12.835+0000] {inout_data.py:63} ERROR - Error executing query: (1062, "Duplicate entry '2025-03-30 11:11:12-4457' for key 'PRIMARY'")
[2025-03-30T11:11:12.837+0000] {inout_data.py:63} ERROR - Error executing query: (1062, "Duplicate entry '2025-03-30 11:11:12-4457' for key 'PRIMARY'")
[2025-03-30T11:11:12.840+0000] {inout_data.py:63} ERROR - Error executing query: (1062, "Duplicate entry '2025-03-30 11:11:12-4457' for key 'PRIMARY'")
[2025-03-30T11:11:12.843+0000] {inout_data.py:63} ERROR - Error executing query: (1062, "Duplicate entry '2025-03-30 11:11:12-4457' for key 'PRIMARY'")
[2025-03-30T11:11:12.845+0000] {inout_data.py:63} ERROR - Error executing query: (1062, "Duplicate entry '2025-03-30 11:11:12-4457' for key 'PRIMARY'")
[2025-03-30T11:11:12.846+0000] {inout_data.py:159} INFO - Ingested 17 rows of dummy data.
[2025-03-30T11:11:12.847+0000] {inout_data.py:78} INFO - MariaDB connection closed.
[2025-03-30T11:11:12.851+0000] {python.py:202} INFO - Done. Returned value was: None
[2025-03-30T11:11:12.873+0000] {taskinstance.py:1149} INFO - Marking task as SUCCESS. dag_id=inout_data_ingestion, task_id=ingest_dummy_data, execution_date=20241003T093000, start_date=20250330T111111, end_date=20250330T111112
[2025-03-30T11:11:12.935+0000] {local_task_job_runner.py:234} INFO - Task exited with return code 0
[2025-03-30T11:11:13.156+0000] {taskinstance.py:3309} INFO - 0 downstream tasks scheduled from follow-on schedule check
[2025-03-30T11:17:44.402+0000] {taskinstance.py:1979} INFO - Dependencies all met for dep_context=non-requeueable deps ti=<TaskInstance: inout_data_ingestion.ingest_dummy_data scheduled__2024-10-03T09:30:00+00:00 [queued]>
[2025-03-30T11:17:44.409+0000] {taskinstance.py:1979} INFO - Dependencies all met for dep_context=requeueable deps ti=<TaskInstance: inout_data_ingestion.ingest_dummy_data scheduled__2024-10-03T09:30:00+00:00 [queued]>
[2025-03-30T11:17:44.409+0000] {taskinstance.py:2193} INFO - Starting attempt 1 of 2
[2025-03-30T11:17:44.420+0000] {taskinstance.py:2214} INFO - Executing <Task(PythonOperator): ingest_dummy_data> on 2024-10-03 09:30:00+00:00
[2025-03-30T11:17:44.423+0000] {standard_task_runner.py:60} INFO - Started process 2798 to run task
[2025-03-30T11:17:44.425+0000] {standard_task_runner.py:87} INFO - Running: ['***', 'tasks', 'run', 'inout_data_ingestion', 'ingest_dummy_data', 'scheduled__2024-10-03T09:30:00+00:00', '--job-id', '1374', '--raw', '--subdir', 'DAGS_FOLDER/inout_data.py', '--cfg-path', '/tmp/tmpinwp7lzf']
[2025-03-30T11:17:44.427+0000] {standard_task_runner.py:88} INFO - Job 1374: Subtask ingest_dummy_data
[2025-03-30T11:17:44.435+0000] {warnings.py:109} WARNING - /home/***/.local/lib/python3.8/site-packages/***/settings.py:194: DeprecationWarning: The sql_alchemy_conn option in [core] has been moved to the sql_alchemy_conn option in [database] - the old setting has been used, but please update your config.
  SQL_ALCHEMY_CONN = conf.get("database", "SQL_ALCHEMY_CONN")

[2025-03-30T11:17:44.454+0000] {task_command.py:423} INFO - Running <TaskInstance: inout_data_ingestion.ingest_dummy_data scheduled__2024-10-03T09:30:00+00:00 [running]> on host ff9d64b065e6
[2025-03-30T11:17:44.495+0000] {taskinstance.py:2510} INFO - Exporting env vars: AIRFLOW_CTX_DAG_OWNER='***' AIRFLOW_CTX_DAG_ID='inout_data_ingestion' AIRFLOW_CTX_TASK_ID='ingest_dummy_data' AIRFLOW_CTX_EXECUTION_DATE='2024-10-03T09:30:00+00:00' AIRFLOW_CTX_TRY_NUMBER='1' AIRFLOW_CTX_DAG_RUN_ID='scheduled__2024-10-03T09:30:00+00:00'
[2025-03-30T11:17:44.498+0000] {inout_data.py:42} INFO - Successfully connected to MariaDB: INOUT on mariadb:3306
[2025-03-30T11:17:44.500+0000] {inout_data.py:63} ERROR - Error executing query: (1062, "Duplicate entry '2025-03-30 11:17:44-7754' for key 'PRIMARY'")
[2025-03-30T11:17:44.500+0000] {inout_data.py:63} ERROR - Error executing query: (1062, "Duplicate entry '2025-03-30 11:17:44-7754' for key 'PRIMARY'")
[2025-03-30T11:17:44.501+0000] {inout_data.py:63} ERROR - Error executing query: (1062, "Duplicate entry '2025-03-30 11:17:44-7754' for key 'PRIMARY'")
[2025-03-30T11:17:44.501+0000] {inout_data.py:63} ERROR - Error executing query: (1062, "Duplicate entry '2025-03-30 11:17:44-7754' for key 'PRIMARY'")
[2025-03-30T11:17:44.501+0000] {inout_data.py:63} ERROR - Error executing query: (1062, "Duplicate entry '2025-03-30 11:17:44-7754' for key 'PRIMARY'")
[2025-03-30T11:17:44.501+0000] {inout_data.py:63} ERROR - Error executing query: (1062, "Duplicate entry '2025-03-30 11:17:44-7754' for key 'PRIMARY'")
[2025-03-30T11:17:44.502+0000] {inout_data.py:63} ERROR - Error executing query: (1062, "Duplicate entry '2025-03-30 11:17:44-7754' for key 'PRIMARY'")
[2025-03-30T11:17:44.502+0000] {inout_data.py:63} ERROR - Error executing query: (1062, "Duplicate entry '2025-03-30 11:17:44-7754' for key 'PRIMARY'")
[2025-03-30T11:17:44.502+0000] {inout_data.py:63} ERROR - Error executing query: (1062, "Duplicate entry '2025-03-30 11:17:44-7754' for key 'PRIMARY'")
[2025-03-30T11:17:44.503+0000] {inout_data.py:63} ERROR - Error executing query: (1062, "Duplicate entry '2025-03-30 11:17:44-7754' for key 'PRIMARY'")
[2025-03-30T11:17:44.503+0000] {inout_data.py:63} ERROR - Error executing query: (1062, "Duplicate entry '2025-03-30 11:17:44-7754' for key 'PRIMARY'")
[2025-03-30T11:17:44.503+0000] {inout_data.py:152} INFO - Ingested 12 rows of dummy data.
[2025-03-30T11:17:44.503+0000] {inout_data.py:78} INFO - MariaDB connection closed.
[2025-03-30T11:17:44.504+0000] {python.py:202} INFO - Done. Returned value was: None
[2025-03-30T11:17:44.507+0000] {taskinstance.py:1149} INFO - Marking task as SUCCESS. dag_id=inout_data_ingestion, task_id=ingest_dummy_data, execution_date=20241003T093000, start_date=20250330T111744, end_date=20250330T111744
[2025-03-30T11:17:44.525+0000] {local_task_job_runner.py:234} INFO - Task exited with return code 0
[2025-03-30T11:17:44.536+0000] {taskinstance.py:3309} INFO - 0 downstream tasks scheduled from follow-on schedule check
[2025-03-30T11:30:09.357+0000] {taskinstance.py:1979} INFO - Dependencies all met for dep_context=non-requeueable deps ti=<TaskInstance: inout_data_ingestion.ingest_dummy_data scheduled__2024-10-03T09:30:00+00:00 [queued]>
[2025-03-30T11:30:09.382+0000] {taskinstance.py:1979} INFO - Dependencies all met for dep_context=requeueable deps ti=<TaskInstance: inout_data_ingestion.ingest_dummy_data scheduled__2024-10-03T09:30:00+00:00 [queued]>
[2025-03-30T11:30:09.383+0000] {taskinstance.py:2193} INFO - Starting attempt 1 of 2
[2025-03-30T11:30:09.435+0000] {taskinstance.py:2214} INFO - Executing <Task(PythonOperator): ingest_dummy_data> on 2024-10-03 09:30:00+00:00
[2025-03-30T11:30:09.450+0000] {standard_task_runner.py:60} INFO - Started process 4729 to run task
[2025-03-30T11:30:09.463+0000] {standard_task_runner.py:87} INFO - Running: ['***', 'tasks', 'run', 'inout_data_ingestion', 'ingest_dummy_data', 'scheduled__2024-10-03T09:30:00+00:00', '--job-id', '2339', '--raw', '--subdir', 'DAGS_FOLDER/inout_data.py', '--cfg-path', '/tmp/tmpum2h8cf8']
[2025-03-30T11:30:09.467+0000] {standard_task_runner.py:88} INFO - Job 2339: Subtask ingest_dummy_data
[2025-03-30T11:30:09.535+0000] {warnings.py:109} WARNING - /home/***/.local/lib/python3.8/site-packages/***/settings.py:194: DeprecationWarning: The sql_alchemy_conn option in [core] has been moved to the sql_alchemy_conn option in [database] - the old setting has been used, but please update your config.
  SQL_ALCHEMY_CONN = conf.get("database", "SQL_ALCHEMY_CONN")

[2025-03-30T11:30:09.610+0000] {task_command.py:423} INFO - Running <TaskInstance: inout_data_ingestion.ingest_dummy_data scheduled__2024-10-03T09:30:00+00:00 [running]> on host ff9d64b065e6
[2025-03-30T11:30:09.775+0000] {taskinstance.py:2510} INFO - Exporting env vars: AIRFLOW_CTX_DAG_OWNER='***' AIRFLOW_CTX_DAG_ID='inout_data_ingestion' AIRFLOW_CTX_TASK_ID='ingest_dummy_data' AIRFLOW_CTX_EXECUTION_DATE='2024-10-03T09:30:00+00:00' AIRFLOW_CTX_TRY_NUMBER='1' AIRFLOW_CTX_DAG_RUN_ID='scheduled__2024-10-03T09:30:00+00:00'
[2025-03-30T11:30:09.791+0000] {logging_mixin.py:188} INFO - Successfully connected to MariaDB: INOUT on mariadb:3306
[2025-03-30T11:30:09.792+0000] {logging_mixin.py:188} INFO - General error executing query: not all arguments converted during string formatting
[2025-03-30T11:30:09.793+0000] {logging_mixin.py:188} INFO - General error executing query: not all arguments converted during string formatting
[2025-03-30T11:30:09.796+0000] {logging_mixin.py:188} INFO - General error executing query: not all arguments converted during string formatting
[2025-03-30T11:30:09.799+0000] {logging_mixin.py:188} INFO - General error executing query: not all arguments converted during string formatting
[2025-03-30T11:30:09.803+0000] {logging_mixin.py:188} INFO - General error executing query: not all arguments converted during string formatting
[2025-03-30T11:30:09.804+0000] {logging_mixin.py:188} INFO - General error executing query: not all arguments converted during string formatting
[2025-03-30T11:30:09.805+0000] {logging_mixin.py:188} INFO - General error executing query: not all arguments converted during string formatting
[2025-03-30T11:30:09.806+0000] {logging_mixin.py:188} INFO - General error executing query: not all arguments converted during string formatting
[2025-03-30T11:30:09.807+0000] {logging_mixin.py:188} INFO - General error executing query: not all arguments converted during string formatting
[2025-03-30T11:30:09.810+0000] {logging_mixin.py:188} INFO - General error executing query: not all arguments converted during string formatting
[2025-03-30T11:30:09.813+0000] {logging_mixin.py:188} INFO - General error executing query: not all arguments converted during string formatting
[2025-03-30T11:30:09.816+0000] {logging_mixin.py:188} INFO - General error executing query: not all arguments converted during string formatting
[2025-03-30T11:30:09.820+0000] {logging_mixin.py:188} INFO - General error executing query: not all arguments converted during string formatting
[2025-03-30T11:30:09.826+0000] {logging_mixin.py:188} INFO - General error executing query: not all arguments converted during string formatting
[2025-03-30T11:30:09.834+0000] {logging_mixin.py:188} INFO - General error executing query: not all arguments converted during string formatting
[2025-03-30T11:30:09.836+0000] {inout_data.py:87} INFO - Ingested 15 rows of dummy data for 2024-10-03 09:30:00+00:00.
[2025-03-30T11:30:09.840+0000] {logging_mixin.py:188} INFO - MariaDB connection closed.
[2025-03-30T11:30:09.841+0000] {python.py:202} INFO - Done. Returned value was: None
[2025-03-30T11:30:09.880+0000] {taskinstance.py:1149} INFO - Marking task as SUCCESS. dag_id=inout_data_ingestion, task_id=ingest_dummy_data, execution_date=20241003T093000, start_date=20250330T113009, end_date=20250330T113009
[2025-03-30T11:30:09.982+0000] {local_task_job_runner.py:234} INFO - Task exited with return code 0
[2025-03-30T11:30:10.050+0000] {taskinstance.py:3309} INFO - 0 downstream tasks scheduled from follow-on schedule check
