[2025-03-30T11:09:25.994+0000] {taskinstance.py:1979} INFO - Dependencies all met for dep_context=non-requeueable deps ti=<TaskInstance: inout_data_ingestion.ingest_dummy_data scheduled__2024-09-30T04:30:00+00:00 [queued]>
[2025-03-30T11:09:26.007+0000] {taskinstance.py:1979} INFO - Dependencies all met for dep_context=requeueable deps ti=<TaskInstance: inout_data_ingestion.ingest_dummy_data scheduled__2024-09-30T04:30:00+00:00 [queued]>
[2025-03-30T11:09:26.008+0000] {taskinstance.py:2193} INFO - Starting attempt 1 of 2
[2025-03-30T11:09:26.050+0000] {taskinstance.py:2214} INFO - Executing <Task(PythonOperator): ingest_dummy_data> on 2024-09-30 04:30:00+00:00
[2025-03-30T11:09:26.075+0000] {standard_task_runner.py:60} INFO - Started process 343 to run task
[2025-03-30T11:09:26.094+0000] {standard_task_runner.py:87} INFO - Running: ['***', 'tasks', 'run', 'inout_data_ingestion', 'ingest_dummy_data', 'scheduled__2024-09-30T04:30:00+00:00', '--job-id', '144', '--raw', '--subdir', 'DAGS_FOLDER/inout_data.py', '--cfg-path', '/tmp/tmpy5fsz65c']
[2025-03-30T11:09:26.103+0000] {standard_task_runner.py:88} INFO - Job 144: Subtask ingest_dummy_data
[2025-03-30T11:09:26.133+0000] {warnings.py:109} WARNING - /home/***/.local/lib/python3.8/site-packages/***/settings.py:194: DeprecationWarning: The sql_alchemy_conn option in [core] has been moved to the sql_alchemy_conn option in [database] - the old setting has been used, but please update your config.
  SQL_ALCHEMY_CONN = conf.get("database", "SQL_ALCHEMY_CONN")

[2025-03-30T11:09:26.218+0000] {task_command.py:423} INFO - Running <TaskInstance: inout_data_ingestion.ingest_dummy_data scheduled__2024-09-30T04:30:00+00:00 [running]> on host ff9d64b065e6
[2025-03-30T11:09:26.565+0000] {taskinstance.py:2510} INFO - Exporting env vars: AIRFLOW_CTX_DAG_OWNER='***' AIRFLOW_CTX_DAG_ID='inout_data_ingestion' AIRFLOW_CTX_TASK_ID='ingest_dummy_data' AIRFLOW_CTX_EXECUTION_DATE='2024-09-30T04:30:00+00:00' AIRFLOW_CTX_TRY_NUMBER='1' AIRFLOW_CTX_DAG_RUN_ID='scheduled__2024-09-30T04:30:00+00:00'
[2025-03-30T11:09:26.595+0000] {inout_data.py:42} INFO - Successfully connected to MariaDB: INOUT on mariadb:3306
[2025-03-30T11:09:26.610+0000] {inout_data.py:63} ERROR - Error executing query: (1062, "Duplicate entry '2025-03-30 11:09:26-1833' for key 'PRIMARY'")
[2025-03-30T11:09:26.617+0000] {inout_data.py:63} ERROR - Error executing query: (1062, "Duplicate entry '2025-03-30 11:09:26-1833' for key 'PRIMARY'")
[2025-03-30T11:09:26.620+0000] {inout_data.py:63} ERROR - Error executing query: (1062, "Duplicate entry '2025-03-30 11:09:26-1833' for key 'PRIMARY'")
[2025-03-30T11:09:26.623+0000] {inout_data.py:63} ERROR - Error executing query: (1062, "Duplicate entry '2025-03-30 11:09:26-1833' for key 'PRIMARY'")
[2025-03-30T11:09:26.625+0000] {inout_data.py:63} ERROR - Error executing query: (1062, "Duplicate entry '2025-03-30 11:09:26-1833' for key 'PRIMARY'")
[2025-03-30T11:09:26.630+0000] {inout_data.py:63} ERROR - Error executing query: (1062, "Duplicate entry '2025-03-30 11:09:26-1833' for key 'PRIMARY'")
[2025-03-30T11:09:26.644+0000] {inout_data.py:63} ERROR - Error executing query: (1062, "Duplicate entry '2025-03-30 11:09:26-1833' for key 'PRIMARY'")
[2025-03-30T11:09:26.666+0000] {inout_data.py:63} ERROR - Error executing query: (1062, "Duplicate entry '2025-03-30 11:09:26-1833' for key 'PRIMARY'")
[2025-03-30T11:09:26.672+0000] {inout_data.py:159} INFO - Ingested 9 rows of dummy data.
[2025-03-30T11:09:26.674+0000] {inout_data.py:78} INFO - MariaDB connection closed.
[2025-03-30T11:09:26.680+0000] {python.py:202} INFO - Done. Returned value was: None
[2025-03-30T11:09:26.751+0000] {taskinstance.py:1149} INFO - Marking task as SUCCESS. dag_id=inout_data_ingestion, task_id=ingest_dummy_data, execution_date=20240930T043000, start_date=20250330T110925, end_date=20250330T110926
[2025-03-30T11:09:26.818+0000] {local_task_job_runner.py:234} INFO - Task exited with return code 0
[2025-03-30T11:09:26.900+0000] {taskinstance.py:3309} INFO - 0 downstream tasks scheduled from follow-on schedule check
[2025-03-30T11:16:01.166+0000] {taskinstance.py:1979} INFO - Dependencies all met for dep_context=non-requeueable deps ti=<TaskInstance: inout_data_ingestion.ingest_dummy_data scheduled__2024-09-30T04:30:00+00:00 [queued]>
[2025-03-30T11:16:01.174+0000] {taskinstance.py:1979} INFO - Dependencies all met for dep_context=requeueable deps ti=<TaskInstance: inout_data_ingestion.ingest_dummy_data scheduled__2024-09-30T04:30:00+00:00 [queued]>
[2025-03-30T11:16:01.174+0000] {taskinstance.py:2193} INFO - Starting attempt 1 of 2
[2025-03-30T11:16:01.187+0000] {taskinstance.py:2214} INFO - Executing <Task(PythonOperator): ingest_dummy_data> on 2024-09-30 04:30:00+00:00
[2025-03-30T11:16:01.192+0000] {standard_task_runner.py:60} INFO - Started process 2185 to run task
[2025-03-30T11:16:01.194+0000] {standard_task_runner.py:87} INFO - Running: ['***', 'tasks', 'run', 'inout_data_ingestion', 'ingest_dummy_data', 'scheduled__2024-09-30T04:30:00+00:00', '--job-id', '1068', '--raw', '--subdir', 'DAGS_FOLDER/inout_data.py', '--cfg-path', '/tmp/tmp2_fkmv85']
[2025-03-30T11:16:01.195+0000] {standard_task_runner.py:88} INFO - Job 1068: Subtask ingest_dummy_data
[2025-03-30T11:16:01.203+0000] {warnings.py:109} WARNING - /home/***/.local/lib/python3.8/site-packages/***/settings.py:194: DeprecationWarning: The sql_alchemy_conn option in [core] has been moved to the sql_alchemy_conn option in [database] - the old setting has been used, but please update your config.
  SQL_ALCHEMY_CONN = conf.get("database", "SQL_ALCHEMY_CONN")

[2025-03-30T11:16:01.221+0000] {task_command.py:423} INFO - Running <TaskInstance: inout_data_ingestion.ingest_dummy_data scheduled__2024-09-30T04:30:00+00:00 [running]> on host ff9d64b065e6
[2025-03-30T11:16:01.329+0000] {taskinstance.py:2510} INFO - Exporting env vars: AIRFLOW_CTX_DAG_OWNER='***' AIRFLOW_CTX_DAG_ID='inout_data_ingestion' AIRFLOW_CTX_TASK_ID='ingest_dummy_data' AIRFLOW_CTX_EXECUTION_DATE='2024-09-30T04:30:00+00:00' AIRFLOW_CTX_TRY_NUMBER='1' AIRFLOW_CTX_DAG_RUN_ID='scheduled__2024-09-30T04:30:00+00:00'
[2025-03-30T11:16:01.331+0000] {inout_data.py:42} INFO - Successfully connected to MariaDB: INOUT on mariadb:3306
[2025-03-30T11:16:01.332+0000] {inout_data.py:63} ERROR - Error executing query: (1062, "Duplicate entry '2025-03-30 11:16:01-6966' for key 'PRIMARY'")
[2025-03-30T11:16:01.332+0000] {inout_data.py:63} ERROR - Error executing query: (1062, "Duplicate entry '2025-03-30 11:16:01-6966' for key 'PRIMARY'")
[2025-03-30T11:16:01.332+0000] {inout_data.py:63} ERROR - Error executing query: (1062, "Duplicate entry '2025-03-30 11:16:01-6966' for key 'PRIMARY'")
[2025-03-30T11:16:01.333+0000] {inout_data.py:63} ERROR - Error executing query: (1062, "Duplicate entry '2025-03-30 11:16:01-6966' for key 'PRIMARY'")
[2025-03-30T11:16:01.333+0000] {inout_data.py:63} ERROR - Error executing query: (1062, "Duplicate entry '2025-03-30 11:16:01-6966' for key 'PRIMARY'")
[2025-03-30T11:16:01.333+0000] {inout_data.py:63} ERROR - Error executing query: (1062, "Duplicate entry '2025-03-30 11:16:01-6966' for key 'PRIMARY'")
[2025-03-30T11:16:01.333+0000] {inout_data.py:63} ERROR - Error executing query: (1062, "Duplicate entry '2025-03-30 11:16:01-6966' for key 'PRIMARY'")
[2025-03-30T11:16:01.334+0000] {inout_data.py:63} ERROR - Error executing query: (1062, "Duplicate entry '2025-03-30 11:16:01-6966' for key 'PRIMARY'")
[2025-03-30T11:16:01.334+0000] {inout_data.py:63} ERROR - Error executing query: (1062, "Duplicate entry '2025-03-30 11:16:01-6966' for key 'PRIMARY'")
[2025-03-30T11:16:01.334+0000] {inout_data.py:63} ERROR - Error executing query: (1062, "Duplicate entry '2025-03-30 11:16:01-6966' for key 'PRIMARY'")
[2025-03-30T11:16:01.334+0000] {inout_data.py:63} ERROR - Error executing query: (1062, "Duplicate entry '2025-03-30 11:16:01-6966' for key 'PRIMARY'")
[2025-03-30T11:16:01.334+0000] {inout_data.py:63} ERROR - Error executing query: (1062, "Duplicate entry '2025-03-30 11:16:01-6966' for key 'PRIMARY'")
[2025-03-30T11:16:01.334+0000] {inout_data.py:152} INFO - Ingested 13 rows of dummy data.
[2025-03-30T11:16:01.335+0000] {inout_data.py:78} INFO - MariaDB connection closed.
[2025-03-30T11:16:01.335+0000] {python.py:202} INFO - Done. Returned value was: None
[2025-03-30T11:16:01.339+0000] {taskinstance.py:1149} INFO - Marking task as SUCCESS. dag_id=inout_data_ingestion, task_id=ingest_dummy_data, execution_date=20240930T043000, start_date=20250330T111601, end_date=20250330T111601
[2025-03-30T11:16:01.374+0000] {local_task_job_runner.py:234} INFO - Task exited with return code 0
[2025-03-30T11:16:01.385+0000] {taskinstance.py:3309} INFO - 0 downstream tasks scheduled from follow-on schedule check
[2025-03-30T11:28:35.835+0000] {taskinstance.py:1979} INFO - Dependencies all met for dep_context=non-requeueable deps ti=<TaskInstance: inout_data_ingestion.ingest_dummy_data scheduled__2024-09-30T04:30:00+00:00 [queued]>
[2025-03-30T11:28:35.860+0000] {taskinstance.py:1979} INFO - Dependencies all met for dep_context=requeueable deps ti=<TaskInstance: inout_data_ingestion.ingest_dummy_data scheduled__2024-09-30T04:30:00+00:00 [queued]>
[2025-03-30T11:28:35.864+0000] {taskinstance.py:2193} INFO - Starting attempt 1 of 2
[2025-03-30T11:28:35.895+0000] {taskinstance.py:2214} INFO - Executing <Task(PythonOperator): ingest_dummy_data> on 2024-09-30 04:30:00+00:00
[2025-03-30T11:28:35.909+0000] {standard_task_runner.py:60} INFO - Started process 4113 to run task
[2025-03-30T11:28:35.933+0000] {standard_task_runner.py:87} INFO - Running: ['***', 'tasks', 'run', 'inout_data_ingestion', 'ingest_dummy_data', 'scheduled__2024-09-30T04:30:00+00:00', '--job-id', '2031', '--raw', '--subdir', 'DAGS_FOLDER/inout_data.py', '--cfg-path', '/tmp/tmpw_6j2gih']
[2025-03-30T11:28:35.940+0000] {standard_task_runner.py:88} INFO - Job 2031: Subtask ingest_dummy_data
[2025-03-30T11:28:35.974+0000] {warnings.py:109} WARNING - /home/***/.local/lib/python3.8/site-packages/***/settings.py:194: DeprecationWarning: The sql_alchemy_conn option in [core] has been moved to the sql_alchemy_conn option in [database] - the old setting has been used, but please update your config.
  SQL_ALCHEMY_CONN = conf.get("database", "SQL_ALCHEMY_CONN")

[2025-03-30T11:28:36.019+0000] {task_command.py:423} INFO - Running <TaskInstance: inout_data_ingestion.ingest_dummy_data scheduled__2024-09-30T04:30:00+00:00 [running]> on host ff9d64b065e6
[2025-03-30T11:28:36.153+0000] {taskinstance.py:2510} INFO - Exporting env vars: AIRFLOW_CTX_DAG_OWNER='***' AIRFLOW_CTX_DAG_ID='inout_data_ingestion' AIRFLOW_CTX_TASK_ID='ingest_dummy_data' AIRFLOW_CTX_EXECUTION_DATE='2024-09-30T04:30:00+00:00' AIRFLOW_CTX_TRY_NUMBER='1' AIRFLOW_CTX_DAG_RUN_ID='scheduled__2024-09-30T04:30:00+00:00'
[2025-03-30T11:28:36.161+0000] {logging_mixin.py:188} INFO - Successfully connected to MariaDB: INOUT on mariadb:3306
[2025-03-30T11:28:36.163+0000] {logging_mixin.py:188} INFO - General error executing query: not all arguments converted during string formatting
[2025-03-30T11:28:36.164+0000] {logging_mixin.py:188} INFO - General error executing query: not all arguments converted during string formatting
[2025-03-30T11:28:36.166+0000] {logging_mixin.py:188} INFO - General error executing query: not all arguments converted during string formatting
[2025-03-30T11:28:36.168+0000] {logging_mixin.py:188} INFO - General error executing query: not all arguments converted during string formatting
[2025-03-30T11:28:36.171+0000] {logging_mixin.py:188} INFO - General error executing query: not all arguments converted during string formatting
[2025-03-30T11:28:36.172+0000] {logging_mixin.py:188} INFO - General error executing query: not all arguments converted during string formatting
[2025-03-30T11:28:36.173+0000] {logging_mixin.py:188} INFO - General error executing query: not all arguments converted during string formatting
[2025-03-30T11:28:36.173+0000] {logging_mixin.py:188} INFO - General error executing query: not all arguments converted during string formatting
[2025-03-30T11:28:36.174+0000] {logging_mixin.py:188} INFO - General error executing query: not all arguments converted during string formatting
[2025-03-30T11:28:36.176+0000] {logging_mixin.py:188} INFO - General error executing query: not all arguments converted during string formatting
[2025-03-30T11:28:36.177+0000] {logging_mixin.py:188} INFO - General error executing query: not all arguments converted during string formatting
[2025-03-30T11:28:36.177+0000] {logging_mixin.py:188} INFO - General error executing query: not all arguments converted during string formatting
[2025-03-30T11:28:36.178+0000] {logging_mixin.py:188} INFO - General error executing query: not all arguments converted during string formatting
[2025-03-30T11:28:36.178+0000] {logging_mixin.py:188} INFO - General error executing query: not all arguments converted during string formatting
[2025-03-30T11:28:36.179+0000] {logging_mixin.py:188} INFO - General error executing query: not all arguments converted during string formatting
[2025-03-30T11:28:36.180+0000] {logging_mixin.py:188} INFO - General error executing query: not all arguments converted during string formatting
[2025-03-30T11:28:36.180+0000] {inout_data.py:87} INFO - Ingested 16 rows of dummy data for 2024-09-30 04:30:00+00:00.
[2025-03-30T11:28:36.181+0000] {logging_mixin.py:188} INFO - MariaDB connection closed.
[2025-03-30T11:28:36.181+0000] {python.py:202} INFO - Done. Returned value was: None
[2025-03-30T11:28:36.200+0000] {taskinstance.py:1149} INFO - Marking task as SUCCESS. dag_id=inout_data_ingestion, task_id=ingest_dummy_data, execution_date=20240930T043000, start_date=20250330T112835, end_date=20250330T112836
[2025-03-30T11:28:36.273+0000] {local_task_job_runner.py:234} INFO - Task exited with return code 0
[2025-03-30T11:28:36.303+0000] {taskinstance.py:3309} INFO - 0 downstream tasks scheduled from follow-on schedule check
[2025-03-30T11:33:13.497+0000] {taskinstance.py:1979} INFO - Dependencies all met for dep_context=non-requeueable deps ti=<TaskInstance: inout_data_ingestion.ingest_dummy_data scheduled__2024-09-30T04:30:00+00:00 [queued]>
[2025-03-30T11:33:13.503+0000] {taskinstance.py:1979} INFO - Dependencies all met for dep_context=requeueable deps ti=<TaskInstance: inout_data_ingestion.ingest_dummy_data scheduled__2024-09-30T04:30:00+00:00 [queued]>
[2025-03-30T11:33:13.505+0000] {taskinstance.py:2193} INFO - Starting attempt 1 of 2
[2025-03-30T11:33:13.517+0000] {taskinstance.py:2214} INFO - Executing <Task(PythonOperator): ingest_dummy_data> on 2024-09-30 04:30:00+00:00
[2025-03-30T11:33:13.523+0000] {standard_task_runner.py:60} INFO - Started process 5565 to run task
[2025-03-30T11:33:13.525+0000] {standard_task_runner.py:87} INFO - Running: ['***', 'tasks', 'run', 'inout_data_ingestion', 'ingest_dummy_data', 'scheduled__2024-09-30T04:30:00+00:00', '--job-id', '2757', '--raw', '--subdir', 'DAGS_FOLDER/inout_data.py', '--cfg-path', '/tmp/tmpql60dq9i']
[2025-03-30T11:33:13.527+0000] {standard_task_runner.py:88} INFO - Job 2757: Subtask ingest_dummy_data
[2025-03-30T11:33:13.539+0000] {warnings.py:109} WARNING - /home/***/.local/lib/python3.8/site-packages/***/settings.py:194: DeprecationWarning: The sql_alchemy_conn option in [core] has been moved to the sql_alchemy_conn option in [database] - the old setting has been used, but please update your config.
  SQL_ALCHEMY_CONN = conf.get("database", "SQL_ALCHEMY_CONN")

[2025-03-30T11:33:13.564+0000] {task_command.py:423} INFO - Running <TaskInstance: inout_data_ingestion.ingest_dummy_data scheduled__2024-09-30T04:30:00+00:00 [running]> on host ff9d64b065e6
[2025-03-30T11:33:13.631+0000] {taskinstance.py:2510} INFO - Exporting env vars: AIRFLOW_CTX_DAG_OWNER='***' AIRFLOW_CTX_DAG_ID='inout_data_ingestion' AIRFLOW_CTX_TASK_ID='ingest_dummy_data' AIRFLOW_CTX_EXECUTION_DATE='2024-09-30T04:30:00+00:00' AIRFLOW_CTX_TRY_NUMBER='1' AIRFLOW_CTX_DAG_RUN_ID='scheduled__2024-09-30T04:30:00+00:00'
[2025-03-30T11:33:13.635+0000] {logging_mixin.py:188} INFO - Successfully connected to MariaDB: INOUT on mariadb:3306
[2025-03-30T11:33:13.636+0000] {inout_data.py:83} INFO - {'ingested_time': datetime.datetime(2025, 3, 30, 11, 33, 13, 636340), 'timestamp': datetime.datetime(2024, 9, 30, 4, 34, tzinfo=datetime.timezone.utc), 'emp_id': 2928, 'employee_name': 'Employee42', 'factory': 'FactoryB', 'in_out': 'OUT', 'entrance': 'Side', 'door_number': '1', 'function': 'IT', 'division': 'BSID', 'department': 'ML', 'section': '2'}
[2025-03-30T11:33:13.637+0000] {logging_mixin.py:188} INFO - General error executing query: not all arguments converted during string formatting
[2025-03-30T11:33:13.638+0000] {inout_data.py:83} INFO - {'ingested_time': datetime.datetime(2025, 3, 30, 11, 33, 13, 638023), 'timestamp': datetime.datetime(2024, 9, 30, 4, 56, tzinfo=datetime.timezone.utc), 'emp_id': 2259, 'employee_name': 'Employee53', 'factory': 'FactoryA', 'in_out': 'IN', 'entrance': 'Main', 'door_number': '6', 'function': 'IT', 'division': 'AAPD', 'department': 'HRSD', 'section': '2'}
[2025-03-30T11:33:13.638+0000] {logging_mixin.py:188} INFO - General error executing query: not all arguments converted during string formatting
[2025-03-30T11:33:13.639+0000] {inout_data.py:83} INFO - {'ingested_time': datetime.datetime(2025, 3, 30, 11, 33, 13, 639139), 'timestamp': datetime.datetime(2024, 9, 30, 4, 35, tzinfo=datetime.timezone.utc), 'emp_id': 5925, 'employee_name': 'Employee6', 'factory': 'FactoryA', 'in_out': 'IN', 'entrance': 'Side', 'door_number': '6', 'function': 'IT', 'division': 'BSID', 'department': 'HRSD', 'section': '2'}
[2025-03-30T11:33:13.639+0000] {logging_mixin.py:188} INFO - General error executing query: not all arguments converted during string formatting
[2025-03-30T11:33:13.640+0000] {inout_data.py:83} INFO - {'ingested_time': datetime.datetime(2025, 3, 30, 11, 33, 13, 640197), 'timestamp': datetime.datetime(2024, 9, 30, 4, 31, tzinfo=datetime.timezone.utc), 'emp_id': 2201, 'employee_name': 'Employee58', 'factory': 'FactoryB', 'in_out': 'IN', 'entrance': 'Side', 'door_number': '1', 'function': 'IT', 'division': 'AAPD', 'department': 'HRSD', 'section': '1'}
[2025-03-30T11:33:13.640+0000] {logging_mixin.py:188} INFO - General error executing query: not all arguments converted during string formatting
[2025-03-30T11:33:13.641+0000] {inout_data.py:83} INFO - {'ingested_time': datetime.datetime(2025, 3, 30, 11, 33, 13, 641587), 'timestamp': datetime.datetime(2024, 9, 30, 4, 38, tzinfo=datetime.timezone.utc), 'emp_id': 6485, 'employee_name': 'Employee78', 'factory': 'FactoryA', 'in_out': 'IN', 'entrance': 'Side', 'door_number': '5', 'function': 'IT', 'division': 'BSID', 'department': 'HRSD', 'section': '2'}
[2025-03-30T11:33:13.642+0000] {logging_mixin.py:188} INFO - General error executing query: not all arguments converted during string formatting
[2025-03-30T11:33:13.643+0000] {inout_data.py:83} INFO - {'ingested_time': datetime.datetime(2025, 3, 30, 11, 33, 13, 643043), 'timestamp': datetime.datetime(2024, 9, 30, 4, 55, tzinfo=datetime.timezone.utc), 'emp_id': 5540, 'employee_name': 'Employee77', 'factory': 'FactoryA', 'in_out': 'OUT', 'entrance': 'Side', 'door_number': '4', 'function': 'IT', 'division': 'AAPD', 'department': 'CAPD', 'section': '2'}
[2025-03-30T11:33:13.643+0000] {logging_mixin.py:188} INFO - General error executing query: not all arguments converted during string formatting
[2025-03-30T11:33:13.644+0000] {inout_data.py:83} INFO - {'ingested_time': datetime.datetime(2025, 3, 30, 11, 33, 13, 644101), 'timestamp': datetime.datetime(2024, 9, 30, 4, 57, tzinfo=datetime.timezone.utc), 'emp_id': 6780, 'employee_name': 'Employee18', 'factory': 'FactoryA', 'in_out': 'OUT', 'entrance': 'Side', 'door_number': '9', 'function': 'IT', 'division': 'BSID', 'department': 'HRSD', 'section': '1'}
[2025-03-30T11:33:13.644+0000] {logging_mixin.py:188} INFO - General error executing query: not all arguments converted during string formatting
[2025-03-30T11:33:13.644+0000] {inout_data.py:88} INFO - Ingested 7 rows of dummy data for 2024-09-30 04:30:00+00:00.
[2025-03-30T11:33:13.644+0000] {logging_mixin.py:188} INFO - MariaDB connection closed.
[2025-03-30T11:33:13.644+0000] {python.py:202} INFO - Done. Returned value was: None
[2025-03-30T11:33:13.651+0000] {taskinstance.py:1149} INFO - Marking task as SUCCESS. dag_id=inout_data_ingestion, task_id=ingest_dummy_data, execution_date=20240930T043000, start_date=20250330T113313, end_date=20250330T113313
[2025-03-30T11:33:13.667+0000] {local_task_job_runner.py:234} INFO - Task exited with return code 0
[2025-03-30T11:33:13.680+0000] {taskinstance.py:3309} INFO - 0 downstream tasks scheduled from follow-on schedule check
[2025-03-30T11:38:50.028+0000] {taskinstance.py:1979} INFO - Dependencies all met for dep_context=non-requeueable deps ti=<TaskInstance: inout_data_ingestion.ingest_dummy_data scheduled__2024-09-30T04:30:00+00:00 [queued]>
[2025-03-30T11:38:50.062+0000] {taskinstance.py:1979} INFO - Dependencies all met for dep_context=requeueable deps ti=<TaskInstance: inout_data_ingestion.ingest_dummy_data scheduled__2024-09-30T04:30:00+00:00 [queued]>
[2025-03-30T11:38:50.068+0000] {taskinstance.py:2193} INFO - Starting attempt 1 of 2
[2025-03-30T11:38:50.133+0000] {taskinstance.py:2214} INFO - Executing <Task(PythonOperator): ingest_dummy_data> on 2024-09-30 04:30:00+00:00
[2025-03-30T11:38:50.142+0000] {standard_task_runner.py:60} INFO - Started process 6477 to run task
[2025-03-30T11:38:50.159+0000] {standard_task_runner.py:87} INFO - Running: ['***', 'tasks', 'run', 'inout_data_ingestion', 'ingest_dummy_data', 'scheduled__2024-09-30T04:30:00+00:00', '--job-id', '3212', '--raw', '--subdir', 'DAGS_FOLDER/inout_data.py', '--cfg-path', '/tmp/tmpsfkgqkcs']
[2025-03-30T11:38:50.165+0000] {standard_task_runner.py:88} INFO - Job 3212: Subtask ingest_dummy_data
[2025-03-30T11:38:50.242+0000] {warnings.py:109} WARNING - /home/***/.local/lib/python3.8/site-packages/***/settings.py:194: DeprecationWarning: The sql_alchemy_conn option in [core] has been moved to the sql_alchemy_conn option in [database] - the old setting has been used, but please update your config.
  SQL_ALCHEMY_CONN = conf.get("database", "SQL_ALCHEMY_CONN")

[2025-03-30T11:38:50.463+0000] {task_command.py:423} INFO - Running <TaskInstance: inout_data_ingestion.ingest_dummy_data scheduled__2024-09-30T04:30:00+00:00 [running]> on host ff9d64b065e6
[2025-03-30T11:38:50.810+0000] {taskinstance.py:2510} INFO - Exporting env vars: AIRFLOW_CTX_DAG_OWNER='***' AIRFLOW_CTX_DAG_ID='inout_data_ingestion' AIRFLOW_CTX_TASK_ID='ingest_dummy_data' AIRFLOW_CTX_EXECUTION_DATE='2024-09-30T04:30:00+00:00' AIRFLOW_CTX_TRY_NUMBER='1' AIRFLOW_CTX_DAG_RUN_ID='scheduled__2024-09-30T04:30:00+00:00'
[2025-03-30T11:38:50.858+0000] {logging_mixin.py:188} INFO - Successfully connected to MariaDB: INOUT on mariadb:3306
[2025-03-30T11:38:50.860+0000] {inout_data.py:83} INFO - {'ingested_time': datetime.datetime(2025, 3, 30, 11, 38, 50, 860411), 'timestamp': datetime.datetime(2024, 9, 30, 4, 52, tzinfo=datetime.timezone.utc), 'emp_id': 8515, 'employee_name': 'Employee49', 'factory': 'FactoryB', 'in_out': 'OUT', 'entrance': 'Side', 'door_number': '7', 'function': 'IT', 'division': 'BSID', 'department': 'HRSD', 'section': '2'}
[2025-03-30T11:38:50.864+0000] {logging_mixin.py:188} INFO - General error executing query: not all arguments converted during string formatting
[2025-03-30T11:38:50.867+0000] {inout_data.py:83} INFO - {'ingested_time': datetime.datetime(2025, 3, 30, 11, 38, 50, 867822), 'timestamp': datetime.datetime(2024, 9, 30, 4, 42, tzinfo=datetime.timezone.utc), 'emp_id': 7424, 'employee_name': 'Employee3', 'factory': 'FactoryB', 'in_out': 'IN', 'entrance': 'Main', 'door_number': '4', 'function': 'IT', 'division': 'BSID', 'department': 'HRSD', 'section': '2'}
[2025-03-30T11:38:50.873+0000] {logging_mixin.py:188} INFO - General error executing query: not all arguments converted during string formatting
[2025-03-30T11:38:50.877+0000] {inout_data.py:83} INFO - {'ingested_time': datetime.datetime(2025, 3, 30, 11, 38, 50, 877207), 'timestamp': datetime.datetime(2024, 9, 30, 4, 42, tzinfo=datetime.timezone.utc), 'emp_id': 2697, 'employee_name': 'Employee55', 'factory': 'FactoryA', 'in_out': 'IN', 'entrance': 'Main', 'door_number': '2', 'function': 'IT', 'division': 'BSID', 'department': 'CAPD', 'section': '1'}
[2025-03-30T11:38:50.881+0000] {logging_mixin.py:188} INFO - General error executing query: not all arguments converted during string formatting
[2025-03-30T11:38:50.887+0000] {inout_data.py:83} INFO - {'ingested_time': datetime.datetime(2025, 3, 30, 11, 38, 50, 887403), 'timestamp': datetime.datetime(2024, 9, 30, 4, 41, tzinfo=datetime.timezone.utc), 'emp_id': 7156, 'employee_name': 'Employee28', 'factory': 'FactoryA', 'in_out': 'OUT', 'entrance': 'Main', 'door_number': '6', 'function': 'IT', 'division': 'AAPD', 'department': 'ML', 'section': '1'}
[2025-03-30T11:38:50.889+0000] {logging_mixin.py:188} INFO - General error executing query: not all arguments converted during string formatting
[2025-03-30T11:38:50.895+0000] {inout_data.py:83} INFO - {'ingested_time': datetime.datetime(2025, 3, 30, 11, 38, 50, 894873), 'timestamp': datetime.datetime(2024, 9, 30, 4, 53, tzinfo=datetime.timezone.utc), 'emp_id': 5628, 'employee_name': 'Employee77', 'factory': 'FactoryB', 'in_out': 'IN', 'entrance': 'Side', 'door_number': '1', 'function': 'IT', 'division': 'AAPD', 'department': 'CAPD', 'section': '1'}
[2025-03-30T11:38:50.906+0000] {logging_mixin.py:188} INFO - General error executing query: not all arguments converted during string formatting
[2025-03-30T11:38:50.911+0000] {inout_data.py:83} INFO - {'ingested_time': datetime.datetime(2025, 3, 30, 11, 38, 50, 911154), 'timestamp': datetime.datetime(2024, 9, 30, 4, 34, tzinfo=datetime.timezone.utc), 'emp_id': 7556, 'employee_name': 'Employee17', 'factory': 'FactoryA', 'in_out': 'OUT', 'entrance': 'Main', 'door_number': '9', 'function': 'IT', 'division': 'BSID', 'department': 'HRSD', 'section': '2'}
[2025-03-30T11:38:50.925+0000] {logging_mixin.py:188} INFO - General error executing query: not all arguments converted during string formatting
[2025-03-30T11:38:50.929+0000] {inout_data.py:83} INFO - {'ingested_time': datetime.datetime(2025, 3, 30, 11, 38, 50, 929345), 'timestamp': datetime.datetime(2024, 9, 30, 4, 38, tzinfo=datetime.timezone.utc), 'emp_id': 7978, 'employee_name': 'Employee70', 'factory': 'FactoryA', 'in_out': 'OUT', 'entrance': 'Main', 'door_number': '1', 'function': 'IT', 'division': 'AAPD', 'department': 'CAPD', 'section': '1'}
[2025-03-30T11:38:50.934+0000] {logging_mixin.py:188} INFO - General error executing query: not all arguments converted during string formatting
[2025-03-30T11:38:50.947+0000] {inout_data.py:83} INFO - {'ingested_time': datetime.datetime(2025, 3, 30, 11, 38, 50, 947756), 'timestamp': datetime.datetime(2024, 9, 30, 4, 49, tzinfo=datetime.timezone.utc), 'emp_id': 2257, 'employee_name': 'Employee21', 'factory': 'FactoryA', 'in_out': 'IN', 'entrance': 'Side', 'door_number': '4', 'function': 'IT', 'division': 'AAPD', 'department': 'HRSD', 'section': '1'}
[2025-03-30T11:38:50.950+0000] {logging_mixin.py:188} INFO - General error executing query: not all arguments converted during string formatting
[2025-03-30T11:38:50.950+0000] {inout_data.py:83} INFO - {'ingested_time': datetime.datetime(2025, 3, 30, 11, 38, 50, 950747), 'timestamp': datetime.datetime(2024, 9, 30, 4, 51, tzinfo=datetime.timezone.utc), 'emp_id': 8803, 'employee_name': 'Employee32', 'factory': 'FactoryA', 'in_out': 'OUT', 'entrance': 'Side', 'door_number': '6', 'function': 'IT', 'division': 'AAPD', 'department': 'CAPD', 'section': '1'}
[2025-03-30T11:38:50.952+0000] {logging_mixin.py:188} INFO - General error executing query: not all arguments converted during string formatting
[2025-03-30T11:38:50.953+0000] {inout_data.py:83} INFO - {'ingested_time': datetime.datetime(2025, 3, 30, 11, 38, 50, 953337), 'timestamp': datetime.datetime(2024, 9, 30, 4, 41, tzinfo=datetime.timezone.utc), 'emp_id': 9950, 'employee_name': 'Employee65', 'factory': 'FactoryB', 'in_out': 'IN', 'entrance': 'Side', 'door_number': '10', 'function': 'IT', 'division': 'BSID', 'department': 'HRSD', 'section': '1'}
[2025-03-30T11:38:50.953+0000] {logging_mixin.py:188} INFO - General error executing query: not all arguments converted during string formatting
[2025-03-30T11:38:50.954+0000] {inout_data.py:83} INFO - {'ingested_time': datetime.datetime(2025, 3, 30, 11, 38, 50, 954418), 'timestamp': datetime.datetime(2024, 9, 30, 4, 43, tzinfo=datetime.timezone.utc), 'emp_id': 5853, 'employee_name': 'Employee48', 'factory': 'FactoryA', 'in_out': 'IN', 'entrance': 'Main', 'door_number': '8', 'function': 'IT', 'division': 'AAPD', 'department': 'HRSD', 'section': '2'}
[2025-03-30T11:38:50.956+0000] {logging_mixin.py:188} INFO - General error executing query: not all arguments converted during string formatting
[2025-03-30T11:38:50.957+0000] {inout_data.py:83} INFO - {'ingested_time': datetime.datetime(2025, 3, 30, 11, 38, 50, 957347), 'timestamp': datetime.datetime(2024, 9, 30, 4, 35, tzinfo=datetime.timezone.utc), 'emp_id': 1424, 'employee_name': 'Employee88', 'factory': 'FactoryB', 'in_out': 'IN', 'entrance': 'Main', 'door_number': '8', 'function': 'IT', 'division': 'BSID', 'department': 'HRSD', 'section': '2'}
[2025-03-30T11:38:50.958+0000] {logging_mixin.py:188} INFO - General error executing query: not all arguments converted during string formatting
[2025-03-30T11:38:50.958+0000] {inout_data.py:83} INFO - {'ingested_time': datetime.datetime(2025, 3, 30, 11, 38, 50, 958612), 'timestamp': datetime.datetime(2024, 9, 30, 4, 44, tzinfo=datetime.timezone.utc), 'emp_id': 3179, 'employee_name': 'Employee68', 'factory': 'FactoryB', 'in_out': 'IN', 'entrance': 'Main', 'door_number': '4', 'function': 'IT', 'division': 'AAPD', 'department': 'ML', 'section': '2'}
[2025-03-30T11:38:50.959+0000] {logging_mixin.py:188} INFO - General error executing query: not all arguments converted during string formatting
[2025-03-30T11:38:50.961+0000] {inout_data.py:101} INFO - Ingested 13 rows of dummy data for 2024-09-30 04:30:00+00:00.
[2025-03-30T11:38:50.963+0000] {logging_mixin.py:188} INFO - MariaDB connection closed.
[2025-03-30T11:38:50.963+0000] {python.py:202} INFO - Done. Returned value was: None
[2025-03-30T11:38:51.007+0000] {taskinstance.py:1149} INFO - Marking task as SUCCESS. dag_id=inout_data_ingestion, task_id=ingest_dummy_data, execution_date=20240930T043000, start_date=20250330T113850, end_date=20250330T113851
[2025-03-30T11:38:51.147+0000] {local_task_job_runner.py:234} INFO - Task exited with return code 0
[2025-03-30T11:38:51.261+0000] {taskinstance.py:3309} INFO - 0 downstream tasks scheduled from follow-on schedule check
[2025-03-30T11:40:50.268+0000] {taskinstance.py:1979} INFO - Dependencies all met for dep_context=non-requeueable deps ti=<TaskInstance: inout_data_ingestion.ingest_dummy_data scheduled__2024-09-30T04:30:00+00:00 [queued]>
[2025-03-30T11:40:50.276+0000] {taskinstance.py:1979} INFO - Dependencies all met for dep_context=requeueable deps ti=<TaskInstance: inout_data_ingestion.ingest_dummy_data scheduled__2024-09-30T04:30:00+00:00 [queued]>
[2025-03-30T11:40:50.278+0000] {taskinstance.py:2193} INFO - Starting attempt 1 of 2
[2025-03-30T11:40:50.299+0000] {taskinstance.py:2214} INFO - Executing <Task(PythonOperator): ingest_dummy_data> on 2024-09-30 04:30:00+00:00
[2025-03-30T11:40:50.304+0000] {standard_task_runner.py:60} INFO - Started process 6913 to run task
[2025-03-30T11:40:50.311+0000] {standard_task_runner.py:87} INFO - Running: ['***', 'tasks', 'run', 'inout_data_ingestion', 'ingest_dummy_data', 'scheduled__2024-09-30T04:30:00+00:00', '--job-id', '3431', '--raw', '--subdir', 'DAGS_FOLDER/inout_data.py', '--cfg-path', '/tmp/tmp5h1i9yj0']
[2025-03-30T11:40:50.312+0000] {standard_task_runner.py:88} INFO - Job 3431: Subtask ingest_dummy_data
[2025-03-30T11:40:50.325+0000] {warnings.py:109} WARNING - /home/***/.local/lib/python3.8/site-packages/***/settings.py:194: DeprecationWarning: The sql_alchemy_conn option in [core] has been moved to the sql_alchemy_conn option in [database] - the old setting has been used, but please update your config.
  SQL_ALCHEMY_CONN = conf.get("database", "SQL_ALCHEMY_CONN")

[2025-03-30T11:40:50.358+0000] {task_command.py:423} INFO - Running <TaskInstance: inout_data_ingestion.ingest_dummy_data scheduled__2024-09-30T04:30:00+00:00 [running]> on host ff9d64b065e6
[2025-03-30T11:40:50.467+0000] {taskinstance.py:2510} INFO - Exporting env vars: AIRFLOW_CTX_DAG_OWNER='***' AIRFLOW_CTX_DAG_ID='inout_data_ingestion' AIRFLOW_CTX_TASK_ID='ingest_dummy_data' AIRFLOW_CTX_EXECUTION_DATE='2024-09-30T04:30:00+00:00' AIRFLOW_CTX_TRY_NUMBER='1' AIRFLOW_CTX_DAG_RUN_ID='scheduled__2024-09-30T04:30:00+00:00'
[2025-03-30T11:40:50.474+0000] {logging_mixin.py:188} INFO - Successfully connected to MariaDB: INOUT on mariadb:3306
[2025-03-30T11:40:50.475+0000] {inout_data.py:83} INFO - {'ingested_time': datetime.datetime(2025, 3, 30, 11, 40, 50, 475210), 'timestamp': datetime.datetime(2024, 9, 30, 4, 48, tzinfo=datetime.timezone.utc), 'emp_id': 1908, 'employee_name': 'Employee55', 'factory': 'FactoryA', 'in_out': 'OUT', 'entrance': 'Main', 'door_number': '4', 'function': 'IT', 'division': 'AAPD', 'department': 'HRSD', 'section': '1'}
[2025-03-30T11:40:50.476+0000] {inout_data.py:99} INFO - Query: INSERT INTO emp_inout_rec (ingested_time, timestamp, employee_id, employee_name, factory, in_out, entrance, door_number, function, division, department, section) VALUES (%s, %s, %s, %s, %s, %s, %s, %s, %s, %s, %s)
[2025-03-30T11:40:50.477+0000] {inout_data.py:100} INFO - Params: ('2025-03-30 11:40:50', '2024-09-30 04:48:00', 1908, 'Employee55', 'FactoryA', 'OUT', 'Main', '4', 'IT', 'AAPD', 'HRSD', '1')
[2025-03-30T11:40:50.478+0000] {logging_mixin.py:188} INFO - General error executing query: not all arguments converted during string formatting
[2025-03-30T11:40:50.479+0000] {inout_data.py:83} INFO - {'ingested_time': datetime.datetime(2025, 3, 30, 11, 40, 50, 478980), 'timestamp': datetime.datetime(2024, 9, 30, 4, 55, tzinfo=datetime.timezone.utc), 'emp_id': 5930, 'employee_name': 'Employee56', 'factory': 'FactoryA', 'in_out': 'IN', 'entrance': 'Side', 'door_number': '7', 'function': 'IT', 'division': 'BSID', 'department': 'CAPD', 'section': '2'}
[2025-03-30T11:40:50.479+0000] {inout_data.py:99} INFO - Query: INSERT INTO emp_inout_rec (ingested_time, timestamp, employee_id, employee_name, factory, in_out, entrance, door_number, function, division, department, section) VALUES (%s, %s, %s, %s, %s, %s, %s, %s, %s, %s, %s)
[2025-03-30T11:40:50.479+0000] {inout_data.py:100} INFO - Params: ('2025-03-30 11:40:50', '2024-09-30 04:55:00', 5930, 'Employee56', 'FactoryA', 'IN', 'Side', '7', 'IT', 'BSID', 'CAPD', '2')
[2025-03-30T11:40:50.480+0000] {logging_mixin.py:188} INFO - General error executing query: not all arguments converted during string formatting
[2025-03-30T11:40:50.482+0000] {inout_data.py:83} INFO - {'ingested_time': datetime.datetime(2025, 3, 30, 11, 40, 50, 481973), 'timestamp': datetime.datetime(2024, 9, 30, 4, 35, tzinfo=datetime.timezone.utc), 'emp_id': 9193, 'employee_name': 'Employee30', 'factory': 'FactoryA', 'in_out': 'IN', 'entrance': 'Side', 'door_number': '4', 'function': 'IT', 'division': 'BSID', 'department': 'HRSD', 'section': '1'}
[2025-03-30T11:40:50.482+0000] {inout_data.py:99} INFO - Query: INSERT INTO emp_inout_rec (ingested_time, timestamp, employee_id, employee_name, factory, in_out, entrance, door_number, function, division, department, section) VALUES (%s, %s, %s, %s, %s, %s, %s, %s, %s, %s, %s)
[2025-03-30T11:40:50.483+0000] {inout_data.py:100} INFO - Params: ('2025-03-30 11:40:50', '2024-09-30 04:35:00', 9193, 'Employee30', 'FactoryA', 'IN', 'Side', '4', 'IT', 'BSID', 'HRSD', '1')
[2025-03-30T11:40:50.483+0000] {logging_mixin.py:188} INFO - General error executing query: not all arguments converted during string formatting
[2025-03-30T11:40:50.484+0000] {inout_data.py:83} INFO - {'ingested_time': datetime.datetime(2025, 3, 30, 11, 40, 50, 484182), 'timestamp': datetime.datetime(2024, 9, 30, 4, 47, tzinfo=datetime.timezone.utc), 'emp_id': 5561, 'employee_name': 'Employee58', 'factory': 'FactoryB', 'in_out': 'IN', 'entrance': 'Main', 'door_number': '5', 'function': 'IT', 'division': 'BSID', 'department': 'CAPD', 'section': '1'}
[2025-03-30T11:40:50.484+0000] {inout_data.py:99} INFO - Query: INSERT INTO emp_inout_rec (ingested_time, timestamp, employee_id, employee_name, factory, in_out, entrance, door_number, function, division, department, section) VALUES (%s, %s, %s, %s, %s, %s, %s, %s, %s, %s, %s)
[2025-03-30T11:40:50.485+0000] {inout_data.py:100} INFO - Params: ('2025-03-30 11:40:50', '2024-09-30 04:47:00', 5561, 'Employee58', 'FactoryB', 'IN', 'Main', '5', 'IT', 'BSID', 'CAPD', '1')
[2025-03-30T11:40:50.485+0000] {logging_mixin.py:188} INFO - General error executing query: not all arguments converted during string formatting
[2025-03-30T11:40:50.486+0000] {inout_data.py:83} INFO - {'ingested_time': datetime.datetime(2025, 3, 30, 11, 40, 50, 486641), 'timestamp': datetime.datetime(2024, 9, 30, 4, 31, tzinfo=datetime.timezone.utc), 'emp_id': 9833, 'employee_name': 'Employee18', 'factory': 'FactoryA', 'in_out': 'IN', 'entrance': 'Side', 'door_number': '8', 'function': 'IT', 'division': 'AAPD', 'department': 'HRSD', 'section': '1'}
[2025-03-30T11:40:50.487+0000] {inout_data.py:99} INFO - Query: INSERT INTO emp_inout_rec (ingested_time, timestamp, employee_id, employee_name, factory, in_out, entrance, door_number, function, division, department, section) VALUES (%s, %s, %s, %s, %s, %s, %s, %s, %s, %s, %s)
[2025-03-30T11:40:50.487+0000] {inout_data.py:100} INFO - Params: ('2025-03-30 11:40:50', '2024-09-30 04:31:00', 9833, 'Employee18', 'FactoryA', 'IN', 'Side', '8', 'IT', 'AAPD', 'HRSD', '1')
[2025-03-30T11:40:50.488+0000] {logging_mixin.py:188} INFO - General error executing query: not all arguments converted during string formatting
[2025-03-30T11:40:50.488+0000] {inout_data.py:83} INFO - {'ingested_time': datetime.datetime(2025, 3, 30, 11, 40, 50, 488422), 'timestamp': datetime.datetime(2024, 9, 30, 4, 42, tzinfo=datetime.timezone.utc), 'emp_id': 2427, 'employee_name': 'Employee67', 'factory': 'FactoryA', 'in_out': 'IN', 'entrance': 'Main', 'door_number': '7', 'function': 'IT', 'division': 'BSID', 'department': 'HRSD', 'section': '2'}
[2025-03-30T11:40:50.488+0000] {inout_data.py:99} INFO - Query: INSERT INTO emp_inout_rec (ingested_time, timestamp, employee_id, employee_name, factory, in_out, entrance, door_number, function, division, department, section) VALUES (%s, %s, %s, %s, %s, %s, %s, %s, %s, %s, %s)
[2025-03-30T11:40:50.489+0000] {inout_data.py:100} INFO - Params: ('2025-03-30 11:40:50', '2024-09-30 04:42:00', 2427, 'Employee67', 'FactoryA', 'IN', 'Main', '7', 'IT', 'BSID', 'HRSD', '2')
[2025-03-30T11:40:50.489+0000] {logging_mixin.py:188} INFO - General error executing query: not all arguments converted during string formatting
[2025-03-30T11:40:50.489+0000] {inout_data.py:83} INFO - {'ingested_time': datetime.datetime(2025, 3, 30, 11, 40, 50, 489763), 'timestamp': datetime.datetime(2024, 9, 30, 4, 35, tzinfo=datetime.timezone.utc), 'emp_id': 1564, 'employee_name': 'Employee10', 'factory': 'FactoryB', 'in_out': 'IN', 'entrance': 'Side', 'door_number': '3', 'function': 'IT', 'division': 'AAPD', 'department': 'CAPD', 'section': '1'}
[2025-03-30T11:40:50.490+0000] {inout_data.py:99} INFO - Query: INSERT INTO emp_inout_rec (ingested_time, timestamp, employee_id, employee_name, factory, in_out, entrance, door_number, function, division, department, section) VALUES (%s, %s, %s, %s, %s, %s, %s, %s, %s, %s, %s)
[2025-03-30T11:40:50.490+0000] {inout_data.py:100} INFO - Params: ('2025-03-30 11:40:50', '2024-09-30 04:35:00', 1564, 'Employee10', 'FactoryB', 'IN', 'Side', '3', 'IT', 'AAPD', 'CAPD', '1')
[2025-03-30T11:40:50.491+0000] {logging_mixin.py:188} INFO - General error executing query: not all arguments converted during string formatting
[2025-03-30T11:40:50.492+0000] {inout_data.py:83} INFO - {'ingested_time': datetime.datetime(2025, 3, 30, 11, 40, 50, 492509), 'timestamp': datetime.datetime(2024, 9, 30, 4, 55, tzinfo=datetime.timezone.utc), 'emp_id': 2987, 'employee_name': 'Employee57', 'factory': 'FactoryA', 'in_out': 'OUT', 'entrance': 'Main', 'door_number': '5', 'function': 'IT', 'division': 'BSID', 'department': 'HRSD', 'section': '2'}
[2025-03-30T11:40:50.493+0000] {inout_data.py:99} INFO - Query: INSERT INTO emp_inout_rec (ingested_time, timestamp, employee_id, employee_name, factory, in_out, entrance, door_number, function, division, department, section) VALUES (%s, %s, %s, %s, %s, %s, %s, %s, %s, %s, %s)
[2025-03-30T11:40:50.494+0000] {inout_data.py:100} INFO - Params: ('2025-03-30 11:40:50', '2024-09-30 04:55:00', 2987, 'Employee57', 'FactoryA', 'OUT', 'Main', '5', 'IT', 'BSID', 'HRSD', '2')
[2025-03-30T11:40:50.495+0000] {logging_mixin.py:188} INFO - General error executing query: not all arguments converted during string formatting
[2025-03-30T11:40:50.496+0000] {inout_data.py:83} INFO - {'ingested_time': datetime.datetime(2025, 3, 30, 11, 40, 50, 496672), 'timestamp': datetime.datetime(2024, 9, 30, 4, 49, tzinfo=datetime.timezone.utc), 'emp_id': 8090, 'employee_name': 'Employee77', 'factory': 'FactoryB', 'in_out': 'OUT', 'entrance': 'Main', 'door_number': '6', 'function': 'IT', 'division': 'BSID', 'department': 'HRSD', 'section': '1'}
[2025-03-30T11:40:50.497+0000] {inout_data.py:99} INFO - Query: INSERT INTO emp_inout_rec (ingested_time, timestamp, employee_id, employee_name, factory, in_out, entrance, door_number, function, division, department, section) VALUES (%s, %s, %s, %s, %s, %s, %s, %s, %s, %s, %s)
[2025-03-30T11:40:50.498+0000] {inout_data.py:100} INFO - Params: ('2025-03-30 11:40:50', '2024-09-30 04:49:00', 8090, 'Employee77', 'FactoryB', 'OUT', 'Main', '6', 'IT', 'BSID', 'HRSD', '1')
[2025-03-30T11:40:50.498+0000] {logging_mixin.py:188} INFO - General error executing query: not all arguments converted during string formatting
[2025-03-30T11:40:50.499+0000] {inout_data.py:83} INFO - {'ingested_time': datetime.datetime(2025, 3, 30, 11, 40, 50, 499788), 'timestamp': datetime.datetime(2024, 9, 30, 4, 43, tzinfo=datetime.timezone.utc), 'emp_id': 4285, 'employee_name': 'Employee85', 'factory': 'FactoryB', 'in_out': 'IN', 'entrance': 'Main', 'door_number': '8', 'function': 'IT', 'division': 'AAPD', 'department': 'HRSD', 'section': '1'}
[2025-03-30T11:40:50.500+0000] {inout_data.py:99} INFO - Query: INSERT INTO emp_inout_rec (ingested_time, timestamp, employee_id, employee_name, factory, in_out, entrance, door_number, function, division, department, section) VALUES (%s, %s, %s, %s, %s, %s, %s, %s, %s, %s, %s)
[2025-03-30T11:40:50.501+0000] {inout_data.py:100} INFO - Params: ('2025-03-30 11:40:50', '2024-09-30 04:43:00', 4285, 'Employee85', 'FactoryB', 'IN', 'Main', '8', 'IT', 'AAPD', 'HRSD', '1')
[2025-03-30T11:40:50.502+0000] {logging_mixin.py:188} INFO - General error executing query: not all arguments converted during string formatting
[2025-03-30T11:40:50.503+0000] {inout_data.py:83} INFO - {'ingested_time': datetime.datetime(2025, 3, 30, 11, 40, 50, 503307), 'timestamp': datetime.datetime(2024, 9, 30, 4, 36, tzinfo=datetime.timezone.utc), 'emp_id': 7359, 'employee_name': 'Employee57', 'factory': 'FactoryA', 'in_out': 'OUT', 'entrance': 'Main', 'door_number': '8', 'function': 'IT', 'division': 'BSID', 'department': 'HRSD', 'section': '2'}
[2025-03-30T11:40:50.504+0000] {inout_data.py:99} INFO - Query: INSERT INTO emp_inout_rec (ingested_time, timestamp, employee_id, employee_name, factory, in_out, entrance, door_number, function, division, department, section) VALUES (%s, %s, %s, %s, %s, %s, %s, %s, %s, %s, %s)
[2025-03-30T11:40:50.505+0000] {inout_data.py:100} INFO - Params: ('2025-03-30 11:40:50', '2024-09-30 04:36:00', 7359, 'Employee57', 'FactoryA', 'OUT', 'Main', '8', 'IT', 'BSID', 'HRSD', '2')
[2025-03-30T11:40:50.506+0000] {logging_mixin.py:188} INFO - General error executing query: not all arguments converted during string formatting
[2025-03-30T11:40:50.506+0000] {inout_data.py:83} INFO - {'ingested_time': datetime.datetime(2025, 3, 30, 11, 40, 50, 506905), 'timestamp': datetime.datetime(2024, 9, 30, 4, 50, tzinfo=datetime.timezone.utc), 'emp_id': 6694, 'employee_name': 'Employee66', 'factory': 'FactoryA', 'in_out': 'OUT', 'entrance': 'Side', 'door_number': '10', 'function': 'IT', 'division': 'AAPD', 'department': 'CAPD', 'section': '1'}
[2025-03-30T11:40:50.507+0000] {inout_data.py:99} INFO - Query: INSERT INTO emp_inout_rec (ingested_time, timestamp, employee_id, employee_name, factory, in_out, entrance, door_number, function, division, department, section) VALUES (%s, %s, %s, %s, %s, %s, %s, %s, %s, %s, %s)
[2025-03-30T11:40:50.508+0000] {inout_data.py:100} INFO - Params: ('2025-03-30 11:40:50', '2024-09-30 04:50:00', 6694, 'Employee66', 'FactoryA', 'OUT', 'Side', '10', 'IT', 'AAPD', 'CAPD', '1')
[2025-03-30T11:40:50.509+0000] {logging_mixin.py:188} INFO - General error executing query: not all arguments converted during string formatting
[2025-03-30T11:40:50.510+0000] {inout_data.py:102} INFO - Ingested 12 rows of dummy data for 2024-09-30 04:30:00+00:00.
[2025-03-30T11:40:50.511+0000] {logging_mixin.py:188} INFO - MariaDB connection closed.
[2025-03-30T11:40:50.511+0000] {python.py:202} INFO - Done. Returned value was: None
[2025-03-30T11:40:50.533+0000] {taskinstance.py:1149} INFO - Marking task as SUCCESS. dag_id=inout_data_ingestion, task_id=ingest_dummy_data, execution_date=20240930T043000, start_date=20250330T114050, end_date=20250330T114050
[2025-03-30T11:40:50.573+0000] {local_task_job_runner.py:234} INFO - Task exited with return code 0
[2025-03-30T11:40:50.602+0000] {taskinstance.py:3309} INFO - 0 downstream tasks scheduled from follow-on schedule check
