[2025-03-30T11:11:49.189+0000] {taskinstance.py:1979} INFO - Dependencies all met for dep_context=non-requeueable deps ti=<TaskInstance: inout_data_ingestion.create_table scheduled__2024-10-04T14:00:00+00:00 [queued]>
[2025-03-30T11:11:49.204+0000] {taskinstance.py:1979} INFO - Dependencies all met for dep_context=requeueable deps ti=<TaskInstance: inout_data_ingestion.create_table scheduled__2024-10-04T14:00:00+00:00 [queued]>
[2025-03-30T11:11:49.205+0000] {taskinstance.py:2193} INFO - Starting attempt 1 of 2
[2025-03-30T11:11:49.254+0000] {taskinstance.py:2214} INFO - Executing <Task(PythonOperator): create_table> on 2024-10-04 14:00:00+00:00
[2025-03-30T11:11:49.268+0000] {standard_task_runner.py:60} INFO - Started process 1167 to run task
[2025-03-30T11:11:49.273+0000] {standard_task_runner.py:87} INFO - Running: ['***', 'tasks', 'run', 'inout_data_ingestion', 'create_table', 'scheduled__2024-10-04T14:00:00+00:00', '--job-id', '557', '--raw', '--subdir', 'DAGS_FOLDER/inout_data.py', '--cfg-path', '/tmp/tmp0cilo72_']
[2025-03-30T11:11:49.279+0000] {standard_task_runner.py:88} INFO - Job 557: Subtask create_table
[2025-03-30T11:11:49.368+0000] {warnings.py:109} WARNING - /home/***/.local/lib/python3.8/site-packages/***/settings.py:194: DeprecationWarning: The sql_alchemy_conn option in [core] has been moved to the sql_alchemy_conn option in [database] - the old setting has been used, but please update your config.
  SQL_ALCHEMY_CONN = conf.get("database", "SQL_ALCHEMY_CONN")

[2025-03-30T11:11:49.456+0000] {task_command.py:423} INFO - Running <TaskInstance: inout_data_ingestion.create_table scheduled__2024-10-04T14:00:00+00:00 [running]> on host ff9d64b065e6
[2025-03-30T11:11:49.605+0000] {taskinstance.py:2510} INFO - Exporting env vars: AIRFLOW_CTX_DAG_OWNER='***' AIRFLOW_CTX_DAG_ID='inout_data_ingestion' AIRFLOW_CTX_TASK_ID='create_table' AIRFLOW_CTX_EXECUTION_DATE='2024-10-04T14:00:00+00:00' AIRFLOW_CTX_TRY_NUMBER='1' AIRFLOW_CTX_DAG_RUN_ID='scheduled__2024-10-04T14:00:00+00:00'
[2025-03-30T11:11:49.613+0000] {inout_data.py:42} INFO - Successfully connected to MariaDB: INOUT on mariadb:3306
[2025-03-30T11:11:49.617+0000] {inout_data.py:124} INFO - Table emp_inout_rec created (if it didn't exist).
[2025-03-30T11:11:49.623+0000] {inout_data.py:78} INFO - MariaDB connection closed.
[2025-03-30T11:11:49.627+0000] {python.py:202} INFO - Done. Returned value was: None
[2025-03-30T11:11:49.671+0000] {taskinstance.py:1149} INFO - Marking task as SUCCESS. dag_id=inout_data_ingestion, task_id=create_table, execution_date=20241004T140000, start_date=20250330T111149, end_date=20250330T111149
[2025-03-30T11:11:49.727+0000] {local_task_job_runner.py:234} INFO - Task exited with return code 0
[2025-03-30T11:11:49.807+0000] {taskinstance.py:3309} INFO - 1 downstream tasks scheduled from follow-on schedule check
[2025-03-30T11:18:22.329+0000] {taskinstance.py:1979} INFO - Dependencies all met for dep_context=non-requeueable deps ti=<TaskInstance: inout_data_ingestion.create_table scheduled__2024-10-04T14:00:00+00:00 [queued]>
[2025-03-30T11:18:22.350+0000] {taskinstance.py:1979} INFO - Dependencies all met for dep_context=requeueable deps ti=<TaskInstance: inout_data_ingestion.create_table scheduled__2024-10-04T14:00:00+00:00 [queued]>
[2025-03-30T11:18:22.352+0000] {taskinstance.py:2193} INFO - Starting attempt 1 of 2
[2025-03-30T11:18:22.421+0000] {taskinstance.py:2214} INFO - Executing <Task(PythonOperator): create_table> on 2024-10-04 14:00:00+00:00
[2025-03-30T11:18:22.446+0000] {standard_task_runner.py:60} INFO - Started process 3020 to run task
[2025-03-30T11:18:22.474+0000] {standard_task_runner.py:87} INFO - Running: ['***', 'tasks', 'run', 'inout_data_ingestion', 'create_table', 'scheduled__2024-10-04T14:00:00+00:00', '--job-id', '1483', '--raw', '--subdir', 'DAGS_FOLDER/inout_data.py', '--cfg-path', '/tmp/tmpr47s2zff']
[2025-03-30T11:18:22.484+0000] {standard_task_runner.py:88} INFO - Job 1483: Subtask create_table
[2025-03-30T11:18:22.639+0000] {warnings.py:109} WARNING - /home/***/.local/lib/python3.8/site-packages/***/settings.py:194: DeprecationWarning: The sql_alchemy_conn option in [core] has been moved to the sql_alchemy_conn option in [database] - the old setting has been used, but please update your config.
  SQL_ALCHEMY_CONN = conf.get("database", "SQL_ALCHEMY_CONN")

[2025-03-30T11:18:22.784+0000] {task_command.py:423} INFO - Running <TaskInstance: inout_data_ingestion.create_table scheduled__2024-10-04T14:00:00+00:00 [running]> on host ff9d64b065e6
[2025-03-30T11:18:23.098+0000] {taskinstance.py:2510} INFO - Exporting env vars: AIRFLOW_CTX_DAG_OWNER='***' AIRFLOW_CTX_DAG_ID='inout_data_ingestion' AIRFLOW_CTX_TASK_ID='create_table' AIRFLOW_CTX_EXECUTION_DATE='2024-10-04T14:00:00+00:00' AIRFLOW_CTX_TRY_NUMBER='1' AIRFLOW_CTX_DAG_RUN_ID='scheduled__2024-10-04T14:00:00+00:00'
[2025-03-30T11:18:23.125+0000] {inout_data.py:42} INFO - Successfully connected to MariaDB: INOUT on mariadb:3306
[2025-03-30T11:18:23.132+0000] {inout_data.py:117} INFO - Table emp_inout_rec created (if it didn't exist).
[2025-03-30T11:18:23.136+0000] {inout_data.py:78} INFO - MariaDB connection closed.
[2025-03-30T11:18:23.137+0000] {python.py:202} INFO - Done. Returned value was: None
[2025-03-30T11:18:23.177+0000] {taskinstance.py:1149} INFO - Marking task as SUCCESS. dag_id=inout_data_ingestion, task_id=create_table, execution_date=20241004T140000, start_date=20250330T111822, end_date=20250330T111823
[2025-03-30T11:18:23.359+0000] {local_task_job_runner.py:234} INFO - Task exited with return code 0
[2025-03-30T11:18:23.557+0000] {taskinstance.py:3309} INFO - 0 downstream tasks scheduled from follow-on schedule check
[2025-03-30T11:30:42.589+0000] {taskinstance.py:1979} INFO - Dependencies all met for dep_context=non-requeueable deps ti=<TaskInstance: inout_data_ingestion.create_table scheduled__2024-10-04T14:00:00+00:00 [queued]>
[2025-03-30T11:30:42.607+0000] {taskinstance.py:1979} INFO - Dependencies all met for dep_context=requeueable deps ti=<TaskInstance: inout_data_ingestion.create_table scheduled__2024-10-04T14:00:00+00:00 [queued]>
[2025-03-30T11:30:42.609+0000] {taskinstance.py:2193} INFO - Starting attempt 1 of 2
[2025-03-30T11:30:42.639+0000] {taskinstance.py:2214} INFO - Executing <Task(PythonOperator): create_table> on 2024-10-04 14:00:00+00:00
[2025-03-30T11:30:42.648+0000] {standard_task_runner.py:60} INFO - Started process 4940 to run task
[2025-03-30T11:30:42.654+0000] {standard_task_runner.py:87} INFO - Running: ['***', 'tasks', 'run', 'inout_data_ingestion', 'create_table', 'scheduled__2024-10-04T14:00:00+00:00', '--job-id', '2445', '--raw', '--subdir', 'DAGS_FOLDER/inout_data.py', '--cfg-path', '/tmp/tmpxip1eh7_']
[2025-03-30T11:30:42.659+0000] {standard_task_runner.py:88} INFO - Job 2445: Subtask create_table
[2025-03-30T11:30:42.678+0000] {warnings.py:109} WARNING - /home/***/.local/lib/python3.8/site-packages/***/settings.py:194: DeprecationWarning: The sql_alchemy_conn option in [core] has been moved to the sql_alchemy_conn option in [database] - the old setting has been used, but please update your config.
  SQL_ALCHEMY_CONN = conf.get("database", "SQL_ALCHEMY_CONN")

[2025-03-30T11:30:42.724+0000] {task_command.py:423} INFO - Running <TaskInstance: inout_data_ingestion.create_table scheduled__2024-10-04T14:00:00+00:00 [running]> on host ff9d64b065e6
[2025-03-30T11:30:42.808+0000] {taskinstance.py:2510} INFO - Exporting env vars: AIRFLOW_CTX_DAG_OWNER='***' AIRFLOW_CTX_DAG_ID='inout_data_ingestion' AIRFLOW_CTX_TASK_ID='create_table' AIRFLOW_CTX_EXECUTION_DATE='2024-10-04T14:00:00+00:00' AIRFLOW_CTX_TRY_NUMBER='1' AIRFLOW_CTX_DAG_RUN_ID='scheduled__2024-10-04T14:00:00+00:00'
[2025-03-30T11:30:42.813+0000] {logging_mixin.py:188} INFO - Successfully connected to MariaDB: INOUT on mariadb:3306
[2025-03-30T11:30:42.814+0000] {inout_data.py:46} INFO - Table emp_inout_rec created (if it didn't exist).
[2025-03-30T11:30:42.814+0000] {logging_mixin.py:188} INFO - MariaDB connection closed.
[2025-03-30T11:30:42.814+0000] {python.py:202} INFO - Done. Returned value was: None
[2025-03-30T11:30:42.824+0000] {taskinstance.py:1149} INFO - Marking task as SUCCESS. dag_id=inout_data_ingestion, task_id=create_table, execution_date=20241004T140000, start_date=20250330T113042, end_date=20250330T113042
[2025-03-30T11:30:42.881+0000] {local_task_job_runner.py:234} INFO - Task exited with return code 0
[2025-03-30T11:30:42.902+0000] {taskinstance.py:3309} INFO - 1 downstream tasks scheduled from follow-on schedule check
