[2025-03-30T11:12:01.671+0000] {taskinstance.py:1979} INFO - Dependencies all met for dep_context=non-requeueable deps ti=<TaskInstance: inout_data_ingestion.create_table scheduled__2024-10-04T21:00:00+00:00 [queued]>
[2025-03-30T11:12:01.685+0000] {taskinstance.py:1979} INFO - Dependencies all met for dep_context=requeueable deps ti=<TaskInstance: inout_data_ingestion.create_table scheduled__2024-10-04T21:00:00+00:00 [queued]>
[2025-03-30T11:12:01.685+0000] {taskinstance.py:2193} INFO - Starting attempt 1 of 2
[2025-03-30T11:12:01.705+0000] {taskinstance.py:2214} INFO - Executing <Task(PythonOperator): create_table> on 2024-10-04 21:00:00+00:00
[2025-03-30T11:12:01.710+0000] {standard_task_runner.py:60} INFO - Started process 1229 to run task
[2025-03-30T11:12:01.717+0000] {standard_task_runner.py:87} INFO - Running: ['***', 'tasks', 'run', 'inout_data_ingestion', 'create_table', 'scheduled__2024-10-04T21:00:00+00:00', '--job-id', '588', '--raw', '--subdir', 'DAGS_FOLDER/inout_data.py', '--cfg-path', '/tmp/tmpg898gxv9']
[2025-03-30T11:12:01.723+0000] {standard_task_runner.py:88} INFO - Job 588: Subtask create_table
[2025-03-30T11:12:01.744+0000] {warnings.py:109} WARNING - /home/***/.local/lib/python3.8/site-packages/***/settings.py:194: DeprecationWarning: The sql_alchemy_conn option in [core] has been moved to the sql_alchemy_conn option in [database] - the old setting has been used, but please update your config.
  SQL_ALCHEMY_CONN = conf.get("database", "SQL_ALCHEMY_CONN")

[2025-03-30T11:12:01.782+0000] {task_command.py:423} INFO - Running <TaskInstance: inout_data_ingestion.create_table scheduled__2024-10-04T21:00:00+00:00 [running]> on host ff9d64b065e6
[2025-03-30T11:12:01.878+0000] {taskinstance.py:2510} INFO - Exporting env vars: AIRFLOW_CTX_DAG_OWNER='***' AIRFLOW_CTX_DAG_ID='inout_data_ingestion' AIRFLOW_CTX_TASK_ID='create_table' AIRFLOW_CTX_EXECUTION_DATE='2024-10-04T21:00:00+00:00' AIRFLOW_CTX_TRY_NUMBER='1' AIRFLOW_CTX_DAG_RUN_ID='scheduled__2024-10-04T21:00:00+00:00'
[2025-03-30T11:12:01.885+0000] {inout_data.py:42} INFO - Successfully connected to MariaDB: INOUT on mariadb:3306
[2025-03-30T11:12:01.887+0000] {inout_data.py:124} INFO - Table emp_inout_rec created (if it didn't exist).
[2025-03-30T11:12:01.887+0000] {inout_data.py:78} INFO - MariaDB connection closed.
[2025-03-30T11:12:01.889+0000] {python.py:202} INFO - Done. Returned value was: None
[2025-03-30T11:12:01.900+0000] {taskinstance.py:1149} INFO - Marking task as SUCCESS. dag_id=inout_data_ingestion, task_id=create_table, execution_date=20241004T210000, start_date=20250330T111201, end_date=20250330T111201
[2025-03-30T11:12:01.939+0000] {local_task_job_runner.py:234} INFO - Task exited with return code 0
[2025-03-30T11:12:01.968+0000] {taskinstance.py:3309} INFO - 1 downstream tasks scheduled from follow-on schedule check
[2025-03-30T11:18:32.339+0000] {taskinstance.py:1979} INFO - Dependencies all met for dep_context=non-requeueable deps ti=<TaskInstance: inout_data_ingestion.create_table scheduled__2024-10-04T21:00:00+00:00 [queued]>
[2025-03-30T11:18:32.354+0000] {taskinstance.py:1979} INFO - Dependencies all met for dep_context=requeueable deps ti=<TaskInstance: inout_data_ingestion.create_table scheduled__2024-10-04T21:00:00+00:00 [queued]>
[2025-03-30T11:18:32.356+0000] {taskinstance.py:2193} INFO - Starting attempt 1 of 2
[2025-03-30T11:18:32.383+0000] {taskinstance.py:2214} INFO - Executing <Task(PythonOperator): create_table> on 2024-10-04 21:00:00+00:00
[2025-03-30T11:18:32.394+0000] {standard_task_runner.py:60} INFO - Started process 3077 to run task
[2025-03-30T11:18:32.400+0000] {standard_task_runner.py:87} INFO - Running: ['***', 'tasks', 'run', 'inout_data_ingestion', 'create_table', 'scheduled__2024-10-04T21:00:00+00:00', '--job-id', '1513', '--raw', '--subdir', 'DAGS_FOLDER/inout_data.py', '--cfg-path', '/tmp/tmpukfznn_7']
[2025-03-30T11:18:32.402+0000] {standard_task_runner.py:88} INFO - Job 1513: Subtask create_table
[2025-03-30T11:18:32.422+0000] {warnings.py:109} WARNING - /home/***/.local/lib/python3.8/site-packages/***/settings.py:194: DeprecationWarning: The sql_alchemy_conn option in [core] has been moved to the sql_alchemy_conn option in [database] - the old setting has been used, but please update your config.
  SQL_ALCHEMY_CONN = conf.get("database", "SQL_ALCHEMY_CONN")

[2025-03-30T11:18:32.470+0000] {task_command.py:423} INFO - Running <TaskInstance: inout_data_ingestion.create_table scheduled__2024-10-04T21:00:00+00:00 [running]> on host ff9d64b065e6
[2025-03-30T11:18:32.527+0000] {taskinstance.py:2510} INFO - Exporting env vars: AIRFLOW_CTX_DAG_OWNER='***' AIRFLOW_CTX_DAG_ID='inout_data_ingestion' AIRFLOW_CTX_TASK_ID='create_table' AIRFLOW_CTX_EXECUTION_DATE='2024-10-04T21:00:00+00:00' AIRFLOW_CTX_TRY_NUMBER='1' AIRFLOW_CTX_DAG_RUN_ID='scheduled__2024-10-04T21:00:00+00:00'
[2025-03-30T11:18:32.535+0000] {inout_data.py:42} INFO - Successfully connected to MariaDB: INOUT on mariadb:3306
[2025-03-30T11:18:32.535+0000] {inout_data.py:117} INFO - Table emp_inout_rec created (if it didn't exist).
[2025-03-30T11:18:32.536+0000] {inout_data.py:78} INFO - MariaDB connection closed.
[2025-03-30T11:18:32.536+0000] {python.py:202} INFO - Done. Returned value was: None
[2025-03-30T11:18:32.547+0000] {taskinstance.py:1149} INFO - Marking task as SUCCESS. dag_id=inout_data_ingestion, task_id=create_table, execution_date=20241004T210000, start_date=20250330T111832, end_date=20250330T111832
[2025-03-30T11:18:32.580+0000] {local_task_job_runner.py:234} INFO - Task exited with return code 0
[2025-03-30T11:18:32.598+0000] {taskinstance.py:3309} INFO - 1 downstream tasks scheduled from follow-on schedule check
[2025-03-30T11:30:49.137+0000] {taskinstance.py:1979} INFO - Dependencies all met for dep_context=non-requeueable deps ti=<TaskInstance: inout_data_ingestion.create_table scheduled__2024-10-04T21:00:00+00:00 [queued]>
[2025-03-30T11:30:49.171+0000] {taskinstance.py:1979} INFO - Dependencies all met for dep_context=requeueable deps ti=<TaskInstance: inout_data_ingestion.create_table scheduled__2024-10-04T21:00:00+00:00 [queued]>
[2025-03-30T11:30:49.172+0000] {taskinstance.py:2193} INFO - Starting attempt 1 of 2
[2025-03-30T11:30:49.214+0000] {taskinstance.py:2214} INFO - Executing <Task(PythonOperator): create_table> on 2024-10-04 21:00:00+00:00
[2025-03-30T11:30:49.234+0000] {standard_task_runner.py:60} INFO - Started process 4997 to run task
[2025-03-30T11:30:49.241+0000] {standard_task_runner.py:87} INFO - Running: ['***', 'tasks', 'run', 'inout_data_ingestion', 'create_table', 'scheduled__2024-10-04T21:00:00+00:00', '--job-id', '2473', '--raw', '--subdir', 'DAGS_FOLDER/inout_data.py', '--cfg-path', '/tmp/tmpd1l9pphu']
[2025-03-30T11:30:49.246+0000] {standard_task_runner.py:88} INFO - Job 2473: Subtask create_table
[2025-03-30T11:30:49.280+0000] {warnings.py:109} WARNING - /home/***/.local/lib/python3.8/site-packages/***/settings.py:194: DeprecationWarning: The sql_alchemy_conn option in [core] has been moved to the sql_alchemy_conn option in [database] - the old setting has been used, but please update your config.
  SQL_ALCHEMY_CONN = conf.get("database", "SQL_ALCHEMY_CONN")

[2025-03-30T11:30:49.333+0000] {task_command.py:423} INFO - Running <TaskInstance: inout_data_ingestion.create_table scheduled__2024-10-04T21:00:00+00:00 [running]> on host ff9d64b065e6
[2025-03-30T11:30:49.459+0000] {taskinstance.py:2510} INFO - Exporting env vars: AIRFLOW_CTX_DAG_OWNER='***' AIRFLOW_CTX_DAG_ID='inout_data_ingestion' AIRFLOW_CTX_TASK_ID='create_table' AIRFLOW_CTX_EXECUTION_DATE='2024-10-04T21:00:00+00:00' AIRFLOW_CTX_TRY_NUMBER='1' AIRFLOW_CTX_DAG_RUN_ID='scheduled__2024-10-04T21:00:00+00:00'
[2025-03-30T11:30:49.472+0000] {logging_mixin.py:188} INFO - Successfully connected to MariaDB: INOUT on mariadb:3306
[2025-03-30T11:30:49.474+0000] {inout_data.py:46} INFO - Table emp_inout_rec created (if it didn't exist).
[2025-03-30T11:30:49.475+0000] {logging_mixin.py:188} INFO - MariaDB connection closed.
[2025-03-30T11:30:49.475+0000] {python.py:202} INFO - Done. Returned value was: None
[2025-03-30T11:30:49.485+0000] {taskinstance.py:1149} INFO - Marking task as SUCCESS. dag_id=inout_data_ingestion, task_id=create_table, execution_date=20241004T210000, start_date=20250330T113049, end_date=20250330T113049
[2025-03-30T11:30:49.511+0000] {local_task_job_runner.py:234} INFO - Task exited with return code 0
[2025-03-30T11:30:49.527+0000] {taskinstance.py:3309} INFO - 1 downstream tasks scheduled from follow-on schedule check
