[2025-03-30T11:11:32.744+0000] {taskinstance.py:1979} INFO - Dependencies all met for dep_context=non-requeueable deps ti=<TaskInstance: inout_data_ingestion.ingest_dummy_data scheduled__2024-10-04T01:00:00+00:00 [queued]>
[2025-03-30T11:11:32.751+0000] {taskinstance.py:1979} INFO - Dependencies all met for dep_context=requeueable deps ti=<TaskInstance: inout_data_ingestion.ingest_dummy_data scheduled__2024-10-04T01:00:00+00:00 [queued]>
[2025-03-30T11:11:32.752+0000] {taskinstance.py:2193} INFO - Starting attempt 1 of 2
[2025-03-30T11:11:32.763+0000] {taskinstance.py:2214} INFO - Executing <Task(PythonOperator): ingest_dummy_data> on 2024-10-04 01:00:00+00:00
[2025-03-30T11:11:32.766+0000] {standard_task_runner.py:60} INFO - Started process 1074 to run task
[2025-03-30T11:11:32.770+0000] {standard_task_runner.py:87} INFO - Running: ['***', 'tasks', 'run', 'inout_data_ingestion', 'ingest_dummy_data', 'scheduled__2024-10-04T01:00:00+00:00', '--job-id', '512', '--raw', '--subdir', 'DAGS_FOLDER/inout_data.py', '--cfg-path', '/tmp/tmp3iaeareu']
[2025-03-30T11:11:32.771+0000] {standard_task_runner.py:88} INFO - Job 512: Subtask ingest_dummy_data
[2025-03-30T11:11:32.779+0000] {warnings.py:109} WARNING - /home/***/.local/lib/python3.8/site-packages/***/settings.py:194: DeprecationWarning: The sql_alchemy_conn option in [core] has been moved to the sql_alchemy_conn option in [database] - the old setting has been used, but please update your config.
  SQL_ALCHEMY_CONN = conf.get("database", "SQL_ALCHEMY_CONN")

[2025-03-30T11:11:32.798+0000] {task_command.py:423} INFO - Running <TaskInstance: inout_data_ingestion.ingest_dummy_data scheduled__2024-10-04T01:00:00+00:00 [running]> on host ff9d64b065e6
[2025-03-30T11:11:32.844+0000] {taskinstance.py:2510} INFO - Exporting env vars: AIRFLOW_CTX_DAG_OWNER='***' AIRFLOW_CTX_DAG_ID='inout_data_ingestion' AIRFLOW_CTX_TASK_ID='ingest_dummy_data' AIRFLOW_CTX_EXECUTION_DATE='2024-10-04T01:00:00+00:00' AIRFLOW_CTX_TRY_NUMBER='1' AIRFLOW_CTX_DAG_RUN_ID='scheduled__2024-10-04T01:00:00+00:00'
[2025-03-30T11:11:32.848+0000] {inout_data.py:42} INFO - Successfully connected to MariaDB: INOUT on mariadb:3306
[2025-03-30T11:11:32.848+0000] {inout_data.py:63} ERROR - Error executing query: (1062, "Duplicate entry '2025-03-30 11:11:32-7227' for key 'PRIMARY'")
[2025-03-30T11:11:32.849+0000] {inout_data.py:63} ERROR - Error executing query: (1062, "Duplicate entry '2025-03-30 11:11:32-7227' for key 'PRIMARY'")
[2025-03-30T11:11:32.849+0000] {inout_data.py:63} ERROR - Error executing query: (1062, "Duplicate entry '2025-03-30 11:11:32-7227' for key 'PRIMARY'")
[2025-03-30T11:11:32.849+0000] {inout_data.py:63} ERROR - Error executing query: (1062, "Duplicate entry '2025-03-30 11:11:32-7227' for key 'PRIMARY'")
[2025-03-30T11:11:32.850+0000] {inout_data.py:63} ERROR - Error executing query: (1062, "Duplicate entry '2025-03-30 11:11:32-7227' for key 'PRIMARY'")
[2025-03-30T11:11:32.850+0000] {inout_data.py:63} ERROR - Error executing query: (1062, "Duplicate entry '2025-03-30 11:11:32-7227' for key 'PRIMARY'")
[2025-03-30T11:11:32.850+0000] {inout_data.py:63} ERROR - Error executing query: (1062, "Duplicate entry '2025-03-30 11:11:32-7227' for key 'PRIMARY'")
[2025-03-30T11:11:32.850+0000] {inout_data.py:63} ERROR - Error executing query: (1062, "Duplicate entry '2025-03-30 11:11:32-7227' for key 'PRIMARY'")
[2025-03-30T11:11:32.851+0000] {inout_data.py:63} ERROR - Error executing query: (1062, "Duplicate entry '2025-03-30 11:11:32-7227' for key 'PRIMARY'")
[2025-03-30T11:11:32.851+0000] {inout_data.py:63} ERROR - Error executing query: (1062, "Duplicate entry '2025-03-30 11:11:32-7227' for key 'PRIMARY'")
[2025-03-30T11:11:32.851+0000] {inout_data.py:63} ERROR - Error executing query: (1062, "Duplicate entry '2025-03-30 11:11:32-7227' for key 'PRIMARY'")
[2025-03-30T11:11:32.852+0000] {inout_data.py:159} INFO - Ingested 12 rows of dummy data.
[2025-03-30T11:11:32.852+0000] {inout_data.py:78} INFO - MariaDB connection closed.
[2025-03-30T11:11:32.852+0000] {python.py:202} INFO - Done. Returned value was: None
[2025-03-30T11:11:32.856+0000] {taskinstance.py:1149} INFO - Marking task as SUCCESS. dag_id=inout_data_ingestion, task_id=ingest_dummy_data, execution_date=20241004T010000, start_date=20250330T111132, end_date=20250330T111132
[2025-03-30T11:11:32.869+0000] {local_task_job_runner.py:234} INFO - Task exited with return code 0
[2025-03-30T11:11:32.877+0000] {taskinstance.py:3309} INFO - 0 downstream tasks scheduled from follow-on schedule check
[2025-03-30T11:18:05.974+0000] {taskinstance.py:1979} INFO - Dependencies all met for dep_context=non-requeueable deps ti=<TaskInstance: inout_data_ingestion.ingest_dummy_data scheduled__2024-10-04T01:00:00+00:00 [queued]>
[2025-03-30T11:18:05.982+0000] {taskinstance.py:1979} INFO - Dependencies all met for dep_context=requeueable deps ti=<TaskInstance: inout_data_ingestion.ingest_dummy_data scheduled__2024-10-04T01:00:00+00:00 [queued]>
[2025-03-30T11:18:05.982+0000] {taskinstance.py:2193} INFO - Starting attempt 1 of 2
[2025-03-30T11:18:05.997+0000] {taskinstance.py:2214} INFO - Executing <Task(PythonOperator): ingest_dummy_data> on 2024-10-04 01:00:00+00:00
[2025-03-30T11:18:06.001+0000] {standard_task_runner.py:60} INFO - Started process 2931 to run task
[2025-03-30T11:18:06.005+0000] {standard_task_runner.py:87} INFO - Running: ['***', 'tasks', 'run', 'inout_data_ingestion', 'ingest_dummy_data', 'scheduled__2024-10-04T01:00:00+00:00', '--job-id', '1440', '--raw', '--subdir', 'DAGS_FOLDER/inout_data.py', '--cfg-path', '/tmp/tmpycfwrzkm']
[2025-03-30T11:18:06.007+0000] {standard_task_runner.py:88} INFO - Job 1440: Subtask ingest_dummy_data
[2025-03-30T11:18:06.026+0000] {warnings.py:109} WARNING - /home/***/.local/lib/python3.8/site-packages/***/settings.py:194: DeprecationWarning: The sql_alchemy_conn option in [core] has been moved to the sql_alchemy_conn option in [database] - the old setting has been used, but please update your config.
  SQL_ALCHEMY_CONN = conf.get("database", "SQL_ALCHEMY_CONN")

[2025-03-30T11:18:06.061+0000] {task_command.py:423} INFO - Running <TaskInstance: inout_data_ingestion.ingest_dummy_data scheduled__2024-10-04T01:00:00+00:00 [running]> on host ff9d64b065e6
[2025-03-30T11:18:06.122+0000] {taskinstance.py:2510} INFO - Exporting env vars: AIRFLOW_CTX_DAG_OWNER='***' AIRFLOW_CTX_DAG_ID='inout_data_ingestion' AIRFLOW_CTX_TASK_ID='ingest_dummy_data' AIRFLOW_CTX_EXECUTION_DATE='2024-10-04T01:00:00+00:00' AIRFLOW_CTX_TRY_NUMBER='1' AIRFLOW_CTX_DAG_RUN_ID='scheduled__2024-10-04T01:00:00+00:00'
[2025-03-30T11:18:06.125+0000] {inout_data.py:42} INFO - Successfully connected to MariaDB: INOUT on mariadb:3306
[2025-03-30T11:18:06.126+0000] {inout_data.py:63} ERROR - Error executing query: (1062, "Duplicate entry '2025-03-30 11:18:06-6613' for key 'PRIMARY'")
[2025-03-30T11:18:06.126+0000] {inout_data.py:63} ERROR - Error executing query: (1062, "Duplicate entry '2025-03-30 11:18:06-6613' for key 'PRIMARY'")
[2025-03-30T11:18:06.127+0000] {inout_data.py:63} ERROR - Error executing query: (1062, "Duplicate entry '2025-03-30 11:18:06-6613' for key 'PRIMARY'")
[2025-03-30T11:18:06.127+0000] {inout_data.py:63} ERROR - Error executing query: (1062, "Duplicate entry '2025-03-30 11:18:06-6613' for key 'PRIMARY'")
[2025-03-30T11:18:06.127+0000] {inout_data.py:63} ERROR - Error executing query: (1062, "Duplicate entry '2025-03-30 11:18:06-6613' for key 'PRIMARY'")
[2025-03-30T11:18:06.128+0000] {inout_data.py:63} ERROR - Error executing query: (1062, "Duplicate entry '2025-03-30 11:18:06-6613' for key 'PRIMARY'")
[2025-03-30T11:18:06.128+0000] {inout_data.py:63} ERROR - Error executing query: (1062, "Duplicate entry '2025-03-30 11:18:06-6613' for key 'PRIMARY'")
[2025-03-30T11:18:06.128+0000] {inout_data.py:152} INFO - Ingested 8 rows of dummy data.
[2025-03-30T11:18:06.129+0000] {inout_data.py:78} INFO - MariaDB connection closed.
[2025-03-30T11:18:06.129+0000] {python.py:202} INFO - Done. Returned value was: None
[2025-03-30T11:18:06.143+0000] {taskinstance.py:1149} INFO - Marking task as SUCCESS. dag_id=inout_data_ingestion, task_id=ingest_dummy_data, execution_date=20241004T010000, start_date=20250330T111805, end_date=20250330T111806
[2025-03-30T11:18:06.186+0000] {local_task_job_runner.py:234} INFO - Task exited with return code 0
[2025-03-30T11:18:06.202+0000] {taskinstance.py:3309} INFO - 0 downstream tasks scheduled from follow-on schedule check
[2025-03-30T11:30:28.698+0000] {taskinstance.py:1979} INFO - Dependencies all met for dep_context=non-requeueable deps ti=<TaskInstance: inout_data_ingestion.ingest_dummy_data scheduled__2024-10-04T01:00:00+00:00 [queued]>
[2025-03-30T11:30:28.709+0000] {taskinstance.py:1979} INFO - Dependencies all met for dep_context=requeueable deps ti=<TaskInstance: inout_data_ingestion.ingest_dummy_data scheduled__2024-10-04T01:00:00+00:00 [queued]>
[2025-03-30T11:30:28.709+0000] {taskinstance.py:2193} INFO - Starting attempt 1 of 2
[2025-03-30T11:30:28.727+0000] {taskinstance.py:2214} INFO - Executing <Task(PythonOperator): ingest_dummy_data> on 2024-10-04 01:00:00+00:00
[2025-03-30T11:30:28.730+0000] {standard_task_runner.py:60} INFO - Started process 4853 to run task
[2025-03-30T11:30:28.735+0000] {standard_task_runner.py:87} INFO - Running: ['***', 'tasks', 'run', 'inout_data_ingestion', 'ingest_dummy_data', 'scheduled__2024-10-04T01:00:00+00:00', '--job-id', '2401', '--raw', '--subdir', 'DAGS_FOLDER/inout_data.py', '--cfg-path', '/tmp/tmp1adc52s7']
[2025-03-30T11:30:28.741+0000] {standard_task_runner.py:88} INFO - Job 2401: Subtask ingest_dummy_data
[2025-03-30T11:30:28.761+0000] {warnings.py:109} WARNING - /home/***/.local/lib/python3.8/site-packages/***/settings.py:194: DeprecationWarning: The sql_alchemy_conn option in [core] has been moved to the sql_alchemy_conn option in [database] - the old setting has been used, but please update your config.
  SQL_ALCHEMY_CONN = conf.get("database", "SQL_ALCHEMY_CONN")

[2025-03-30T11:30:28.814+0000] {task_command.py:423} INFO - Running <TaskInstance: inout_data_ingestion.ingest_dummy_data scheduled__2024-10-04T01:00:00+00:00 [running]> on host ff9d64b065e6
[2025-03-30T11:30:28.918+0000] {taskinstance.py:2510} INFO - Exporting env vars: AIRFLOW_CTX_DAG_OWNER='***' AIRFLOW_CTX_DAG_ID='inout_data_ingestion' AIRFLOW_CTX_TASK_ID='ingest_dummy_data' AIRFLOW_CTX_EXECUTION_DATE='2024-10-04T01:00:00+00:00' AIRFLOW_CTX_TRY_NUMBER='1' AIRFLOW_CTX_DAG_RUN_ID='scheduled__2024-10-04T01:00:00+00:00'
[2025-03-30T11:30:28.925+0000] {logging_mixin.py:188} INFO - Successfully connected to MariaDB: INOUT on mariadb:3306
[2025-03-30T11:30:28.926+0000] {logging_mixin.py:188} INFO - General error executing query: not all arguments converted during string formatting
[2025-03-30T11:30:28.927+0000] {logging_mixin.py:188} INFO - General error executing query: not all arguments converted during string formatting
[2025-03-30T11:30:28.928+0000] {logging_mixin.py:188} INFO - General error executing query: not all arguments converted during string formatting
[2025-03-30T11:30:28.929+0000] {logging_mixin.py:188} INFO - General error executing query: not all arguments converted during string formatting
[2025-03-30T11:30:28.929+0000] {logging_mixin.py:188} INFO - General error executing query: not all arguments converted during string formatting
[2025-03-30T11:30:28.930+0000] {logging_mixin.py:188} INFO - General error executing query: not all arguments converted during string formatting
[2025-03-30T11:30:28.931+0000] {logging_mixin.py:188} INFO - General error executing query: not all arguments converted during string formatting
[2025-03-30T11:30:28.932+0000] {logging_mixin.py:188} INFO - General error executing query: not all arguments converted during string formatting
[2025-03-30T11:30:28.933+0000] {logging_mixin.py:188} INFO - General error executing query: not all arguments converted during string formatting
[2025-03-30T11:30:28.933+0000] {logging_mixin.py:188} INFO - General error executing query: not all arguments converted during string formatting
[2025-03-30T11:30:28.934+0000] {logging_mixin.py:188} INFO - General error executing query: not all arguments converted during string formatting
[2025-03-30T11:30:28.935+0000] {logging_mixin.py:188} INFO - General error executing query: not all arguments converted during string formatting
[2025-03-30T11:30:28.936+0000] {inout_data.py:87} INFO - Ingested 12 rows of dummy data for 2024-10-04 01:00:00+00:00.
[2025-03-30T11:30:28.936+0000] {logging_mixin.py:188} INFO - MariaDB connection closed.
[2025-03-30T11:30:28.937+0000] {python.py:202} INFO - Done. Returned value was: None
[2025-03-30T11:30:28.947+0000] {taskinstance.py:1149} INFO - Marking task as SUCCESS. dag_id=inout_data_ingestion, task_id=ingest_dummy_data, execution_date=20241004T010000, start_date=20250330T113028, end_date=20250330T113028
[2025-03-30T11:30:28.998+0000] {local_task_job_runner.py:234} INFO - Task exited with return code 0
[2025-03-30T11:30:29.019+0000] {taskinstance.py:3309} INFO - 0 downstream tasks scheduled from follow-on schedule check
