[2025-03-30T11:08:48.653+0000] {taskinstance.py:1979} INFO - Dependencies all met for dep_context=non-requeueable deps ti=<TaskInstance: inout_data_ingestion.ingest_dummy_data scheduled__2024-09-29T05:30:00+00:00 [queued]>
[2025-03-30T11:08:48.660+0000] {taskinstance.py:1979} INFO - Dependencies all met for dep_context=requeueable deps ti=<TaskInstance: inout_data_ingestion.ingest_dummy_data scheduled__2024-09-29T05:30:00+00:00 [queued]>
[2025-03-30T11:08:48.661+0000] {taskinstance.py:2193} INFO - Starting attempt 1 of 2
[2025-03-30T11:08:48.674+0000] {taskinstance.py:2214} INFO - Executing <Task(PythonOperator): ingest_dummy_data> on 2024-09-29 05:30:00+00:00
[2025-03-30T11:08:48.684+0000] {standard_task_runner.py:60} INFO - Started process 149 to run task
[2025-03-30T11:08:48.689+0000] {standard_task_runner.py:87} INFO - Running: ['***', 'tasks', 'run', 'inout_data_ingestion', 'ingest_dummy_data', 'scheduled__2024-09-29T05:30:00+00:00', '--job-id', '49', '--raw', '--subdir', 'DAGS_FOLDER/inout_data.py', '--cfg-path', '/tmp/tmp4sqvbzm7']
[2025-03-30T11:08:48.691+0000] {standard_task_runner.py:88} INFO - Job 49: Subtask ingest_dummy_data
[2025-03-30T11:08:48.702+0000] {warnings.py:109} WARNING - /home/***/.local/lib/python3.8/site-packages/***/settings.py:194: DeprecationWarning: The sql_alchemy_conn option in [core] has been moved to the sql_alchemy_conn option in [database] - the old setting has been used, but please update your config.
  SQL_ALCHEMY_CONN = conf.get("database", "SQL_ALCHEMY_CONN")

[2025-03-30T11:08:48.735+0000] {task_command.py:423} INFO - Running <TaskInstance: inout_data_ingestion.ingest_dummy_data scheduled__2024-09-29T05:30:00+00:00 [running]> on host ff9d64b065e6
[2025-03-30T11:08:48.792+0000] {taskinstance.py:2510} INFO - Exporting env vars: AIRFLOW_CTX_DAG_OWNER='***' AIRFLOW_CTX_DAG_ID='inout_data_ingestion' AIRFLOW_CTX_TASK_ID='ingest_dummy_data' AIRFLOW_CTX_EXECUTION_DATE='2024-09-29T05:30:00+00:00' AIRFLOW_CTX_TRY_NUMBER='1' AIRFLOW_CTX_DAG_RUN_ID='scheduled__2024-09-29T05:30:00+00:00'
[2025-03-30T11:08:48.795+0000] {inout_data.py:42} INFO - Successfully connected to MariaDB: INOUT on mariadb:3306
[2025-03-30T11:08:48.796+0000] {inout_data.py:63} ERROR - Error executing query: (1062, "Duplicate entry '2025-03-30 11:08:48-7940' for key 'PRIMARY'")
[2025-03-30T11:08:48.797+0000] {inout_data.py:63} ERROR - Error executing query: (1062, "Duplicate entry '2025-03-30 11:08:48-7940' for key 'PRIMARY'")
[2025-03-30T11:08:48.797+0000] {inout_data.py:63} ERROR - Error executing query: (1062, "Duplicate entry '2025-03-30 11:08:48-7940' for key 'PRIMARY'")
[2025-03-30T11:08:48.797+0000] {inout_data.py:63} ERROR - Error executing query: (1062, "Duplicate entry '2025-03-30 11:08:48-7940' for key 'PRIMARY'")
[2025-03-30T11:08:48.797+0000] {inout_data.py:63} ERROR - Error executing query: (1062, "Duplicate entry '2025-03-30 11:08:48-7940' for key 'PRIMARY'")
[2025-03-30T11:08:48.798+0000] {inout_data.py:63} ERROR - Error executing query: (1062, "Duplicate entry '2025-03-30 11:08:48-7940' for key 'PRIMARY'")
[2025-03-30T11:08:48.798+0000] {inout_data.py:63} ERROR - Error executing query: (1062, "Duplicate entry '2025-03-30 11:08:48-7940' for key 'PRIMARY'")
[2025-03-30T11:08:48.798+0000] {inout_data.py:63} ERROR - Error executing query: (1062, "Duplicate entry '2025-03-30 11:08:48-7940' for key 'PRIMARY'")
[2025-03-30T11:08:48.799+0000] {inout_data.py:63} ERROR - Error executing query: (1062, "Duplicate entry '2025-03-30 11:08:48-7940' for key 'PRIMARY'")
[2025-03-30T11:08:48.799+0000] {inout_data.py:63} ERROR - Error executing query: (1062, "Duplicate entry '2025-03-30 11:08:48-7940' for key 'PRIMARY'")
[2025-03-30T11:08:48.799+0000] {inout_data.py:63} ERROR - Error executing query: (1062, "Duplicate entry '2025-03-30 11:08:48-7940' for key 'PRIMARY'")
[2025-03-30T11:08:48.800+0000] {inout_data.py:63} ERROR - Error executing query: (1062, "Duplicate entry '2025-03-30 11:08:48-7940' for key 'PRIMARY'")
[2025-03-30T11:08:48.800+0000] {inout_data.py:63} ERROR - Error executing query: (1062, "Duplicate entry '2025-03-30 11:08:48-7940' for key 'PRIMARY'")
[2025-03-30T11:08:48.800+0000] {inout_data.py:63} ERROR - Error executing query: (1062, "Duplicate entry '2025-03-30 11:08:48-7940' for key 'PRIMARY'")
[2025-03-30T11:08:48.801+0000] {inout_data.py:63} ERROR - Error executing query: (1062, "Duplicate entry '2025-03-30 11:08:48-7940' for key 'PRIMARY'")
[2025-03-30T11:08:48.801+0000] {inout_data.py:63} ERROR - Error executing query: (1062, "Duplicate entry '2025-03-30 11:08:48-7940' for key 'PRIMARY'")
[2025-03-30T11:08:48.801+0000] {inout_data.py:63} ERROR - Error executing query: (1062, "Duplicate entry '2025-03-30 11:08:48-7940' for key 'PRIMARY'")
[2025-03-30T11:08:48.801+0000] {inout_data.py:159} INFO - Ingested 18 rows of dummy data.
[2025-03-30T11:08:48.802+0000] {inout_data.py:78} INFO - MariaDB connection closed.
[2025-03-30T11:08:48.802+0000] {python.py:202} INFO - Done. Returned value was: None
[2025-03-30T11:08:48.807+0000] {taskinstance.py:1149} INFO - Marking task as SUCCESS. dag_id=inout_data_ingestion, task_id=ingest_dummy_data, execution_date=20240929T053000, start_date=20250330T110848, end_date=20250330T110848
[2025-03-30T11:08:48.826+0000] {local_task_job_runner.py:234} INFO - Task exited with return code 0
[2025-03-30T11:08:48.842+0000] {taskinstance.py:3309} INFO - 0 downstream tasks scheduled from follow-on schedule check
[2025-03-30T11:15:32.405+0000] {taskinstance.py:1979} INFO - Dependencies all met for dep_context=non-requeueable deps ti=<TaskInstance: inout_data_ingestion.ingest_dummy_data scheduled__2024-09-29T05:30:00+00:00 [queued]>
[2025-03-30T11:15:32.419+0000] {taskinstance.py:1979} INFO - Dependencies all met for dep_context=requeueable deps ti=<TaskInstance: inout_data_ingestion.ingest_dummy_data scheduled__2024-09-29T05:30:00+00:00 [queued]>
[2025-03-30T11:15:32.420+0000] {taskinstance.py:2193} INFO - Starting attempt 1 of 2
[2025-03-30T11:15:32.438+0000] {taskinstance.py:2214} INFO - Executing <Task(PythonOperator): ingest_dummy_data> on 2024-09-29 05:30:00+00:00
[2025-03-30T11:15:32.442+0000] {standard_task_runner.py:60} INFO - Started process 2007 to run task
[2025-03-30T11:15:32.448+0000] {standard_task_runner.py:87} INFO - Running: ['***', 'tasks', 'run', 'inout_data_ingestion', 'ingest_dummy_data', 'scheduled__2024-09-29T05:30:00+00:00', '--job-id', '978', '--raw', '--subdir', 'DAGS_FOLDER/inout_data.py', '--cfg-path', '/tmp/tmp1xmqe5su']
[2025-03-30T11:15:32.452+0000] {standard_task_runner.py:88} INFO - Job 978: Subtask ingest_dummy_data
[2025-03-30T11:15:32.470+0000] {warnings.py:109} WARNING - /home/***/.local/lib/python3.8/site-packages/***/settings.py:194: DeprecationWarning: The sql_alchemy_conn option in [core] has been moved to the sql_alchemy_conn option in [database] - the old setting has been used, but please update your config.
  SQL_ALCHEMY_CONN = conf.get("database", "SQL_ALCHEMY_CONN")

[2025-03-30T11:15:32.508+0000] {task_command.py:423} INFO - Running <TaskInstance: inout_data_ingestion.ingest_dummy_data scheduled__2024-09-29T05:30:00+00:00 [running]> on host ff9d64b065e6
[2025-03-30T11:15:32.592+0000] {taskinstance.py:2510} INFO - Exporting env vars: AIRFLOW_CTX_DAG_OWNER='***' AIRFLOW_CTX_DAG_ID='inout_data_ingestion' AIRFLOW_CTX_TASK_ID='ingest_dummy_data' AIRFLOW_CTX_EXECUTION_DATE='2024-09-29T05:30:00+00:00' AIRFLOW_CTX_TRY_NUMBER='1' AIRFLOW_CTX_DAG_RUN_ID='scheduled__2024-09-29T05:30:00+00:00'
[2025-03-30T11:15:32.597+0000] {inout_data.py:42} INFO - Successfully connected to MariaDB: INOUT on mariadb:3306
[2025-03-30T11:15:32.599+0000] {inout_data.py:63} ERROR - Error executing query: (1062, "Duplicate entry '2025-03-30 11:15:32-5917' for key 'PRIMARY'")
[2025-03-30T11:15:32.600+0000] {inout_data.py:63} ERROR - Error executing query: (1062, "Duplicate entry '2025-03-30 11:15:32-5917' for key 'PRIMARY'")
[2025-03-30T11:15:32.601+0000] {inout_data.py:63} ERROR - Error executing query: (1062, "Duplicate entry '2025-03-30 11:15:32-5917' for key 'PRIMARY'")
[2025-03-30T11:15:32.602+0000] {inout_data.py:63} ERROR - Error executing query: (1062, "Duplicate entry '2025-03-30 11:15:32-5917' for key 'PRIMARY'")
[2025-03-30T11:15:32.604+0000] {inout_data.py:63} ERROR - Error executing query: (1062, "Duplicate entry '2025-03-30 11:15:32-5917' for key 'PRIMARY'")
[2025-03-30T11:15:32.605+0000] {inout_data.py:63} ERROR - Error executing query: (1062, "Duplicate entry '2025-03-30 11:15:32-5917' for key 'PRIMARY'")
[2025-03-30T11:15:32.608+0000] {inout_data.py:63} ERROR - Error executing query: (1062, "Duplicate entry '2025-03-30 11:15:32-5917' for key 'PRIMARY'")
[2025-03-30T11:15:32.609+0000] {inout_data.py:63} ERROR - Error executing query: (1062, "Duplicate entry '2025-03-30 11:15:32-5917' for key 'PRIMARY'")
[2025-03-30T11:15:32.610+0000] {inout_data.py:63} ERROR - Error executing query: (1062, "Duplicate entry '2025-03-30 11:15:32-5917' for key 'PRIMARY'")
[2025-03-30T11:15:32.611+0000] {inout_data.py:63} ERROR - Error executing query: (1062, "Duplicate entry '2025-03-30 11:15:32-5917' for key 'PRIMARY'")
[2025-03-30T11:15:32.615+0000] {inout_data.py:63} ERROR - Error executing query: (1062, "Duplicate entry '2025-03-30 11:15:32-5917' for key 'PRIMARY'")
[2025-03-30T11:15:32.616+0000] {inout_data.py:152} INFO - Ingested 12 rows of dummy data.
[2025-03-30T11:15:32.617+0000] {inout_data.py:78} INFO - MariaDB connection closed.
[2025-03-30T11:15:32.617+0000] {python.py:202} INFO - Done. Returned value was: None
[2025-03-30T11:15:32.630+0000] {taskinstance.py:1149} INFO - Marking task as SUCCESS. dag_id=inout_data_ingestion, task_id=ingest_dummy_data, execution_date=20240929T053000, start_date=20250330T111532, end_date=20250330T111532
[2025-03-30T11:15:32.671+0000] {local_task_job_runner.py:234} INFO - Task exited with return code 0
[2025-03-30T11:15:32.685+0000] {taskinstance.py:3309} INFO - 0 downstream tasks scheduled from follow-on schedule check
[2025-03-30T11:22:24.382+0000] {taskinstance.py:1979} INFO - Dependencies all met for dep_context=non-requeueable deps ti=<TaskInstance: inout_data_ingestion.ingest_dummy_data scheduled__2024-09-29T05:30:00+00:00 [queued]>
[2025-03-30T11:22:24.427+0000] {taskinstance.py:1979} INFO - Dependencies all met for dep_context=requeueable deps ti=<TaskInstance: inout_data_ingestion.ingest_dummy_data scheduled__2024-09-29T05:30:00+00:00 [queued]>
[2025-03-30T11:22:24.429+0000] {taskinstance.py:2193} INFO - Starting attempt 1 of 2
[2025-03-30T11:22:24.457+0000] {taskinstance.py:2214} INFO - Executing <Task(PythonOperator): ingest_dummy_data> on 2024-09-29 05:30:00+00:00
[2025-03-30T11:22:24.471+0000] {standard_task_runner.py:60} INFO - Started process 3860 to run task
[2025-03-30T11:22:24.481+0000] {standard_task_runner.py:87} INFO - Running: ['***', 'tasks', 'run', 'inout_data_ingestion', 'ingest_dummy_data', 'scheduled__2024-09-29T05:30:00+00:00', '--job-id', '1904', '--raw', '--subdir', 'DAGS_FOLDER/inout_data.py', '--cfg-path', '/tmp/tmpcz53fhkb']
[2025-03-30T11:22:24.483+0000] {standard_task_runner.py:88} INFO - Job 1904: Subtask ingest_dummy_data
[2025-03-30T11:22:24.519+0000] {warnings.py:109} WARNING - /home/***/.local/lib/python3.8/site-packages/***/settings.py:194: DeprecationWarning: The sql_alchemy_conn option in [core] has been moved to the sql_alchemy_conn option in [database] - the old setting has been used, but please update your config.
  SQL_ALCHEMY_CONN = conf.get("database", "SQL_ALCHEMY_CONN")

[2025-03-30T11:22:24.618+0000] {task_command.py:423} INFO - Running <TaskInstance: inout_data_ingestion.ingest_dummy_data scheduled__2024-09-29T05:30:00+00:00 [running]> on host ff9d64b065e6
[2025-03-30T11:22:24.814+0000] {taskinstance.py:2510} INFO - Exporting env vars: AIRFLOW_CTX_DAG_OWNER='***' AIRFLOW_CTX_DAG_ID='inout_data_ingestion' AIRFLOW_CTX_TASK_ID='ingest_dummy_data' AIRFLOW_CTX_EXECUTION_DATE='2024-09-29T05:30:00+00:00' AIRFLOW_CTX_TRY_NUMBER='1' AIRFLOW_CTX_DAG_RUN_ID='scheduled__2024-09-29T05:30:00+00:00'
[2025-03-30T11:22:24.820+0000] {inout_data.py:42} INFO - Successfully connected to MariaDB: INOUT on mariadb:3306
[2025-03-30T11:22:24.823+0000] {taskinstance.py:2728} ERROR - Task failed with exception
Traceback (most recent call last):
  File "/home/airflow/.local/lib/python3.8/site-packages/airflow/models/taskinstance.py", line 444, in _execute_task
    result = _execute_callable(context=context, **execute_callable_kwargs)
  File "/home/airflow/.local/lib/python3.8/site-packages/airflow/models/taskinstance.py", line 414, in _execute_callable
    return execute_callable(context=context, **execute_callable_kwargs)
  File "/home/airflow/.local/lib/python3.8/site-packages/airflow/operators/python.py", line 200, in execute
    return_value = self.execute_callable()
  File "/home/airflow/.local/lib/python3.8/site-packages/airflow/operators/python.py", line 217, in execute_callable
    return self.python_callable(*self.op_args, **self.op_kwargs)
  File "/opt/airflow/dags/inout_data.py", line 150, in ingest_dummy_data
    data = generate_dummy_data(logical_date)
  File "/opt/airflow/dags/inout_data.py", line 127, in generate_dummy_data
    timestamp = logical_date + timedelta(minutes=random.randint(0, 29)) #random minutes within the 30 minute interval
TypeError: can only concatenate str (not "datetime.timedelta") to str
[2025-03-30T11:22:24.838+0000] {taskinstance.py:1149} INFO - Marking task as UP_FOR_RETRY. dag_id=inout_data_ingestion, task_id=ingest_dummy_data, execution_date=20240929T053000, start_date=20250330T112224, end_date=20250330T112224
[2025-03-30T11:22:24.861+0000] {standard_task_runner.py:107} ERROR - Failed to execute job 1904 for task ingest_dummy_data (can only concatenate str (not "datetime.timedelta") to str; 3860)
[2025-03-30T11:22:24.875+0000] {local_task_job_runner.py:234} INFO - Task exited with return code 1
[2025-03-30T11:22:24.933+0000] {taskinstance.py:3309} INFO - 0 downstream tasks scheduled from follow-on schedule check
[2025-03-30T11:28:06.378+0000] {taskinstance.py:1979} INFO - Dependencies all met for dep_context=non-requeueable deps ti=<TaskInstance: inout_data_ingestion.ingest_dummy_data scheduled__2024-09-29T05:30:00+00:00 [queued]>
[2025-03-30T11:28:06.408+0000] {taskinstance.py:1979} INFO - Dependencies all met for dep_context=requeueable deps ti=<TaskInstance: inout_data_ingestion.ingest_dummy_data scheduled__2024-09-29T05:30:00+00:00 [queued]>
[2025-03-30T11:28:06.408+0000] {taskinstance.py:2193} INFO - Starting attempt 1 of 2
[2025-03-30T11:28:06.438+0000] {taskinstance.py:2214} INFO - Executing <Task(PythonOperator): ingest_dummy_data> on 2024-09-29 05:30:00+00:00
[2025-03-30T11:28:06.456+0000] {standard_task_runner.py:60} INFO - Started process 3933 to run task
[2025-03-30T11:28:06.473+0000] {standard_task_runner.py:87} INFO - Running: ['***', 'tasks', 'run', 'inout_data_ingestion', 'ingest_dummy_data', 'scheduled__2024-09-29T05:30:00+00:00', '--job-id', '1939', '--raw', '--subdir', 'DAGS_FOLDER/inout_data.py', '--cfg-path', '/tmp/tmp_aj8t1cn']
[2025-03-30T11:28:06.476+0000] {standard_task_runner.py:88} INFO - Job 1939: Subtask ingest_dummy_data
[2025-03-30T11:28:06.533+0000] {warnings.py:109} WARNING - /home/***/.local/lib/python3.8/site-packages/***/settings.py:194: DeprecationWarning: The sql_alchemy_conn option in [core] has been moved to the sql_alchemy_conn option in [database] - the old setting has been used, but please update your config.
  SQL_ALCHEMY_CONN = conf.get("database", "SQL_ALCHEMY_CONN")

[2025-03-30T11:28:06.635+0000] {task_command.py:423} INFO - Running <TaskInstance: inout_data_ingestion.ingest_dummy_data scheduled__2024-09-29T05:30:00+00:00 [running]> on host ff9d64b065e6
[2025-03-30T11:28:07.285+0000] {taskinstance.py:2510} INFO - Exporting env vars: AIRFLOW_CTX_DAG_OWNER='***' AIRFLOW_CTX_DAG_ID='inout_data_ingestion' AIRFLOW_CTX_TASK_ID='ingest_dummy_data' AIRFLOW_CTX_EXECUTION_DATE='2024-09-29T05:30:00+00:00' AIRFLOW_CTX_TRY_NUMBER='1' AIRFLOW_CTX_DAG_RUN_ID='scheduled__2024-09-29T05:30:00+00:00'
[2025-03-30T11:28:07.298+0000] {logging_mixin.py:188} INFO - Successfully connected to MariaDB: INOUT on mariadb:3306
[2025-03-30T11:28:07.299+0000] {logging_mixin.py:188} INFO - General error executing query: not all arguments converted during string formatting
[2025-03-30T11:28:07.301+0000] {logging_mixin.py:188} INFO - General error executing query: not all arguments converted during string formatting
[2025-03-30T11:28:07.304+0000] {logging_mixin.py:188} INFO - General error executing query: not all arguments converted during string formatting
[2025-03-30T11:28:07.306+0000] {logging_mixin.py:188} INFO - General error executing query: not all arguments converted during string formatting
[2025-03-30T11:28:07.307+0000] {logging_mixin.py:188} INFO - General error executing query: not all arguments converted during string formatting
[2025-03-30T11:28:07.309+0000] {logging_mixin.py:188} INFO - General error executing query: not all arguments converted during string formatting
[2025-03-30T11:28:07.311+0000] {logging_mixin.py:188} INFO - General error executing query: not all arguments converted during string formatting
[2025-03-30T11:28:07.312+0000] {logging_mixin.py:188} INFO - General error executing query: not all arguments converted during string formatting
[2025-03-30T11:28:07.313+0000] {logging_mixin.py:188} INFO - General error executing query: not all arguments converted during string formatting
[2025-03-30T11:28:07.314+0000] {logging_mixin.py:188} INFO - General error executing query: not all arguments converted during string formatting
[2025-03-30T11:28:07.316+0000] {logging_mixin.py:188} INFO - General error executing query: not all arguments converted during string formatting
[2025-03-30T11:28:07.318+0000] {logging_mixin.py:188} INFO - General error executing query: not all arguments converted during string formatting
[2025-03-30T11:28:07.320+0000] {logging_mixin.py:188} INFO - General error executing query: not all arguments converted during string formatting
[2025-03-30T11:28:07.322+0000] {logging_mixin.py:188} INFO - General error executing query: not all arguments converted during string formatting
[2025-03-30T11:28:07.326+0000] {logging_mixin.py:188} INFO - General error executing query: not all arguments converted during string formatting
[2025-03-30T11:28:07.329+0000] {logging_mixin.py:188} INFO - General error executing query: not all arguments converted during string formatting
[2025-03-30T11:28:07.332+0000] {logging_mixin.py:188} INFO - General error executing query: not all arguments converted during string formatting
[2025-03-30T11:28:07.334+0000] {logging_mixin.py:188} INFO - General error executing query: not all arguments converted during string formatting
[2025-03-30T11:28:07.338+0000] {logging_mixin.py:188} INFO - General error executing query: not all arguments converted during string formatting
[2025-03-30T11:28:07.341+0000] {logging_mixin.py:188} INFO - General error executing query: not all arguments converted during string formatting
[2025-03-30T11:28:07.345+0000] {inout_data.py:87} INFO - Ingested 20 rows of dummy data for 2024-09-29 05:30:00+00:00.
[2025-03-30T11:28:07.347+0000] {logging_mixin.py:188} INFO - MariaDB connection closed.
[2025-03-30T11:28:07.348+0000] {python.py:202} INFO - Done. Returned value was: None
[2025-03-30T11:28:07.369+0000] {taskinstance.py:1149} INFO - Marking task as SUCCESS. dag_id=inout_data_ingestion, task_id=ingest_dummy_data, execution_date=20240929T053000, start_date=20250330T112806, end_date=20250330T112807
[2025-03-30T11:28:07.452+0000] {local_task_job_runner.py:234} INFO - Task exited with return code 0
[2025-03-30T11:28:07.494+0000] {taskinstance.py:3309} INFO - 0 downstream tasks scheduled from follow-on schedule check
[2025-03-30T11:32:47.680+0000] {taskinstance.py:1979} INFO - Dependencies all met for dep_context=non-requeueable deps ti=<TaskInstance: inout_data_ingestion.ingest_dummy_data scheduled__2024-09-29T05:30:00+00:00 [queued]>
[2025-03-30T11:32:47.714+0000] {taskinstance.py:1979} INFO - Dependencies all met for dep_context=requeueable deps ti=<TaskInstance: inout_data_ingestion.ingest_dummy_data scheduled__2024-09-29T05:30:00+00:00 [queued]>
[2025-03-30T11:32:47.715+0000] {taskinstance.py:2193} INFO - Starting attempt 1 of 2
[2025-03-30T11:32:47.764+0000] {taskinstance.py:2214} INFO - Executing <Task(PythonOperator): ingest_dummy_data> on 2024-09-29 05:30:00+00:00
[2025-03-30T11:32:47.771+0000] {standard_task_runner.py:60} INFO - Started process 5387 to run task
[2025-03-30T11:32:47.788+0000] {standard_task_runner.py:87} INFO - Running: ['***', 'tasks', 'run', 'inout_data_ingestion', 'ingest_dummy_data', 'scheduled__2024-09-29T05:30:00+00:00', '--job-id', '2668', '--raw', '--subdir', 'DAGS_FOLDER/inout_data.py', '--cfg-path', '/tmp/tmpwqjn76yf']
[2025-03-30T11:32:47.792+0000] {standard_task_runner.py:88} INFO - Job 2668: Subtask ingest_dummy_data
[2025-03-30T11:32:47.820+0000] {warnings.py:109} WARNING - /home/***/.local/lib/python3.8/site-packages/***/settings.py:194: DeprecationWarning: The sql_alchemy_conn option in [core] has been moved to the sql_alchemy_conn option in [database] - the old setting has been used, but please update your config.
  SQL_ALCHEMY_CONN = conf.get("database", "SQL_ALCHEMY_CONN")

[2025-03-30T11:32:47.898+0000] {task_command.py:423} INFO - Running <TaskInstance: inout_data_ingestion.ingest_dummy_data scheduled__2024-09-29T05:30:00+00:00 [running]> on host ff9d64b065e6
[2025-03-30T11:32:48.082+0000] {taskinstance.py:2510} INFO - Exporting env vars: AIRFLOW_CTX_DAG_OWNER='***' AIRFLOW_CTX_DAG_ID='inout_data_ingestion' AIRFLOW_CTX_TASK_ID='ingest_dummy_data' AIRFLOW_CTX_EXECUTION_DATE='2024-09-29T05:30:00+00:00' AIRFLOW_CTX_TRY_NUMBER='1' AIRFLOW_CTX_DAG_RUN_ID='scheduled__2024-09-29T05:30:00+00:00'
[2025-03-30T11:32:48.092+0000] {logging_mixin.py:188} INFO - Successfully connected to MariaDB: INOUT on mariadb:3306
[2025-03-30T11:32:48.094+0000] {inout_data.py:83} INFO - {'ingested_time': datetime.datetime(2025, 3, 30, 11, 32, 48, 94062), 'timestamp': datetime.datetime(2024, 9, 29, 5, 32, tzinfo=datetime.timezone.utc), 'emp_id': 3902, 'employee_name': 'Employee33', 'factory': 'FactoryA', 'in_out': 'IN', 'entrance': 'Main', 'door_number': '10', 'function': 'IT', 'division': 'AAPD', 'department': 'CAPD', 'section': '2'}
[2025-03-30T11:32:48.097+0000] {logging_mixin.py:188} INFO - General error executing query: not all arguments converted during string formatting
[2025-03-30T11:32:48.099+0000] {inout_data.py:83} INFO - {'ingested_time': datetime.datetime(2025, 3, 30, 11, 32, 48, 98938), 'timestamp': datetime.datetime(2024, 9, 29, 5, 46, tzinfo=datetime.timezone.utc), 'emp_id': 6326, 'employee_name': 'Employee58', 'factory': 'FactoryB', 'in_out': 'IN', 'entrance': 'Side', 'door_number': '9', 'function': 'IT', 'division': 'BSID', 'department': 'CAPD', 'section': '2'}
[2025-03-30T11:32:48.100+0000] {logging_mixin.py:188} INFO - General error executing query: not all arguments converted during string formatting
[2025-03-30T11:32:48.101+0000] {inout_data.py:83} INFO - {'ingested_time': datetime.datetime(2025, 3, 30, 11, 32, 48, 101855), 'timestamp': datetime.datetime(2024, 9, 29, 5, 54, tzinfo=datetime.timezone.utc), 'emp_id': 9973, 'employee_name': 'Employee59', 'factory': 'FactoryB', 'in_out': 'IN', 'entrance': 'Main', 'door_number': '1', 'function': 'IT', 'division': 'BSID', 'department': 'CAPD', 'section': '1'}
[2025-03-30T11:32:48.105+0000] {logging_mixin.py:188} INFO - General error executing query: not all arguments converted during string formatting
[2025-03-30T11:32:48.106+0000] {inout_data.py:83} INFO - {'ingested_time': datetime.datetime(2025, 3, 30, 11, 32, 48, 106606), 'timestamp': datetime.datetime(2024, 9, 29, 5, 56, tzinfo=datetime.timezone.utc), 'emp_id': 4396, 'employee_name': 'Employee71', 'factory': 'FactoryB', 'in_out': 'IN', 'entrance': 'Side', 'door_number': '9', 'function': 'IT', 'division': 'BSID', 'department': 'ML', 'section': '2'}
[2025-03-30T11:32:48.110+0000] {logging_mixin.py:188} INFO - General error executing query: not all arguments converted during string formatting
[2025-03-30T11:32:48.113+0000] {inout_data.py:83} INFO - {'ingested_time': datetime.datetime(2025, 3, 30, 11, 32, 48, 113452), 'timestamp': datetime.datetime(2024, 9, 29, 5, 36, tzinfo=datetime.timezone.utc), 'emp_id': 3790, 'employee_name': 'Employee38', 'factory': 'FactoryB', 'in_out': 'OUT', 'entrance': 'Side', 'door_number': '6', 'function': 'IT', 'division': 'AAPD', 'department': 'HRSD', 'section': '1'}
[2025-03-30T11:32:48.114+0000] {logging_mixin.py:188} INFO - General error executing query: not all arguments converted during string formatting
[2025-03-30T11:32:48.118+0000] {inout_data.py:88} INFO - Ingested 5 rows of dummy data for 2024-09-29 05:30:00+00:00.
[2025-03-30T11:32:48.120+0000] {logging_mixin.py:188} INFO - MariaDB connection closed.
[2025-03-30T11:32:48.123+0000] {python.py:202} INFO - Done. Returned value was: None
[2025-03-30T11:32:48.172+0000] {taskinstance.py:1149} INFO - Marking task as SUCCESS. dag_id=inout_data_ingestion, task_id=ingest_dummy_data, execution_date=20240929T053000, start_date=20250330T113247, end_date=20250330T113248
[2025-03-30T11:32:48.260+0000] {local_task_job_runner.py:234} INFO - Task exited with return code 0
[2025-03-30T11:32:48.378+0000] {taskinstance.py:3309} INFO - 0 downstream tasks scheduled from follow-on schedule check
[2025-03-30T11:35:56.806+0000] {taskinstance.py:1979} INFO - Dependencies all met for dep_context=non-requeueable deps ti=<TaskInstance: inout_data_ingestion.ingest_dummy_data scheduled__2024-09-29T05:30:00+00:00 [queued]>
[2025-03-30T11:35:56.827+0000] {taskinstance.py:1979} INFO - Dependencies all met for dep_context=requeueable deps ti=<TaskInstance: inout_data_ingestion.ingest_dummy_data scheduled__2024-09-29T05:30:00+00:00 [queued]>
[2025-03-30T11:35:56.828+0000] {taskinstance.py:2193} INFO - Starting attempt 1 of 2
[2025-03-30T11:35:56.853+0000] {taskinstance.py:2214} INFO - Executing <Task(PythonOperator): ingest_dummy_data> on 2024-09-29 05:30:00+00:00
[2025-03-30T11:35:56.869+0000] {standard_task_runner.py:60} INFO - Started process 6221 to run task
[2025-03-30T11:35:56.877+0000] {standard_task_runner.py:87} INFO - Running: ['***', 'tasks', 'run', 'inout_data_ingestion', 'ingest_dummy_data', 'scheduled__2024-09-29T05:30:00+00:00', '--job-id', '3084', '--raw', '--subdir', 'DAGS_FOLDER/inout_data.py', '--cfg-path', '/tmp/tmpo8ycdd8x']
[2025-03-30T11:35:56.879+0000] {standard_task_runner.py:88} INFO - Job 3084: Subtask ingest_dummy_data
[2025-03-30T11:35:56.910+0000] {warnings.py:109} WARNING - /home/***/.local/lib/python3.8/site-packages/***/settings.py:194: DeprecationWarning: The sql_alchemy_conn option in [core] has been moved to the sql_alchemy_conn option in [database] - the old setting has been used, but please update your config.
  SQL_ALCHEMY_CONN = conf.get("database", "SQL_ALCHEMY_CONN")

[2025-03-30T11:35:56.979+0000] {task_command.py:423} INFO - Running <TaskInstance: inout_data_ingestion.ingest_dummy_data scheduled__2024-09-29T05:30:00+00:00 [running]> on host ff9d64b065e6
[2025-03-30T11:35:57.066+0000] {taskinstance.py:2510} INFO - Exporting env vars: AIRFLOW_CTX_DAG_OWNER='***' AIRFLOW_CTX_DAG_ID='inout_data_ingestion' AIRFLOW_CTX_TASK_ID='ingest_dummy_data' AIRFLOW_CTX_EXECUTION_DATE='2024-09-29T05:30:00+00:00' AIRFLOW_CTX_TRY_NUMBER='1' AIRFLOW_CTX_DAG_RUN_ID='scheduled__2024-09-29T05:30:00+00:00'
[2025-03-30T11:35:57.072+0000] {logging_mixin.py:188} INFO - Successfully connected to MariaDB: INOUT on mariadb:3306
[2025-03-30T11:35:57.073+0000] {taskinstance.py:2728} ERROR - Task failed with exception
Traceback (most recent call last):
  File "/home/airflow/.local/lib/python3.8/site-packages/airflow/models/taskinstance.py", line 444, in _execute_task
    result = _execute_callable(context=context, **execute_callable_kwargs)
  File "/home/airflow/.local/lib/python3.8/site-packages/airflow/models/taskinstance.py", line 414, in _execute_callable
    return execute_callable(context=context, **execute_callable_kwargs)
  File "/home/airflow/.local/lib/python3.8/site-packages/airflow/operators/python.py", line 200, in execute
    return_value = self.execute_callable()
  File "/home/airflow/.local/lib/python3.8/site-packages/airflow/operators/python.py", line 217, in execute_callable
    return self.python_callable(*self.op_args, **self.op_kwargs)
  File "/opt/airflow/dags/inout_data.py", line 95, in ingest_dummy_data
    data = generate_dummy_data(logical_date) # pass logical_date string.
NameError: name 'generate_dummy_data' is not defined
[2025-03-30T11:35:57.085+0000] {taskinstance.py:1149} INFO - Marking task as UP_FOR_RETRY. dag_id=inout_data_ingestion, task_id=ingest_dummy_data, execution_date=20240929T053000, start_date=20250330T113556, end_date=20250330T113557
[2025-03-30T11:35:57.100+0000] {standard_task_runner.py:107} ERROR - Failed to execute job 3084 for task ingest_dummy_data (name 'generate_dummy_data' is not defined; 6221)
[2025-03-30T11:35:57.143+0000] {local_task_job_runner.py:234} INFO - Task exited with return code 1
[2025-03-30T11:35:57.199+0000] {taskinstance.py:3309} INFO - 0 downstream tasks scheduled from follow-on schedule check
[2025-03-30T11:38:12.976+0000] {taskinstance.py:1979} INFO - Dependencies all met for dep_context=non-requeueable deps ti=<TaskInstance: inout_data_ingestion.ingest_dummy_data scheduled__2024-09-29T05:30:00+00:00 [queued]>
[2025-03-30T11:38:12.993+0000] {taskinstance.py:1979} INFO - Dependencies all met for dep_context=requeueable deps ti=<TaskInstance: inout_data_ingestion.ingest_dummy_data scheduled__2024-09-29T05:30:00+00:00 [queued]>
[2025-03-30T11:38:12.994+0000] {taskinstance.py:2193} INFO - Starting attempt 1 of 2
[2025-03-30T11:38:13.030+0000] {taskinstance.py:2214} INFO - Executing <Task(PythonOperator): ingest_dummy_data> on 2024-09-29 05:30:00+00:00
[2025-03-30T11:38:13.050+0000] {standard_task_runner.py:60} INFO - Started process 6292 to run task
[2025-03-30T11:38:13.174+0000] {standard_task_runner.py:87} INFO - Running: ['***', 'tasks', 'run', 'inout_data_ingestion', 'ingest_dummy_data', 'scheduled__2024-09-29T05:30:00+00:00', '--job-id', '3120', '--raw', '--subdir', 'DAGS_FOLDER/inout_data.py', '--cfg-path', '/tmp/tmpcsvjbnm1']
[2025-03-30T11:38:13.191+0000] {standard_task_runner.py:88} INFO - Job 3120: Subtask ingest_dummy_data
[2025-03-30T11:38:13.264+0000] {warnings.py:109} WARNING - /home/***/.local/lib/python3.8/site-packages/***/settings.py:194: DeprecationWarning: The sql_alchemy_conn option in [core] has been moved to the sql_alchemy_conn option in [database] - the old setting has been used, but please update your config.
  SQL_ALCHEMY_CONN = conf.get("database", "SQL_ALCHEMY_CONN")

[2025-03-30T11:38:13.386+0000] {task_command.py:423} INFO - Running <TaskInstance: inout_data_ingestion.ingest_dummy_data scheduled__2024-09-29T05:30:00+00:00 [running]> on host ff9d64b065e6
[2025-03-30T11:38:13.618+0000] {taskinstance.py:2510} INFO - Exporting env vars: AIRFLOW_CTX_DAG_OWNER='***' AIRFLOW_CTX_DAG_ID='inout_data_ingestion' AIRFLOW_CTX_TASK_ID='ingest_dummy_data' AIRFLOW_CTX_EXECUTION_DATE='2024-09-29T05:30:00+00:00' AIRFLOW_CTX_TRY_NUMBER='1' AIRFLOW_CTX_DAG_RUN_ID='scheduled__2024-09-29T05:30:00+00:00'
[2025-03-30T11:38:13.628+0000] {logging_mixin.py:188} INFO - Successfully connected to MariaDB: INOUT on mariadb:3306
[2025-03-30T11:38:13.628+0000] {inout_data.py:83} INFO - {'ingested_time': datetime.datetime(2025, 3, 30, 11, 38, 13, 628648), 'timestamp': datetime.datetime(2024, 9, 29, 5, 34, tzinfo=datetime.timezone.utc), 'emp_id': 6040, 'employee_name': 'Employee22', 'factory': 'FactoryA', 'in_out': 'IN', 'entrance': 'Side', 'door_number': '10', 'function': 'IT', 'division': 'BSID', 'department': 'HRSD', 'section': '1'}
[2025-03-30T11:38:13.629+0000] {logging_mixin.py:188} INFO - General error executing query: not all arguments converted during string formatting
[2025-03-30T11:38:13.630+0000] {inout_data.py:83} INFO - {'ingested_time': datetime.datetime(2025, 3, 30, 11, 38, 13, 630688), 'timestamp': datetime.datetime(2024, 9, 29, 5, 59, tzinfo=datetime.timezone.utc), 'emp_id': 4831, 'employee_name': 'Employee100', 'factory': 'FactoryA', 'in_out': 'IN', 'entrance': 'Side', 'door_number': '10', 'function': 'IT', 'division': 'BSID', 'department': 'HRSD', 'section': '1'}
[2025-03-30T11:38:13.631+0000] {logging_mixin.py:188} INFO - General error executing query: not all arguments converted during string formatting
[2025-03-30T11:38:13.633+0000] {inout_data.py:83} INFO - {'ingested_time': datetime.datetime(2025, 3, 30, 11, 38, 13, 633212), 'timestamp': datetime.datetime(2024, 9, 29, 5, 53, tzinfo=datetime.timezone.utc), 'emp_id': 9313, 'employee_name': 'Employee14', 'factory': 'FactoryB', 'in_out': 'OUT', 'entrance': 'Side', 'door_number': '2', 'function': 'IT', 'division': 'AAPD', 'department': 'HRSD', 'section': '2'}
[2025-03-30T11:38:13.635+0000] {logging_mixin.py:188} INFO - General error executing query: not all arguments converted during string formatting
[2025-03-30T11:38:13.636+0000] {inout_data.py:83} INFO - {'ingested_time': datetime.datetime(2025, 3, 30, 11, 38, 13, 636403), 'timestamp': datetime.datetime(2024, 9, 29, 5, 39, tzinfo=datetime.timezone.utc), 'emp_id': 4614, 'employee_name': 'Employee66', 'factory': 'FactoryB', 'in_out': 'IN', 'entrance': 'Side', 'door_number': '4', 'function': 'IT', 'division': 'AAPD', 'department': 'ML', 'section': '1'}
[2025-03-30T11:38:13.638+0000] {logging_mixin.py:188} INFO - General error executing query: not all arguments converted during string formatting
[2025-03-30T11:38:13.639+0000] {inout_data.py:83} INFO - {'ingested_time': datetime.datetime(2025, 3, 30, 11, 38, 13, 639750), 'timestamp': datetime.datetime(2024, 9, 29, 5, 44, tzinfo=datetime.timezone.utc), 'emp_id': 6308, 'employee_name': 'Employee34', 'factory': 'FactoryA', 'in_out': 'OUT', 'entrance': 'Main', 'door_number': '7', 'function': 'IT', 'division': 'BSID', 'department': 'ML', 'section': '1'}
[2025-03-30T11:38:13.643+0000] {logging_mixin.py:188} INFO - General error executing query: not all arguments converted during string formatting
[2025-03-30T11:38:13.644+0000] {inout_data.py:83} INFO - {'ingested_time': datetime.datetime(2025, 3, 30, 11, 38, 13, 644043), 'timestamp': datetime.datetime(2024, 9, 29, 5, 53, tzinfo=datetime.timezone.utc), 'emp_id': 3267, 'employee_name': 'Employee47', 'factory': 'FactoryA', 'in_out': 'IN', 'entrance': 'Side', 'door_number': '8', 'function': 'IT', 'division': 'BSID', 'department': 'CAPD', 'section': '2'}
[2025-03-30T11:38:13.646+0000] {logging_mixin.py:188} INFO - General error executing query: not all arguments converted during string formatting
[2025-03-30T11:38:13.648+0000] {inout_data.py:83} INFO - {'ingested_time': datetime.datetime(2025, 3, 30, 11, 38, 13, 648625), 'timestamp': datetime.datetime(2024, 9, 29, 5, 42, tzinfo=datetime.timezone.utc), 'emp_id': 9064, 'employee_name': 'Employee90', 'factory': 'FactoryA', 'in_out': 'IN', 'entrance': 'Side', 'door_number': '6', 'function': 'IT', 'division': 'AAPD', 'department': 'ML', 'section': '2'}
[2025-03-30T11:38:13.654+0000] {logging_mixin.py:188} INFO - General error executing query: not all arguments converted during string formatting
[2025-03-30T11:38:13.655+0000] {inout_data.py:83} INFO - {'ingested_time': datetime.datetime(2025, 3, 30, 11, 38, 13, 655722), 'timestamp': datetime.datetime(2024, 9, 29, 5, 40, tzinfo=datetime.timezone.utc), 'emp_id': 3310, 'employee_name': 'Employee81', 'factory': 'FactoryA', 'in_out': 'OUT', 'entrance': 'Main', 'door_number': '4', 'function': 'IT', 'division': 'AAPD', 'department': 'CAPD', 'section': '1'}
[2025-03-30T11:38:13.657+0000] {logging_mixin.py:188} INFO - General error executing query: not all arguments converted during string formatting
[2025-03-30T11:38:13.662+0000] {inout_data.py:83} INFO - {'ingested_time': datetime.datetime(2025, 3, 30, 11, 38, 13, 662642), 'timestamp': datetime.datetime(2024, 9, 29, 5, 49, tzinfo=datetime.timezone.utc), 'emp_id': 6444, 'employee_name': 'Employee61', 'factory': 'FactoryB', 'in_out': 'OUT', 'entrance': 'Side', 'door_number': '2', 'function': 'IT', 'division': 'AAPD', 'department': 'HRSD', 'section': '2'}
[2025-03-30T11:38:13.665+0000] {logging_mixin.py:188} INFO - General error executing query: not all arguments converted during string formatting
[2025-03-30T11:38:13.670+0000] {inout_data.py:83} INFO - {'ingested_time': datetime.datetime(2025, 3, 30, 11, 38, 13, 669996), 'timestamp': datetime.datetime(2024, 9, 29, 5, 33, tzinfo=datetime.timezone.utc), 'emp_id': 8879, 'employee_name': 'Employee14', 'factory': 'FactoryB', 'in_out': 'IN', 'entrance': 'Main', 'door_number': '6', 'function': 'IT', 'division': 'BSID', 'department': 'ML', 'section': '1'}
[2025-03-30T11:38:13.679+0000] {logging_mixin.py:188} INFO - General error executing query: not all arguments converted during string formatting
[2025-03-30T11:38:13.697+0000] {inout_data.py:83} INFO - {'ingested_time': datetime.datetime(2025, 3, 30, 11, 38, 13, 697254), 'timestamp': datetime.datetime(2024, 9, 29, 5, 41, tzinfo=datetime.timezone.utc), 'emp_id': 9513, 'employee_name': 'Employee90', 'factory': 'FactoryB', 'in_out': 'OUT', 'entrance': 'Side', 'door_number': '1', 'function': 'IT', 'division': 'BSID', 'department': 'CAPD', 'section': '1'}
[2025-03-30T11:38:13.707+0000] {logging_mixin.py:188} INFO - General error executing query: not all arguments converted during string formatting
[2025-03-30T11:38:13.711+0000] {inout_data.py:83} INFO - {'ingested_time': datetime.datetime(2025, 3, 30, 11, 38, 13, 710435), 'timestamp': datetime.datetime(2024, 9, 29, 5, 55, tzinfo=datetime.timezone.utc), 'emp_id': 6007, 'employee_name': 'Employee61', 'factory': 'FactoryB', 'in_out': 'IN', 'entrance': 'Main', 'door_number': '5', 'function': 'IT', 'division': 'AAPD', 'department': 'HRSD', 'section': '1'}
[2025-03-30T11:38:13.718+0000] {logging_mixin.py:188} INFO - General error executing query: not all arguments converted during string formatting
[2025-03-30T11:38:13.723+0000] {inout_data.py:83} INFO - {'ingested_time': datetime.datetime(2025, 3, 30, 11, 38, 13, 723179), 'timestamp': datetime.datetime(2024, 9, 29, 5, 36, tzinfo=datetime.timezone.utc), 'emp_id': 6409, 'employee_name': 'Employee22', 'factory': 'FactoryB', 'in_out': 'IN', 'entrance': 'Side', 'door_number': '2', 'function': 'IT', 'division': 'BSID', 'department': 'HRSD', 'section': '2'}
[2025-03-30T11:38:13.729+0000] {logging_mixin.py:188} INFO - General error executing query: not all arguments converted during string formatting
[2025-03-30T11:38:13.737+0000] {inout_data.py:83} INFO - {'ingested_time': datetime.datetime(2025, 3, 30, 11, 38, 13, 737480), 'timestamp': datetime.datetime(2024, 9, 29, 5, 37, tzinfo=datetime.timezone.utc), 'emp_id': 4634, 'employee_name': 'Employee58', 'factory': 'FactoryA', 'in_out': 'OUT', 'entrance': 'Main', 'door_number': '2', 'function': 'IT', 'division': 'AAPD', 'department': 'ML', 'section': '1'}
[2025-03-30T11:38:13.741+0000] {logging_mixin.py:188} INFO - General error executing query: not all arguments converted during string formatting
[2025-03-30T11:38:13.752+0000] {inout_data.py:83} INFO - {'ingested_time': datetime.datetime(2025, 3, 30, 11, 38, 13, 752523), 'timestamp': datetime.datetime(2024, 9, 29, 5, 50, tzinfo=datetime.timezone.utc), 'emp_id': 2444, 'employee_name': 'Employee2', 'factory': 'FactoryA', 'in_out': 'IN', 'entrance': 'Side', 'door_number': '3', 'function': 'IT', 'division': 'AAPD', 'department': 'CAPD', 'section': '1'}
[2025-03-30T11:38:13.757+0000] {logging_mixin.py:188} INFO - General error executing query: not all arguments converted during string formatting
[2025-03-30T11:38:13.762+0000] {inout_data.py:83} INFO - {'ingested_time': datetime.datetime(2025, 3, 30, 11, 38, 13, 762810), 'timestamp': datetime.datetime(2024, 9, 29, 5, 53, tzinfo=datetime.timezone.utc), 'emp_id': 8629, 'employee_name': 'Employee88', 'factory': 'FactoryB', 'in_out': 'IN', 'entrance': 'Side', 'door_number': '2', 'function': 'IT', 'division': 'AAPD', 'department': 'HRSD', 'section': '2'}
[2025-03-30T11:38:13.766+0000] {logging_mixin.py:188} INFO - General error executing query: not all arguments converted during string formatting
[2025-03-30T11:38:13.776+0000] {inout_data.py:83} INFO - {'ingested_time': datetime.datetime(2025, 3, 30, 11, 38, 13, 776144), 'timestamp': datetime.datetime(2024, 9, 29, 5, 59, tzinfo=datetime.timezone.utc), 'emp_id': 9128, 'employee_name': 'Employee77', 'factory': 'FactoryA', 'in_out': 'OUT', 'entrance': 'Side', 'door_number': '6', 'function': 'IT', 'division': 'AAPD', 'department': 'ML', 'section': '2'}
[2025-03-30T11:38:13.791+0000] {logging_mixin.py:188} INFO - General error executing query: not all arguments converted during string formatting
[2025-03-30T11:38:13.793+0000] {inout_data.py:83} INFO - {'ingested_time': datetime.datetime(2025, 3, 30, 11, 38, 13, 793241), 'timestamp': datetime.datetime(2024, 9, 29, 5, 40, tzinfo=datetime.timezone.utc), 'emp_id': 8022, 'employee_name': 'Employee17', 'factory': 'FactoryA', 'in_out': 'OUT', 'entrance': 'Main', 'door_number': '5', 'function': 'IT', 'division': 'AAPD', 'department': 'ML', 'section': '1'}
[2025-03-30T11:38:13.801+0000] {logging_mixin.py:188} INFO - General error executing query: not all arguments converted during string formatting
[2025-03-30T11:38:13.803+0000] {inout_data.py:101} INFO - Ingested 18 rows of dummy data for 2024-09-29 05:30:00+00:00.
[2025-03-30T11:38:13.806+0000] {logging_mixin.py:188} INFO - MariaDB connection closed.
[2025-03-30T11:38:13.809+0000] {python.py:202} INFO - Done. Returned value was: None
[2025-03-30T11:38:13.888+0000] {taskinstance.py:1149} INFO - Marking task as SUCCESS. dag_id=inout_data_ingestion, task_id=ingest_dummy_data, execution_date=20240929T053000, start_date=20250330T113812, end_date=20250330T113813
[2025-03-30T11:38:13.968+0000] {local_task_job_runner.py:234} INFO - Task exited with return code 0
[2025-03-30T11:38:14.159+0000] {taskinstance.py:3309} INFO - 0 downstream tasks scheduled from follow-on schedule check
[2025-03-30T11:40:21.025+0000] {taskinstance.py:1979} INFO - Dependencies all met for dep_context=non-requeueable deps ti=<TaskInstance: inout_data_ingestion.ingest_dummy_data scheduled__2024-09-29T05:30:00+00:00 [queued]>
[2025-03-30T11:40:21.052+0000] {taskinstance.py:1979} INFO - Dependencies all met for dep_context=requeueable deps ti=<TaskInstance: inout_data_ingestion.ingest_dummy_data scheduled__2024-09-29T05:30:00+00:00 [queued]>
[2025-03-30T11:40:21.055+0000] {taskinstance.py:2193} INFO - Starting attempt 1 of 2
[2025-03-30T11:40:21.090+0000] {taskinstance.py:2214} INFO - Executing <Task(PythonOperator): ingest_dummy_data> on 2024-09-29 05:30:00+00:00
[2025-03-30T11:40:21.097+0000] {standard_task_runner.py:60} INFO - Started process 6732 to run task
[2025-03-30T11:40:21.114+0000] {standard_task_runner.py:87} INFO - Running: ['***', 'tasks', 'run', 'inout_data_ingestion', 'ingest_dummy_data', 'scheduled__2024-09-29T05:30:00+00:00', '--job-id', '3340', '--raw', '--subdir', 'DAGS_FOLDER/inout_data.py', '--cfg-path', '/tmp/tmphiv5lsyd']
[2025-03-30T11:40:21.118+0000] {standard_task_runner.py:88} INFO - Job 3340: Subtask ingest_dummy_data
[2025-03-30T11:40:21.168+0000] {warnings.py:109} WARNING - /home/***/.local/lib/python3.8/site-packages/***/settings.py:194: DeprecationWarning: The sql_alchemy_conn option in [core] has been moved to the sql_alchemy_conn option in [database] - the old setting has been used, but please update your config.
  SQL_ALCHEMY_CONN = conf.get("database", "SQL_ALCHEMY_CONN")

[2025-03-30T11:40:21.251+0000] {task_command.py:423} INFO - Running <TaskInstance: inout_data_ingestion.ingest_dummy_data scheduled__2024-09-29T05:30:00+00:00 [running]> on host ff9d64b065e6
[2025-03-30T11:40:21.388+0000] {taskinstance.py:2510} INFO - Exporting env vars: AIRFLOW_CTX_DAG_OWNER='***' AIRFLOW_CTX_DAG_ID='inout_data_ingestion' AIRFLOW_CTX_TASK_ID='ingest_dummy_data' AIRFLOW_CTX_EXECUTION_DATE='2024-09-29T05:30:00+00:00' AIRFLOW_CTX_TRY_NUMBER='1' AIRFLOW_CTX_DAG_RUN_ID='scheduled__2024-09-29T05:30:00+00:00'
[2025-03-30T11:40:21.415+0000] {logging_mixin.py:188} INFO - Successfully connected to MariaDB: INOUT on mariadb:3306
[2025-03-30T11:40:21.417+0000] {inout_data.py:83} INFO - {'ingested_time': datetime.datetime(2025, 3, 30, 11, 40, 21, 417622), 'timestamp': datetime.datetime(2024, 9, 29, 5, 41, tzinfo=datetime.timezone.utc), 'emp_id': 2486, 'employee_name': 'Employee59', 'factory': 'FactoryB', 'in_out': 'OUT', 'entrance': 'Main', 'door_number': '9', 'function': 'IT', 'division': 'AAPD', 'department': 'CAPD', 'section': '2'}
[2025-03-30T11:40:21.419+0000] {inout_data.py:99} INFO - Query: INSERT INTO emp_inout_rec (ingested_time, timestamp, employee_id, employee_name, factory, in_out, entrance, door_number, function, division, department, section) VALUES (%s, %s, %s, %s, %s, %s, %s, %s, %s, %s, %s)
[2025-03-30T11:40:21.423+0000] {inout_data.py:100} INFO - Params: ('2025-03-30 11:40:21', '2024-09-29 05:41:00', 2486, 'Employee59', 'FactoryB', 'OUT', 'Main', '9', 'IT', 'AAPD', 'CAPD', '2')
[2025-03-30T11:40:21.424+0000] {logging_mixin.py:188} INFO - General error executing query: not all arguments converted during string formatting
[2025-03-30T11:40:21.425+0000] {inout_data.py:83} INFO - {'ingested_time': datetime.datetime(2025, 3, 30, 11, 40, 21, 425308), 'timestamp': datetime.datetime(2024, 9, 29, 5, 58, tzinfo=datetime.timezone.utc), 'emp_id': 3458, 'employee_name': 'Employee88', 'factory': 'FactoryA', 'in_out': 'OUT', 'entrance': 'Main', 'door_number': '10', 'function': 'IT', 'division': 'BSID', 'department': 'HRSD', 'section': '2'}
[2025-03-30T11:40:21.427+0000] {inout_data.py:99} INFO - Query: INSERT INTO emp_inout_rec (ingested_time, timestamp, employee_id, employee_name, factory, in_out, entrance, door_number, function, division, department, section) VALUES (%s, %s, %s, %s, %s, %s, %s, %s, %s, %s, %s)
[2025-03-30T11:40:21.427+0000] {inout_data.py:100} INFO - Params: ('2025-03-30 11:40:21', '2024-09-29 05:58:00', 3458, 'Employee88', 'FactoryA', 'OUT', 'Main', '10', 'IT', 'BSID', 'HRSD', '2')
[2025-03-30T11:40:21.428+0000] {logging_mixin.py:188} INFO - General error executing query: not all arguments converted during string formatting
[2025-03-30T11:40:21.430+0000] {inout_data.py:83} INFO - {'ingested_time': datetime.datetime(2025, 3, 30, 11, 40, 21, 429994), 'timestamp': datetime.datetime(2024, 9, 29, 5, 46, tzinfo=datetime.timezone.utc), 'emp_id': 4937, 'employee_name': 'Employee95', 'factory': 'FactoryA', 'in_out': 'IN', 'entrance': 'Main', 'door_number': '8', 'function': 'IT', 'division': 'AAPD', 'department': 'ML', 'section': '1'}
[2025-03-30T11:40:21.430+0000] {inout_data.py:99} INFO - Query: INSERT INTO emp_inout_rec (ingested_time, timestamp, employee_id, employee_name, factory, in_out, entrance, door_number, function, division, department, section) VALUES (%s, %s, %s, %s, %s, %s, %s, %s, %s, %s, %s)
[2025-03-30T11:40:21.432+0000] {inout_data.py:100} INFO - Params: ('2025-03-30 11:40:21', '2024-09-29 05:46:00', 4937, 'Employee95', 'FactoryA', 'IN', 'Main', '8', 'IT', 'AAPD', 'ML', '1')
[2025-03-30T11:40:21.437+0000] {logging_mixin.py:188} INFO - General error executing query: not all arguments converted during string formatting
[2025-03-30T11:40:21.443+0000] {inout_data.py:83} INFO - {'ingested_time': datetime.datetime(2025, 3, 30, 11, 40, 21, 443678), 'timestamp': datetime.datetime(2024, 9, 29, 5, 47, tzinfo=datetime.timezone.utc), 'emp_id': 3912, 'employee_name': 'Employee14', 'factory': 'FactoryA', 'in_out': 'OUT', 'entrance': 'Main', 'door_number': '5', 'function': 'IT', 'division': 'BSID', 'department': 'HRSD', 'section': '2'}
[2025-03-30T11:40:21.445+0000] {inout_data.py:99} INFO - Query: INSERT INTO emp_inout_rec (ingested_time, timestamp, employee_id, employee_name, factory, in_out, entrance, door_number, function, division, department, section) VALUES (%s, %s, %s, %s, %s, %s, %s, %s, %s, %s, %s)
[2025-03-30T11:40:21.447+0000] {inout_data.py:100} INFO - Params: ('2025-03-30 11:40:21', '2024-09-29 05:47:00', 3912, 'Employee14', 'FactoryA', 'OUT', 'Main', '5', 'IT', 'BSID', 'HRSD', '2')
[2025-03-30T11:40:21.448+0000] {logging_mixin.py:188} INFO - General error executing query: not all arguments converted during string formatting
[2025-03-30T11:40:21.450+0000] {inout_data.py:83} INFO - {'ingested_time': datetime.datetime(2025, 3, 30, 11, 40, 21, 450006), 'timestamp': datetime.datetime(2024, 9, 29, 5, 30, tzinfo=datetime.timezone.utc), 'emp_id': 1363, 'employee_name': 'Employee23', 'factory': 'FactoryB', 'in_out': 'IN', 'entrance': 'Side', 'door_number': '8', 'function': 'IT', 'division': 'AAPD', 'department': 'ML', 'section': '1'}
[2025-03-30T11:40:21.450+0000] {inout_data.py:99} INFO - Query: INSERT INTO emp_inout_rec (ingested_time, timestamp, employee_id, employee_name, factory, in_out, entrance, door_number, function, division, department, section) VALUES (%s, %s, %s, %s, %s, %s, %s, %s, %s, %s, %s)
[2025-03-30T11:40:21.451+0000] {inout_data.py:100} INFO - Params: ('2025-03-30 11:40:21', '2024-09-29 05:30:00', 1363, 'Employee23', 'FactoryB', 'IN', 'Side', '8', 'IT', 'AAPD', 'ML', '1')
[2025-03-30T11:40:21.451+0000] {logging_mixin.py:188} INFO - General error executing query: not all arguments converted during string formatting
[2025-03-30T11:40:21.453+0000] {inout_data.py:83} INFO - {'ingested_time': datetime.datetime(2025, 3, 30, 11, 40, 21, 452955), 'timestamp': datetime.datetime(2024, 9, 29, 5, 53, tzinfo=datetime.timezone.utc), 'emp_id': 6961, 'employee_name': 'Employee81', 'factory': 'FactoryB', 'in_out': 'IN', 'entrance': 'Main', 'door_number': '10', 'function': 'IT', 'division': 'BSID', 'department': 'ML', 'section': '1'}
[2025-03-30T11:40:21.453+0000] {inout_data.py:99} INFO - Query: INSERT INTO emp_inout_rec (ingested_time, timestamp, employee_id, employee_name, factory, in_out, entrance, door_number, function, division, department, section) VALUES (%s, %s, %s, %s, %s, %s, %s, %s, %s, %s, %s)
[2025-03-30T11:40:21.453+0000] {inout_data.py:100} INFO - Params: ('2025-03-30 11:40:21', '2024-09-29 05:53:00', 6961, 'Employee81', 'FactoryB', 'IN', 'Main', '10', 'IT', 'BSID', 'ML', '1')
[2025-03-30T11:40:21.454+0000] {logging_mixin.py:188} INFO - General error executing query: not all arguments converted during string formatting
[2025-03-30T11:40:21.455+0000] {inout_data.py:83} INFO - {'ingested_time': datetime.datetime(2025, 3, 30, 11, 40, 21, 455941), 'timestamp': datetime.datetime(2024, 9, 29, 5, 55, tzinfo=datetime.timezone.utc), 'emp_id': 2813, 'employee_name': 'Employee75', 'factory': 'FactoryB', 'in_out': 'OUT', 'entrance': 'Side', 'door_number': '3', 'function': 'IT', 'division': 'BSID', 'department': 'ML', 'section': '1'}
[2025-03-30T11:40:21.457+0000] {inout_data.py:99} INFO - Query: INSERT INTO emp_inout_rec (ingested_time, timestamp, employee_id, employee_name, factory, in_out, entrance, door_number, function, division, department, section) VALUES (%s, %s, %s, %s, %s, %s, %s, %s, %s, %s, %s)
[2025-03-30T11:40:21.458+0000] {inout_data.py:100} INFO - Params: ('2025-03-30 11:40:21', '2024-09-29 05:55:00', 2813, 'Employee75', 'FactoryB', 'OUT', 'Side', '3', 'IT', 'BSID', 'ML', '1')
[2025-03-30T11:40:21.458+0000] {logging_mixin.py:188} INFO - General error executing query: not all arguments converted during string formatting
[2025-03-30T11:40:21.458+0000] {inout_data.py:83} INFO - {'ingested_time': datetime.datetime(2025, 3, 30, 11, 40, 21, 458812), 'timestamp': datetime.datetime(2024, 9, 29, 5, 51, tzinfo=datetime.timezone.utc), 'emp_id': 6387, 'employee_name': 'Employee34', 'factory': 'FactoryB', 'in_out': 'OUT', 'entrance': 'Side', 'door_number': '1', 'function': 'IT', 'division': 'AAPD', 'department': 'CAPD', 'section': '2'}
[2025-03-30T11:40:21.459+0000] {inout_data.py:99} INFO - Query: INSERT INTO emp_inout_rec (ingested_time, timestamp, employee_id, employee_name, factory, in_out, entrance, door_number, function, division, department, section) VALUES (%s, %s, %s, %s, %s, %s, %s, %s, %s, %s, %s)
[2025-03-30T11:40:21.459+0000] {inout_data.py:100} INFO - Params: ('2025-03-30 11:40:21', '2024-09-29 05:51:00', 6387, 'Employee34', 'FactoryB', 'OUT', 'Side', '1', 'IT', 'AAPD', 'CAPD', '2')
[2025-03-30T11:40:21.459+0000] {logging_mixin.py:188} INFO - General error executing query: not all arguments converted during string formatting
[2025-03-30T11:40:21.460+0000] {inout_data.py:83} INFO - {'ingested_time': datetime.datetime(2025, 3, 30, 11, 40, 21, 460215), 'timestamp': datetime.datetime(2024, 9, 29, 5, 50, tzinfo=datetime.timezone.utc), 'emp_id': 8961, 'employee_name': 'Employee27', 'factory': 'FactoryA', 'in_out': 'OUT', 'entrance': 'Main', 'door_number': '9', 'function': 'IT', 'division': 'AAPD', 'department': 'CAPD', 'section': '1'}
[2025-03-30T11:40:21.460+0000] {inout_data.py:99} INFO - Query: INSERT INTO emp_inout_rec (ingested_time, timestamp, employee_id, employee_name, factory, in_out, entrance, door_number, function, division, department, section) VALUES (%s, %s, %s, %s, %s, %s, %s, %s, %s, %s, %s)
[2025-03-30T11:40:21.461+0000] {inout_data.py:100} INFO - Params: ('2025-03-30 11:40:21', '2024-09-29 05:50:00', 8961, 'Employee27', 'FactoryA', 'OUT', 'Main', '9', 'IT', 'AAPD', 'CAPD', '1')
[2025-03-30T11:40:21.462+0000] {logging_mixin.py:188} INFO - General error executing query: not all arguments converted during string formatting
[2025-03-30T11:40:21.476+0000] {inout_data.py:83} INFO - {'ingested_time': datetime.datetime(2025, 3, 30, 11, 40, 21, 468574), 'timestamp': datetime.datetime(2024, 9, 29, 5, 31, tzinfo=datetime.timezone.utc), 'emp_id': 9000, 'employee_name': 'Employee57', 'factory': 'FactoryB', 'in_out': 'IN', 'entrance': 'Side', 'door_number': '5', 'function': 'IT', 'division': 'BSID', 'department': 'HRSD', 'section': '1'}
[2025-03-30T11:40:21.477+0000] {inout_data.py:99} INFO - Query: INSERT INTO emp_inout_rec (ingested_time, timestamp, employee_id, employee_name, factory, in_out, entrance, door_number, function, division, department, section) VALUES (%s, %s, %s, %s, %s, %s, %s, %s, %s, %s, %s)
[2025-03-30T11:40:21.480+0000] {inout_data.py:100} INFO - Params: ('2025-03-30 11:40:21', '2024-09-29 05:31:00', 9000, 'Employee57', 'FactoryB', 'IN', 'Side', '5', 'IT', 'BSID', 'HRSD', '1')
[2025-03-30T11:40:21.481+0000] {logging_mixin.py:188} INFO - General error executing query: not all arguments converted during string formatting
[2025-03-30T11:40:21.484+0000] {inout_data.py:83} INFO - {'ingested_time': datetime.datetime(2025, 3, 30, 11, 40, 21, 484164), 'timestamp': datetime.datetime(2024, 9, 29, 5, 38, tzinfo=datetime.timezone.utc), 'emp_id': 9171, 'employee_name': 'Employee73', 'factory': 'FactoryB', 'in_out': 'IN', 'entrance': 'Main', 'door_number': '2', 'function': 'IT', 'division': 'AAPD', 'department': 'ML', 'section': '2'}
[2025-03-30T11:40:21.488+0000] {inout_data.py:99} INFO - Query: INSERT INTO emp_inout_rec (ingested_time, timestamp, employee_id, employee_name, factory, in_out, entrance, door_number, function, division, department, section) VALUES (%s, %s, %s, %s, %s, %s, %s, %s, %s, %s, %s)
[2025-03-30T11:40:21.489+0000] {inout_data.py:100} INFO - Params: ('2025-03-30 11:40:21', '2024-09-29 05:38:00', 9171, 'Employee73', 'FactoryB', 'IN', 'Main', '2', 'IT', 'AAPD', 'ML', '2')
[2025-03-30T11:40:21.493+0000] {logging_mixin.py:188} INFO - General error executing query: not all arguments converted during string formatting
[2025-03-30T11:40:21.493+0000] {inout_data.py:83} INFO - {'ingested_time': datetime.datetime(2025, 3, 30, 11, 40, 21, 493723), 'timestamp': datetime.datetime(2024, 9, 29, 5, 59, tzinfo=datetime.timezone.utc), 'emp_id': 3744, 'employee_name': 'Employee47', 'factory': 'FactoryB', 'in_out': 'IN', 'entrance': 'Side', 'door_number': '10', 'function': 'IT', 'division': 'BSID', 'department': 'CAPD', 'section': '1'}
[2025-03-30T11:40:21.494+0000] {inout_data.py:99} INFO - Query: INSERT INTO emp_inout_rec (ingested_time, timestamp, employee_id, employee_name, factory, in_out, entrance, door_number, function, division, department, section) VALUES (%s, %s, %s, %s, %s, %s, %s, %s, %s, %s, %s)
[2025-03-30T11:40:21.494+0000] {inout_data.py:100} INFO - Params: ('2025-03-30 11:40:21', '2024-09-29 05:59:00', 3744, 'Employee47', 'FactoryB', 'IN', 'Side', '10', 'IT', 'BSID', 'CAPD', '1')
[2025-03-30T11:40:21.494+0000] {logging_mixin.py:188} INFO - General error executing query: not all arguments converted during string formatting
[2025-03-30T11:40:21.494+0000] {inout_data.py:83} INFO - {'ingested_time': datetime.datetime(2025, 3, 30, 11, 40, 21, 494836), 'timestamp': datetime.datetime(2024, 9, 29, 5, 48, tzinfo=datetime.timezone.utc), 'emp_id': 5660, 'employee_name': 'Employee61', 'factory': 'FactoryA', 'in_out': 'OUT', 'entrance': 'Side', 'door_number': '10', 'function': 'IT', 'division': 'BSID', 'department': 'CAPD', 'section': '2'}
[2025-03-30T11:40:21.495+0000] {inout_data.py:99} INFO - Query: INSERT INTO emp_inout_rec (ingested_time, timestamp, employee_id, employee_name, factory, in_out, entrance, door_number, function, division, department, section) VALUES (%s, %s, %s, %s, %s, %s, %s, %s, %s, %s, %s)
[2025-03-30T11:40:21.495+0000] {inout_data.py:100} INFO - Params: ('2025-03-30 11:40:21', '2024-09-29 05:48:00', 5660, 'Employee61', 'FactoryA', 'OUT', 'Side', '10', 'IT', 'BSID', 'CAPD', '2')
[2025-03-30T11:40:21.496+0000] {logging_mixin.py:188} INFO - General error executing query: not all arguments converted during string formatting
[2025-03-30T11:40:21.496+0000] {inout_data.py:83} INFO - {'ingested_time': datetime.datetime(2025, 3, 30, 11, 40, 21, 496544), 'timestamp': datetime.datetime(2024, 9, 29, 5, 53, tzinfo=datetime.timezone.utc), 'emp_id': 8744, 'employee_name': 'Employee50', 'factory': 'FactoryA', 'in_out': 'OUT', 'entrance': 'Side', 'door_number': '9', 'function': 'IT', 'division': 'AAPD', 'department': 'CAPD', 'section': '2'}
[2025-03-30T11:40:21.496+0000] {inout_data.py:99} INFO - Query: INSERT INTO emp_inout_rec (ingested_time, timestamp, employee_id, employee_name, factory, in_out, entrance, door_number, function, division, department, section) VALUES (%s, %s, %s, %s, %s, %s, %s, %s, %s, %s, %s)
[2025-03-30T11:40:21.498+0000] {inout_data.py:100} INFO - Params: ('2025-03-30 11:40:21', '2024-09-29 05:53:00', 8744, 'Employee50', 'FactoryA', 'OUT', 'Side', '9', 'IT', 'AAPD', 'CAPD', '2')
[2025-03-30T11:40:21.500+0000] {logging_mixin.py:188} INFO - General error executing query: not all arguments converted during string formatting
[2025-03-30T11:40:21.500+0000] {inout_data.py:102} INFO - Ingested 14 rows of dummy data for 2024-09-29 05:30:00+00:00.
[2025-03-30T11:40:21.502+0000] {logging_mixin.py:188} INFO - MariaDB connection closed.
[2025-03-30T11:40:21.502+0000] {python.py:202} INFO - Done. Returned value was: None
[2025-03-30T11:40:21.549+0000] {taskinstance.py:1149} INFO - Marking task as SUCCESS. dag_id=inout_data_ingestion, task_id=ingest_dummy_data, execution_date=20240929T053000, start_date=20250330T114021, end_date=20250330T114021
[2025-03-30T11:40:21.630+0000] {local_task_job_runner.py:234} INFO - Task exited with return code 0
[2025-03-30T11:40:21.709+0000] {taskinstance.py:3309} INFO - 0 downstream tasks scheduled from follow-on schedule check
