[2025-03-30T11:13:13.688+0000] {taskinstance.py:1979} INFO - Dependencies all met for dep_context=non-requeueable deps ti=<TaskInstance: inout_data_ingestion.create_table scheduled__2024-10-07T02:00:00+00:00 [queued]>
[2025-03-30T11:13:13.698+0000] {taskinstance.py:1979} INFO - Dependencies all met for dep_context=requeueable deps ti=<TaskInstance: inout_data_ingestion.create_table scheduled__2024-10-07T02:00:00+00:00 [queued]>
[2025-03-30T11:13:13.698+0000] {taskinstance.py:2193} INFO - Starting attempt 1 of 2
[2025-03-30T11:13:13.712+0000] {taskinstance.py:2214} INFO - Executing <Task(PythonOperator): create_table> on 2024-10-07 02:00:00+00:00
[2025-03-30T11:13:13.723+0000] {standard_task_runner.py:60} INFO - Started process 1650 to run task
[2025-03-30T11:13:13.730+0000] {standard_task_runner.py:87} INFO - Running: ['***', 'tasks', 'run', 'inout_data_ingestion', 'create_table', 'scheduled__2024-10-07T02:00:00+00:00', '--job-id', '799', '--raw', '--subdir', 'DAGS_FOLDER/inout_data.py', '--cfg-path', '/tmp/tmpkl3gx64u']
[2025-03-30T11:13:13.733+0000] {standard_task_runner.py:88} INFO - Job 799: Subtask create_table
[2025-03-30T11:13:13.759+0000] {warnings.py:109} WARNING - /home/***/.local/lib/python3.8/site-packages/***/settings.py:194: DeprecationWarning: The sql_alchemy_conn option in [core] has been moved to the sql_alchemy_conn option in [database] - the old setting has been used, but please update your config.
  SQL_ALCHEMY_CONN = conf.get("database", "SQL_ALCHEMY_CONN")

[2025-03-30T11:13:13.801+0000] {task_command.py:423} INFO - Running <TaskInstance: inout_data_ingestion.create_table scheduled__2024-10-07T02:00:00+00:00 [running]> on host ff9d64b065e6
[2025-03-30T11:13:13.907+0000] {taskinstance.py:2510} INFO - Exporting env vars: AIRFLOW_CTX_DAG_OWNER='***' AIRFLOW_CTX_DAG_ID='inout_data_ingestion' AIRFLOW_CTX_TASK_ID='create_table' AIRFLOW_CTX_EXECUTION_DATE='2024-10-07T02:00:00+00:00' AIRFLOW_CTX_TRY_NUMBER='1' AIRFLOW_CTX_DAG_RUN_ID='scheduled__2024-10-07T02:00:00+00:00'
[2025-03-30T11:13:13.915+0000] {inout_data.py:42} INFO - Successfully connected to MariaDB: INOUT on mariadb:3306
[2025-03-30T11:13:13.919+0000] {inout_data.py:124} INFO - Table emp_inout_rec created (if it didn't exist).
[2025-03-30T11:13:13.921+0000] {inout_data.py:78} INFO - MariaDB connection closed.
[2025-03-30T11:13:13.922+0000] {python.py:202} INFO - Done. Returned value was: None
[2025-03-30T11:13:13.935+0000] {taskinstance.py:1149} INFO - Marking task as SUCCESS. dag_id=inout_data_ingestion, task_id=create_table, execution_date=20241007T020000, start_date=20250330T111313, end_date=20250330T111313
[2025-03-30T11:13:13.991+0000] {local_task_job_runner.py:234} INFO - Task exited with return code 0
[2025-03-30T11:13:14.018+0000] {taskinstance.py:3309} INFO - 1 downstream tasks scheduled from follow-on schedule check
[2025-03-30T11:19:53.370+0000] {taskinstance.py:1979} INFO - Dependencies all met for dep_context=non-requeueable deps ti=<TaskInstance: inout_data_ingestion.create_table scheduled__2024-10-07T02:00:00+00:00 [queued]>
[2025-03-30T11:19:53.382+0000] {taskinstance.py:1979} INFO - Dependencies all met for dep_context=requeueable deps ti=<TaskInstance: inout_data_ingestion.create_table scheduled__2024-10-07T02:00:00+00:00 [queued]>
[2025-03-30T11:19:53.382+0000] {taskinstance.py:2193} INFO - Starting attempt 1 of 2
[2025-03-30T11:19:53.416+0000] {taskinstance.py:2214} INFO - Executing <Task(PythonOperator): create_table> on 2024-10-07 02:00:00+00:00
[2025-03-30T11:19:53.438+0000] {standard_task_runner.py:60} INFO - Started process 3502 to run task
[2025-03-30T11:19:53.474+0000] {standard_task_runner.py:87} INFO - Running: ['***', 'tasks', 'run', 'inout_data_ingestion', 'create_table', 'scheduled__2024-10-07T02:00:00+00:00', '--job-id', '1724', '--raw', '--subdir', 'DAGS_FOLDER/inout_data.py', '--cfg-path', '/tmp/tmpfp7gq9mm']
[2025-03-30T11:19:53.476+0000] {standard_task_runner.py:88} INFO - Job 1724: Subtask create_table
[2025-03-30T11:19:53.505+0000] {warnings.py:109} WARNING - /home/***/.local/lib/python3.8/site-packages/***/settings.py:194: DeprecationWarning: The sql_alchemy_conn option in [core] has been moved to the sql_alchemy_conn option in [database] - the old setting has been used, but please update your config.
  SQL_ALCHEMY_CONN = conf.get("database", "SQL_ALCHEMY_CONN")

[2025-03-30T11:19:53.585+0000] {task_command.py:423} INFO - Running <TaskInstance: inout_data_ingestion.create_table scheduled__2024-10-07T02:00:00+00:00 [running]> on host ff9d64b065e6
[2025-03-30T11:19:53.693+0000] {taskinstance.py:2510} INFO - Exporting env vars: AIRFLOW_CTX_DAG_OWNER='***' AIRFLOW_CTX_DAG_ID='inout_data_ingestion' AIRFLOW_CTX_TASK_ID='create_table' AIRFLOW_CTX_EXECUTION_DATE='2024-10-07T02:00:00+00:00' AIRFLOW_CTX_TRY_NUMBER='1' AIRFLOW_CTX_DAG_RUN_ID='scheduled__2024-10-07T02:00:00+00:00'
[2025-03-30T11:19:53.706+0000] {inout_data.py:42} INFO - Successfully connected to MariaDB: INOUT on mariadb:3306
[2025-03-30T11:19:53.707+0000] {inout_data.py:117} INFO - Table emp_inout_rec created (if it didn't exist).
[2025-03-30T11:19:53.708+0000] {inout_data.py:78} INFO - MariaDB connection closed.
[2025-03-30T11:19:53.716+0000] {python.py:202} INFO - Done. Returned value was: None
[2025-03-30T11:19:53.748+0000] {taskinstance.py:1149} INFO - Marking task as SUCCESS. dag_id=inout_data_ingestion, task_id=create_table, execution_date=20241007T020000, start_date=20250330T111953, end_date=20250330T111953
[2025-03-30T11:19:53.783+0000] {local_task_job_runner.py:234} INFO - Task exited with return code 0
[2025-03-30T11:19:53.977+0000] {taskinstance.py:3309} INFO - 1 downstream tasks scheduled from follow-on schedule check
