[2025-03-30T11:10:11.078+0000] {taskinstance.py:1979} INFO - Dependencies all met for dep_context=non-requeueable deps ti=<TaskInstance: inout_data_ingestion.create_table scheduled__2024-10-01T17:00:00+00:00 [queued]>
[2025-03-30T11:10:11.106+0000] {taskinstance.py:1979} INFO - Dependencies all met for dep_context=requeueable deps ti=<TaskInstance: inout_data_ingestion.create_table scheduled__2024-10-01T17:00:00+00:00 [queued]>
[2025-03-30T11:10:11.107+0000] {taskinstance.py:2193} INFO - Starting attempt 1 of 2
[2025-03-30T11:10:11.150+0000] {taskinstance.py:2214} INFO - Executing <Task(PythonOperator): create_table> on 2024-10-01 17:00:00+00:00
[2025-03-30T11:10:11.170+0000] {standard_task_runner.py:60} INFO - Started process 614 to run task
[2025-03-30T11:10:11.183+0000] {standard_task_runner.py:87} INFO - Running: ['***', 'tasks', 'run', 'inout_data_ingestion', 'create_table', 'scheduled__2024-10-01T17:00:00+00:00', '--job-id', '281', '--raw', '--subdir', 'DAGS_FOLDER/inout_data.py', '--cfg-path', '/tmp/tmp3egc9plf']
[2025-03-30T11:10:11.196+0000] {standard_task_runner.py:88} INFO - Job 281: Subtask create_table
[2025-03-30T11:10:11.223+0000] {warnings.py:109} WARNING - /home/***/.local/lib/python3.8/site-packages/***/settings.py:194: DeprecationWarning: The sql_alchemy_conn option in [core] has been moved to the sql_alchemy_conn option in [database] - the old setting has been used, but please update your config.
  SQL_ALCHEMY_CONN = conf.get("database", "SQL_ALCHEMY_CONN")

[2025-03-30T11:10:11.563+0000] {task_command.py:423} INFO - Running <TaskInstance: inout_data_ingestion.create_table scheduled__2024-10-01T17:00:00+00:00 [running]> on host ff9d64b065e6
[2025-03-30T11:10:11.811+0000] {taskinstance.py:2510} INFO - Exporting env vars: AIRFLOW_CTX_DAG_OWNER='***' AIRFLOW_CTX_DAG_ID='inout_data_ingestion' AIRFLOW_CTX_TASK_ID='create_table' AIRFLOW_CTX_EXECUTION_DATE='2024-10-01T17:00:00+00:00' AIRFLOW_CTX_TRY_NUMBER='1' AIRFLOW_CTX_DAG_RUN_ID='scheduled__2024-10-01T17:00:00+00:00'
[2025-03-30T11:10:11.837+0000] {inout_data.py:42} INFO - Successfully connected to MariaDB: INOUT on mariadb:3306
[2025-03-30T11:10:11.840+0000] {inout_data.py:124} INFO - Table emp_inout_rec created (if it didn't exist).
[2025-03-30T11:10:11.844+0000] {inout_data.py:78} INFO - MariaDB connection closed.
[2025-03-30T11:10:11.847+0000] {python.py:202} INFO - Done. Returned value was: None
[2025-03-30T11:10:11.902+0000] {taskinstance.py:1149} INFO - Marking task as SUCCESS. dag_id=inout_data_ingestion, task_id=create_table, execution_date=20241001T170000, start_date=20250330T111011, end_date=20250330T111011
[2025-03-30T11:10:11.979+0000] {local_task_job_runner.py:234} INFO - Task exited with return code 0
[2025-03-30T11:10:12.124+0000] {taskinstance.py:3309} INFO - 1 downstream tasks scheduled from follow-on schedule check
[2025-03-30T11:16:48.889+0000] {taskinstance.py:1979} INFO - Dependencies all met for dep_context=non-requeueable deps ti=<TaskInstance: inout_data_ingestion.create_table scheduled__2024-10-01T17:00:00+00:00 [queued]>
[2025-03-30T11:16:48.912+0000] {taskinstance.py:1979} INFO - Dependencies all met for dep_context=requeueable deps ti=<TaskInstance: inout_data_ingestion.create_table scheduled__2024-10-01T17:00:00+00:00 [queued]>
[2025-03-30T11:16:48.913+0000] {taskinstance.py:2193} INFO - Starting attempt 1 of 2
[2025-03-30T11:16:48.941+0000] {taskinstance.py:2214} INFO - Executing <Task(PythonOperator): create_table> on 2024-10-01 17:00:00+00:00
[2025-03-30T11:16:48.957+0000] {standard_task_runner.py:60} INFO - Started process 2468 to run task
[2025-03-30T11:16:48.992+0000] {standard_task_runner.py:87} INFO - Running: ['***', 'tasks', 'run', 'inout_data_ingestion', 'create_table', 'scheduled__2024-10-01T17:00:00+00:00', '--job-id', '1208', '--raw', '--subdir', 'DAGS_FOLDER/inout_data.py', '--cfg-path', '/tmp/tmpsd8pq6pz']
[2025-03-30T11:16:48.996+0000] {standard_task_runner.py:88} INFO - Job 1208: Subtask create_table
[2025-03-30T11:16:49.070+0000] {warnings.py:109} WARNING - /home/***/.local/lib/python3.8/site-packages/***/settings.py:194: DeprecationWarning: The sql_alchemy_conn option in [core] has been moved to the sql_alchemy_conn option in [database] - the old setting has been used, but please update your config.
  SQL_ALCHEMY_CONN = conf.get("database", "SQL_ALCHEMY_CONN")

[2025-03-30T11:16:49.194+0000] {task_command.py:423} INFO - Running <TaskInstance: inout_data_ingestion.create_table scheduled__2024-10-01T17:00:00+00:00 [running]> on host ff9d64b065e6
[2025-03-30T11:16:49.383+0000] {taskinstance.py:2510} INFO - Exporting env vars: AIRFLOW_CTX_DAG_OWNER='***' AIRFLOW_CTX_DAG_ID='inout_data_ingestion' AIRFLOW_CTX_TASK_ID='create_table' AIRFLOW_CTX_EXECUTION_DATE='2024-10-01T17:00:00+00:00' AIRFLOW_CTX_TRY_NUMBER='1' AIRFLOW_CTX_DAG_RUN_ID='scheduled__2024-10-01T17:00:00+00:00'
[2025-03-30T11:16:49.392+0000] {inout_data.py:42} INFO - Successfully connected to MariaDB: INOUT on mariadb:3306
[2025-03-30T11:16:49.396+0000] {inout_data.py:117} INFO - Table emp_inout_rec created (if it didn't exist).
[2025-03-30T11:16:49.397+0000] {inout_data.py:78} INFO - MariaDB connection closed.
[2025-03-30T11:16:49.399+0000] {python.py:202} INFO - Done. Returned value was: None
[2025-03-30T11:16:49.415+0000] {taskinstance.py:1149} INFO - Marking task as SUCCESS. dag_id=inout_data_ingestion, task_id=create_table, execution_date=20241001T170000, start_date=20250330T111648, end_date=20250330T111649
[2025-03-30T11:16:49.455+0000] {local_task_job_runner.py:234} INFO - Task exited with return code 0
[2025-03-30T11:16:49.536+0000] {taskinstance.py:3309} INFO - 1 downstream tasks scheduled from follow-on schedule check
[2025-03-30T11:29:22.249+0000] {taskinstance.py:1979} INFO - Dependencies all met for dep_context=non-requeueable deps ti=<TaskInstance: inout_data_ingestion.create_table scheduled__2024-10-01T17:00:00+00:00 [queued]>
[2025-03-30T11:29:22.269+0000] {taskinstance.py:1979} INFO - Dependencies all met for dep_context=requeueable deps ti=<TaskInstance: inout_data_ingestion.create_table scheduled__2024-10-01T17:00:00+00:00 [queued]>
[2025-03-30T11:29:22.270+0000] {taskinstance.py:2193} INFO - Starting attempt 1 of 2
[2025-03-30T11:29:22.296+0000] {taskinstance.py:2214} INFO - Executing <Task(PythonOperator): create_table> on 2024-10-01 17:00:00+00:00
[2025-03-30T11:29:22.301+0000] {standard_task_runner.py:60} INFO - Started process 4392 to run task
[2025-03-30T11:29:22.307+0000] {standard_task_runner.py:87} INFO - Running: ['***', 'tasks', 'run', 'inout_data_ingestion', 'create_table', 'scheduled__2024-10-01T17:00:00+00:00', '--job-id', '2170', '--raw', '--subdir', 'DAGS_FOLDER/inout_data.py', '--cfg-path', '/tmp/tmp5w31wn1d']
[2025-03-30T11:29:22.309+0000] {standard_task_runner.py:88} INFO - Job 2170: Subtask create_table
[2025-03-30T11:29:22.324+0000] {warnings.py:109} WARNING - /home/***/.local/lib/python3.8/site-packages/***/settings.py:194: DeprecationWarning: The sql_alchemy_conn option in [core] has been moved to the sql_alchemy_conn option in [database] - the old setting has been used, but please update your config.
  SQL_ALCHEMY_CONN = conf.get("database", "SQL_ALCHEMY_CONN")

[2025-03-30T11:29:22.363+0000] {task_command.py:423} INFO - Running <TaskInstance: inout_data_ingestion.create_table scheduled__2024-10-01T17:00:00+00:00 [running]> on host ff9d64b065e6
[2025-03-30T11:29:22.445+0000] {taskinstance.py:2510} INFO - Exporting env vars: AIRFLOW_CTX_DAG_OWNER='***' AIRFLOW_CTX_DAG_ID='inout_data_ingestion' AIRFLOW_CTX_TASK_ID='create_table' AIRFLOW_CTX_EXECUTION_DATE='2024-10-01T17:00:00+00:00' AIRFLOW_CTX_TRY_NUMBER='1' AIRFLOW_CTX_DAG_RUN_ID='scheduled__2024-10-01T17:00:00+00:00'
[2025-03-30T11:29:22.449+0000] {logging_mixin.py:188} INFO - Successfully connected to MariaDB: INOUT on mariadb:3306
[2025-03-30T11:29:22.450+0000] {inout_data.py:46} INFO - Table emp_inout_rec created (if it didn't exist).
[2025-03-30T11:29:22.453+0000] {logging_mixin.py:188} INFO - MariaDB connection closed.
[2025-03-30T11:29:22.453+0000] {python.py:202} INFO - Done. Returned value was: None
[2025-03-30T11:29:22.461+0000] {taskinstance.py:1149} INFO - Marking task as SUCCESS. dag_id=inout_data_ingestion, task_id=create_table, execution_date=20241001T170000, start_date=20250330T112922, end_date=20250330T112922
[2025-03-30T11:29:22.488+0000] {local_task_job_runner.py:234} INFO - Task exited with return code 0
[2025-03-30T11:29:22.514+0000] {taskinstance.py:3309} INFO - 1 downstream tasks scheduled from follow-on schedule check
[2025-03-30T11:34:09.097+0000] {taskinstance.py:1979} INFO - Dependencies all met for dep_context=non-requeueable deps ti=<TaskInstance: inout_data_ingestion.create_table scheduled__2024-10-01T17:00:00+00:00 [queued]>
[2025-03-30T11:34:09.117+0000] {taskinstance.py:1979} INFO - Dependencies all met for dep_context=requeueable deps ti=<TaskInstance: inout_data_ingestion.create_table scheduled__2024-10-01T17:00:00+00:00 [queued]>
[2025-03-30T11:34:09.118+0000] {taskinstance.py:2193} INFO - Starting attempt 1 of 2
[2025-03-30T11:34:09.152+0000] {taskinstance.py:2214} INFO - Executing <Task(PythonOperator): create_table> on 2024-10-01 17:00:00+00:00
[2025-03-30T11:34:09.161+0000] {standard_task_runner.py:60} INFO - Started process 5842 to run task
[2025-03-30T11:34:09.175+0000] {standard_task_runner.py:87} INFO - Running: ['***', 'tasks', 'run', 'inout_data_ingestion', 'create_table', 'scheduled__2024-10-01T17:00:00+00:00', '--job-id', '2895', '--raw', '--subdir', 'DAGS_FOLDER/inout_data.py', '--cfg-path', '/tmp/tmp238rktkg']
[2025-03-30T11:34:09.177+0000] {standard_task_runner.py:88} INFO - Job 2895: Subtask create_table
[2025-03-30T11:34:09.205+0000] {warnings.py:109} WARNING - /home/***/.local/lib/python3.8/site-packages/***/settings.py:194: DeprecationWarning: The sql_alchemy_conn option in [core] has been moved to the sql_alchemy_conn option in [database] - the old setting has been used, but please update your config.
  SQL_ALCHEMY_CONN = conf.get("database", "SQL_ALCHEMY_CONN")

[2025-03-30T11:34:09.286+0000] {task_command.py:423} INFO - Running <TaskInstance: inout_data_ingestion.create_table scheduled__2024-10-01T17:00:00+00:00 [running]> on host ff9d64b065e6
[2025-03-30T11:34:09.387+0000] {taskinstance.py:2510} INFO - Exporting env vars: AIRFLOW_CTX_DAG_OWNER='***' AIRFLOW_CTX_DAG_ID='inout_data_ingestion' AIRFLOW_CTX_TASK_ID='create_table' AIRFLOW_CTX_EXECUTION_DATE='2024-10-01T17:00:00+00:00' AIRFLOW_CTX_TRY_NUMBER='1' AIRFLOW_CTX_DAG_RUN_ID='scheduled__2024-10-01T17:00:00+00:00'
[2025-03-30T11:34:09.407+0000] {logging_mixin.py:188} INFO - Successfully connected to MariaDB: INOUT on mariadb:3306
[2025-03-30T11:34:09.408+0000] {inout_data.py:46} INFO - Table emp_inout_rec created (if it didn't exist).
[2025-03-30T11:34:09.409+0000] {logging_mixin.py:188} INFO - MariaDB connection closed.
[2025-03-30T11:34:09.410+0000] {python.py:202} INFO - Done. Returned value was: None
[2025-03-30T11:34:09.431+0000] {taskinstance.py:1149} INFO - Marking task as SUCCESS. dag_id=inout_data_ingestion, task_id=create_table, execution_date=20241001T170000, start_date=20250330T113409, end_date=20250330T113409
[2025-03-30T11:34:09.489+0000] {local_task_job_runner.py:234} INFO - Task exited with return code 0
[2025-03-30T11:34:09.556+0000] {taskinstance.py:3309} INFO - 1 downstream tasks scheduled from follow-on schedule check
[2025-03-30T11:41:47.060+0000] {taskinstance.py:1979} INFO - Dependencies all met for dep_context=non-requeueable deps ti=<TaskInstance: inout_data_ingestion.create_table scheduled__2024-10-01T17:00:00+00:00 [queued]>
[2025-03-30T11:41:47.088+0000] {taskinstance.py:1979} INFO - Dependencies all met for dep_context=requeueable deps ti=<TaskInstance: inout_data_ingestion.create_table scheduled__2024-10-01T17:00:00+00:00 [queued]>
[2025-03-30T11:41:47.092+0000] {taskinstance.py:2193} INFO - Starting attempt 1 of 2
[2025-03-30T11:41:47.164+0000] {taskinstance.py:2214} INFO - Executing <Task(PythonOperator): create_table> on 2024-10-01 17:00:00+00:00
[2025-03-30T11:41:47.177+0000] {standard_task_runner.py:60} INFO - Started process 7188 to run task
[2025-03-30T11:41:47.197+0000] {standard_task_runner.py:87} INFO - Running: ['***', 'tasks', 'run', 'inout_data_ingestion', 'create_table', 'scheduled__2024-10-01T17:00:00+00:00', '--job-id', '3568', '--raw', '--subdir', 'DAGS_FOLDER/inout_data.py', '--cfg-path', '/tmp/tmp4yv74r1b']
[2025-03-30T11:41:47.209+0000] {standard_task_runner.py:88} INFO - Job 3568: Subtask create_table
[2025-03-30T11:41:47.259+0000] {warnings.py:109} WARNING - /home/***/.local/lib/python3.8/site-packages/***/settings.py:194: DeprecationWarning: The sql_alchemy_conn option in [core] has been moved to the sql_alchemy_conn option in [database] - the old setting has been used, but please update your config.
  SQL_ALCHEMY_CONN = conf.get("database", "SQL_ALCHEMY_CONN")

[2025-03-30T11:41:47.394+0000] {task_command.py:423} INFO - Running <TaskInstance: inout_data_ingestion.create_table scheduled__2024-10-01T17:00:00+00:00 [running]> on host ff9d64b065e6
[2025-03-30T11:41:47.642+0000] {taskinstance.py:2510} INFO - Exporting env vars: AIRFLOW_CTX_DAG_OWNER='***' AIRFLOW_CTX_DAG_ID='inout_data_ingestion' AIRFLOW_CTX_TASK_ID='create_table' AIRFLOW_CTX_EXECUTION_DATE='2024-10-01T17:00:00+00:00' AIRFLOW_CTX_TRY_NUMBER='1' AIRFLOW_CTX_DAG_RUN_ID='scheduled__2024-10-01T17:00:00+00:00'
[2025-03-30T11:41:47.662+0000] {logging_mixin.py:188} INFO - Successfully connected to MariaDB: INOUT on mariadb:3306
[2025-03-30T11:41:47.665+0000] {inout_data.py:46} INFO - Table emp_inout_rec created (if it didn't exist).
[2025-03-30T11:41:47.669+0000] {logging_mixin.py:188} INFO - MariaDB connection closed.
[2025-03-30T11:41:47.672+0000] {python.py:202} INFO - Done. Returned value was: None
[2025-03-30T11:41:47.704+0000] {taskinstance.py:1149} INFO - Marking task as SUCCESS. dag_id=inout_data_ingestion, task_id=create_table, execution_date=20241001T170000, start_date=20250330T114147, end_date=20250330T114147
[2025-03-30T11:41:47.830+0000] {local_task_job_runner.py:234} INFO - Task exited with return code 0
[2025-03-30T11:41:47.980+0000] {taskinstance.py:3309} INFO - 1 downstream tasks scheduled from follow-on schedule check
