[2025-03-30T11:09:59.611+0000] {taskinstance.py:1979} INFO - Dependencies all met for dep_context=non-requeueable deps ti=<TaskInstance: inout_data_ingestion.create_table scheduled__2024-10-01T08:00:00+00:00 [queued]>
[2025-03-30T11:09:59.621+0000] {taskinstance.py:1979} INFO - Dependencies all met for dep_context=requeueable deps ti=<TaskInstance: inout_data_ingestion.create_table scheduled__2024-10-01T08:00:00+00:00 [queued]>
[2025-03-30T11:09:59.622+0000] {taskinstance.py:2193} INFO - Starting attempt 1 of 2
[2025-03-30T11:09:59.635+0000] {taskinstance.py:2214} INFO - Executing <Task(PythonOperator): create_table> on 2024-10-01 08:00:00+00:00
[2025-03-30T11:09:59.638+0000] {standard_task_runner.py:60} INFO - Started process 543 to run task
[2025-03-30T11:09:59.642+0000] {standard_task_runner.py:87} INFO - Running: ['***', 'tasks', 'run', 'inout_data_ingestion', 'create_table', 'scheduled__2024-10-01T08:00:00+00:00', '--job-id', '245', '--raw', '--subdir', 'DAGS_FOLDER/inout_data.py', '--cfg-path', '/tmp/tmp3fomq3e_']
[2025-03-30T11:09:59.644+0000] {standard_task_runner.py:88} INFO - Job 245: Subtask create_table
[2025-03-30T11:09:59.657+0000] {warnings.py:109} WARNING - /home/***/.local/lib/python3.8/site-packages/***/settings.py:194: DeprecationWarning: The sql_alchemy_conn option in [core] has been moved to the sql_alchemy_conn option in [database] - the old setting has been used, but please update your config.
  SQL_ALCHEMY_CONN = conf.get("database", "SQL_ALCHEMY_CONN")

[2025-03-30T11:09:59.696+0000] {task_command.py:423} INFO - Running <TaskInstance: inout_data_ingestion.create_table scheduled__2024-10-01T08:00:00+00:00 [running]> on host ff9d64b065e6
[2025-03-30T11:09:59.761+0000] {taskinstance.py:2510} INFO - Exporting env vars: AIRFLOW_CTX_DAG_OWNER='***' AIRFLOW_CTX_DAG_ID='inout_data_ingestion' AIRFLOW_CTX_TASK_ID='create_table' AIRFLOW_CTX_EXECUTION_DATE='2024-10-01T08:00:00+00:00' AIRFLOW_CTX_TRY_NUMBER='1' AIRFLOW_CTX_DAG_RUN_ID='scheduled__2024-10-01T08:00:00+00:00'
[2025-03-30T11:09:59.769+0000] {inout_data.py:42} INFO - Successfully connected to MariaDB: INOUT on mariadb:3306
[2025-03-30T11:09:59.770+0000] {inout_data.py:124} INFO - Table emp_inout_rec created (if it didn't exist).
[2025-03-30T11:09:59.771+0000] {inout_data.py:78} INFO - MariaDB connection closed.
[2025-03-30T11:09:59.771+0000] {python.py:202} INFO - Done. Returned value was: None
[2025-03-30T11:09:59.783+0000] {taskinstance.py:1149} INFO - Marking task as SUCCESS. dag_id=inout_data_ingestion, task_id=create_table, execution_date=20241001T080000, start_date=20250330T110959, end_date=20250330T110959
[2025-03-30T11:09:59.824+0000] {local_task_job_runner.py:234} INFO - Task exited with return code 0
[2025-03-30T11:09:59.867+0000] {taskinstance.py:3309} INFO - 1 downstream tasks scheduled from follow-on schedule check
[2025-03-30T11:16:33.282+0000] {taskinstance.py:1979} INFO - Dependencies all met for dep_context=non-requeueable deps ti=<TaskInstance: inout_data_ingestion.create_table scheduled__2024-10-01T08:00:00+00:00 [queued]>
[2025-03-30T11:16:33.290+0000] {taskinstance.py:1979} INFO - Dependencies all met for dep_context=requeueable deps ti=<TaskInstance: inout_data_ingestion.create_table scheduled__2024-10-01T08:00:00+00:00 [queued]>
[2025-03-30T11:16:33.292+0000] {taskinstance.py:2193} INFO - Starting attempt 1 of 2
[2025-03-30T11:16:33.310+0000] {taskinstance.py:2214} INFO - Executing <Task(PythonOperator): create_table> on 2024-10-01 08:00:00+00:00
[2025-03-30T11:16:33.315+0000] {standard_task_runner.py:60} INFO - Started process 2397 to run task
[2025-03-30T11:16:33.321+0000] {standard_task_runner.py:87} INFO - Running: ['***', 'tasks', 'run', 'inout_data_ingestion', 'create_table', 'scheduled__2024-10-01T08:00:00+00:00', '--job-id', '1173', '--raw', '--subdir', 'DAGS_FOLDER/inout_data.py', '--cfg-path', '/tmp/tmpi056b9b1']
[2025-03-30T11:16:33.323+0000] {standard_task_runner.py:88} INFO - Job 1173: Subtask create_table
[2025-03-30T11:16:33.342+0000] {warnings.py:109} WARNING - /home/***/.local/lib/python3.8/site-packages/***/settings.py:194: DeprecationWarning: The sql_alchemy_conn option in [core] has been moved to the sql_alchemy_conn option in [database] - the old setting has been used, but please update your config.
  SQL_ALCHEMY_CONN = conf.get("database", "SQL_ALCHEMY_CONN")

[2025-03-30T11:16:33.377+0000] {task_command.py:423} INFO - Running <TaskInstance: inout_data_ingestion.create_table scheduled__2024-10-01T08:00:00+00:00 [running]> on host ff9d64b065e6
[2025-03-30T11:16:33.431+0000] {taskinstance.py:2510} INFO - Exporting env vars: AIRFLOW_CTX_DAG_OWNER='***' AIRFLOW_CTX_DAG_ID='inout_data_ingestion' AIRFLOW_CTX_TASK_ID='create_table' AIRFLOW_CTX_EXECUTION_DATE='2024-10-01T08:00:00+00:00' AIRFLOW_CTX_TRY_NUMBER='1' AIRFLOW_CTX_DAG_RUN_ID='scheduled__2024-10-01T08:00:00+00:00'
[2025-03-30T11:16:33.436+0000] {inout_data.py:42} INFO - Successfully connected to MariaDB: INOUT on mariadb:3306
[2025-03-30T11:16:33.437+0000] {inout_data.py:117} INFO - Table emp_inout_rec created (if it didn't exist).
[2025-03-30T11:16:33.437+0000] {inout_data.py:78} INFO - MariaDB connection closed.
[2025-03-30T11:16:33.437+0000] {python.py:202} INFO - Done. Returned value was: None
[2025-03-30T11:16:33.443+0000] {taskinstance.py:1149} INFO - Marking task as SUCCESS. dag_id=inout_data_ingestion, task_id=create_table, execution_date=20241001T080000, start_date=20250330T111633, end_date=20250330T111633
[2025-03-30T11:16:33.461+0000] {local_task_job_runner.py:234} INFO - Task exited with return code 0
[2025-03-30T11:16:33.474+0000] {taskinstance.py:3309} INFO - 1 downstream tasks scheduled from follow-on schedule check
[2025-03-30T11:29:11.516+0000] {taskinstance.py:1979} INFO - Dependencies all met for dep_context=non-requeueable deps ti=<TaskInstance: inout_data_ingestion.create_table scheduled__2024-10-01T08:00:00+00:00 [queued]>
[2025-03-30T11:29:11.528+0000] {taskinstance.py:1979} INFO - Dependencies all met for dep_context=requeueable deps ti=<TaskInstance: inout_data_ingestion.create_table scheduled__2024-10-01T08:00:00+00:00 [queued]>
[2025-03-30T11:29:11.529+0000] {taskinstance.py:2193} INFO - Starting attempt 1 of 2
[2025-03-30T11:29:11.548+0000] {taskinstance.py:2214} INFO - Executing <Task(PythonOperator): create_table> on 2024-10-01 08:00:00+00:00
[2025-03-30T11:29:11.555+0000] {standard_task_runner.py:60} INFO - Started process 4321 to run task
[2025-03-30T11:29:11.566+0000] {standard_task_runner.py:87} INFO - Running: ['***', 'tasks', 'run', 'inout_data_ingestion', 'create_table', 'scheduled__2024-10-01T08:00:00+00:00', '--job-id', '2135', '--raw', '--subdir', 'DAGS_FOLDER/inout_data.py', '--cfg-path', '/tmp/tmplry3c1f3']
[2025-03-30T11:29:11.569+0000] {standard_task_runner.py:88} INFO - Job 2135: Subtask create_table
[2025-03-30T11:29:11.593+0000] {warnings.py:109} WARNING - /home/***/.local/lib/python3.8/site-packages/***/settings.py:194: DeprecationWarning: The sql_alchemy_conn option in [core] has been moved to the sql_alchemy_conn option in [database] - the old setting has been used, but please update your config.
  SQL_ALCHEMY_CONN = conf.get("database", "SQL_ALCHEMY_CONN")

[2025-03-30T11:29:11.631+0000] {task_command.py:423} INFO - Running <TaskInstance: inout_data_ingestion.create_table scheduled__2024-10-01T08:00:00+00:00 [running]> on host ff9d64b065e6
[2025-03-30T11:29:11.752+0000] {taskinstance.py:2510} INFO - Exporting env vars: AIRFLOW_CTX_DAG_OWNER='***' AIRFLOW_CTX_DAG_ID='inout_data_ingestion' AIRFLOW_CTX_TASK_ID='create_table' AIRFLOW_CTX_EXECUTION_DATE='2024-10-01T08:00:00+00:00' AIRFLOW_CTX_TRY_NUMBER='1' AIRFLOW_CTX_DAG_RUN_ID='scheduled__2024-10-01T08:00:00+00:00'
[2025-03-30T11:29:11.764+0000] {logging_mixin.py:188} INFO - Successfully connected to MariaDB: INOUT on mariadb:3306
[2025-03-30T11:29:11.766+0000] {inout_data.py:46} INFO - Table emp_inout_rec created (if it didn't exist).
[2025-03-30T11:29:11.768+0000] {logging_mixin.py:188} INFO - MariaDB connection closed.
[2025-03-30T11:29:11.770+0000] {python.py:202} INFO - Done. Returned value was: None
[2025-03-30T11:29:11.790+0000] {taskinstance.py:1149} INFO - Marking task as SUCCESS. dag_id=inout_data_ingestion, task_id=create_table, execution_date=20241001T080000, start_date=20250330T112911, end_date=20250330T112911
[2025-03-30T11:29:11.835+0000] {local_task_job_runner.py:234} INFO - Task exited with return code 0
[2025-03-30T11:29:11.868+0000] {taskinstance.py:3309} INFO - 1 downstream tasks scheduled from follow-on schedule check
[2025-03-30T11:33:48.705+0000] {taskinstance.py:1979} INFO - Dependencies all met for dep_context=non-requeueable deps ti=<TaskInstance: inout_data_ingestion.create_table scheduled__2024-10-01T08:00:00+00:00 [queued]>
[2025-03-30T11:33:48.750+0000] {taskinstance.py:1979} INFO - Dependencies all met for dep_context=requeueable deps ti=<TaskInstance: inout_data_ingestion.create_table scheduled__2024-10-01T08:00:00+00:00 [queued]>
[2025-03-30T11:33:48.754+0000] {taskinstance.py:2193} INFO - Starting attempt 1 of 2
[2025-03-30T11:33:48.809+0000] {taskinstance.py:2214} INFO - Executing <Task(PythonOperator): create_table> on 2024-10-01 08:00:00+00:00
[2025-03-30T11:33:48.855+0000] {standard_task_runner.py:60} INFO - Started process 5771 to run task
[2025-03-30T11:33:48.882+0000] {standard_task_runner.py:87} INFO - Running: ['***', 'tasks', 'run', 'inout_data_ingestion', 'create_table', 'scheduled__2024-10-01T08:00:00+00:00', '--job-id', '2859', '--raw', '--subdir', 'DAGS_FOLDER/inout_data.py', '--cfg-path', '/tmp/tmp8cz0myqa']
[2025-03-30T11:33:48.890+0000] {standard_task_runner.py:88} INFO - Job 2859: Subtask create_table
[2025-03-30T11:33:48.933+0000] {warnings.py:109} WARNING - /home/***/.local/lib/python3.8/site-packages/***/settings.py:194: DeprecationWarning: The sql_alchemy_conn option in [core] has been moved to the sql_alchemy_conn option in [database] - the old setting has been used, but please update your config.
  SQL_ALCHEMY_CONN = conf.get("database", "SQL_ALCHEMY_CONN")

[2025-03-30T11:33:49.006+0000] {task_command.py:423} INFO - Running <TaskInstance: inout_data_ingestion.create_table scheduled__2024-10-01T08:00:00+00:00 [running]> on host ff9d64b065e6
[2025-03-30T11:33:49.192+0000] {taskinstance.py:2510} INFO - Exporting env vars: AIRFLOW_CTX_DAG_OWNER='***' AIRFLOW_CTX_DAG_ID='inout_data_ingestion' AIRFLOW_CTX_TASK_ID='create_table' AIRFLOW_CTX_EXECUTION_DATE='2024-10-01T08:00:00+00:00' AIRFLOW_CTX_TRY_NUMBER='1' AIRFLOW_CTX_DAG_RUN_ID='scheduled__2024-10-01T08:00:00+00:00'
[2025-03-30T11:33:49.209+0000] {logging_mixin.py:188} INFO - Successfully connected to MariaDB: INOUT on mariadb:3306
[2025-03-30T11:33:49.211+0000] {inout_data.py:46} INFO - Table emp_inout_rec created (if it didn't exist).
[2025-03-30T11:33:49.212+0000] {logging_mixin.py:188} INFO - MariaDB connection closed.
[2025-03-30T11:33:49.212+0000] {python.py:202} INFO - Done. Returned value was: None
[2025-03-30T11:33:49.233+0000] {taskinstance.py:1149} INFO - Marking task as SUCCESS. dag_id=inout_data_ingestion, task_id=create_table, execution_date=20241001T080000, start_date=20250330T113348, end_date=20250330T113349
[2025-03-30T11:33:49.267+0000] {local_task_job_runner.py:234} INFO - Task exited with return code 0
[2025-03-30T11:33:49.329+0000] {taskinstance.py:3309} INFO - 1 downstream tasks scheduled from follow-on schedule check
[2025-03-30T11:41:31.619+0000] {taskinstance.py:1979} INFO - Dependencies all met for dep_context=non-requeueable deps ti=<TaskInstance: inout_data_ingestion.create_table scheduled__2024-10-01T08:00:00+00:00 [queued]>
[2025-03-30T11:41:31.640+0000] {taskinstance.py:1979} INFO - Dependencies all met for dep_context=requeueable deps ti=<TaskInstance: inout_data_ingestion.create_table scheduled__2024-10-01T08:00:00+00:00 [queued]>
[2025-03-30T11:41:31.641+0000] {taskinstance.py:2193} INFO - Starting attempt 1 of 2
[2025-03-30T11:41:31.661+0000] {taskinstance.py:2214} INFO - Executing <Task(PythonOperator): create_table> on 2024-10-01 08:00:00+00:00
[2025-03-30T11:41:31.671+0000] {standard_task_runner.py:60} INFO - Started process 7115 to run task
[2025-03-30T11:41:31.686+0000] {standard_task_runner.py:87} INFO - Running: ['***', 'tasks', 'run', 'inout_data_ingestion', 'create_table', 'scheduled__2024-10-01T08:00:00+00:00', '--job-id', '3531', '--raw', '--subdir', 'DAGS_FOLDER/inout_data.py', '--cfg-path', '/tmp/tmpi7uycdkd']
[2025-03-30T11:41:31.692+0000] {standard_task_runner.py:88} INFO - Job 3531: Subtask create_table
[2025-03-30T11:41:31.721+0000] {warnings.py:109} WARNING - /home/***/.local/lib/python3.8/site-packages/***/settings.py:194: DeprecationWarning: The sql_alchemy_conn option in [core] has been moved to the sql_alchemy_conn option in [database] - the old setting has been used, but please update your config.
  SQL_ALCHEMY_CONN = conf.get("database", "SQL_ALCHEMY_CONN")

[2025-03-30T11:41:31.788+0000] {task_command.py:423} INFO - Running <TaskInstance: inout_data_ingestion.create_table scheduled__2024-10-01T08:00:00+00:00 [running]> on host ff9d64b065e6
[2025-03-30T11:41:31.925+0000] {taskinstance.py:2510} INFO - Exporting env vars: AIRFLOW_CTX_DAG_OWNER='***' AIRFLOW_CTX_DAG_ID='inout_data_ingestion' AIRFLOW_CTX_TASK_ID='create_table' AIRFLOW_CTX_EXECUTION_DATE='2024-10-01T08:00:00+00:00' AIRFLOW_CTX_TRY_NUMBER='1' AIRFLOW_CTX_DAG_RUN_ID='scheduled__2024-10-01T08:00:00+00:00'
[2025-03-30T11:41:31.935+0000] {logging_mixin.py:188} INFO - Successfully connected to MariaDB: INOUT on mariadb:3306
[2025-03-30T11:41:31.937+0000] {inout_data.py:46} INFO - Table emp_inout_rec created (if it didn't exist).
[2025-03-30T11:41:31.938+0000] {logging_mixin.py:188} INFO - MariaDB connection closed.
[2025-03-30T11:41:31.939+0000] {python.py:202} INFO - Done. Returned value was: None
[2025-03-30T11:41:31.967+0000] {taskinstance.py:1149} INFO - Marking task as SUCCESS. dag_id=inout_data_ingestion, task_id=create_table, execution_date=20241001T080000, start_date=20250330T114131, end_date=20250330T114131
[2025-03-30T11:41:32.062+0000] {local_task_job_runner.py:234} INFO - Task exited with return code 0
[2025-03-30T11:41:32.099+0000] {taskinstance.py:3309} INFO - 1 downstream tasks scheduled from follow-on schedule check
