[2025-03-30T11:12:28.635+0000] {taskinstance.py:1979} INFO - Dependencies all met for dep_context=non-requeueable deps ti=<TaskInstance: inout_data_ingestion.ingest_dummy_data scheduled__2024-10-05T17:30:00+00:00 [queued]>
[2025-03-30T11:12:28.649+0000] {taskinstance.py:1979} INFO - Dependencies all met for dep_context=requeueable deps ti=<TaskInstance: inout_data_ingestion.ingest_dummy_data scheduled__2024-10-05T17:30:00+00:00 [queued]>
[2025-03-30T11:12:28.649+0000] {taskinstance.py:2193} INFO - Starting attempt 1 of 2
[2025-03-30T11:12:28.664+0000] {taskinstance.py:2214} INFO - Executing <Task(PythonOperator): ingest_dummy_data> on 2024-10-05 17:30:00+00:00
[2025-03-30T11:12:28.666+0000] {standard_task_runner.py:60} INFO - Started process 1396 to run task
[2025-03-30T11:12:28.669+0000] {standard_task_runner.py:87} INFO - Running: ['***', 'tasks', 'run', 'inout_data_ingestion', 'ingest_dummy_data', 'scheduled__2024-10-05T17:30:00+00:00', '--job-id', '673', '--raw', '--subdir', 'DAGS_FOLDER/inout_data.py', '--cfg-path', '/tmp/tmpv8db4xxr']
[2025-03-30T11:12:28.670+0000] {standard_task_runner.py:88} INFO - Job 673: Subtask ingest_dummy_data
[2025-03-30T11:12:28.678+0000] {warnings.py:109} WARNING - /home/***/.local/lib/python3.8/site-packages/***/settings.py:194: DeprecationWarning: The sql_alchemy_conn option in [core] has been moved to the sql_alchemy_conn option in [database] - the old setting has been used, but please update your config.
  SQL_ALCHEMY_CONN = conf.get("database", "SQL_ALCHEMY_CONN")

[2025-03-30T11:12:28.699+0000] {task_command.py:423} INFO - Running <TaskInstance: inout_data_ingestion.ingest_dummy_data scheduled__2024-10-05T17:30:00+00:00 [running]> on host ff9d64b065e6
[2025-03-30T11:12:28.752+0000] {taskinstance.py:2510} INFO - Exporting env vars: AIRFLOW_CTX_DAG_OWNER='***' AIRFLOW_CTX_DAG_ID='inout_data_ingestion' AIRFLOW_CTX_TASK_ID='ingest_dummy_data' AIRFLOW_CTX_EXECUTION_DATE='2024-10-05T17:30:00+00:00' AIRFLOW_CTX_TRY_NUMBER='1' AIRFLOW_CTX_DAG_RUN_ID='scheduled__2024-10-05T17:30:00+00:00'
[2025-03-30T11:12:28.754+0000] {inout_data.py:42} INFO - Successfully connected to MariaDB: INOUT on mariadb:3306
[2025-03-30T11:12:28.755+0000] {inout_data.py:63} ERROR - Error executing query: (1062, "Duplicate entry '2025-03-30 11:12:28-7230' for key 'PRIMARY'")
[2025-03-30T11:12:28.755+0000] {inout_data.py:63} ERROR - Error executing query: (1062, "Duplicate entry '2025-03-30 11:12:28-7230' for key 'PRIMARY'")
[2025-03-30T11:12:28.755+0000] {inout_data.py:63} ERROR - Error executing query: (1062, "Duplicate entry '2025-03-30 11:12:28-7230' for key 'PRIMARY'")
[2025-03-30T11:12:28.756+0000] {inout_data.py:63} ERROR - Error executing query: (1062, "Duplicate entry '2025-03-30 11:12:28-7230' for key 'PRIMARY'")
[2025-03-30T11:12:28.756+0000] {inout_data.py:63} ERROR - Error executing query: (1062, "Duplicate entry '2025-03-30 11:12:28-7230' for key 'PRIMARY'")
[2025-03-30T11:12:28.756+0000] {inout_data.py:63} ERROR - Error executing query: (1062, "Duplicate entry '2025-03-30 11:12:28-7230' for key 'PRIMARY'")
[2025-03-30T11:12:28.756+0000] {inout_data.py:63} ERROR - Error executing query: (1062, "Duplicate entry '2025-03-30 11:12:28-7230' for key 'PRIMARY'")
[2025-03-30T11:12:28.757+0000] {inout_data.py:63} ERROR - Error executing query: (1062, "Duplicate entry '2025-03-30 11:12:28-7230' for key 'PRIMARY'")
[2025-03-30T11:12:28.757+0000] {inout_data.py:63} ERROR - Error executing query: (1062, "Duplicate entry '2025-03-30 11:12:28-7230' for key 'PRIMARY'")
[2025-03-30T11:12:28.757+0000] {inout_data.py:63} ERROR - Error executing query: (1062, "Duplicate entry '2025-03-30 11:12:28-7230' for key 'PRIMARY'")
[2025-03-30T11:12:28.757+0000] {inout_data.py:63} ERROR - Error executing query: (1062, "Duplicate entry '2025-03-30 11:12:28-7230' for key 'PRIMARY'")
[2025-03-30T11:12:28.758+0000] {inout_data.py:63} ERROR - Error executing query: (1062, "Duplicate entry '2025-03-30 11:12:28-7230' for key 'PRIMARY'")
[2025-03-30T11:12:28.758+0000] {inout_data.py:63} ERROR - Error executing query: (1062, "Duplicate entry '2025-03-30 11:12:28-7230' for key 'PRIMARY'")
[2025-03-30T11:12:28.758+0000] {inout_data.py:159} INFO - Ingested 14 rows of dummy data.
[2025-03-30T11:12:28.758+0000] {inout_data.py:78} INFO - MariaDB connection closed.
[2025-03-30T11:12:28.758+0000] {python.py:202} INFO - Done. Returned value was: None
[2025-03-30T11:12:28.762+0000] {taskinstance.py:1149} INFO - Marking task as SUCCESS. dag_id=inout_data_ingestion, task_id=ingest_dummy_data, execution_date=20241005T173000, start_date=20250330T111228, end_date=20250330T111228
[2025-03-30T11:12:28.814+0000] {local_task_job_runner.py:234} INFO - Task exited with return code 0
[2025-03-30T11:12:28.825+0000] {taskinstance.py:3309} INFO - 0 downstream tasks scheduled from follow-on schedule check
[2025-03-30T11:19:06.395+0000] {taskinstance.py:1979} INFO - Dependencies all met for dep_context=non-requeueable deps ti=<TaskInstance: inout_data_ingestion.ingest_dummy_data scheduled__2024-10-05T17:30:00+00:00 [queued]>
[2025-03-30T11:19:06.401+0000] {taskinstance.py:1979} INFO - Dependencies all met for dep_context=requeueable deps ti=<TaskInstance: inout_data_ingestion.ingest_dummy_data scheduled__2024-10-05T17:30:00+00:00 [queued]>
[2025-03-30T11:19:06.402+0000] {taskinstance.py:2193} INFO - Starting attempt 1 of 2
[2025-03-30T11:19:06.412+0000] {taskinstance.py:2214} INFO - Executing <Task(PythonOperator): ingest_dummy_data> on 2024-10-05 17:30:00+00:00
[2025-03-30T11:19:06.420+0000] {standard_task_runner.py:60} INFO - Started process 3251 to run task
[2025-03-30T11:19:06.428+0000] {standard_task_runner.py:87} INFO - Running: ['***', 'tasks', 'run', 'inout_data_ingestion', 'ingest_dummy_data', 'scheduled__2024-10-05T17:30:00+00:00', '--job-id', '1601', '--raw', '--subdir', 'DAGS_FOLDER/inout_data.py', '--cfg-path', '/tmp/tmpbk3gluls']
[2025-03-30T11:19:06.430+0000] {standard_task_runner.py:88} INFO - Job 1601: Subtask ingest_dummy_data
[2025-03-30T11:19:06.441+0000] {warnings.py:109} WARNING - /home/***/.local/lib/python3.8/site-packages/***/settings.py:194: DeprecationWarning: The sql_alchemy_conn option in [core] has been moved to the sql_alchemy_conn option in [database] - the old setting has been used, but please update your config.
  SQL_ALCHEMY_CONN = conf.get("database", "SQL_ALCHEMY_CONN")

[2025-03-30T11:19:06.458+0000] {task_command.py:423} INFO - Running <TaskInstance: inout_data_ingestion.ingest_dummy_data scheduled__2024-10-05T17:30:00+00:00 [running]> on host ff9d64b065e6
[2025-03-30T11:19:06.512+0000] {taskinstance.py:2510} INFO - Exporting env vars: AIRFLOW_CTX_DAG_OWNER='***' AIRFLOW_CTX_DAG_ID='inout_data_ingestion' AIRFLOW_CTX_TASK_ID='ingest_dummy_data' AIRFLOW_CTX_EXECUTION_DATE='2024-10-05T17:30:00+00:00' AIRFLOW_CTX_TRY_NUMBER='1' AIRFLOW_CTX_DAG_RUN_ID='scheduled__2024-10-05T17:30:00+00:00'
[2025-03-30T11:19:06.519+0000] {inout_data.py:42} INFO - Successfully connected to MariaDB: INOUT on mariadb:3306
[2025-03-30T11:19:06.524+0000] {inout_data.py:63} ERROR - Error executing query: (1062, "Duplicate entry '2025-03-30 11:19:06-5770' for key 'PRIMARY'")
[2025-03-30T11:19:06.524+0000] {inout_data.py:63} ERROR - Error executing query: (1062, "Duplicate entry '2025-03-30 11:19:06-5770' for key 'PRIMARY'")
[2025-03-30T11:19:06.525+0000] {inout_data.py:63} ERROR - Error executing query: (1062, "Duplicate entry '2025-03-30 11:19:06-5770' for key 'PRIMARY'")
[2025-03-30T11:19:06.525+0000] {inout_data.py:63} ERROR - Error executing query: (1062, "Duplicate entry '2025-03-30 11:19:06-5770' for key 'PRIMARY'")
[2025-03-30T11:19:06.530+0000] {inout_data.py:63} ERROR - Error executing query: (1062, "Duplicate entry '2025-03-30 11:19:06-5770' for key 'PRIMARY'")
[2025-03-30T11:19:06.531+0000] {inout_data.py:63} ERROR - Error executing query: (1062, "Duplicate entry '2025-03-30 11:19:06-5770' for key 'PRIMARY'")
[2025-03-30T11:19:06.532+0000] {inout_data.py:63} ERROR - Error executing query: (1062, "Duplicate entry '2025-03-30 11:19:06-5770' for key 'PRIMARY'")
[2025-03-30T11:19:06.533+0000] {inout_data.py:63} ERROR - Error executing query: (1062, "Duplicate entry '2025-03-30 11:19:06-5770' for key 'PRIMARY'")
[2025-03-30T11:19:06.533+0000] {inout_data.py:63} ERROR - Error executing query: (1062, "Duplicate entry '2025-03-30 11:19:06-5770' for key 'PRIMARY'")
[2025-03-30T11:19:06.534+0000] {inout_data.py:63} ERROR - Error executing query: (1062, "Duplicate entry '2025-03-30 11:19:06-5770' for key 'PRIMARY'")
[2025-03-30T11:19:06.535+0000] {inout_data.py:152} INFO - Ingested 11 rows of dummy data.
[2025-03-30T11:19:06.535+0000] {inout_data.py:78} INFO - MariaDB connection closed.
[2025-03-30T11:19:06.535+0000] {python.py:202} INFO - Done. Returned value was: None
[2025-03-30T11:19:06.542+0000] {taskinstance.py:1149} INFO - Marking task as SUCCESS. dag_id=inout_data_ingestion, task_id=ingest_dummy_data, execution_date=20241005T173000, start_date=20250330T111906, end_date=20250330T111906
[2025-03-30T11:19:06.569+0000] {local_task_job_runner.py:234} INFO - Task exited with return code 0
[2025-03-30T11:19:06.606+0000] {taskinstance.py:3309} INFO - 0 downstream tasks scheduled from follow-on schedule check
[2025-03-30T11:31:16.183+0000] {taskinstance.py:1979} INFO - Dependencies all met for dep_context=non-requeueable deps ti=<TaskInstance: inout_data_ingestion.ingest_dummy_data scheduled__2024-10-05T17:30:00+00:00 [queued]>
[2025-03-30T11:31:16.191+0000] {taskinstance.py:1979} INFO - Dependencies all met for dep_context=requeueable deps ti=<TaskInstance: inout_data_ingestion.ingest_dummy_data scheduled__2024-10-05T17:30:00+00:00 [queued]>
[2025-03-30T11:31:16.191+0000] {taskinstance.py:2193} INFO - Starting attempt 1 of 2
[2025-03-30T11:31:16.199+0000] {taskinstance.py:2214} INFO - Executing <Task(PythonOperator): ingest_dummy_data> on 2024-10-05 17:30:00+00:00
[2025-03-30T11:31:16.202+0000] {standard_task_runner.py:60} INFO - Started process 5166 to run task
[2025-03-30T11:31:16.204+0000] {standard_task_runner.py:87} INFO - Running: ['***', 'tasks', 'run', 'inout_data_ingestion', 'ingest_dummy_data', 'scheduled__2024-10-05T17:30:00+00:00', '--job-id', '2558', '--raw', '--subdir', 'DAGS_FOLDER/inout_data.py', '--cfg-path', '/tmp/tmpqlm05e2m']
[2025-03-30T11:31:16.205+0000] {standard_task_runner.py:88} INFO - Job 2558: Subtask ingest_dummy_data
[2025-03-30T11:31:16.215+0000] {warnings.py:109} WARNING - /home/***/.local/lib/python3.8/site-packages/***/settings.py:194: DeprecationWarning: The sql_alchemy_conn option in [core] has been moved to the sql_alchemy_conn option in [database] - the old setting has been used, but please update your config.
  SQL_ALCHEMY_CONN = conf.get("database", "SQL_ALCHEMY_CONN")

[2025-03-30T11:31:16.234+0000] {task_command.py:423} INFO - Running <TaskInstance: inout_data_ingestion.ingest_dummy_data scheduled__2024-10-05T17:30:00+00:00 [running]> on host ff9d64b065e6
[2025-03-30T11:31:16.271+0000] {taskinstance.py:2510} INFO - Exporting env vars: AIRFLOW_CTX_DAG_OWNER='***' AIRFLOW_CTX_DAG_ID='inout_data_ingestion' AIRFLOW_CTX_TASK_ID='ingest_dummy_data' AIRFLOW_CTX_EXECUTION_DATE='2024-10-05T17:30:00+00:00' AIRFLOW_CTX_TRY_NUMBER='1' AIRFLOW_CTX_DAG_RUN_ID='scheduled__2024-10-05T17:30:00+00:00'
[2025-03-30T11:31:16.273+0000] {logging_mixin.py:188} INFO - Successfully connected to MariaDB: INOUT on mariadb:3306
[2025-03-30T11:31:16.273+0000] {logging_mixin.py:188} INFO - General error executing query: not all arguments converted during string formatting
[2025-03-30T11:31:16.274+0000] {logging_mixin.py:188} INFO - General error executing query: not all arguments converted during string formatting
[2025-03-30T11:31:16.274+0000] {logging_mixin.py:188} INFO - General error executing query: not all arguments converted during string formatting
[2025-03-30T11:31:16.274+0000] {logging_mixin.py:188} INFO - General error executing query: not all arguments converted during string formatting
[2025-03-30T11:31:16.274+0000] {logging_mixin.py:188} INFO - General error executing query: not all arguments converted during string formatting
[2025-03-30T11:31:16.274+0000] {logging_mixin.py:188} INFO - General error executing query: not all arguments converted during string formatting
[2025-03-30T11:31:16.275+0000] {inout_data.py:87} INFO - Ingested 6 rows of dummy data for 2024-10-05 17:30:00+00:00.
[2025-03-30T11:31:16.275+0000] {logging_mixin.py:188} INFO - MariaDB connection closed.
[2025-03-30T11:31:16.275+0000] {python.py:202} INFO - Done. Returned value was: None
[2025-03-30T11:31:16.280+0000] {taskinstance.py:1149} INFO - Marking task as SUCCESS. dag_id=inout_data_ingestion, task_id=ingest_dummy_data, execution_date=20241005T173000, start_date=20250330T113116, end_date=20250330T113116
[2025-03-30T11:31:16.304+0000] {local_task_job_runner.py:234} INFO - Task exited with return code 0
[2025-03-30T11:31:16.320+0000] {taskinstance.py:3309} INFO - 0 downstream tasks scheduled from follow-on schedule check
