[2025-03-30T11:10:42.594+0000] {taskinstance.py:1979} INFO - Dependencies all met for dep_context=non-requeueable deps ti=<TaskInstance: inout_data_ingestion.create_table scheduled__2024-10-02T15:00:00+00:00 [queued]>
[2025-03-30T11:10:42.621+0000] {taskinstance.py:1979} INFO - Dependencies all met for dep_context=requeueable deps ti=<TaskInstance: inout_data_ingestion.create_table scheduled__2024-10-02T15:00:00+00:00 [queued]>
[2025-03-30T11:10:42.626+0000] {taskinstance.py:2193} INFO - Starting attempt 1 of 2
[2025-03-30T11:10:42.661+0000] {taskinstance.py:2214} INFO - Executing <Task(PythonOperator): create_table> on 2024-10-02 15:00:00+00:00
[2025-03-30T11:10:42.672+0000] {standard_task_runner.py:60} INFO - Started process 793 to run task
[2025-03-30T11:10:42.686+0000] {standard_task_runner.py:87} INFO - Running: ['***', 'tasks', 'run', 'inout_data_ingestion', 'create_table', 'scheduled__2024-10-02T15:00:00+00:00', '--job-id', '371', '--raw', '--subdir', 'DAGS_FOLDER/inout_data.py', '--cfg-path', '/tmp/tmp38y_h6l1']
[2025-03-30T11:10:42.690+0000] {standard_task_runner.py:88} INFO - Job 371: Subtask create_table
[2025-03-30T11:10:42.728+0000] {warnings.py:109} WARNING - /home/***/.local/lib/python3.8/site-packages/***/settings.py:194: DeprecationWarning: The sql_alchemy_conn option in [core] has been moved to the sql_alchemy_conn option in [database] - the old setting has been used, but please update your config.
  SQL_ALCHEMY_CONN = conf.get("database", "SQL_ALCHEMY_CONN")

[2025-03-30T11:10:42.795+0000] {task_command.py:423} INFO - Running <TaskInstance: inout_data_ingestion.create_table scheduled__2024-10-02T15:00:00+00:00 [running]> on host ff9d64b065e6
[2025-03-30T11:10:42.889+0000] {taskinstance.py:2510} INFO - Exporting env vars: AIRFLOW_CTX_DAG_OWNER='***' AIRFLOW_CTX_DAG_ID='inout_data_ingestion' AIRFLOW_CTX_TASK_ID='create_table' AIRFLOW_CTX_EXECUTION_DATE='2024-10-02T15:00:00+00:00' AIRFLOW_CTX_TRY_NUMBER='1' AIRFLOW_CTX_DAG_RUN_ID='scheduled__2024-10-02T15:00:00+00:00'
[2025-03-30T11:10:42.895+0000] {inout_data.py:42} INFO - Successfully connected to MariaDB: INOUT on mariadb:3306
[2025-03-30T11:10:42.896+0000] {inout_data.py:124} INFO - Table emp_inout_rec created (if it didn't exist).
[2025-03-30T11:10:42.897+0000] {inout_data.py:78} INFO - MariaDB connection closed.
[2025-03-30T11:10:42.897+0000] {python.py:202} INFO - Done. Returned value was: None
[2025-03-30T11:10:42.905+0000] {taskinstance.py:1149} INFO - Marking task as SUCCESS. dag_id=inout_data_ingestion, task_id=create_table, execution_date=20241002T150000, start_date=20250330T111042, end_date=20250330T111042
[2025-03-30T11:10:42.949+0000] {local_task_job_runner.py:234} INFO - Task exited with return code 0
[2025-03-30T11:10:42.999+0000] {taskinstance.py:3309} INFO - 1 downstream tasks scheduled from follow-on schedule check
[2025-03-30T11:17:21.338+0000] {taskinstance.py:1979} INFO - Dependencies all met for dep_context=non-requeueable deps ti=<TaskInstance: inout_data_ingestion.create_table scheduled__2024-10-02T15:00:00+00:00 [queued]>
[2025-03-30T11:17:21.351+0000] {taskinstance.py:1979} INFO - Dependencies all met for dep_context=requeueable deps ti=<TaskInstance: inout_data_ingestion.create_table scheduled__2024-10-02T15:00:00+00:00 [queued]>
[2025-03-30T11:17:21.352+0000] {taskinstance.py:2193} INFO - Starting attempt 1 of 2
[2025-03-30T11:17:21.374+0000] {taskinstance.py:2214} INFO - Executing <Task(PythonOperator): create_table> on 2024-10-02 15:00:00+00:00
[2025-03-30T11:17:21.384+0000] {standard_task_runner.py:60} INFO - Started process 2652 to run task
[2025-03-30T11:17:21.393+0000] {standard_task_runner.py:87} INFO - Running: ['***', 'tasks', 'run', 'inout_data_ingestion', 'create_table', 'scheduled__2024-10-02T15:00:00+00:00', '--job-id', '1300', '--raw', '--subdir', 'DAGS_FOLDER/inout_data.py', '--cfg-path', '/tmp/tmpy8fsz9t3']
[2025-03-30T11:17:21.397+0000] {standard_task_runner.py:88} INFO - Job 1300: Subtask create_table
[2025-03-30T11:17:21.432+0000] {warnings.py:109} WARNING - /home/***/.local/lib/python3.8/site-packages/***/settings.py:194: DeprecationWarning: The sql_alchemy_conn option in [core] has been moved to the sql_alchemy_conn option in [database] - the old setting has been used, but please update your config.
  SQL_ALCHEMY_CONN = conf.get("database", "SQL_ALCHEMY_CONN")

[2025-03-30T11:17:21.497+0000] {task_command.py:423} INFO - Running <TaskInstance: inout_data_ingestion.create_table scheduled__2024-10-02T15:00:00+00:00 [running]> on host ff9d64b065e6
[2025-03-30T11:17:21.662+0000] {taskinstance.py:2510} INFO - Exporting env vars: AIRFLOW_CTX_DAG_OWNER='***' AIRFLOW_CTX_DAG_ID='inout_data_ingestion' AIRFLOW_CTX_TASK_ID='create_table' AIRFLOW_CTX_EXECUTION_DATE='2024-10-02T15:00:00+00:00' AIRFLOW_CTX_TRY_NUMBER='1' AIRFLOW_CTX_DAG_RUN_ID='scheduled__2024-10-02T15:00:00+00:00'
[2025-03-30T11:17:21.671+0000] {inout_data.py:42} INFO - Successfully connected to MariaDB: INOUT on mariadb:3306
[2025-03-30T11:17:21.677+0000] {inout_data.py:117} INFO - Table emp_inout_rec created (if it didn't exist).
[2025-03-30T11:17:21.680+0000] {inout_data.py:78} INFO - MariaDB connection closed.
[2025-03-30T11:17:21.681+0000] {python.py:202} INFO - Done. Returned value was: None
[2025-03-30T11:17:21.698+0000] {taskinstance.py:1149} INFO - Marking task as SUCCESS. dag_id=inout_data_ingestion, task_id=create_table, execution_date=20241002T150000, start_date=20250330T111721, end_date=20250330T111721
[2025-03-30T11:17:21.747+0000] {local_task_job_runner.py:234} INFO - Task exited with return code 0
[2025-03-30T11:17:21.860+0000] {taskinstance.py:3309} INFO - 1 downstream tasks scheduled from follow-on schedule check
[2025-03-30T11:29:44.571+0000] {taskinstance.py:1979} INFO - Dependencies all met for dep_context=non-requeueable deps ti=<TaskInstance: inout_data_ingestion.create_table scheduled__2024-10-02T15:00:00+00:00 [queued]>
[2025-03-30T11:29:44.585+0000] {taskinstance.py:1979} INFO - Dependencies all met for dep_context=requeueable deps ti=<TaskInstance: inout_data_ingestion.create_table scheduled__2024-10-02T15:00:00+00:00 [queued]>
[2025-03-30T11:29:44.587+0000] {taskinstance.py:2193} INFO - Starting attempt 1 of 2
[2025-03-30T11:29:44.601+0000] {taskinstance.py:2214} INFO - Executing <Task(PythonOperator): create_table> on 2024-10-02 15:00:00+00:00
[2025-03-30T11:29:44.606+0000] {standard_task_runner.py:60} INFO - Started process 4567 to run task
[2025-03-30T11:29:44.615+0000] {standard_task_runner.py:87} INFO - Running: ['***', 'tasks', 'run', 'inout_data_ingestion', 'create_table', 'scheduled__2024-10-02T15:00:00+00:00', '--job-id', '2257', '--raw', '--subdir', 'DAGS_FOLDER/inout_data.py', '--cfg-path', '/tmp/tmps6qjmbg2']
[2025-03-30T11:29:44.619+0000] {standard_task_runner.py:88} INFO - Job 2257: Subtask create_table
[2025-03-30T11:29:44.654+0000] {warnings.py:109} WARNING - /home/***/.local/lib/python3.8/site-packages/***/settings.py:194: DeprecationWarning: The sql_alchemy_conn option in [core] has been moved to the sql_alchemy_conn option in [database] - the old setting has been used, but please update your config.
  SQL_ALCHEMY_CONN = conf.get("database", "SQL_ALCHEMY_CONN")

[2025-03-30T11:29:44.714+0000] {task_command.py:423} INFO - Running <TaskInstance: inout_data_ingestion.create_table scheduled__2024-10-02T15:00:00+00:00 [running]> on host ff9d64b065e6
[2025-03-30T11:29:44.793+0000] {taskinstance.py:2510} INFO - Exporting env vars: AIRFLOW_CTX_DAG_OWNER='***' AIRFLOW_CTX_DAG_ID='inout_data_ingestion' AIRFLOW_CTX_TASK_ID='create_table' AIRFLOW_CTX_EXECUTION_DATE='2024-10-02T15:00:00+00:00' AIRFLOW_CTX_TRY_NUMBER='1' AIRFLOW_CTX_DAG_RUN_ID='scheduled__2024-10-02T15:00:00+00:00'
[2025-03-30T11:29:44.804+0000] {logging_mixin.py:188} INFO - Successfully connected to MariaDB: INOUT on mariadb:3306
[2025-03-30T11:29:44.807+0000] {inout_data.py:46} INFO - Table emp_inout_rec created (if it didn't exist).
[2025-03-30T11:29:44.811+0000] {logging_mixin.py:188} INFO - MariaDB connection closed.
[2025-03-30T11:29:44.814+0000] {python.py:202} INFO - Done. Returned value was: None
[2025-03-30T11:29:44.848+0000] {taskinstance.py:1149} INFO - Marking task as SUCCESS. dag_id=inout_data_ingestion, task_id=create_table, execution_date=20241002T150000, start_date=20250330T112944, end_date=20250330T112944
[2025-03-30T11:29:44.915+0000] {local_task_job_runner.py:234} INFO - Task exited with return code 0
[2025-03-30T11:29:44.942+0000] {taskinstance.py:3309} INFO - 1 downstream tasks scheduled from follow-on schedule check
[2025-03-30T11:34:38.918+0000] {taskinstance.py:1979} INFO - Dependencies all met for dep_context=non-requeueable deps ti=<TaskInstance: inout_data_ingestion.create_table scheduled__2024-10-02T15:00:00+00:00 [queued]>
[2025-03-30T11:34:38.930+0000] {taskinstance.py:1979} INFO - Dependencies all met for dep_context=requeueable deps ti=<TaskInstance: inout_data_ingestion.create_table scheduled__2024-10-02T15:00:00+00:00 [queued]>
[2025-03-30T11:34:38.932+0000] {taskinstance.py:2193} INFO - Starting attempt 1 of 2
[2025-03-30T11:34:38.971+0000] {taskinstance.py:2214} INFO - Executing <Task(PythonOperator): create_table> on 2024-10-02 15:00:00+00:00
[2025-03-30T11:34:38.975+0000] {standard_task_runner.py:60} INFO - Started process 6018 to run task
[2025-03-30T11:34:38.982+0000] {standard_task_runner.py:87} INFO - Running: ['***', 'tasks', 'run', 'inout_data_ingestion', 'create_table', 'scheduled__2024-10-02T15:00:00+00:00', '--job-id', '2982', '--raw', '--subdir', 'DAGS_FOLDER/inout_data.py', '--cfg-path', '/tmp/tmpz6b_hprk']
[2025-03-30T11:34:38.990+0000] {standard_task_runner.py:88} INFO - Job 2982: Subtask create_table
[2025-03-30T11:34:39.009+0000] {warnings.py:109} WARNING - /home/***/.local/lib/python3.8/site-packages/***/settings.py:194: DeprecationWarning: The sql_alchemy_conn option in [core] has been moved to the sql_alchemy_conn option in [database] - the old setting has been used, but please update your config.
  SQL_ALCHEMY_CONN = conf.get("database", "SQL_ALCHEMY_CONN")

[2025-03-30T11:34:39.074+0000] {task_command.py:423} INFO - Running <TaskInstance: inout_data_ingestion.create_table scheduled__2024-10-02T15:00:00+00:00 [running]> on host ff9d64b065e6
[2025-03-30T11:34:39.182+0000] {taskinstance.py:2510} INFO - Exporting env vars: AIRFLOW_CTX_DAG_OWNER='***' AIRFLOW_CTX_DAG_ID='inout_data_ingestion' AIRFLOW_CTX_TASK_ID='create_table' AIRFLOW_CTX_EXECUTION_DATE='2024-10-02T15:00:00+00:00' AIRFLOW_CTX_TRY_NUMBER='1' AIRFLOW_CTX_DAG_RUN_ID='scheduled__2024-10-02T15:00:00+00:00'
[2025-03-30T11:34:39.188+0000] {logging_mixin.py:188} INFO - Successfully connected to MariaDB: INOUT on mariadb:3306
[2025-03-30T11:34:39.189+0000] {inout_data.py:46} INFO - Table emp_inout_rec created (if it didn't exist).
[2025-03-30T11:34:39.190+0000] {logging_mixin.py:188} INFO - MariaDB connection closed.
[2025-03-30T11:34:39.190+0000] {python.py:202} INFO - Done. Returned value was: None
[2025-03-30T11:34:39.204+0000] {taskinstance.py:1149} INFO - Marking task as SUCCESS. dag_id=inout_data_ingestion, task_id=create_table, execution_date=20241002T150000, start_date=20250330T113438, end_date=20250330T113439
[2025-03-30T11:34:39.247+0000] {local_task_job_runner.py:234} INFO - Task exited with return code 0
[2025-03-30T11:34:39.295+0000] {taskinstance.py:3309} INFO - 1 downstream tasks scheduled from follow-on schedule check
