[2025-03-30T11:09:00.652+0000] {taskinstance.py:1979} INFO - Dependencies all met for dep_context=non-requeueable deps ti=<TaskInstance: inout_data_ingestion.ingest_dummy_data scheduled__2024-09-29T12:00:00+00:00 [queued]>
[2025-03-30T11:09:00.673+0000] {taskinstance.py:1979} INFO - Dependencies all met for dep_context=requeueable deps ti=<TaskInstance: inout_data_ingestion.ingest_dummy_data scheduled__2024-09-29T12:00:00+00:00 [queued]>
[2025-03-30T11:09:00.677+0000] {taskinstance.py:2193} INFO - Starting attempt 1 of 2
[2025-03-30T11:09:00.753+0000] {taskinstance.py:2214} INFO - Executing <Task(PythonOperator): ingest_dummy_data> on 2024-09-29 12:00:00+00:00
[2025-03-30T11:09:00.768+0000] {standard_task_runner.py:60} INFO - Started process 207 to run task
[2025-03-30T11:09:00.776+0000] {standard_task_runner.py:87} INFO - Running: ['***', 'tasks', 'run', 'inout_data_ingestion', 'ingest_dummy_data', 'scheduled__2024-09-29T12:00:00+00:00', '--job-id', '77', '--raw', '--subdir', 'DAGS_FOLDER/inout_data.py', '--cfg-path', '/tmp/tmp47ystaau']
[2025-03-30T11:09:00.778+0000] {standard_task_runner.py:88} INFO - Job 77: Subtask ingest_dummy_data
[2025-03-30T11:09:00.835+0000] {warnings.py:109} WARNING - /home/***/.local/lib/python3.8/site-packages/***/settings.py:194: DeprecationWarning: The sql_alchemy_conn option in [core] has been moved to the sql_alchemy_conn option in [database] - the old setting has been used, but please update your config.
  SQL_ALCHEMY_CONN = conf.get("database", "SQL_ALCHEMY_CONN")

[2025-03-30T11:09:00.911+0000] {task_command.py:423} INFO - Running <TaskInstance: inout_data_ingestion.ingest_dummy_data scheduled__2024-09-29T12:00:00+00:00 [running]> on host ff9d64b065e6
[2025-03-30T11:09:01.071+0000] {taskinstance.py:2510} INFO - Exporting env vars: AIRFLOW_CTX_DAG_OWNER='***' AIRFLOW_CTX_DAG_ID='inout_data_ingestion' AIRFLOW_CTX_TASK_ID='ingest_dummy_data' AIRFLOW_CTX_EXECUTION_DATE='2024-09-29T12:00:00+00:00' AIRFLOW_CTX_TRY_NUMBER='1' AIRFLOW_CTX_DAG_RUN_ID='scheduled__2024-09-29T12:00:00+00:00'
[2025-03-30T11:09:01.100+0000] {inout_data.py:42} INFO - Successfully connected to MariaDB: INOUT on mariadb:3306
[2025-03-30T11:09:01.109+0000] {inout_data.py:63} ERROR - Error executing query: (1062, "Duplicate entry '2025-03-30 11:09:01-7401' for key 'PRIMARY'")
[2025-03-30T11:09:01.111+0000] {inout_data.py:63} ERROR - Error executing query: (1062, "Duplicate entry '2025-03-30 11:09:01-7401' for key 'PRIMARY'")
[2025-03-30T11:09:01.113+0000] {inout_data.py:63} ERROR - Error executing query: (1062, "Duplicate entry '2025-03-30 11:09:01-7401' for key 'PRIMARY'")
[2025-03-30T11:09:01.116+0000] {inout_data.py:63} ERROR - Error executing query: (1062, "Duplicate entry '2025-03-30 11:09:01-7401' for key 'PRIMARY'")
[2025-03-30T11:09:01.119+0000] {inout_data.py:63} ERROR - Error executing query: (1062, "Duplicate entry '2025-03-30 11:09:01-7401' for key 'PRIMARY'")
[2025-03-30T11:09:01.121+0000] {inout_data.py:63} ERROR - Error executing query: (1062, "Duplicate entry '2025-03-30 11:09:01-7401' for key 'PRIMARY'")
[2025-03-30T11:09:01.125+0000] {inout_data.py:63} ERROR - Error executing query: (1062, "Duplicate entry '2025-03-30 11:09:01-7401' for key 'PRIMARY'")
[2025-03-30T11:09:01.127+0000] {inout_data.py:63} ERROR - Error executing query: (1062, "Duplicate entry '2025-03-30 11:09:01-7401' for key 'PRIMARY'")
[2025-03-30T11:09:01.128+0000] {inout_data.py:63} ERROR - Error executing query: (1062, "Duplicate entry '2025-03-30 11:09:01-7401' for key 'PRIMARY'")
[2025-03-30T11:09:01.128+0000] {inout_data.py:63} ERROR - Error executing query: (1062, "Duplicate entry '2025-03-30 11:09:01-7401' for key 'PRIMARY'")
[2025-03-30T11:09:01.129+0000] {inout_data.py:63} ERROR - Error executing query: (1062, "Duplicate entry '2025-03-30 11:09:01-7401' for key 'PRIMARY'")
[2025-03-30T11:09:01.130+0000] {inout_data.py:63} ERROR - Error executing query: (1062, "Duplicate entry '2025-03-30 11:09:01-7401' for key 'PRIMARY'")
[2025-03-30T11:09:01.132+0000] {inout_data.py:63} ERROR - Error executing query: (1062, "Duplicate entry '2025-03-30 11:09:01-7401' for key 'PRIMARY'")
[2025-03-30T11:09:01.135+0000] {inout_data.py:63} ERROR - Error executing query: (1062, "Duplicate entry '2025-03-30 11:09:01-7401' for key 'PRIMARY'")
[2025-03-30T11:09:01.137+0000] {inout_data.py:63} ERROR - Error executing query: (1062, "Duplicate entry '2025-03-30 11:09:01-7401' for key 'PRIMARY'")
[2025-03-30T11:09:01.139+0000] {inout_data.py:63} ERROR - Error executing query: (1062, "Duplicate entry '2025-03-30 11:09:01-7401' for key 'PRIMARY'")
[2025-03-30T11:09:01.141+0000] {inout_data.py:63} ERROR - Error executing query: (1062, "Duplicate entry '2025-03-30 11:09:01-7401' for key 'PRIMARY'")
[2025-03-30T11:09:01.143+0000] {inout_data.py:159} INFO - Ingested 18 rows of dummy data.
[2025-03-30T11:09:01.144+0000] {inout_data.py:78} INFO - MariaDB connection closed.
[2025-03-30T11:09:01.145+0000] {python.py:202} INFO - Done. Returned value was: None
[2025-03-30T11:09:01.168+0000] {taskinstance.py:1149} INFO - Marking task as SUCCESS. dag_id=inout_data_ingestion, task_id=ingest_dummy_data, execution_date=20240929T120000, start_date=20250330T110900, end_date=20250330T110901
[2025-03-30T11:09:01.254+0000] {local_task_job_runner.py:234} INFO - Task exited with return code 0
[2025-03-30T11:09:01.319+0000] {taskinstance.py:3309} INFO - 0 downstream tasks scheduled from follow-on schedule check
[2025-03-30T11:15:42.253+0000] {taskinstance.py:1979} INFO - Dependencies all met for dep_context=non-requeueable deps ti=<TaskInstance: inout_data_ingestion.ingest_dummy_data scheduled__2024-09-29T12:00:00+00:00 [queued]>
[2025-03-30T11:15:42.265+0000] {taskinstance.py:1979} INFO - Dependencies all met for dep_context=requeueable deps ti=<TaskInstance: inout_data_ingestion.ingest_dummy_data scheduled__2024-09-29T12:00:00+00:00 [queued]>
[2025-03-30T11:15:42.266+0000] {taskinstance.py:2193} INFO - Starting attempt 1 of 2
[2025-03-30T11:15:42.283+0000] {taskinstance.py:2214} INFO - Executing <Task(PythonOperator): ingest_dummy_data> on 2024-09-29 12:00:00+00:00
[2025-03-30T11:15:42.287+0000] {standard_task_runner.py:60} INFO - Started process 2064 to run task
[2025-03-30T11:15:42.293+0000] {standard_task_runner.py:87} INFO - Running: ['***', 'tasks', 'run', 'inout_data_ingestion', 'ingest_dummy_data', 'scheduled__2024-09-29T12:00:00+00:00', '--job-id', '1006', '--raw', '--subdir', 'DAGS_FOLDER/inout_data.py', '--cfg-path', '/tmp/tmp0hiwua3r']
[2025-03-30T11:15:42.302+0000] {standard_task_runner.py:88} INFO - Job 1006: Subtask ingest_dummy_data
[2025-03-30T11:15:42.329+0000] {warnings.py:109} WARNING - /home/***/.local/lib/python3.8/site-packages/***/settings.py:194: DeprecationWarning: The sql_alchemy_conn option in [core] has been moved to the sql_alchemy_conn option in [database] - the old setting has been used, but please update your config.
  SQL_ALCHEMY_CONN = conf.get("database", "SQL_ALCHEMY_CONN")

[2025-03-30T11:15:42.374+0000] {task_command.py:423} INFO - Running <TaskInstance: inout_data_ingestion.ingest_dummy_data scheduled__2024-09-29T12:00:00+00:00 [running]> on host ff9d64b065e6
[2025-03-30T11:15:42.499+0000] {taskinstance.py:2510} INFO - Exporting env vars: AIRFLOW_CTX_DAG_OWNER='***' AIRFLOW_CTX_DAG_ID='inout_data_ingestion' AIRFLOW_CTX_TASK_ID='ingest_dummy_data' AIRFLOW_CTX_EXECUTION_DATE='2024-09-29T12:00:00+00:00' AIRFLOW_CTX_TRY_NUMBER='1' AIRFLOW_CTX_DAG_RUN_ID='scheduled__2024-09-29T12:00:00+00:00'
[2025-03-30T11:15:42.510+0000] {inout_data.py:42} INFO - Successfully connected to MariaDB: INOUT on mariadb:3306
[2025-03-30T11:15:42.520+0000] {inout_data.py:63} ERROR - Error executing query: (1062, "Duplicate entry '2025-03-30 11:15:42-4287' for key 'PRIMARY'")
[2025-03-30T11:15:42.521+0000] {inout_data.py:63} ERROR - Error executing query: (1062, "Duplicate entry '2025-03-30 11:15:42-4287' for key 'PRIMARY'")
[2025-03-30T11:15:42.523+0000] {inout_data.py:63} ERROR - Error executing query: (1062, "Duplicate entry '2025-03-30 11:15:42-4287' for key 'PRIMARY'")
[2025-03-30T11:15:42.526+0000] {inout_data.py:63} ERROR - Error executing query: (1062, "Duplicate entry '2025-03-30 11:15:42-4287' for key 'PRIMARY'")
[2025-03-30T11:15:42.529+0000] {inout_data.py:63} ERROR - Error executing query: (1062, "Duplicate entry '2025-03-30 11:15:42-4287' for key 'PRIMARY'")
[2025-03-30T11:15:42.529+0000] {inout_data.py:63} ERROR - Error executing query: (1062, "Duplicate entry '2025-03-30 11:15:42-4287' for key 'PRIMARY'")
[2025-03-30T11:15:42.530+0000] {inout_data.py:63} ERROR - Error executing query: (1062, "Duplicate entry '2025-03-30 11:15:42-4287' for key 'PRIMARY'")
[2025-03-30T11:15:42.531+0000] {inout_data.py:63} ERROR - Error executing query: (1062, "Duplicate entry '2025-03-30 11:15:42-4287' for key 'PRIMARY'")
[2025-03-30T11:15:42.532+0000] {inout_data.py:63} ERROR - Error executing query: (1062, "Duplicate entry '2025-03-30 11:15:42-4287' for key 'PRIMARY'")
[2025-03-30T11:15:42.532+0000] {inout_data.py:152} INFO - Ingested 10 rows of dummy data.
[2025-03-30T11:15:42.533+0000] {inout_data.py:78} INFO - MariaDB connection closed.
[2025-03-30T11:15:42.534+0000] {python.py:202} INFO - Done. Returned value was: None
[2025-03-30T11:15:42.556+0000] {taskinstance.py:1149} INFO - Marking task as SUCCESS. dag_id=inout_data_ingestion, task_id=ingest_dummy_data, execution_date=20240929T120000, start_date=20250330T111542, end_date=20250330T111542
[2025-03-30T11:15:42.615+0000] {local_task_job_runner.py:234} INFO - Task exited with return code 0
[2025-03-30T11:15:42.655+0000] {taskinstance.py:3309} INFO - 0 downstream tasks scheduled from follow-on schedule check
[2025-03-30T11:28:13.059+0000] {taskinstance.py:1979} INFO - Dependencies all met for dep_context=non-requeueable deps ti=<TaskInstance: inout_data_ingestion.ingest_dummy_data scheduled__2024-09-29T12:00:00+00:00 [queued]>
[2025-03-30T11:28:13.071+0000] {taskinstance.py:1979} INFO - Dependencies all met for dep_context=requeueable deps ti=<TaskInstance: inout_data_ingestion.ingest_dummy_data scheduled__2024-09-29T12:00:00+00:00 [queued]>
[2025-03-30T11:28:13.073+0000] {taskinstance.py:2193} INFO - Starting attempt 1 of 2
[2025-03-30T11:28:13.107+0000] {taskinstance.py:2214} INFO - Executing <Task(PythonOperator): ingest_dummy_data> on 2024-09-29 12:00:00+00:00
[2025-03-30T11:28:13.118+0000] {standard_task_runner.py:60} INFO - Started process 3977 to run task
[2025-03-30T11:28:13.124+0000] {standard_task_runner.py:87} INFO - Running: ['***', 'tasks', 'run', 'inout_data_ingestion', 'ingest_dummy_data', 'scheduled__2024-09-29T12:00:00+00:00', '--job-id', '1962', '--raw', '--subdir', 'DAGS_FOLDER/inout_data.py', '--cfg-path', '/tmp/tmpmhhzve5d']
[2025-03-30T11:28:13.127+0000] {standard_task_runner.py:88} INFO - Job 1962: Subtask ingest_dummy_data
[2025-03-30T11:28:13.169+0000] {warnings.py:109} WARNING - /home/***/.local/lib/python3.8/site-packages/***/settings.py:194: DeprecationWarning: The sql_alchemy_conn option in [core] has been moved to the sql_alchemy_conn option in [database] - the old setting has been used, but please update your config.
  SQL_ALCHEMY_CONN = conf.get("database", "SQL_ALCHEMY_CONN")

[2025-03-30T11:28:13.209+0000] {task_command.py:423} INFO - Running <TaskInstance: inout_data_ingestion.ingest_dummy_data scheduled__2024-09-29T12:00:00+00:00 [running]> on host ff9d64b065e6
[2025-03-30T11:28:13.272+0000] {taskinstance.py:2510} INFO - Exporting env vars: AIRFLOW_CTX_DAG_OWNER='***' AIRFLOW_CTX_DAG_ID='inout_data_ingestion' AIRFLOW_CTX_TASK_ID='ingest_dummy_data' AIRFLOW_CTX_EXECUTION_DATE='2024-09-29T12:00:00+00:00' AIRFLOW_CTX_TRY_NUMBER='1' AIRFLOW_CTX_DAG_RUN_ID='scheduled__2024-09-29T12:00:00+00:00'
[2025-03-30T11:28:13.279+0000] {logging_mixin.py:188} INFO - Successfully connected to MariaDB: INOUT on mariadb:3306
[2025-03-30T11:28:13.281+0000] {logging_mixin.py:188} INFO - General error executing query: not all arguments converted during string formatting
[2025-03-30T11:28:13.283+0000] {logging_mixin.py:188} INFO - General error executing query: not all arguments converted during string formatting
[2025-03-30T11:28:13.284+0000] {logging_mixin.py:188} INFO - General error executing query: not all arguments converted during string formatting
[2025-03-30T11:28:13.285+0000] {logging_mixin.py:188} INFO - General error executing query: not all arguments converted during string formatting
[2025-03-30T11:28:13.286+0000] {logging_mixin.py:188} INFO - General error executing query: not all arguments converted during string formatting
[2025-03-30T11:28:13.288+0000] {logging_mixin.py:188} INFO - General error executing query: not all arguments converted during string formatting
[2025-03-30T11:28:13.289+0000] {logging_mixin.py:188} INFO - General error executing query: not all arguments converted during string formatting
[2025-03-30T11:28:13.290+0000] {logging_mixin.py:188} INFO - General error executing query: not all arguments converted during string formatting
[2025-03-30T11:28:13.294+0000] {logging_mixin.py:188} INFO - General error executing query: not all arguments converted during string formatting
[2025-03-30T11:28:13.299+0000] {logging_mixin.py:188} INFO - General error executing query: not all arguments converted during string formatting
[2025-03-30T11:28:13.305+0000] {logging_mixin.py:188} INFO - General error executing query: not all arguments converted during string formatting
[2025-03-30T11:28:13.307+0000] {logging_mixin.py:188} INFO - General error executing query: not all arguments converted during string formatting
[2025-03-30T11:28:13.311+0000] {inout_data.py:87} INFO - Ingested 12 rows of dummy data for 2024-09-29 12:00:00+00:00.
[2025-03-30T11:28:13.315+0000] {logging_mixin.py:188} INFO - MariaDB connection closed.
[2025-03-30T11:28:13.317+0000] {python.py:202} INFO - Done. Returned value was: None
[2025-03-30T11:28:13.373+0000] {taskinstance.py:1149} INFO - Marking task as SUCCESS. dag_id=inout_data_ingestion, task_id=ingest_dummy_data, execution_date=20240929T120000, start_date=20250330T112813, end_date=20250330T112813
[2025-03-30T11:28:13.439+0000] {local_task_job_runner.py:234} INFO - Task exited with return code 0
[2025-03-30T11:28:13.500+0000] {taskinstance.py:3309} INFO - 0 downstream tasks scheduled from follow-on schedule check
[2025-03-30T11:32:54.757+0000] {taskinstance.py:1979} INFO - Dependencies all met for dep_context=non-requeueable deps ti=<TaskInstance: inout_data_ingestion.ingest_dummy_data scheduled__2024-09-29T12:00:00+00:00 [queued]>
[2025-03-30T11:32:54.774+0000] {taskinstance.py:1979} INFO - Dependencies all met for dep_context=requeueable deps ti=<TaskInstance: inout_data_ingestion.ingest_dummy_data scheduled__2024-09-29T12:00:00+00:00 [queued]>
[2025-03-30T11:32:54.774+0000] {taskinstance.py:2193} INFO - Starting attempt 1 of 2
[2025-03-30T11:32:54.789+0000] {taskinstance.py:2214} INFO - Executing <Task(PythonOperator): ingest_dummy_data> on 2024-09-29 12:00:00+00:00
[2025-03-30T11:32:54.793+0000] {standard_task_runner.py:60} INFO - Started process 5431 to run task
[2025-03-30T11:32:54.796+0000] {standard_task_runner.py:87} INFO - Running: ['***', 'tasks', 'run', 'inout_data_ingestion', 'ingest_dummy_data', 'scheduled__2024-09-29T12:00:00+00:00', '--job-id', '2690', '--raw', '--subdir', 'DAGS_FOLDER/inout_data.py', '--cfg-path', '/tmp/tmpcymf3hbw']
[2025-03-30T11:32:54.798+0000] {standard_task_runner.py:88} INFO - Job 2690: Subtask ingest_dummy_data
[2025-03-30T11:32:54.812+0000] {warnings.py:109} WARNING - /home/***/.local/lib/python3.8/site-packages/***/settings.py:194: DeprecationWarning: The sql_alchemy_conn option in [core] has been moved to the sql_alchemy_conn option in [database] - the old setting has been used, but please update your config.
  SQL_ALCHEMY_CONN = conf.get("database", "SQL_ALCHEMY_CONN")

[2025-03-30T11:32:54.867+0000] {task_command.py:423} INFO - Running <TaskInstance: inout_data_ingestion.ingest_dummy_data scheduled__2024-09-29T12:00:00+00:00 [running]> on host ff9d64b065e6
[2025-03-30T11:32:54.917+0000] {taskinstance.py:2510} INFO - Exporting env vars: AIRFLOW_CTX_DAG_OWNER='***' AIRFLOW_CTX_DAG_ID='inout_data_ingestion' AIRFLOW_CTX_TASK_ID='ingest_dummy_data' AIRFLOW_CTX_EXECUTION_DATE='2024-09-29T12:00:00+00:00' AIRFLOW_CTX_TRY_NUMBER='1' AIRFLOW_CTX_DAG_RUN_ID='scheduled__2024-09-29T12:00:00+00:00'
[2025-03-30T11:32:54.921+0000] {logging_mixin.py:188} INFO - Successfully connected to MariaDB: INOUT on mariadb:3306
[2025-03-30T11:32:54.921+0000] {inout_data.py:83} INFO - {'ingested_time': datetime.datetime(2025, 3, 30, 11, 32, 54, 921503), 'timestamp': datetime.datetime(2024, 9, 29, 12, 16, tzinfo=datetime.timezone.utc), 'emp_id': 5028, 'employee_name': 'Employee32', 'factory': 'FactoryA', 'in_out': 'IN', 'entrance': 'Side', 'door_number': '7', 'function': 'IT', 'division': 'BSID', 'department': 'ML', 'section': '1'}
[2025-03-30T11:32:54.921+0000] {logging_mixin.py:188} INFO - General error executing query: not all arguments converted during string formatting
[2025-03-30T11:32:54.921+0000] {inout_data.py:83} INFO - {'ingested_time': datetime.datetime(2025, 3, 30, 11, 32, 54, 921962), 'timestamp': datetime.datetime(2024, 9, 29, 12, 4, tzinfo=datetime.timezone.utc), 'emp_id': 8399, 'employee_name': 'Employee29', 'factory': 'FactoryB', 'in_out': 'OUT', 'entrance': 'Side', 'door_number': '6', 'function': 'IT', 'division': 'AAPD', 'department': 'ML', 'section': '2'}
[2025-03-30T11:32:54.922+0000] {logging_mixin.py:188} INFO - General error executing query: not all arguments converted during string formatting
[2025-03-30T11:32:54.922+0000] {inout_data.py:83} INFO - {'ingested_time': datetime.datetime(2025, 3, 30, 11, 32, 54, 922389), 'timestamp': datetime.datetime(2024, 9, 29, 12, 29, tzinfo=datetime.timezone.utc), 'emp_id': 2637, 'employee_name': 'Employee7', 'factory': 'FactoryB', 'in_out': 'OUT', 'entrance': 'Side', 'door_number': '1', 'function': 'IT', 'division': 'AAPD', 'department': 'CAPD', 'section': '2'}
[2025-03-30T11:32:54.922+0000] {logging_mixin.py:188} INFO - General error executing query: not all arguments converted during string formatting
[2025-03-30T11:32:54.922+0000] {inout_data.py:83} INFO - {'ingested_time': datetime.datetime(2025, 3, 30, 11, 32, 54, 922875), 'timestamp': datetime.datetime(2024, 9, 29, 12, 22, tzinfo=datetime.timezone.utc), 'emp_id': 4981, 'employee_name': 'Employee33', 'factory': 'FactoryA', 'in_out': 'IN', 'entrance': 'Side', 'door_number': '6', 'function': 'IT', 'division': 'BSID', 'department': 'HRSD', 'section': '2'}
[2025-03-30T11:32:54.923+0000] {logging_mixin.py:188} INFO - General error executing query: not all arguments converted during string formatting
[2025-03-30T11:32:54.923+0000] {inout_data.py:83} INFO - {'ingested_time': datetime.datetime(2025, 3, 30, 11, 32, 54, 923387), 'timestamp': datetime.datetime(2024, 9, 29, 12, 15, tzinfo=datetime.timezone.utc), 'emp_id': 6217, 'employee_name': 'Employee8', 'factory': 'FactoryB', 'in_out': 'IN', 'entrance': 'Side', 'door_number': '6', 'function': 'IT', 'division': 'AAPD', 'department': 'CAPD', 'section': '2'}
[2025-03-30T11:32:54.923+0000] {logging_mixin.py:188} INFO - General error executing query: not all arguments converted during string formatting
[2025-03-30T11:32:54.926+0000] {inout_data.py:83} INFO - {'ingested_time': datetime.datetime(2025, 3, 30, 11, 32, 54, 926214), 'timestamp': datetime.datetime(2024, 9, 29, 12, 12, tzinfo=datetime.timezone.utc), 'emp_id': 7149, 'employee_name': 'Employee96', 'factory': 'FactoryB', 'in_out': 'IN', 'entrance': 'Side', 'door_number': '3', 'function': 'IT', 'division': 'BSID', 'department': 'CAPD', 'section': '1'}
[2025-03-30T11:32:54.927+0000] {logging_mixin.py:188} INFO - General error executing query: not all arguments converted during string formatting
[2025-03-30T11:32:54.928+0000] {inout_data.py:83} INFO - {'ingested_time': datetime.datetime(2025, 3, 30, 11, 32, 54, 928347), 'timestamp': datetime.datetime(2024, 9, 29, 12, 12, tzinfo=datetime.timezone.utc), 'emp_id': 9273, 'employee_name': 'Employee94', 'factory': 'FactoryB', 'in_out': 'OUT', 'entrance': 'Side', 'door_number': '6', 'function': 'IT', 'division': 'AAPD', 'department': 'HRSD', 'section': '2'}
[2025-03-30T11:32:54.931+0000] {logging_mixin.py:188} INFO - General error executing query: not all arguments converted during string formatting
[2025-03-30T11:32:54.932+0000] {inout_data.py:83} INFO - {'ingested_time': datetime.datetime(2025, 3, 30, 11, 32, 54, 932355), 'timestamp': datetime.datetime(2024, 9, 29, 12, 9, tzinfo=datetime.timezone.utc), 'emp_id': 2777, 'employee_name': 'Employee3', 'factory': 'FactoryA', 'in_out': 'OUT', 'entrance': 'Main', 'door_number': '10', 'function': 'IT', 'division': 'AAPD', 'department': 'HRSD', 'section': '1'}
[2025-03-30T11:32:54.932+0000] {logging_mixin.py:188} INFO - General error executing query: not all arguments converted during string formatting
[2025-03-30T11:32:54.932+0000] {inout_data.py:83} INFO - {'ingested_time': datetime.datetime(2025, 3, 30, 11, 32, 54, 932834), 'timestamp': datetime.datetime(2024, 9, 29, 12, 20, tzinfo=datetime.timezone.utc), 'emp_id': 4173, 'employee_name': 'Employee41', 'factory': 'FactoryA', 'in_out': 'IN', 'entrance': 'Main', 'door_number': '1', 'function': 'IT', 'division': 'AAPD', 'department': 'ML', 'section': '1'}
[2025-03-30T11:32:54.933+0000] {logging_mixin.py:188} INFO - General error executing query: not all arguments converted during string formatting
[2025-03-30T11:32:54.933+0000] {inout_data.py:83} INFO - {'ingested_time': datetime.datetime(2025, 3, 30, 11, 32, 54, 933189), 'timestamp': datetime.datetime(2024, 9, 29, 12, 21, tzinfo=datetime.timezone.utc), 'emp_id': 6771, 'employee_name': 'Employee6', 'factory': 'FactoryB', 'in_out': 'OUT', 'entrance': 'Side', 'door_number': '1', 'function': 'IT', 'division': 'AAPD', 'department': 'ML', 'section': '2'}
[2025-03-30T11:32:54.933+0000] {logging_mixin.py:188} INFO - General error executing query: not all arguments converted during string formatting
[2025-03-30T11:32:54.933+0000] {inout_data.py:83} INFO - {'ingested_time': datetime.datetime(2025, 3, 30, 11, 32, 54, 933575), 'timestamp': datetime.datetime(2024, 9, 29, 12, 0, tzinfo=datetime.timezone.utc), 'emp_id': 3379, 'employee_name': 'Employee44', 'factory': 'FactoryB', 'in_out': 'IN', 'entrance': 'Main', 'door_number': '6', 'function': 'IT', 'division': 'BSID', 'department': 'CAPD', 'section': '2'}
[2025-03-30T11:32:54.933+0000] {logging_mixin.py:188} INFO - General error executing query: not all arguments converted during string formatting
[2025-03-30T11:32:54.933+0000] {inout_data.py:83} INFO - {'ingested_time': datetime.datetime(2025, 3, 30, 11, 32, 54, 933960), 'timestamp': datetime.datetime(2024, 9, 29, 12, 23, tzinfo=datetime.timezone.utc), 'emp_id': 5432, 'employee_name': 'Employee58', 'factory': 'FactoryB', 'in_out': 'IN', 'entrance': 'Side', 'door_number': '3', 'function': 'IT', 'division': 'AAPD', 'department': 'ML', 'section': '1'}
[2025-03-30T11:32:54.934+0000] {logging_mixin.py:188} INFO - General error executing query: not all arguments converted during string formatting
[2025-03-30T11:32:54.934+0000] {inout_data.py:83} INFO - {'ingested_time': datetime.datetime(2025, 3, 30, 11, 32, 54, 934308), 'timestamp': datetime.datetime(2024, 9, 29, 12, 12, tzinfo=datetime.timezone.utc), 'emp_id': 2280, 'employee_name': 'Employee19', 'factory': 'FactoryA', 'in_out': 'IN', 'entrance': 'Side', 'door_number': '8', 'function': 'IT', 'division': 'AAPD', 'department': 'ML', 'section': '2'}
[2025-03-30T11:32:54.934+0000] {logging_mixin.py:188} INFO - General error executing query: not all arguments converted during string formatting
[2025-03-30T11:32:54.934+0000] {inout_data.py:83} INFO - {'ingested_time': datetime.datetime(2025, 3, 30, 11, 32, 54, 934612), 'timestamp': datetime.datetime(2024, 9, 29, 12, 27, tzinfo=datetime.timezone.utc), 'emp_id': 9791, 'employee_name': 'Employee83', 'factory': 'FactoryA', 'in_out': 'IN', 'entrance': 'Main', 'door_number': '8', 'function': 'IT', 'division': 'BSID', 'department': 'HRSD', 'section': '2'}
[2025-03-30T11:32:54.934+0000] {logging_mixin.py:188} INFO - General error executing query: not all arguments converted during string formatting
[2025-03-30T11:32:54.934+0000] {inout_data.py:83} INFO - {'ingested_time': datetime.datetime(2025, 3, 30, 11, 32, 54, 934947), 'timestamp': datetime.datetime(2024, 9, 29, 12, 22, tzinfo=datetime.timezone.utc), 'emp_id': 7103, 'employee_name': 'Employee55', 'factory': 'FactoryB', 'in_out': 'IN', 'entrance': 'Side', 'door_number': '7', 'function': 'IT', 'division': 'BSID', 'department': 'HRSD', 'section': '2'}
[2025-03-30T11:32:54.935+0000] {logging_mixin.py:188} INFO - General error executing query: not all arguments converted during string formatting
[2025-03-30T11:32:54.935+0000] {inout_data.py:83} INFO - {'ingested_time': datetime.datetime(2025, 3, 30, 11, 32, 54, 935310), 'timestamp': datetime.datetime(2024, 9, 29, 12, 22, tzinfo=datetime.timezone.utc), 'emp_id': 5022, 'employee_name': 'Employee38', 'factory': 'FactoryA', 'in_out': 'IN', 'entrance': 'Main', 'door_number': '2', 'function': 'IT', 'division': 'BSID', 'department': 'HRSD', 'section': '2'}
[2025-03-30T11:32:54.936+0000] {logging_mixin.py:188} INFO - General error executing query: not all arguments converted during string formatting
[2025-03-30T11:32:54.937+0000] {inout_data.py:83} INFO - {'ingested_time': datetime.datetime(2025, 3, 30, 11, 32, 54, 937004), 'timestamp': datetime.datetime(2024, 9, 29, 12, 24, tzinfo=datetime.timezone.utc), 'emp_id': 9319, 'employee_name': 'Employee17', 'factory': 'FactoryB', 'in_out': 'IN', 'entrance': 'Side', 'door_number': '8', 'function': 'IT', 'division': 'BSID', 'department': 'CAPD', 'section': '1'}
[2025-03-30T11:32:54.939+0000] {logging_mixin.py:188} INFO - General error executing query: not all arguments converted during string formatting
[2025-03-30T11:32:54.939+0000] {inout_data.py:83} INFO - {'ingested_time': datetime.datetime(2025, 3, 30, 11, 32, 54, 939614), 'timestamp': datetime.datetime(2024, 9, 29, 12, 23, tzinfo=datetime.timezone.utc), 'emp_id': 5254, 'employee_name': 'Employee14', 'factory': 'FactoryB', 'in_out': 'IN', 'entrance': 'Main', 'door_number': '8', 'function': 'IT', 'division': 'AAPD', 'department': 'HRSD', 'section': '2'}
[2025-03-30T11:32:54.940+0000] {logging_mixin.py:188} INFO - General error executing query: not all arguments converted during string formatting
[2025-03-30T11:32:54.940+0000] {inout_data.py:83} INFO - {'ingested_time': datetime.datetime(2025, 3, 30, 11, 32, 54, 940852), 'timestamp': datetime.datetime(2024, 9, 29, 12, 0, tzinfo=datetime.timezone.utc), 'emp_id': 2373, 'employee_name': 'Employee20', 'factory': 'FactoryA', 'in_out': 'IN', 'entrance': 'Side', 'door_number': '6', 'function': 'IT', 'division': 'BSID', 'department': 'ML', 'section': '2'}
[2025-03-30T11:32:54.941+0000] {logging_mixin.py:188} INFO - General error executing query: not all arguments converted during string formatting
[2025-03-30T11:32:54.941+0000] {inout_data.py:88} INFO - Ingested 19 rows of dummy data for 2024-09-29 12:00:00+00:00.
[2025-03-30T11:32:54.941+0000] {logging_mixin.py:188} INFO - MariaDB connection closed.
[2025-03-30T11:32:54.941+0000] {python.py:202} INFO - Done. Returned value was: None
[2025-03-30T11:32:54.951+0000] {taskinstance.py:1149} INFO - Marking task as SUCCESS. dag_id=inout_data_ingestion, task_id=ingest_dummy_data, execution_date=20240929T120000, start_date=20250330T113254, end_date=20250330T113254
[2025-03-30T11:32:54.978+0000] {local_task_job_runner.py:234} INFO - Task exited with return code 0
[2025-03-30T11:32:54.993+0000] {taskinstance.py:3309} INFO - 0 downstream tasks scheduled from follow-on schedule check
[2025-03-30T11:38:21.124+0000] {taskinstance.py:1979} INFO - Dependencies all met for dep_context=non-requeueable deps ti=<TaskInstance: inout_data_ingestion.ingest_dummy_data scheduled__2024-09-29T12:00:00+00:00 [queued]>
[2025-03-30T11:38:21.153+0000] {taskinstance.py:1979} INFO - Dependencies all met for dep_context=requeueable deps ti=<TaskInstance: inout_data_ingestion.ingest_dummy_data scheduled__2024-09-29T12:00:00+00:00 [queued]>
[2025-03-30T11:38:21.160+0000] {taskinstance.py:2193} INFO - Starting attempt 1 of 2
[2025-03-30T11:38:21.188+0000] {taskinstance.py:2214} INFO - Executing <Task(PythonOperator): ingest_dummy_data> on 2024-09-29 12:00:00+00:00
[2025-03-30T11:38:21.193+0000] {standard_task_runner.py:60} INFO - Started process 6339 to run task
[2025-03-30T11:38:21.200+0000] {standard_task_runner.py:87} INFO - Running: ['***', 'tasks', 'run', 'inout_data_ingestion', 'ingest_dummy_data', 'scheduled__2024-09-29T12:00:00+00:00', '--job-id', '3143', '--raw', '--subdir', 'DAGS_FOLDER/inout_data.py', '--cfg-path', '/tmp/tmpnqbn9di5']
[2025-03-30T11:38:21.206+0000] {standard_task_runner.py:88} INFO - Job 3143: Subtask ingest_dummy_data
[2025-03-30T11:38:21.223+0000] {warnings.py:109} WARNING - /home/***/.local/lib/python3.8/site-packages/***/settings.py:194: DeprecationWarning: The sql_alchemy_conn option in [core] has been moved to the sql_alchemy_conn option in [database] - the old setting has been used, but please update your config.
  SQL_ALCHEMY_CONN = conf.get("database", "SQL_ALCHEMY_CONN")

[2025-03-30T11:38:21.279+0000] {task_command.py:423} INFO - Running <TaskInstance: inout_data_ingestion.ingest_dummy_data scheduled__2024-09-29T12:00:00+00:00 [running]> on host ff9d64b065e6
[2025-03-30T11:38:21.363+0000] {taskinstance.py:2510} INFO - Exporting env vars: AIRFLOW_CTX_DAG_OWNER='***' AIRFLOW_CTX_DAG_ID='inout_data_ingestion' AIRFLOW_CTX_TASK_ID='ingest_dummy_data' AIRFLOW_CTX_EXECUTION_DATE='2024-09-29T12:00:00+00:00' AIRFLOW_CTX_TRY_NUMBER='1' AIRFLOW_CTX_DAG_RUN_ID='scheduled__2024-09-29T12:00:00+00:00'
[2025-03-30T11:38:21.368+0000] {logging_mixin.py:188} INFO - Successfully connected to MariaDB: INOUT on mariadb:3306
[2025-03-30T11:38:21.370+0000] {inout_data.py:83} INFO - {'ingested_time': datetime.datetime(2025, 3, 30, 11, 38, 21, 370412), 'timestamp': datetime.datetime(2024, 9, 29, 12, 7, tzinfo=datetime.timezone.utc), 'emp_id': 1781, 'employee_name': 'Employee24', 'factory': 'FactoryA', 'in_out': 'OUT', 'entrance': 'Side', 'door_number': '5', 'function': 'IT', 'division': 'AAPD', 'department': 'HRSD', 'section': '1'}
[2025-03-30T11:38:21.370+0000] {logging_mixin.py:188} INFO - General error executing query: not all arguments converted during string formatting
[2025-03-30T11:38:21.371+0000] {inout_data.py:83} INFO - {'ingested_time': datetime.datetime(2025, 3, 30, 11, 38, 21, 371114), 'timestamp': datetime.datetime(2024, 9, 29, 12, 7, tzinfo=datetime.timezone.utc), 'emp_id': 9172, 'employee_name': 'Employee49', 'factory': 'FactoryA', 'in_out': 'IN', 'entrance': 'Side', 'door_number': '6', 'function': 'IT', 'division': 'BSID', 'department': 'CAPD', 'section': '1'}
[2025-03-30T11:38:21.371+0000] {logging_mixin.py:188} INFO - General error executing query: not all arguments converted during string formatting
[2025-03-30T11:38:21.371+0000] {inout_data.py:83} INFO - {'ingested_time': datetime.datetime(2025, 3, 30, 11, 38, 21, 371826), 'timestamp': datetime.datetime(2024, 9, 29, 12, 12, tzinfo=datetime.timezone.utc), 'emp_id': 3776, 'employee_name': 'Employee32', 'factory': 'FactoryA', 'in_out': 'IN', 'entrance': 'Main', 'door_number': '9', 'function': 'IT', 'division': 'AAPD', 'department': 'ML', 'section': '2'}
[2025-03-30T11:38:21.372+0000] {logging_mixin.py:188} INFO - General error executing query: not all arguments converted during string formatting
[2025-03-30T11:38:21.373+0000] {inout_data.py:83} INFO - {'ingested_time': datetime.datetime(2025, 3, 30, 11, 38, 21, 373588), 'timestamp': datetime.datetime(2024, 9, 29, 12, 25, tzinfo=datetime.timezone.utc), 'emp_id': 4364, 'employee_name': 'Employee42', 'factory': 'FactoryA', 'in_out': 'OUT', 'entrance': 'Side', 'door_number': '10', 'function': 'IT', 'division': 'BSID', 'department': 'HRSD', 'section': '1'}
[2025-03-30T11:38:21.374+0000] {logging_mixin.py:188} INFO - General error executing query: not all arguments converted during string formatting
[2025-03-30T11:38:21.375+0000] {inout_data.py:83} INFO - {'ingested_time': datetime.datetime(2025, 3, 30, 11, 38, 21, 375535), 'timestamp': datetime.datetime(2024, 9, 29, 12, 21, tzinfo=datetime.timezone.utc), 'emp_id': 3580, 'employee_name': 'Employee63', 'factory': 'FactoryB', 'in_out': 'OUT', 'entrance': 'Main', 'door_number': '10', 'function': 'IT', 'division': 'BSID', 'department': 'HRSD', 'section': '2'}
[2025-03-30T11:38:21.376+0000] {logging_mixin.py:188} INFO - General error executing query: not all arguments converted during string formatting
[2025-03-30T11:38:21.376+0000] {inout_data.py:83} INFO - {'ingested_time': datetime.datetime(2025, 3, 30, 11, 38, 21, 376966), 'timestamp': datetime.datetime(2024, 9, 29, 12, 15, tzinfo=datetime.timezone.utc), 'emp_id': 2089, 'employee_name': 'Employee95', 'factory': 'FactoryA', 'in_out': 'OUT', 'entrance': 'Main', 'door_number': '9', 'function': 'IT', 'division': 'AAPD', 'department': 'CAPD', 'section': '2'}
[2025-03-30T11:38:21.377+0000] {logging_mixin.py:188} INFO - General error executing query: not all arguments converted during string formatting
[2025-03-30T11:38:21.378+0000] {inout_data.py:83} INFO - {'ingested_time': datetime.datetime(2025, 3, 30, 11, 38, 21, 378194), 'timestamp': datetime.datetime(2024, 9, 29, 12, 10, tzinfo=datetime.timezone.utc), 'emp_id': 2668, 'employee_name': 'Employee53', 'factory': 'FactoryA', 'in_out': 'OUT', 'entrance': 'Main', 'door_number': '8', 'function': 'IT', 'division': 'BSID', 'department': 'ML', 'section': '1'}
[2025-03-30T11:38:21.378+0000] {logging_mixin.py:188} INFO - General error executing query: not all arguments converted during string formatting
[2025-03-30T11:38:21.379+0000] {inout_data.py:83} INFO - {'ingested_time': datetime.datetime(2025, 3, 30, 11, 38, 21, 379144), 'timestamp': datetime.datetime(2024, 9, 29, 12, 19, tzinfo=datetime.timezone.utc), 'emp_id': 4163, 'employee_name': 'Employee23', 'factory': 'FactoryA', 'in_out': 'OUT', 'entrance': 'Side', 'door_number': '9', 'function': 'IT', 'division': 'AAPD', 'department': 'HRSD', 'section': '1'}
[2025-03-30T11:38:21.379+0000] {logging_mixin.py:188} INFO - General error executing query: not all arguments converted during string formatting
[2025-03-30T11:38:21.380+0000] {inout_data.py:83} INFO - {'ingested_time': datetime.datetime(2025, 3, 30, 11, 38, 21, 380109), 'timestamp': datetime.datetime(2024, 9, 29, 12, 4, tzinfo=datetime.timezone.utc), 'emp_id': 2351, 'employee_name': 'Employee10', 'factory': 'FactoryB', 'in_out': 'IN', 'entrance': 'Main', 'door_number': '9', 'function': 'IT', 'division': 'BSID', 'department': 'ML', 'section': '2'}
[2025-03-30T11:38:21.380+0000] {logging_mixin.py:188} INFO - General error executing query: not all arguments converted during string formatting
[2025-03-30T11:38:21.380+0000] {inout_data.py:83} INFO - {'ingested_time': datetime.datetime(2025, 3, 30, 11, 38, 21, 380905), 'timestamp': datetime.datetime(2024, 9, 29, 12, 28, tzinfo=datetime.timezone.utc), 'emp_id': 2920, 'employee_name': 'Employee20', 'factory': 'FactoryB', 'in_out': 'IN', 'entrance': 'Main', 'door_number': '3', 'function': 'IT', 'division': 'AAPD', 'department': 'CAPD', 'section': '1'}
[2025-03-30T11:38:21.381+0000] {logging_mixin.py:188} INFO - General error executing query: not all arguments converted during string formatting
[2025-03-30T11:38:21.382+0000] {inout_data.py:83} INFO - {'ingested_time': datetime.datetime(2025, 3, 30, 11, 38, 21, 382039), 'timestamp': datetime.datetime(2024, 9, 29, 12, 19, tzinfo=datetime.timezone.utc), 'emp_id': 1640, 'employee_name': 'Employee46', 'factory': 'FactoryB', 'in_out': 'IN', 'entrance': 'Main', 'door_number': '2', 'function': 'IT', 'division': 'BSID', 'department': 'ML', 'section': '2'}
[2025-03-30T11:38:21.382+0000] {logging_mixin.py:188} INFO - General error executing query: not all arguments converted during string formatting
[2025-03-30T11:38:21.383+0000] {inout_data.py:83} INFO - {'ingested_time': datetime.datetime(2025, 3, 30, 11, 38, 21, 383508), 'timestamp': datetime.datetime(2024, 9, 29, 12, 6, tzinfo=datetime.timezone.utc), 'emp_id': 6905, 'employee_name': 'Employee50', 'factory': 'FactoryA', 'in_out': 'OUT', 'entrance': 'Main', 'door_number': '5', 'function': 'IT', 'division': 'BSID', 'department': 'ML', 'section': '1'}
[2025-03-30T11:38:21.384+0000] {logging_mixin.py:188} INFO - General error executing query: not all arguments converted during string formatting
[2025-03-30T11:38:21.385+0000] {inout_data.py:83} INFO - {'ingested_time': datetime.datetime(2025, 3, 30, 11, 38, 21, 385407), 'timestamp': datetime.datetime(2024, 9, 29, 12, 3, tzinfo=datetime.timezone.utc), 'emp_id': 6769, 'employee_name': 'Employee88', 'factory': 'FactoryB', 'in_out': 'IN', 'entrance': 'Main', 'door_number': '3', 'function': 'IT', 'division': 'BSID', 'department': 'HRSD', 'section': '1'}
[2025-03-30T11:38:21.386+0000] {logging_mixin.py:188} INFO - General error executing query: not all arguments converted during string formatting
[2025-03-30T11:38:21.388+0000] {inout_data.py:83} INFO - {'ingested_time': datetime.datetime(2025, 3, 30, 11, 38, 21, 388376), 'timestamp': datetime.datetime(2024, 9, 29, 12, 3, tzinfo=datetime.timezone.utc), 'emp_id': 6851, 'employee_name': 'Employee16', 'factory': 'FactoryB', 'in_out': 'IN', 'entrance': 'Main', 'door_number': '6', 'function': 'IT', 'division': 'AAPD', 'department': 'HRSD', 'section': '1'}
[2025-03-30T11:38:21.388+0000] {logging_mixin.py:188} INFO - General error executing query: not all arguments converted during string formatting
[2025-03-30T11:38:21.390+0000] {inout_data.py:83} INFO - {'ingested_time': datetime.datetime(2025, 3, 30, 11, 38, 21, 390090), 'timestamp': datetime.datetime(2024, 9, 29, 12, 1, tzinfo=datetime.timezone.utc), 'emp_id': 7967, 'employee_name': 'Employee14', 'factory': 'FactoryA', 'in_out': 'IN', 'entrance': 'Main', 'door_number': '3', 'function': 'IT', 'division': 'AAPD', 'department': 'CAPD', 'section': '2'}
[2025-03-30T11:38:21.393+0000] {logging_mixin.py:188} INFO - General error executing query: not all arguments converted during string formatting
[2025-03-30T11:38:21.394+0000] {inout_data.py:83} INFO - {'ingested_time': datetime.datetime(2025, 3, 30, 11, 38, 21, 394901), 'timestamp': datetime.datetime(2024, 9, 29, 12, 21, tzinfo=datetime.timezone.utc), 'emp_id': 5058, 'employee_name': 'Employee93', 'factory': 'FactoryA', 'in_out': 'IN', 'entrance': 'Side', 'door_number': '4', 'function': 'IT', 'division': 'AAPD', 'department': 'HRSD', 'section': '2'}
[2025-03-30T11:38:21.395+0000] {logging_mixin.py:188} INFO - General error executing query: not all arguments converted during string formatting
[2025-03-30T11:38:21.398+0000] {inout_data.py:83} INFO - {'ingested_time': datetime.datetime(2025, 3, 30, 11, 38, 21, 398231), 'timestamp': datetime.datetime(2024, 9, 29, 12, 26, tzinfo=datetime.timezone.utc), 'emp_id': 1561, 'employee_name': 'Employee93', 'factory': 'FactoryA', 'in_out': 'OUT', 'entrance': 'Main', 'door_number': '9', 'function': 'IT', 'division': 'BSID', 'department': 'HRSD', 'section': '1'}
[2025-03-30T11:38:21.400+0000] {logging_mixin.py:188} INFO - General error executing query: not all arguments converted during string formatting
[2025-03-30T11:38:21.403+0000] {inout_data.py:83} INFO - {'ingested_time': datetime.datetime(2025, 3, 30, 11, 38, 21, 403718), 'timestamp': datetime.datetime(2024, 9, 29, 12, 3, tzinfo=datetime.timezone.utc), 'emp_id': 5529, 'employee_name': 'Employee5', 'factory': 'FactoryA', 'in_out': 'IN', 'entrance': 'Main', 'door_number': '9', 'function': 'IT', 'division': 'AAPD', 'department': 'ML', 'section': '1'}
[2025-03-30T11:38:21.405+0000] {logging_mixin.py:188} INFO - General error executing query: not all arguments converted during string formatting
[2025-03-30T11:38:21.406+0000] {inout_data.py:101} INFO - Ingested 18 rows of dummy data for 2024-09-29 12:00:00+00:00.
[2025-03-30T11:38:21.407+0000] {logging_mixin.py:188} INFO - MariaDB connection closed.
[2025-03-30T11:38:21.408+0000] {python.py:202} INFO - Done. Returned value was: None
[2025-03-30T11:38:21.418+0000] {taskinstance.py:1149} INFO - Marking task as SUCCESS. dag_id=inout_data_ingestion, task_id=ingest_dummy_data, execution_date=20240929T120000, start_date=20250330T113821, end_date=20250330T113821
[2025-03-30T11:38:21.461+0000] {local_task_job_runner.py:234} INFO - Task exited with return code 0
[2025-03-30T11:38:21.517+0000] {taskinstance.py:3309} INFO - 0 downstream tasks scheduled from follow-on schedule check
[2025-03-30T11:40:26.453+0000] {taskinstance.py:1979} INFO - Dependencies all met for dep_context=non-requeueable deps ti=<TaskInstance: inout_data_ingestion.ingest_dummy_data scheduled__2024-09-29T12:00:00+00:00 [queued]>
[2025-03-30T11:40:26.470+0000] {taskinstance.py:1979} INFO - Dependencies all met for dep_context=requeueable deps ti=<TaskInstance: inout_data_ingestion.ingest_dummy_data scheduled__2024-09-29T12:00:00+00:00 [queued]>
[2025-03-30T11:40:26.470+0000] {taskinstance.py:2193} INFO - Starting attempt 1 of 2
[2025-03-30T11:40:26.494+0000] {taskinstance.py:2214} INFO - Executing <Task(PythonOperator): ingest_dummy_data> on 2024-09-29 12:00:00+00:00
[2025-03-30T11:40:26.497+0000] {standard_task_runner.py:60} INFO - Started process 6775 to run task
[2025-03-30T11:40:26.510+0000] {standard_task_runner.py:87} INFO - Running: ['***', 'tasks', 'run', 'inout_data_ingestion', 'ingest_dummy_data', 'scheduled__2024-09-29T12:00:00+00:00', '--job-id', '3361', '--raw', '--subdir', 'DAGS_FOLDER/inout_data.py', '--cfg-path', '/tmp/tmpvvzspxut']
[2025-03-30T11:40:26.517+0000] {standard_task_runner.py:88} INFO - Job 3361: Subtask ingest_dummy_data
[2025-03-30T11:40:26.573+0000] {warnings.py:109} WARNING - /home/***/.local/lib/python3.8/site-packages/***/settings.py:194: DeprecationWarning: The sql_alchemy_conn option in [core] has been moved to the sql_alchemy_conn option in [database] - the old setting has been used, but please update your config.
  SQL_ALCHEMY_CONN = conf.get("database", "SQL_ALCHEMY_CONN")

[2025-03-30T11:40:26.730+0000] {task_command.py:423} INFO - Running <TaskInstance: inout_data_ingestion.ingest_dummy_data scheduled__2024-09-29T12:00:00+00:00 [running]> on host ff9d64b065e6
[2025-03-30T11:40:26.879+0000] {taskinstance.py:2510} INFO - Exporting env vars: AIRFLOW_CTX_DAG_OWNER='***' AIRFLOW_CTX_DAG_ID='inout_data_ingestion' AIRFLOW_CTX_TASK_ID='ingest_dummy_data' AIRFLOW_CTX_EXECUTION_DATE='2024-09-29T12:00:00+00:00' AIRFLOW_CTX_TRY_NUMBER='1' AIRFLOW_CTX_DAG_RUN_ID='scheduled__2024-09-29T12:00:00+00:00'
[2025-03-30T11:40:26.892+0000] {logging_mixin.py:188} INFO - Successfully connected to MariaDB: INOUT on mariadb:3306
[2025-03-30T11:40:26.899+0000] {inout_data.py:83} INFO - {'ingested_time': datetime.datetime(2025, 3, 30, 11, 40, 26, 898800), 'timestamp': datetime.datetime(2024, 9, 29, 12, 22, tzinfo=datetime.timezone.utc), 'emp_id': 2690, 'employee_name': 'Employee83', 'factory': 'FactoryA', 'in_out': 'OUT', 'entrance': 'Side', 'door_number': '3', 'function': 'IT', 'division': 'BSID', 'department': 'CAPD', 'section': '1'}
[2025-03-30T11:40:26.900+0000] {inout_data.py:99} INFO - Query: INSERT INTO emp_inout_rec (ingested_time, timestamp, employee_id, employee_name, factory, in_out, entrance, door_number, function, division, department, section) VALUES (%s, %s, %s, %s, %s, %s, %s, %s, %s, %s, %s)
[2025-03-30T11:40:26.901+0000] {inout_data.py:100} INFO - Params: ('2025-03-30 11:40:26', '2024-09-29 12:22:00', 2690, 'Employee83', 'FactoryA', 'OUT', 'Side', '3', 'IT', 'BSID', 'CAPD', '1')
[2025-03-30T11:40:26.902+0000] {logging_mixin.py:188} INFO - General error executing query: not all arguments converted during string formatting
[2025-03-30T11:40:26.903+0000] {inout_data.py:83} INFO - {'ingested_time': datetime.datetime(2025, 3, 30, 11, 40, 26, 903216), 'timestamp': datetime.datetime(2024, 9, 29, 12, 4, tzinfo=datetime.timezone.utc), 'emp_id': 3462, 'employee_name': 'Employee5', 'factory': 'FactoryB', 'in_out': 'IN', 'entrance': 'Side', 'door_number': '8', 'function': 'IT', 'division': 'AAPD', 'department': 'CAPD', 'section': '1'}
[2025-03-30T11:40:26.906+0000] {inout_data.py:99} INFO - Query: INSERT INTO emp_inout_rec (ingested_time, timestamp, employee_id, employee_name, factory, in_out, entrance, door_number, function, division, department, section) VALUES (%s, %s, %s, %s, %s, %s, %s, %s, %s, %s, %s)
[2025-03-30T11:40:26.907+0000] {inout_data.py:100} INFO - Params: ('2025-03-30 11:40:26', '2024-09-29 12:04:00', 3462, 'Employee5', 'FactoryB', 'IN', 'Side', '8', 'IT', 'AAPD', 'CAPD', '1')
[2025-03-30T11:40:26.907+0000] {logging_mixin.py:188} INFO - General error executing query: not all arguments converted during string formatting
[2025-03-30T11:40:26.908+0000] {inout_data.py:83} INFO - {'ingested_time': datetime.datetime(2025, 3, 30, 11, 40, 26, 908269), 'timestamp': datetime.datetime(2024, 9, 29, 12, 11, tzinfo=datetime.timezone.utc), 'emp_id': 6476, 'employee_name': 'Employee41', 'factory': 'FactoryA', 'in_out': 'OUT', 'entrance': 'Main', 'door_number': '3', 'function': 'IT', 'division': 'AAPD', 'department': 'ML', 'section': '2'}
[2025-03-30T11:40:26.917+0000] {inout_data.py:99} INFO - Query: INSERT INTO emp_inout_rec (ingested_time, timestamp, employee_id, employee_name, factory, in_out, entrance, door_number, function, division, department, section) VALUES (%s, %s, %s, %s, %s, %s, %s, %s, %s, %s, %s)
[2025-03-30T11:40:26.925+0000] {inout_data.py:100} INFO - Params: ('2025-03-30 11:40:26', '2024-09-29 12:11:00', 6476, 'Employee41', 'FactoryA', 'OUT', 'Main', '3', 'IT', 'AAPD', 'ML', '2')
[2025-03-30T11:40:26.928+0000] {logging_mixin.py:188} INFO - General error executing query: not all arguments converted during string formatting
[2025-03-30T11:40:26.932+0000] {inout_data.py:83} INFO - {'ingested_time': datetime.datetime(2025, 3, 30, 11, 40, 26, 932379), 'timestamp': datetime.datetime(2024, 9, 29, 12, 27, tzinfo=datetime.timezone.utc), 'emp_id': 4185, 'employee_name': 'Employee22', 'factory': 'FactoryA', 'in_out': 'OUT', 'entrance': 'Side', 'door_number': '3', 'function': 'IT', 'division': 'BSID', 'department': 'CAPD', 'section': '2'}
[2025-03-30T11:40:26.937+0000] {inout_data.py:99} INFO - Query: INSERT INTO emp_inout_rec (ingested_time, timestamp, employee_id, employee_name, factory, in_out, entrance, door_number, function, division, department, section) VALUES (%s, %s, %s, %s, %s, %s, %s, %s, %s, %s, %s)
[2025-03-30T11:40:26.939+0000] {inout_data.py:100} INFO - Params: ('2025-03-30 11:40:26', '2024-09-29 12:27:00', 4185, 'Employee22', 'FactoryA', 'OUT', 'Side', '3', 'IT', 'BSID', 'CAPD', '2')
[2025-03-30T11:40:26.942+0000] {logging_mixin.py:188} INFO - General error executing query: not all arguments converted during string formatting
[2025-03-30T11:40:26.944+0000] {inout_data.py:83} INFO - {'ingested_time': datetime.datetime(2025, 3, 30, 11, 40, 26, 944647), 'timestamp': datetime.datetime(2024, 9, 29, 12, 2, tzinfo=datetime.timezone.utc), 'emp_id': 4630, 'employee_name': 'Employee79', 'factory': 'FactoryB', 'in_out': 'OUT', 'entrance': 'Side', 'door_number': '6', 'function': 'IT', 'division': 'AAPD', 'department': 'CAPD', 'section': '1'}
[2025-03-30T11:40:26.947+0000] {inout_data.py:99} INFO - Query: INSERT INTO emp_inout_rec (ingested_time, timestamp, employee_id, employee_name, factory, in_out, entrance, door_number, function, division, department, section) VALUES (%s, %s, %s, %s, %s, %s, %s, %s, %s, %s, %s)
[2025-03-30T11:40:26.949+0000] {inout_data.py:100} INFO - Params: ('2025-03-30 11:40:26', '2024-09-29 12:02:00', 4630, 'Employee79', 'FactoryB', 'OUT', 'Side', '6', 'IT', 'AAPD', 'CAPD', '1')
[2025-03-30T11:40:26.950+0000] {logging_mixin.py:188} INFO - General error executing query: not all arguments converted during string formatting
[2025-03-30T11:40:26.953+0000] {inout_data.py:83} INFO - {'ingested_time': datetime.datetime(2025, 3, 30, 11, 40, 26, 953240), 'timestamp': datetime.datetime(2024, 9, 29, 12, 17, tzinfo=datetime.timezone.utc), 'emp_id': 3606, 'employee_name': 'Employee42', 'factory': 'FactoryB', 'in_out': 'IN', 'entrance': 'Main', 'door_number': '9', 'function': 'IT', 'division': 'BSID', 'department': 'ML', 'section': '1'}
[2025-03-30T11:40:26.956+0000] {inout_data.py:99} INFO - Query: INSERT INTO emp_inout_rec (ingested_time, timestamp, employee_id, employee_name, factory, in_out, entrance, door_number, function, division, department, section) VALUES (%s, %s, %s, %s, %s, %s, %s, %s, %s, %s, %s)
[2025-03-30T11:40:26.957+0000] {inout_data.py:100} INFO - Params: ('2025-03-30 11:40:26', '2024-09-29 12:17:00', 3606, 'Employee42', 'FactoryB', 'IN', 'Main', '9', 'IT', 'BSID', 'ML', '1')
[2025-03-30T11:40:26.959+0000] {logging_mixin.py:188} INFO - General error executing query: not all arguments converted during string formatting
[2025-03-30T11:40:26.960+0000] {inout_data.py:83} INFO - {'ingested_time': datetime.datetime(2025, 3, 30, 11, 40, 26, 960501), 'timestamp': datetime.datetime(2024, 9, 29, 12, 29, tzinfo=datetime.timezone.utc), 'emp_id': 1966, 'employee_name': 'Employee40', 'factory': 'FactoryA', 'in_out': 'IN', 'entrance': 'Side', 'door_number': '4', 'function': 'IT', 'division': 'BSID', 'department': 'ML', 'section': '2'}
[2025-03-30T11:40:26.965+0000] {inout_data.py:99} INFO - Query: INSERT INTO emp_inout_rec (ingested_time, timestamp, employee_id, employee_name, factory, in_out, entrance, door_number, function, division, department, section) VALUES (%s, %s, %s, %s, %s, %s, %s, %s, %s, %s, %s)
[2025-03-30T11:40:26.967+0000] {inout_data.py:100} INFO - Params: ('2025-03-30 11:40:26', '2024-09-29 12:29:00', 1966, 'Employee40', 'FactoryA', 'IN', 'Side', '4', 'IT', 'BSID', 'ML', '2')
[2025-03-30T11:40:26.970+0000] {logging_mixin.py:188} INFO - General error executing query: not all arguments converted during string formatting
[2025-03-30T11:40:26.972+0000] {inout_data.py:83} INFO - {'ingested_time': datetime.datetime(2025, 3, 30, 11, 40, 26, 972322), 'timestamp': datetime.datetime(2024, 9, 29, 12, 0, tzinfo=datetime.timezone.utc), 'emp_id': 7630, 'employee_name': 'Employee100', 'factory': 'FactoryA', 'in_out': 'IN', 'entrance': 'Side', 'door_number': '2', 'function': 'IT', 'division': 'BSID', 'department': 'ML', 'section': '2'}
[2025-03-30T11:40:26.974+0000] {inout_data.py:99} INFO - Query: INSERT INTO emp_inout_rec (ingested_time, timestamp, employee_id, employee_name, factory, in_out, entrance, door_number, function, division, department, section) VALUES (%s, %s, %s, %s, %s, %s, %s, %s, %s, %s, %s)
[2025-03-30T11:40:26.977+0000] {inout_data.py:100} INFO - Params: ('2025-03-30 11:40:26', '2024-09-29 12:00:00', 7630, 'Employee100', 'FactoryA', 'IN', 'Side', '2', 'IT', 'BSID', 'ML', '2')
[2025-03-30T11:40:26.978+0000] {logging_mixin.py:188} INFO - General error executing query: not all arguments converted during string formatting
[2025-03-30T11:40:26.979+0000] {inout_data.py:102} INFO - Ingested 8 rows of dummy data for 2024-09-29 12:00:00+00:00.
[2025-03-30T11:40:26.980+0000] {logging_mixin.py:188} INFO - MariaDB connection closed.
[2025-03-30T11:40:26.981+0000] {python.py:202} INFO - Done. Returned value was: None
[2025-03-30T11:40:27.000+0000] {taskinstance.py:1149} INFO - Marking task as SUCCESS. dag_id=inout_data_ingestion, task_id=ingest_dummy_data, execution_date=20240929T120000, start_date=20250330T114026, end_date=20250330T114026
[2025-03-30T11:40:27.122+0000] {local_task_job_runner.py:234} INFO - Task exited with return code 0
[2025-03-30T11:40:27.194+0000] {taskinstance.py:3309} INFO - 0 downstream tasks scheduled from follow-on schedule check
