[2025-03-30T11:11:25.424+0000] {taskinstance.py:1979} INFO - Dependencies all met for dep_context=non-requeueable deps ti=<TaskInstance: inout_data_ingestion.create_table scheduled__2024-10-03T20:00:00+00:00 [queued]>
[2025-03-30T11:11:25.431+0000] {taskinstance.py:1979} INFO - Dependencies all met for dep_context=requeueable deps ti=<TaskInstance: inout_data_ingestion.create_table scheduled__2024-10-03T20:00:00+00:00 [queued]>
[2025-03-30T11:11:25.432+0000] {taskinstance.py:2193} INFO - Starting attempt 1 of 2
[2025-03-30T11:11:25.455+0000] {taskinstance.py:2214} INFO - Executing <Task(PythonOperator): create_table> on 2024-10-03 20:00:00+00:00
[2025-03-30T11:11:25.462+0000] {standard_task_runner.py:60} INFO - Started process 1023 to run task
[2025-03-30T11:11:25.470+0000] {standard_task_runner.py:87} INFO - Running: ['***', 'tasks', 'run', 'inout_data_ingestion', 'create_table', 'scheduled__2024-10-03T20:00:00+00:00', '--job-id', '486', '--raw', '--subdir', 'DAGS_FOLDER/inout_data.py', '--cfg-path', '/tmp/tmpgjevjcuv']
[2025-03-30T11:11:25.471+0000] {standard_task_runner.py:88} INFO - Job 486: Subtask create_table
[2025-03-30T11:11:25.484+0000] {warnings.py:109} WARNING - /home/***/.local/lib/python3.8/site-packages/***/settings.py:194: DeprecationWarning: The sql_alchemy_conn option in [core] has been moved to the sql_alchemy_conn option in [database] - the old setting has been used, but please update your config.
  SQL_ALCHEMY_CONN = conf.get("database", "SQL_ALCHEMY_CONN")

[2025-03-30T11:11:25.524+0000] {task_command.py:423} INFO - Running <TaskInstance: inout_data_ingestion.create_table scheduled__2024-10-03T20:00:00+00:00 [running]> on host ff9d64b065e6
[2025-03-30T11:11:25.605+0000] {taskinstance.py:2510} INFO - Exporting env vars: AIRFLOW_CTX_DAG_OWNER='***' AIRFLOW_CTX_DAG_ID='inout_data_ingestion' AIRFLOW_CTX_TASK_ID='create_table' AIRFLOW_CTX_EXECUTION_DATE='2024-10-03T20:00:00+00:00' AIRFLOW_CTX_TRY_NUMBER='1' AIRFLOW_CTX_DAG_RUN_ID='scheduled__2024-10-03T20:00:00+00:00'
[2025-03-30T11:11:25.610+0000] {inout_data.py:42} INFO - Successfully connected to MariaDB: INOUT on mariadb:3306
[2025-03-30T11:11:25.611+0000] {inout_data.py:124} INFO - Table emp_inout_rec created (if it didn't exist).
[2025-03-30T11:11:25.612+0000] {inout_data.py:78} INFO - MariaDB connection closed.
[2025-03-30T11:11:25.612+0000] {python.py:202} INFO - Done. Returned value was: None
[2025-03-30T11:11:25.634+0000] {taskinstance.py:1149} INFO - Marking task as SUCCESS. dag_id=inout_data_ingestion, task_id=create_table, execution_date=20241003T200000, start_date=20250330T111125, end_date=20250330T111125
[2025-03-30T11:11:25.689+0000] {local_task_job_runner.py:234} INFO - Task exited with return code 0
[2025-03-30T11:11:25.727+0000] {taskinstance.py:3309} INFO - 1 downstream tasks scheduled from follow-on schedule check
[2025-03-30T11:17:57.512+0000] {taskinstance.py:1979} INFO - Dependencies all met for dep_context=non-requeueable deps ti=<TaskInstance: inout_data_ingestion.create_table scheduled__2024-10-03T20:00:00+00:00 [queued]>
[2025-03-30T11:17:57.527+0000] {taskinstance.py:1979} INFO - Dependencies all met for dep_context=requeueable deps ti=<TaskInstance: inout_data_ingestion.create_table scheduled__2024-10-03T20:00:00+00:00 [queued]>
[2025-03-30T11:17:57.528+0000] {taskinstance.py:2193} INFO - Starting attempt 1 of 2
[2025-03-30T11:17:57.555+0000] {taskinstance.py:2214} INFO - Executing <Task(PythonOperator): create_table> on 2024-10-03 20:00:00+00:00
[2025-03-30T11:17:57.567+0000] {standard_task_runner.py:60} INFO - Started process 2883 to run task
[2025-03-30T11:17:57.575+0000] {standard_task_runner.py:87} INFO - Running: ['***', 'tasks', 'run', 'inout_data_ingestion', 'create_table', 'scheduled__2024-10-03T20:00:00+00:00', '--job-id', '1416', '--raw', '--subdir', 'DAGS_FOLDER/inout_data.py', '--cfg-path', '/tmp/tmp2q6crs9h']
[2025-03-30T11:17:57.578+0000] {standard_task_runner.py:88} INFO - Job 1416: Subtask create_table
[2025-03-30T11:17:57.610+0000] {warnings.py:109} WARNING - /home/***/.local/lib/python3.8/site-packages/***/settings.py:194: DeprecationWarning: The sql_alchemy_conn option in [core] has been moved to the sql_alchemy_conn option in [database] - the old setting has been used, but please update your config.
  SQL_ALCHEMY_CONN = conf.get("database", "SQL_ALCHEMY_CONN")

[2025-03-30T11:17:57.706+0000] {task_command.py:423} INFO - Running <TaskInstance: inout_data_ingestion.create_table scheduled__2024-10-03T20:00:00+00:00 [running]> on host ff9d64b065e6
[2025-03-30T11:17:57.861+0000] {taskinstance.py:2510} INFO - Exporting env vars: AIRFLOW_CTX_DAG_OWNER='***' AIRFLOW_CTX_DAG_ID='inout_data_ingestion' AIRFLOW_CTX_TASK_ID='create_table' AIRFLOW_CTX_EXECUTION_DATE='2024-10-03T20:00:00+00:00' AIRFLOW_CTX_TRY_NUMBER='1' AIRFLOW_CTX_DAG_RUN_ID='scheduled__2024-10-03T20:00:00+00:00'
[2025-03-30T11:17:57.869+0000] {inout_data.py:42} INFO - Successfully connected to MariaDB: INOUT on mariadb:3306
[2025-03-30T11:17:57.870+0000] {inout_data.py:117} INFO - Table emp_inout_rec created (if it didn't exist).
[2025-03-30T11:17:57.871+0000] {inout_data.py:78} INFO - MariaDB connection closed.
[2025-03-30T11:17:57.872+0000] {python.py:202} INFO - Done. Returned value was: None
[2025-03-30T11:17:57.882+0000] {taskinstance.py:1149} INFO - Marking task as SUCCESS. dag_id=inout_data_ingestion, task_id=create_table, execution_date=20241003T200000, start_date=20250330T111757, end_date=20250330T111757
[2025-03-30T11:17:57.919+0000] {local_task_job_runner.py:234} INFO - Task exited with return code 0
[2025-03-30T11:17:57.950+0000] {taskinstance.py:3309} INFO - 1 downstream tasks scheduled from follow-on schedule check
[2025-03-30T11:30:19.203+0000] {taskinstance.py:1979} INFO - Dependencies all met for dep_context=non-requeueable deps ti=<TaskInstance: inout_data_ingestion.create_table scheduled__2024-10-03T20:00:00+00:00 [queued]>
[2025-03-30T11:30:19.214+0000] {taskinstance.py:1979} INFO - Dependencies all met for dep_context=requeueable deps ti=<TaskInstance: inout_data_ingestion.create_table scheduled__2024-10-03T20:00:00+00:00 [queued]>
[2025-03-30T11:30:19.215+0000] {taskinstance.py:2193} INFO - Starting attempt 1 of 2
[2025-03-30T11:30:19.227+0000] {taskinstance.py:2214} INFO - Executing <Task(PythonOperator): create_table> on 2024-10-03 20:00:00+00:00
[2025-03-30T11:30:19.231+0000] {standard_task_runner.py:60} INFO - Started process 4798 to run task
[2025-03-30T11:30:19.234+0000] {standard_task_runner.py:87} INFO - Running: ['***', 'tasks', 'run', 'inout_data_ingestion', 'create_table', 'scheduled__2024-10-03T20:00:00+00:00', '--job-id', '2374', '--raw', '--subdir', 'DAGS_FOLDER/inout_data.py', '--cfg-path', '/tmp/tmpaw5qwec6']
[2025-03-30T11:30:19.236+0000] {standard_task_runner.py:88} INFO - Job 2374: Subtask create_table
[2025-03-30T11:30:19.258+0000] {warnings.py:109} WARNING - /home/***/.local/lib/python3.8/site-packages/***/settings.py:194: DeprecationWarning: The sql_alchemy_conn option in [core] has been moved to the sql_alchemy_conn option in [database] - the old setting has been used, but please update your config.
  SQL_ALCHEMY_CONN = conf.get("database", "SQL_ALCHEMY_CONN")

[2025-03-30T11:30:19.300+0000] {task_command.py:423} INFO - Running <TaskInstance: inout_data_ingestion.create_table scheduled__2024-10-03T20:00:00+00:00 [running]> on host ff9d64b065e6
[2025-03-30T11:30:19.379+0000] {taskinstance.py:2510} INFO - Exporting env vars: AIRFLOW_CTX_DAG_OWNER='***' AIRFLOW_CTX_DAG_ID='inout_data_ingestion' AIRFLOW_CTX_TASK_ID='create_table' AIRFLOW_CTX_EXECUTION_DATE='2024-10-03T20:00:00+00:00' AIRFLOW_CTX_TRY_NUMBER='1' AIRFLOW_CTX_DAG_RUN_ID='scheduled__2024-10-03T20:00:00+00:00'
[2025-03-30T11:30:19.382+0000] {logging_mixin.py:188} INFO - Successfully connected to MariaDB: INOUT on mariadb:3306
[2025-03-30T11:30:19.385+0000] {inout_data.py:46} INFO - Table emp_inout_rec created (if it didn't exist).
[2025-03-30T11:30:19.385+0000] {logging_mixin.py:188} INFO - MariaDB connection closed.
[2025-03-30T11:30:19.385+0000] {python.py:202} INFO - Done. Returned value was: None
[2025-03-30T11:30:19.392+0000] {taskinstance.py:1149} INFO - Marking task as SUCCESS. dag_id=inout_data_ingestion, task_id=create_table, execution_date=20241003T200000, start_date=20250330T113019, end_date=20250330T113019
[2025-03-30T11:30:19.415+0000] {local_task_job_runner.py:234} INFO - Task exited with return code 0
[2025-03-30T11:30:19.461+0000] {taskinstance.py:3309} INFO - 1 downstream tasks scheduled from follow-on schedule check
