[2025-03-30T11:09:08.378+0000] {taskinstance.py:1979} INFO - Dependencies all met for dep_context=non-requeueable deps ti=<TaskInstance: inout_data_ingestion.create_table scheduled__2024-09-29T18:30:00+00:00 [queued]>
[2025-03-30T11:09:08.395+0000] {taskinstance.py:1979} INFO - Dependencies all met for dep_context=requeueable deps ti=<TaskInstance: inout_data_ingestion.create_table scheduled__2024-09-29T18:30:00+00:00 [queued]>
[2025-03-30T11:09:08.396+0000] {taskinstance.py:2193} INFO - Starting attempt 1 of 2
[2025-03-30T11:09:08.419+0000] {taskinstance.py:2214} INFO - Executing <Task(PythonOperator): create_table> on 2024-09-29 18:30:00+00:00
[2025-03-30T11:09:08.427+0000] {standard_task_runner.py:60} INFO - Started process 242 to run task
[2025-03-30T11:09:08.437+0000] {standard_task_runner.py:87} INFO - Running: ['***', 'tasks', 'run', 'inout_data_ingestion', 'create_table', 'scheduled__2024-09-29T18:30:00+00:00', '--job-id', '94', '--raw', '--subdir', 'DAGS_FOLDER/inout_data.py', '--cfg-path', '/tmp/tmplci5a1kq']
[2025-03-30T11:09:08.439+0000] {standard_task_runner.py:88} INFO - Job 94: Subtask create_table
[2025-03-30T11:09:08.465+0000] {warnings.py:109} WARNING - /home/***/.local/lib/python3.8/site-packages/***/settings.py:194: DeprecationWarning: The sql_alchemy_conn option in [core] has been moved to the sql_alchemy_conn option in [database] - the old setting has been used, but please update your config.
  SQL_ALCHEMY_CONN = conf.get("database", "SQL_ALCHEMY_CONN")

[2025-03-30T11:09:08.514+0000] {task_command.py:423} INFO - Running <TaskInstance: inout_data_ingestion.create_table scheduled__2024-09-29T18:30:00+00:00 [running]> on host ff9d64b065e6
[2025-03-30T11:09:08.680+0000] {taskinstance.py:2510} INFO - Exporting env vars: AIRFLOW_CTX_DAG_OWNER='***' AIRFLOW_CTX_DAG_ID='inout_data_ingestion' AIRFLOW_CTX_TASK_ID='create_table' AIRFLOW_CTX_EXECUTION_DATE='2024-09-29T18:30:00+00:00' AIRFLOW_CTX_TRY_NUMBER='1' AIRFLOW_CTX_DAG_RUN_ID='scheduled__2024-09-29T18:30:00+00:00'
[2025-03-30T11:09:08.700+0000] {inout_data.py:42} INFO - Successfully connected to MariaDB: INOUT on mariadb:3306
[2025-03-30T11:09:08.701+0000] {inout_data.py:124} INFO - Table emp_inout_rec created (if it didn't exist).
[2025-03-30T11:09:08.702+0000] {inout_data.py:78} INFO - MariaDB connection closed.
[2025-03-30T11:09:08.706+0000] {python.py:202} INFO - Done. Returned value was: None
[2025-03-30T11:09:08.725+0000] {taskinstance.py:1149} INFO - Marking task as SUCCESS. dag_id=inout_data_ingestion, task_id=create_table, execution_date=20240929T183000, start_date=20250330T110908, end_date=20250330T110908
[2025-03-30T11:09:08.784+0000] {local_task_job_runner.py:234} INFO - Task exited with return code 0
[2025-03-30T11:09:08.820+0000] {taskinstance.py:3309} INFO - 1 downstream tasks scheduled from follow-on schedule check
[2025-03-30T11:15:48.693+0000] {taskinstance.py:1979} INFO - Dependencies all met for dep_context=non-requeueable deps ti=<TaskInstance: inout_data_ingestion.create_table scheduled__2024-09-29T18:30:00+00:00 [queued]>
[2025-03-30T11:15:48.730+0000] {taskinstance.py:1979} INFO - Dependencies all met for dep_context=requeueable deps ti=<TaskInstance: inout_data_ingestion.create_table scheduled__2024-09-29T18:30:00+00:00 [queued]>
[2025-03-30T11:15:48.735+0000] {taskinstance.py:2193} INFO - Starting attempt 1 of 2
[2025-03-30T11:15:48.764+0000] {taskinstance.py:2214} INFO - Executing <Task(PythonOperator): create_table> on 2024-09-29 18:30:00+00:00
[2025-03-30T11:15:48.771+0000] {standard_task_runner.py:60} INFO - Started process 2098 to run task
[2025-03-30T11:15:48.783+0000] {standard_task_runner.py:87} INFO - Running: ['***', 'tasks', 'run', 'inout_data_ingestion', 'create_table', 'scheduled__2024-09-29T18:30:00+00:00', '--job-id', '1022', '--raw', '--subdir', 'DAGS_FOLDER/inout_data.py', '--cfg-path', '/tmp/tmpqu9qzkea']
[2025-03-30T11:15:48.787+0000] {standard_task_runner.py:88} INFO - Job 1022: Subtask create_table
[2025-03-30T11:15:48.809+0000] {warnings.py:109} WARNING - /home/***/.local/lib/python3.8/site-packages/***/settings.py:194: DeprecationWarning: The sql_alchemy_conn option in [core] has been moved to the sql_alchemy_conn option in [database] - the old setting has been used, but please update your config.
  SQL_ALCHEMY_CONN = conf.get("database", "SQL_ALCHEMY_CONN")

[2025-03-30T11:15:48.877+0000] {task_command.py:423} INFO - Running <TaskInstance: inout_data_ingestion.create_table scheduled__2024-09-29T18:30:00+00:00 [running]> on host ff9d64b065e6
[2025-03-30T11:15:49.194+0000] {taskinstance.py:2510} INFO - Exporting env vars: AIRFLOW_CTX_DAG_OWNER='***' AIRFLOW_CTX_DAG_ID='inout_data_ingestion' AIRFLOW_CTX_TASK_ID='create_table' AIRFLOW_CTX_EXECUTION_DATE='2024-09-29T18:30:00+00:00' AIRFLOW_CTX_TRY_NUMBER='1' AIRFLOW_CTX_DAG_RUN_ID='scheduled__2024-09-29T18:30:00+00:00'
[2025-03-30T11:15:49.221+0000] {inout_data.py:42} INFO - Successfully connected to MariaDB: INOUT on mariadb:3306
[2025-03-30T11:15:49.222+0000] {inout_data.py:117} INFO - Table emp_inout_rec created (if it didn't exist).
[2025-03-30T11:15:49.226+0000] {inout_data.py:78} INFO - MariaDB connection closed.
[2025-03-30T11:15:49.232+0000] {python.py:202} INFO - Done. Returned value was: None
[2025-03-30T11:15:49.297+0000] {taskinstance.py:1149} INFO - Marking task as SUCCESS. dag_id=inout_data_ingestion, task_id=create_table, execution_date=20240929T183000, start_date=20250330T111548, end_date=20250330T111549
[2025-03-30T11:15:49.425+0000] {local_task_job_runner.py:234} INFO - Task exited with return code 0
[2025-03-30T11:15:49.558+0000] {taskinstance.py:3309} INFO - 1 downstream tasks scheduled from follow-on schedule check
[2025-03-30T11:28:21.445+0000] {taskinstance.py:1979} INFO - Dependencies all met for dep_context=non-requeueable deps ti=<TaskInstance: inout_data_ingestion.create_table scheduled__2024-09-29T18:30:00+00:00 [queued]>
[2025-03-30T11:28:21.466+0000] {taskinstance.py:1979} INFO - Dependencies all met for dep_context=requeueable deps ti=<TaskInstance: inout_data_ingestion.create_table scheduled__2024-09-29T18:30:00+00:00 [queued]>
[2025-03-30T11:28:21.466+0000] {taskinstance.py:2193} INFO - Starting attempt 1 of 2
[2025-03-30T11:28:21.488+0000] {taskinstance.py:2214} INFO - Executing <Task(PythonOperator): create_table> on 2024-09-29 18:30:00+00:00
[2025-03-30T11:28:21.494+0000] {standard_task_runner.py:60} INFO - Started process 4022 to run task
[2025-03-30T11:28:21.502+0000] {standard_task_runner.py:87} INFO - Running: ['***', 'tasks', 'run', 'inout_data_ingestion', 'create_table', 'scheduled__2024-09-29T18:30:00+00:00', '--job-id', '1985', '--raw', '--subdir', 'DAGS_FOLDER/inout_data.py', '--cfg-path', '/tmp/tmpcngwi2n_']
[2025-03-30T11:28:21.504+0000] {standard_task_runner.py:88} INFO - Job 1985: Subtask create_table
[2025-03-30T11:28:21.538+0000] {warnings.py:109} WARNING - /home/***/.local/lib/python3.8/site-packages/***/settings.py:194: DeprecationWarning: The sql_alchemy_conn option in [core] has been moved to the sql_alchemy_conn option in [database] - the old setting has been used, but please update your config.
  SQL_ALCHEMY_CONN = conf.get("database", "SQL_ALCHEMY_CONN")

[2025-03-30T11:28:21.585+0000] {task_command.py:423} INFO - Running <TaskInstance: inout_data_ingestion.create_table scheduled__2024-09-29T18:30:00+00:00 [running]> on host ff9d64b065e6
[2025-03-30T11:28:21.686+0000] {taskinstance.py:2510} INFO - Exporting env vars: AIRFLOW_CTX_DAG_OWNER='***' AIRFLOW_CTX_DAG_ID='inout_data_ingestion' AIRFLOW_CTX_TASK_ID='create_table' AIRFLOW_CTX_EXECUTION_DATE='2024-09-29T18:30:00+00:00' AIRFLOW_CTX_TRY_NUMBER='1' AIRFLOW_CTX_DAG_RUN_ID='scheduled__2024-09-29T18:30:00+00:00'
[2025-03-30T11:28:21.693+0000] {logging_mixin.py:188} INFO - Successfully connected to MariaDB: INOUT on mariadb:3306
[2025-03-30T11:28:21.695+0000] {inout_data.py:46} INFO - Table emp_inout_rec created (if it didn't exist).
[2025-03-30T11:28:21.695+0000] {logging_mixin.py:188} INFO - MariaDB connection closed.
[2025-03-30T11:28:21.695+0000] {python.py:202} INFO - Done. Returned value was: None
[2025-03-30T11:28:21.714+0000] {taskinstance.py:1149} INFO - Marking task as SUCCESS. dag_id=inout_data_ingestion, task_id=create_table, execution_date=20240929T183000, start_date=20250330T112821, end_date=20250330T112821
[2025-03-30T11:28:21.767+0000] {local_task_job_runner.py:234} INFO - Task exited with return code 0
[2025-03-30T11:28:21.808+0000] {taskinstance.py:3309} INFO - 1 downstream tasks scheduled from follow-on schedule check
[2025-03-30T11:33:01.192+0000] {taskinstance.py:1979} INFO - Dependencies all met for dep_context=non-requeueable deps ti=<TaskInstance: inout_data_ingestion.create_table scheduled__2024-09-29T18:30:00+00:00 [queued]>
[2025-03-30T11:33:01.205+0000] {taskinstance.py:1979} INFO - Dependencies all met for dep_context=requeueable deps ti=<TaskInstance: inout_data_ingestion.create_table scheduled__2024-09-29T18:30:00+00:00 [queued]>
[2025-03-30T11:33:01.206+0000] {taskinstance.py:2193} INFO - Starting attempt 1 of 2
[2025-03-30T11:33:01.221+0000] {taskinstance.py:2214} INFO - Executing <Task(PythonOperator): create_table> on 2024-09-29 18:30:00+00:00
[2025-03-30T11:33:01.226+0000] {standard_task_runner.py:60} INFO - Started process 5475 to run task
[2025-03-30T11:33:01.232+0000] {standard_task_runner.py:87} INFO - Running: ['***', 'tasks', 'run', 'inout_data_ingestion', 'create_table', 'scheduled__2024-09-29T18:30:00+00:00', '--job-id', '2712', '--raw', '--subdir', 'DAGS_FOLDER/inout_data.py', '--cfg-path', '/tmp/tmporon59tt']
[2025-03-30T11:33:01.233+0000] {standard_task_runner.py:88} INFO - Job 2712: Subtask create_table
[2025-03-30T11:33:01.258+0000] {warnings.py:109} WARNING - /home/***/.local/lib/python3.8/site-packages/***/settings.py:194: DeprecationWarning: The sql_alchemy_conn option in [core] has been moved to the sql_alchemy_conn option in [database] - the old setting has been used, but please update your config.
  SQL_ALCHEMY_CONN = conf.get("database", "SQL_ALCHEMY_CONN")

[2025-03-30T11:33:01.314+0000] {task_command.py:423} INFO - Running <TaskInstance: inout_data_ingestion.create_table scheduled__2024-09-29T18:30:00+00:00 [running]> on host ff9d64b065e6
[2025-03-30T11:33:01.421+0000] {taskinstance.py:2510} INFO - Exporting env vars: AIRFLOW_CTX_DAG_OWNER='***' AIRFLOW_CTX_DAG_ID='inout_data_ingestion' AIRFLOW_CTX_TASK_ID='create_table' AIRFLOW_CTX_EXECUTION_DATE='2024-09-29T18:30:00+00:00' AIRFLOW_CTX_TRY_NUMBER='1' AIRFLOW_CTX_DAG_RUN_ID='scheduled__2024-09-29T18:30:00+00:00'
[2025-03-30T11:33:01.431+0000] {logging_mixin.py:188} INFO - Successfully connected to MariaDB: INOUT on mariadb:3306
[2025-03-30T11:33:01.433+0000] {inout_data.py:46} INFO - Table emp_inout_rec created (if it didn't exist).
[2025-03-30T11:33:01.434+0000] {logging_mixin.py:188} INFO - MariaDB connection closed.
[2025-03-30T11:33:01.435+0000] {python.py:202} INFO - Done. Returned value was: None
[2025-03-30T11:33:01.446+0000] {taskinstance.py:1149} INFO - Marking task as SUCCESS. dag_id=inout_data_ingestion, task_id=create_table, execution_date=20240929T183000, start_date=20250330T113301, end_date=20250330T113301
[2025-03-30T11:33:01.495+0000] {local_task_job_runner.py:234} INFO - Task exited with return code 0
[2025-03-30T11:33:01.525+0000] {taskinstance.py:3309} INFO - 0 downstream tasks scheduled from follow-on schedule check
[2025-03-30T11:38:30.049+0000] {taskinstance.py:1979} INFO - Dependencies all met for dep_context=non-requeueable deps ti=<TaskInstance: inout_data_ingestion.create_table scheduled__2024-09-29T18:30:00+00:00 [queued]>
[2025-03-30T11:38:30.065+0000] {taskinstance.py:1979} INFO - Dependencies all met for dep_context=requeueable deps ti=<TaskInstance: inout_data_ingestion.create_table scheduled__2024-09-29T18:30:00+00:00 [queued]>
[2025-03-30T11:38:30.066+0000] {taskinstance.py:2193} INFO - Starting attempt 1 of 2
[2025-03-30T11:38:30.097+0000] {taskinstance.py:2214} INFO - Executing <Task(PythonOperator): create_table> on 2024-09-29 18:30:00+00:00
[2025-03-30T11:38:30.108+0000] {standard_task_runner.py:60} INFO - Started process 6382 to run task
[2025-03-30T11:38:30.126+0000] {standard_task_runner.py:87} INFO - Running: ['***', 'tasks', 'run', 'inout_data_ingestion', 'create_table', 'scheduled__2024-09-29T18:30:00+00:00', '--job-id', '3165', '--raw', '--subdir', 'DAGS_FOLDER/inout_data.py', '--cfg-path', '/tmp/tmprn0r0s73']
[2025-03-30T11:38:30.128+0000] {standard_task_runner.py:88} INFO - Job 3165: Subtask create_table
[2025-03-30T11:38:30.156+0000] {warnings.py:109} WARNING - /home/***/.local/lib/python3.8/site-packages/***/settings.py:194: DeprecationWarning: The sql_alchemy_conn option in [core] has been moved to the sql_alchemy_conn option in [database] - the old setting has been used, but please update your config.
  SQL_ALCHEMY_CONN = conf.get("database", "SQL_ALCHEMY_CONN")

[2025-03-30T11:38:30.237+0000] {task_command.py:423} INFO - Running <TaskInstance: inout_data_ingestion.create_table scheduled__2024-09-29T18:30:00+00:00 [running]> on host ff9d64b065e6
[2025-03-30T11:38:30.384+0000] {taskinstance.py:2510} INFO - Exporting env vars: AIRFLOW_CTX_DAG_OWNER='***' AIRFLOW_CTX_DAG_ID='inout_data_ingestion' AIRFLOW_CTX_TASK_ID='create_table' AIRFLOW_CTX_EXECUTION_DATE='2024-09-29T18:30:00+00:00' AIRFLOW_CTX_TRY_NUMBER='1' AIRFLOW_CTX_DAG_RUN_ID='scheduled__2024-09-29T18:30:00+00:00'
[2025-03-30T11:38:30.391+0000] {logging_mixin.py:188} INFO - Successfully connected to MariaDB: INOUT on mariadb:3306
[2025-03-30T11:38:30.395+0000] {inout_data.py:46} INFO - Table emp_inout_rec created (if it didn't exist).
[2025-03-30T11:38:30.397+0000] {logging_mixin.py:188} INFO - MariaDB connection closed.
[2025-03-30T11:38:30.398+0000] {python.py:202} INFO - Done. Returned value was: None
[2025-03-30T11:38:30.416+0000] {taskinstance.py:1149} INFO - Marking task as SUCCESS. dag_id=inout_data_ingestion, task_id=create_table, execution_date=20240929T183000, start_date=20250330T113830, end_date=20250330T113830
[2025-03-30T11:38:30.462+0000] {local_task_job_runner.py:234} INFO - Task exited with return code 0
[2025-03-30T11:38:30.538+0000] {taskinstance.py:3309} INFO - 1 downstream tasks scheduled from follow-on schedule check
[2025-03-30T11:40:35.203+0000] {taskinstance.py:1979} INFO - Dependencies all met for dep_context=non-requeueable deps ti=<TaskInstance: inout_data_ingestion.create_table scheduled__2024-09-29T18:30:00+00:00 [queued]>
[2025-03-30T11:40:35.220+0000] {taskinstance.py:1979} INFO - Dependencies all met for dep_context=requeueable deps ti=<TaskInstance: inout_data_ingestion.create_table scheduled__2024-09-29T18:30:00+00:00 [queued]>
[2025-03-30T11:40:35.222+0000] {taskinstance.py:2193} INFO - Starting attempt 1 of 2
[2025-03-30T11:40:35.238+0000] {taskinstance.py:2214} INFO - Executing <Task(PythonOperator): create_table> on 2024-09-29 18:30:00+00:00
[2025-03-30T11:40:35.247+0000] {standard_task_runner.py:60} INFO - Started process 6819 to run task
[2025-03-30T11:40:35.254+0000] {standard_task_runner.py:87} INFO - Running: ['***', 'tasks', 'run', 'inout_data_ingestion', 'create_table', 'scheduled__2024-09-29T18:30:00+00:00', '--job-id', '3384', '--raw', '--subdir', 'DAGS_FOLDER/inout_data.py', '--cfg-path', '/tmp/tmpxidqwocy']
[2025-03-30T11:40:35.257+0000] {standard_task_runner.py:88} INFO - Job 3384: Subtask create_table
[2025-03-30T11:40:35.281+0000] {warnings.py:109} WARNING - /home/***/.local/lib/python3.8/site-packages/***/settings.py:194: DeprecationWarning: The sql_alchemy_conn option in [core] has been moved to the sql_alchemy_conn option in [database] - the old setting has been used, but please update your config.
  SQL_ALCHEMY_CONN = conf.get("database", "SQL_ALCHEMY_CONN")

[2025-03-30T11:40:35.338+0000] {task_command.py:423} INFO - Running <TaskInstance: inout_data_ingestion.create_table scheduled__2024-09-29T18:30:00+00:00 [running]> on host ff9d64b065e6
[2025-03-30T11:40:35.424+0000] {taskinstance.py:2510} INFO - Exporting env vars: AIRFLOW_CTX_DAG_OWNER='***' AIRFLOW_CTX_DAG_ID='inout_data_ingestion' AIRFLOW_CTX_TASK_ID='create_table' AIRFLOW_CTX_EXECUTION_DATE='2024-09-29T18:30:00+00:00' AIRFLOW_CTX_TRY_NUMBER='1' AIRFLOW_CTX_DAG_RUN_ID='scheduled__2024-09-29T18:30:00+00:00'
[2025-03-30T11:40:35.429+0000] {logging_mixin.py:188} INFO - Successfully connected to MariaDB: INOUT on mariadb:3306
[2025-03-30T11:40:35.431+0000] {inout_data.py:46} INFO - Table emp_inout_rec created (if it didn't exist).
[2025-03-30T11:40:35.432+0000] {logging_mixin.py:188} INFO - MariaDB connection closed.
[2025-03-30T11:40:35.432+0000] {python.py:202} INFO - Done. Returned value was: None
[2025-03-30T11:40:35.442+0000] {taskinstance.py:1149} INFO - Marking task as SUCCESS. dag_id=inout_data_ingestion, task_id=create_table, execution_date=20240929T183000, start_date=20250330T114035, end_date=20250330T114035
[2025-03-30T11:40:35.482+0000] {local_task_job_runner.py:234} INFO - Task exited with return code 0
[2025-03-30T11:40:35.529+0000] {taskinstance.py:3309} INFO - 1 downstream tasks scheduled from follow-on schedule check
