[2025-03-30T11:11:36.953+0000] {taskinstance.py:1979} INFO - Dependencies all met for dep_context=non-requeueable deps ti=<TaskInstance: inout_data_ingestion.ingest_dummy_data scheduled__2024-10-04T03:30:00+00:00 [queued]>
[2025-03-30T11:11:36.981+0000] {taskinstance.py:1979} INFO - Dependencies all met for dep_context=requeueable deps ti=<TaskInstance: inout_data_ingestion.ingest_dummy_data scheduled__2024-10-04T03:30:00+00:00 [queued]>
[2025-03-30T11:11:36.986+0000] {taskinstance.py:2193} INFO - Starting attempt 1 of 2
[2025-03-30T11:11:37.017+0000] {taskinstance.py:2214} INFO - Executing <Task(PythonOperator): ingest_dummy_data> on 2024-10-04 03:30:00+00:00
[2025-03-30T11:11:37.022+0000] {standard_task_runner.py:60} INFO - Started process 1101 to run task
[2025-03-30T11:11:37.029+0000] {standard_task_runner.py:87} INFO - Running: ['***', 'tasks', 'run', 'inout_data_ingestion', 'ingest_dummy_data', 'scheduled__2024-10-04T03:30:00+00:00', '--job-id', '524', '--raw', '--subdir', 'DAGS_FOLDER/inout_data.py', '--cfg-path', '/tmp/tmpw2r0ym4c']
[2025-03-30T11:11:37.031+0000] {standard_task_runner.py:88} INFO - Job 524: Subtask ingest_dummy_data
[2025-03-30T11:11:37.064+0000] {warnings.py:109} WARNING - /home/***/.local/lib/python3.8/site-packages/***/settings.py:194: DeprecationWarning: The sql_alchemy_conn option in [core] has been moved to the sql_alchemy_conn option in [database] - the old setting has been used, but please update your config.
  SQL_ALCHEMY_CONN = conf.get("database", "SQL_ALCHEMY_CONN")

[2025-03-30T11:11:37.175+0000] {task_command.py:423} INFO - Running <TaskInstance: inout_data_ingestion.ingest_dummy_data scheduled__2024-10-04T03:30:00+00:00 [running]> on host ff9d64b065e6
[2025-03-30T11:11:37.406+0000] {taskinstance.py:2510} INFO - Exporting env vars: AIRFLOW_CTX_DAG_OWNER='***' AIRFLOW_CTX_DAG_ID='inout_data_ingestion' AIRFLOW_CTX_TASK_ID='ingest_dummy_data' AIRFLOW_CTX_EXECUTION_DATE='2024-10-04T03:30:00+00:00' AIRFLOW_CTX_TRY_NUMBER='1' AIRFLOW_CTX_DAG_RUN_ID='scheduled__2024-10-04T03:30:00+00:00'
[2025-03-30T11:11:37.422+0000] {inout_data.py:42} INFO - Successfully connected to MariaDB: INOUT on mariadb:3306
[2025-03-30T11:11:37.425+0000] {inout_data.py:63} ERROR - Error executing query: (1062, "Duplicate entry '2025-03-30 11:11:37-8116' for key 'PRIMARY'")
[2025-03-30T11:11:37.427+0000] {inout_data.py:63} ERROR - Error executing query: (1062, "Duplicate entry '2025-03-30 11:11:37-8116' for key 'PRIMARY'")
[2025-03-30T11:11:37.429+0000] {inout_data.py:63} ERROR - Error executing query: (1062, "Duplicate entry '2025-03-30 11:11:37-8116' for key 'PRIMARY'")
[2025-03-30T11:11:37.431+0000] {inout_data.py:63} ERROR - Error executing query: (1062, "Duplicate entry '2025-03-30 11:11:37-8116' for key 'PRIMARY'")
[2025-03-30T11:11:37.432+0000] {inout_data.py:63} ERROR - Error executing query: (1062, "Duplicate entry '2025-03-30 11:11:37-8116' for key 'PRIMARY'")
[2025-03-30T11:11:37.434+0000] {inout_data.py:63} ERROR - Error executing query: (1062, "Duplicate entry '2025-03-30 11:11:37-8116' for key 'PRIMARY'")
[2025-03-30T11:11:37.436+0000] {inout_data.py:63} ERROR - Error executing query: (1062, "Duplicate entry '2025-03-30 11:11:37-8116' for key 'PRIMARY'")
[2025-03-30T11:11:37.439+0000] {inout_data.py:63} ERROR - Error executing query: (1062, "Duplicate entry '2025-03-30 11:11:37-8116' for key 'PRIMARY'")
[2025-03-30T11:11:37.442+0000] {inout_data.py:63} ERROR - Error executing query: (1062, "Duplicate entry '2025-03-30 11:11:37-8116' for key 'PRIMARY'")
[2025-03-30T11:11:37.448+0000] {inout_data.py:63} ERROR - Error executing query: (1062, "Duplicate entry '2025-03-30 11:11:37-8116' for key 'PRIMARY'")
[2025-03-30T11:11:37.452+0000] {inout_data.py:63} ERROR - Error executing query: (1062, "Duplicate entry '2025-03-30 11:11:37-8116' for key 'PRIMARY'")
[2025-03-30T11:11:37.453+0000] {inout_data.py:63} ERROR - Error executing query: (1062, "Duplicate entry '2025-03-30 11:11:37-8116' for key 'PRIMARY'")
[2025-03-30T11:11:37.455+0000] {inout_data.py:63} ERROR - Error executing query: (1062, "Duplicate entry '2025-03-30 11:11:37-8116' for key 'PRIMARY'")
[2025-03-30T11:11:37.457+0000] {inout_data.py:63} ERROR - Error executing query: (1062, "Duplicate entry '2025-03-30 11:11:37-8116' for key 'PRIMARY'")
[2025-03-30T11:11:37.460+0000] {inout_data.py:63} ERROR - Error executing query: (1062, "Duplicate entry '2025-03-30 11:11:37-8116' for key 'PRIMARY'")
[2025-03-30T11:11:37.462+0000] {inout_data.py:63} ERROR - Error executing query: (1062, "Duplicate entry '2025-03-30 11:11:37-8116' for key 'PRIMARY'")
[2025-03-30T11:11:37.463+0000] {inout_data.py:159} INFO - Ingested 17 rows of dummy data.
[2025-03-30T11:11:37.464+0000] {inout_data.py:78} INFO - MariaDB connection closed.
[2025-03-30T11:11:37.465+0000] {python.py:202} INFO - Done. Returned value was: None
[2025-03-30T11:11:37.495+0000] {taskinstance.py:1149} INFO - Marking task as SUCCESS. dag_id=inout_data_ingestion, task_id=ingest_dummy_data, execution_date=20241004T033000, start_date=20250330T111136, end_date=20250330T111137
[2025-03-30T11:11:37.560+0000] {local_task_job_runner.py:234} INFO - Task exited with return code 0
[2025-03-30T11:11:37.608+0000] {taskinstance.py:3309} INFO - 0 downstream tasks scheduled from follow-on schedule check
[2025-03-30T11:18:10.853+0000] {taskinstance.py:1979} INFO - Dependencies all met for dep_context=non-requeueable deps ti=<TaskInstance: inout_data_ingestion.ingest_dummy_data scheduled__2024-10-04T03:30:00+00:00 [queued]>
[2025-03-30T11:18:10.863+0000] {taskinstance.py:1979} INFO - Dependencies all met for dep_context=requeueable deps ti=<TaskInstance: inout_data_ingestion.ingest_dummy_data scheduled__2024-10-04T03:30:00+00:00 [queued]>
[2025-03-30T11:18:10.863+0000] {taskinstance.py:2193} INFO - Starting attempt 1 of 2
[2025-03-30T11:18:10.885+0000] {taskinstance.py:2214} INFO - Executing <Task(PythonOperator): ingest_dummy_data> on 2024-10-04 03:30:00+00:00
[2025-03-30T11:18:10.892+0000] {standard_task_runner.py:60} INFO - Started process 2954 to run task
[2025-03-30T11:18:10.904+0000] {standard_task_runner.py:87} INFO - Running: ['***', 'tasks', 'run', 'inout_data_ingestion', 'ingest_dummy_data', 'scheduled__2024-10-04T03:30:00+00:00', '--job-id', '1451', '--raw', '--subdir', 'DAGS_FOLDER/inout_data.py', '--cfg-path', '/tmp/tmpmf992l7p']
[2025-03-30T11:18:10.907+0000] {standard_task_runner.py:88} INFO - Job 1451: Subtask ingest_dummy_data
[2025-03-30T11:18:10.935+0000] {warnings.py:109} WARNING - /home/***/.local/lib/python3.8/site-packages/***/settings.py:194: DeprecationWarning: The sql_alchemy_conn option in [core] has been moved to the sql_alchemy_conn option in [database] - the old setting has been used, but please update your config.
  SQL_ALCHEMY_CONN = conf.get("database", "SQL_ALCHEMY_CONN")

[2025-03-30T11:18:10.983+0000] {task_command.py:423} INFO - Running <TaskInstance: inout_data_ingestion.ingest_dummy_data scheduled__2024-10-04T03:30:00+00:00 [running]> on host ff9d64b065e6
[2025-03-30T11:18:11.073+0000] {taskinstance.py:2510} INFO - Exporting env vars: AIRFLOW_CTX_DAG_OWNER='***' AIRFLOW_CTX_DAG_ID='inout_data_ingestion' AIRFLOW_CTX_TASK_ID='ingest_dummy_data' AIRFLOW_CTX_EXECUTION_DATE='2024-10-04T03:30:00+00:00' AIRFLOW_CTX_TRY_NUMBER='1' AIRFLOW_CTX_DAG_RUN_ID='scheduled__2024-10-04T03:30:00+00:00'
[2025-03-30T11:18:11.079+0000] {inout_data.py:42} INFO - Successfully connected to MariaDB: INOUT on mariadb:3306
[2025-03-30T11:18:11.081+0000] {inout_data.py:63} ERROR - Error executing query: (1062, "Duplicate entry '2025-03-30 11:18:11-5033' for key 'PRIMARY'")
[2025-03-30T11:18:11.083+0000] {inout_data.py:63} ERROR - Error executing query: (1062, "Duplicate entry '2025-03-30 11:18:11-5033' for key 'PRIMARY'")
[2025-03-30T11:18:11.085+0000] {inout_data.py:63} ERROR - Error executing query: (1062, "Duplicate entry '2025-03-30 11:18:11-5033' for key 'PRIMARY'")
[2025-03-30T11:18:11.088+0000] {inout_data.py:63} ERROR - Error executing query: (1062, "Duplicate entry '2025-03-30 11:18:11-5033' for key 'PRIMARY'")
[2025-03-30T11:18:11.090+0000] {inout_data.py:63} ERROR - Error executing query: (1062, "Duplicate entry '2025-03-30 11:18:11-5033' for key 'PRIMARY'")
[2025-03-30T11:18:11.091+0000] {inout_data.py:63} ERROR - Error executing query: (1062, "Duplicate entry '2025-03-30 11:18:11-5033' for key 'PRIMARY'")
[2025-03-30T11:18:11.095+0000] {inout_data.py:63} ERROR - Error executing query: (1062, "Duplicate entry '2025-03-30 11:18:11-5033' for key 'PRIMARY'")
[2025-03-30T11:18:11.096+0000] {inout_data.py:152} INFO - Ingested 8 rows of dummy data.
[2025-03-30T11:18:11.096+0000] {inout_data.py:78} INFO - MariaDB connection closed.
[2025-03-30T11:18:11.097+0000] {python.py:202} INFO - Done. Returned value was: None
[2025-03-30T11:18:11.113+0000] {taskinstance.py:1149} INFO - Marking task as SUCCESS. dag_id=inout_data_ingestion, task_id=ingest_dummy_data, execution_date=20241004T033000, start_date=20250330T111810, end_date=20250330T111811
[2025-03-30T11:18:11.171+0000] {local_task_job_runner.py:234} INFO - Task exited with return code 0
[2025-03-30T11:18:11.192+0000] {taskinstance.py:3309} INFO - 0 downstream tasks scheduled from follow-on schedule check
[2025-03-30T11:30:29.417+0000] {taskinstance.py:1979} INFO - Dependencies all met for dep_context=non-requeueable deps ti=<TaskInstance: inout_data_ingestion.ingest_dummy_data scheduled__2024-10-04T03:30:00+00:00 [queued]>
[2025-03-30T11:30:29.424+0000] {taskinstance.py:1979} INFO - Dependencies all met for dep_context=requeueable deps ti=<TaskInstance: inout_data_ingestion.ingest_dummy_data scheduled__2024-10-04T03:30:00+00:00 [queued]>
[2025-03-30T11:30:29.424+0000] {taskinstance.py:2193} INFO - Starting attempt 1 of 2
[2025-03-30T11:30:29.433+0000] {taskinstance.py:2214} INFO - Executing <Task(PythonOperator): ingest_dummy_data> on 2024-10-04 03:30:00+00:00
[2025-03-30T11:30:29.438+0000] {standard_task_runner.py:60} INFO - Started process 4867 to run task
[2025-03-30T11:30:29.441+0000] {standard_task_runner.py:87} INFO - Running: ['***', 'tasks', 'run', 'inout_data_ingestion', 'ingest_dummy_data', 'scheduled__2024-10-04T03:30:00+00:00', '--job-id', '2409', '--raw', '--subdir', 'DAGS_FOLDER/inout_data.py', '--cfg-path', '/tmp/tmp_v5d_ldn']
[2025-03-30T11:30:29.442+0000] {standard_task_runner.py:88} INFO - Job 2409: Subtask ingest_dummy_data
[2025-03-30T11:30:29.450+0000] {warnings.py:109} WARNING - /home/***/.local/lib/python3.8/site-packages/***/settings.py:194: DeprecationWarning: The sql_alchemy_conn option in [core] has been moved to the sql_alchemy_conn option in [database] - the old setting has been used, but please update your config.
  SQL_ALCHEMY_CONN = conf.get("database", "SQL_ALCHEMY_CONN")

[2025-03-30T11:30:29.478+0000] {task_command.py:423} INFO - Running <TaskInstance: inout_data_ingestion.ingest_dummy_data scheduled__2024-10-04T03:30:00+00:00 [running]> on host ff9d64b065e6
[2025-03-30T11:30:29.515+0000] {taskinstance.py:2510} INFO - Exporting env vars: AIRFLOW_CTX_DAG_OWNER='***' AIRFLOW_CTX_DAG_ID='inout_data_ingestion' AIRFLOW_CTX_TASK_ID='ingest_dummy_data' AIRFLOW_CTX_EXECUTION_DATE='2024-10-04T03:30:00+00:00' AIRFLOW_CTX_TRY_NUMBER='1' AIRFLOW_CTX_DAG_RUN_ID='scheduled__2024-10-04T03:30:00+00:00'
[2025-03-30T11:30:29.517+0000] {logging_mixin.py:188} INFO - Successfully connected to MariaDB: INOUT on mariadb:3306
[2025-03-30T11:30:29.517+0000] {logging_mixin.py:188} INFO - General error executing query: not all arguments converted during string formatting
[2025-03-30T11:30:29.517+0000] {logging_mixin.py:188} INFO - General error executing query: not all arguments converted during string formatting
[2025-03-30T11:30:29.517+0000] {logging_mixin.py:188} INFO - General error executing query: not all arguments converted during string formatting
[2025-03-30T11:30:29.518+0000] {logging_mixin.py:188} INFO - General error executing query: not all arguments converted during string formatting
[2025-03-30T11:30:29.518+0000] {logging_mixin.py:188} INFO - General error executing query: not all arguments converted during string formatting
[2025-03-30T11:30:29.518+0000] {logging_mixin.py:188} INFO - General error executing query: not all arguments converted during string formatting
[2025-03-30T11:30:29.518+0000] {logging_mixin.py:188} INFO - General error executing query: not all arguments converted during string formatting
[2025-03-30T11:30:29.518+0000] {logging_mixin.py:188} INFO - General error executing query: not all arguments converted during string formatting
[2025-03-30T11:30:29.519+0000] {logging_mixin.py:188} INFO - General error executing query: not all arguments converted during string formatting
[2025-03-30T11:30:29.519+0000] {logging_mixin.py:188} INFO - General error executing query: not all arguments converted during string formatting
[2025-03-30T11:30:29.519+0000] {logging_mixin.py:188} INFO - General error executing query: not all arguments converted during string formatting
[2025-03-30T11:30:29.519+0000] {logging_mixin.py:188} INFO - General error executing query: not all arguments converted during string formatting
[2025-03-30T11:30:29.519+0000] {inout_data.py:87} INFO - Ingested 12 rows of dummy data for 2024-10-04 03:30:00+00:00.
[2025-03-30T11:30:29.519+0000] {logging_mixin.py:188} INFO - MariaDB connection closed.
[2025-03-30T11:30:29.519+0000] {python.py:202} INFO - Done. Returned value was: None
[2025-03-30T11:30:29.523+0000] {taskinstance.py:1149} INFO - Marking task as SUCCESS. dag_id=inout_data_ingestion, task_id=ingest_dummy_data, execution_date=20241004T033000, start_date=20250330T113029, end_date=20250330T113029
[2025-03-30T11:30:29.537+0000] {local_task_job_runner.py:234} INFO - Task exited with return code 0
[2025-03-30T11:30:29.546+0000] {taskinstance.py:3309} INFO - 0 downstream tasks scheduled from follow-on schedule check
