[2025-03-30T11:08:51.910+0000] {taskinstance.py:1979} INFO - Dependencies all met for dep_context=non-requeueable deps ti=<TaskInstance: inout_data_ingestion.create_table scheduled__2024-09-29T07:00:00+00:00 [queued]>
[2025-03-30T11:08:51.920+0000] {taskinstance.py:1979} INFO - Dependencies all met for dep_context=requeueable deps ti=<TaskInstance: inout_data_ingestion.create_table scheduled__2024-09-29T07:00:00+00:00 [queued]>
[2025-03-30T11:08:51.921+0000] {taskinstance.py:2193} INFO - Starting attempt 1 of 2
[2025-03-30T11:08:51.936+0000] {taskinstance.py:2214} INFO - Executing <Task(PythonOperator): create_table> on 2024-09-29 07:00:00+00:00
[2025-03-30T11:08:51.940+0000] {standard_task_runner.py:60} INFO - Started process 156 to run task
[2025-03-30T11:08:51.944+0000] {standard_task_runner.py:87} INFO - Running: ['***', 'tasks', 'run', 'inout_data_ingestion', 'create_table', 'scheduled__2024-09-29T07:00:00+00:00', '--job-id', '52', '--raw', '--subdir', 'DAGS_FOLDER/inout_data.py', '--cfg-path', '/tmp/tmppqfk9a__']
[2025-03-30T11:08:51.945+0000] {standard_task_runner.py:88} INFO - Job 52: Subtask create_table
[2025-03-30T11:08:51.964+0000] {warnings.py:109} WARNING - /home/***/.local/lib/python3.8/site-packages/***/settings.py:194: DeprecationWarning: The sql_alchemy_conn option in [core] has been moved to the sql_alchemy_conn option in [database] - the old setting has been used, but please update your config.
  SQL_ALCHEMY_CONN = conf.get("database", "SQL_ALCHEMY_CONN")

[2025-03-30T11:08:52.007+0000] {task_command.py:423} INFO - Running <TaskInstance: inout_data_ingestion.create_table scheduled__2024-09-29T07:00:00+00:00 [running]> on host ff9d64b065e6
[2025-03-30T11:08:52.086+0000] {taskinstance.py:2510} INFO - Exporting env vars: AIRFLOW_CTX_DAG_OWNER='***' AIRFLOW_CTX_DAG_ID='inout_data_ingestion' AIRFLOW_CTX_TASK_ID='create_table' AIRFLOW_CTX_EXECUTION_DATE='2024-09-29T07:00:00+00:00' AIRFLOW_CTX_TRY_NUMBER='1' AIRFLOW_CTX_DAG_RUN_ID='scheduled__2024-09-29T07:00:00+00:00'
[2025-03-30T11:08:52.091+0000] {inout_data.py:42} INFO - Successfully connected to MariaDB: INOUT on mariadb:3306
[2025-03-30T11:08:52.093+0000] {inout_data.py:124} INFO - Table emp_inout_rec created (if it didn't exist).
[2025-03-30T11:08:52.093+0000] {inout_data.py:78} INFO - MariaDB connection closed.
[2025-03-30T11:08:52.094+0000] {python.py:202} INFO - Done. Returned value was: None
[2025-03-30T11:08:52.109+0000] {taskinstance.py:1149} INFO - Marking task as SUCCESS. dag_id=inout_data_ingestion, task_id=create_table, execution_date=20240929T070000, start_date=20250330T110851, end_date=20250330T110852
[2025-03-30T11:08:52.166+0000] {local_task_job_runner.py:234} INFO - Task exited with return code 0
[2025-03-30T11:08:52.213+0000] {taskinstance.py:3309} INFO - 1 downstream tasks scheduled from follow-on schedule check
[2025-03-30T11:15:32.140+0000] {taskinstance.py:1979} INFO - Dependencies all met for dep_context=non-requeueable deps ti=<TaskInstance: inout_data_ingestion.create_table scheduled__2024-09-29T07:00:00+00:00 [queued]>
[2025-03-30T11:15:32.161+0000] {taskinstance.py:1979} INFO - Dependencies all met for dep_context=requeueable deps ti=<TaskInstance: inout_data_ingestion.create_table scheduled__2024-09-29T07:00:00+00:00 [queued]>
[2025-03-30T11:15:32.163+0000] {taskinstance.py:2193} INFO - Starting attempt 1 of 2
[2025-03-30T11:15:32.181+0000] {taskinstance.py:2214} INFO - Executing <Task(PythonOperator): create_table> on 2024-09-29 07:00:00+00:00
[2025-03-30T11:15:32.188+0000] {standard_task_runner.py:60} INFO - Started process 2002 to run task
[2025-03-30T11:15:32.192+0000] {standard_task_runner.py:87} INFO - Running: ['***', 'tasks', 'run', 'inout_data_ingestion', 'create_table', 'scheduled__2024-09-29T07:00:00+00:00', '--job-id', '975', '--raw', '--subdir', 'DAGS_FOLDER/inout_data.py', '--cfg-path', '/tmp/tmpkso4ct2s']
[2025-03-30T11:15:32.194+0000] {standard_task_runner.py:88} INFO - Job 975: Subtask create_table
[2025-03-30T11:15:32.209+0000] {warnings.py:109} WARNING - /home/***/.local/lib/python3.8/site-packages/***/settings.py:194: DeprecationWarning: The sql_alchemy_conn option in [core] has been moved to the sql_alchemy_conn option in [database] - the old setting has been used, but please update your config.
  SQL_ALCHEMY_CONN = conf.get("database", "SQL_ALCHEMY_CONN")

[2025-03-30T11:15:32.248+0000] {task_command.py:423} INFO - Running <TaskInstance: inout_data_ingestion.create_table scheduled__2024-09-29T07:00:00+00:00 [running]> on host ff9d64b065e6
[2025-03-30T11:15:32.346+0000] {taskinstance.py:2510} INFO - Exporting env vars: AIRFLOW_CTX_DAG_OWNER='***' AIRFLOW_CTX_DAG_ID='inout_data_ingestion' AIRFLOW_CTX_TASK_ID='create_table' AIRFLOW_CTX_EXECUTION_DATE='2024-09-29T07:00:00+00:00' AIRFLOW_CTX_TRY_NUMBER='1' AIRFLOW_CTX_DAG_RUN_ID='scheduled__2024-09-29T07:00:00+00:00'
[2025-03-30T11:15:32.351+0000] {inout_data.py:42} INFO - Successfully connected to MariaDB: INOUT on mariadb:3306
[2025-03-30T11:15:32.352+0000] {inout_data.py:117} INFO - Table emp_inout_rec created (if it didn't exist).
[2025-03-30T11:15:32.352+0000] {inout_data.py:78} INFO - MariaDB connection closed.
[2025-03-30T11:15:32.352+0000] {python.py:202} INFO - Done. Returned value was: None
[2025-03-30T11:15:32.362+0000] {taskinstance.py:1149} INFO - Marking task as SUCCESS. dag_id=inout_data_ingestion, task_id=create_table, execution_date=20240929T070000, start_date=20250330T111532, end_date=20250330T111532
[2025-03-30T11:15:32.417+0000] {local_task_job_runner.py:234} INFO - Task exited with return code 0
[2025-03-30T11:15:32.477+0000] {taskinstance.py:3309} INFO - 1 downstream tasks scheduled from follow-on schedule check
[2025-03-30T11:22:23.850+0000] {taskinstance.py:1979} INFO - Dependencies all met for dep_context=non-requeueable deps ti=<TaskInstance: inout_data_ingestion.create_table scheduled__2024-09-29T07:00:00+00:00 [queued]>
[2025-03-30T11:22:23.909+0000] {taskinstance.py:1979} INFO - Dependencies all met for dep_context=requeueable deps ti=<TaskInstance: inout_data_ingestion.create_table scheduled__2024-09-29T07:00:00+00:00 [queued]>
[2025-03-30T11:22:23.917+0000] {taskinstance.py:2193} INFO - Starting attempt 1 of 2
[2025-03-30T11:22:23.994+0000] {taskinstance.py:2214} INFO - Executing <Task(PythonOperator): create_table> on 2024-09-29 07:00:00+00:00
[2025-03-30T11:22:24.005+0000] {standard_task_runner.py:60} INFO - Started process 3856 to run task
[2025-03-30T11:22:24.030+0000] {standard_task_runner.py:87} INFO - Running: ['***', 'tasks', 'run', 'inout_data_ingestion', 'create_table', 'scheduled__2024-09-29T07:00:00+00:00', '--job-id', '1902', '--raw', '--subdir', 'DAGS_FOLDER/inout_data.py', '--cfg-path', '/tmp/tmp2l_0o_oa']
[2025-03-30T11:22:24.044+0000] {standard_task_runner.py:88} INFO - Job 1902: Subtask create_table
[2025-03-30T11:22:24.075+0000] {warnings.py:109} WARNING - /home/***/.local/lib/python3.8/site-packages/***/settings.py:194: DeprecationWarning: The sql_alchemy_conn option in [core] has been moved to the sql_alchemy_conn option in [database] - the old setting has been used, but please update your config.
  SQL_ALCHEMY_CONN = conf.get("database", "SQL_ALCHEMY_CONN")

[2025-03-30T11:22:24.165+0000] {task_command.py:423} INFO - Running <TaskInstance: inout_data_ingestion.create_table scheduled__2024-09-29T07:00:00+00:00 [running]> on host ff9d64b065e6
[2025-03-30T11:22:24.316+0000] {taskinstance.py:2510} INFO - Exporting env vars: AIRFLOW_CTX_DAG_OWNER='***' AIRFLOW_CTX_DAG_ID='inout_data_ingestion' AIRFLOW_CTX_TASK_ID='create_table' AIRFLOW_CTX_EXECUTION_DATE='2024-09-29T07:00:00+00:00' AIRFLOW_CTX_TRY_NUMBER='1' AIRFLOW_CTX_DAG_RUN_ID='scheduled__2024-09-29T07:00:00+00:00'
[2025-03-30T11:22:24.332+0000] {inout_data.py:42} INFO - Successfully connected to MariaDB: INOUT on mariadb:3306
[2025-03-30T11:22:24.334+0000] {inout_data.py:117} INFO - Table emp_inout_rec created (if it didn't exist).
[2025-03-30T11:22:24.335+0000] {inout_data.py:78} INFO - MariaDB connection closed.
[2025-03-30T11:22:24.336+0000] {python.py:202} INFO - Done. Returned value was: None
[2025-03-30T11:22:24.363+0000] {taskinstance.py:1149} INFO - Marking task as SUCCESS. dag_id=inout_data_ingestion, task_id=create_table, execution_date=20240929T070000, start_date=20250330T112223, end_date=20250330T112224
[2025-03-30T11:22:24.423+0000] {local_task_job_runner.py:234} INFO - Task exited with return code 0
[2025-03-30T11:22:24.688+0000] {taskinstance.py:3309} INFO - 1 downstream tasks scheduled from follow-on schedule check
[2025-03-30T11:28:05.375+0000] {taskinstance.py:1979} INFO - Dependencies all met for dep_context=non-requeueable deps ti=<TaskInstance: inout_data_ingestion.create_table scheduled__2024-09-29T07:00:00+00:00 [queued]>
[2025-03-30T11:28:05.384+0000] {taskinstance.py:1979} INFO - Dependencies all met for dep_context=requeueable deps ti=<TaskInstance: inout_data_ingestion.create_table scheduled__2024-09-29T07:00:00+00:00 [queued]>
[2025-03-30T11:28:05.385+0000] {taskinstance.py:2193} INFO - Starting attempt 1 of 2
[2025-03-30T11:28:05.397+0000] {taskinstance.py:2214} INFO - Executing <Task(PythonOperator): create_table> on 2024-09-29 07:00:00+00:00
[2025-03-30T11:28:05.402+0000] {standard_task_runner.py:60} INFO - Started process 3923 to run task
[2025-03-30T11:28:05.407+0000] {standard_task_runner.py:87} INFO - Running: ['***', 'tasks', 'run', 'inout_data_ingestion', 'create_table', 'scheduled__2024-09-29T07:00:00+00:00', '--job-id', '1936', '--raw', '--subdir', 'DAGS_FOLDER/inout_data.py', '--cfg-path', '/tmp/tmpz6if8i61']
[2025-03-30T11:28:05.408+0000] {standard_task_runner.py:88} INFO - Job 1936: Subtask create_table
[2025-03-30T11:28:05.423+0000] {warnings.py:109} WARNING - /home/***/.local/lib/python3.8/site-packages/***/settings.py:194: DeprecationWarning: The sql_alchemy_conn option in [core] has been moved to the sql_alchemy_conn option in [database] - the old setting has been used, but please update your config.
  SQL_ALCHEMY_CONN = conf.get("database", "SQL_ALCHEMY_CONN")

[2025-03-30T11:28:05.465+0000] {task_command.py:423} INFO - Running <TaskInstance: inout_data_ingestion.create_table scheduled__2024-09-29T07:00:00+00:00 [running]> on host ff9d64b065e6
[2025-03-30T11:28:05.583+0000] {taskinstance.py:2510} INFO - Exporting env vars: AIRFLOW_CTX_DAG_OWNER='***' AIRFLOW_CTX_DAG_ID='inout_data_ingestion' AIRFLOW_CTX_TASK_ID='create_table' AIRFLOW_CTX_EXECUTION_DATE='2024-09-29T07:00:00+00:00' AIRFLOW_CTX_TRY_NUMBER='1' AIRFLOW_CTX_DAG_RUN_ID='scheduled__2024-09-29T07:00:00+00:00'
[2025-03-30T11:28:05.593+0000] {logging_mixin.py:188} INFO - Successfully connected to MariaDB: INOUT on mariadb:3306
[2025-03-30T11:28:05.596+0000] {inout_data.py:46} INFO - Table emp_inout_rec created (if it didn't exist).
[2025-03-30T11:28:05.597+0000] {logging_mixin.py:188} INFO - MariaDB connection closed.
[2025-03-30T11:28:05.598+0000] {python.py:202} INFO - Done. Returned value was: None
[2025-03-30T11:28:05.614+0000] {taskinstance.py:1149} INFO - Marking task as SUCCESS. dag_id=inout_data_ingestion, task_id=create_table, execution_date=20240929T070000, start_date=20250330T112805, end_date=20250330T112805
[2025-03-30T11:28:05.672+0000] {local_task_job_runner.py:234} INFO - Task exited with return code 0
[2025-03-30T11:28:05.707+0000] {taskinstance.py:3309} INFO - 1 downstream tasks scheduled from follow-on schedule check
[2025-03-30T11:32:46.810+0000] {taskinstance.py:1979} INFO - Dependencies all met for dep_context=non-requeueable deps ti=<TaskInstance: inout_data_ingestion.create_table scheduled__2024-09-29T07:00:00+00:00 [queued]>
[2025-03-30T11:32:46.845+0000] {taskinstance.py:1979} INFO - Dependencies all met for dep_context=requeueable deps ti=<TaskInstance: inout_data_ingestion.create_table scheduled__2024-09-29T07:00:00+00:00 [queued]>
[2025-03-30T11:32:46.846+0000] {taskinstance.py:2193} INFO - Starting attempt 1 of 2
[2025-03-30T11:32:46.880+0000] {taskinstance.py:2214} INFO - Executing <Task(PythonOperator): create_table> on 2024-09-29 07:00:00+00:00
[2025-03-30T11:32:46.893+0000] {standard_task_runner.py:60} INFO - Started process 5380 to run task
[2025-03-30T11:32:46.900+0000] {standard_task_runner.py:87} INFO - Running: ['***', 'tasks', 'run', 'inout_data_ingestion', 'create_table', 'scheduled__2024-09-29T07:00:00+00:00', '--job-id', '2663', '--raw', '--subdir', 'DAGS_FOLDER/inout_data.py', '--cfg-path', '/tmp/tmp28swiuv3']
[2025-03-30T11:32:46.904+0000] {standard_task_runner.py:88} INFO - Job 2663: Subtask create_table
[2025-03-30T11:32:46.960+0000] {warnings.py:109} WARNING - /home/***/.local/lib/python3.8/site-packages/***/settings.py:194: DeprecationWarning: The sql_alchemy_conn option in [core] has been moved to the sql_alchemy_conn option in [database] - the old setting has been used, but please update your config.
  SQL_ALCHEMY_CONN = conf.get("database", "SQL_ALCHEMY_CONN")

[2025-03-30T11:32:47.100+0000] {task_command.py:423} INFO - Running <TaskInstance: inout_data_ingestion.create_table scheduled__2024-09-29T07:00:00+00:00 [running]> on host ff9d64b065e6
[2025-03-30T11:32:47.251+0000] {taskinstance.py:2510} INFO - Exporting env vars: AIRFLOW_CTX_DAG_OWNER='***' AIRFLOW_CTX_DAG_ID='inout_data_ingestion' AIRFLOW_CTX_TASK_ID='create_table' AIRFLOW_CTX_EXECUTION_DATE='2024-09-29T07:00:00+00:00' AIRFLOW_CTX_TRY_NUMBER='1' AIRFLOW_CTX_DAG_RUN_ID='scheduled__2024-09-29T07:00:00+00:00'
[2025-03-30T11:32:47.261+0000] {logging_mixin.py:188} INFO - Successfully connected to MariaDB: INOUT on mariadb:3306
[2025-03-30T11:32:47.264+0000] {inout_data.py:46} INFO - Table emp_inout_rec created (if it didn't exist).
[2025-03-30T11:32:47.265+0000] {logging_mixin.py:188} INFO - MariaDB connection closed.
[2025-03-30T11:32:47.266+0000] {python.py:202} INFO - Done. Returned value was: None
[2025-03-30T11:32:47.283+0000] {taskinstance.py:1149} INFO - Marking task as SUCCESS. dag_id=inout_data_ingestion, task_id=create_table, execution_date=20240929T070000, start_date=20250330T113246, end_date=20250330T113247
[2025-03-30T11:32:47.328+0000] {local_task_job_runner.py:234} INFO - Task exited with return code 0
[2025-03-30T11:32:47.458+0000] {taskinstance.py:3309} INFO - 1 downstream tasks scheduled from follow-on schedule check
[2025-03-30T11:35:56.814+0000] {taskinstance.py:1979} INFO - Dependencies all met for dep_context=non-requeueable deps ti=<TaskInstance: inout_data_ingestion.create_table scheduled__2024-09-29T07:00:00+00:00 [queued]>
[2025-03-30T11:35:56.826+0000] {taskinstance.py:1979} INFO - Dependencies all met for dep_context=requeueable deps ti=<TaskInstance: inout_data_ingestion.create_table scheduled__2024-09-29T07:00:00+00:00 [queued]>
[2025-03-30T11:35:56.828+0000] {taskinstance.py:2193} INFO - Starting attempt 1 of 2
[2025-03-30T11:35:56.852+0000] {taskinstance.py:2214} INFO - Executing <Task(PythonOperator): create_table> on 2024-09-29 07:00:00+00:00
[2025-03-30T11:35:56.861+0000] {standard_task_runner.py:60} INFO - Started process 6220 to run task
[2025-03-30T11:35:56.869+0000] {standard_task_runner.py:87} INFO - Running: ['***', 'tasks', 'run', 'inout_data_ingestion', 'create_table', 'scheduled__2024-09-29T07:00:00+00:00', '--job-id', '3085', '--raw', '--subdir', 'DAGS_FOLDER/inout_data.py', '--cfg-path', '/tmp/tmpl0nuhu67']
[2025-03-30T11:35:56.871+0000] {standard_task_runner.py:88} INFO - Job 3085: Subtask create_table
[2025-03-30T11:35:56.906+0000] {warnings.py:109} WARNING - /home/***/.local/lib/python3.8/site-packages/***/settings.py:194: DeprecationWarning: The sql_alchemy_conn option in [core] has been moved to the sql_alchemy_conn option in [database] - the old setting has been used, but please update your config.
  SQL_ALCHEMY_CONN = conf.get("database", "SQL_ALCHEMY_CONN")

[2025-03-30T11:35:56.972+0000] {task_command.py:423} INFO - Running <TaskInstance: inout_data_ingestion.create_table scheduled__2024-09-29T07:00:00+00:00 [running]> on host ff9d64b065e6
[2025-03-30T11:35:57.071+0000] {taskinstance.py:2510} INFO - Exporting env vars: AIRFLOW_CTX_DAG_OWNER='***' AIRFLOW_CTX_DAG_ID='inout_data_ingestion' AIRFLOW_CTX_TASK_ID='create_table' AIRFLOW_CTX_EXECUTION_DATE='2024-09-29T07:00:00+00:00' AIRFLOW_CTX_TRY_NUMBER='1' AIRFLOW_CTX_DAG_RUN_ID='scheduled__2024-09-29T07:00:00+00:00'
[2025-03-30T11:35:57.079+0000] {logging_mixin.py:188} INFO - Successfully connected to MariaDB: INOUT on mariadb:3306
[2025-03-30T11:35:57.080+0000] {inout_data.py:46} INFO - Table emp_inout_rec created (if it didn't exist).
[2025-03-30T11:35:57.081+0000] {logging_mixin.py:188} INFO - MariaDB connection closed.
[2025-03-30T11:35:57.081+0000] {python.py:202} INFO - Done. Returned value was: None
[2025-03-30T11:35:57.096+0000] {taskinstance.py:1149} INFO - Marking task as SUCCESS. dag_id=inout_data_ingestion, task_id=create_table, execution_date=20240929T070000, start_date=20250330T113556, end_date=20250330T113557
[2025-03-30T11:35:57.142+0000] {local_task_job_runner.py:234} INFO - Task exited with return code 0
[2025-03-30T11:35:57.211+0000] {taskinstance.py:3309} INFO - 1 downstream tasks scheduled from follow-on schedule check
[2025-03-30T11:38:12.295+0000] {taskinstance.py:1979} INFO - Dependencies all met for dep_context=non-requeueable deps ti=<TaskInstance: inout_data_ingestion.create_table scheduled__2024-09-29T07:00:00+00:00 [queued]>
[2025-03-30T11:38:12.322+0000] {taskinstance.py:1979} INFO - Dependencies all met for dep_context=requeueable deps ti=<TaskInstance: inout_data_ingestion.create_table scheduled__2024-09-29T07:00:00+00:00 [queued]>
[2025-03-30T11:38:12.323+0000] {taskinstance.py:2193} INFO - Starting attempt 1 of 2
[2025-03-30T11:38:12.351+0000] {taskinstance.py:2214} INFO - Executing <Task(PythonOperator): create_table> on 2024-09-29 07:00:00+00:00
[2025-03-30T11:38:12.354+0000] {standard_task_runner.py:60} INFO - Started process 6283 to run task
[2025-03-30T11:38:12.359+0000] {standard_task_runner.py:87} INFO - Running: ['***', 'tasks', 'run', 'inout_data_ingestion', 'create_table', 'scheduled__2024-09-29T07:00:00+00:00', '--job-id', '3116', '--raw', '--subdir', 'DAGS_FOLDER/inout_data.py', '--cfg-path', '/tmp/tmpuc0o7oa8']
[2025-03-30T11:38:12.367+0000] {standard_task_runner.py:88} INFO - Job 3116: Subtask create_table
[2025-03-30T11:38:12.384+0000] {warnings.py:109} WARNING - /home/***/.local/lib/python3.8/site-packages/***/settings.py:194: DeprecationWarning: The sql_alchemy_conn option in [core] has been moved to the sql_alchemy_conn option in [database] - the old setting has been used, but please update your config.
  SQL_ALCHEMY_CONN = conf.get("database", "SQL_ALCHEMY_CONN")

[2025-03-30T11:38:12.463+0000] {task_command.py:423} INFO - Running <TaskInstance: inout_data_ingestion.create_table scheduled__2024-09-29T07:00:00+00:00 [running]> on host ff9d64b065e6
[2025-03-30T11:38:12.607+0000] {taskinstance.py:2510} INFO - Exporting env vars: AIRFLOW_CTX_DAG_OWNER='***' AIRFLOW_CTX_DAG_ID='inout_data_ingestion' AIRFLOW_CTX_TASK_ID='create_table' AIRFLOW_CTX_EXECUTION_DATE='2024-09-29T07:00:00+00:00' AIRFLOW_CTX_TRY_NUMBER='1' AIRFLOW_CTX_DAG_RUN_ID='scheduled__2024-09-29T07:00:00+00:00'
[2025-03-30T11:38:12.622+0000] {logging_mixin.py:188} INFO - Successfully connected to MariaDB: INOUT on mariadb:3306
[2025-03-30T11:38:12.624+0000] {inout_data.py:46} INFO - Table emp_inout_rec created (if it didn't exist).
[2025-03-30T11:38:12.627+0000] {logging_mixin.py:188} INFO - MariaDB connection closed.
[2025-03-30T11:38:12.628+0000] {python.py:202} INFO - Done. Returned value was: None
[2025-03-30T11:38:12.648+0000] {taskinstance.py:1149} INFO - Marking task as SUCCESS. dag_id=inout_data_ingestion, task_id=create_table, execution_date=20240929T070000, start_date=20250330T113812, end_date=20250330T113812
[2025-03-30T11:38:12.705+0000] {local_task_job_runner.py:234} INFO - Task exited with return code 0
[2025-03-30T11:38:12.758+0000] {taskinstance.py:3309} INFO - 1 downstream tasks scheduled from follow-on schedule check
[2025-03-30T11:40:20.008+0000] {taskinstance.py:1979} INFO - Dependencies all met for dep_context=non-requeueable deps ti=<TaskInstance: inout_data_ingestion.create_table scheduled__2024-09-29T07:00:00+00:00 [queued]>
[2025-03-30T11:40:20.029+0000] {taskinstance.py:1979} INFO - Dependencies all met for dep_context=requeueable deps ti=<TaskInstance: inout_data_ingestion.create_table scheduled__2024-09-29T07:00:00+00:00 [queued]>
[2025-03-30T11:40:20.031+0000] {taskinstance.py:2193} INFO - Starting attempt 1 of 2
[2025-03-30T11:40:20.069+0000] {taskinstance.py:2214} INFO - Executing <Task(PythonOperator): create_table> on 2024-09-29 07:00:00+00:00
[2025-03-30T11:40:20.078+0000] {standard_task_runner.py:60} INFO - Started process 6720 to run task
[2025-03-30T11:40:20.093+0000] {standard_task_runner.py:87} INFO - Running: ['***', 'tasks', 'run', 'inout_data_ingestion', 'create_table', 'scheduled__2024-09-29T07:00:00+00:00', '--job-id', '3335', '--raw', '--subdir', 'DAGS_FOLDER/inout_data.py', '--cfg-path', '/tmp/tmp41xpljgs']
[2025-03-30T11:40:20.095+0000] {standard_task_runner.py:88} INFO - Job 3335: Subtask create_table
[2025-03-30T11:40:20.140+0000] {warnings.py:109} WARNING - /home/***/.local/lib/python3.8/site-packages/***/settings.py:194: DeprecationWarning: The sql_alchemy_conn option in [core] has been moved to the sql_alchemy_conn option in [database] - the old setting has been used, but please update your config.
  SQL_ALCHEMY_CONN = conf.get("database", "SQL_ALCHEMY_CONN")

[2025-03-30T11:40:20.290+0000] {task_command.py:423} INFO - Running <TaskInstance: inout_data_ingestion.create_table scheduled__2024-09-29T07:00:00+00:00 [running]> on host ff9d64b065e6
[2025-03-30T11:40:20.473+0000] {taskinstance.py:2510} INFO - Exporting env vars: AIRFLOW_CTX_DAG_OWNER='***' AIRFLOW_CTX_DAG_ID='inout_data_ingestion' AIRFLOW_CTX_TASK_ID='create_table' AIRFLOW_CTX_EXECUTION_DATE='2024-09-29T07:00:00+00:00' AIRFLOW_CTX_TRY_NUMBER='1' AIRFLOW_CTX_DAG_RUN_ID='scheduled__2024-09-29T07:00:00+00:00'
[2025-03-30T11:40:20.480+0000] {logging_mixin.py:188} INFO - Successfully connected to MariaDB: INOUT on mariadb:3306
[2025-03-30T11:40:20.485+0000] {inout_data.py:46} INFO - Table emp_inout_rec created (if it didn't exist).
[2025-03-30T11:40:20.487+0000] {logging_mixin.py:188} INFO - MariaDB connection closed.
[2025-03-30T11:40:20.489+0000] {python.py:202} INFO - Done. Returned value was: None
[2025-03-30T11:40:20.515+0000] {taskinstance.py:1149} INFO - Marking task as SUCCESS. dag_id=inout_data_ingestion, task_id=create_table, execution_date=20240929T070000, start_date=20250330T114020, end_date=20250330T114020
[2025-03-30T11:40:20.613+0000] {local_task_job_runner.py:234} INFO - Task exited with return code 0
[2025-03-30T11:40:20.702+0000] {taskinstance.py:3309} INFO - 1 downstream tasks scheduled from follow-on schedule check
