[2025-03-30T11:11:42.780+0000] {taskinstance.py:1979} INFO - Dependencies all met for dep_context=non-requeueable deps ti=<TaskInstance: inout_data_ingestion.ingest_dummy_data scheduled__2024-10-04T06:30:00+00:00 [queued]>
[2025-03-30T11:11:42.813+0000] {taskinstance.py:1979} INFO - Dependencies all met for dep_context=requeueable deps ti=<TaskInstance: inout_data_ingestion.ingest_dummy_data scheduled__2024-10-04T06:30:00+00:00 [queued]>
[2025-03-30T11:11:42.815+0000] {taskinstance.py:2193} INFO - Starting attempt 1 of 2
[2025-03-30T11:11:42.847+0000] {taskinstance.py:2214} INFO - Executing <Task(PythonOperator): ingest_dummy_data> on 2024-10-04 06:30:00+00:00
[2025-03-30T11:11:42.852+0000] {standard_task_runner.py:60} INFO - Started process 1126 to run task
[2025-03-30T11:11:42.860+0000] {standard_task_runner.py:87} INFO - Running: ['***', 'tasks', 'run', 'inout_data_ingestion', 'ingest_dummy_data', 'scheduled__2024-10-04T06:30:00+00:00', '--job-id', '536', '--raw', '--subdir', 'DAGS_FOLDER/inout_data.py', '--cfg-path', '/tmp/tmpq9e_kvui']
[2025-03-30T11:11:42.862+0000] {standard_task_runner.py:88} INFO - Job 536: Subtask ingest_dummy_data
[2025-03-30T11:11:42.893+0000] {warnings.py:109} WARNING - /home/***/.local/lib/python3.8/site-packages/***/settings.py:194: DeprecationWarning: The sql_alchemy_conn option in [core] has been moved to the sql_alchemy_conn option in [database] - the old setting has been used, but please update your config.
  SQL_ALCHEMY_CONN = conf.get("database", "SQL_ALCHEMY_CONN")

[2025-03-30T11:11:42.971+0000] {task_command.py:423} INFO - Running <TaskInstance: inout_data_ingestion.ingest_dummy_data scheduled__2024-10-04T06:30:00+00:00 [running]> on host ff9d64b065e6
[2025-03-30T11:11:43.185+0000] {taskinstance.py:2510} INFO - Exporting env vars: AIRFLOW_CTX_DAG_OWNER='***' AIRFLOW_CTX_DAG_ID='inout_data_ingestion' AIRFLOW_CTX_TASK_ID='ingest_dummy_data' AIRFLOW_CTX_EXECUTION_DATE='2024-10-04T06:30:00+00:00' AIRFLOW_CTX_TRY_NUMBER='1' AIRFLOW_CTX_DAG_RUN_ID='scheduled__2024-10-04T06:30:00+00:00'
[2025-03-30T11:11:43.203+0000] {inout_data.py:42} INFO - Successfully connected to MariaDB: INOUT on mariadb:3306
[2025-03-30T11:11:43.212+0000] {inout_data.py:63} ERROR - Error executing query: (1062, "Duplicate entry '2025-03-30 11:11:43-7067' for key 'PRIMARY'")
[2025-03-30T11:11:43.214+0000] {inout_data.py:63} ERROR - Error executing query: (1062, "Duplicate entry '2025-03-30 11:11:43-7067' for key 'PRIMARY'")
[2025-03-30T11:11:43.218+0000] {inout_data.py:63} ERROR - Error executing query: (1062, "Duplicate entry '2025-03-30 11:11:43-7067' for key 'PRIMARY'")
[2025-03-30T11:11:43.220+0000] {inout_data.py:63} ERROR - Error executing query: (1062, "Duplicate entry '2025-03-30 11:11:43-7067' for key 'PRIMARY'")
[2025-03-30T11:11:43.225+0000] {inout_data.py:63} ERROR - Error executing query: (1062, "Duplicate entry '2025-03-30 11:11:43-7067' for key 'PRIMARY'")
[2025-03-30T11:11:43.227+0000] {inout_data.py:63} ERROR - Error executing query: (1062, "Duplicate entry '2025-03-30 11:11:43-7067' for key 'PRIMARY'")
[2025-03-30T11:11:43.228+0000] {inout_data.py:63} ERROR - Error executing query: (1062, "Duplicate entry '2025-03-30 11:11:43-7067' for key 'PRIMARY'")
[2025-03-30T11:11:43.230+0000] {inout_data.py:63} ERROR - Error executing query: (1062, "Duplicate entry '2025-03-30 11:11:43-7067' for key 'PRIMARY'")
[2025-03-30T11:11:43.232+0000] {inout_data.py:159} INFO - Ingested 9 rows of dummy data.
[2025-03-30T11:11:43.234+0000] {inout_data.py:78} INFO - MariaDB connection closed.
[2025-03-30T11:11:43.234+0000] {python.py:202} INFO - Done. Returned value was: None
[2025-03-30T11:11:43.272+0000] {taskinstance.py:1149} INFO - Marking task as SUCCESS. dag_id=inout_data_ingestion, task_id=ingest_dummy_data, execution_date=20241004T063000, start_date=20250330T111142, end_date=20250330T111143
[2025-03-30T11:11:43.338+0000] {local_task_job_runner.py:234} INFO - Task exited with return code 0
[2025-03-30T11:11:43.403+0000] {taskinstance.py:3309} INFO - 0 downstream tasks scheduled from follow-on schedule check
[2025-03-30T11:18:15.588+0000] {taskinstance.py:1979} INFO - Dependencies all met for dep_context=non-requeueable deps ti=<TaskInstance: inout_data_ingestion.ingest_dummy_data scheduled__2024-10-04T06:30:00+00:00 [queued]>
[2025-03-30T11:18:15.634+0000] {taskinstance.py:1979} INFO - Dependencies all met for dep_context=requeueable deps ti=<TaskInstance: inout_data_ingestion.ingest_dummy_data scheduled__2024-10-04T06:30:00+00:00 [queued]>
[2025-03-30T11:18:15.636+0000] {taskinstance.py:2193} INFO - Starting attempt 1 of 2
[2025-03-30T11:18:15.679+0000] {taskinstance.py:2214} INFO - Executing <Task(PythonOperator): ingest_dummy_data> on 2024-10-04 06:30:00+00:00
[2025-03-30T11:18:15.695+0000] {standard_task_runner.py:60} INFO - Started process 2986 to run task
[2025-03-30T11:18:15.704+0000] {standard_task_runner.py:87} INFO - Running: ['***', 'tasks', 'run', 'inout_data_ingestion', 'ingest_dummy_data', 'scheduled__2024-10-04T06:30:00+00:00', '--job-id', '1467', '--raw', '--subdir', 'DAGS_FOLDER/inout_data.py', '--cfg-path', '/tmp/tmpg7h1tqcy']
[2025-03-30T11:18:15.711+0000] {standard_task_runner.py:88} INFO - Job 1467: Subtask ingest_dummy_data
[2025-03-30T11:18:15.793+0000] {warnings.py:109} WARNING - /home/***/.local/lib/python3.8/site-packages/***/settings.py:194: DeprecationWarning: The sql_alchemy_conn option in [core] has been moved to the sql_alchemy_conn option in [database] - the old setting has been used, but please update your config.
  SQL_ALCHEMY_CONN = conf.get("database", "SQL_ALCHEMY_CONN")

[2025-03-30T11:18:15.965+0000] {task_command.py:423} INFO - Running <TaskInstance: inout_data_ingestion.ingest_dummy_data scheduled__2024-10-04T06:30:00+00:00 [running]> on host ff9d64b065e6
[2025-03-30T11:18:16.212+0000] {taskinstance.py:2510} INFO - Exporting env vars: AIRFLOW_CTX_DAG_OWNER='***' AIRFLOW_CTX_DAG_ID='inout_data_ingestion' AIRFLOW_CTX_TASK_ID='ingest_dummy_data' AIRFLOW_CTX_EXECUTION_DATE='2024-10-04T06:30:00+00:00' AIRFLOW_CTX_TRY_NUMBER='1' AIRFLOW_CTX_DAG_RUN_ID='scheduled__2024-10-04T06:30:00+00:00'
[2025-03-30T11:18:16.254+0000] {inout_data.py:42} INFO - Successfully connected to MariaDB: INOUT on mariadb:3306
[2025-03-30T11:18:16.285+0000] {inout_data.py:63} ERROR - Error executing query: (1062, "Duplicate entry '2025-03-30 11:18:16-4195' for key 'PRIMARY'")
[2025-03-30T11:18:16.295+0000] {inout_data.py:63} ERROR - Error executing query: (1062, "Duplicate entry '2025-03-30 11:18:16-4195' for key 'PRIMARY'")
[2025-03-30T11:18:16.299+0000] {inout_data.py:63} ERROR - Error executing query: (1062, "Duplicate entry '2025-03-30 11:18:16-4195' for key 'PRIMARY'")
[2025-03-30T11:18:16.305+0000] {inout_data.py:63} ERROR - Error executing query: (1062, "Duplicate entry '2025-03-30 11:18:16-4195' for key 'PRIMARY'")
[2025-03-30T11:18:16.307+0000] {inout_data.py:63} ERROR - Error executing query: (1062, "Duplicate entry '2025-03-30 11:18:16-4195' for key 'PRIMARY'")
[2025-03-30T11:18:16.308+0000] {inout_data.py:63} ERROR - Error executing query: (1062, "Duplicate entry '2025-03-30 11:18:16-4195' for key 'PRIMARY'")
[2025-03-30T11:18:16.310+0000] {inout_data.py:63} ERROR - Error executing query: (1062, "Duplicate entry '2025-03-30 11:18:16-4195' for key 'PRIMARY'")
[2025-03-30T11:18:16.311+0000] {inout_data.py:63} ERROR - Error executing query: (1062, "Duplicate entry '2025-03-30 11:18:16-4195' for key 'PRIMARY'")
[2025-03-30T11:18:16.314+0000] {inout_data.py:63} ERROR - Error executing query: (1062, "Duplicate entry '2025-03-30 11:18:16-4195' for key 'PRIMARY'")
[2025-03-30T11:18:16.317+0000] {inout_data.py:63} ERROR - Error executing query: (1062, "Duplicate entry '2025-03-30 11:18:16-4195' for key 'PRIMARY'")
[2025-03-30T11:18:16.323+0000] {inout_data.py:63} ERROR - Error executing query: (1062, "Duplicate entry '2025-03-30 11:18:16-4195' for key 'PRIMARY'")
[2025-03-30T11:18:16.334+0000] {inout_data.py:63} ERROR - Error executing query: (1062, "Duplicate entry '2025-03-30 11:18:16-4195' for key 'PRIMARY'")
[2025-03-30T11:18:16.338+0000] {inout_data.py:63} ERROR - Error executing query: (1062, "Duplicate entry '2025-03-30 11:18:16-4195' for key 'PRIMARY'")
[2025-03-30T11:18:16.350+0000] {inout_data.py:63} ERROR - Error executing query: (1062, "Duplicate entry '2025-03-30 11:18:16-4195' for key 'PRIMARY'")
[2025-03-30T11:18:16.351+0000] {inout_data.py:63} ERROR - Error executing query: (1062, "Duplicate entry '2025-03-30 11:18:16-4195' for key 'PRIMARY'")
[2025-03-30T11:18:16.354+0000] {inout_data.py:63} ERROR - Error executing query: (1062, "Duplicate entry '2025-03-30 11:18:16-4195' for key 'PRIMARY'")
[2025-03-30T11:18:16.357+0000] {inout_data.py:63} ERROR - Error executing query: (1062, "Duplicate entry '2025-03-30 11:18:16-4195' for key 'PRIMARY'")
[2025-03-30T11:18:16.359+0000] {inout_data.py:63} ERROR - Error executing query: (1062, "Duplicate entry '2025-03-30 11:18:16-4195' for key 'PRIMARY'")
[2025-03-30T11:18:16.362+0000] {inout_data.py:152} INFO - Ingested 19 rows of dummy data.
[2025-03-30T11:18:16.364+0000] {inout_data.py:78} INFO - MariaDB connection closed.
[2025-03-30T11:18:16.366+0000] {python.py:202} INFO - Done. Returned value was: None
[2025-03-30T11:18:16.413+0000] {taskinstance.py:1149} INFO - Marking task as SUCCESS. dag_id=inout_data_ingestion, task_id=ingest_dummy_data, execution_date=20241004T063000, start_date=20250330T111815, end_date=20250330T111816
[2025-03-30T11:18:16.486+0000] {local_task_job_runner.py:234} INFO - Task exited with return code 0
[2025-03-30T11:18:16.554+0000] {taskinstance.py:3309} INFO - 0 downstream tasks scheduled from follow-on schedule check
[2025-03-30T11:30:34.551+0000] {taskinstance.py:1979} INFO - Dependencies all met for dep_context=non-requeueable deps ti=<TaskInstance: inout_data_ingestion.ingest_dummy_data scheduled__2024-10-04T06:30:00+00:00 [queued]>
[2025-03-30T11:30:34.559+0000] {taskinstance.py:1979} INFO - Dependencies all met for dep_context=requeueable deps ti=<TaskInstance: inout_data_ingestion.ingest_dummy_data scheduled__2024-10-04T06:30:00+00:00 [queued]>
[2025-03-30T11:30:34.559+0000] {taskinstance.py:2193} INFO - Starting attempt 1 of 2
[2025-03-30T11:30:34.579+0000] {taskinstance.py:2214} INFO - Executing <Task(PythonOperator): ingest_dummy_data> on 2024-10-04 06:30:00+00:00
[2025-03-30T11:30:34.584+0000] {standard_task_runner.py:60} INFO - Started process 4899 to run task
[2025-03-30T11:30:34.592+0000] {standard_task_runner.py:87} INFO - Running: ['***', 'tasks', 'run', 'inout_data_ingestion', 'ingest_dummy_data', 'scheduled__2024-10-04T06:30:00+00:00', '--job-id', '2424', '--raw', '--subdir', 'DAGS_FOLDER/inout_data.py', '--cfg-path', '/tmp/tmp4two8zw1']
[2025-03-30T11:30:34.595+0000] {standard_task_runner.py:88} INFO - Job 2424: Subtask ingest_dummy_data
[2025-03-30T11:30:34.616+0000] {warnings.py:109} WARNING - /home/***/.local/lib/python3.8/site-packages/***/settings.py:194: DeprecationWarning: The sql_alchemy_conn option in [core] has been moved to the sql_alchemy_conn option in [database] - the old setting has been used, but please update your config.
  SQL_ALCHEMY_CONN = conf.get("database", "SQL_ALCHEMY_CONN")

[2025-03-30T11:30:34.667+0000] {task_command.py:423} INFO - Running <TaskInstance: inout_data_ingestion.ingest_dummy_data scheduled__2024-10-04T06:30:00+00:00 [running]> on host ff9d64b065e6
[2025-03-30T11:30:34.783+0000] {taskinstance.py:2510} INFO - Exporting env vars: AIRFLOW_CTX_DAG_OWNER='***' AIRFLOW_CTX_DAG_ID='inout_data_ingestion' AIRFLOW_CTX_TASK_ID='ingest_dummy_data' AIRFLOW_CTX_EXECUTION_DATE='2024-10-04T06:30:00+00:00' AIRFLOW_CTX_TRY_NUMBER='1' AIRFLOW_CTX_DAG_RUN_ID='scheduled__2024-10-04T06:30:00+00:00'
[2025-03-30T11:30:34.793+0000] {logging_mixin.py:188} INFO - Successfully connected to MariaDB: INOUT on mariadb:3306
[2025-03-30T11:30:34.797+0000] {logging_mixin.py:188} INFO - General error executing query: not all arguments converted during string formatting
[2025-03-30T11:30:34.799+0000] {logging_mixin.py:188} INFO - General error executing query: not all arguments converted during string formatting
[2025-03-30T11:30:34.800+0000] {logging_mixin.py:188} INFO - General error executing query: not all arguments converted during string formatting
[2025-03-30T11:30:34.804+0000] {logging_mixin.py:188} INFO - General error executing query: not all arguments converted during string formatting
[2025-03-30T11:30:34.809+0000] {logging_mixin.py:188} INFO - General error executing query: not all arguments converted during string formatting
[2025-03-30T11:30:34.811+0000] {logging_mixin.py:188} INFO - General error executing query: not all arguments converted during string formatting
[2025-03-30T11:30:34.812+0000] {logging_mixin.py:188} INFO - General error executing query: not all arguments converted during string formatting
[2025-03-30T11:30:34.812+0000] {logging_mixin.py:188} INFO - General error executing query: not all arguments converted during string formatting
[2025-03-30T11:30:34.813+0000] {logging_mixin.py:188} INFO - General error executing query: not all arguments converted during string formatting
[2025-03-30T11:30:34.814+0000] {inout_data.py:87} INFO - Ingested 9 rows of dummy data for 2024-10-04 06:30:00+00:00.
[2025-03-30T11:30:34.815+0000] {logging_mixin.py:188} INFO - MariaDB connection closed.
[2025-03-30T11:30:34.815+0000] {python.py:202} INFO - Done. Returned value was: None
[2025-03-30T11:30:34.833+0000] {taskinstance.py:1149} INFO - Marking task as SUCCESS. dag_id=inout_data_ingestion, task_id=ingest_dummy_data, execution_date=20241004T063000, start_date=20250330T113034, end_date=20250330T113034
[2025-03-30T11:30:34.862+0000] {local_task_job_runner.py:234} INFO - Task exited with return code 0
[2025-03-30T11:30:34.885+0000] {taskinstance.py:3309} INFO - 0 downstream tasks scheduled from follow-on schedule check
