[2025-03-30T11:12:06.801+0000] {taskinstance.py:1979} INFO - Dependencies all met for dep_context=non-requeueable deps ti=<TaskInstance: inout_data_ingestion.create_table scheduled__2024-10-05T01:30:00+00:00 [queued]>
[2025-03-30T11:12:06.808+0000] {taskinstance.py:1979} INFO - Dependencies all met for dep_context=requeueable deps ti=<TaskInstance: inout_data_ingestion.create_table scheduled__2024-10-05T01:30:00+00:00 [queued]>
[2025-03-30T11:12:06.809+0000] {taskinstance.py:2193} INFO - Starting attempt 1 of 2
[2025-03-30T11:12:06.824+0000] {taskinstance.py:2214} INFO - Executing <Task(PythonOperator): create_table> on 2024-10-05 01:30:00+00:00
[2025-03-30T11:12:06.828+0000] {standard_task_runner.py:60} INFO - Started process 1262 to run task
[2025-03-30T11:12:06.833+0000] {standard_task_runner.py:87} INFO - Running: ['***', 'tasks', 'run', 'inout_data_ingestion', 'create_table', 'scheduled__2024-10-05T01:30:00+00:00', '--job-id', '605', '--raw', '--subdir', 'DAGS_FOLDER/inout_data.py', '--cfg-path', '/tmp/tmpnxgmfmk8']
[2025-03-30T11:12:06.836+0000] {standard_task_runner.py:88} INFO - Job 605: Subtask create_table
[2025-03-30T11:12:06.850+0000] {warnings.py:109} WARNING - /home/***/.local/lib/python3.8/site-packages/***/settings.py:194: DeprecationWarning: The sql_alchemy_conn option in [core] has been moved to the sql_alchemy_conn option in [database] - the old setting has been used, but please update your config.
  SQL_ALCHEMY_CONN = conf.get("database", "SQL_ALCHEMY_CONN")

[2025-03-30T11:12:06.879+0000] {task_command.py:423} INFO - Running <TaskInstance: inout_data_ingestion.create_table scheduled__2024-10-05T01:30:00+00:00 [running]> on host ff9d64b065e6
[2025-03-30T11:12:06.968+0000] {taskinstance.py:2510} INFO - Exporting env vars: AIRFLOW_CTX_DAG_OWNER='***' AIRFLOW_CTX_DAG_ID='inout_data_ingestion' AIRFLOW_CTX_TASK_ID='create_table' AIRFLOW_CTX_EXECUTION_DATE='2024-10-05T01:30:00+00:00' AIRFLOW_CTX_TRY_NUMBER='1' AIRFLOW_CTX_DAG_RUN_ID='scheduled__2024-10-05T01:30:00+00:00'
[2025-03-30T11:12:06.974+0000] {inout_data.py:42} INFO - Successfully connected to MariaDB: INOUT on mariadb:3306
[2025-03-30T11:12:06.975+0000] {inout_data.py:124} INFO - Table emp_inout_rec created (if it didn't exist).
[2025-03-30T11:12:06.975+0000] {inout_data.py:78} INFO - MariaDB connection closed.
[2025-03-30T11:12:06.976+0000] {python.py:202} INFO - Done. Returned value was: None
[2025-03-30T11:12:06.983+0000] {taskinstance.py:1149} INFO - Marking task as SUCCESS. dag_id=inout_data_ingestion, task_id=create_table, execution_date=20241005T013000, start_date=20250330T111206, end_date=20250330T111206
[2025-03-30T11:12:07.015+0000] {local_task_job_runner.py:234} INFO - Task exited with return code 0
[2025-03-30T11:12:07.071+0000] {taskinstance.py:3309} INFO - 1 downstream tasks scheduled from follow-on schedule check
[2025-03-30T11:18:44.006+0000] {taskinstance.py:1979} INFO - Dependencies all met for dep_context=non-requeueable deps ti=<TaskInstance: inout_data_ingestion.create_table scheduled__2024-10-05T01:30:00+00:00 [queued]>
[2025-03-30T11:18:44.018+0000] {taskinstance.py:1979} INFO - Dependencies all met for dep_context=requeueable deps ti=<TaskInstance: inout_data_ingestion.create_table scheduled__2024-10-05T01:30:00+00:00 [queued]>
[2025-03-30T11:18:44.019+0000] {taskinstance.py:2193} INFO - Starting attempt 1 of 2
[2025-03-30T11:18:44.050+0000] {taskinstance.py:2214} INFO - Executing <Task(PythonOperator): create_table> on 2024-10-05 01:30:00+00:00
[2025-03-30T11:18:44.057+0000] {standard_task_runner.py:60} INFO - Started process 3117 to run task
[2025-03-30T11:18:44.079+0000] {standard_task_runner.py:87} INFO - Running: ['***', 'tasks', 'run', 'inout_data_ingestion', 'create_table', 'scheduled__2024-10-05T01:30:00+00:00', '--job-id', '1533', '--raw', '--subdir', 'DAGS_FOLDER/inout_data.py', '--cfg-path', '/tmp/tmp207pbblx']
[2025-03-30T11:18:44.093+0000] {standard_task_runner.py:88} INFO - Job 1533: Subtask create_table
[2025-03-30T11:18:44.163+0000] {warnings.py:109} WARNING - /home/***/.local/lib/python3.8/site-packages/***/settings.py:194: DeprecationWarning: The sql_alchemy_conn option in [core] has been moved to the sql_alchemy_conn option in [database] - the old setting has been used, but please update your config.
  SQL_ALCHEMY_CONN = conf.get("database", "SQL_ALCHEMY_CONN")

[2025-03-30T11:18:44.259+0000] {task_command.py:423} INFO - Running <TaskInstance: inout_data_ingestion.create_table scheduled__2024-10-05T01:30:00+00:00 [running]> on host ff9d64b065e6
[2025-03-30T11:18:44.392+0000] {taskinstance.py:2510} INFO - Exporting env vars: AIRFLOW_CTX_DAG_OWNER='***' AIRFLOW_CTX_DAG_ID='inout_data_ingestion' AIRFLOW_CTX_TASK_ID='create_table' AIRFLOW_CTX_EXECUTION_DATE='2024-10-05T01:30:00+00:00' AIRFLOW_CTX_TRY_NUMBER='1' AIRFLOW_CTX_DAG_RUN_ID='scheduled__2024-10-05T01:30:00+00:00'
[2025-03-30T11:18:44.404+0000] {inout_data.py:42} INFO - Successfully connected to MariaDB: INOUT on mariadb:3306
[2025-03-30T11:18:44.405+0000] {inout_data.py:117} INFO - Table emp_inout_rec created (if it didn't exist).
[2025-03-30T11:18:44.406+0000] {inout_data.py:78} INFO - MariaDB connection closed.
[2025-03-30T11:18:44.406+0000] {python.py:202} INFO - Done. Returned value was: None
[2025-03-30T11:18:44.436+0000] {taskinstance.py:1149} INFO - Marking task as SUCCESS. dag_id=inout_data_ingestion, task_id=create_table, execution_date=20241005T013000, start_date=20250330T111844, end_date=20250330T111844
[2025-03-30T11:18:44.510+0000] {local_task_job_runner.py:234} INFO - Task exited with return code 0
[2025-03-30T11:18:44.565+0000] {taskinstance.py:3309} INFO - 1 downstream tasks scheduled from follow-on schedule check
[2025-03-30T11:30:56.519+0000] {taskinstance.py:1979} INFO - Dependencies all met for dep_context=non-requeueable deps ti=<TaskInstance: inout_data_ingestion.create_table scheduled__2024-10-05T01:30:00+00:00 [queued]>
[2025-03-30T11:30:56.527+0000] {taskinstance.py:1979} INFO - Dependencies all met for dep_context=requeueable deps ti=<TaskInstance: inout_data_ingestion.create_table scheduled__2024-10-05T01:30:00+00:00 [queued]>
[2025-03-30T11:30:56.527+0000] {taskinstance.py:2193} INFO - Starting attempt 1 of 2
[2025-03-30T11:30:56.542+0000] {taskinstance.py:2214} INFO - Executing <Task(PythonOperator): create_table> on 2024-10-05 01:30:00+00:00
[2025-03-30T11:30:56.549+0000] {standard_task_runner.py:60} INFO - Started process 5035 to run task
[2025-03-30T11:30:56.555+0000] {standard_task_runner.py:87} INFO - Running: ['***', 'tasks', 'run', 'inout_data_ingestion', 'create_table', 'scheduled__2024-10-05T01:30:00+00:00', '--job-id', '2492', '--raw', '--subdir', 'DAGS_FOLDER/inout_data.py', '--cfg-path', '/tmp/tmpzfuzaanb']
[2025-03-30T11:30:56.556+0000] {standard_task_runner.py:88} INFO - Job 2492: Subtask create_table
[2025-03-30T11:30:56.570+0000] {warnings.py:109} WARNING - /home/***/.local/lib/python3.8/site-packages/***/settings.py:194: DeprecationWarning: The sql_alchemy_conn option in [core] has been moved to the sql_alchemy_conn option in [database] - the old setting has been used, but please update your config.
  SQL_ALCHEMY_CONN = conf.get("database", "SQL_ALCHEMY_CONN")

[2025-03-30T11:30:56.613+0000] {task_command.py:423} INFO - Running <TaskInstance: inout_data_ingestion.create_table scheduled__2024-10-05T01:30:00+00:00 [running]> on host ff9d64b065e6
[2025-03-30T11:30:56.691+0000] {taskinstance.py:2510} INFO - Exporting env vars: AIRFLOW_CTX_DAG_OWNER='***' AIRFLOW_CTX_DAG_ID='inout_data_ingestion' AIRFLOW_CTX_TASK_ID='create_table' AIRFLOW_CTX_EXECUTION_DATE='2024-10-05T01:30:00+00:00' AIRFLOW_CTX_TRY_NUMBER='1' AIRFLOW_CTX_DAG_RUN_ID='scheduled__2024-10-05T01:30:00+00:00'
[2025-03-30T11:30:56.701+0000] {logging_mixin.py:188} INFO - Successfully connected to MariaDB: INOUT on mariadb:3306
[2025-03-30T11:30:56.702+0000] {inout_data.py:46} INFO - Table emp_inout_rec created (if it didn't exist).
[2025-03-30T11:30:56.702+0000] {logging_mixin.py:188} INFO - MariaDB connection closed.
[2025-03-30T11:30:56.705+0000] {python.py:202} INFO - Done. Returned value was: None
[2025-03-30T11:30:56.718+0000] {taskinstance.py:1149} INFO - Marking task as SUCCESS. dag_id=inout_data_ingestion, task_id=create_table, execution_date=20241005T013000, start_date=20250330T113056, end_date=20250330T113056
[2025-03-30T11:30:56.774+0000] {local_task_job_runner.py:234} INFO - Task exited with return code 0
[2025-03-30T11:30:56.829+0000] {taskinstance.py:3309} INFO - 0 downstream tasks scheduled from follow-on schedule check
