[2025-03-30T11:10:42.167+0000] {taskinstance.py:1979} INFO - Dependencies all met for dep_context=non-requeueable deps ti=<TaskInstance: inout_data_ingestion.create_table scheduled__2024-10-02T14:30:00+00:00 [queued]>
[2025-03-30T11:10:42.185+0000] {taskinstance.py:1979} INFO - Dependencies all met for dep_context=requeueable deps ti=<TaskInstance: inout_data_ingestion.create_table scheduled__2024-10-02T14:30:00+00:00 [queued]>
[2025-03-30T11:10:42.186+0000] {taskinstance.py:2193} INFO - Starting attempt 1 of 2
[2025-03-30T11:10:42.217+0000] {taskinstance.py:2214} INFO - Executing <Task(PythonOperator): create_table> on 2024-10-02 14:30:00+00:00
[2025-03-30T11:10:42.233+0000] {standard_task_runner.py:60} INFO - Started process 790 to run task
[2025-03-30T11:10:42.240+0000] {standard_task_runner.py:87} INFO - Running: ['***', 'tasks', 'run', 'inout_data_ingestion', 'create_table', 'scheduled__2024-10-02T14:30:00+00:00', '--job-id', '369', '--raw', '--subdir', 'DAGS_FOLDER/inout_data.py', '--cfg-path', '/tmp/tmp501fvjn5']
[2025-03-30T11:10:42.248+0000] {standard_task_runner.py:88} INFO - Job 369: Subtask create_table
[2025-03-30T11:10:42.284+0000] {warnings.py:109} WARNING - /home/***/.local/lib/python3.8/site-packages/***/settings.py:194: DeprecationWarning: The sql_alchemy_conn option in [core] has been moved to the sql_alchemy_conn option in [database] - the old setting has been used, but please update your config.
  SQL_ALCHEMY_CONN = conf.get("database", "SQL_ALCHEMY_CONN")

[2025-03-30T11:10:42.387+0000] {task_command.py:423} INFO - Running <TaskInstance: inout_data_ingestion.create_table scheduled__2024-10-02T14:30:00+00:00 [running]> on host ff9d64b065e6
[2025-03-30T11:10:42.550+0000] {taskinstance.py:2510} INFO - Exporting env vars: AIRFLOW_CTX_DAG_OWNER='***' AIRFLOW_CTX_DAG_ID='inout_data_ingestion' AIRFLOW_CTX_TASK_ID='create_table' AIRFLOW_CTX_EXECUTION_DATE='2024-10-02T14:30:00+00:00' AIRFLOW_CTX_TRY_NUMBER='1' AIRFLOW_CTX_DAG_RUN_ID='scheduled__2024-10-02T14:30:00+00:00'
[2025-03-30T11:10:42.560+0000] {inout_data.py:42} INFO - Successfully connected to MariaDB: INOUT on mariadb:3306
[2025-03-30T11:10:42.563+0000] {inout_data.py:124} INFO - Table emp_inout_rec created (if it didn't exist).
[2025-03-30T11:10:42.564+0000] {inout_data.py:78} INFO - MariaDB connection closed.
[2025-03-30T11:10:42.565+0000] {python.py:202} INFO - Done. Returned value was: None
[2025-03-30T11:10:42.580+0000] {taskinstance.py:1149} INFO - Marking task as SUCCESS. dag_id=inout_data_ingestion, task_id=create_table, execution_date=20241002T143000, start_date=20250330T111042, end_date=20250330T111042
[2025-03-30T11:10:42.630+0000] {local_task_job_runner.py:234} INFO - Task exited with return code 0
[2025-03-30T11:10:42.695+0000] {taskinstance.py:3309} INFO - 1 downstream tasks scheduled from follow-on schedule check
[2025-03-30T11:17:17.561+0000] {taskinstance.py:1979} INFO - Dependencies all met for dep_context=non-requeueable deps ti=<TaskInstance: inout_data_ingestion.create_table scheduled__2024-10-02T14:30:00+00:00 [queued]>
[2025-03-30T11:17:17.587+0000] {taskinstance.py:1979} INFO - Dependencies all met for dep_context=requeueable deps ti=<TaskInstance: inout_data_ingestion.create_table scheduled__2024-10-02T14:30:00+00:00 [queued]>
[2025-03-30T11:17:17.588+0000] {taskinstance.py:2193} INFO - Starting attempt 1 of 2
[2025-03-30T11:17:17.617+0000] {taskinstance.py:2214} INFO - Executing <Task(PythonOperator): create_table> on 2024-10-02 14:30:00+00:00
[2025-03-30T11:17:17.627+0000] {standard_task_runner.py:60} INFO - Started process 2638 to run task
[2025-03-30T11:17:17.650+0000] {standard_task_runner.py:87} INFO - Running: ['***', 'tasks', 'run', 'inout_data_ingestion', 'create_table', 'scheduled__2024-10-02T14:30:00+00:00', '--job-id', '1293', '--raw', '--subdir', 'DAGS_FOLDER/inout_data.py', '--cfg-path', '/tmp/tmp68ld_7py']
[2025-03-30T11:17:17.656+0000] {standard_task_runner.py:88} INFO - Job 1293: Subtask create_table
[2025-03-30T11:17:17.688+0000] {warnings.py:109} WARNING - /home/***/.local/lib/python3.8/site-packages/***/settings.py:194: DeprecationWarning: The sql_alchemy_conn option in [core] has been moved to the sql_alchemy_conn option in [database] - the old setting has been used, but please update your config.
  SQL_ALCHEMY_CONN = conf.get("database", "SQL_ALCHEMY_CONN")

[2025-03-30T11:17:17.757+0000] {task_command.py:423} INFO - Running <TaskInstance: inout_data_ingestion.create_table scheduled__2024-10-02T14:30:00+00:00 [running]> on host ff9d64b065e6
[2025-03-30T11:17:17.908+0000] {taskinstance.py:2510} INFO - Exporting env vars: AIRFLOW_CTX_DAG_OWNER='***' AIRFLOW_CTX_DAG_ID='inout_data_ingestion' AIRFLOW_CTX_TASK_ID='create_table' AIRFLOW_CTX_EXECUTION_DATE='2024-10-02T14:30:00+00:00' AIRFLOW_CTX_TRY_NUMBER='1' AIRFLOW_CTX_DAG_RUN_ID='scheduled__2024-10-02T14:30:00+00:00'
[2025-03-30T11:17:17.925+0000] {inout_data.py:42} INFO - Successfully connected to MariaDB: INOUT on mariadb:3306
[2025-03-30T11:17:17.927+0000] {inout_data.py:117} INFO - Table emp_inout_rec created (if it didn't exist).
[2025-03-30T11:17:17.928+0000] {inout_data.py:78} INFO - MariaDB connection closed.
[2025-03-30T11:17:17.930+0000] {python.py:202} INFO - Done. Returned value was: None
[2025-03-30T11:17:17.946+0000] {taskinstance.py:1149} INFO - Marking task as SUCCESS. dag_id=inout_data_ingestion, task_id=create_table, execution_date=20241002T143000, start_date=20250330T111717, end_date=20250330T111717
[2025-03-30T11:17:18.013+0000] {local_task_job_runner.py:234} INFO - Task exited with return code 0
[2025-03-30T11:17:18.109+0000] {taskinstance.py:3309} INFO - 1 downstream tasks scheduled from follow-on schedule check
[2025-03-30T11:29:44.227+0000] {taskinstance.py:1979} INFO - Dependencies all met for dep_context=non-requeueable deps ti=<TaskInstance: inout_data_ingestion.create_table scheduled__2024-10-02T14:30:00+00:00 [queued]>
[2025-03-30T11:29:44.237+0000] {taskinstance.py:1979} INFO - Dependencies all met for dep_context=requeueable deps ti=<TaskInstance: inout_data_ingestion.create_table scheduled__2024-10-02T14:30:00+00:00 [queued]>
[2025-03-30T11:29:44.239+0000] {taskinstance.py:2193} INFO - Starting attempt 1 of 2
[2025-03-30T11:29:44.274+0000] {taskinstance.py:2214} INFO - Executing <Task(PythonOperator): create_table> on 2024-10-02 14:30:00+00:00
[2025-03-30T11:29:44.280+0000] {standard_task_runner.py:60} INFO - Started process 4560 to run task
[2025-03-30T11:29:44.289+0000] {standard_task_runner.py:87} INFO - Running: ['***', 'tasks', 'run', 'inout_data_ingestion', 'create_table', 'scheduled__2024-10-02T14:30:00+00:00', '--job-id', '2253', '--raw', '--subdir', 'DAGS_FOLDER/inout_data.py', '--cfg-path', '/tmp/tmpr07996th']
[2025-03-30T11:29:44.294+0000] {standard_task_runner.py:88} INFO - Job 2253: Subtask create_table
[2025-03-30T11:29:44.319+0000] {warnings.py:109} WARNING - /home/***/.local/lib/python3.8/site-packages/***/settings.py:194: DeprecationWarning: The sql_alchemy_conn option in [core] has been moved to the sql_alchemy_conn option in [database] - the old setting has been used, but please update your config.
  SQL_ALCHEMY_CONN = conf.get("database", "SQL_ALCHEMY_CONN")

[2025-03-30T11:29:44.384+0000] {task_command.py:423} INFO - Running <TaskInstance: inout_data_ingestion.create_table scheduled__2024-10-02T14:30:00+00:00 [running]> on host ff9d64b065e6
[2025-03-30T11:29:44.472+0000] {taskinstance.py:2510} INFO - Exporting env vars: AIRFLOW_CTX_DAG_OWNER='***' AIRFLOW_CTX_DAG_ID='inout_data_ingestion' AIRFLOW_CTX_TASK_ID='create_table' AIRFLOW_CTX_EXECUTION_DATE='2024-10-02T14:30:00+00:00' AIRFLOW_CTX_TRY_NUMBER='1' AIRFLOW_CTX_DAG_RUN_ID='scheduled__2024-10-02T14:30:00+00:00'
[2025-03-30T11:29:44.488+0000] {logging_mixin.py:188} INFO - Successfully connected to MariaDB: INOUT on mariadb:3306
[2025-03-30T11:29:44.492+0000] {inout_data.py:46} INFO - Table emp_inout_rec created (if it didn't exist).
[2025-03-30T11:29:44.496+0000] {logging_mixin.py:188} INFO - MariaDB connection closed.
[2025-03-30T11:29:44.497+0000] {python.py:202} INFO - Done. Returned value was: None
[2025-03-30T11:29:44.531+0000] {taskinstance.py:1149} INFO - Marking task as SUCCESS. dag_id=inout_data_ingestion, task_id=create_table, execution_date=20241002T143000, start_date=20250330T112944, end_date=20250330T112944
[2025-03-30T11:29:44.594+0000] {local_task_job_runner.py:234} INFO - Task exited with return code 0
[2025-03-30T11:29:44.642+0000] {taskinstance.py:3309} INFO - 1 downstream tasks scheduled from follow-on schedule check
[2025-03-30T11:34:38.617+0000] {taskinstance.py:1979} INFO - Dependencies all met for dep_context=non-requeueable deps ti=<TaskInstance: inout_data_ingestion.create_table scheduled__2024-10-02T14:30:00+00:00 [queued]>
[2025-03-30T11:34:38.629+0000] {taskinstance.py:1979} INFO - Dependencies all met for dep_context=requeueable deps ti=<TaskInstance: inout_data_ingestion.create_table scheduled__2024-10-02T14:30:00+00:00 [queued]>
[2025-03-30T11:34:38.632+0000] {taskinstance.py:2193} INFO - Starting attempt 1 of 2
[2025-03-30T11:34:38.661+0000] {taskinstance.py:2214} INFO - Executing <Task(PythonOperator): create_table> on 2024-10-02 14:30:00+00:00
[2025-03-30T11:34:38.674+0000] {standard_task_runner.py:60} INFO - Started process 6014 to run task
[2025-03-30T11:34:38.682+0000] {standard_task_runner.py:87} INFO - Running: ['***', 'tasks', 'run', 'inout_data_ingestion', 'create_table', 'scheduled__2024-10-02T14:30:00+00:00', '--job-id', '2981', '--raw', '--subdir', 'DAGS_FOLDER/inout_data.py', '--cfg-path', '/tmp/tmprnb5yi63']
[2025-03-30T11:34:38.687+0000] {standard_task_runner.py:88} INFO - Job 2981: Subtask create_table
[2025-03-30T11:34:38.707+0000] {warnings.py:109} WARNING - /home/***/.local/lib/python3.8/site-packages/***/settings.py:194: DeprecationWarning: The sql_alchemy_conn option in [core] has been moved to the sql_alchemy_conn option in [database] - the old setting has been used, but please update your config.
  SQL_ALCHEMY_CONN = conf.get("database", "SQL_ALCHEMY_CONN")

[2025-03-30T11:34:38.758+0000] {task_command.py:423} INFO - Running <TaskInstance: inout_data_ingestion.create_table scheduled__2024-10-02T14:30:00+00:00 [running]> on host ff9d64b065e6
[2025-03-30T11:34:38.849+0000] {taskinstance.py:2510} INFO - Exporting env vars: AIRFLOW_CTX_DAG_OWNER='***' AIRFLOW_CTX_DAG_ID='inout_data_ingestion' AIRFLOW_CTX_TASK_ID='create_table' AIRFLOW_CTX_EXECUTION_DATE='2024-10-02T14:30:00+00:00' AIRFLOW_CTX_TRY_NUMBER='1' AIRFLOW_CTX_DAG_RUN_ID='scheduled__2024-10-02T14:30:00+00:00'
[2025-03-30T11:34:38.859+0000] {logging_mixin.py:188} INFO - Successfully connected to MariaDB: INOUT on mariadb:3306
[2025-03-30T11:34:38.865+0000] {inout_data.py:46} INFO - Table emp_inout_rec created (if it didn't exist).
[2025-03-30T11:34:38.865+0000] {logging_mixin.py:188} INFO - MariaDB connection closed.
[2025-03-30T11:34:38.866+0000] {python.py:202} INFO - Done. Returned value was: None
[2025-03-30T11:34:38.891+0000] {taskinstance.py:1149} INFO - Marking task as SUCCESS. dag_id=inout_data_ingestion, task_id=create_table, execution_date=20241002T143000, start_date=20250330T113438, end_date=20250330T113438
[2025-03-30T11:34:38.949+0000] {local_task_job_runner.py:234} INFO - Task exited with return code 0
[2025-03-30T11:34:38.999+0000] {taskinstance.py:3309} INFO - 1 downstream tasks scheduled from follow-on schedule check
