[2025-03-30T11:11:05.200+0000] {taskinstance.py:1979} INFO - Dependencies all met for dep_context=non-requeueable deps ti=<TaskInstance: inout_data_ingestion.create_table scheduled__2024-10-03T07:30:00+00:00 [queued]>
[2025-03-30T11:11:05.210+0000] {taskinstance.py:1979} INFO - Dependencies all met for dep_context=requeueable deps ti=<TaskInstance: inout_data_ingestion.create_table scheduled__2024-10-03T07:30:00+00:00 [queued]>
[2025-03-30T11:11:05.211+0000] {taskinstance.py:2193} INFO - Starting attempt 1 of 2
[2025-03-30T11:11:05.233+0000] {taskinstance.py:2214} INFO - Executing <Task(PythonOperator): create_table> on 2024-10-03 07:30:00+00:00
[2025-03-30T11:11:05.238+0000] {standard_task_runner.py:60} INFO - Started process 922 to run task
[2025-03-30T11:11:05.243+0000] {standard_task_runner.py:87} INFO - Running: ['***', 'tasks', 'run', 'inout_data_ingestion', 'create_table', 'scheduled__2024-10-03T07:30:00+00:00', '--job-id', '435', '--raw', '--subdir', 'DAGS_FOLDER/inout_data.py', '--cfg-path', '/tmp/tmp4ksw38a4']
[2025-03-30T11:11:05.245+0000] {standard_task_runner.py:88} INFO - Job 435: Subtask create_table
[2025-03-30T11:11:05.276+0000] {warnings.py:109} WARNING - /home/***/.local/lib/python3.8/site-packages/***/settings.py:194: DeprecationWarning: The sql_alchemy_conn option in [core] has been moved to the sql_alchemy_conn option in [database] - the old setting has been used, but please update your config.
  SQL_ALCHEMY_CONN = conf.get("database", "SQL_ALCHEMY_CONN")

[2025-03-30T11:11:05.337+0000] {task_command.py:423} INFO - Running <TaskInstance: inout_data_ingestion.create_table scheduled__2024-10-03T07:30:00+00:00 [running]> on host ff9d64b065e6
[2025-03-30T11:11:05.458+0000] {taskinstance.py:2510} INFO - Exporting env vars: AIRFLOW_CTX_DAG_OWNER='***' AIRFLOW_CTX_DAG_ID='inout_data_ingestion' AIRFLOW_CTX_TASK_ID='create_table' AIRFLOW_CTX_EXECUTION_DATE='2024-10-03T07:30:00+00:00' AIRFLOW_CTX_TRY_NUMBER='1' AIRFLOW_CTX_DAG_RUN_ID='scheduled__2024-10-03T07:30:00+00:00'
[2025-03-30T11:11:05.467+0000] {inout_data.py:42} INFO - Successfully connected to MariaDB: INOUT on mariadb:3306
[2025-03-30T11:11:05.469+0000] {inout_data.py:124} INFO - Table emp_inout_rec created (if it didn't exist).
[2025-03-30T11:11:05.470+0000] {inout_data.py:78} INFO - MariaDB connection closed.
[2025-03-30T11:11:05.470+0000] {python.py:202} INFO - Done. Returned value was: None
[2025-03-30T11:11:05.486+0000] {taskinstance.py:1149} INFO - Marking task as SUCCESS. dag_id=inout_data_ingestion, task_id=create_table, execution_date=20241003T073000, start_date=20250330T111105, end_date=20250330T111105
[2025-03-30T11:11:05.548+0000] {local_task_job_runner.py:234} INFO - Task exited with return code 0
[2025-03-30T11:11:05.581+0000] {taskinstance.py:3309} INFO - 0 downstream tasks scheduled from follow-on schedule check
[2025-03-30T11:17:41.675+0000] {taskinstance.py:1979} INFO - Dependencies all met for dep_context=non-requeueable deps ti=<TaskInstance: inout_data_ingestion.create_table scheduled__2024-10-03T07:30:00+00:00 [queued]>
[2025-03-30T11:17:41.683+0000] {taskinstance.py:1979} INFO - Dependencies all met for dep_context=requeueable deps ti=<TaskInstance: inout_data_ingestion.create_table scheduled__2024-10-03T07:30:00+00:00 [queued]>
[2025-03-30T11:17:41.684+0000] {taskinstance.py:2193} INFO - Starting attempt 1 of 2
[2025-03-30T11:17:41.699+0000] {taskinstance.py:2214} INFO - Executing <Task(PythonOperator): create_table> on 2024-10-03 07:30:00+00:00
[2025-03-30T11:17:41.705+0000] {standard_task_runner.py:60} INFO - Started process 2774 to run task
[2025-03-30T11:17:41.709+0000] {standard_task_runner.py:87} INFO - Running: ['***', 'tasks', 'run', 'inout_data_ingestion', 'create_table', 'scheduled__2024-10-03T07:30:00+00:00', '--job-id', '1361', '--raw', '--subdir', 'DAGS_FOLDER/inout_data.py', '--cfg-path', '/tmp/tmp48smacx7']
[2025-03-30T11:17:41.711+0000] {standard_task_runner.py:88} INFO - Job 1361: Subtask create_table
[2025-03-30T11:17:41.729+0000] {warnings.py:109} WARNING - /home/***/.local/lib/python3.8/site-packages/***/settings.py:194: DeprecationWarning: The sql_alchemy_conn option in [core] has been moved to the sql_alchemy_conn option in [database] - the old setting has been used, but please update your config.
  SQL_ALCHEMY_CONN = conf.get("database", "SQL_ALCHEMY_CONN")

[2025-03-30T11:17:41.781+0000] {task_command.py:423} INFO - Running <TaskInstance: inout_data_ingestion.create_table scheduled__2024-10-03T07:30:00+00:00 [running]> on host ff9d64b065e6
[2025-03-30T11:17:41.914+0000] {taskinstance.py:2510} INFO - Exporting env vars: AIRFLOW_CTX_DAG_OWNER='***' AIRFLOW_CTX_DAG_ID='inout_data_ingestion' AIRFLOW_CTX_TASK_ID='create_table' AIRFLOW_CTX_EXECUTION_DATE='2024-10-03T07:30:00+00:00' AIRFLOW_CTX_TRY_NUMBER='1' AIRFLOW_CTX_DAG_RUN_ID='scheduled__2024-10-03T07:30:00+00:00'
[2025-03-30T11:17:41.923+0000] {inout_data.py:42} INFO - Successfully connected to MariaDB: INOUT on mariadb:3306
[2025-03-30T11:17:41.926+0000] {inout_data.py:117} INFO - Table emp_inout_rec created (if it didn't exist).
[2025-03-30T11:17:41.927+0000] {inout_data.py:78} INFO - MariaDB connection closed.
[2025-03-30T11:17:41.928+0000] {python.py:202} INFO - Done. Returned value was: None
[2025-03-30T11:17:41.947+0000] {taskinstance.py:1149} INFO - Marking task as SUCCESS. dag_id=inout_data_ingestion, task_id=create_table, execution_date=20241003T073000, start_date=20250330T111741, end_date=20250330T111741
[2025-03-30T11:17:42.017+0000] {local_task_job_runner.py:234} INFO - Task exited with return code 0
[2025-03-30T11:17:42.051+0000] {taskinstance.py:3309} INFO - 1 downstream tasks scheduled from follow-on schedule check
[2025-03-30T11:30:06.703+0000] {taskinstance.py:1979} INFO - Dependencies all met for dep_context=non-requeueable deps ti=<TaskInstance: inout_data_ingestion.create_table scheduled__2024-10-03T07:30:00+00:00 [queued]>
[2025-03-30T11:30:06.720+0000] {taskinstance.py:1979} INFO - Dependencies all met for dep_context=requeueable deps ti=<TaskInstance: inout_data_ingestion.create_table scheduled__2024-10-03T07:30:00+00:00 [queued]>
[2025-03-30T11:30:06.721+0000] {taskinstance.py:2193} INFO - Starting attempt 1 of 2
[2025-03-30T11:30:06.745+0000] {taskinstance.py:2214} INFO - Executing <Task(PythonOperator): create_table> on 2024-10-03 07:30:00+00:00
[2025-03-30T11:30:06.755+0000] {standard_task_runner.py:60} INFO - Started process 4704 to run task
[2025-03-30T11:30:06.763+0000] {standard_task_runner.py:87} INFO - Running: ['***', 'tasks', 'run', 'inout_data_ingestion', 'create_table', 'scheduled__2024-10-03T07:30:00+00:00', '--job-id', '2326', '--raw', '--subdir', 'DAGS_FOLDER/inout_data.py', '--cfg-path', '/tmp/tmpptqxuway']
[2025-03-30T11:30:06.765+0000] {standard_task_runner.py:88} INFO - Job 2326: Subtask create_table
[2025-03-30T11:30:06.794+0000] {warnings.py:109} WARNING - /home/***/.local/lib/python3.8/site-packages/***/settings.py:194: DeprecationWarning: The sql_alchemy_conn option in [core] has been moved to the sql_alchemy_conn option in [database] - the old setting has been used, but please update your config.
  SQL_ALCHEMY_CONN = conf.get("database", "SQL_ALCHEMY_CONN")

[2025-03-30T11:30:06.858+0000] {task_command.py:423} INFO - Running <TaskInstance: inout_data_ingestion.create_table scheduled__2024-10-03T07:30:00+00:00 [running]> on host ff9d64b065e6
[2025-03-30T11:30:07.038+0000] {taskinstance.py:2510} INFO - Exporting env vars: AIRFLOW_CTX_DAG_OWNER='***' AIRFLOW_CTX_DAG_ID='inout_data_ingestion' AIRFLOW_CTX_TASK_ID='create_table' AIRFLOW_CTX_EXECUTION_DATE='2024-10-03T07:30:00+00:00' AIRFLOW_CTX_TRY_NUMBER='1' AIRFLOW_CTX_DAG_RUN_ID='scheduled__2024-10-03T07:30:00+00:00'
[2025-03-30T11:30:07.046+0000] {logging_mixin.py:188} INFO - Successfully connected to MariaDB: INOUT on mariadb:3306
[2025-03-30T11:30:07.047+0000] {inout_data.py:46} INFO - Table emp_inout_rec created (if it didn't exist).
[2025-03-30T11:30:07.049+0000] {logging_mixin.py:188} INFO - MariaDB connection closed.
[2025-03-30T11:30:07.050+0000] {python.py:202} INFO - Done. Returned value was: None
[2025-03-30T11:30:07.062+0000] {taskinstance.py:1149} INFO - Marking task as SUCCESS. dag_id=inout_data_ingestion, task_id=create_table, execution_date=20241003T073000, start_date=20250330T113006, end_date=20250330T113007
[2025-03-30T11:30:07.111+0000] {local_task_job_runner.py:234} INFO - Task exited with return code 0
[2025-03-30T11:30:07.174+0000] {taskinstance.py:3309} INFO - 1 downstream tasks scheduled from follow-on schedule check
[2025-03-30T11:35:00.823+0000] {taskinstance.py:1979} INFO - Dependencies all met for dep_context=non-requeueable deps ti=<TaskInstance: inout_data_ingestion.create_table scheduled__2024-10-03T07:30:00+00:00 [queued]>
[2025-03-30T11:35:00.839+0000] {taskinstance.py:1979} INFO - Dependencies all met for dep_context=requeueable deps ti=<TaskInstance: inout_data_ingestion.create_table scheduled__2024-10-03T07:30:00+00:00 [queued]>
[2025-03-30T11:35:00.841+0000] {taskinstance.py:2193} INFO - Starting attempt 1 of 2
[2025-03-30T11:35:00.862+0000] {taskinstance.py:2214} INFO - Executing <Task(PythonOperator): create_table> on 2024-10-03 07:30:00+00:00
[2025-03-30T11:35:00.874+0000] {standard_task_runner.py:60} INFO - Started process 6155 to run task
[2025-03-30T11:35:00.885+0000] {standard_task_runner.py:87} INFO - Running: ['***', 'tasks', 'run', 'inout_data_ingestion', 'create_table', 'scheduled__2024-10-03T07:30:00+00:00', '--job-id', '3051', '--raw', '--subdir', 'DAGS_FOLDER/inout_data.py', '--cfg-path', '/tmp/tmpqn2rlt6z']
[2025-03-30T11:35:00.888+0000] {standard_task_runner.py:88} INFO - Job 3051: Subtask create_table
[2025-03-30T11:35:00.906+0000] {warnings.py:109} WARNING - /home/***/.local/lib/python3.8/site-packages/***/settings.py:194: DeprecationWarning: The sql_alchemy_conn option in [core] has been moved to the sql_alchemy_conn option in [database] - the old setting has been used, but please update your config.
  SQL_ALCHEMY_CONN = conf.get("database", "SQL_ALCHEMY_CONN")

[2025-03-30T11:35:00.962+0000] {task_command.py:423} INFO - Running <TaskInstance: inout_data_ingestion.create_table scheduled__2024-10-03T07:30:00+00:00 [running]> on host ff9d64b065e6
[2025-03-30T11:35:01.056+0000] {taskinstance.py:2510} INFO - Exporting env vars: AIRFLOW_CTX_DAG_OWNER='***' AIRFLOW_CTX_DAG_ID='inout_data_ingestion' AIRFLOW_CTX_TASK_ID='create_table' AIRFLOW_CTX_EXECUTION_DATE='2024-10-03T07:30:00+00:00' AIRFLOW_CTX_TRY_NUMBER='1' AIRFLOW_CTX_DAG_RUN_ID='scheduled__2024-10-03T07:30:00+00:00'
[2025-03-30T11:35:01.060+0000] {logging_mixin.py:188} INFO - Successfully connected to MariaDB: INOUT on mariadb:3306
[2025-03-30T11:35:01.061+0000] {inout_data.py:46} INFO - Table emp_inout_rec created (if it didn't exist).
[2025-03-30T11:35:01.062+0000] {logging_mixin.py:188} INFO - MariaDB connection closed.
[2025-03-30T11:35:01.063+0000] {python.py:202} INFO - Done. Returned value was: None
[2025-03-30T11:35:01.076+0000] {taskinstance.py:1149} INFO - Marking task as SUCCESS. dag_id=inout_data_ingestion, task_id=create_table, execution_date=20241003T073000, start_date=20250330T113500, end_date=20250330T113501
[2025-03-30T11:35:01.101+0000] {local_task_job_runner.py:234} INFO - Task exited with return code 0
[2025-03-30T11:35:01.122+0000] {taskinstance.py:3309} INFO - 1 downstream tasks scheduled from follow-on schedule check
