[2025-03-30T11:13:01.317+0000] {taskinstance.py:1979} INFO - Dependencies all met for dep_context=non-requeueable deps ti=<TaskInstance: inout_data_ingestion.create_table scheduled__2024-10-06T16:30:00+00:00 [queued]>
[2025-03-30T11:13:01.334+0000] {taskinstance.py:1979} INFO - Dependencies all met for dep_context=requeueable deps ti=<TaskInstance: inout_data_ingestion.create_table scheduled__2024-10-06T16:30:00+00:00 [queued]>
[2025-03-30T11:13:01.335+0000] {taskinstance.py:2193} INFO - Starting attempt 1 of 2
[2025-03-30T11:13:01.365+0000] {taskinstance.py:2214} INFO - Executing <Task(PythonOperator): create_table> on 2024-10-06 16:30:00+00:00
[2025-03-30T11:13:01.370+0000] {standard_task_runner.py:60} INFO - Started process 1573 to run task
[2025-03-30T11:13:01.379+0000] {standard_task_runner.py:87} INFO - Running: ['***', 'tasks', 'run', 'inout_data_ingestion', 'create_table', 'scheduled__2024-10-06T16:30:00+00:00', '--job-id', '760', '--raw', '--subdir', 'DAGS_FOLDER/inout_data.py', '--cfg-path', '/tmp/tmp2f46z65j']
[2025-03-30T11:13:01.381+0000] {standard_task_runner.py:88} INFO - Job 760: Subtask create_table
[2025-03-30T11:13:01.403+0000] {warnings.py:109} WARNING - /home/***/.local/lib/python3.8/site-packages/***/settings.py:194: DeprecationWarning: The sql_alchemy_conn option in [core] has been moved to the sql_alchemy_conn option in [database] - the old setting has been used, but please update your config.
  SQL_ALCHEMY_CONN = conf.get("database", "SQL_ALCHEMY_CONN")

[2025-03-30T11:13:01.432+0000] {task_command.py:423} INFO - Running <TaskInstance: inout_data_ingestion.create_table scheduled__2024-10-06T16:30:00+00:00 [running]> on host ff9d64b065e6
[2025-03-30T11:13:01.493+0000] {taskinstance.py:2510} INFO - Exporting env vars: AIRFLOW_CTX_DAG_OWNER='***' AIRFLOW_CTX_DAG_ID='inout_data_ingestion' AIRFLOW_CTX_TASK_ID='create_table' AIRFLOW_CTX_EXECUTION_DATE='2024-10-06T16:30:00+00:00' AIRFLOW_CTX_TRY_NUMBER='1' AIRFLOW_CTX_DAG_RUN_ID='scheduled__2024-10-06T16:30:00+00:00'
[2025-03-30T11:13:01.501+0000] {inout_data.py:42} INFO - Successfully connected to MariaDB: INOUT on mariadb:3306
[2025-03-30T11:13:01.502+0000] {inout_data.py:124} INFO - Table emp_inout_rec created (if it didn't exist).
[2025-03-30T11:13:01.503+0000] {inout_data.py:78} INFO - MariaDB connection closed.
[2025-03-30T11:13:01.504+0000] {python.py:202} INFO - Done. Returned value was: None
[2025-03-30T11:13:01.517+0000] {taskinstance.py:1149} INFO - Marking task as SUCCESS. dag_id=inout_data_ingestion, task_id=create_table, execution_date=20241006T163000, start_date=20250330T111301, end_date=20250330T111301
[2025-03-30T11:13:01.566+0000] {local_task_job_runner.py:234} INFO - Task exited with return code 0
[2025-03-30T11:13:01.627+0000] {taskinstance.py:3309} INFO - 1 downstream tasks scheduled from follow-on schedule check
[2025-03-30T11:19:42.379+0000] {taskinstance.py:1979} INFO - Dependencies all met for dep_context=non-requeueable deps ti=<TaskInstance: inout_data_ingestion.create_table scheduled__2024-10-06T16:30:00+00:00 [queued]>
[2025-03-30T11:19:42.406+0000] {taskinstance.py:1979} INFO - Dependencies all met for dep_context=requeueable deps ti=<TaskInstance: inout_data_ingestion.create_table scheduled__2024-10-06T16:30:00+00:00 [queued]>
[2025-03-30T11:19:42.410+0000] {taskinstance.py:2193} INFO - Starting attempt 1 of 2
[2025-03-30T11:19:42.591+0000] {taskinstance.py:2214} INFO - Executing <Task(PythonOperator): create_table> on 2024-10-06 16:30:00+00:00
[2025-03-30T11:19:42.624+0000] {standard_task_runner.py:60} INFO - Started process 3422 to run task
[2025-03-30T11:19:42.656+0000] {standard_task_runner.py:87} INFO - Running: ['***', 'tasks', 'run', 'inout_data_ingestion', 'create_table', 'scheduled__2024-10-06T16:30:00+00:00', '--job-id', '1685', '--raw', '--subdir', 'DAGS_FOLDER/inout_data.py', '--cfg-path', '/tmp/tmp7usxfxud']
[2025-03-30T11:19:42.671+0000] {standard_task_runner.py:88} INFO - Job 1685: Subtask create_table
[2025-03-30T11:19:42.742+0000] {warnings.py:109} WARNING - /home/***/.local/lib/python3.8/site-packages/***/settings.py:194: DeprecationWarning: The sql_alchemy_conn option in [core] has been moved to the sql_alchemy_conn option in [database] - the old setting has been used, but please update your config.
  SQL_ALCHEMY_CONN = conf.get("database", "SQL_ALCHEMY_CONN")

[2025-03-30T11:19:42.854+0000] {task_command.py:423} INFO - Running <TaskInstance: inout_data_ingestion.create_table scheduled__2024-10-06T16:30:00+00:00 [running]> on host ff9d64b065e6
[2025-03-30T11:19:43.052+0000] {taskinstance.py:2510} INFO - Exporting env vars: AIRFLOW_CTX_DAG_OWNER='***' AIRFLOW_CTX_DAG_ID='inout_data_ingestion' AIRFLOW_CTX_TASK_ID='create_table' AIRFLOW_CTX_EXECUTION_DATE='2024-10-06T16:30:00+00:00' AIRFLOW_CTX_TRY_NUMBER='1' AIRFLOW_CTX_DAG_RUN_ID='scheduled__2024-10-06T16:30:00+00:00'
[2025-03-30T11:19:43.074+0000] {inout_data.py:42} INFO - Successfully connected to MariaDB: INOUT on mariadb:3306
[2025-03-30T11:19:43.075+0000] {inout_data.py:117} INFO - Table emp_inout_rec created (if it didn't exist).
[2025-03-30T11:19:43.075+0000] {inout_data.py:78} INFO - MariaDB connection closed.
[2025-03-30T11:19:43.076+0000] {python.py:202} INFO - Done. Returned value was: None
[2025-03-30T11:19:43.103+0000] {taskinstance.py:1149} INFO - Marking task as SUCCESS. dag_id=inout_data_ingestion, task_id=create_table, execution_date=20241006T163000, start_date=20250330T111942, end_date=20250330T111943
[2025-03-30T11:19:43.174+0000] {local_task_job_runner.py:234} INFO - Task exited with return code 0
[2025-03-30T11:19:43.362+0000] {taskinstance.py:3309} INFO - 1 downstream tasks scheduled from follow-on schedule check
