[2025-03-30T11:09:13.878+0000] {taskinstance.py:1979} INFO - Dependencies all met for dep_context=non-requeueable deps ti=<TaskInstance: inout_data_ingestion.create_table scheduled__2024-09-29T21:30:00+00:00 [queued]>
[2025-03-30T11:09:13.891+0000] {taskinstance.py:1979} INFO - Dependencies all met for dep_context=requeueable deps ti=<TaskInstance: inout_data_ingestion.create_table scheduled__2024-09-29T21:30:00+00:00 [queued]>
[2025-03-30T11:09:13.893+0000] {taskinstance.py:2193} INFO - Starting attempt 1 of 2
[2025-03-30T11:09:13.913+0000] {taskinstance.py:2214} INFO - Executing <Task(PythonOperator): create_table> on 2024-09-29 21:30:00+00:00
[2025-03-30T11:09:13.919+0000] {standard_task_runner.py:60} INFO - Started process 270 to run task
[2025-03-30T11:09:13.923+0000] {standard_task_runner.py:87} INFO - Running: ['***', 'tasks', 'run', 'inout_data_ingestion', 'create_table', 'scheduled__2024-09-29T21:30:00+00:00', '--job-id', '109', '--raw', '--subdir', 'DAGS_FOLDER/inout_data.py', '--cfg-path', '/tmp/tmppjx5e_j3']
[2025-03-30T11:09:13.925+0000] {standard_task_runner.py:88} INFO - Job 109: Subtask create_table
[2025-03-30T11:09:13.938+0000] {warnings.py:109} WARNING - /home/***/.local/lib/python3.8/site-packages/***/settings.py:194: DeprecationWarning: The sql_alchemy_conn option in [core] has been moved to the sql_alchemy_conn option in [database] - the old setting has been used, but please update your config.
  SQL_ALCHEMY_CONN = conf.get("database", "SQL_ALCHEMY_CONN")

[2025-03-30T11:09:13.966+0000] {task_command.py:423} INFO - Running <TaskInstance: inout_data_ingestion.create_table scheduled__2024-09-29T21:30:00+00:00 [running]> on host ff9d64b065e6
[2025-03-30T11:09:14.062+0000] {taskinstance.py:2510} INFO - Exporting env vars: AIRFLOW_CTX_DAG_OWNER='***' AIRFLOW_CTX_DAG_ID='inout_data_ingestion' AIRFLOW_CTX_TASK_ID='create_table' AIRFLOW_CTX_EXECUTION_DATE='2024-09-29T21:30:00+00:00' AIRFLOW_CTX_TRY_NUMBER='1' AIRFLOW_CTX_DAG_RUN_ID='scheduled__2024-09-29T21:30:00+00:00'
[2025-03-30T11:09:14.069+0000] {inout_data.py:42} INFO - Successfully connected to MariaDB: INOUT on mariadb:3306
[2025-03-30T11:09:14.073+0000] {inout_data.py:124} INFO - Table emp_inout_rec created (if it didn't exist).
[2025-03-30T11:09:14.078+0000] {inout_data.py:78} INFO - MariaDB connection closed.
[2025-03-30T11:09:14.079+0000] {python.py:202} INFO - Done. Returned value was: None
[2025-03-30T11:09:14.100+0000] {taskinstance.py:1149} INFO - Marking task as SUCCESS. dag_id=inout_data_ingestion, task_id=create_table, execution_date=20240929T213000, start_date=20250330T110913, end_date=20250330T110914
[2025-03-30T11:09:14.154+0000] {local_task_job_runner.py:234} INFO - Task exited with return code 0
[2025-03-30T11:09:14.199+0000] {taskinstance.py:3309} INFO - 1 downstream tasks scheduled from follow-on schedule check
[2025-03-30T11:15:54.804+0000] {taskinstance.py:1979} INFO - Dependencies all met for dep_context=non-requeueable deps ti=<TaskInstance: inout_data_ingestion.create_table scheduled__2024-09-29T21:30:00+00:00 [queued]>
[2025-03-30T11:15:54.827+0000] {taskinstance.py:1979} INFO - Dependencies all met for dep_context=requeueable deps ti=<TaskInstance: inout_data_ingestion.create_table scheduled__2024-09-29T21:30:00+00:00 [queued]>
[2025-03-30T11:15:54.828+0000] {taskinstance.py:2193} INFO - Starting attempt 1 of 2
[2025-03-30T11:15:54.857+0000] {taskinstance.py:2214} INFO - Executing <Task(PythonOperator): create_table> on 2024-09-29 21:30:00+00:00
[2025-03-30T11:15:54.867+0000] {standard_task_runner.py:60} INFO - Started process 2127 to run task
[2025-03-30T11:15:54.876+0000] {standard_task_runner.py:87} INFO - Running: ['***', 'tasks', 'run', 'inout_data_ingestion', 'create_table', 'scheduled__2024-09-29T21:30:00+00:00', '--job-id', '1038', '--raw', '--subdir', 'DAGS_FOLDER/inout_data.py', '--cfg-path', '/tmp/tmpqhs3at7r']
[2025-03-30T11:15:54.879+0000] {standard_task_runner.py:88} INFO - Job 1038: Subtask create_table
[2025-03-30T11:15:54.908+0000] {warnings.py:109} WARNING - /home/***/.local/lib/python3.8/site-packages/***/settings.py:194: DeprecationWarning: The sql_alchemy_conn option in [core] has been moved to the sql_alchemy_conn option in [database] - the old setting has been used, but please update your config.
  SQL_ALCHEMY_CONN = conf.get("database", "SQL_ALCHEMY_CONN")

[2025-03-30T11:15:54.978+0000] {task_command.py:423} INFO - Running <TaskInstance: inout_data_ingestion.create_table scheduled__2024-09-29T21:30:00+00:00 [running]> on host ff9d64b065e6
[2025-03-30T11:15:55.072+0000] {taskinstance.py:2510} INFO - Exporting env vars: AIRFLOW_CTX_DAG_OWNER='***' AIRFLOW_CTX_DAG_ID='inout_data_ingestion' AIRFLOW_CTX_TASK_ID='create_table' AIRFLOW_CTX_EXECUTION_DATE='2024-09-29T21:30:00+00:00' AIRFLOW_CTX_TRY_NUMBER='1' AIRFLOW_CTX_DAG_RUN_ID='scheduled__2024-09-29T21:30:00+00:00'
[2025-03-30T11:15:55.082+0000] {inout_data.py:42} INFO - Successfully connected to MariaDB: INOUT on mariadb:3306
[2025-03-30T11:15:55.083+0000] {inout_data.py:117} INFO - Table emp_inout_rec created (if it didn't exist).
[2025-03-30T11:15:55.083+0000] {inout_data.py:78} INFO - MariaDB connection closed.
[2025-03-30T11:15:55.083+0000] {python.py:202} INFO - Done. Returned value was: None
[2025-03-30T11:15:55.100+0000] {taskinstance.py:1149} INFO - Marking task as SUCCESS. dag_id=inout_data_ingestion, task_id=create_table, execution_date=20240929T213000, start_date=20250330T111554, end_date=20250330T111555
[2025-03-30T11:15:55.146+0000] {local_task_job_runner.py:234} INFO - Task exited with return code 0
[2025-03-30T11:15:55.184+0000] {taskinstance.py:3309} INFO - 1 downstream tasks scheduled from follow-on schedule check
[2025-03-30T11:28:23.017+0000] {taskinstance.py:1979} INFO - Dependencies all met for dep_context=non-requeueable deps ti=<TaskInstance: inout_data_ingestion.create_table scheduled__2024-09-29T21:30:00+00:00 [queued]>
[2025-03-30T11:28:23.038+0000] {taskinstance.py:1979} INFO - Dependencies all met for dep_context=requeueable deps ti=<TaskInstance: inout_data_ingestion.create_table scheduled__2024-09-29T21:30:00+00:00 [queued]>
[2025-03-30T11:28:23.040+0000] {taskinstance.py:2193} INFO - Starting attempt 1 of 2
[2025-03-30T11:28:23.098+0000] {taskinstance.py:2214} INFO - Executing <Task(PythonOperator): create_table> on 2024-09-29 21:30:00+00:00
[2025-03-30T11:28:23.136+0000] {standard_task_runner.py:60} INFO - Started process 4040 to run task
[2025-03-30T11:28:23.151+0000] {standard_task_runner.py:87} INFO - Running: ['***', 'tasks', 'run', 'inout_data_ingestion', 'create_table', 'scheduled__2024-09-29T21:30:00+00:00', '--job-id', '1994', '--raw', '--subdir', 'DAGS_FOLDER/inout_data.py', '--cfg-path', '/tmp/tmpus3x9st8']
[2025-03-30T11:28:23.153+0000] {standard_task_runner.py:88} INFO - Job 1994: Subtask create_table
[2025-03-30T11:28:23.185+0000] {warnings.py:109} WARNING - /home/***/.local/lib/python3.8/site-packages/***/settings.py:194: DeprecationWarning: The sql_alchemy_conn option in [core] has been moved to the sql_alchemy_conn option in [database] - the old setting has been used, but please update your config.
  SQL_ALCHEMY_CONN = conf.get("database", "SQL_ALCHEMY_CONN")

[2025-03-30T11:28:23.249+0000] {task_command.py:423} INFO - Running <TaskInstance: inout_data_ingestion.create_table scheduled__2024-09-29T21:30:00+00:00 [running]> on host ff9d64b065e6
[2025-03-30T11:28:23.370+0000] {taskinstance.py:2510} INFO - Exporting env vars: AIRFLOW_CTX_DAG_OWNER='***' AIRFLOW_CTX_DAG_ID='inout_data_ingestion' AIRFLOW_CTX_TASK_ID='create_table' AIRFLOW_CTX_EXECUTION_DATE='2024-09-29T21:30:00+00:00' AIRFLOW_CTX_TRY_NUMBER='1' AIRFLOW_CTX_DAG_RUN_ID='scheduled__2024-09-29T21:30:00+00:00'
[2025-03-30T11:28:23.378+0000] {logging_mixin.py:188} INFO - Successfully connected to MariaDB: INOUT on mariadb:3306
[2025-03-30T11:28:23.382+0000] {inout_data.py:46} INFO - Table emp_inout_rec created (if it didn't exist).
[2025-03-30T11:28:23.388+0000] {logging_mixin.py:188} INFO - MariaDB connection closed.
[2025-03-30T11:28:23.389+0000] {python.py:202} INFO - Done. Returned value was: None
[2025-03-30T11:28:23.402+0000] {taskinstance.py:1149} INFO - Marking task as SUCCESS. dag_id=inout_data_ingestion, task_id=create_table, execution_date=20240929T213000, start_date=20250330T112823, end_date=20250330T112823
[2025-03-30T11:28:23.478+0000] {local_task_job_runner.py:234} INFO - Task exited with return code 0
[2025-03-30T11:28:23.557+0000] {taskinstance.py:3309} INFO - 1 downstream tasks scheduled from follow-on schedule check
[2025-03-30T11:33:02.456+0000] {taskinstance.py:1979} INFO - Dependencies all met for dep_context=non-requeueable deps ti=<TaskInstance: inout_data_ingestion.create_table scheduled__2024-09-29T21:30:00+00:00 [queued]>
[2025-03-30T11:33:02.468+0000] {taskinstance.py:1979} INFO - Dependencies all met for dep_context=requeueable deps ti=<TaskInstance: inout_data_ingestion.create_table scheduled__2024-09-29T21:30:00+00:00 [queued]>
[2025-03-30T11:33:02.469+0000] {taskinstance.py:2193} INFO - Starting attempt 1 of 2
[2025-03-30T11:33:02.488+0000] {taskinstance.py:2214} INFO - Executing <Task(PythonOperator): create_table> on 2024-09-29 21:30:00+00:00
[2025-03-30T11:33:02.493+0000] {standard_task_runner.py:60} INFO - Started process 5496 to run task
[2025-03-30T11:33:02.500+0000] {standard_task_runner.py:87} INFO - Running: ['***', 'tasks', 'run', 'inout_data_ingestion', 'create_table', 'scheduled__2024-09-29T21:30:00+00:00', '--job-id', '2721', '--raw', '--subdir', 'DAGS_FOLDER/inout_data.py', '--cfg-path', '/tmp/tmp9lajjeik']
[2025-03-30T11:33:02.504+0000] {standard_task_runner.py:88} INFO - Job 2721: Subtask create_table
[2025-03-30T11:33:02.518+0000] {warnings.py:109} WARNING - /home/***/.local/lib/python3.8/site-packages/***/settings.py:194: DeprecationWarning: The sql_alchemy_conn option in [core] has been moved to the sql_alchemy_conn option in [database] - the old setting has been used, but please update your config.
  SQL_ALCHEMY_CONN = conf.get("database", "SQL_ALCHEMY_CONN")

[2025-03-30T11:33:02.557+0000] {task_command.py:423} INFO - Running <TaskInstance: inout_data_ingestion.create_table scheduled__2024-09-29T21:30:00+00:00 [running]> on host ff9d64b065e6
[2025-03-30T11:33:02.652+0000] {taskinstance.py:2510} INFO - Exporting env vars: AIRFLOW_CTX_DAG_OWNER='***' AIRFLOW_CTX_DAG_ID='inout_data_ingestion' AIRFLOW_CTX_TASK_ID='create_table' AIRFLOW_CTX_EXECUTION_DATE='2024-09-29T21:30:00+00:00' AIRFLOW_CTX_TRY_NUMBER='1' AIRFLOW_CTX_DAG_RUN_ID='scheduled__2024-09-29T21:30:00+00:00'
[2025-03-30T11:33:02.656+0000] {logging_mixin.py:188} INFO - Successfully connected to MariaDB: INOUT on mariadb:3306
[2025-03-30T11:33:02.657+0000] {inout_data.py:46} INFO - Table emp_inout_rec created (if it didn't exist).
[2025-03-30T11:33:02.658+0000] {logging_mixin.py:188} INFO - MariaDB connection closed.
[2025-03-30T11:33:02.659+0000] {python.py:202} INFO - Done. Returned value was: None
[2025-03-30T11:33:02.666+0000] {taskinstance.py:1149} INFO - Marking task as SUCCESS. dag_id=inout_data_ingestion, task_id=create_table, execution_date=20240929T213000, start_date=20250330T113302, end_date=20250330T113302
[2025-03-30T11:33:02.716+0000] {local_task_job_runner.py:234} INFO - Task exited with return code 0
[2025-03-30T11:33:02.740+0000] {taskinstance.py:3309} INFO - 1 downstream tasks scheduled from follow-on schedule check
[2025-03-30T11:38:31.625+0000] {taskinstance.py:1979} INFO - Dependencies all met for dep_context=non-requeueable deps ti=<TaskInstance: inout_data_ingestion.create_table scheduled__2024-09-29T21:30:00+00:00 [queued]>
[2025-03-30T11:38:31.674+0000] {taskinstance.py:1979} INFO - Dependencies all met for dep_context=requeueable deps ti=<TaskInstance: inout_data_ingestion.create_table scheduled__2024-09-29T21:30:00+00:00 [queued]>
[2025-03-30T11:38:31.678+0000] {taskinstance.py:2193} INFO - Starting attempt 1 of 2
[2025-03-30T11:38:31.738+0000] {taskinstance.py:2214} INFO - Executing <Task(PythonOperator): create_table> on 2024-09-29 21:30:00+00:00
[2025-03-30T11:38:31.752+0000] {standard_task_runner.py:60} INFO - Started process 6397 to run task
[2025-03-30T11:38:31.766+0000] {standard_task_runner.py:87} INFO - Running: ['***', 'tasks', 'run', 'inout_data_ingestion', 'create_table', 'scheduled__2024-09-29T21:30:00+00:00', '--job-id', '3173', '--raw', '--subdir', 'DAGS_FOLDER/inout_data.py', '--cfg-path', '/tmp/tmpa1jmaepx']
[2025-03-30T11:38:31.769+0000] {standard_task_runner.py:88} INFO - Job 3173: Subtask create_table
[2025-03-30T11:38:31.960+0000] {warnings.py:109} WARNING - /home/***/.local/lib/python3.8/site-packages/***/settings.py:194: DeprecationWarning: The sql_alchemy_conn option in [core] has been moved to the sql_alchemy_conn option in [database] - the old setting has been used, but please update your config.
  SQL_ALCHEMY_CONN = conf.get("database", "SQL_ALCHEMY_CONN")

[2025-03-30T11:38:32.064+0000] {task_command.py:423} INFO - Running <TaskInstance: inout_data_ingestion.create_table scheduled__2024-09-29T21:30:00+00:00 [running]> on host ff9d64b065e6
[2025-03-30T11:38:32.287+0000] {taskinstance.py:2510} INFO - Exporting env vars: AIRFLOW_CTX_DAG_OWNER='***' AIRFLOW_CTX_DAG_ID='inout_data_ingestion' AIRFLOW_CTX_TASK_ID='create_table' AIRFLOW_CTX_EXECUTION_DATE='2024-09-29T21:30:00+00:00' AIRFLOW_CTX_TRY_NUMBER='1' AIRFLOW_CTX_DAG_RUN_ID='scheduled__2024-09-29T21:30:00+00:00'
[2025-03-30T11:38:32.300+0000] {logging_mixin.py:188} INFO - Successfully connected to MariaDB: INOUT on mariadb:3306
[2025-03-30T11:38:32.301+0000] {inout_data.py:46} INFO - Table emp_inout_rec created (if it didn't exist).
[2025-03-30T11:38:32.304+0000] {logging_mixin.py:188} INFO - MariaDB connection closed.
[2025-03-30T11:38:32.306+0000] {python.py:202} INFO - Done. Returned value was: None
[2025-03-30T11:38:32.322+0000] {taskinstance.py:1149} INFO - Marking task as SUCCESS. dag_id=inout_data_ingestion, task_id=create_table, execution_date=20240929T213000, start_date=20250330T113831, end_date=20250330T113832
[2025-03-30T11:38:32.397+0000] {local_task_job_runner.py:234} INFO - Task exited with return code 0
[2025-03-30T11:38:32.510+0000] {taskinstance.py:3309} INFO - 1 downstream tasks scheduled from follow-on schedule check
[2025-03-30T11:40:37.030+0000] {taskinstance.py:1979} INFO - Dependencies all met for dep_context=non-requeueable deps ti=<TaskInstance: inout_data_ingestion.create_table scheduled__2024-09-29T21:30:00+00:00 [queued]>
[2025-03-30T11:40:37.062+0000] {taskinstance.py:1979} INFO - Dependencies all met for dep_context=requeueable deps ti=<TaskInstance: inout_data_ingestion.create_table scheduled__2024-09-29T21:30:00+00:00 [queued]>
[2025-03-30T11:40:37.064+0000] {taskinstance.py:2193} INFO - Starting attempt 1 of 2
[2025-03-30T11:40:37.126+0000] {taskinstance.py:2214} INFO - Executing <Task(PythonOperator): create_table> on 2024-09-29 21:30:00+00:00
[2025-03-30T11:40:37.131+0000] {standard_task_runner.py:60} INFO - Started process 6839 to run task
[2025-03-30T11:40:37.157+0000] {standard_task_runner.py:87} INFO - Running: ['***', 'tasks', 'run', 'inout_data_ingestion', 'create_table', 'scheduled__2024-09-29T21:30:00+00:00', '--job-id', '3393', '--raw', '--subdir', 'DAGS_FOLDER/inout_data.py', '--cfg-path', '/tmp/tmp6en5311g']
[2025-03-30T11:40:37.170+0000] {standard_task_runner.py:88} INFO - Job 3393: Subtask create_table
[2025-03-30T11:40:37.218+0000] {warnings.py:109} WARNING - /home/***/.local/lib/python3.8/site-packages/***/settings.py:194: DeprecationWarning: The sql_alchemy_conn option in [core] has been moved to the sql_alchemy_conn option in [database] - the old setting has been used, but please update your config.
  SQL_ALCHEMY_CONN = conf.get("database", "SQL_ALCHEMY_CONN")

[2025-03-30T11:40:37.372+0000] {task_command.py:423} INFO - Running <TaskInstance: inout_data_ingestion.create_table scheduled__2024-09-29T21:30:00+00:00 [running]> on host ff9d64b065e6
[2025-03-30T11:40:37.628+0000] {taskinstance.py:2510} INFO - Exporting env vars: AIRFLOW_CTX_DAG_OWNER='***' AIRFLOW_CTX_DAG_ID='inout_data_ingestion' AIRFLOW_CTX_TASK_ID='create_table' AIRFLOW_CTX_EXECUTION_DATE='2024-09-29T21:30:00+00:00' AIRFLOW_CTX_TRY_NUMBER='1' AIRFLOW_CTX_DAG_RUN_ID='scheduled__2024-09-29T21:30:00+00:00'
[2025-03-30T11:40:37.634+0000] {logging_mixin.py:188} INFO - Successfully connected to MariaDB: INOUT on mariadb:3306
[2025-03-30T11:40:37.638+0000] {inout_data.py:46} INFO - Table emp_inout_rec created (if it didn't exist).
[2025-03-30T11:40:37.639+0000] {logging_mixin.py:188} INFO - MariaDB connection closed.
[2025-03-30T11:40:37.640+0000] {python.py:202} INFO - Done. Returned value was: None
[2025-03-30T11:40:37.658+0000] {taskinstance.py:1149} INFO - Marking task as SUCCESS. dag_id=inout_data_ingestion, task_id=create_table, execution_date=20240929T213000, start_date=20250330T114037, end_date=20250330T114037
[2025-03-30T11:40:37.722+0000] {local_task_job_runner.py:234} INFO - Task exited with return code 0
[2025-03-30T11:40:37.779+0000] {taskinstance.py:3309} INFO - 1 downstream tasks scheduled from follow-on schedule check
