[2025-03-30T11:13:51.603+0000] {taskinstance.py:1979} INFO - Dependencies all met for dep_context=non-requeueable deps ti=<TaskInstance: inout_data_ingestion.create_table scheduled__2024-10-08T08:00:00+00:00 [queued]>
[2025-03-30T11:13:51.617+0000] {taskinstance.py:1979} INFO - Dependencies all met for dep_context=requeueable deps ti=<TaskInstance: inout_data_ingestion.create_table scheduled__2024-10-08T08:00:00+00:00 [queued]>
[2025-03-30T11:13:51.619+0000] {taskinstance.py:2193} INFO - Starting attempt 1 of 2
[2025-03-30T11:13:51.638+0000] {taskinstance.py:2214} INFO - Executing <Task(PythonOperator): create_table> on 2024-10-08 08:00:00+00:00
[2025-03-30T11:13:51.643+0000] {standard_task_runner.py:60} INFO - Started process 1892 to run task
[2025-03-30T11:13:51.649+0000] {standard_task_runner.py:87} INFO - Running: ['***', 'tasks', 'run', 'inout_data_ingestion', 'create_table', 'scheduled__2024-10-08T08:00:00+00:00', '--job-id', '920', '--raw', '--subdir', 'DAGS_FOLDER/inout_data.py', '--cfg-path', '/tmp/tmppv73gt8w']
[2025-03-30T11:13:51.650+0000] {standard_task_runner.py:88} INFO - Job 920: Subtask create_table
[2025-03-30T11:13:51.665+0000] {warnings.py:109} WARNING - /home/***/.local/lib/python3.8/site-packages/***/settings.py:194: DeprecationWarning: The sql_alchemy_conn option in [core] has been moved to the sql_alchemy_conn option in [database] - the old setting has been used, but please update your config.
  SQL_ALCHEMY_CONN = conf.get("database", "SQL_ALCHEMY_CONN")

[2025-03-30T11:13:51.692+0000] {task_command.py:423} INFO - Running <TaskInstance: inout_data_ingestion.create_table scheduled__2024-10-08T08:00:00+00:00 [running]> on host ff9d64b065e6
[2025-03-30T11:13:51.753+0000] {taskinstance.py:2510} INFO - Exporting env vars: AIRFLOW_CTX_DAG_OWNER='***' AIRFLOW_CTX_DAG_ID='inout_data_ingestion' AIRFLOW_CTX_TASK_ID='create_table' AIRFLOW_CTX_EXECUTION_DATE='2024-10-08T08:00:00+00:00' AIRFLOW_CTX_TRY_NUMBER='1' AIRFLOW_CTX_DAG_RUN_ID='scheduled__2024-10-08T08:00:00+00:00'
[2025-03-30T11:13:51.757+0000] {inout_data.py:42} INFO - Successfully connected to MariaDB: INOUT on mariadb:3306
[2025-03-30T11:13:51.758+0000] {inout_data.py:124} INFO - Table emp_inout_rec created (if it didn't exist).
[2025-03-30T11:13:51.758+0000] {inout_data.py:78} INFO - MariaDB connection closed.
[2025-03-30T11:13:51.758+0000] {python.py:202} INFO - Done. Returned value was: None
[2025-03-30T11:13:51.766+0000] {taskinstance.py:1149} INFO - Marking task as SUCCESS. dag_id=inout_data_ingestion, task_id=create_table, execution_date=20241008T080000, start_date=20250330T111351, end_date=20250330T111351
[2025-03-30T11:13:51.791+0000] {local_task_job_runner.py:234} INFO - Task exited with return code 0
[2025-03-30T11:13:51.807+0000] {taskinstance.py:3309} INFO - 1 downstream tasks scheduled from follow-on schedule check
[2025-03-30T11:20:37.753+0000] {taskinstance.py:1979} INFO - Dependencies all met for dep_context=non-requeueable deps ti=<TaskInstance: inout_data_ingestion.create_table scheduled__2024-10-08T08:00:00+00:00 [queued]>
[2025-03-30T11:20:37.792+0000] {taskinstance.py:1979} INFO - Dependencies all met for dep_context=requeueable deps ti=<TaskInstance: inout_data_ingestion.create_table scheduled__2024-10-08T08:00:00+00:00 [queued]>
[2025-03-30T11:20:37.794+0000] {taskinstance.py:2193} INFO - Starting attempt 1 of 2
[2025-03-30T11:20:37.867+0000] {taskinstance.py:2214} INFO - Executing <Task(PythonOperator): create_table> on 2024-10-08 08:00:00+00:00
[2025-03-30T11:20:37.882+0000] {standard_task_runner.py:60} INFO - Started process 3741 to run task
[2025-03-30T11:20:37.899+0000] {standard_task_runner.py:87} INFO - Running: ['***', 'tasks', 'run', 'inout_data_ingestion', 'create_table', 'scheduled__2024-10-08T08:00:00+00:00', '--job-id', '1844', '--raw', '--subdir', 'DAGS_FOLDER/inout_data.py', '--cfg-path', '/tmp/tmpoa9hut2d']
[2025-03-30T11:20:37.901+0000] {standard_task_runner.py:88} INFO - Job 1844: Subtask create_table
[2025-03-30T11:20:37.958+0000] {warnings.py:109} WARNING - /home/***/.local/lib/python3.8/site-packages/***/settings.py:194: DeprecationWarning: The sql_alchemy_conn option in [core] has been moved to the sql_alchemy_conn option in [database] - the old setting has been used, but please update your config.
  SQL_ALCHEMY_CONN = conf.get("database", "SQL_ALCHEMY_CONN")

[2025-03-30T11:20:38.058+0000] {task_command.py:423} INFO - Running <TaskInstance: inout_data_ingestion.create_table scheduled__2024-10-08T08:00:00+00:00 [running]> on host ff9d64b065e6
[2025-03-30T11:20:38.237+0000] {taskinstance.py:2510} INFO - Exporting env vars: AIRFLOW_CTX_DAG_OWNER='***' AIRFLOW_CTX_DAG_ID='inout_data_ingestion' AIRFLOW_CTX_TASK_ID='create_table' AIRFLOW_CTX_EXECUTION_DATE='2024-10-08T08:00:00+00:00' AIRFLOW_CTX_TRY_NUMBER='1' AIRFLOW_CTX_DAG_RUN_ID='scheduled__2024-10-08T08:00:00+00:00'
[2025-03-30T11:20:38.245+0000] {inout_data.py:42} INFO - Successfully connected to MariaDB: INOUT on mariadb:3306
[2025-03-30T11:20:38.246+0000] {inout_data.py:117} INFO - Table emp_inout_rec created (if it didn't exist).
[2025-03-30T11:20:38.247+0000] {inout_data.py:78} INFO - MariaDB connection closed.
[2025-03-30T11:20:38.248+0000] {python.py:202} INFO - Done. Returned value was: None
[2025-03-30T11:20:38.266+0000] {taskinstance.py:1149} INFO - Marking task as SUCCESS. dag_id=inout_data_ingestion, task_id=create_table, execution_date=20241008T080000, start_date=20250330T112037, end_date=20250330T112038
[2025-03-30T11:20:38.330+0000] {local_task_job_runner.py:234} INFO - Task exited with return code 0
[2025-03-30T11:20:38.375+0000] {taskinstance.py:3309} INFO - 1 downstream tasks scheduled from follow-on schedule check
