[2025-03-30T11:11:19.724+0000] {taskinstance.py:1979} INFO - Dependencies all met for dep_context=non-requeueable deps ti=<TaskInstance: inout_data_ingestion.ingest_dummy_data scheduled__2024-10-03T14:00:00+00:00 [queued]>
[2025-03-30T11:11:19.749+0000] {taskinstance.py:1979} INFO - Dependencies all met for dep_context=requeueable deps ti=<TaskInstance: inout_data_ingestion.ingest_dummy_data scheduled__2024-10-03T14:00:00+00:00 [queued]>
[2025-03-30T11:11:19.752+0000] {taskinstance.py:2193} INFO - Starting attempt 1 of 2
[2025-03-30T11:11:19.782+0000] {taskinstance.py:2214} INFO - Executing <Task(PythonOperator): ingest_dummy_data> on 2024-10-03 14:00:00+00:00
[2025-03-30T11:11:19.791+0000] {standard_task_runner.py:60} INFO - Started process 997 to run task
[2025-03-30T11:11:19.806+0000] {standard_task_runner.py:87} INFO - Running: ['***', 'tasks', 'run', 'inout_data_ingestion', 'ingest_dummy_data', 'scheduled__2024-10-03T14:00:00+00:00', '--job-id', '471', '--raw', '--subdir', 'DAGS_FOLDER/inout_data.py', '--cfg-path', '/tmp/tmpy4j7plo0']
[2025-03-30T11:11:19.813+0000] {standard_task_runner.py:88} INFO - Job 471: Subtask ingest_dummy_data
[2025-03-30T11:11:19.836+0000] {warnings.py:109} WARNING - /home/***/.local/lib/python3.8/site-packages/***/settings.py:194: DeprecationWarning: The sql_alchemy_conn option in [core] has been moved to the sql_alchemy_conn option in [database] - the old setting has been used, but please update your config.
  SQL_ALCHEMY_CONN = conf.get("database", "SQL_ALCHEMY_CONN")

[2025-03-30T11:11:19.903+0000] {task_command.py:423} INFO - Running <TaskInstance: inout_data_ingestion.ingest_dummy_data scheduled__2024-10-03T14:00:00+00:00 [running]> on host ff9d64b065e6
[2025-03-30T11:11:20.072+0000] {taskinstance.py:2510} INFO - Exporting env vars: AIRFLOW_CTX_DAG_OWNER='***' AIRFLOW_CTX_DAG_ID='inout_data_ingestion' AIRFLOW_CTX_TASK_ID='ingest_dummy_data' AIRFLOW_CTX_EXECUTION_DATE='2024-10-03T14:00:00+00:00' AIRFLOW_CTX_TRY_NUMBER='1' AIRFLOW_CTX_DAG_RUN_ID='scheduled__2024-10-03T14:00:00+00:00'
[2025-03-30T11:11:20.111+0000] {inout_data.py:42} INFO - Successfully connected to MariaDB: INOUT on mariadb:3306
[2025-03-30T11:11:20.144+0000] {inout_data.py:63} ERROR - Error executing query: (1062, "Duplicate entry '2025-03-30 11:11:20-2942' for key 'PRIMARY'")
[2025-03-30T11:11:20.151+0000] {inout_data.py:63} ERROR - Error executing query: (1062, "Duplicate entry '2025-03-30 11:11:20-2942' for key 'PRIMARY'")
[2025-03-30T11:11:20.158+0000] {inout_data.py:63} ERROR - Error executing query: (1062, "Duplicate entry '2025-03-30 11:11:20-2942' for key 'PRIMARY'")
[2025-03-30T11:11:20.160+0000] {inout_data.py:63} ERROR - Error executing query: (1062, "Duplicate entry '2025-03-30 11:11:20-2942' for key 'PRIMARY'")
[2025-03-30T11:11:20.160+0000] {inout_data.py:63} ERROR - Error executing query: (1062, "Duplicate entry '2025-03-30 11:11:20-2942' for key 'PRIMARY'")
[2025-03-30T11:11:20.161+0000] {inout_data.py:63} ERROR - Error executing query: (1062, "Duplicate entry '2025-03-30 11:11:20-2942' for key 'PRIMARY'")
[2025-03-30T11:11:20.162+0000] {inout_data.py:63} ERROR - Error executing query: (1062, "Duplicate entry '2025-03-30 11:11:20-2942' for key 'PRIMARY'")
[2025-03-30T11:11:20.164+0000] {inout_data.py:63} ERROR - Error executing query: (1062, "Duplicate entry '2025-03-30 11:11:20-2942' for key 'PRIMARY'")
[2025-03-30T11:11:20.184+0000] {inout_data.py:63} ERROR - Error executing query: (1062, "Duplicate entry '2025-03-30 11:11:20-2942' for key 'PRIMARY'")
[2025-03-30T11:11:20.271+0000] {inout_data.py:63} ERROR - Error executing query: (1062, "Duplicate entry '2025-03-30 11:11:20-2942' for key 'PRIMARY'")
[2025-03-30T11:11:20.276+0000] {inout_data.py:63} ERROR - Error executing query: (1062, "Duplicate entry '2025-03-30 11:11:20-2942' for key 'PRIMARY'")
[2025-03-30T11:11:20.280+0000] {inout_data.py:159} INFO - Ingested 12 rows of dummy data.
[2025-03-30T11:11:20.281+0000] {inout_data.py:78} INFO - MariaDB connection closed.
[2025-03-30T11:11:20.284+0000] {python.py:202} INFO - Done. Returned value was: None
[2025-03-30T11:11:20.377+0000] {taskinstance.py:1149} INFO - Marking task as SUCCESS. dag_id=inout_data_ingestion, task_id=ingest_dummy_data, execution_date=20241003T140000, start_date=20250330T111119, end_date=20250330T111120
[2025-03-30T11:11:20.439+0000] {local_task_job_runner.py:234} INFO - Task exited with return code 0
[2025-03-30T11:11:20.518+0000] {taskinstance.py:3309} INFO - 0 downstream tasks scheduled from follow-on schedule check
[2025-03-30T11:17:49.073+0000] {taskinstance.py:1979} INFO - Dependencies all met for dep_context=non-requeueable deps ti=<TaskInstance: inout_data_ingestion.ingest_dummy_data scheduled__2024-10-03T14:00:00+00:00 [queued]>
[2025-03-30T11:17:49.082+0000] {taskinstance.py:1979} INFO - Dependencies all met for dep_context=requeueable deps ti=<TaskInstance: inout_data_ingestion.ingest_dummy_data scheduled__2024-10-03T14:00:00+00:00 [queued]>
[2025-03-30T11:17:49.083+0000] {taskinstance.py:2193} INFO - Starting attempt 1 of 2
[2025-03-30T11:17:49.093+0000] {taskinstance.py:2214} INFO - Executing <Task(PythonOperator): ingest_dummy_data> on 2024-10-03 14:00:00+00:00
[2025-03-30T11:17:49.097+0000] {standard_task_runner.py:60} INFO - Started process 2834 to run task
[2025-03-30T11:17:49.099+0000] {standard_task_runner.py:87} INFO - Running: ['***', 'tasks', 'run', 'inout_data_ingestion', 'ingest_dummy_data', 'scheduled__2024-10-03T14:00:00+00:00', '--job-id', '1392', '--raw', '--subdir', 'DAGS_FOLDER/inout_data.py', '--cfg-path', '/tmp/tmppxprsrvw']
[2025-03-30T11:17:49.100+0000] {standard_task_runner.py:88} INFO - Job 1392: Subtask ingest_dummy_data
[2025-03-30T11:17:49.107+0000] {warnings.py:109} WARNING - /home/***/.local/lib/python3.8/site-packages/***/settings.py:194: DeprecationWarning: The sql_alchemy_conn option in [core] has been moved to the sql_alchemy_conn option in [database] - the old setting has been used, but please update your config.
  SQL_ALCHEMY_CONN = conf.get("database", "SQL_ALCHEMY_CONN")

[2025-03-30T11:17:49.140+0000] {task_command.py:423} INFO - Running <TaskInstance: inout_data_ingestion.ingest_dummy_data scheduled__2024-10-03T14:00:00+00:00 [running]> on host ff9d64b065e6
[2025-03-30T11:17:49.226+0000] {taskinstance.py:2510} INFO - Exporting env vars: AIRFLOW_CTX_DAG_OWNER='***' AIRFLOW_CTX_DAG_ID='inout_data_ingestion' AIRFLOW_CTX_TASK_ID='ingest_dummy_data' AIRFLOW_CTX_EXECUTION_DATE='2024-10-03T14:00:00+00:00' AIRFLOW_CTX_TRY_NUMBER='1' AIRFLOW_CTX_DAG_RUN_ID='scheduled__2024-10-03T14:00:00+00:00'
[2025-03-30T11:17:49.229+0000] {inout_data.py:42} INFO - Successfully connected to MariaDB: INOUT on mariadb:3306
[2025-03-30T11:17:49.230+0000] {inout_data.py:63} ERROR - Error executing query: (1062, "Duplicate entry '2025-03-30 11:17:49-7359' for key 'PRIMARY'")
[2025-03-30T11:17:49.230+0000] {inout_data.py:63} ERROR - Error executing query: (1062, "Duplicate entry '2025-03-30 11:17:49-7359' for key 'PRIMARY'")
[2025-03-30T11:17:49.231+0000] {inout_data.py:63} ERROR - Error executing query: (1062, "Duplicate entry '2025-03-30 11:17:49-7359' for key 'PRIMARY'")
[2025-03-30T11:17:49.231+0000] {inout_data.py:63} ERROR - Error executing query: (1062, "Duplicate entry '2025-03-30 11:17:49-7359' for key 'PRIMARY'")
[2025-03-30T11:17:49.231+0000] {inout_data.py:63} ERROR - Error executing query: (1062, "Duplicate entry '2025-03-30 11:17:49-7359' for key 'PRIMARY'")
[2025-03-30T11:17:49.232+0000] {inout_data.py:63} ERROR - Error executing query: (1062, "Duplicate entry '2025-03-30 11:17:49-7359' for key 'PRIMARY'")
[2025-03-30T11:17:49.232+0000] {inout_data.py:63} ERROR - Error executing query: (1062, "Duplicate entry '2025-03-30 11:17:49-7359' for key 'PRIMARY'")
[2025-03-30T11:17:49.232+0000] {inout_data.py:63} ERROR - Error executing query: (1062, "Duplicate entry '2025-03-30 11:17:49-7359' for key 'PRIMARY'")
[2025-03-30T11:17:49.233+0000] {inout_data.py:63} ERROR - Error executing query: (1062, "Duplicate entry '2025-03-30 11:17:49-7359' for key 'PRIMARY'")
[2025-03-30T11:17:49.233+0000] {inout_data.py:63} ERROR - Error executing query: (1062, "Duplicate entry '2025-03-30 11:17:49-7359' for key 'PRIMARY'")
[2025-03-30T11:17:49.233+0000] {inout_data.py:63} ERROR - Error executing query: (1062, "Duplicate entry '2025-03-30 11:17:49-7359' for key 'PRIMARY'")
[2025-03-30T11:17:49.234+0000] {inout_data.py:63} ERROR - Error executing query: (1062, "Duplicate entry '2025-03-30 11:17:49-7359' for key 'PRIMARY'")
[2025-03-30T11:17:49.234+0000] {inout_data.py:63} ERROR - Error executing query: (1062, "Duplicate entry '2025-03-30 11:17:49-7359' for key 'PRIMARY'")
[2025-03-30T11:17:49.234+0000] {inout_data.py:63} ERROR - Error executing query: (1062, "Duplicate entry '2025-03-30 11:17:49-7359' for key 'PRIMARY'")
[2025-03-30T11:17:49.235+0000] {inout_data.py:63} ERROR - Error executing query: (1062, "Duplicate entry '2025-03-30 11:17:49-7359' for key 'PRIMARY'")
[2025-03-30T11:17:49.235+0000] {inout_data.py:63} ERROR - Error executing query: (1062, "Duplicate entry '2025-03-30 11:17:49-7359' for key 'PRIMARY'")
[2025-03-30T11:17:49.235+0000] {inout_data.py:152} INFO - Ingested 17 rows of dummy data.
[2025-03-30T11:17:49.235+0000] {inout_data.py:78} INFO - MariaDB connection closed.
[2025-03-30T11:17:49.235+0000] {python.py:202} INFO - Done. Returned value was: None
[2025-03-30T11:17:49.239+0000] {taskinstance.py:1149} INFO - Marking task as SUCCESS. dag_id=inout_data_ingestion, task_id=ingest_dummy_data, execution_date=20241003T140000, start_date=20250330T111749, end_date=20250330T111749
[2025-03-30T11:17:49.286+0000] {local_task_job_runner.py:234} INFO - Task exited with return code 0
[2025-03-30T11:17:49.304+0000] {taskinstance.py:3309} INFO - 0 downstream tasks scheduled from follow-on schedule check
[2025-03-30T11:30:15.089+0000] {taskinstance.py:1979} INFO - Dependencies all met for dep_context=non-requeueable deps ti=<TaskInstance: inout_data_ingestion.ingest_dummy_data scheduled__2024-10-03T14:00:00+00:00 [queued]>
[2025-03-30T11:30:15.100+0000] {taskinstance.py:1979} INFO - Dependencies all met for dep_context=requeueable deps ti=<TaskInstance: inout_data_ingestion.ingest_dummy_data scheduled__2024-10-03T14:00:00+00:00 [queued]>
[2025-03-30T11:30:15.101+0000] {taskinstance.py:2193} INFO - Starting attempt 1 of 2
[2025-03-30T11:30:15.115+0000] {taskinstance.py:2214} INFO - Executing <Task(PythonOperator): ingest_dummy_data> on 2024-10-03 14:00:00+00:00
[2025-03-30T11:30:15.126+0000] {standard_task_runner.py:60} INFO - Started process 4763 to run task
[2025-03-30T11:30:15.135+0000] {standard_task_runner.py:87} INFO - Running: ['***', 'tasks', 'run', 'inout_data_ingestion', 'ingest_dummy_data', 'scheduled__2024-10-03T14:00:00+00:00', '--job-id', '2356', '--raw', '--subdir', 'DAGS_FOLDER/inout_data.py', '--cfg-path', '/tmp/tmpa3hgb2r1']
[2025-03-30T11:30:15.137+0000] {standard_task_runner.py:88} INFO - Job 2356: Subtask ingest_dummy_data
[2025-03-30T11:30:15.149+0000] {warnings.py:109} WARNING - /home/***/.local/lib/python3.8/site-packages/***/settings.py:194: DeprecationWarning: The sql_alchemy_conn option in [core] has been moved to the sql_alchemy_conn option in [database] - the old setting has been used, but please update your config.
  SQL_ALCHEMY_CONN = conf.get("database", "SQL_ALCHEMY_CONN")

[2025-03-30T11:30:15.180+0000] {task_command.py:423} INFO - Running <TaskInstance: inout_data_ingestion.ingest_dummy_data scheduled__2024-10-03T14:00:00+00:00 [running]> on host ff9d64b065e6
[2025-03-30T11:30:15.260+0000] {taskinstance.py:2510} INFO - Exporting env vars: AIRFLOW_CTX_DAG_OWNER='***' AIRFLOW_CTX_DAG_ID='inout_data_ingestion' AIRFLOW_CTX_TASK_ID='ingest_dummy_data' AIRFLOW_CTX_EXECUTION_DATE='2024-10-03T14:00:00+00:00' AIRFLOW_CTX_TRY_NUMBER='1' AIRFLOW_CTX_DAG_RUN_ID='scheduled__2024-10-03T14:00:00+00:00'
[2025-03-30T11:30:15.266+0000] {logging_mixin.py:188} INFO - Successfully connected to MariaDB: INOUT on mariadb:3306
[2025-03-30T11:30:15.266+0000] {logging_mixin.py:188} INFO - General error executing query: not all arguments converted during string formatting
[2025-03-30T11:30:15.267+0000] {logging_mixin.py:188} INFO - General error executing query: not all arguments converted during string formatting
[2025-03-30T11:30:15.267+0000] {logging_mixin.py:188} INFO - General error executing query: not all arguments converted during string formatting
[2025-03-30T11:30:15.268+0000] {logging_mixin.py:188} INFO - General error executing query: not all arguments converted during string formatting
[2025-03-30T11:30:15.268+0000] {logging_mixin.py:188} INFO - General error executing query: not all arguments converted during string formatting
[2025-03-30T11:30:15.268+0000] {inout_data.py:87} INFO - Ingested 5 rows of dummy data for 2024-10-03 14:00:00+00:00.
[2025-03-30T11:30:15.269+0000] {logging_mixin.py:188} INFO - MariaDB connection closed.
[2025-03-30T11:30:15.269+0000] {python.py:202} INFO - Done. Returned value was: None
[2025-03-30T11:30:15.285+0000] {taskinstance.py:1149} INFO - Marking task as SUCCESS. dag_id=inout_data_ingestion, task_id=ingest_dummy_data, execution_date=20241003T140000, start_date=20250330T113015, end_date=20250330T113015
[2025-03-30T11:30:15.311+0000] {local_task_job_runner.py:234} INFO - Task exited with return code 0
[2025-03-30T11:30:15.386+0000] {taskinstance.py:3309} INFO - 0 downstream tasks scheduled from follow-on schedule check
