[2025-03-30T11:11:04.583+0000] {taskinstance.py:1979} INFO - Dependencies all met for dep_context=non-requeueable deps ti=<TaskInstance: inout_data_ingestion.create_table scheduled__2024-10-03T06:00:00+00:00 [queued]>
[2025-03-30T11:11:04.602+0000] {taskinstance.py:1979} INFO - Dependencies all met for dep_context=requeueable deps ti=<TaskInstance: inout_data_ingestion.create_table scheduled__2024-10-03T06:00:00+00:00 [queued]>
[2025-03-30T11:11:04.605+0000] {taskinstance.py:2193} INFO - Starting attempt 1 of 2
[2025-03-30T11:11:04.627+0000] {taskinstance.py:2214} INFO - Executing <Task(PythonOperator): create_table> on 2024-10-03 06:00:00+00:00
[2025-03-30T11:11:04.633+0000] {standard_task_runner.py:60} INFO - Started process 917 to run task
[2025-03-30T11:11:04.638+0000] {standard_task_runner.py:87} INFO - Running: ['***', 'tasks', 'run', 'inout_data_ingestion', 'create_table', 'scheduled__2024-10-03T06:00:00+00:00', '--job-id', '432', '--raw', '--subdir', 'DAGS_FOLDER/inout_data.py', '--cfg-path', '/tmp/tmplxqy_a9c']
[2025-03-30T11:11:04.640+0000] {standard_task_runner.py:88} INFO - Job 432: Subtask create_table
[2025-03-30T11:11:04.664+0000] {warnings.py:109} WARNING - /home/***/.local/lib/python3.8/site-packages/***/settings.py:194: DeprecationWarning: The sql_alchemy_conn option in [core] has been moved to the sql_alchemy_conn option in [database] - the old setting has been used, but please update your config.
  SQL_ALCHEMY_CONN = conf.get("database", "SQL_ALCHEMY_CONN")

[2025-03-30T11:11:04.754+0000] {task_command.py:423} INFO - Running <TaskInstance: inout_data_ingestion.create_table scheduled__2024-10-03T06:00:00+00:00 [running]> on host ff9d64b065e6
[2025-03-30T11:11:04.930+0000] {taskinstance.py:2510} INFO - Exporting env vars: AIRFLOW_CTX_DAG_OWNER='***' AIRFLOW_CTX_DAG_ID='inout_data_ingestion' AIRFLOW_CTX_TASK_ID='create_table' AIRFLOW_CTX_EXECUTION_DATE='2024-10-03T06:00:00+00:00' AIRFLOW_CTX_TRY_NUMBER='1' AIRFLOW_CTX_DAG_RUN_ID='scheduled__2024-10-03T06:00:00+00:00'
[2025-03-30T11:11:04.948+0000] {inout_data.py:42} INFO - Successfully connected to MariaDB: INOUT on mariadb:3306
[2025-03-30T11:11:04.950+0000] {inout_data.py:124} INFO - Table emp_inout_rec created (if it didn't exist).
[2025-03-30T11:11:04.951+0000] {inout_data.py:78} INFO - MariaDB connection closed.
[2025-03-30T11:11:04.952+0000] {python.py:202} INFO - Done. Returned value was: None
[2025-03-30T11:11:04.975+0000] {taskinstance.py:1149} INFO - Marking task as SUCCESS. dag_id=inout_data_ingestion, task_id=create_table, execution_date=20241003T060000, start_date=20250330T111104, end_date=20250330T111104
[2025-03-30T11:11:05.029+0000] {local_task_job_runner.py:234} INFO - Task exited with return code 0
[2025-03-30T11:11:05.074+0000] {taskinstance.py:3309} INFO - 0 downstream tasks scheduled from follow-on schedule check
[2025-03-30T11:17:41.137+0000] {taskinstance.py:1979} INFO - Dependencies all met for dep_context=non-requeueable deps ti=<TaskInstance: inout_data_ingestion.create_table scheduled__2024-10-03T06:00:00+00:00 [queued]>
[2025-03-30T11:17:41.146+0000] {taskinstance.py:1979} INFO - Dependencies all met for dep_context=requeueable deps ti=<TaskInstance: inout_data_ingestion.create_table scheduled__2024-10-03T06:00:00+00:00 [queued]>
[2025-03-30T11:17:41.147+0000] {taskinstance.py:2193} INFO - Starting attempt 1 of 2
[2025-03-30T11:17:41.171+0000] {taskinstance.py:2214} INFO - Executing <Task(PythonOperator): create_table> on 2024-10-03 06:00:00+00:00
[2025-03-30T11:17:41.177+0000] {standard_task_runner.py:60} INFO - Started process 2767 to run task
[2025-03-30T11:17:41.189+0000] {standard_task_runner.py:87} INFO - Running: ['***', 'tasks', 'run', 'inout_data_ingestion', 'create_table', 'scheduled__2024-10-03T06:00:00+00:00', '--job-id', '1358', '--raw', '--subdir', 'DAGS_FOLDER/inout_data.py', '--cfg-path', '/tmp/tmpqb1kz4vd']
[2025-03-30T11:17:41.192+0000] {standard_task_runner.py:88} INFO - Job 1358: Subtask create_table
[2025-03-30T11:17:41.208+0000] {warnings.py:109} WARNING - /home/***/.local/lib/python3.8/site-packages/***/settings.py:194: DeprecationWarning: The sql_alchemy_conn option in [core] has been moved to the sql_alchemy_conn option in [database] - the old setting has been used, but please update your config.
  SQL_ALCHEMY_CONN = conf.get("database", "SQL_ALCHEMY_CONN")

[2025-03-30T11:17:41.259+0000] {task_command.py:423} INFO - Running <TaskInstance: inout_data_ingestion.create_table scheduled__2024-10-03T06:00:00+00:00 [running]> on host ff9d64b065e6
[2025-03-30T11:17:41.386+0000] {taskinstance.py:2510} INFO - Exporting env vars: AIRFLOW_CTX_DAG_OWNER='***' AIRFLOW_CTX_DAG_ID='inout_data_ingestion' AIRFLOW_CTX_TASK_ID='create_table' AIRFLOW_CTX_EXECUTION_DATE='2024-10-03T06:00:00+00:00' AIRFLOW_CTX_TRY_NUMBER='1' AIRFLOW_CTX_DAG_RUN_ID='scheduled__2024-10-03T06:00:00+00:00'
[2025-03-30T11:17:41.393+0000] {inout_data.py:42} INFO - Successfully connected to MariaDB: INOUT on mariadb:3306
[2025-03-30T11:17:41.395+0000] {inout_data.py:117} INFO - Table emp_inout_rec created (if it didn't exist).
[2025-03-30T11:17:41.395+0000] {inout_data.py:78} INFO - MariaDB connection closed.
[2025-03-30T11:17:41.396+0000] {python.py:202} INFO - Done. Returned value was: None
[2025-03-30T11:17:41.406+0000] {taskinstance.py:1149} INFO - Marking task as SUCCESS. dag_id=inout_data_ingestion, task_id=create_table, execution_date=20241003T060000, start_date=20250330T111741, end_date=20250330T111741
[2025-03-30T11:17:41.453+0000] {local_task_job_runner.py:234} INFO - Task exited with return code 0
[2025-03-30T11:17:41.489+0000] {taskinstance.py:3309} INFO - 1 downstream tasks scheduled from follow-on schedule check
[2025-03-30T11:30:03.663+0000] {taskinstance.py:1979} INFO - Dependencies all met for dep_context=non-requeueable deps ti=<TaskInstance: inout_data_ingestion.create_table scheduled__2024-10-03T06:00:00+00:00 [queued]>
[2025-03-30T11:30:03.677+0000] {taskinstance.py:1979} INFO - Dependencies all met for dep_context=requeueable deps ti=<TaskInstance: inout_data_ingestion.create_table scheduled__2024-10-03T06:00:00+00:00 [queued]>
[2025-03-30T11:30:03.680+0000] {taskinstance.py:2193} INFO - Starting attempt 1 of 2
[2025-03-30T11:30:03.700+0000] {taskinstance.py:2214} INFO - Executing <Task(PythonOperator): create_table> on 2024-10-03 06:00:00+00:00
[2025-03-30T11:30:03.708+0000] {standard_task_runner.py:60} INFO - Started process 4686 to run task
[2025-03-30T11:30:03.715+0000] {standard_task_runner.py:87} INFO - Running: ['***', 'tasks', 'run', 'inout_data_ingestion', 'create_table', 'scheduled__2024-10-03T06:00:00+00:00', '--job-id', '2317', '--raw', '--subdir', 'DAGS_FOLDER/inout_data.py', '--cfg-path', '/tmp/tmp_zk1w4oj']
[2025-03-30T11:30:03.716+0000] {standard_task_runner.py:88} INFO - Job 2317: Subtask create_table
[2025-03-30T11:30:03.738+0000] {warnings.py:109} WARNING - /home/***/.local/lib/python3.8/site-packages/***/settings.py:194: DeprecationWarning: The sql_alchemy_conn option in [core] has been moved to the sql_alchemy_conn option in [database] - the old setting has been used, but please update your config.
  SQL_ALCHEMY_CONN = conf.get("database", "SQL_ALCHEMY_CONN")

[2025-03-30T11:30:03.798+0000] {task_command.py:423} INFO - Running <TaskInstance: inout_data_ingestion.create_table scheduled__2024-10-03T06:00:00+00:00 [running]> on host ff9d64b065e6
[2025-03-30T11:30:03.945+0000] {taskinstance.py:2510} INFO - Exporting env vars: AIRFLOW_CTX_DAG_OWNER='***' AIRFLOW_CTX_DAG_ID='inout_data_ingestion' AIRFLOW_CTX_TASK_ID='create_table' AIRFLOW_CTX_EXECUTION_DATE='2024-10-03T06:00:00+00:00' AIRFLOW_CTX_TRY_NUMBER='1' AIRFLOW_CTX_DAG_RUN_ID='scheduled__2024-10-03T06:00:00+00:00'
[2025-03-30T11:30:03.958+0000] {logging_mixin.py:188} INFO - Successfully connected to MariaDB: INOUT on mariadb:3306
[2025-03-30T11:30:03.960+0000] {inout_data.py:46} INFO - Table emp_inout_rec created (if it didn't exist).
[2025-03-30T11:30:03.960+0000] {logging_mixin.py:188} INFO - MariaDB connection closed.
[2025-03-30T11:30:03.961+0000] {python.py:202} INFO - Done. Returned value was: None
[2025-03-30T11:30:03.986+0000] {taskinstance.py:1149} INFO - Marking task as SUCCESS. dag_id=inout_data_ingestion, task_id=create_table, execution_date=20241003T060000, start_date=20250330T113003, end_date=20250330T113003
[2025-03-30T11:30:04.059+0000] {local_task_job_runner.py:234} INFO - Task exited with return code 0
[2025-03-30T11:30:04.110+0000] {taskinstance.py:3309} INFO - 1 downstream tasks scheduled from follow-on schedule check
[2025-03-30T11:34:59.537+0000] {taskinstance.py:1979} INFO - Dependencies all met for dep_context=non-requeueable deps ti=<TaskInstance: inout_data_ingestion.create_table scheduled__2024-10-03T06:00:00+00:00 [queued]>
[2025-03-30T11:34:59.547+0000] {taskinstance.py:1979} INFO - Dependencies all met for dep_context=requeueable deps ti=<TaskInstance: inout_data_ingestion.create_table scheduled__2024-10-03T06:00:00+00:00 [queued]>
[2025-03-30T11:34:59.548+0000] {taskinstance.py:2193} INFO - Starting attempt 1 of 2
[2025-03-30T11:34:59.564+0000] {taskinstance.py:2214} INFO - Executing <Task(PythonOperator): create_table> on 2024-10-03 06:00:00+00:00
[2025-03-30T11:34:59.571+0000] {standard_task_runner.py:60} INFO - Started process 6141 to run task
[2025-03-30T11:34:59.579+0000] {standard_task_runner.py:87} INFO - Running: ['***', 'tasks', 'run', 'inout_data_ingestion', 'create_table', 'scheduled__2024-10-03T06:00:00+00:00', '--job-id', '3045', '--raw', '--subdir', 'DAGS_FOLDER/inout_data.py', '--cfg-path', '/tmp/tmpfso7utsa']
[2025-03-30T11:34:59.582+0000] {standard_task_runner.py:88} INFO - Job 3045: Subtask create_table
[2025-03-30T11:34:59.610+0000] {warnings.py:109} WARNING - /home/***/.local/lib/python3.8/site-packages/***/settings.py:194: DeprecationWarning: The sql_alchemy_conn option in [core] has been moved to the sql_alchemy_conn option in [database] - the old setting has been used, but please update your config.
  SQL_ALCHEMY_CONN = conf.get("database", "SQL_ALCHEMY_CONN")

[2025-03-30T11:34:59.665+0000] {task_command.py:423} INFO - Running <TaskInstance: inout_data_ingestion.create_table scheduled__2024-10-03T06:00:00+00:00 [running]> on host ff9d64b065e6
[2025-03-30T11:34:59.770+0000] {taskinstance.py:2510} INFO - Exporting env vars: AIRFLOW_CTX_DAG_OWNER='***' AIRFLOW_CTX_DAG_ID='inout_data_ingestion' AIRFLOW_CTX_TASK_ID='create_table' AIRFLOW_CTX_EXECUTION_DATE='2024-10-03T06:00:00+00:00' AIRFLOW_CTX_TRY_NUMBER='1' AIRFLOW_CTX_DAG_RUN_ID='scheduled__2024-10-03T06:00:00+00:00'
[2025-03-30T11:34:59.775+0000] {logging_mixin.py:188} INFO - Successfully connected to MariaDB: INOUT on mariadb:3306
[2025-03-30T11:34:59.777+0000] {inout_data.py:46} INFO - Table emp_inout_rec created (if it didn't exist).
[2025-03-30T11:34:59.778+0000] {logging_mixin.py:188} INFO - MariaDB connection closed.
[2025-03-30T11:34:59.779+0000] {python.py:202} INFO - Done. Returned value was: None
[2025-03-30T11:34:59.799+0000] {taskinstance.py:1149} INFO - Marking task as SUCCESS. dag_id=inout_data_ingestion, task_id=create_table, execution_date=20241003T060000, start_date=20250330T113459, end_date=20250330T113459
[2025-03-30T11:34:59.841+0000] {local_task_job_runner.py:234} INFO - Task exited with return code 0
[2025-03-30T11:34:59.883+0000] {taskinstance.py:3309} INFO - 1 downstream tasks scheduled from follow-on schedule check
