[2025-03-30T11:11:25.241+0000] {taskinstance.py:1979} INFO - Dependencies all met for dep_context=non-requeueable deps ti=<TaskInstance: inout_data_ingestion.create_table scheduled__2024-10-03T19:30:00+00:00 [queued]>
[2025-03-30T11:11:25.262+0000] {taskinstance.py:1979} INFO - Dependencies all met for dep_context=requeueable deps ti=<TaskInstance: inout_data_ingestion.create_table scheduled__2024-10-03T19:30:00+00:00 [queued]>
[2025-03-30T11:11:25.263+0000] {taskinstance.py:2193} INFO - Starting attempt 1 of 2
[2025-03-30T11:11:25.287+0000] {taskinstance.py:2214} INFO - Executing <Task(PythonOperator): create_table> on 2024-10-03 19:30:00+00:00
[2025-03-30T11:11:25.295+0000] {standard_task_runner.py:60} INFO - Started process 1022 to run task
[2025-03-30T11:11:25.300+0000] {standard_task_runner.py:87} INFO - Running: ['***', 'tasks', 'run', 'inout_data_ingestion', 'create_table', 'scheduled__2024-10-03T19:30:00+00:00', '--job-id', '485', '--raw', '--subdir', 'DAGS_FOLDER/inout_data.py', '--cfg-path', '/tmp/tmpyfi_y441']
[2025-03-30T11:11:25.302+0000] {standard_task_runner.py:88} INFO - Job 485: Subtask create_table
[2025-03-30T11:11:25.327+0000] {warnings.py:109} WARNING - /home/***/.local/lib/python3.8/site-packages/***/settings.py:194: DeprecationWarning: The sql_alchemy_conn option in [core] has been moved to the sql_alchemy_conn option in [database] - the old setting has been used, but please update your config.
  SQL_ALCHEMY_CONN = conf.get("database", "SQL_ALCHEMY_CONN")

[2025-03-30T11:11:25.390+0000] {task_command.py:423} INFO - Running <TaskInstance: inout_data_ingestion.create_table scheduled__2024-10-03T19:30:00+00:00 [running]> on host ff9d64b065e6
[2025-03-30T11:11:25.485+0000] {taskinstance.py:2510} INFO - Exporting env vars: AIRFLOW_CTX_DAG_OWNER='***' AIRFLOW_CTX_DAG_ID='inout_data_ingestion' AIRFLOW_CTX_TASK_ID='create_table' AIRFLOW_CTX_EXECUTION_DATE='2024-10-03T19:30:00+00:00' AIRFLOW_CTX_TRY_NUMBER='1' AIRFLOW_CTX_DAG_RUN_ID='scheduled__2024-10-03T19:30:00+00:00'
[2025-03-30T11:11:25.494+0000] {inout_data.py:42} INFO - Successfully connected to MariaDB: INOUT on mariadb:3306
[2025-03-30T11:11:25.496+0000] {inout_data.py:124} INFO - Table emp_inout_rec created (if it didn't exist).
[2025-03-30T11:11:25.497+0000] {inout_data.py:78} INFO - MariaDB connection closed.
[2025-03-30T11:11:25.498+0000] {python.py:202} INFO - Done. Returned value was: None
[2025-03-30T11:11:25.512+0000] {taskinstance.py:1149} INFO - Marking task as SUCCESS. dag_id=inout_data_ingestion, task_id=create_table, execution_date=20241003T193000, start_date=20250330T111125, end_date=20250330T111125
[2025-03-30T11:11:25.564+0000] {local_task_job_runner.py:234} INFO - Task exited with return code 0
[2025-03-30T11:11:25.596+0000] {taskinstance.py:3309} INFO - 1 downstream tasks scheduled from follow-on schedule check
[2025-03-30T11:17:55.846+0000] {taskinstance.py:1979} INFO - Dependencies all met for dep_context=non-requeueable deps ti=<TaskInstance: inout_data_ingestion.create_table scheduled__2024-10-03T19:30:00+00:00 [queued]>
[2025-03-30T11:17:55.853+0000] {taskinstance.py:1979} INFO - Dependencies all met for dep_context=requeueable deps ti=<TaskInstance: inout_data_ingestion.create_table scheduled__2024-10-03T19:30:00+00:00 [queued]>
[2025-03-30T11:17:55.853+0000] {taskinstance.py:2193} INFO - Starting attempt 1 of 2
[2025-03-30T11:17:55.862+0000] {taskinstance.py:2214} INFO - Executing <Task(PythonOperator): create_table> on 2024-10-03 19:30:00+00:00
[2025-03-30T11:17:55.865+0000] {standard_task_runner.py:60} INFO - Started process 2875 to run task
[2025-03-30T11:17:55.868+0000] {standard_task_runner.py:87} INFO - Running: ['***', 'tasks', 'run', 'inout_data_ingestion', 'create_table', 'scheduled__2024-10-03T19:30:00+00:00', '--job-id', '1413', '--raw', '--subdir', 'DAGS_FOLDER/inout_data.py', '--cfg-path', '/tmp/tmpusf3b43b']
[2025-03-30T11:17:55.869+0000] {standard_task_runner.py:88} INFO - Job 1413: Subtask create_table
[2025-03-30T11:17:55.878+0000] {warnings.py:109} WARNING - /home/***/.local/lib/python3.8/site-packages/***/settings.py:194: DeprecationWarning: The sql_alchemy_conn option in [core] has been moved to the sql_alchemy_conn option in [database] - the old setting has been used, but please update your config.
  SQL_ALCHEMY_CONN = conf.get("database", "SQL_ALCHEMY_CONN")

[2025-03-30T11:17:55.898+0000] {task_command.py:423} INFO - Running <TaskInstance: inout_data_ingestion.create_table scheduled__2024-10-03T19:30:00+00:00 [running]> on host ff9d64b065e6
[2025-03-30T11:17:55.933+0000] {taskinstance.py:2510} INFO - Exporting env vars: AIRFLOW_CTX_DAG_OWNER='***' AIRFLOW_CTX_DAG_ID='inout_data_ingestion' AIRFLOW_CTX_TASK_ID='create_table' AIRFLOW_CTX_EXECUTION_DATE='2024-10-03T19:30:00+00:00' AIRFLOW_CTX_TRY_NUMBER='1' AIRFLOW_CTX_DAG_RUN_ID='scheduled__2024-10-03T19:30:00+00:00'
[2025-03-30T11:17:55.934+0000] {inout_data.py:42} INFO - Successfully connected to MariaDB: INOUT on mariadb:3306
[2025-03-30T11:17:55.935+0000] {inout_data.py:117} INFO - Table emp_inout_rec created (if it didn't exist).
[2025-03-30T11:17:55.935+0000] {inout_data.py:78} INFO - MariaDB connection closed.
[2025-03-30T11:17:55.935+0000] {python.py:202} INFO - Done. Returned value was: None
[2025-03-30T11:17:55.939+0000] {taskinstance.py:1149} INFO - Marking task as SUCCESS. dag_id=inout_data_ingestion, task_id=create_table, execution_date=20241003T193000, start_date=20250330T111755, end_date=20250330T111755
[2025-03-30T11:17:55.968+0000] {local_task_job_runner.py:234} INFO - Task exited with return code 0
[2025-03-30T11:17:55.978+0000] {taskinstance.py:3309} INFO - 1 downstream tasks scheduled from follow-on schedule check
[2025-03-30T11:30:18.922+0000] {taskinstance.py:1979} INFO - Dependencies all met for dep_context=non-requeueable deps ti=<TaskInstance: inout_data_ingestion.create_table scheduled__2024-10-03T19:30:00+00:00 [queued]>
[2025-03-30T11:30:18.943+0000] {taskinstance.py:1979} INFO - Dependencies all met for dep_context=requeueable deps ti=<TaskInstance: inout_data_ingestion.create_table scheduled__2024-10-03T19:30:00+00:00 [queued]>
[2025-03-30T11:30:18.944+0000] {taskinstance.py:2193} INFO - Starting attempt 1 of 2
[2025-03-30T11:30:18.980+0000] {taskinstance.py:2214} INFO - Executing <Task(PythonOperator): create_table> on 2024-10-03 19:30:00+00:00
[2025-03-30T11:30:18.990+0000] {standard_task_runner.py:60} INFO - Started process 4794 to run task
[2025-03-30T11:30:18.996+0000] {standard_task_runner.py:87} INFO - Running: ['***', 'tasks', 'run', 'inout_data_ingestion', 'create_table', 'scheduled__2024-10-03T19:30:00+00:00', '--job-id', '2370', '--raw', '--subdir', 'DAGS_FOLDER/inout_data.py', '--cfg-path', '/tmp/tmpv9k2n1d8']
[2025-03-30T11:30:18.997+0000] {standard_task_runner.py:88} INFO - Job 2370: Subtask create_table
[2025-03-30T11:30:19.017+0000] {warnings.py:109} WARNING - /home/***/.local/lib/python3.8/site-packages/***/settings.py:194: DeprecationWarning: The sql_alchemy_conn option in [core] has been moved to the sql_alchemy_conn option in [database] - the old setting has been used, but please update your config.
  SQL_ALCHEMY_CONN = conf.get("database", "SQL_ALCHEMY_CONN")

[2025-03-30T11:30:19.050+0000] {task_command.py:423} INFO - Running <TaskInstance: inout_data_ingestion.create_table scheduled__2024-10-03T19:30:00+00:00 [running]> on host ff9d64b065e6
[2025-03-30T11:30:19.126+0000] {taskinstance.py:2510} INFO - Exporting env vars: AIRFLOW_CTX_DAG_OWNER='***' AIRFLOW_CTX_DAG_ID='inout_data_ingestion' AIRFLOW_CTX_TASK_ID='create_table' AIRFLOW_CTX_EXECUTION_DATE='2024-10-03T19:30:00+00:00' AIRFLOW_CTX_TRY_NUMBER='1' AIRFLOW_CTX_DAG_RUN_ID='scheduled__2024-10-03T19:30:00+00:00'
[2025-03-30T11:30:19.130+0000] {logging_mixin.py:188} INFO - Successfully connected to MariaDB: INOUT on mariadb:3306
[2025-03-30T11:30:19.131+0000] {inout_data.py:46} INFO - Table emp_inout_rec created (if it didn't exist).
[2025-03-30T11:30:19.132+0000] {logging_mixin.py:188} INFO - MariaDB connection closed.
[2025-03-30T11:30:19.132+0000] {python.py:202} INFO - Done. Returned value was: None
[2025-03-30T11:30:19.140+0000] {taskinstance.py:1149} INFO - Marking task as SUCCESS. dag_id=inout_data_ingestion, task_id=create_table, execution_date=20241003T193000, start_date=20250330T113018, end_date=20250330T113019
[2025-03-30T11:30:19.174+0000] {local_task_job_runner.py:234} INFO - Task exited with return code 0
[2025-03-30T11:30:19.198+0000] {taskinstance.py:3309} INFO - 1 downstream tasks scheduled from follow-on schedule check
