[2025-03-30T11:12:57.513+0000] {taskinstance.py:1979} INFO - Dependencies all met for dep_context=non-requeueable deps ti=<TaskInstance: inout_data_ingestion.ingest_dummy_data scheduled__2024-10-06T12:00:00+00:00 [queued]>
[2025-03-30T11:12:57.532+0000] {taskinstance.py:1979} INFO - Dependencies all met for dep_context=requeueable deps ti=<TaskInstance: inout_data_ingestion.ingest_dummy_data scheduled__2024-10-06T12:00:00+00:00 [queued]>
[2025-03-30T11:12:57.533+0000] {taskinstance.py:2193} INFO - Starting attempt 1 of 2
[2025-03-30T11:12:57.563+0000] {taskinstance.py:2214} INFO - Executing <Task(PythonOperator): ingest_dummy_data> on 2024-10-06 12:00:00+00:00
[2025-03-30T11:12:57.664+0000] {standard_task_runner.py:60} INFO - Started process 1546 to run task
[2025-03-30T11:12:57.687+0000] {standard_task_runner.py:87} INFO - Running: ['***', 'tasks', 'run', 'inout_data_ingestion', 'ingest_dummy_data', 'scheduled__2024-10-06T12:00:00+00:00', '--job-id', '747', '--raw', '--subdir', 'DAGS_FOLDER/inout_data.py', '--cfg-path', '/tmp/tmpa_kepu_8']
[2025-03-30T11:12:57.697+0000] {standard_task_runner.py:88} INFO - Job 747: Subtask ingest_dummy_data
[2025-03-30T11:12:57.715+0000] {warnings.py:109} WARNING - /home/***/.local/lib/python3.8/site-packages/***/settings.py:194: DeprecationWarning: The sql_alchemy_conn option in [core] has been moved to the sql_alchemy_conn option in [database] - the old setting has been used, but please update your config.
  SQL_ALCHEMY_CONN = conf.get("database", "SQL_ALCHEMY_CONN")

[2025-03-30T11:12:57.760+0000] {task_command.py:423} INFO - Running <TaskInstance: inout_data_ingestion.ingest_dummy_data scheduled__2024-10-06T12:00:00+00:00 [running]> on host ff9d64b065e6
[2025-03-30T11:12:57.855+0000] {taskinstance.py:2510} INFO - Exporting env vars: AIRFLOW_CTX_DAG_OWNER='***' AIRFLOW_CTX_DAG_ID='inout_data_ingestion' AIRFLOW_CTX_TASK_ID='ingest_dummy_data' AIRFLOW_CTX_EXECUTION_DATE='2024-10-06T12:00:00+00:00' AIRFLOW_CTX_TRY_NUMBER='1' AIRFLOW_CTX_DAG_RUN_ID='scheduled__2024-10-06T12:00:00+00:00'
[2025-03-30T11:12:57.863+0000] {inout_data.py:42} INFO - Successfully connected to MariaDB: INOUT on mariadb:3306
[2025-03-30T11:12:57.866+0000] {inout_data.py:63} ERROR - Error executing query: (1062, "Duplicate entry '2025-03-30 11:12:57-9846' for key 'PRIMARY'")
[2025-03-30T11:12:57.868+0000] {inout_data.py:63} ERROR - Error executing query: (1062, "Duplicate entry '2025-03-30 11:12:57-9846' for key 'PRIMARY'")
[2025-03-30T11:12:57.870+0000] {inout_data.py:63} ERROR - Error executing query: (1062, "Duplicate entry '2025-03-30 11:12:57-9846' for key 'PRIMARY'")
[2025-03-30T11:12:57.871+0000] {inout_data.py:63} ERROR - Error executing query: (1062, "Duplicate entry '2025-03-30 11:12:57-9846' for key 'PRIMARY'")
[2025-03-30T11:12:57.873+0000] {inout_data.py:159} INFO - Ingested 5 rows of dummy data.
[2025-03-30T11:12:57.876+0000] {inout_data.py:78} INFO - MariaDB connection closed.
[2025-03-30T11:12:57.877+0000] {python.py:202} INFO - Done. Returned value was: None
[2025-03-30T11:12:57.888+0000] {taskinstance.py:1149} INFO - Marking task as SUCCESS. dag_id=inout_data_ingestion, task_id=ingest_dummy_data, execution_date=20241006T120000, start_date=20250330T111257, end_date=20250330T111257
[2025-03-30T11:12:57.913+0000] {local_task_job_runner.py:234} INFO - Task exited with return code 0
[2025-03-30T11:12:57.947+0000] {taskinstance.py:3309} INFO - 0 downstream tasks scheduled from follow-on schedule check
[2025-03-30T11:19:36.164+0000] {taskinstance.py:1979} INFO - Dependencies all met for dep_context=non-requeueable deps ti=<TaskInstance: inout_data_ingestion.ingest_dummy_data scheduled__2024-10-06T12:00:00+00:00 [queued]>
[2025-03-30T11:19:36.176+0000] {taskinstance.py:1979} INFO - Dependencies all met for dep_context=requeueable deps ti=<TaskInstance: inout_data_ingestion.ingest_dummy_data scheduled__2024-10-06T12:00:00+00:00 [queued]>
[2025-03-30T11:19:36.177+0000] {taskinstance.py:2193} INFO - Starting attempt 1 of 2
[2025-03-30T11:19:36.195+0000] {taskinstance.py:2214} INFO - Executing <Task(PythonOperator): ingest_dummy_data> on 2024-10-06 12:00:00+00:00
[2025-03-30T11:19:36.206+0000] {standard_task_runner.py:60} INFO - Started process 3399 to run task
[2025-03-30T11:19:36.210+0000] {standard_task_runner.py:87} INFO - Running: ['***', 'tasks', 'run', 'inout_data_ingestion', 'ingest_dummy_data', 'scheduled__2024-10-06T12:00:00+00:00', '--job-id', '1675', '--raw', '--subdir', 'DAGS_FOLDER/inout_data.py', '--cfg-path', '/tmp/tmp1qdoigxk']
[2025-03-30T11:19:36.212+0000] {standard_task_runner.py:88} INFO - Job 1675: Subtask ingest_dummy_data
[2025-03-30T11:19:36.276+0000] {warnings.py:109} WARNING - /home/***/.local/lib/python3.8/site-packages/***/settings.py:194: DeprecationWarning: The sql_alchemy_conn option in [core] has been moved to the sql_alchemy_conn option in [database] - the old setting has been used, but please update your config.
  SQL_ALCHEMY_CONN = conf.get("database", "SQL_ALCHEMY_CONN")

[2025-03-30T11:19:36.400+0000] {task_command.py:423} INFO - Running <TaskInstance: inout_data_ingestion.ingest_dummy_data scheduled__2024-10-06T12:00:00+00:00 [running]> on host ff9d64b065e6
[2025-03-30T11:19:36.520+0000] {taskinstance.py:2510} INFO - Exporting env vars: AIRFLOW_CTX_DAG_OWNER='***' AIRFLOW_CTX_DAG_ID='inout_data_ingestion' AIRFLOW_CTX_TASK_ID='ingest_dummy_data' AIRFLOW_CTX_EXECUTION_DATE='2024-10-06T12:00:00+00:00' AIRFLOW_CTX_TRY_NUMBER='1' AIRFLOW_CTX_DAG_RUN_ID='scheduled__2024-10-06T12:00:00+00:00'
[2025-03-30T11:19:36.524+0000] {inout_data.py:42} INFO - Successfully connected to MariaDB: INOUT on mariadb:3306
[2025-03-30T11:19:36.526+0000] {inout_data.py:63} ERROR - Error executing query: (1062, "Duplicate entry '2025-03-30 11:19:36-8228' for key 'PRIMARY'")
[2025-03-30T11:19:36.526+0000] {inout_data.py:63} ERROR - Error executing query: (1062, "Duplicate entry '2025-03-30 11:19:36-8228' for key 'PRIMARY'")
[2025-03-30T11:19:36.527+0000] {inout_data.py:63} ERROR - Error executing query: (1062, "Duplicate entry '2025-03-30 11:19:36-8228' for key 'PRIMARY'")
[2025-03-30T11:19:36.527+0000] {inout_data.py:63} ERROR - Error executing query: (1062, "Duplicate entry '2025-03-30 11:19:36-8228' for key 'PRIMARY'")
[2025-03-30T11:19:36.528+0000] {inout_data.py:63} ERROR - Error executing query: (1062, "Duplicate entry '2025-03-30 11:19:36-8228' for key 'PRIMARY'")
[2025-03-30T11:19:36.528+0000] {inout_data.py:63} ERROR - Error executing query: (1062, "Duplicate entry '2025-03-30 11:19:36-8228' for key 'PRIMARY'")
[2025-03-30T11:19:36.529+0000] {inout_data.py:152} INFO - Ingested 7 rows of dummy data.
[2025-03-30T11:19:36.529+0000] {inout_data.py:78} INFO - MariaDB connection closed.
[2025-03-30T11:19:36.529+0000] {python.py:202} INFO - Done. Returned value was: None
[2025-03-30T11:19:36.536+0000] {taskinstance.py:1149} INFO - Marking task as SUCCESS. dag_id=inout_data_ingestion, task_id=ingest_dummy_data, execution_date=20241006T120000, start_date=20250330T111936, end_date=20250330T111936
[2025-03-30T11:19:36.566+0000] {local_task_job_runner.py:234} INFO - Task exited with return code 0
[2025-03-30T11:19:36.620+0000] {taskinstance.py:3309} INFO - 0 downstream tasks scheduled from follow-on schedule check
[2025-03-30T11:31:40.418+0000] {taskinstance.py:1979} INFO - Dependencies all met for dep_context=non-requeueable deps ti=<TaskInstance: inout_data_ingestion.ingest_dummy_data scheduled__2024-10-06T12:00:00+00:00 [queued]>
[2025-03-30T11:31:40.426+0000] {taskinstance.py:1979} INFO - Dependencies all met for dep_context=requeueable deps ti=<TaskInstance: inout_data_ingestion.ingest_dummy_data scheduled__2024-10-06T12:00:00+00:00 [queued]>
[2025-03-30T11:31:40.427+0000] {taskinstance.py:2193} INFO - Starting attempt 1 of 2
[2025-03-30T11:31:40.442+0000] {taskinstance.py:2214} INFO - Executing <Task(PythonOperator): ingest_dummy_data> on 2024-10-06 12:00:00+00:00
[2025-03-30T11:31:40.448+0000] {standard_task_runner.py:60} INFO - Started process 5317 to run task
[2025-03-30T11:31:40.454+0000] {standard_task_runner.py:87} INFO - Running: ['***', 'tasks', 'run', 'inout_data_ingestion', 'ingest_dummy_data', 'scheduled__2024-10-06T12:00:00+00:00', '--job-id', '2634', '--raw', '--subdir', 'DAGS_FOLDER/inout_data.py', '--cfg-path', '/tmp/tmp4pr_rxqc']
[2025-03-30T11:31:40.457+0000] {standard_task_runner.py:88} INFO - Job 2634: Subtask ingest_dummy_data
[2025-03-30T11:31:40.472+0000] {warnings.py:109} WARNING - /home/***/.local/lib/python3.8/site-packages/***/settings.py:194: DeprecationWarning: The sql_alchemy_conn option in [core] has been moved to the sql_alchemy_conn option in [database] - the old setting has been used, but please update your config.
  SQL_ALCHEMY_CONN = conf.get("database", "SQL_ALCHEMY_CONN")

[2025-03-30T11:31:40.501+0000] {task_command.py:423} INFO - Running <TaskInstance: inout_data_ingestion.ingest_dummy_data scheduled__2024-10-06T12:00:00+00:00 [running]> on host ff9d64b065e6
[2025-03-30T11:31:40.543+0000] {taskinstance.py:2510} INFO - Exporting env vars: AIRFLOW_CTX_DAG_OWNER='***' AIRFLOW_CTX_DAG_ID='inout_data_ingestion' AIRFLOW_CTX_TASK_ID='ingest_dummy_data' AIRFLOW_CTX_EXECUTION_DATE='2024-10-06T12:00:00+00:00' AIRFLOW_CTX_TRY_NUMBER='1' AIRFLOW_CTX_DAG_RUN_ID='scheduled__2024-10-06T12:00:00+00:00'
[2025-03-30T11:31:40.546+0000] {logging_mixin.py:188} INFO - Successfully connected to MariaDB: INOUT on mariadb:3306
[2025-03-30T11:31:40.548+0000] {inout_data.py:83} INFO - {'ingested_time': datetime.datetime(2025, 3, 30, 11, 31, 40, 548092), 'timestamp': datetime.datetime(2024, 10, 6, 12, 18, tzinfo=datetime.timezone.utc), 'emp_id': 3548, 'employee_name': 'Employee52', 'factory': 'FactoryB', 'in_out': 'IN', 'entrance': 'Main', 'door_number': '1', 'function': 'IT', 'division': 'BSID', 'department': 'HRSD', 'section': '1'}
[2025-03-30T11:31:40.548+0000] {logging_mixin.py:188} INFO - General error executing query: not all arguments converted during string formatting
[2025-03-30T11:31:40.550+0000] {inout_data.py:83} INFO - {'ingested_time': datetime.datetime(2025, 3, 30, 11, 31, 40, 550126), 'timestamp': datetime.datetime(2024, 10, 6, 12, 8, tzinfo=datetime.timezone.utc), 'emp_id': 4069, 'employee_name': 'Employee68', 'factory': 'FactoryB', 'in_out': 'OUT', 'entrance': 'Main', 'door_number': '6', 'function': 'IT', 'division': 'AAPD', 'department': 'CAPD', 'section': '1'}
[2025-03-30T11:31:40.550+0000] {logging_mixin.py:188} INFO - General error executing query: not all arguments converted during string formatting
[2025-03-30T11:31:40.550+0000] {inout_data.py:83} INFO - {'ingested_time': datetime.datetime(2025, 3, 30, 11, 31, 40, 550510), 'timestamp': datetime.datetime(2024, 10, 6, 12, 10, tzinfo=datetime.timezone.utc), 'emp_id': 4384, 'employee_name': 'Employee6', 'factory': 'FactoryA', 'in_out': 'IN', 'entrance': 'Main', 'door_number': '6', 'function': 'IT', 'division': 'BSID', 'department': 'HRSD', 'section': '1'}
[2025-03-30T11:31:40.550+0000] {logging_mixin.py:188} INFO - General error executing query: not all arguments converted during string formatting
[2025-03-30T11:31:40.550+0000] {inout_data.py:83} INFO - {'ingested_time': datetime.datetime(2025, 3, 30, 11, 31, 40, 550804), 'timestamp': datetime.datetime(2024, 10, 6, 12, 28, tzinfo=datetime.timezone.utc), 'emp_id': 3771, 'employee_name': 'Employee98', 'factory': 'FactoryB', 'in_out': 'IN', 'entrance': 'Main', 'door_number': '8', 'function': 'IT', 'division': 'AAPD', 'department': 'HRSD', 'section': '2'}
[2025-03-30T11:31:40.550+0000] {logging_mixin.py:188} INFO - General error executing query: not all arguments converted during string formatting
[2025-03-30T11:31:40.551+0000] {inout_data.py:83} INFO - {'ingested_time': datetime.datetime(2025, 3, 30, 11, 31, 40, 551088), 'timestamp': datetime.datetime(2024, 10, 6, 12, 10, tzinfo=datetime.timezone.utc), 'emp_id': 8765, 'employee_name': 'Employee18', 'factory': 'FactoryB', 'in_out': 'OUT', 'entrance': 'Side', 'door_number': '9', 'function': 'IT', 'division': 'BSID', 'department': 'ML', 'section': '1'}
[2025-03-30T11:31:40.551+0000] {logging_mixin.py:188} INFO - General error executing query: not all arguments converted during string formatting
[2025-03-30T11:31:40.551+0000] {inout_data.py:83} INFO - {'ingested_time': datetime.datetime(2025, 3, 30, 11, 31, 40, 551379), 'timestamp': datetime.datetime(2024, 10, 6, 12, 2, tzinfo=datetime.timezone.utc), 'emp_id': 8644, 'employee_name': 'Employee72', 'factory': 'FactoryB', 'in_out': 'IN', 'entrance': 'Main', 'door_number': '2', 'function': 'IT', 'division': 'BSID', 'department': 'HRSD', 'section': '1'}
[2025-03-30T11:31:40.551+0000] {logging_mixin.py:188} INFO - General error executing query: not all arguments converted during string formatting
[2025-03-30T11:31:40.551+0000] {inout_data.py:83} INFO - {'ingested_time': datetime.datetime(2025, 3, 30, 11, 31, 40, 551703), 'timestamp': datetime.datetime(2024, 10, 6, 12, 27, tzinfo=datetime.timezone.utc), 'emp_id': 1377, 'employee_name': 'Employee64', 'factory': 'FactoryA', 'in_out': 'IN', 'entrance': 'Side', 'door_number': '8', 'function': 'IT', 'division': 'AAPD', 'department': 'CAPD', 'section': '1'}
[2025-03-30T11:31:40.553+0000] {logging_mixin.py:188} INFO - General error executing query: not all arguments converted during string formatting
[2025-03-30T11:31:40.554+0000] {inout_data.py:83} INFO - {'ingested_time': datetime.datetime(2025, 3, 30, 11, 31, 40, 554060), 'timestamp': datetime.datetime(2024, 10, 6, 12, 18, tzinfo=datetime.timezone.utc), 'emp_id': 2885, 'employee_name': 'Employee4', 'factory': 'FactoryB', 'in_out': 'OUT', 'entrance': 'Side', 'door_number': '1', 'function': 'IT', 'division': 'AAPD', 'department': 'ML', 'section': '2'}
[2025-03-30T11:31:40.554+0000] {logging_mixin.py:188} INFO - General error executing query: not all arguments converted during string formatting
[2025-03-30T11:31:40.554+0000] {inout_data.py:83} INFO - {'ingested_time': datetime.datetime(2025, 3, 30, 11, 31, 40, 554415), 'timestamp': datetime.datetime(2024, 10, 6, 12, 13, tzinfo=datetime.timezone.utc), 'emp_id': 8376, 'employee_name': 'Employee21', 'factory': 'FactoryB', 'in_out': 'IN', 'entrance': 'Side', 'door_number': '8', 'function': 'IT', 'division': 'AAPD', 'department': 'HRSD', 'section': '2'}
[2025-03-30T11:31:40.554+0000] {logging_mixin.py:188} INFO - General error executing query: not all arguments converted during string formatting
[2025-03-30T11:31:40.554+0000] {inout_data.py:83} INFO - {'ingested_time': datetime.datetime(2025, 3, 30, 11, 31, 40, 554692), 'timestamp': datetime.datetime(2024, 10, 6, 12, 13, tzinfo=datetime.timezone.utc), 'emp_id': 9968, 'employee_name': 'Employee1', 'factory': 'FactoryA', 'in_out': 'OUT', 'entrance': 'Main', 'door_number': '7', 'function': 'IT', 'division': 'AAPD', 'department': 'HRSD', 'section': '2'}
[2025-03-30T11:31:40.554+0000] {logging_mixin.py:188} INFO - General error executing query: not all arguments converted during string formatting
[2025-03-30T11:31:40.554+0000] {inout_data.py:83} INFO - {'ingested_time': datetime.datetime(2025, 3, 30, 11, 31, 40, 554959), 'timestamp': datetime.datetime(2024, 10, 6, 12, 13, tzinfo=datetime.timezone.utc), 'emp_id': 5631, 'employee_name': 'Employee73', 'factory': 'FactoryB', 'in_out': 'OUT', 'entrance': 'Main', 'door_number': '5', 'function': 'IT', 'division': 'AAPD', 'department': 'HRSD', 'section': '1'}
[2025-03-30T11:31:40.555+0000] {logging_mixin.py:188} INFO - General error executing query: not all arguments converted during string formatting
[2025-03-30T11:31:40.555+0000] {inout_data.py:83} INFO - {'ingested_time': datetime.datetime(2025, 3, 30, 11, 31, 40, 555243), 'timestamp': datetime.datetime(2024, 10, 6, 12, 9, tzinfo=datetime.timezone.utc), 'emp_id': 1984, 'employee_name': 'Employee33', 'factory': 'FactoryA', 'in_out': 'IN', 'entrance': 'Side', 'door_number': '4', 'function': 'IT', 'division': 'BSID', 'department': 'HRSD', 'section': '2'}
[2025-03-30T11:31:40.555+0000] {logging_mixin.py:188} INFO - General error executing query: not all arguments converted during string formatting
[2025-03-30T11:31:40.555+0000] {inout_data.py:83} INFO - {'ingested_time': datetime.datetime(2025, 3, 30, 11, 31, 40, 555512), 'timestamp': datetime.datetime(2024, 10, 6, 12, 15, tzinfo=datetime.timezone.utc), 'emp_id': 8596, 'employee_name': 'Employee6', 'factory': 'FactoryB', 'in_out': 'IN', 'entrance': 'Main', 'door_number': '10', 'function': 'IT', 'division': 'BSID', 'department': 'CAPD', 'section': '2'}
[2025-03-30T11:31:40.555+0000] {logging_mixin.py:188} INFO - General error executing query: not all arguments converted during string formatting
[2025-03-30T11:31:40.555+0000] {inout_data.py:83} INFO - {'ingested_time': datetime.datetime(2025, 3, 30, 11, 31, 40, 555836), 'timestamp': datetime.datetime(2024, 10, 6, 12, 25, tzinfo=datetime.timezone.utc), 'emp_id': 9679, 'employee_name': 'Employee29', 'factory': 'FactoryA', 'in_out': 'OUT', 'entrance': 'Side', 'door_number': '6', 'function': 'IT', 'division': 'AAPD', 'department': 'HRSD', 'section': '1'}
[2025-03-30T11:31:40.555+0000] {logging_mixin.py:188} INFO - General error executing query: not all arguments converted during string formatting
[2025-03-30T11:31:40.557+0000] {inout_data.py:83} INFO - {'ingested_time': datetime.datetime(2025, 3, 30, 11, 31, 40, 557145), 'timestamp': datetime.datetime(2024, 10, 6, 12, 13, tzinfo=datetime.timezone.utc), 'emp_id': 1524, 'employee_name': 'Employee34', 'factory': 'FactoryB', 'in_out': 'IN', 'entrance': 'Main', 'door_number': '10', 'function': 'IT', 'division': 'BSID', 'department': 'ML', 'section': '2'}
[2025-03-30T11:31:40.557+0000] {logging_mixin.py:188} INFO - General error executing query: not all arguments converted during string formatting
[2025-03-30T11:31:40.558+0000] {inout_data.py:88} INFO - Ingested 15 rows of dummy data for 2024-10-06 12:00:00+00:00.
[2025-03-30T11:31:40.558+0000] {logging_mixin.py:188} INFO - MariaDB connection closed.
[2025-03-30T11:31:40.558+0000] {python.py:202} INFO - Done. Returned value was: None
[2025-03-30T11:31:40.565+0000] {taskinstance.py:1149} INFO - Marking task as SUCCESS. dag_id=inout_data_ingestion, task_id=ingest_dummy_data, execution_date=20241006T120000, start_date=20250330T113140, end_date=20250330T113140
[2025-03-30T11:31:40.590+0000] {local_task_job_runner.py:234} INFO - Task exited with return code 0
[2025-03-30T11:31:40.599+0000] {taskinstance.py:3309} INFO - 0 downstream tasks scheduled from follow-on schedule check
