[2025-03-30T11:09:53.556+0000] {taskinstance.py:1979} INFO - Dependencies all met for dep_context=non-requeueable deps ti=<TaskInstance: inout_data_ingestion.create_table scheduled__2024-10-01T02:30:00+00:00 [queued]>
[2025-03-30T11:09:53.561+0000] {taskinstance.py:1979} INFO - Dependencies all met for dep_context=requeueable deps ti=<TaskInstance: inout_data_ingestion.create_table scheduled__2024-10-01T02:30:00+00:00 [queued]>
[2025-03-30T11:09:53.562+0000] {taskinstance.py:2193} INFO - Starting attempt 1 of 2
[2025-03-30T11:09:53.569+0000] {taskinstance.py:2214} INFO - Executing <Task(PythonOperator): create_table> on 2024-10-01 02:30:00+00:00
[2025-03-30T11:09:53.572+0000] {standard_task_runner.py:60} INFO - Started process 504 to run task
[2025-03-30T11:09:53.575+0000] {standard_task_runner.py:87} INFO - Running: ['***', 'tasks', 'run', 'inout_data_ingestion', 'create_table', 'scheduled__2024-10-01T02:30:00+00:00', '--job-id', '227', '--raw', '--subdir', 'DAGS_FOLDER/inout_data.py', '--cfg-path', '/tmp/tmpp9hyryl7']
[2025-03-30T11:09:53.576+0000] {standard_task_runner.py:88} INFO - Job 227: Subtask create_table
[2025-03-30T11:09:53.585+0000] {warnings.py:109} WARNING - /home/***/.local/lib/python3.8/site-packages/***/settings.py:194: DeprecationWarning: The sql_alchemy_conn option in [core] has been moved to the sql_alchemy_conn option in [database] - the old setting has been used, but please update your config.
  SQL_ALCHEMY_CONN = conf.get("database", "SQL_ALCHEMY_CONN")

[2025-03-30T11:09:53.604+0000] {task_command.py:423} INFO - Running <TaskInstance: inout_data_ingestion.create_table scheduled__2024-10-01T02:30:00+00:00 [running]> on host ff9d64b065e6
[2025-03-30T11:09:53.642+0000] {taskinstance.py:2510} INFO - Exporting env vars: AIRFLOW_CTX_DAG_OWNER='***' AIRFLOW_CTX_DAG_ID='inout_data_ingestion' AIRFLOW_CTX_TASK_ID='create_table' AIRFLOW_CTX_EXECUTION_DATE='2024-10-01T02:30:00+00:00' AIRFLOW_CTX_TRY_NUMBER='1' AIRFLOW_CTX_DAG_RUN_ID='scheduled__2024-10-01T02:30:00+00:00'
[2025-03-30T11:09:53.644+0000] {inout_data.py:42} INFO - Successfully connected to MariaDB: INOUT on mariadb:3306
[2025-03-30T11:09:53.644+0000] {inout_data.py:124} INFO - Table emp_inout_rec created (if it didn't exist).
[2025-03-30T11:09:53.644+0000] {inout_data.py:78} INFO - MariaDB connection closed.
[2025-03-30T11:09:53.644+0000] {python.py:202} INFO - Done. Returned value was: None
[2025-03-30T11:09:53.648+0000] {taskinstance.py:1149} INFO - Marking task as SUCCESS. dag_id=inout_data_ingestion, task_id=create_table, execution_date=20241001T023000, start_date=20250330T110953, end_date=20250330T110953
[2025-03-30T11:09:53.673+0000] {local_task_job_runner.py:234} INFO - Task exited with return code 0
[2025-03-30T11:09:53.684+0000] {taskinstance.py:3309} INFO - 1 downstream tasks scheduled from follow-on schedule check
[2025-03-30T11:16:27.418+0000] {taskinstance.py:1979} INFO - Dependencies all met for dep_context=non-requeueable deps ti=<TaskInstance: inout_data_ingestion.create_table scheduled__2024-10-01T02:30:00+00:00 [queued]>
[2025-03-30T11:16:27.439+0000] {taskinstance.py:1979} INFO - Dependencies all met for dep_context=requeueable deps ti=<TaskInstance: inout_data_ingestion.create_table scheduled__2024-10-01T02:30:00+00:00 [queued]>
[2025-03-30T11:16:27.441+0000] {taskinstance.py:2193} INFO - Starting attempt 1 of 2
[2025-03-30T11:16:27.467+0000] {taskinstance.py:2214} INFO - Executing <Task(PythonOperator): create_table> on 2024-10-01 02:30:00+00:00
[2025-03-30T11:16:27.482+0000] {standard_task_runner.py:60} INFO - Started process 2350 to run task
[2025-03-30T11:16:27.496+0000] {standard_task_runner.py:87} INFO - Running: ['***', 'tasks', 'run', 'inout_data_ingestion', 'create_table', 'scheduled__2024-10-01T02:30:00+00:00', '--job-id', '1148', '--raw', '--subdir', 'DAGS_FOLDER/inout_data.py', '--cfg-path', '/tmp/tmpv7jb33vd']
[2025-03-30T11:16:27.508+0000] {standard_task_runner.py:88} INFO - Job 1148: Subtask create_table
[2025-03-30T11:16:27.545+0000] {warnings.py:109} WARNING - /home/***/.local/lib/python3.8/site-packages/***/settings.py:194: DeprecationWarning: The sql_alchemy_conn option in [core] has been moved to the sql_alchemy_conn option in [database] - the old setting has been used, but please update your config.
  SQL_ALCHEMY_CONN = conf.get("database", "SQL_ALCHEMY_CONN")

[2025-03-30T11:16:27.603+0000] {task_command.py:423} INFO - Running <TaskInstance: inout_data_ingestion.create_table scheduled__2024-10-01T02:30:00+00:00 [running]> on host ff9d64b065e6
[2025-03-30T11:16:27.728+0000] {taskinstance.py:2510} INFO - Exporting env vars: AIRFLOW_CTX_DAG_OWNER='***' AIRFLOW_CTX_DAG_ID='inout_data_ingestion' AIRFLOW_CTX_TASK_ID='create_table' AIRFLOW_CTX_EXECUTION_DATE='2024-10-01T02:30:00+00:00' AIRFLOW_CTX_TRY_NUMBER='1' AIRFLOW_CTX_DAG_RUN_ID='scheduled__2024-10-01T02:30:00+00:00'
[2025-03-30T11:16:27.736+0000] {inout_data.py:42} INFO - Successfully connected to MariaDB: INOUT on mariadb:3306
[2025-03-30T11:16:27.738+0000] {inout_data.py:117} INFO - Table emp_inout_rec created (if it didn't exist).
[2025-03-30T11:16:27.739+0000] {inout_data.py:78} INFO - MariaDB connection closed.
[2025-03-30T11:16:27.739+0000] {python.py:202} INFO - Done. Returned value was: None
[2025-03-30T11:16:27.757+0000] {taskinstance.py:1149} INFO - Marking task as SUCCESS. dag_id=inout_data_ingestion, task_id=create_table, execution_date=20241001T023000, start_date=20250330T111627, end_date=20250330T111627
[2025-03-30T11:16:27.802+0000] {local_task_job_runner.py:234} INFO - Task exited with return code 0
[2025-03-30T11:16:27.847+0000] {taskinstance.py:3309} INFO - 1 downstream tasks scheduled from follow-on schedule check
[2025-03-30T11:29:04.909+0000] {taskinstance.py:1979} INFO - Dependencies all met for dep_context=non-requeueable deps ti=<TaskInstance: inout_data_ingestion.create_table scheduled__2024-10-01T02:30:00+00:00 [queued]>
[2025-03-30T11:29:04.933+0000] {taskinstance.py:1979} INFO - Dependencies all met for dep_context=requeueable deps ti=<TaskInstance: inout_data_ingestion.create_table scheduled__2024-10-01T02:30:00+00:00 [queued]>
[2025-03-30T11:29:04.936+0000] {taskinstance.py:2193} INFO - Starting attempt 1 of 2
[2025-03-30T11:29:04.956+0000] {taskinstance.py:2214} INFO - Executing <Task(PythonOperator): create_table> on 2024-10-01 02:30:00+00:00
[2025-03-30T11:29:04.968+0000] {standard_task_runner.py:60} INFO - Started process 4277 to run task
[2025-03-30T11:29:04.978+0000] {standard_task_runner.py:87} INFO - Running: ['***', 'tasks', 'run', 'inout_data_ingestion', 'create_table', 'scheduled__2024-10-01T02:30:00+00:00', '--job-id', '2113', '--raw', '--subdir', 'DAGS_FOLDER/inout_data.py', '--cfg-path', '/tmp/tmpb678vrza']
[2025-03-30T11:29:04.981+0000] {standard_task_runner.py:88} INFO - Job 2113: Subtask create_table
[2025-03-30T11:29:05.009+0000] {warnings.py:109} WARNING - /home/***/.local/lib/python3.8/site-packages/***/settings.py:194: DeprecationWarning: The sql_alchemy_conn option in [core] has been moved to the sql_alchemy_conn option in [database] - the old setting has been used, but please update your config.
  SQL_ALCHEMY_CONN = conf.get("database", "SQL_ALCHEMY_CONN")

[2025-03-30T11:29:05.070+0000] {task_command.py:423} INFO - Running <TaskInstance: inout_data_ingestion.create_table scheduled__2024-10-01T02:30:00+00:00 [running]> on host ff9d64b065e6
[2025-03-30T11:29:05.154+0000] {taskinstance.py:2510} INFO - Exporting env vars: AIRFLOW_CTX_DAG_OWNER='***' AIRFLOW_CTX_DAG_ID='inout_data_ingestion' AIRFLOW_CTX_TASK_ID='create_table' AIRFLOW_CTX_EXECUTION_DATE='2024-10-01T02:30:00+00:00' AIRFLOW_CTX_TRY_NUMBER='1' AIRFLOW_CTX_DAG_RUN_ID='scheduled__2024-10-01T02:30:00+00:00'
[2025-03-30T11:29:05.161+0000] {logging_mixin.py:188} INFO - Successfully connected to MariaDB: INOUT on mariadb:3306
[2025-03-30T11:29:05.163+0000] {inout_data.py:46} INFO - Table emp_inout_rec created (if it didn't exist).
[2025-03-30T11:29:05.164+0000] {logging_mixin.py:188} INFO - MariaDB connection closed.
[2025-03-30T11:29:05.164+0000] {python.py:202} INFO - Done. Returned value was: None
[2025-03-30T11:29:05.179+0000] {taskinstance.py:1149} INFO - Marking task as SUCCESS. dag_id=inout_data_ingestion, task_id=create_table, execution_date=20241001T023000, start_date=20250330T112904, end_date=20250330T112905
[2025-03-30T11:29:05.242+0000] {local_task_job_runner.py:234} INFO - Task exited with return code 0
[2025-03-30T11:29:05.294+0000] {taskinstance.py:3309} INFO - 1 downstream tasks scheduled from follow-on schedule check
[2025-03-30T11:33:38.697+0000] {taskinstance.py:1979} INFO - Dependencies all met for dep_context=non-requeueable deps ti=<TaskInstance: inout_data_ingestion.create_table scheduled__2024-10-01T02:30:00+00:00 [queued]>
[2025-03-30T11:33:38.734+0000] {taskinstance.py:1979} INFO - Dependencies all met for dep_context=requeueable deps ti=<TaskInstance: inout_data_ingestion.create_table scheduled__2024-10-01T02:30:00+00:00 [queued]>
[2025-03-30T11:33:38.742+0000] {taskinstance.py:2193} INFO - Starting attempt 1 of 2
[2025-03-30T11:33:38.810+0000] {taskinstance.py:2214} INFO - Executing <Task(PythonOperator): create_table> on 2024-10-01 02:30:00+00:00
[2025-03-30T11:33:38.822+0000] {standard_task_runner.py:60} INFO - Started process 5727 to run task
[2025-03-30T11:33:38.850+0000] {standard_task_runner.py:87} INFO - Running: ['***', 'tasks', 'run', 'inout_data_ingestion', 'create_table', 'scheduled__2024-10-01T02:30:00+00:00', '--job-id', '2837', '--raw', '--subdir', 'DAGS_FOLDER/inout_data.py', '--cfg-path', '/tmp/tmpl61tmjdz']
[2025-03-30T11:33:38.856+0000] {standard_task_runner.py:88} INFO - Job 2837: Subtask create_table
[2025-03-30T11:33:38.918+0000] {warnings.py:109} WARNING - /home/***/.local/lib/python3.8/site-packages/***/settings.py:194: DeprecationWarning: The sql_alchemy_conn option in [core] has been moved to the sql_alchemy_conn option in [database] - the old setting has been used, but please update your config.
  SQL_ALCHEMY_CONN = conf.get("database", "SQL_ALCHEMY_CONN")

[2025-03-30T11:33:39.008+0000] {task_command.py:423} INFO - Running <TaskInstance: inout_data_ingestion.create_table scheduled__2024-10-01T02:30:00+00:00 [running]> on host ff9d64b065e6
[2025-03-30T11:33:39.162+0000] {taskinstance.py:2510} INFO - Exporting env vars: AIRFLOW_CTX_DAG_OWNER='***' AIRFLOW_CTX_DAG_ID='inout_data_ingestion' AIRFLOW_CTX_TASK_ID='create_table' AIRFLOW_CTX_EXECUTION_DATE='2024-10-01T02:30:00+00:00' AIRFLOW_CTX_TRY_NUMBER='1' AIRFLOW_CTX_DAG_RUN_ID='scheduled__2024-10-01T02:30:00+00:00'
[2025-03-30T11:33:39.172+0000] {logging_mixin.py:188} INFO - Successfully connected to MariaDB: INOUT on mariadb:3306
[2025-03-30T11:33:39.175+0000] {inout_data.py:46} INFO - Table emp_inout_rec created (if it didn't exist).
[2025-03-30T11:33:39.176+0000] {logging_mixin.py:188} INFO - MariaDB connection closed.
[2025-03-30T11:33:39.177+0000] {python.py:202} INFO - Done. Returned value was: None
[2025-03-30T11:33:39.195+0000] {taskinstance.py:1149} INFO - Marking task as SUCCESS. dag_id=inout_data_ingestion, task_id=create_table, execution_date=20241001T023000, start_date=20250330T113338, end_date=20250330T113339
[2025-03-30T11:33:39.216+0000] {local_task_job_runner.py:234} INFO - Task exited with return code 0
[2025-03-30T11:33:39.450+0000] {taskinstance.py:3309} INFO - 1 downstream tasks scheduled from follow-on schedule check
[2025-03-30T11:39:18.185+0000] {taskinstance.py:1979} INFO - Dependencies all met for dep_context=non-requeueable deps ti=<TaskInstance: inout_data_ingestion.create_table scheduled__2024-10-01T02:30:00+00:00 [queued]>
[2025-03-30T11:39:18.205+0000] {taskinstance.py:1979} INFO - Dependencies all met for dep_context=requeueable deps ti=<TaskInstance: inout_data_ingestion.create_table scheduled__2024-10-01T02:30:00+00:00 [queued]>
[2025-03-30T11:39:18.206+0000] {taskinstance.py:2193} INFO - Starting attempt 1 of 2
[2025-03-30T11:39:18.254+0000] {taskinstance.py:2214} INFO - Executing <Task(PythonOperator): create_table> on 2024-10-01 02:30:00+00:00
[2025-03-30T11:39:18.265+0000] {standard_task_runner.py:60} INFO - Started process 6635 to run task
[2025-03-30T11:39:18.271+0000] {standard_task_runner.py:87} INFO - Running: ['***', 'tasks', 'run', 'inout_data_ingestion', 'create_table', 'scheduled__2024-10-01T02:30:00+00:00', '--job-id', '3292', '--raw', '--subdir', 'DAGS_FOLDER/inout_data.py', '--cfg-path', '/tmp/tmpkvelo7i_']
[2025-03-30T11:39:18.274+0000] {standard_task_runner.py:88} INFO - Job 3292: Subtask create_table
[2025-03-30T11:39:18.300+0000] {warnings.py:109} WARNING - /home/***/.local/lib/python3.8/site-packages/***/settings.py:194: DeprecationWarning: The sql_alchemy_conn option in [core] has been moved to the sql_alchemy_conn option in [database] - the old setting has been used, but please update your config.
  SQL_ALCHEMY_CONN = conf.get("database", "SQL_ALCHEMY_CONN")

[2025-03-30T11:39:18.349+0000] {task_command.py:423} INFO - Running <TaskInstance: inout_data_ingestion.create_table scheduled__2024-10-01T02:30:00+00:00 [running]> on host ff9d64b065e6
[2025-03-30T11:39:18.443+0000] {taskinstance.py:2510} INFO - Exporting env vars: AIRFLOW_CTX_DAG_OWNER='***' AIRFLOW_CTX_DAG_ID='inout_data_ingestion' AIRFLOW_CTX_TASK_ID='create_table' AIRFLOW_CTX_EXECUTION_DATE='2024-10-01T02:30:00+00:00' AIRFLOW_CTX_TRY_NUMBER='1' AIRFLOW_CTX_DAG_RUN_ID='scheduled__2024-10-01T02:30:00+00:00'
[2025-03-30T11:39:18.453+0000] {logging_mixin.py:188} INFO - Successfully connected to MariaDB: INOUT on mariadb:3306
[2025-03-30T11:39:18.455+0000] {inout_data.py:46} INFO - Table emp_inout_rec created (if it didn't exist).
[2025-03-30T11:39:18.456+0000] {logging_mixin.py:188} INFO - MariaDB connection closed.
[2025-03-30T11:39:18.460+0000] {python.py:202} INFO - Done. Returned value was: None
[2025-03-30T11:39:18.482+0000] {taskinstance.py:1149} INFO - Marking task as SUCCESS. dag_id=inout_data_ingestion, task_id=create_table, execution_date=20241001T023000, start_date=20250330T113918, end_date=20250330T113918
[2025-03-30T11:39:18.538+0000] {local_task_job_runner.py:234} INFO - Task exited with return code 0
[2025-03-30T11:39:18.602+0000] {taskinstance.py:3309} INFO - 1 downstream tasks scheduled from follow-on schedule check
[2025-03-30T11:41:25.229+0000] {taskinstance.py:1979} INFO - Dependencies all met for dep_context=non-requeueable deps ti=<TaskInstance: inout_data_ingestion.create_table scheduled__2024-10-01T02:30:00+00:00 [queued]>
[2025-03-30T11:41:25.233+0000] {taskinstance.py:1979} INFO - Dependencies all met for dep_context=requeueable deps ti=<TaskInstance: inout_data_ingestion.create_table scheduled__2024-10-01T02:30:00+00:00 [queued]>
[2025-03-30T11:41:25.234+0000] {taskinstance.py:2193} INFO - Starting attempt 1 of 2
[2025-03-30T11:41:25.240+0000] {taskinstance.py:2214} INFO - Executing <Task(PythonOperator): create_table> on 2024-10-01 02:30:00+00:00
[2025-03-30T11:41:25.243+0000] {standard_task_runner.py:60} INFO - Started process 7075 to run task
[2025-03-30T11:41:25.246+0000] {standard_task_runner.py:87} INFO - Running: ['***', 'tasks', 'run', 'inout_data_ingestion', 'create_table', 'scheduled__2024-10-01T02:30:00+00:00', '--job-id', '3513', '--raw', '--subdir', 'DAGS_FOLDER/inout_data.py', '--cfg-path', '/tmp/tmpwb4t4uo7']
[2025-03-30T11:41:25.246+0000] {standard_task_runner.py:88} INFO - Job 3513: Subtask create_table
[2025-03-30T11:41:25.253+0000] {warnings.py:109} WARNING - /home/***/.local/lib/python3.8/site-packages/***/settings.py:194: DeprecationWarning: The sql_alchemy_conn option in [core] has been moved to the sql_alchemy_conn option in [database] - the old setting has been used, but please update your config.
  SQL_ALCHEMY_CONN = conf.get("database", "SQL_ALCHEMY_CONN")

[2025-03-30T11:41:25.271+0000] {task_command.py:423} INFO - Running <TaskInstance: inout_data_ingestion.create_table scheduled__2024-10-01T02:30:00+00:00 [running]> on host ff9d64b065e6
[2025-03-30T11:41:25.305+0000] {taskinstance.py:2510} INFO - Exporting env vars: AIRFLOW_CTX_DAG_OWNER='***' AIRFLOW_CTX_DAG_ID='inout_data_ingestion' AIRFLOW_CTX_TASK_ID='create_table' AIRFLOW_CTX_EXECUTION_DATE='2024-10-01T02:30:00+00:00' AIRFLOW_CTX_TRY_NUMBER='1' AIRFLOW_CTX_DAG_RUN_ID='scheduled__2024-10-01T02:30:00+00:00'
[2025-03-30T11:41:25.307+0000] {logging_mixin.py:188} INFO - Successfully connected to MariaDB: INOUT on mariadb:3306
[2025-03-30T11:41:25.308+0000] {inout_data.py:46} INFO - Table emp_inout_rec created (if it didn't exist).
[2025-03-30T11:41:25.308+0000] {logging_mixin.py:188} INFO - MariaDB connection closed.
[2025-03-30T11:41:25.308+0000] {python.py:202} INFO - Done. Returned value was: None
[2025-03-30T11:41:25.315+0000] {taskinstance.py:1149} INFO - Marking task as SUCCESS. dag_id=inout_data_ingestion, task_id=create_table, execution_date=20241001T023000, start_date=20250330T114125, end_date=20250330T114125
[2025-03-30T11:41:25.343+0000] {local_task_job_runner.py:234} INFO - Task exited with return code 0
[2025-03-30T11:41:25.355+0000] {taskinstance.py:3309} INFO - 1 downstream tasks scheduled from follow-on schedule check
