[2025-03-30T11:10:05.926+0000] {taskinstance.py:1979} INFO - Dependencies all met for dep_context=non-requeueable deps ti=<TaskInstance: inout_data_ingestion.ingest_dummy_data scheduled__2024-10-01T11:00:00+00:00 [queued]>
[2025-03-30T11:10:05.946+0000] {taskinstance.py:1979} INFO - Dependencies all met for dep_context=requeueable deps ti=<TaskInstance: inout_data_ingestion.ingest_dummy_data scheduled__2024-10-01T11:00:00+00:00 [queued]>
[2025-03-30T11:10:05.947+0000] {taskinstance.py:2193} INFO - Starting attempt 1 of 2
[2025-03-30T11:10:05.973+0000] {taskinstance.py:2214} INFO - Executing <Task(PythonOperator): ingest_dummy_data> on 2024-10-01 11:00:00+00:00
[2025-03-30T11:10:05.982+0000] {standard_task_runner.py:60} INFO - Started process 585 to run task
[2025-03-30T11:10:05.988+0000] {standard_task_runner.py:87} INFO - Running: ['***', 'tasks', 'run', 'inout_data_ingestion', 'ingest_dummy_data', 'scheduled__2024-10-01T11:00:00+00:00', '--job-id', '267', '--raw', '--subdir', 'DAGS_FOLDER/inout_data.py', '--cfg-path', '/tmp/tmpa7vqpa4b']
[2025-03-30T11:10:05.990+0000] {standard_task_runner.py:88} INFO - Job 267: Subtask ingest_dummy_data
[2025-03-30T11:10:06.009+0000] {warnings.py:109} WARNING - /home/***/.local/lib/python3.8/site-packages/***/settings.py:194: DeprecationWarning: The sql_alchemy_conn option in [core] has been moved to the sql_alchemy_conn option in [database] - the old setting has been used, but please update your config.
  SQL_ALCHEMY_CONN = conf.get("database", "SQL_ALCHEMY_CONN")

[2025-03-30T11:10:06.048+0000] {task_command.py:423} INFO - Running <TaskInstance: inout_data_ingestion.ingest_dummy_data scheduled__2024-10-01T11:00:00+00:00 [running]> on host ff9d64b065e6
[2025-03-30T11:10:06.131+0000] {taskinstance.py:2510} INFO - Exporting env vars: AIRFLOW_CTX_DAG_OWNER='***' AIRFLOW_CTX_DAG_ID='inout_data_ingestion' AIRFLOW_CTX_TASK_ID='ingest_dummy_data' AIRFLOW_CTX_EXECUTION_DATE='2024-10-01T11:00:00+00:00' AIRFLOW_CTX_TRY_NUMBER='1' AIRFLOW_CTX_DAG_RUN_ID='scheduled__2024-10-01T11:00:00+00:00'
[2025-03-30T11:10:06.136+0000] {inout_data.py:42} INFO - Successfully connected to MariaDB: INOUT on mariadb:3306
[2025-03-30T11:10:06.140+0000] {inout_data.py:63} ERROR - Error executing query: (1062, "Duplicate entry '2025-03-30 11:10:06-1502' for key 'PRIMARY'")
[2025-03-30T11:10:06.141+0000] {inout_data.py:63} ERROR - Error executing query: (1062, "Duplicate entry '2025-03-30 11:10:06-1502' for key 'PRIMARY'")
[2025-03-30T11:10:06.141+0000] {inout_data.py:63} ERROR - Error executing query: (1062, "Duplicate entry '2025-03-30 11:10:06-1502' for key 'PRIMARY'")
[2025-03-30T11:10:06.142+0000] {inout_data.py:63} ERROR - Error executing query: (1062, "Duplicate entry '2025-03-30 11:10:06-1502' for key 'PRIMARY'")
[2025-03-30T11:10:06.143+0000] {inout_data.py:63} ERROR - Error executing query: (1062, "Duplicate entry '2025-03-30 11:10:06-1502' for key 'PRIMARY'")
[2025-03-30T11:10:06.144+0000] {inout_data.py:63} ERROR - Error executing query: (1062, "Duplicate entry '2025-03-30 11:10:06-1502' for key 'PRIMARY'")
[2025-03-30T11:10:06.145+0000] {inout_data.py:63} ERROR - Error executing query: (1062, "Duplicate entry '2025-03-30 11:10:06-1502' for key 'PRIMARY'")
[2025-03-30T11:10:06.146+0000] {inout_data.py:63} ERROR - Error executing query: (1062, "Duplicate entry '2025-03-30 11:10:06-1502' for key 'PRIMARY'")
[2025-03-30T11:10:06.148+0000] {inout_data.py:63} ERROR - Error executing query: (1062, "Duplicate entry '2025-03-30 11:10:06-1502' for key 'PRIMARY'")
[2025-03-30T11:10:06.149+0000] {inout_data.py:63} ERROR - Error executing query: (1062, "Duplicate entry '2025-03-30 11:10:06-1502' for key 'PRIMARY'")
[2025-03-30T11:10:06.150+0000] {inout_data.py:63} ERROR - Error executing query: (1062, "Duplicate entry '2025-03-30 11:10:06-1502' for key 'PRIMARY'")
[2025-03-30T11:10:06.151+0000] {inout_data.py:63} ERROR - Error executing query: (1062, "Duplicate entry '2025-03-30 11:10:06-1502' for key 'PRIMARY'")
[2025-03-30T11:10:06.153+0000] {inout_data.py:63} ERROR - Error executing query: (1062, "Duplicate entry '2025-03-30 11:10:06-1502' for key 'PRIMARY'")
[2025-03-30T11:10:06.154+0000] {inout_data.py:63} ERROR - Error executing query: (1062, "Duplicate entry '2025-03-30 11:10:06-1502' for key 'PRIMARY'")
[2025-03-30T11:10:06.154+0000] {inout_data.py:159} INFO - Ingested 15 rows of dummy data.
[2025-03-30T11:10:06.155+0000] {inout_data.py:78} INFO - MariaDB connection closed.
[2025-03-30T11:10:06.155+0000] {python.py:202} INFO - Done. Returned value was: None
[2025-03-30T11:10:06.168+0000] {taskinstance.py:1149} INFO - Marking task as SUCCESS. dag_id=inout_data_ingestion, task_id=ingest_dummy_data, execution_date=20241001T110000, start_date=20250330T111005, end_date=20250330T111006
[2025-03-30T11:10:06.212+0000] {local_task_job_runner.py:234} INFO - Task exited with return code 0
[2025-03-30T11:10:06.240+0000] {taskinstance.py:3309} INFO - 0 downstream tasks scheduled from follow-on schedule check
[2025-03-30T11:16:39.513+0000] {taskinstance.py:1979} INFO - Dependencies all met for dep_context=non-requeueable deps ti=<TaskInstance: inout_data_ingestion.ingest_dummy_data scheduled__2024-10-01T11:00:00+00:00 [queued]>
[2025-03-30T11:16:39.543+0000] {taskinstance.py:1979} INFO - Dependencies all met for dep_context=requeueable deps ti=<TaskInstance: inout_data_ingestion.ingest_dummy_data scheduled__2024-10-01T11:00:00+00:00 [queued]>
[2025-03-30T11:16:39.544+0000] {taskinstance.py:2193} INFO - Starting attempt 1 of 2
[2025-03-30T11:16:39.586+0000] {taskinstance.py:2214} INFO - Executing <Task(PythonOperator): ingest_dummy_data> on 2024-10-01 11:00:00+00:00
[2025-03-30T11:16:39.598+0000] {standard_task_runner.py:60} INFO - Started process 2434 to run task
[2025-03-30T11:16:39.606+0000] {standard_task_runner.py:87} INFO - Running: ['***', 'tasks', 'run', 'inout_data_ingestion', 'ingest_dummy_data', 'scheduled__2024-10-01T11:00:00+00:00', '--job-id', '1192', '--raw', '--subdir', 'DAGS_FOLDER/inout_data.py', '--cfg-path', '/tmp/tmpznjxkwkk']
[2025-03-30T11:16:39.616+0000] {standard_task_runner.py:88} INFO - Job 1192: Subtask ingest_dummy_data
[2025-03-30T11:16:39.740+0000] {warnings.py:109} WARNING - /home/***/.local/lib/python3.8/site-packages/***/settings.py:194: DeprecationWarning: The sql_alchemy_conn option in [core] has been moved to the sql_alchemy_conn option in [database] - the old setting has been used, but please update your config.
  SQL_ALCHEMY_CONN = conf.get("database", "SQL_ALCHEMY_CONN")

[2025-03-30T11:16:39.894+0000] {task_command.py:423} INFO - Running <TaskInstance: inout_data_ingestion.ingest_dummy_data scheduled__2024-10-01T11:00:00+00:00 [running]> on host ff9d64b065e6
[2025-03-30T11:16:40.000+0000] {taskinstance.py:2510} INFO - Exporting env vars: AIRFLOW_CTX_DAG_OWNER='***' AIRFLOW_CTX_DAG_ID='inout_data_ingestion' AIRFLOW_CTX_TASK_ID='ingest_dummy_data' AIRFLOW_CTX_EXECUTION_DATE='2024-10-01T11:00:00+00:00' AIRFLOW_CTX_TRY_NUMBER='1' AIRFLOW_CTX_DAG_RUN_ID='scheduled__2024-10-01T11:00:00+00:00'
[2025-03-30T11:16:40.004+0000] {inout_data.py:42} INFO - Successfully connected to MariaDB: INOUT on mariadb:3306
[2025-03-30T11:16:40.005+0000] {inout_data.py:63} ERROR - Error executing query: (1062, "Duplicate entry '2025-03-30 11:16:40-5258' for key 'PRIMARY'")
[2025-03-30T11:16:40.005+0000] {inout_data.py:63} ERROR - Error executing query: (1062, "Duplicate entry '2025-03-30 11:16:40-5258' for key 'PRIMARY'")
[2025-03-30T11:16:40.006+0000] {inout_data.py:63} ERROR - Error executing query: (1062, "Duplicate entry '2025-03-30 11:16:40-5258' for key 'PRIMARY'")
[2025-03-30T11:16:40.006+0000] {inout_data.py:63} ERROR - Error executing query: (1062, "Duplicate entry '2025-03-30 11:16:40-5258' for key 'PRIMARY'")
[2025-03-30T11:16:40.006+0000] {inout_data.py:63} ERROR - Error executing query: (1062, "Duplicate entry '2025-03-30 11:16:40-5258' for key 'PRIMARY'")
[2025-03-30T11:16:40.007+0000] {inout_data.py:63} ERROR - Error executing query: (1062, "Duplicate entry '2025-03-30 11:16:40-5258' for key 'PRIMARY'")
[2025-03-30T11:16:40.007+0000] {inout_data.py:152} INFO - Ingested 7 rows of dummy data.
[2025-03-30T11:16:40.007+0000] {inout_data.py:78} INFO - MariaDB connection closed.
[2025-03-30T11:16:40.008+0000] {python.py:202} INFO - Done. Returned value was: None
[2025-03-30T11:16:40.020+0000] {taskinstance.py:1149} INFO - Marking task as SUCCESS. dag_id=inout_data_ingestion, task_id=ingest_dummy_data, execution_date=20241001T110000, start_date=20250330T111639, end_date=20250330T111640
[2025-03-30T11:16:40.076+0000] {local_task_job_runner.py:234} INFO - Task exited with return code 0
[2025-03-30T11:16:40.110+0000] {taskinstance.py:3309} INFO - 0 downstream tasks scheduled from follow-on schedule check
[2025-03-30T11:29:16.742+0000] {taskinstance.py:1979} INFO - Dependencies all met for dep_context=non-requeueable deps ti=<TaskInstance: inout_data_ingestion.ingest_dummy_data scheduled__2024-10-01T11:00:00+00:00 [queued]>
[2025-03-30T11:29:16.760+0000] {taskinstance.py:1979} INFO - Dependencies all met for dep_context=requeueable deps ti=<TaskInstance: inout_data_ingestion.ingest_dummy_data scheduled__2024-10-01T11:00:00+00:00 [queued]>
[2025-03-30T11:29:16.761+0000] {taskinstance.py:2193} INFO - Starting attempt 1 of 2
[2025-03-30T11:29:16.784+0000] {taskinstance.py:2214} INFO - Executing <Task(PythonOperator): ingest_dummy_data> on 2024-10-01 11:00:00+00:00
[2025-03-30T11:29:16.795+0000] {standard_task_runner.py:87} INFO - Running: ['***', 'tasks', 'run', 'inout_data_ingestion', 'ingest_dummy_data', 'scheduled__2024-10-01T11:00:00+00:00', '--job-id', '2151', '--raw', '--subdir', 'DAGS_FOLDER/inout_data.py', '--cfg-path', '/tmp/tmp9_9sna79']
[2025-03-30T11:29:16.802+0000] {standard_task_runner.py:88} INFO - Job 2151: Subtask ingest_dummy_data
[2025-03-30T11:29:16.791+0000] {standard_task_runner.py:60} INFO - Started process 4356 to run task
[2025-03-30T11:29:16.826+0000] {warnings.py:109} WARNING - /home/***/.local/lib/python3.8/site-packages/***/settings.py:194: DeprecationWarning: The sql_alchemy_conn option in [core] has been moved to the sql_alchemy_conn option in [database] - the old setting has been used, but please update your config.
  SQL_ALCHEMY_CONN = conf.get("database", "SQL_ALCHEMY_CONN")

[2025-03-30T11:29:16.878+0000] {task_command.py:423} INFO - Running <TaskInstance: inout_data_ingestion.ingest_dummy_data scheduled__2024-10-01T11:00:00+00:00 [running]> on host ff9d64b065e6
[2025-03-30T11:29:17.000+0000] {taskinstance.py:2510} INFO - Exporting env vars: AIRFLOW_CTX_DAG_OWNER='***' AIRFLOW_CTX_DAG_ID='inout_data_ingestion' AIRFLOW_CTX_TASK_ID='ingest_dummy_data' AIRFLOW_CTX_EXECUTION_DATE='2024-10-01T11:00:00+00:00' AIRFLOW_CTX_TRY_NUMBER='1' AIRFLOW_CTX_DAG_RUN_ID='scheduled__2024-10-01T11:00:00+00:00'
[2025-03-30T11:29:17.007+0000] {logging_mixin.py:188} INFO - Successfully connected to MariaDB: INOUT on mariadb:3306
[2025-03-30T11:29:17.009+0000] {logging_mixin.py:188} INFO - General error executing query: not all arguments converted during string formatting
[2025-03-30T11:29:17.013+0000] {logging_mixin.py:188} INFO - General error executing query: not all arguments converted during string formatting
[2025-03-30T11:29:17.016+0000] {logging_mixin.py:188} INFO - General error executing query: not all arguments converted during string formatting
[2025-03-30T11:29:17.017+0000] {logging_mixin.py:188} INFO - General error executing query: not all arguments converted during string formatting
[2025-03-30T11:29:17.018+0000] {logging_mixin.py:188} INFO - General error executing query: not all arguments converted during string formatting
[2025-03-30T11:29:17.018+0000] {logging_mixin.py:188} INFO - General error executing query: not all arguments converted during string formatting
[2025-03-30T11:29:17.020+0000] {logging_mixin.py:188} INFO - General error executing query: not all arguments converted during string formatting
[2025-03-30T11:29:17.021+0000] {logging_mixin.py:188} INFO - General error executing query: not all arguments converted during string formatting
[2025-03-30T11:29:17.021+0000] {logging_mixin.py:188} INFO - General error executing query: not all arguments converted during string formatting
[2025-03-30T11:29:17.025+0000] {logging_mixin.py:188} INFO - General error executing query: not all arguments converted during string formatting
[2025-03-30T11:29:17.027+0000] {logging_mixin.py:188} INFO - General error executing query: not all arguments converted during string formatting
[2025-03-30T11:29:17.029+0000] {logging_mixin.py:188} INFO - General error executing query: not all arguments converted during string formatting
[2025-03-30T11:29:17.030+0000] {logging_mixin.py:188} INFO - General error executing query: not all arguments converted during string formatting
[2025-03-30T11:29:17.030+0000] {logging_mixin.py:188} INFO - General error executing query: not all arguments converted during string formatting
[2025-03-30T11:29:17.031+0000] {logging_mixin.py:188} INFO - General error executing query: not all arguments converted during string formatting
[2025-03-30T11:29:17.032+0000] {logging_mixin.py:188} INFO - General error executing query: not all arguments converted during string formatting
[2025-03-30T11:29:17.035+0000] {logging_mixin.py:188} INFO - General error executing query: not all arguments converted during string formatting
[2025-03-30T11:29:17.038+0000] {inout_data.py:87} INFO - Ingested 17 rows of dummy data for 2024-10-01 11:00:00+00:00.
[2025-03-30T11:29:17.039+0000] {logging_mixin.py:188} INFO - MariaDB connection closed.
[2025-03-30T11:29:17.041+0000] {python.py:202} INFO - Done. Returned value was: None
[2025-03-30T11:29:17.060+0000] {taskinstance.py:1149} INFO - Marking task as SUCCESS. dag_id=inout_data_ingestion, task_id=ingest_dummy_data, execution_date=20241001T110000, start_date=20250330T112916, end_date=20250330T112917
[2025-03-30T11:29:17.121+0000] {local_task_job_runner.py:234} INFO - Task exited with return code 0
[2025-03-30T11:29:17.145+0000] {taskinstance.py:3309} INFO - 0 downstream tasks scheduled from follow-on schedule check
[2025-03-30T11:33:59.264+0000] {taskinstance.py:1979} INFO - Dependencies all met for dep_context=non-requeueable deps ti=<TaskInstance: inout_data_ingestion.ingest_dummy_data scheduled__2024-10-01T11:00:00+00:00 [queued]>
[2025-03-30T11:33:59.315+0000] {taskinstance.py:1979} INFO - Dependencies all met for dep_context=requeueable deps ti=<TaskInstance: inout_data_ingestion.ingest_dummy_data scheduled__2024-10-01T11:00:00+00:00 [queued]>
[2025-03-30T11:33:59.316+0000] {taskinstance.py:2193} INFO - Starting attempt 1 of 2
[2025-03-30T11:33:59.399+0000] {taskinstance.py:2214} INFO - Executing <Task(PythonOperator): ingest_dummy_data> on 2024-10-01 11:00:00+00:00
[2025-03-30T11:33:59.417+0000] {standard_task_runner.py:60} INFO - Started process 5808 to run task
[2025-03-30T11:33:59.464+0000] {standard_task_runner.py:87} INFO - Running: ['***', 'tasks', 'run', 'inout_data_ingestion', 'ingest_dummy_data', 'scheduled__2024-10-01T11:00:00+00:00', '--job-id', '2877', '--raw', '--subdir', 'DAGS_FOLDER/inout_data.py', '--cfg-path', '/tmp/tmp_kundvel']
[2025-03-30T11:33:59.473+0000] {standard_task_runner.py:88} INFO - Job 2877: Subtask ingest_dummy_data
[2025-03-30T11:33:59.560+0000] {warnings.py:109} WARNING - /home/***/.local/lib/python3.8/site-packages/***/settings.py:194: DeprecationWarning: The sql_alchemy_conn option in [core] has been moved to the sql_alchemy_conn option in [database] - the old setting has been used, but please update your config.
  SQL_ALCHEMY_CONN = conf.get("database", "SQL_ALCHEMY_CONN")

[2025-03-30T11:33:59.674+0000] {task_command.py:423} INFO - Running <TaskInstance: inout_data_ingestion.ingest_dummy_data scheduled__2024-10-01T11:00:00+00:00 [running]> on host ff9d64b065e6
[2025-03-30T11:33:59.854+0000] {taskinstance.py:2510} INFO - Exporting env vars: AIRFLOW_CTX_DAG_OWNER='***' AIRFLOW_CTX_DAG_ID='inout_data_ingestion' AIRFLOW_CTX_TASK_ID='ingest_dummy_data' AIRFLOW_CTX_EXECUTION_DATE='2024-10-01T11:00:00+00:00' AIRFLOW_CTX_TRY_NUMBER='1' AIRFLOW_CTX_DAG_RUN_ID='scheduled__2024-10-01T11:00:00+00:00'
[2025-03-30T11:33:59.881+0000] {logging_mixin.py:188} INFO - Successfully connected to MariaDB: INOUT on mariadb:3306
[2025-03-30T11:33:59.888+0000] {inout_data.py:83} INFO - {'ingested_time': datetime.datetime(2025, 3, 30, 11, 33, 59, 888470), 'timestamp': datetime.datetime(2024, 10, 1, 11, 11, tzinfo=datetime.timezone.utc), 'emp_id': 6710, 'employee_name': 'Employee70', 'factory': 'FactoryB', 'in_out': 'IN', 'entrance': 'Side', 'door_number': '4', 'function': 'IT', 'division': 'AAPD', 'department': 'CAPD', 'section': '1'}
[2025-03-30T11:33:59.892+0000] {logging_mixin.py:188} INFO - General error executing query: not all arguments converted during string formatting
[2025-03-30T11:33:59.898+0000] {inout_data.py:83} INFO - {'ingested_time': datetime.datetime(2025, 3, 30, 11, 33, 59, 898427), 'timestamp': datetime.datetime(2024, 10, 1, 11, 17, tzinfo=datetime.timezone.utc), 'emp_id': 2823, 'employee_name': 'Employee94', 'factory': 'FactoryA', 'in_out': 'IN', 'entrance': 'Side', 'door_number': '1', 'function': 'IT', 'division': 'AAPD', 'department': 'ML', 'section': '2'}
[2025-03-30T11:33:59.902+0000] {logging_mixin.py:188} INFO - General error executing query: not all arguments converted during string formatting
[2025-03-30T11:33:59.907+0000] {inout_data.py:83} INFO - {'ingested_time': datetime.datetime(2025, 3, 30, 11, 33, 59, 907908), 'timestamp': datetime.datetime(2024, 10, 1, 11, 21, tzinfo=datetime.timezone.utc), 'emp_id': 4929, 'employee_name': 'Employee45', 'factory': 'FactoryB', 'in_out': 'OUT', 'entrance': 'Main', 'door_number': '6', 'function': 'IT', 'division': 'BSID', 'department': 'CAPD', 'section': '1'}
[2025-03-30T11:33:59.909+0000] {logging_mixin.py:188} INFO - General error executing query: not all arguments converted during string formatting
[2025-03-30T11:33:59.911+0000] {inout_data.py:83} INFO - {'ingested_time': datetime.datetime(2025, 3, 30, 11, 33, 59, 911762), 'timestamp': datetime.datetime(2024, 10, 1, 11, 3, tzinfo=datetime.timezone.utc), 'emp_id': 5455, 'employee_name': 'Employee98', 'factory': 'FactoryA', 'in_out': 'IN', 'entrance': 'Side', 'door_number': '8', 'function': 'IT', 'division': 'AAPD', 'department': 'ML', 'section': '2'}
[2025-03-30T11:33:59.915+0000] {logging_mixin.py:188} INFO - General error executing query: not all arguments converted during string formatting
[2025-03-30T11:33:59.919+0000] {inout_data.py:83} INFO - {'ingested_time': datetime.datetime(2025, 3, 30, 11, 33, 59, 919140), 'timestamp': datetime.datetime(2024, 10, 1, 11, 16, tzinfo=datetime.timezone.utc), 'emp_id': 3699, 'employee_name': 'Employee31', 'factory': 'FactoryA', 'in_out': 'IN', 'entrance': 'Side', 'door_number': '1', 'function': 'IT', 'division': 'BSID', 'department': 'CAPD', 'section': '2'}
[2025-03-30T11:33:59.920+0000] {logging_mixin.py:188} INFO - General error executing query: not all arguments converted during string formatting
[2025-03-30T11:33:59.922+0000] {inout_data.py:83} INFO - {'ingested_time': datetime.datetime(2025, 3, 30, 11, 33, 59, 922723), 'timestamp': datetime.datetime(2024, 10, 1, 11, 8, tzinfo=datetime.timezone.utc), 'emp_id': 6267, 'employee_name': 'Employee34', 'factory': 'FactoryA', 'in_out': 'OUT', 'entrance': 'Side', 'door_number': '3', 'function': 'IT', 'division': 'BSID', 'department': 'CAPD', 'section': '1'}
[2025-03-30T11:33:59.925+0000] {logging_mixin.py:188} INFO - General error executing query: not all arguments converted during string formatting
[2025-03-30T11:33:59.927+0000] {inout_data.py:83} INFO - {'ingested_time': datetime.datetime(2025, 3, 30, 11, 33, 59, 927105), 'timestamp': datetime.datetime(2024, 10, 1, 11, 22, tzinfo=datetime.timezone.utc), 'emp_id': 2447, 'employee_name': 'Employee9', 'factory': 'FactoryB', 'in_out': 'IN', 'entrance': 'Side', 'door_number': '7', 'function': 'IT', 'division': 'AAPD', 'department': 'CAPD', 'section': '1'}
[2025-03-30T11:33:59.931+0000] {logging_mixin.py:188} INFO - General error executing query: not all arguments converted during string formatting
[2025-03-30T11:33:59.934+0000] {inout_data.py:83} INFO - {'ingested_time': datetime.datetime(2025, 3, 30, 11, 33, 59, 934187), 'timestamp': datetime.datetime(2024, 10, 1, 11, 19, tzinfo=datetime.timezone.utc), 'emp_id': 3401, 'employee_name': 'Employee64', 'factory': 'FactoryB', 'in_out': 'IN', 'entrance': 'Side', 'door_number': '5', 'function': 'IT', 'division': 'BSID', 'department': 'HRSD', 'section': '1'}
[2025-03-30T11:33:59.940+0000] {logging_mixin.py:188} INFO - General error executing query: not all arguments converted during string formatting
[2025-03-30T11:33:59.946+0000] {inout_data.py:83} INFO - {'ingested_time': datetime.datetime(2025, 3, 30, 11, 33, 59, 946745), 'timestamp': datetime.datetime(2024, 10, 1, 11, 23, tzinfo=datetime.timezone.utc), 'emp_id': 4238, 'employee_name': 'Employee9', 'factory': 'FactoryB', 'in_out': 'OUT', 'entrance': 'Main', 'door_number': '1', 'function': 'IT', 'division': 'AAPD', 'department': 'CAPD', 'section': '1'}
[2025-03-30T11:33:59.956+0000] {logging_mixin.py:188} INFO - General error executing query: not all arguments converted during string formatting
[2025-03-30T11:33:59.967+0000] {inout_data.py:83} INFO - {'ingested_time': datetime.datetime(2025, 3, 30, 11, 33, 59, 967109), 'timestamp': datetime.datetime(2024, 10, 1, 11, 12, tzinfo=datetime.timezone.utc), 'emp_id': 4645, 'employee_name': 'Employee51', 'factory': 'FactoryA', 'in_out': 'IN', 'entrance': 'Main', 'door_number': '5', 'function': 'IT', 'division': 'AAPD', 'department': 'ML', 'section': '1'}
[2025-03-30T11:33:59.981+0000] {logging_mixin.py:188} INFO - General error executing query: not all arguments converted during string formatting
[2025-03-30T11:33:59.988+0000] {inout_data.py:83} INFO - {'ingested_time': datetime.datetime(2025, 3, 30, 11, 33, 59, 988386), 'timestamp': datetime.datetime(2024, 10, 1, 11, 1, tzinfo=datetime.timezone.utc), 'emp_id': 3233, 'employee_name': 'Employee52', 'factory': 'FactoryB', 'in_out': 'IN', 'entrance': 'Side', 'door_number': '10', 'function': 'IT', 'division': 'AAPD', 'department': 'ML', 'section': '2'}
[2025-03-30T11:34:00.005+0000] {logging_mixin.py:188} INFO - General error executing query: not all arguments converted during string formatting
[2025-03-30T11:34:00.011+0000] {inout_data.py:83} INFO - {'ingested_time': datetime.datetime(2025, 3, 30, 11, 34, 0, 11773), 'timestamp': datetime.datetime(2024, 10, 1, 11, 12, tzinfo=datetime.timezone.utc), 'emp_id': 5400, 'employee_name': 'Employee3', 'factory': 'FactoryA', 'in_out': 'OUT', 'entrance': 'Main', 'door_number': '9', 'function': 'IT', 'division': 'AAPD', 'department': 'HRSD', 'section': '1'}
[2025-03-30T11:34:00.016+0000] {logging_mixin.py:188} INFO - General error executing query: not all arguments converted during string formatting
[2025-03-30T11:34:00.022+0000] {inout_data.py:83} INFO - {'ingested_time': datetime.datetime(2025, 3, 30, 11, 34, 0, 21891), 'timestamp': datetime.datetime(2024, 10, 1, 11, 28, tzinfo=datetime.timezone.utc), 'emp_id': 2193, 'employee_name': 'Employee100', 'factory': 'FactoryB', 'in_out': 'IN', 'entrance': 'Main', 'door_number': '1', 'function': 'IT', 'division': 'AAPD', 'department': 'HRSD', 'section': '2'}
[2025-03-30T11:34:00.029+0000] {logging_mixin.py:188} INFO - General error executing query: not all arguments converted during string formatting
[2025-03-30T11:34:00.033+0000] {inout_data.py:83} INFO - {'ingested_time': datetime.datetime(2025, 3, 30, 11, 34, 0, 32927), 'timestamp': datetime.datetime(2024, 10, 1, 11, 0, tzinfo=datetime.timezone.utc), 'emp_id': 5990, 'employee_name': 'Employee23', 'factory': 'FactoryB', 'in_out': 'OUT', 'entrance': 'Main', 'door_number': '7', 'function': 'IT', 'division': 'BSID', 'department': 'ML', 'section': '2'}
[2025-03-30T11:34:00.046+0000] {logging_mixin.py:188} INFO - General error executing query: not all arguments converted during string formatting
[2025-03-30T11:34:00.051+0000] {inout_data.py:88} INFO - Ingested 14 rows of dummy data for 2024-10-01 11:00:00+00:00.
[2025-03-30T11:34:00.058+0000] {logging_mixin.py:188} INFO - MariaDB connection closed.
[2025-03-30T11:34:00.065+0000] {python.py:202} INFO - Done. Returned value was: None
[2025-03-30T11:34:00.674+0000] {taskinstance.py:1149} INFO - Marking task as SUCCESS. dag_id=inout_data_ingestion, task_id=ingest_dummy_data, execution_date=20241001T110000, start_date=20250330T113359, end_date=20250330T113400
[2025-03-30T11:34:01.069+0000] {local_task_job_runner.py:234} INFO - Task exited with return code 0
[2025-03-30T11:34:01.289+0000] {taskinstance.py:3309} INFO - 0 downstream tasks scheduled from follow-on schedule check
[2025-03-30T11:41:39.998+0000] {taskinstance.py:1979} INFO - Dependencies all met for dep_context=non-requeueable deps ti=<TaskInstance: inout_data_ingestion.ingest_dummy_data scheduled__2024-10-01T11:00:00+00:00 [queued]>
[2025-03-30T11:41:40.017+0000] {taskinstance.py:1979} INFO - Dependencies all met for dep_context=requeueable deps ti=<TaskInstance: inout_data_ingestion.ingest_dummy_data scheduled__2024-10-01T11:00:00+00:00 [queued]>
[2025-03-30T11:41:40.018+0000] {taskinstance.py:2193} INFO - Starting attempt 1 of 2
[2025-03-30T11:41:40.045+0000] {taskinstance.py:2214} INFO - Executing <Task(PythonOperator): ingest_dummy_data> on 2024-10-01 11:00:00+00:00
[2025-03-30T11:41:40.055+0000] {standard_task_runner.py:60} INFO - Started process 7158 to run task
[2025-03-30T11:41:40.070+0000] {standard_task_runner.py:87} INFO - Running: ['***', 'tasks', 'run', 'inout_data_ingestion', 'ingest_dummy_data', 'scheduled__2024-10-01T11:00:00+00:00', '--job-id', '3553', '--raw', '--subdir', 'DAGS_FOLDER/inout_data.py', '--cfg-path', '/tmp/tmpnrqf77en']
[2025-03-30T11:41:40.075+0000] {standard_task_runner.py:88} INFO - Job 3553: Subtask ingest_dummy_data
[2025-03-30T11:41:40.097+0000] {warnings.py:109} WARNING - /home/***/.local/lib/python3.8/site-packages/***/settings.py:194: DeprecationWarning: The sql_alchemy_conn option in [core] has been moved to the sql_alchemy_conn option in [database] - the old setting has been used, but please update your config.
  SQL_ALCHEMY_CONN = conf.get("database", "SQL_ALCHEMY_CONN")

[2025-03-30T11:41:40.204+0000] {task_command.py:423} INFO - Running <TaskInstance: inout_data_ingestion.ingest_dummy_data scheduled__2024-10-01T11:00:00+00:00 [running]> on host ff9d64b065e6
[2025-03-30T11:41:40.363+0000] {taskinstance.py:2510} INFO - Exporting env vars: AIRFLOW_CTX_DAG_OWNER='***' AIRFLOW_CTX_DAG_ID='inout_data_ingestion' AIRFLOW_CTX_TASK_ID='ingest_dummy_data' AIRFLOW_CTX_EXECUTION_DATE='2024-10-01T11:00:00+00:00' AIRFLOW_CTX_TRY_NUMBER='1' AIRFLOW_CTX_DAG_RUN_ID='scheduled__2024-10-01T11:00:00+00:00'
[2025-03-30T11:41:40.382+0000] {logging_mixin.py:188} INFO - Successfully connected to MariaDB: INOUT on mariadb:3306
[2025-03-30T11:41:40.386+0000] {inout_data.py:83} INFO - {'ingested_time': datetime.datetime(2025, 3, 30, 11, 41, 40, 386055), 'timestamp': datetime.datetime(2024, 10, 1, 11, 23, tzinfo=datetime.timezone.utc), 'emp_id': 1176, 'employee_name': 'Employee5', 'factory': 'FactoryA', 'in_out': 'IN', 'entrance': 'Main', 'door_number': '5', 'function': 'IT', 'division': 'AAPD', 'department': 'CAPD', 'section': '1'}
[2025-03-30T11:41:40.387+0000] {inout_data.py:99} INFO - Query: INSERT INTO emp_inout_rec (ingested_time, timestamp, employee_id, employee_name, factory, in_out, entrance, door_number, function, division, department, section) VALUES (%s, %s, %s, %s, %s, %s, %s, %s, %s, %s, %s)
[2025-03-30T11:41:40.388+0000] {inout_data.py:100} INFO - Params: ('2025-03-30 11:41:40', '2024-10-01 11:23:00', 1176, 'Employee5', 'FactoryA', 'IN', 'Main', '5', 'IT', 'AAPD', 'CAPD', '1')
[2025-03-30T11:41:40.391+0000] {logging_mixin.py:188} INFO - General error executing query: not all arguments converted during string formatting
[2025-03-30T11:41:40.392+0000] {inout_data.py:83} INFO - {'ingested_time': datetime.datetime(2025, 3, 30, 11, 41, 40, 392419), 'timestamp': datetime.datetime(2024, 10, 1, 11, 0, tzinfo=datetime.timezone.utc), 'emp_id': 6909, 'employee_name': 'Employee76', 'factory': 'FactoryB', 'in_out': 'OUT', 'entrance': 'Main', 'door_number': '2', 'function': 'IT', 'division': 'BSID', 'department': 'HRSD', 'section': '2'}
[2025-03-30T11:41:40.392+0000] {inout_data.py:99} INFO - Query: INSERT INTO emp_inout_rec (ingested_time, timestamp, employee_id, employee_name, factory, in_out, entrance, door_number, function, division, department, section) VALUES (%s, %s, %s, %s, %s, %s, %s, %s, %s, %s, %s)
[2025-03-30T11:41:40.393+0000] {inout_data.py:100} INFO - Params: ('2025-03-30 11:41:40', '2024-10-01 11:00:00', 6909, 'Employee76', 'FactoryB', 'OUT', 'Main', '2', 'IT', 'BSID', 'HRSD', '2')
[2025-03-30T11:41:40.393+0000] {logging_mixin.py:188} INFO - General error executing query: not all arguments converted during string formatting
[2025-03-30T11:41:40.393+0000] {inout_data.py:83} INFO - {'ingested_time': datetime.datetime(2025, 3, 30, 11, 41, 40, 393508), 'timestamp': datetime.datetime(2024, 10, 1, 11, 7, tzinfo=datetime.timezone.utc), 'emp_id': 4987, 'employee_name': 'Employee71', 'factory': 'FactoryA', 'in_out': 'OUT', 'entrance': 'Side', 'door_number': '10', 'function': 'IT', 'division': 'AAPD', 'department': 'HRSD', 'section': '1'}
[2025-03-30T11:41:40.393+0000] {inout_data.py:99} INFO - Query: INSERT INTO emp_inout_rec (ingested_time, timestamp, employee_id, employee_name, factory, in_out, entrance, door_number, function, division, department, section) VALUES (%s, %s, %s, %s, %s, %s, %s, %s, %s, %s, %s)
[2025-03-30T11:41:40.393+0000] {inout_data.py:100} INFO - Params: ('2025-03-30 11:41:40', '2024-10-01 11:07:00', 4987, 'Employee71', 'FactoryA', 'OUT', 'Side', '10', 'IT', 'AAPD', 'HRSD', '1')
[2025-03-30T11:41:40.394+0000] {logging_mixin.py:188} INFO - General error executing query: not all arguments converted during string formatting
[2025-03-30T11:41:40.394+0000] {inout_data.py:83} INFO - {'ingested_time': datetime.datetime(2025, 3, 30, 11, 41, 40, 394354), 'timestamp': datetime.datetime(2024, 10, 1, 11, 3, tzinfo=datetime.timezone.utc), 'emp_id': 1102, 'employee_name': 'Employee94', 'factory': 'FactoryA', 'in_out': 'OUT', 'entrance': 'Side', 'door_number': '6', 'function': 'IT', 'division': 'AAPD', 'department': 'ML', 'section': '1'}
[2025-03-30T11:41:40.394+0000] {inout_data.py:99} INFO - Query: INSERT INTO emp_inout_rec (ingested_time, timestamp, employee_id, employee_name, factory, in_out, entrance, door_number, function, division, department, section) VALUES (%s, %s, %s, %s, %s, %s, %s, %s, %s, %s, %s)
[2025-03-30T11:41:40.394+0000] {inout_data.py:100} INFO - Params: ('2025-03-30 11:41:40', '2024-10-01 11:03:00', 1102, 'Employee94', 'FactoryA', 'OUT', 'Side', '6', 'IT', 'AAPD', 'ML', '1')
[2025-03-30T11:41:40.394+0000] {logging_mixin.py:188} INFO - General error executing query: not all arguments converted during string formatting
[2025-03-30T11:41:40.395+0000] {inout_data.py:83} INFO - {'ingested_time': datetime.datetime(2025, 3, 30, 11, 41, 40, 395188), 'timestamp': datetime.datetime(2024, 10, 1, 11, 29, tzinfo=datetime.timezone.utc), 'emp_id': 3732, 'employee_name': 'Employee87', 'factory': 'FactoryB', 'in_out': 'OUT', 'entrance': 'Side', 'door_number': '7', 'function': 'IT', 'division': 'BSID', 'department': 'CAPD', 'section': '1'}
[2025-03-30T11:41:40.395+0000] {inout_data.py:99} INFO - Query: INSERT INTO emp_inout_rec (ingested_time, timestamp, employee_id, employee_name, factory, in_out, entrance, door_number, function, division, department, section) VALUES (%s, %s, %s, %s, %s, %s, %s, %s, %s, %s, %s)
[2025-03-30T11:41:40.395+0000] {inout_data.py:100} INFO - Params: ('2025-03-30 11:41:40', '2024-10-01 11:29:00', 3732, 'Employee87', 'FactoryB', 'OUT', 'Side', '7', 'IT', 'BSID', 'CAPD', '1')
[2025-03-30T11:41:40.395+0000] {logging_mixin.py:188} INFO - General error executing query: not all arguments converted during string formatting
[2025-03-30T11:41:40.396+0000] {inout_data.py:83} INFO - {'ingested_time': datetime.datetime(2025, 3, 30, 11, 41, 40, 396724), 'timestamp': datetime.datetime(2024, 10, 1, 11, 2, tzinfo=datetime.timezone.utc), 'emp_id': 7818, 'employee_name': 'Employee81', 'factory': 'FactoryB', 'in_out': 'OUT', 'entrance': 'Main', 'door_number': '6', 'function': 'IT', 'division': 'AAPD', 'department': 'CAPD', 'section': '2'}
[2025-03-30T11:41:40.399+0000] {inout_data.py:99} INFO - Query: INSERT INTO emp_inout_rec (ingested_time, timestamp, employee_id, employee_name, factory, in_out, entrance, door_number, function, division, department, section) VALUES (%s, %s, %s, %s, %s, %s, %s, %s, %s, %s, %s)
[2025-03-30T11:41:40.403+0000] {inout_data.py:100} INFO - Params: ('2025-03-30 11:41:40', '2024-10-01 11:02:00', 7818, 'Employee81', 'FactoryB', 'OUT', 'Main', '6', 'IT', 'AAPD', 'CAPD', '2')
[2025-03-30T11:41:40.404+0000] {logging_mixin.py:188} INFO - General error executing query: not all arguments converted during string formatting
[2025-03-30T11:41:40.413+0000] {inout_data.py:83} INFO - {'ingested_time': datetime.datetime(2025, 3, 30, 11, 41, 40, 413022), 'timestamp': datetime.datetime(2024, 10, 1, 11, 22, tzinfo=datetime.timezone.utc), 'emp_id': 6849, 'employee_name': 'Employee74', 'factory': 'FactoryB', 'in_out': 'OUT', 'entrance': 'Main', 'door_number': '1', 'function': 'IT', 'division': 'AAPD', 'department': 'HRSD', 'section': '1'}
[2025-03-30T11:41:40.415+0000] {inout_data.py:99} INFO - Query: INSERT INTO emp_inout_rec (ingested_time, timestamp, employee_id, employee_name, factory, in_out, entrance, door_number, function, division, department, section) VALUES (%s, %s, %s, %s, %s, %s, %s, %s, %s, %s, %s)
[2025-03-30T11:41:40.416+0000] {inout_data.py:100} INFO - Params: ('2025-03-30 11:41:40', '2024-10-01 11:22:00', 6849, 'Employee74', 'FactoryB', 'OUT', 'Main', '1', 'IT', 'AAPD', 'HRSD', '1')
[2025-03-30T11:41:40.416+0000] {logging_mixin.py:188} INFO - General error executing query: not all arguments converted during string formatting
[2025-03-30T11:41:40.416+0000] {inout_data.py:83} INFO - {'ingested_time': datetime.datetime(2025, 3, 30, 11, 41, 40, 416849), 'timestamp': datetime.datetime(2024, 10, 1, 11, 20, tzinfo=datetime.timezone.utc), 'emp_id': 1591, 'employee_name': 'Employee68', 'factory': 'FactoryB', 'in_out': 'OUT', 'entrance': 'Main', 'door_number': '6', 'function': 'IT', 'division': 'AAPD', 'department': 'HRSD', 'section': '2'}
[2025-03-30T11:41:40.419+0000] {inout_data.py:99} INFO - Query: INSERT INTO emp_inout_rec (ingested_time, timestamp, employee_id, employee_name, factory, in_out, entrance, door_number, function, division, department, section) VALUES (%s, %s, %s, %s, %s, %s, %s, %s, %s, %s, %s)
[2025-03-30T11:41:40.420+0000] {inout_data.py:100} INFO - Params: ('2025-03-30 11:41:40', '2024-10-01 11:20:00', 1591, 'Employee68', 'FactoryB', 'OUT', 'Main', '6', 'IT', 'AAPD', 'HRSD', '2')
[2025-03-30T11:41:40.421+0000] {logging_mixin.py:188} INFO - General error executing query: not all arguments converted during string formatting
[2025-03-30T11:41:40.422+0000] {inout_data.py:83} INFO - {'ingested_time': datetime.datetime(2025, 3, 30, 11, 41, 40, 422403), 'timestamp': datetime.datetime(2024, 10, 1, 11, 25, tzinfo=datetime.timezone.utc), 'emp_id': 1366, 'employee_name': 'Employee34', 'factory': 'FactoryB', 'in_out': 'IN', 'entrance': 'Main', 'door_number': '3', 'function': 'IT', 'division': 'AAPD', 'department': 'CAPD', 'section': '1'}
[2025-03-30T11:41:40.422+0000] {inout_data.py:99} INFO - Query: INSERT INTO emp_inout_rec (ingested_time, timestamp, employee_id, employee_name, factory, in_out, entrance, door_number, function, division, department, section) VALUES (%s, %s, %s, %s, %s, %s, %s, %s, %s, %s, %s)
[2025-03-30T11:41:40.423+0000] {inout_data.py:100} INFO - Params: ('2025-03-30 11:41:40', '2024-10-01 11:25:00', 1366, 'Employee34', 'FactoryB', 'IN', 'Main', '3', 'IT', 'AAPD', 'CAPD', '1')
[2025-03-30T11:41:40.423+0000] {logging_mixin.py:188} INFO - General error executing query: not all arguments converted during string formatting
[2025-03-30T11:41:40.423+0000] {inout_data.py:83} INFO - {'ingested_time': datetime.datetime(2025, 3, 30, 11, 41, 40, 423495), 'timestamp': datetime.datetime(2024, 10, 1, 11, 9, tzinfo=datetime.timezone.utc), 'emp_id': 5361, 'employee_name': 'Employee69', 'factory': 'FactoryA', 'in_out': 'IN', 'entrance': 'Side', 'door_number': '2', 'function': 'IT', 'division': 'BSID', 'department': 'CAPD', 'section': '1'}
[2025-03-30T11:41:40.430+0000] {inout_data.py:99} INFO - Query: INSERT INTO emp_inout_rec (ingested_time, timestamp, employee_id, employee_name, factory, in_out, entrance, door_number, function, division, department, section) VALUES (%s, %s, %s, %s, %s, %s, %s, %s, %s, %s, %s)
[2025-03-30T11:41:40.431+0000] {inout_data.py:100} INFO - Params: ('2025-03-30 11:41:40', '2024-10-01 11:09:00', 5361, 'Employee69', 'FactoryA', 'IN', 'Side', '2', 'IT', 'BSID', 'CAPD', '1')
[2025-03-30T11:41:40.432+0000] {logging_mixin.py:188} INFO - General error executing query: not all arguments converted during string formatting
[2025-03-30T11:41:40.435+0000] {inout_data.py:83} INFO - {'ingested_time': datetime.datetime(2025, 3, 30, 11, 41, 40, 434975), 'timestamp': datetime.datetime(2024, 10, 1, 11, 17, tzinfo=datetime.timezone.utc), 'emp_id': 8772, 'employee_name': 'Employee93', 'factory': 'FactoryA', 'in_out': 'OUT', 'entrance': 'Main', 'door_number': '4', 'function': 'IT', 'division': 'BSID', 'department': 'ML', 'section': '1'}
[2025-03-30T11:41:40.438+0000] {inout_data.py:99} INFO - Query: INSERT INTO emp_inout_rec (ingested_time, timestamp, employee_id, employee_name, factory, in_out, entrance, door_number, function, division, department, section) VALUES (%s, %s, %s, %s, %s, %s, %s, %s, %s, %s, %s)
[2025-03-30T11:41:40.441+0000] {inout_data.py:100} INFO - Params: ('2025-03-30 11:41:40', '2024-10-01 11:17:00', 8772, 'Employee93', 'FactoryA', 'OUT', 'Main', '4', 'IT', 'BSID', 'ML', '1')
[2025-03-30T11:41:40.442+0000] {logging_mixin.py:188} INFO - General error executing query: not all arguments converted during string formatting
[2025-03-30T11:41:40.444+0000] {inout_data.py:83} INFO - {'ingested_time': datetime.datetime(2025, 3, 30, 11, 41, 40, 443960), 'timestamp': datetime.datetime(2024, 10, 1, 11, 15, tzinfo=datetime.timezone.utc), 'emp_id': 6251, 'employee_name': 'Employee60', 'factory': 'FactoryA', 'in_out': 'OUT', 'entrance': 'Side', 'door_number': '8', 'function': 'IT', 'division': 'AAPD', 'department': 'HRSD', 'section': '1'}
[2025-03-30T11:41:40.445+0000] {inout_data.py:99} INFO - Query: INSERT INTO emp_inout_rec (ingested_time, timestamp, employee_id, employee_name, factory, in_out, entrance, door_number, function, division, department, section) VALUES (%s, %s, %s, %s, %s, %s, %s, %s, %s, %s, %s)
[2025-03-30T11:41:40.446+0000] {inout_data.py:100} INFO - Params: ('2025-03-30 11:41:40', '2024-10-01 11:15:00', 6251, 'Employee60', 'FactoryA', 'OUT', 'Side', '8', 'IT', 'AAPD', 'HRSD', '1')
[2025-03-30T11:41:40.446+0000] {logging_mixin.py:188} INFO - General error executing query: not all arguments converted during string formatting
[2025-03-30T11:41:40.446+0000] {inout_data.py:83} INFO - {'ingested_time': datetime.datetime(2025, 3, 30, 11, 41, 40, 446686), 'timestamp': datetime.datetime(2024, 10, 1, 11, 16, tzinfo=datetime.timezone.utc), 'emp_id': 8568, 'employee_name': 'Employee71', 'factory': 'FactoryA', 'in_out': 'IN', 'entrance': 'Side', 'door_number': '2', 'function': 'IT', 'division': 'BSID', 'department': 'HRSD', 'section': '1'}
[2025-03-30T11:41:40.447+0000] {inout_data.py:99} INFO - Query: INSERT INTO emp_inout_rec (ingested_time, timestamp, employee_id, employee_name, factory, in_out, entrance, door_number, function, division, department, section) VALUES (%s, %s, %s, %s, %s, %s, %s, %s, %s, %s, %s)
[2025-03-30T11:41:40.449+0000] {inout_data.py:100} INFO - Params: ('2025-03-30 11:41:40', '2024-10-01 11:16:00', 8568, 'Employee71', 'FactoryA', 'IN', 'Side', '2', 'IT', 'BSID', 'HRSD', '1')
[2025-03-30T11:41:40.451+0000] {logging_mixin.py:188} INFO - General error executing query: not all arguments converted during string formatting
[2025-03-30T11:41:40.454+0000] {inout_data.py:102} INFO - Ingested 13 rows of dummy data for 2024-10-01 11:00:00+00:00.
[2025-03-30T11:41:40.464+0000] {logging_mixin.py:188} INFO - MariaDB connection closed.
[2025-03-30T11:41:40.467+0000] {python.py:202} INFO - Done. Returned value was: None
[2025-03-30T11:41:40.492+0000] {taskinstance.py:1149} INFO - Marking task as SUCCESS. dag_id=inout_data_ingestion, task_id=ingest_dummy_data, execution_date=20241001T110000, start_date=20250330T114140, end_date=20250330T114140
[2025-03-30T11:41:40.536+0000] {local_task_job_runner.py:234} INFO - Task exited with return code 0
[2025-03-30T11:41:40.697+0000] {taskinstance.py:3309} INFO - 0 downstream tasks scheduled from follow-on schedule check
