[2025-03-30T11:10:01.013+0000] {taskinstance.py:1979} INFO - Dependencies all met for dep_context=non-requeueable deps ti=<TaskInstance: inout_data_ingestion.ingest_dummy_data scheduled__2024-10-01T08:30:00+00:00 [queued]>
[2025-03-30T11:10:01.020+0000] {taskinstance.py:1979} INFO - Dependencies all met for dep_context=requeueable deps ti=<TaskInstance: inout_data_ingestion.ingest_dummy_data scheduled__2024-10-01T08:30:00+00:00 [queued]>
[2025-03-30T11:10:01.021+0000] {taskinstance.py:2193} INFO - Starting attempt 1 of 2
[2025-03-30T11:10:01.036+0000] {taskinstance.py:2214} INFO - Executing <Task(PythonOperator): ingest_dummy_data> on 2024-10-01 08:30:00+00:00
[2025-03-30T11:10:01.043+0000] {standard_task_runner.py:60} INFO - Started process 561 to run task
[2025-03-30T11:10:01.047+0000] {standard_task_runner.py:87} INFO - Running: ['***', 'tasks', 'run', 'inout_data_ingestion', 'ingest_dummy_data', 'scheduled__2024-10-01T08:30:00+00:00', '--job-id', '255', '--raw', '--subdir', 'DAGS_FOLDER/inout_data.py', '--cfg-path', '/tmp/tmp8vq___8d']
[2025-03-30T11:10:01.048+0000] {standard_task_runner.py:88} INFO - Job 255: Subtask ingest_dummy_data
[2025-03-30T11:10:01.059+0000] {warnings.py:109} WARNING - /home/***/.local/lib/python3.8/site-packages/***/settings.py:194: DeprecationWarning: The sql_alchemy_conn option in [core] has been moved to the sql_alchemy_conn option in [database] - the old setting has been used, but please update your config.
  SQL_ALCHEMY_CONN = conf.get("database", "SQL_ALCHEMY_CONN")

[2025-03-30T11:10:01.100+0000] {task_command.py:423} INFO - Running <TaskInstance: inout_data_ingestion.ingest_dummy_data scheduled__2024-10-01T08:30:00+00:00 [running]> on host ff9d64b065e6
[2025-03-30T11:10:01.176+0000] {taskinstance.py:2510} INFO - Exporting env vars: AIRFLOW_CTX_DAG_OWNER='***' AIRFLOW_CTX_DAG_ID='inout_data_ingestion' AIRFLOW_CTX_TASK_ID='ingest_dummy_data' AIRFLOW_CTX_EXECUTION_DATE='2024-10-01T08:30:00+00:00' AIRFLOW_CTX_TRY_NUMBER='1' AIRFLOW_CTX_DAG_RUN_ID='scheduled__2024-10-01T08:30:00+00:00'
[2025-03-30T11:10:01.183+0000] {inout_data.py:42} INFO - Successfully connected to MariaDB: INOUT on mariadb:3306
[2025-03-30T11:10:01.186+0000] {inout_data.py:63} ERROR - Error executing query: (1062, "Duplicate entry '2025-03-30 11:10:01-2148' for key 'PRIMARY'")
[2025-03-30T11:10:01.187+0000] {inout_data.py:63} ERROR - Error executing query: (1062, "Duplicate entry '2025-03-30 11:10:01-2148' for key 'PRIMARY'")
[2025-03-30T11:10:01.190+0000] {inout_data.py:63} ERROR - Error executing query: (1062, "Duplicate entry '2025-03-30 11:10:01-2148' for key 'PRIMARY'")
[2025-03-30T11:10:01.190+0000] {inout_data.py:63} ERROR - Error executing query: (1062, "Duplicate entry '2025-03-30 11:10:01-2148' for key 'PRIMARY'")
[2025-03-30T11:10:01.190+0000] {inout_data.py:159} INFO - Ingested 5 rows of dummy data.
[2025-03-30T11:10:01.190+0000] {inout_data.py:78} INFO - MariaDB connection closed.
[2025-03-30T11:10:01.191+0000] {python.py:202} INFO - Done. Returned value was: None
[2025-03-30T11:10:01.196+0000] {taskinstance.py:1149} INFO - Marking task as SUCCESS. dag_id=inout_data_ingestion, task_id=ingest_dummy_data, execution_date=20241001T083000, start_date=20250330T111001, end_date=20250330T111001
[2025-03-30T11:10:01.227+0000] {local_task_job_runner.py:234} INFO - Task exited with return code 0
[2025-03-30T11:10:01.240+0000] {taskinstance.py:3309} INFO - 0 downstream tasks scheduled from follow-on schedule check
[2025-03-30T11:16:37.884+0000] {taskinstance.py:1979} INFO - Dependencies all met for dep_context=non-requeueable deps ti=<TaskInstance: inout_data_ingestion.ingest_dummy_data scheduled__2024-10-01T08:30:00+00:00 [queued]>
[2025-03-30T11:16:37.897+0000] {taskinstance.py:1979} INFO - Dependencies all met for dep_context=requeueable deps ti=<TaskInstance: inout_data_ingestion.ingest_dummy_data scheduled__2024-10-01T08:30:00+00:00 [queued]>
[2025-03-30T11:16:37.898+0000] {taskinstance.py:2193} INFO - Starting attempt 1 of 2
[2025-03-30T11:16:37.918+0000] {taskinstance.py:2214} INFO - Executing <Task(PythonOperator): ingest_dummy_data> on 2024-10-01 08:30:00+00:00
[2025-03-30T11:16:37.928+0000] {standard_task_runner.py:60} INFO - Started process 2419 to run task
[2025-03-30T11:16:37.934+0000] {standard_task_runner.py:87} INFO - Running: ['***', 'tasks', 'run', 'inout_data_ingestion', 'ingest_dummy_data', 'scheduled__2024-10-01T08:30:00+00:00', '--job-id', '1183', '--raw', '--subdir', 'DAGS_FOLDER/inout_data.py', '--cfg-path', '/tmp/tmpdshfbjw1']
[2025-03-30T11:16:37.936+0000] {standard_task_runner.py:88} INFO - Job 1183: Subtask ingest_dummy_data
[2025-03-30T11:16:37.959+0000] {warnings.py:109} WARNING - /home/***/.local/lib/python3.8/site-packages/***/settings.py:194: DeprecationWarning: The sql_alchemy_conn option in [core] has been moved to the sql_alchemy_conn option in [database] - the old setting has been used, but please update your config.
  SQL_ALCHEMY_CONN = conf.get("database", "SQL_ALCHEMY_CONN")

[2025-03-30T11:16:38.001+0000] {task_command.py:423} INFO - Running <TaskInstance: inout_data_ingestion.ingest_dummy_data scheduled__2024-10-01T08:30:00+00:00 [running]> on host ff9d64b065e6
[2025-03-30T11:16:38.175+0000] {taskinstance.py:2510} INFO - Exporting env vars: AIRFLOW_CTX_DAG_OWNER='***' AIRFLOW_CTX_DAG_ID='inout_data_ingestion' AIRFLOW_CTX_TASK_ID='ingest_dummy_data' AIRFLOW_CTX_EXECUTION_DATE='2024-10-01T08:30:00+00:00' AIRFLOW_CTX_TRY_NUMBER='1' AIRFLOW_CTX_DAG_RUN_ID='scheduled__2024-10-01T08:30:00+00:00'
[2025-03-30T11:16:38.186+0000] {inout_data.py:42} INFO - Successfully connected to MariaDB: INOUT on mariadb:3306
[2025-03-30T11:16:38.197+0000] {inout_data.py:63} ERROR - Error executing query: (1062, "Duplicate entry '2025-03-30 11:16:38-6513' for key 'PRIMARY'")
[2025-03-30T11:16:38.198+0000] {inout_data.py:63} ERROR - Error executing query: (1062, "Duplicate entry '2025-03-30 11:16:38-6513' for key 'PRIMARY'")
[2025-03-30T11:16:38.199+0000] {inout_data.py:63} ERROR - Error executing query: (1062, "Duplicate entry '2025-03-30 11:16:38-6513' for key 'PRIMARY'")
[2025-03-30T11:16:38.201+0000] {inout_data.py:63} ERROR - Error executing query: (1062, "Duplicate entry '2025-03-30 11:16:38-6513' for key 'PRIMARY'")
[2025-03-30T11:16:38.202+0000] {inout_data.py:63} ERROR - Error executing query: (1062, "Duplicate entry '2025-03-30 11:16:38-6513' for key 'PRIMARY'")
[2025-03-30T11:16:38.205+0000] {inout_data.py:63} ERROR - Error executing query: (1062, "Duplicate entry '2025-03-30 11:16:38-6513' for key 'PRIMARY'")
[2025-03-30T11:16:38.209+0000] {inout_data.py:63} ERROR - Error executing query: (1062, "Duplicate entry '2025-03-30 11:16:38-6513' for key 'PRIMARY'")
[2025-03-30T11:16:38.212+0000] {inout_data.py:63} ERROR - Error executing query: (1062, "Duplicate entry '2025-03-30 11:16:38-6513' for key 'PRIMARY'")
[2025-03-30T11:16:38.215+0000] {inout_data.py:63} ERROR - Error executing query: (1062, "Duplicate entry '2025-03-30 11:16:38-6513' for key 'PRIMARY'")
[2025-03-30T11:16:38.218+0000] {inout_data.py:63} ERROR - Error executing query: (1062, "Duplicate entry '2025-03-30 11:16:38-6513' for key 'PRIMARY'")
[2025-03-30T11:16:38.219+0000] {inout_data.py:63} ERROR - Error executing query: (1062, "Duplicate entry '2025-03-30 11:16:38-6513' for key 'PRIMARY'")
[2025-03-30T11:16:38.222+0000] {inout_data.py:63} ERROR - Error executing query: (1062, "Duplicate entry '2025-03-30 11:16:38-6513' for key 'PRIMARY'")
[2025-03-30T11:16:38.225+0000] {inout_data.py:63} ERROR - Error executing query: (1062, "Duplicate entry '2025-03-30 11:16:38-6513' for key 'PRIMARY'")
[2025-03-30T11:16:38.227+0000] {inout_data.py:152} INFO - Ingested 14 rows of dummy data.
[2025-03-30T11:16:38.228+0000] {inout_data.py:78} INFO - MariaDB connection closed.
[2025-03-30T11:16:38.229+0000] {python.py:202} INFO - Done. Returned value was: None
[2025-03-30T11:16:38.250+0000] {taskinstance.py:1149} INFO - Marking task as SUCCESS. dag_id=inout_data_ingestion, task_id=ingest_dummy_data, execution_date=20241001T083000, start_date=20250330T111637, end_date=20250330T111638
[2025-03-30T11:16:38.288+0000] {local_task_job_runner.py:234} INFO - Task exited with return code 0
[2025-03-30T11:16:38.317+0000] {taskinstance.py:3309} INFO - 0 downstream tasks scheduled from follow-on schedule check
[2025-03-30T11:29:13.127+0000] {taskinstance.py:1979} INFO - Dependencies all met for dep_context=non-requeueable deps ti=<TaskInstance: inout_data_ingestion.ingest_dummy_data scheduled__2024-10-01T08:30:00+00:00 [queued]>
[2025-03-30T11:29:13.147+0000] {taskinstance.py:1979} INFO - Dependencies all met for dep_context=requeueable deps ti=<TaskInstance: inout_data_ingestion.ingest_dummy_data scheduled__2024-10-01T08:30:00+00:00 [queued]>
[2025-03-30T11:29:13.151+0000] {taskinstance.py:2193} INFO - Starting attempt 1 of 2
[2025-03-30T11:29:13.185+0000] {taskinstance.py:2214} INFO - Executing <Task(PythonOperator): ingest_dummy_data> on 2024-10-01 08:30:00+00:00
[2025-03-30T11:29:13.193+0000] {standard_task_runner.py:60} INFO - Started process 4335 to run task
[2025-03-30T11:29:13.210+0000] {standard_task_runner.py:87} INFO - Running: ['***', 'tasks', 'run', 'inout_data_ingestion', 'ingest_dummy_data', 'scheduled__2024-10-01T08:30:00+00:00', '--job-id', '2142', '--raw', '--subdir', 'DAGS_FOLDER/inout_data.py', '--cfg-path', '/tmp/tmpkdtvuxfq']
[2025-03-30T11:29:13.222+0000] {standard_task_runner.py:88} INFO - Job 2142: Subtask ingest_dummy_data
[2025-03-30T11:29:13.266+0000] {warnings.py:109} WARNING - /home/***/.local/lib/python3.8/site-packages/***/settings.py:194: DeprecationWarning: The sql_alchemy_conn option in [core] has been moved to the sql_alchemy_conn option in [database] - the old setting has been used, but please update your config.
  SQL_ALCHEMY_CONN = conf.get("database", "SQL_ALCHEMY_CONN")

[2025-03-30T11:29:13.318+0000] {task_command.py:423} INFO - Running <TaskInstance: inout_data_ingestion.ingest_dummy_data scheduled__2024-10-01T08:30:00+00:00 [running]> on host ff9d64b065e6
[2025-03-30T11:29:13.419+0000] {taskinstance.py:2510} INFO - Exporting env vars: AIRFLOW_CTX_DAG_OWNER='***' AIRFLOW_CTX_DAG_ID='inout_data_ingestion' AIRFLOW_CTX_TASK_ID='ingest_dummy_data' AIRFLOW_CTX_EXECUTION_DATE='2024-10-01T08:30:00+00:00' AIRFLOW_CTX_TRY_NUMBER='1' AIRFLOW_CTX_DAG_RUN_ID='scheduled__2024-10-01T08:30:00+00:00'
[2025-03-30T11:29:13.425+0000] {logging_mixin.py:188} INFO - Successfully connected to MariaDB: INOUT on mariadb:3306
[2025-03-30T11:29:13.428+0000] {logging_mixin.py:188} INFO - General error executing query: not all arguments converted during string formatting
[2025-03-30T11:29:13.431+0000] {logging_mixin.py:188} INFO - General error executing query: not all arguments converted during string formatting
[2025-03-30T11:29:13.432+0000] {logging_mixin.py:188} INFO - General error executing query: not all arguments converted during string formatting
[2025-03-30T11:29:13.432+0000] {logging_mixin.py:188} INFO - General error executing query: not all arguments converted during string formatting
[2025-03-30T11:29:13.436+0000] {logging_mixin.py:188} INFO - General error executing query: not all arguments converted during string formatting
[2025-03-30T11:29:13.436+0000] {logging_mixin.py:188} INFO - General error executing query: not all arguments converted during string formatting
[2025-03-30T11:29:13.436+0000] {logging_mixin.py:188} INFO - General error executing query: not all arguments converted during string formatting
[2025-03-30T11:29:13.437+0000] {logging_mixin.py:188} INFO - General error executing query: not all arguments converted during string formatting
[2025-03-30T11:29:13.438+0000] {logging_mixin.py:188} INFO - General error executing query: not all arguments converted during string formatting
[2025-03-30T11:29:13.439+0000] {logging_mixin.py:188} INFO - General error executing query: not all arguments converted during string formatting
[2025-03-30T11:29:13.439+0000] {logging_mixin.py:188} INFO - General error executing query: not all arguments converted during string formatting
[2025-03-30T11:29:13.442+0000] {logging_mixin.py:188} INFO - General error executing query: not all arguments converted during string formatting
[2025-03-30T11:29:13.442+0000] {logging_mixin.py:188} INFO - General error executing query: not all arguments converted during string formatting
[2025-03-30T11:29:13.443+0000] {logging_mixin.py:188} INFO - General error executing query: not all arguments converted during string formatting
[2025-03-30T11:29:13.443+0000] {logging_mixin.py:188} INFO - General error executing query: not all arguments converted during string formatting
[2025-03-30T11:29:13.445+0000] {logging_mixin.py:188} INFO - General error executing query: not all arguments converted during string formatting
[2025-03-30T11:29:13.447+0000] {inout_data.py:87} INFO - Ingested 16 rows of dummy data for 2024-10-01 08:30:00+00:00.
[2025-03-30T11:29:13.449+0000] {logging_mixin.py:188} INFO - MariaDB connection closed.
[2025-03-30T11:29:13.451+0000] {python.py:202} INFO - Done. Returned value was: None
[2025-03-30T11:29:13.463+0000] {taskinstance.py:1149} INFO - Marking task as SUCCESS. dag_id=inout_data_ingestion, task_id=ingest_dummy_data, execution_date=20241001T083000, start_date=20250330T112913, end_date=20250330T112913
[2025-03-30T11:29:13.512+0000] {local_task_job_runner.py:234} INFO - Task exited with return code 0
[2025-03-30T11:29:13.536+0000] {taskinstance.py:3309} INFO - 0 downstream tasks scheduled from follow-on schedule check
[2025-03-30T11:33:50.982+0000] {taskinstance.py:1979} INFO - Dependencies all met for dep_context=non-requeueable deps ti=<TaskInstance: inout_data_ingestion.ingest_dummy_data scheduled__2024-10-01T08:30:00+00:00 [queued]>
[2025-03-30T11:33:50.990+0000] {taskinstance.py:1979} INFO - Dependencies all met for dep_context=requeueable deps ti=<TaskInstance: inout_data_ingestion.ingest_dummy_data scheduled__2024-10-01T08:30:00+00:00 [queued]>
[2025-03-30T11:33:50.991+0000] {taskinstance.py:2193} INFO - Starting attempt 1 of 2
[2025-03-30T11:33:51.003+0000] {taskinstance.py:2214} INFO - Executing <Task(PythonOperator): ingest_dummy_data> on 2024-10-01 08:30:00+00:00
[2025-03-30T11:33:51.010+0000] {standard_task_runner.py:60} INFO - Started process 5781 to run task
[2025-03-30T11:33:51.031+0000] {standard_task_runner.py:87} INFO - Running: ['***', 'tasks', 'run', 'inout_data_ingestion', 'ingest_dummy_data', 'scheduled__2024-10-01T08:30:00+00:00', '--job-id', '2865', '--raw', '--subdir', 'DAGS_FOLDER/inout_data.py', '--cfg-path', '/tmp/tmpnv_xc617']
[2025-03-30T11:33:51.034+0000] {standard_task_runner.py:88} INFO - Job 2865: Subtask ingest_dummy_data
[2025-03-30T11:33:51.055+0000] {warnings.py:109} WARNING - /home/***/.local/lib/python3.8/site-packages/***/settings.py:194: DeprecationWarning: The sql_alchemy_conn option in [core] has been moved to the sql_alchemy_conn option in [database] - the old setting has been used, but please update your config.
  SQL_ALCHEMY_CONN = conf.get("database", "SQL_ALCHEMY_CONN")

[2025-03-30T11:33:51.095+0000] {task_command.py:423} INFO - Running <TaskInstance: inout_data_ingestion.ingest_dummy_data scheduled__2024-10-01T08:30:00+00:00 [running]> on host ff9d64b065e6
[2025-03-30T11:33:51.153+0000] {taskinstance.py:2510} INFO - Exporting env vars: AIRFLOW_CTX_DAG_OWNER='***' AIRFLOW_CTX_DAG_ID='inout_data_ingestion' AIRFLOW_CTX_TASK_ID='ingest_dummy_data' AIRFLOW_CTX_EXECUTION_DATE='2024-10-01T08:30:00+00:00' AIRFLOW_CTX_TRY_NUMBER='1' AIRFLOW_CTX_DAG_RUN_ID='scheduled__2024-10-01T08:30:00+00:00'
[2025-03-30T11:33:51.160+0000] {logging_mixin.py:188} INFO - Successfully connected to MariaDB: INOUT on mariadb:3306
[2025-03-30T11:33:51.160+0000] {inout_data.py:83} INFO - {'ingested_time': datetime.datetime(2025, 3, 30, 11, 33, 51, 160698), 'timestamp': datetime.datetime(2024, 10, 1, 8, 41, tzinfo=datetime.timezone.utc), 'emp_id': 1359, 'employee_name': 'Employee6', 'factory': 'FactoryB', 'in_out': 'IN', 'entrance': 'Side', 'door_number': '8', 'function': 'IT', 'division': 'BSID', 'department': 'CAPD', 'section': '1'}
[2025-03-30T11:33:51.161+0000] {logging_mixin.py:188} INFO - General error executing query: not all arguments converted during string formatting
[2025-03-30T11:33:51.161+0000] {inout_data.py:83} INFO - {'ingested_time': datetime.datetime(2025, 3, 30, 11, 33, 51, 161286), 'timestamp': datetime.datetime(2024, 10, 1, 8, 54, tzinfo=datetime.timezone.utc), 'emp_id': 6655, 'employee_name': 'Employee24', 'factory': 'FactoryA', 'in_out': 'OUT', 'entrance': 'Main', 'door_number': '7', 'function': 'IT', 'division': 'BSID', 'department': 'HRSD', 'section': '2'}
[2025-03-30T11:33:51.161+0000] {logging_mixin.py:188} INFO - General error executing query: not all arguments converted during string formatting
[2025-03-30T11:33:51.161+0000] {inout_data.py:83} INFO - {'ingested_time': datetime.datetime(2025, 3, 30, 11, 33, 51, 161779), 'timestamp': datetime.datetime(2024, 10, 1, 8, 35, tzinfo=datetime.timezone.utc), 'emp_id': 2476, 'employee_name': 'Employee74', 'factory': 'FactoryA', 'in_out': 'IN', 'entrance': 'Main', 'door_number': '7', 'function': 'IT', 'division': 'BSID', 'department': 'HRSD', 'section': '1'}
[2025-03-30T11:33:51.162+0000] {logging_mixin.py:188} INFO - General error executing query: not all arguments converted during string formatting
[2025-03-30T11:33:51.162+0000] {inout_data.py:83} INFO - {'ingested_time': datetime.datetime(2025, 3, 30, 11, 33, 51, 162291), 'timestamp': datetime.datetime(2024, 10, 1, 8, 31, tzinfo=datetime.timezone.utc), 'emp_id': 4115, 'employee_name': 'Employee16', 'factory': 'FactoryB', 'in_out': 'IN', 'entrance': 'Side', 'door_number': '1', 'function': 'IT', 'division': 'AAPD', 'department': 'CAPD', 'section': '2'}
[2025-03-30T11:33:51.162+0000] {logging_mixin.py:188} INFO - General error executing query: not all arguments converted during string formatting
[2025-03-30T11:33:51.162+0000] {inout_data.py:83} INFO - {'ingested_time': datetime.datetime(2025, 3, 30, 11, 33, 51, 162789), 'timestamp': datetime.datetime(2024, 10, 1, 8, 46, tzinfo=datetime.timezone.utc), 'emp_id': 1195, 'employee_name': 'Employee10', 'factory': 'FactoryB', 'in_out': 'IN', 'entrance': 'Main', 'door_number': '5', 'function': 'IT', 'division': 'BSID', 'department': 'ML', 'section': '1'}
[2025-03-30T11:33:51.163+0000] {logging_mixin.py:188} INFO - General error executing query: not all arguments converted during string formatting
[2025-03-30T11:33:51.163+0000] {inout_data.py:83} INFO - {'ingested_time': datetime.datetime(2025, 3, 30, 11, 33, 51, 163157), 'timestamp': datetime.datetime(2024, 10, 1, 8, 49, tzinfo=datetime.timezone.utc), 'emp_id': 1001, 'employee_name': 'Employee1', 'factory': 'FactoryA', 'in_out': 'IN', 'entrance': 'Main', 'door_number': '4', 'function': 'IT', 'division': 'BSID', 'department': 'CAPD', 'section': '1'}
[2025-03-30T11:33:51.163+0000] {logging_mixin.py:188} INFO - General error executing query: not all arguments converted during string formatting
[2025-03-30T11:33:51.163+0000] {inout_data.py:83} INFO - {'ingested_time': datetime.datetime(2025, 3, 30, 11, 33, 51, 163529), 'timestamp': datetime.datetime(2024, 10, 1, 8, 48, tzinfo=datetime.timezone.utc), 'emp_id': 6419, 'employee_name': 'Employee29', 'factory': 'FactoryB', 'in_out': 'IN', 'entrance': 'Side', 'door_number': '9', 'function': 'IT', 'division': 'BSID', 'department': 'CAPD', 'section': '2'}
[2025-03-30T11:33:51.163+0000] {logging_mixin.py:188} INFO - General error executing query: not all arguments converted during string formatting
[2025-03-30T11:33:51.164+0000] {inout_data.py:83} INFO - {'ingested_time': datetime.datetime(2025, 3, 30, 11, 33, 51, 164076), 'timestamp': datetime.datetime(2024, 10, 1, 8, 39, tzinfo=datetime.timezone.utc), 'emp_id': 5586, 'employee_name': 'Employee27', 'factory': 'FactoryB', 'in_out': 'IN', 'entrance': 'Main', 'door_number': '10', 'function': 'IT', 'division': 'AAPD', 'department': 'ML', 'section': '2'}
[2025-03-30T11:33:51.164+0000] {logging_mixin.py:188} INFO - General error executing query: not all arguments converted during string formatting
[2025-03-30T11:33:51.164+0000] {inout_data.py:83} INFO - {'ingested_time': datetime.datetime(2025, 3, 30, 11, 33, 51, 164689), 'timestamp': datetime.datetime(2024, 10, 1, 8, 33, tzinfo=datetime.timezone.utc), 'emp_id': 1602, 'employee_name': 'Employee83', 'factory': 'FactoryA', 'in_out': 'IN', 'entrance': 'Side', 'door_number': '9', 'function': 'IT', 'division': 'BSID', 'department': 'HRSD', 'section': '1'}
[2025-03-30T11:33:51.165+0000] {logging_mixin.py:188} INFO - General error executing query: not all arguments converted during string formatting
[2025-03-30T11:33:51.165+0000] {inout_data.py:83} INFO - {'ingested_time': datetime.datetime(2025, 3, 30, 11, 33, 51, 165422), 'timestamp': datetime.datetime(2024, 10, 1, 8, 51, tzinfo=datetime.timezone.utc), 'emp_id': 4205, 'employee_name': 'Employee18', 'factory': 'FactoryA', 'in_out': 'IN', 'entrance': 'Side', 'door_number': '9', 'function': 'IT', 'division': 'BSID', 'department': 'CAPD', 'section': '1'}
[2025-03-30T11:33:51.165+0000] {logging_mixin.py:188} INFO - General error executing query: not all arguments converted during string formatting
[2025-03-30T11:33:51.165+0000] {inout_data.py:83} INFO - {'ingested_time': datetime.datetime(2025, 3, 30, 11, 33, 51, 165901), 'timestamp': datetime.datetime(2024, 10, 1, 8, 40, tzinfo=datetime.timezone.utc), 'emp_id': 1991, 'employee_name': 'Employee55', 'factory': 'FactoryA', 'in_out': 'IN', 'entrance': 'Main', 'door_number': '3', 'function': 'IT', 'division': 'BSID', 'department': 'CAPD', 'section': '1'}
[2025-03-30T11:33:51.166+0000] {logging_mixin.py:188} INFO - General error executing query: not all arguments converted during string formatting
[2025-03-30T11:33:51.166+0000] {inout_data.py:83} INFO - {'ingested_time': datetime.datetime(2025, 3, 30, 11, 33, 51, 166414), 'timestamp': datetime.datetime(2024, 10, 1, 8, 56, tzinfo=datetime.timezone.utc), 'emp_id': 2686, 'employee_name': 'Employee87', 'factory': 'FactoryA', 'in_out': 'IN', 'entrance': 'Main', 'door_number': '5', 'function': 'IT', 'division': 'BSID', 'department': 'HRSD', 'section': '2'}
[2025-03-30T11:33:51.166+0000] {logging_mixin.py:188} INFO - General error executing query: not all arguments converted during string formatting
[2025-03-30T11:33:51.166+0000] {inout_data.py:83} INFO - {'ingested_time': datetime.datetime(2025, 3, 30, 11, 33, 51, 166968), 'timestamp': datetime.datetime(2024, 10, 1, 8, 37, tzinfo=datetime.timezone.utc), 'emp_id': 6542, 'employee_name': 'Employee26', 'factory': 'FactoryA', 'in_out': 'OUT', 'entrance': 'Side', 'door_number': '4', 'function': 'IT', 'division': 'BSID', 'department': 'HRSD', 'section': '1'}
[2025-03-30T11:33:51.167+0000] {logging_mixin.py:188} INFO - General error executing query: not all arguments converted during string formatting
[2025-03-30T11:33:51.167+0000] {inout_data.py:83} INFO - {'ingested_time': datetime.datetime(2025, 3, 30, 11, 33, 51, 167493), 'timestamp': datetime.datetime(2024, 10, 1, 8, 49, tzinfo=datetime.timezone.utc), 'emp_id': 8337, 'employee_name': 'Employee3', 'factory': 'FactoryB', 'in_out': 'OUT', 'entrance': 'Side', 'door_number': '5', 'function': 'IT', 'division': 'AAPD', 'department': 'HRSD', 'section': '1'}
[2025-03-30T11:33:51.167+0000] {logging_mixin.py:188} INFO - General error executing query: not all arguments converted during string formatting
[2025-03-30T11:33:51.168+0000] {inout_data.py:83} INFO - {'ingested_time': datetime.datetime(2025, 3, 30, 11, 33, 51, 168001), 'timestamp': datetime.datetime(2024, 10, 1, 8, 56, tzinfo=datetime.timezone.utc), 'emp_id': 4568, 'employee_name': 'Employee2', 'factory': 'FactoryA', 'in_out': 'OUT', 'entrance': 'Side', 'door_number': '7', 'function': 'IT', 'division': 'BSID', 'department': 'ML', 'section': '1'}
[2025-03-30T11:33:51.168+0000] {logging_mixin.py:188} INFO - General error executing query: not all arguments converted during string formatting
[2025-03-30T11:33:51.168+0000] {inout_data.py:83} INFO - {'ingested_time': datetime.datetime(2025, 3, 30, 11, 33, 51, 168534), 'timestamp': datetime.datetime(2024, 10, 1, 8, 42, tzinfo=datetime.timezone.utc), 'emp_id': 1804, 'employee_name': 'Employee4', 'factory': 'FactoryA', 'in_out': 'OUT', 'entrance': 'Side', 'door_number': '10', 'function': 'IT', 'division': 'BSID', 'department': 'HRSD', 'section': '1'}
[2025-03-30T11:33:51.168+0000] {logging_mixin.py:188} INFO - General error executing query: not all arguments converted during string formatting
[2025-03-30T11:33:51.169+0000] {inout_data.py:83} INFO - {'ingested_time': datetime.datetime(2025, 3, 30, 11, 33, 51, 169272), 'timestamp': datetime.datetime(2024, 10, 1, 8, 30, tzinfo=datetime.timezone.utc), 'emp_id': 9161, 'employee_name': 'Employee96', 'factory': 'FactoryB', 'in_out': 'OUT', 'entrance': 'Side', 'door_number': '9', 'function': 'IT', 'division': 'AAPD', 'department': 'ML', 'section': '2'}
[2025-03-30T11:33:51.169+0000] {logging_mixin.py:188} INFO - General error executing query: not all arguments converted during string formatting
[2025-03-30T11:33:51.169+0000] {inout_data.py:88} INFO - Ingested 17 rows of dummy data for 2024-10-01 08:30:00+00:00.
[2025-03-30T11:33:51.170+0000] {logging_mixin.py:188} INFO - MariaDB connection closed.
[2025-03-30T11:33:51.170+0000] {python.py:202} INFO - Done. Returned value was: None
[2025-03-30T11:33:51.178+0000] {taskinstance.py:1149} INFO - Marking task as SUCCESS. dag_id=inout_data_ingestion, task_id=ingest_dummy_data, execution_date=20241001T083000, start_date=20250330T113350, end_date=20250330T113351
[2025-03-30T11:33:51.204+0000] {local_task_job_runner.py:234} INFO - Task exited with return code 0
[2025-03-30T11:33:51.246+0000] {taskinstance.py:3309} INFO - 0 downstream tasks scheduled from follow-on schedule check
[2025-03-30T11:41:32.970+0000] {taskinstance.py:1979} INFO - Dependencies all met for dep_context=non-requeueable deps ti=<TaskInstance: inout_data_ingestion.ingest_dummy_data scheduled__2024-10-01T08:30:00+00:00 [queued]>
[2025-03-30T11:41:32.990+0000] {taskinstance.py:1979} INFO - Dependencies all met for dep_context=requeueable deps ti=<TaskInstance: inout_data_ingestion.ingest_dummy_data scheduled__2024-10-01T08:30:00+00:00 [queued]>
[2025-03-30T11:41:32.991+0000] {taskinstance.py:2193} INFO - Starting attempt 1 of 2
[2025-03-30T11:41:33.020+0000] {taskinstance.py:2214} INFO - Executing <Task(PythonOperator): ingest_dummy_data> on 2024-10-01 08:30:00+00:00
[2025-03-30T11:41:33.045+0000] {standard_task_runner.py:60} INFO - Started process 7132 to run task
[2025-03-30T11:41:33.101+0000] {standard_task_runner.py:87} INFO - Running: ['***', 'tasks', 'run', 'inout_data_ingestion', 'ingest_dummy_data', 'scheduled__2024-10-01T08:30:00+00:00', '--job-id', '3540', '--raw', '--subdir', 'DAGS_FOLDER/inout_data.py', '--cfg-path', '/tmp/tmpdesjv606']
[2025-03-30T11:41:33.104+0000] {standard_task_runner.py:88} INFO - Job 3540: Subtask ingest_dummy_data
[2025-03-30T11:41:33.132+0000] {warnings.py:109} WARNING - /home/***/.local/lib/python3.8/site-packages/***/settings.py:194: DeprecationWarning: The sql_alchemy_conn option in [core] has been moved to the sql_alchemy_conn option in [database] - the old setting has been used, but please update your config.
  SQL_ALCHEMY_CONN = conf.get("database", "SQL_ALCHEMY_CONN")

[2025-03-30T11:41:33.202+0000] {task_command.py:423} INFO - Running <TaskInstance: inout_data_ingestion.ingest_dummy_data scheduled__2024-10-01T08:30:00+00:00 [running]> on host ff9d64b065e6
[2025-03-30T11:41:33.454+0000] {taskinstance.py:2510} INFO - Exporting env vars: AIRFLOW_CTX_DAG_OWNER='***' AIRFLOW_CTX_DAG_ID='inout_data_ingestion' AIRFLOW_CTX_TASK_ID='ingest_dummy_data' AIRFLOW_CTX_EXECUTION_DATE='2024-10-01T08:30:00+00:00' AIRFLOW_CTX_TRY_NUMBER='1' AIRFLOW_CTX_DAG_RUN_ID='scheduled__2024-10-01T08:30:00+00:00'
[2025-03-30T11:41:33.470+0000] {logging_mixin.py:188} INFO - Successfully connected to MariaDB: INOUT on mariadb:3306
[2025-03-30T11:41:33.472+0000] {inout_data.py:83} INFO - {'ingested_time': datetime.datetime(2025, 3, 30, 11, 41, 33, 472243), 'timestamp': datetime.datetime(2024, 10, 1, 8, 31, tzinfo=datetime.timezone.utc), 'emp_id': 2379, 'employee_name': 'Employee78', 'factory': 'FactoryB', 'in_out': 'IN', 'entrance': 'Main', 'door_number': '5', 'function': 'IT', 'division': 'AAPD', 'department': 'ML', 'section': '2'}
[2025-03-30T11:41:33.475+0000] {inout_data.py:99} INFO - Query: INSERT INTO emp_inout_rec (ingested_time, timestamp, employee_id, employee_name, factory, in_out, entrance, door_number, function, division, department, section) VALUES (%s, %s, %s, %s, %s, %s, %s, %s, %s, %s, %s)
[2025-03-30T11:41:33.477+0000] {inout_data.py:100} INFO - Params: ('2025-03-30 11:41:33', '2024-10-01 08:31:00', 2379, 'Employee78', 'FactoryB', 'IN', 'Main', '5', 'IT', 'AAPD', 'ML', '2')
[2025-03-30T11:41:33.479+0000] {logging_mixin.py:188} INFO - General error executing query: not all arguments converted during string formatting
[2025-03-30T11:41:33.480+0000] {inout_data.py:83} INFO - {'ingested_time': datetime.datetime(2025, 3, 30, 11, 41, 33, 480702), 'timestamp': datetime.datetime(2024, 10, 1, 8, 47, tzinfo=datetime.timezone.utc), 'emp_id': 3811, 'employee_name': 'Employee78', 'factory': 'FactoryA', 'in_out': 'IN', 'entrance': 'Main', 'door_number': '7', 'function': 'IT', 'division': 'AAPD', 'department': 'CAPD', 'section': '2'}
[2025-03-30T11:41:33.482+0000] {inout_data.py:99} INFO - Query: INSERT INTO emp_inout_rec (ingested_time, timestamp, employee_id, employee_name, factory, in_out, entrance, door_number, function, division, department, section) VALUES (%s, %s, %s, %s, %s, %s, %s, %s, %s, %s, %s)
[2025-03-30T11:41:33.484+0000] {inout_data.py:100} INFO - Params: ('2025-03-30 11:41:33', '2024-10-01 08:47:00', 3811, 'Employee78', 'FactoryA', 'IN', 'Main', '7', 'IT', 'AAPD', 'CAPD', '2')
[2025-03-30T11:41:33.485+0000] {logging_mixin.py:188} INFO - General error executing query: not all arguments converted during string formatting
[2025-03-30T11:41:33.485+0000] {inout_data.py:83} INFO - {'ingested_time': datetime.datetime(2025, 3, 30, 11, 41, 33, 485941), 'timestamp': datetime.datetime(2024, 10, 1, 8, 35, tzinfo=datetime.timezone.utc), 'emp_id': 4568, 'employee_name': 'Employee8', 'factory': 'FactoryB', 'in_out': 'IN', 'entrance': 'Main', 'door_number': '4', 'function': 'IT', 'division': 'AAPD', 'department': 'HRSD', 'section': '2'}
[2025-03-30T11:41:33.487+0000] {inout_data.py:99} INFO - Query: INSERT INTO emp_inout_rec (ingested_time, timestamp, employee_id, employee_name, factory, in_out, entrance, door_number, function, division, department, section) VALUES (%s, %s, %s, %s, %s, %s, %s, %s, %s, %s, %s)
[2025-03-30T11:41:33.487+0000] {inout_data.py:100} INFO - Params: ('2025-03-30 11:41:33', '2024-10-01 08:35:00', 4568, 'Employee8', 'FactoryB', 'IN', 'Main', '4', 'IT', 'AAPD', 'HRSD', '2')
[2025-03-30T11:41:33.490+0000] {logging_mixin.py:188} INFO - General error executing query: not all arguments converted during string formatting
[2025-03-30T11:41:33.494+0000] {inout_data.py:83} INFO - {'ingested_time': datetime.datetime(2025, 3, 30, 11, 41, 33, 494371), 'timestamp': datetime.datetime(2024, 10, 1, 8, 52, tzinfo=datetime.timezone.utc), 'emp_id': 1850, 'employee_name': 'Employee60', 'factory': 'FactoryA', 'in_out': 'OUT', 'entrance': 'Side', 'door_number': '1', 'function': 'IT', 'division': 'AAPD', 'department': 'ML', 'section': '1'}
[2025-03-30T11:41:33.496+0000] {inout_data.py:99} INFO - Query: INSERT INTO emp_inout_rec (ingested_time, timestamp, employee_id, employee_name, factory, in_out, entrance, door_number, function, division, department, section) VALUES (%s, %s, %s, %s, %s, %s, %s, %s, %s, %s, %s)
[2025-03-30T11:41:33.498+0000] {inout_data.py:100} INFO - Params: ('2025-03-30 11:41:33', '2024-10-01 08:52:00', 1850, 'Employee60', 'FactoryA', 'OUT', 'Side', '1', 'IT', 'AAPD', 'ML', '1')
[2025-03-30T11:41:33.499+0000] {logging_mixin.py:188} INFO - General error executing query: not all arguments converted during string formatting
[2025-03-30T11:41:33.500+0000] {inout_data.py:83} INFO - {'ingested_time': datetime.datetime(2025, 3, 30, 11, 41, 33, 500173), 'timestamp': datetime.datetime(2024, 10, 1, 8, 58, tzinfo=datetime.timezone.utc), 'emp_id': 9149, 'employee_name': 'Employee91', 'factory': 'FactoryA', 'in_out': 'IN', 'entrance': 'Side', 'door_number': '5', 'function': 'IT', 'division': 'AAPD', 'department': 'ML', 'section': '2'}
[2025-03-30T11:41:33.500+0000] {inout_data.py:99} INFO - Query: INSERT INTO emp_inout_rec (ingested_time, timestamp, employee_id, employee_name, factory, in_out, entrance, door_number, function, division, department, section) VALUES (%s, %s, %s, %s, %s, %s, %s, %s, %s, %s, %s)
[2025-03-30T11:41:33.502+0000] {inout_data.py:100} INFO - Params: ('2025-03-30 11:41:33', '2024-10-01 08:58:00', 9149, 'Employee91', 'FactoryA', 'IN', 'Side', '5', 'IT', 'AAPD', 'ML', '2')
[2025-03-30T11:41:33.502+0000] {logging_mixin.py:188} INFO - General error executing query: not all arguments converted during string formatting
[2025-03-30T11:41:33.503+0000] {inout_data.py:83} INFO - {'ingested_time': datetime.datetime(2025, 3, 30, 11, 41, 33, 503300), 'timestamp': datetime.datetime(2024, 10, 1, 8, 46, tzinfo=datetime.timezone.utc), 'emp_id': 2127, 'employee_name': 'Employee75', 'factory': 'FactoryB', 'in_out': 'OUT', 'entrance': 'Side', 'door_number': '1', 'function': 'IT', 'division': 'AAPD', 'department': 'ML', 'section': '2'}
[2025-03-30T11:41:33.504+0000] {inout_data.py:99} INFO - Query: INSERT INTO emp_inout_rec (ingested_time, timestamp, employee_id, employee_name, factory, in_out, entrance, door_number, function, division, department, section) VALUES (%s, %s, %s, %s, %s, %s, %s, %s, %s, %s, %s)
[2025-03-30T11:41:33.504+0000] {inout_data.py:100} INFO - Params: ('2025-03-30 11:41:33', '2024-10-01 08:46:00', 2127, 'Employee75', 'FactoryB', 'OUT', 'Side', '1', 'IT', 'AAPD', 'ML', '2')
[2025-03-30T11:41:33.504+0000] {logging_mixin.py:188} INFO - General error executing query: not all arguments converted during string formatting
[2025-03-30T11:41:33.505+0000] {inout_data.py:83} INFO - {'ingested_time': datetime.datetime(2025, 3, 30, 11, 41, 33, 505563), 'timestamp': datetime.datetime(2024, 10, 1, 8, 41, tzinfo=datetime.timezone.utc), 'emp_id': 2055, 'employee_name': 'Employee62', 'factory': 'FactoryA', 'in_out': 'IN', 'entrance': 'Main', 'door_number': '8', 'function': 'IT', 'division': 'AAPD', 'department': 'ML', 'section': '2'}
[2025-03-30T11:41:33.506+0000] {inout_data.py:99} INFO - Query: INSERT INTO emp_inout_rec (ingested_time, timestamp, employee_id, employee_name, factory, in_out, entrance, door_number, function, division, department, section) VALUES (%s, %s, %s, %s, %s, %s, %s, %s, %s, %s, %s)
[2025-03-30T11:41:33.507+0000] {inout_data.py:100} INFO - Params: ('2025-03-30 11:41:33', '2024-10-01 08:41:00', 2055, 'Employee62', 'FactoryA', 'IN', 'Main', '8', 'IT', 'AAPD', 'ML', '2')
[2025-03-30T11:41:33.509+0000] {logging_mixin.py:188} INFO - General error executing query: not all arguments converted during string formatting
[2025-03-30T11:41:33.512+0000] {inout_data.py:83} INFO - {'ingested_time': datetime.datetime(2025, 3, 30, 11, 41, 33, 512098), 'timestamp': datetime.datetime(2024, 10, 1, 8, 51, tzinfo=datetime.timezone.utc), 'emp_id': 1056, 'employee_name': 'Employee30', 'factory': 'FactoryB', 'in_out': 'IN', 'entrance': 'Main', 'door_number': '10', 'function': 'IT', 'division': 'BSID', 'department': 'CAPD', 'section': '1'}
[2025-03-30T11:41:33.515+0000] {inout_data.py:99} INFO - Query: INSERT INTO emp_inout_rec (ingested_time, timestamp, employee_id, employee_name, factory, in_out, entrance, door_number, function, division, department, section) VALUES (%s, %s, %s, %s, %s, %s, %s, %s, %s, %s, %s)
[2025-03-30T11:41:33.516+0000] {inout_data.py:100} INFO - Params: ('2025-03-30 11:41:33', '2024-10-01 08:51:00', 1056, 'Employee30', 'FactoryB', 'IN', 'Main', '10', 'IT', 'BSID', 'CAPD', '1')
[2025-03-30T11:41:33.518+0000] {logging_mixin.py:188} INFO - General error executing query: not all arguments converted during string formatting
[2025-03-30T11:41:33.520+0000] {inout_data.py:83} INFO - {'ingested_time': datetime.datetime(2025, 3, 30, 11, 41, 33, 520588), 'timestamp': datetime.datetime(2024, 10, 1, 8, 42, tzinfo=datetime.timezone.utc), 'emp_id': 1441, 'employee_name': 'Employee57', 'factory': 'FactoryA', 'in_out': 'OUT', 'entrance': 'Side', 'door_number': '2', 'function': 'IT', 'division': 'AAPD', 'department': 'ML', 'section': '2'}
[2025-03-30T11:41:33.522+0000] {inout_data.py:99} INFO - Query: INSERT INTO emp_inout_rec (ingested_time, timestamp, employee_id, employee_name, factory, in_out, entrance, door_number, function, division, department, section) VALUES (%s, %s, %s, %s, %s, %s, %s, %s, %s, %s, %s)
[2025-03-30T11:41:33.525+0000] {inout_data.py:100} INFO - Params: ('2025-03-30 11:41:33', '2024-10-01 08:42:00', 1441, 'Employee57', 'FactoryA', 'OUT', 'Side', '2', 'IT', 'AAPD', 'ML', '2')
[2025-03-30T11:41:33.526+0000] {logging_mixin.py:188} INFO - General error executing query: not all arguments converted during string formatting
[2025-03-30T11:41:33.528+0000] {inout_data.py:83} INFO - {'ingested_time': datetime.datetime(2025, 3, 30, 11, 41, 33, 528509), 'timestamp': datetime.datetime(2024, 10, 1, 8, 42, tzinfo=datetime.timezone.utc), 'emp_id': 7325, 'employee_name': 'Employee63', 'factory': 'FactoryB', 'in_out': 'OUT', 'entrance': 'Side', 'door_number': '1', 'function': 'IT', 'division': 'BSID', 'department': 'CAPD', 'section': '2'}
[2025-03-30T11:41:33.529+0000] {inout_data.py:99} INFO - Query: INSERT INTO emp_inout_rec (ingested_time, timestamp, employee_id, employee_name, factory, in_out, entrance, door_number, function, division, department, section) VALUES (%s, %s, %s, %s, %s, %s, %s, %s, %s, %s, %s)
[2025-03-30T11:41:33.529+0000] {inout_data.py:100} INFO - Params: ('2025-03-30 11:41:33', '2024-10-01 08:42:00', 7325, 'Employee63', 'FactoryB', 'OUT', 'Side', '1', 'IT', 'BSID', 'CAPD', '2')
[2025-03-30T11:41:33.529+0000] {logging_mixin.py:188} INFO - General error executing query: not all arguments converted during string formatting
[2025-03-30T11:41:33.531+0000] {inout_data.py:83} INFO - {'ingested_time': datetime.datetime(2025, 3, 30, 11, 41, 33, 531363), 'timestamp': datetime.datetime(2024, 10, 1, 8, 48, tzinfo=datetime.timezone.utc), 'emp_id': 2602, 'employee_name': 'Employee85', 'factory': 'FactoryA', 'in_out': 'IN', 'entrance': 'Side', 'door_number': '10', 'function': 'IT', 'division': 'AAPD', 'department': 'ML', 'section': '2'}
[2025-03-30T11:41:33.532+0000] {inout_data.py:99} INFO - Query: INSERT INTO emp_inout_rec (ingested_time, timestamp, employee_id, employee_name, factory, in_out, entrance, door_number, function, division, department, section) VALUES (%s, %s, %s, %s, %s, %s, %s, %s, %s, %s, %s)
[2025-03-30T11:41:33.533+0000] {inout_data.py:100} INFO - Params: ('2025-03-30 11:41:33', '2024-10-01 08:48:00', 2602, 'Employee85', 'FactoryA', 'IN', 'Side', '10', 'IT', 'AAPD', 'ML', '2')
[2025-03-30T11:41:33.534+0000] {logging_mixin.py:188} INFO - General error executing query: not all arguments converted during string formatting
[2025-03-30T11:41:33.535+0000] {inout_data.py:83} INFO - {'ingested_time': datetime.datetime(2025, 3, 30, 11, 41, 33, 535796), 'timestamp': datetime.datetime(2024, 10, 1, 8, 56, tzinfo=datetime.timezone.utc), 'emp_id': 2148, 'employee_name': 'Employee54', 'factory': 'FactoryB', 'in_out': 'OUT', 'entrance': 'Side', 'door_number': '6', 'function': 'IT', 'division': 'BSID', 'department': 'CAPD', 'section': '1'}
[2025-03-30T11:41:33.538+0000] {inout_data.py:99} INFO - Query: INSERT INTO emp_inout_rec (ingested_time, timestamp, employee_id, employee_name, factory, in_out, entrance, door_number, function, division, department, section) VALUES (%s, %s, %s, %s, %s, %s, %s, %s, %s, %s, %s)
[2025-03-30T11:41:33.540+0000] {inout_data.py:100} INFO - Params: ('2025-03-30 11:41:33', '2024-10-01 08:56:00', 2148, 'Employee54', 'FactoryB', 'OUT', 'Side', '6', 'IT', 'BSID', 'CAPD', '1')
[2025-03-30T11:41:33.541+0000] {logging_mixin.py:188} INFO - General error executing query: not all arguments converted during string formatting
[2025-03-30T11:41:33.543+0000] {inout_data.py:83} INFO - {'ingested_time': datetime.datetime(2025, 3, 30, 11, 41, 33, 543888), 'timestamp': datetime.datetime(2024, 10, 1, 8, 33, tzinfo=datetime.timezone.utc), 'emp_id': 9555, 'employee_name': 'Employee29', 'factory': 'FactoryB', 'in_out': 'IN', 'entrance': 'Main', 'door_number': '5', 'function': 'IT', 'division': 'BSID', 'department': 'CAPD', 'section': '1'}
[2025-03-30T11:41:33.545+0000] {inout_data.py:99} INFO - Query: INSERT INTO emp_inout_rec (ingested_time, timestamp, employee_id, employee_name, factory, in_out, entrance, door_number, function, division, department, section) VALUES (%s, %s, %s, %s, %s, %s, %s, %s, %s, %s, %s)
[2025-03-30T11:41:33.546+0000] {inout_data.py:100} INFO - Params: ('2025-03-30 11:41:33', '2024-10-01 08:33:00', 9555, 'Employee29', 'FactoryB', 'IN', 'Main', '5', 'IT', 'BSID', 'CAPD', '1')
[2025-03-30T11:41:33.547+0000] {logging_mixin.py:188} INFO - General error executing query: not all arguments converted during string formatting
[2025-03-30T11:41:33.548+0000] {inout_data.py:83} INFO - {'ingested_time': datetime.datetime(2025, 3, 30, 11, 41, 33, 548151), 'timestamp': datetime.datetime(2024, 10, 1, 8, 47, tzinfo=datetime.timezone.utc), 'emp_id': 1114, 'employee_name': 'Employee90', 'factory': 'FactoryA', 'in_out': 'OUT', 'entrance': 'Main', 'door_number': '10', 'function': 'IT', 'division': 'BSID', 'department': 'CAPD', 'section': '1'}
[2025-03-30T11:41:33.549+0000] {inout_data.py:99} INFO - Query: INSERT INTO emp_inout_rec (ingested_time, timestamp, employee_id, employee_name, factory, in_out, entrance, door_number, function, division, department, section) VALUES (%s, %s, %s, %s, %s, %s, %s, %s, %s, %s, %s)
[2025-03-30T11:41:33.551+0000] {inout_data.py:100} INFO - Params: ('2025-03-30 11:41:33', '2024-10-01 08:47:00', 1114, 'Employee90', 'FactoryA', 'OUT', 'Main', '10', 'IT', 'BSID', 'CAPD', '1')
[2025-03-30T11:41:33.551+0000] {logging_mixin.py:188} INFO - General error executing query: not all arguments converted during string formatting
[2025-03-30T11:41:33.552+0000] {inout_data.py:83} INFO - {'ingested_time': datetime.datetime(2025, 3, 30, 11, 41, 33, 552500), 'timestamp': datetime.datetime(2024, 10, 1, 8, 40, tzinfo=datetime.timezone.utc), 'emp_id': 9471, 'employee_name': 'Employee84', 'factory': 'FactoryA', 'in_out': 'IN', 'entrance': 'Main', 'door_number': '1', 'function': 'IT', 'division': 'AAPD', 'department': 'HRSD', 'section': '2'}
[2025-03-30T11:41:33.552+0000] {inout_data.py:99} INFO - Query: INSERT INTO emp_inout_rec (ingested_time, timestamp, employee_id, employee_name, factory, in_out, entrance, door_number, function, division, department, section) VALUES (%s, %s, %s, %s, %s, %s, %s, %s, %s, %s, %s)
[2025-03-30T11:41:33.553+0000] {inout_data.py:100} INFO - Params: ('2025-03-30 11:41:33', '2024-10-01 08:40:00', 9471, 'Employee84', 'FactoryA', 'IN', 'Main', '1', 'IT', 'AAPD', 'HRSD', '2')
[2025-03-30T11:41:33.553+0000] {logging_mixin.py:188} INFO - General error executing query: not all arguments converted during string formatting
[2025-03-30T11:41:33.554+0000] {inout_data.py:83} INFO - {'ingested_time': datetime.datetime(2025, 3, 30, 11, 41, 33, 553962), 'timestamp': datetime.datetime(2024, 10, 1, 8, 49, tzinfo=datetime.timezone.utc), 'emp_id': 8683, 'employee_name': 'Employee65', 'factory': 'FactoryA', 'in_out': 'IN', 'entrance': 'Main', 'door_number': '1', 'function': 'IT', 'division': 'AAPD', 'department': 'ML', 'section': '1'}
[2025-03-30T11:41:33.555+0000] {inout_data.py:99} INFO - Query: INSERT INTO emp_inout_rec (ingested_time, timestamp, employee_id, employee_name, factory, in_out, entrance, door_number, function, division, department, section) VALUES (%s, %s, %s, %s, %s, %s, %s, %s, %s, %s, %s)
[2025-03-30T11:41:33.556+0000] {inout_data.py:100} INFO - Params: ('2025-03-30 11:41:33', '2024-10-01 08:49:00', 8683, 'Employee65', 'FactoryA', 'IN', 'Main', '1', 'IT', 'AAPD', 'ML', '1')
[2025-03-30T11:41:33.557+0000] {logging_mixin.py:188} INFO - General error executing query: not all arguments converted during string formatting
[2025-03-30T11:41:33.557+0000] {inout_data.py:102} INFO - Ingested 16 rows of dummy data for 2024-10-01 08:30:00+00:00.
[2025-03-30T11:41:33.558+0000] {logging_mixin.py:188} INFO - MariaDB connection closed.
[2025-03-30T11:41:33.561+0000] {python.py:202} INFO - Done. Returned value was: None
[2025-03-30T11:41:33.589+0000] {taskinstance.py:1149} INFO - Marking task as SUCCESS. dag_id=inout_data_ingestion, task_id=ingest_dummy_data, execution_date=20241001T083000, start_date=20250330T114132, end_date=20250330T114133
[2025-03-30T11:41:33.627+0000] {local_task_job_runner.py:234} INFO - Task exited with return code 0
[2025-03-30T11:41:33.659+0000] {taskinstance.py:3309} INFO - 0 downstream tasks scheduled from follow-on schedule check
