[2025-03-30T11:12:53.122+0000] {taskinstance.py:1979} INFO - Dependencies all met for dep_context=non-requeueable deps ti=<TaskInstance: inout_data_ingestion.ingest_dummy_data scheduled__2024-10-06T09:00:00+00:00 [queued]>
[2025-03-30T11:12:53.131+0000] {taskinstance.py:1979} INFO - Dependencies all met for dep_context=requeueable deps ti=<TaskInstance: inout_data_ingestion.ingest_dummy_data scheduled__2024-10-06T09:00:00+00:00 [queued]>
[2025-03-30T11:12:53.132+0000] {taskinstance.py:2193} INFO - Starting attempt 1 of 2
[2025-03-30T11:12:53.147+0000] {taskinstance.py:2214} INFO - Executing <Task(PythonOperator): ingest_dummy_data> on 2024-10-06 09:00:00+00:00
[2025-03-30T11:12:53.153+0000] {standard_task_runner.py:60} INFO - Started process 1528 to run task
[2025-03-30T11:12:53.157+0000] {standard_task_runner.py:87} INFO - Running: ['***', 'tasks', 'run', 'inout_data_ingestion', 'ingest_dummy_data', 'scheduled__2024-10-06T09:00:00+00:00', '--job-id', '738', '--raw', '--subdir', 'DAGS_FOLDER/inout_data.py', '--cfg-path', '/tmp/tmpjchxafh1']
[2025-03-30T11:12:53.158+0000] {standard_task_runner.py:88} INFO - Job 738: Subtask ingest_dummy_data
[2025-03-30T11:12:53.170+0000] {warnings.py:109} WARNING - /home/***/.local/lib/python3.8/site-packages/***/settings.py:194: DeprecationWarning: The sql_alchemy_conn option in [core] has been moved to the sql_alchemy_conn option in [database] - the old setting has been used, but please update your config.
  SQL_ALCHEMY_CONN = conf.get("database", "SQL_ALCHEMY_CONN")

[2025-03-30T11:12:53.202+0000] {task_command.py:423} INFO - Running <TaskInstance: inout_data_ingestion.ingest_dummy_data scheduled__2024-10-06T09:00:00+00:00 [running]> on host ff9d64b065e6
[2025-03-30T11:12:53.277+0000] {taskinstance.py:2510} INFO - Exporting env vars: AIRFLOW_CTX_DAG_OWNER='***' AIRFLOW_CTX_DAG_ID='inout_data_ingestion' AIRFLOW_CTX_TASK_ID='ingest_dummy_data' AIRFLOW_CTX_EXECUTION_DATE='2024-10-06T09:00:00+00:00' AIRFLOW_CTX_TRY_NUMBER='1' AIRFLOW_CTX_DAG_RUN_ID='scheduled__2024-10-06T09:00:00+00:00'
[2025-03-30T11:12:53.285+0000] {inout_data.py:42} INFO - Successfully connected to MariaDB: INOUT on mariadb:3306
[2025-03-30T11:12:53.291+0000] {inout_data.py:63} ERROR - Error executing query: (1062, "Duplicate entry '2025-03-30 11:12:53-7061' for key 'PRIMARY'")
[2025-03-30T11:12:53.292+0000] {inout_data.py:63} ERROR - Error executing query: (1062, "Duplicate entry '2025-03-30 11:12:53-7061' for key 'PRIMARY'")
[2025-03-30T11:12:53.294+0000] {inout_data.py:63} ERROR - Error executing query: (1062, "Duplicate entry '2025-03-30 11:12:53-7061' for key 'PRIMARY'")
[2025-03-30T11:12:53.295+0000] {inout_data.py:63} ERROR - Error executing query: (1062, "Duplicate entry '2025-03-30 11:12:53-7061' for key 'PRIMARY'")
[2025-03-30T11:12:53.296+0000] {inout_data.py:63} ERROR - Error executing query: (1062, "Duplicate entry '2025-03-30 11:12:53-7061' for key 'PRIMARY'")
[2025-03-30T11:12:53.297+0000] {inout_data.py:63} ERROR - Error executing query: (1062, "Duplicate entry '2025-03-30 11:12:53-7061' for key 'PRIMARY'")
[2025-03-30T11:12:53.297+0000] {inout_data.py:63} ERROR - Error executing query: (1062, "Duplicate entry '2025-03-30 11:12:53-7061' for key 'PRIMARY'")
[2025-03-30T11:12:53.298+0000] {inout_data.py:159} INFO - Ingested 8 rows of dummy data.
[2025-03-30T11:12:53.299+0000] {inout_data.py:78} INFO - MariaDB connection closed.
[2025-03-30T11:12:53.299+0000] {python.py:202} INFO - Done. Returned value was: None
[2025-03-30T11:12:53.306+0000] {taskinstance.py:1149} INFO - Marking task as SUCCESS. dag_id=inout_data_ingestion, task_id=ingest_dummy_data, execution_date=20241006T090000, start_date=20250330T111253, end_date=20250330T111253
[2025-03-30T11:12:53.336+0000] {local_task_job_runner.py:234} INFO - Task exited with return code 0
[2025-03-30T11:12:53.359+0000] {taskinstance.py:3309} INFO - 0 downstream tasks scheduled from follow-on schedule check
[2025-03-30T11:19:33.932+0000] {taskinstance.py:1979} INFO - Dependencies all met for dep_context=non-requeueable deps ti=<TaskInstance: inout_data_ingestion.ingest_dummy_data scheduled__2024-10-06T09:00:00+00:00 [queued]>
[2025-03-30T11:19:33.972+0000] {taskinstance.py:1979} INFO - Dependencies all met for dep_context=requeueable deps ti=<TaskInstance: inout_data_ingestion.ingest_dummy_data scheduled__2024-10-06T09:00:00+00:00 [queued]>
[2025-03-30T11:19:33.977+0000] {taskinstance.py:2193} INFO - Starting attempt 1 of 2
[2025-03-30T11:19:34.006+0000] {taskinstance.py:2214} INFO - Executing <Task(PythonOperator): ingest_dummy_data> on 2024-10-06 09:00:00+00:00
[2025-03-30T11:19:34.018+0000] {standard_task_runner.py:60} INFO - Started process 3384 to run task
[2025-03-30T11:19:34.032+0000] {standard_task_runner.py:87} INFO - Running: ['***', 'tasks', 'run', 'inout_data_ingestion', 'ingest_dummy_data', 'scheduled__2024-10-06T09:00:00+00:00', '--job-id', '1666', '--raw', '--subdir', 'DAGS_FOLDER/inout_data.py', '--cfg-path', '/tmp/tmp6igrqvjw']
[2025-03-30T11:19:34.040+0000] {standard_task_runner.py:88} INFO - Job 1666: Subtask ingest_dummy_data
[2025-03-30T11:19:34.103+0000] {warnings.py:109} WARNING - /home/***/.local/lib/python3.8/site-packages/***/settings.py:194: DeprecationWarning: The sql_alchemy_conn option in [core] has been moved to the sql_alchemy_conn option in [database] - the old setting has been used, but please update your config.
  SQL_ALCHEMY_CONN = conf.get("database", "SQL_ALCHEMY_CONN")

[2025-03-30T11:19:34.176+0000] {task_command.py:423} INFO - Running <TaskInstance: inout_data_ingestion.ingest_dummy_data scheduled__2024-10-06T09:00:00+00:00 [running]> on host ff9d64b065e6
[2025-03-30T11:19:34.320+0000] {taskinstance.py:2510} INFO - Exporting env vars: AIRFLOW_CTX_DAG_OWNER='***' AIRFLOW_CTX_DAG_ID='inout_data_ingestion' AIRFLOW_CTX_TASK_ID='ingest_dummy_data' AIRFLOW_CTX_EXECUTION_DATE='2024-10-06T09:00:00+00:00' AIRFLOW_CTX_TRY_NUMBER='1' AIRFLOW_CTX_DAG_RUN_ID='scheduled__2024-10-06T09:00:00+00:00'
[2025-03-30T11:19:34.328+0000] {inout_data.py:42} INFO - Successfully connected to MariaDB: INOUT on mariadb:3306
[2025-03-30T11:19:34.338+0000] {inout_data.py:63} ERROR - Error executing query: (1062, "Duplicate entry '2025-03-30 11:19:34-9786' for key 'PRIMARY'")
[2025-03-30T11:19:34.342+0000] {inout_data.py:63} ERROR - Error executing query: (1062, "Duplicate entry '2025-03-30 11:19:34-9786' for key 'PRIMARY'")
[2025-03-30T11:19:34.344+0000] {inout_data.py:63} ERROR - Error executing query: (1062, "Duplicate entry '2025-03-30 11:19:34-9786' for key 'PRIMARY'")
[2025-03-30T11:19:34.347+0000] {inout_data.py:63} ERROR - Error executing query: (1062, "Duplicate entry '2025-03-30 11:19:34-9786' for key 'PRIMARY'")
[2025-03-30T11:19:34.349+0000] {inout_data.py:63} ERROR - Error executing query: (1062, "Duplicate entry '2025-03-30 11:19:34-9786' for key 'PRIMARY'")
[2025-03-30T11:19:34.350+0000] {inout_data.py:152} INFO - Ingested 6 rows of dummy data.
[2025-03-30T11:19:34.351+0000] {inout_data.py:78} INFO - MariaDB connection closed.
[2025-03-30T11:19:34.353+0000] {python.py:202} INFO - Done. Returned value was: None
[2025-03-30T11:19:34.377+0000] {taskinstance.py:1149} INFO - Marking task as SUCCESS. dag_id=inout_data_ingestion, task_id=ingest_dummy_data, execution_date=20241006T090000, start_date=20250330T111933, end_date=20250330T111934
[2025-03-30T11:19:34.413+0000] {local_task_job_runner.py:234} INFO - Task exited with return code 0
[2025-03-30T11:19:34.524+0000] {taskinstance.py:3309} INFO - 0 downstream tasks scheduled from follow-on schedule check
[2025-03-30T11:31:39.153+0000] {taskinstance.py:1979} INFO - Dependencies all met for dep_context=non-requeueable deps ti=<TaskInstance: inout_data_ingestion.ingest_dummy_data scheduled__2024-10-06T09:00:00+00:00 [queued]>
[2025-03-30T11:31:39.169+0000] {taskinstance.py:1979} INFO - Dependencies all met for dep_context=requeueable deps ti=<TaskInstance: inout_data_ingestion.ingest_dummy_data scheduled__2024-10-06T09:00:00+00:00 [queued]>
[2025-03-30T11:31:39.170+0000] {taskinstance.py:2193} INFO - Starting attempt 1 of 2
[2025-03-30T11:31:39.202+0000] {taskinstance.py:2214} INFO - Executing <Task(PythonOperator): ingest_dummy_data> on 2024-10-06 09:00:00+00:00
[2025-03-30T11:31:39.210+0000] {standard_task_runner.py:60} INFO - Started process 5304 to run task
[2025-03-30T11:31:39.234+0000] {standard_task_runner.py:87} INFO - Running: ['***', 'tasks', 'run', 'inout_data_ingestion', 'ingest_dummy_data', 'scheduled__2024-10-06T09:00:00+00:00', '--job-id', '2625', '--raw', '--subdir', 'DAGS_FOLDER/inout_data.py', '--cfg-path', '/tmp/tmp8zwc_vpy']
[2025-03-30T11:31:39.239+0000] {standard_task_runner.py:88} INFO - Job 2625: Subtask ingest_dummy_data
[2025-03-30T11:31:39.259+0000] {warnings.py:109} WARNING - /home/***/.local/lib/python3.8/site-packages/***/settings.py:194: DeprecationWarning: The sql_alchemy_conn option in [core] has been moved to the sql_alchemy_conn option in [database] - the old setting has been used, but please update your config.
  SQL_ALCHEMY_CONN = conf.get("database", "SQL_ALCHEMY_CONN")

[2025-03-30T11:31:39.318+0000] {task_command.py:423} INFO - Running <TaskInstance: inout_data_ingestion.ingest_dummy_data scheduled__2024-10-06T09:00:00+00:00 [running]> on host ff9d64b065e6
[2025-03-30T11:31:39.481+0000] {taskinstance.py:2510} INFO - Exporting env vars: AIRFLOW_CTX_DAG_OWNER='***' AIRFLOW_CTX_DAG_ID='inout_data_ingestion' AIRFLOW_CTX_TASK_ID='ingest_dummy_data' AIRFLOW_CTX_EXECUTION_DATE='2024-10-06T09:00:00+00:00' AIRFLOW_CTX_TRY_NUMBER='1' AIRFLOW_CTX_DAG_RUN_ID='scheduled__2024-10-06T09:00:00+00:00'
[2025-03-30T11:31:39.495+0000] {logging_mixin.py:188} INFO - Successfully connected to MariaDB: INOUT on mariadb:3306
[2025-03-30T11:31:39.500+0000] {inout_data.py:83} INFO - {'ingested_time': datetime.datetime(2025, 3, 30, 11, 31, 39, 500104), 'timestamp': datetime.datetime(2024, 10, 6, 9, 28, tzinfo=datetime.timezone.utc), 'emp_id': 8881, 'employee_name': 'Employee40', 'factory': 'FactoryA', 'in_out': 'OUT', 'entrance': 'Side', 'door_number': '4', 'function': 'IT', 'division': 'AAPD', 'department': 'HRSD', 'section': '1'}
[2025-03-30T11:31:39.509+0000] {logging_mixin.py:188} INFO - General error executing query: not all arguments converted during string formatting
[2025-03-30T11:31:39.515+0000] {inout_data.py:83} INFO - {'ingested_time': datetime.datetime(2025, 3, 30, 11, 31, 39, 515177), 'timestamp': datetime.datetime(2024, 10, 6, 9, 6, tzinfo=datetime.timezone.utc), 'emp_id': 1695, 'employee_name': 'Employee28', 'factory': 'FactoryA', 'in_out': 'OUT', 'entrance': 'Side', 'door_number': '8', 'function': 'IT', 'division': 'AAPD', 'department': 'ML', 'section': '2'}
[2025-03-30T11:31:39.518+0000] {logging_mixin.py:188} INFO - General error executing query: not all arguments converted during string formatting
[2025-03-30T11:31:39.520+0000] {inout_data.py:83} INFO - {'ingested_time': datetime.datetime(2025, 3, 30, 11, 31, 39, 520854), 'timestamp': datetime.datetime(2024, 10, 6, 9, 28, tzinfo=datetime.timezone.utc), 'emp_id': 5278, 'employee_name': 'Employee68', 'factory': 'FactoryA', 'in_out': 'OUT', 'entrance': 'Side', 'door_number': '3', 'function': 'IT', 'division': 'AAPD', 'department': 'ML', 'section': '1'}
[2025-03-30T11:31:39.521+0000] {logging_mixin.py:188} INFO - General error executing query: not all arguments converted during string formatting
[2025-03-30T11:31:39.521+0000] {inout_data.py:83} INFO - {'ingested_time': datetime.datetime(2025, 3, 30, 11, 31, 39, 521952), 'timestamp': datetime.datetime(2024, 10, 6, 9, 13, tzinfo=datetime.timezone.utc), 'emp_id': 6872, 'employee_name': 'Employee84', 'factory': 'FactoryB', 'in_out': 'IN', 'entrance': 'Main', 'door_number': '2', 'function': 'IT', 'division': 'BSID', 'department': 'ML', 'section': '1'}
[2025-03-30T11:31:39.524+0000] {logging_mixin.py:188} INFO - General error executing query: not all arguments converted during string formatting
[2025-03-30T11:31:39.526+0000] {inout_data.py:83} INFO - {'ingested_time': datetime.datetime(2025, 3, 30, 11, 31, 39, 525902), 'timestamp': datetime.datetime(2024, 10, 6, 9, 14, tzinfo=datetime.timezone.utc), 'emp_id': 4040, 'employee_name': 'Employee70', 'factory': 'FactoryA', 'in_out': 'OUT', 'entrance': 'Side', 'door_number': '10', 'function': 'IT', 'division': 'AAPD', 'department': 'HRSD', 'section': '2'}
[2025-03-30T11:31:39.532+0000] {logging_mixin.py:188} INFO - General error executing query: not all arguments converted during string formatting
[2025-03-30T11:31:39.533+0000] {inout_data.py:83} INFO - {'ingested_time': datetime.datetime(2025, 3, 30, 11, 31, 39, 533150), 'timestamp': datetime.datetime(2024, 10, 6, 9, 26, tzinfo=datetime.timezone.utc), 'emp_id': 2703, 'employee_name': 'Employee68', 'factory': 'FactoryB', 'in_out': 'OUT', 'entrance': 'Side', 'door_number': '5', 'function': 'IT', 'division': 'AAPD', 'department': 'CAPD', 'section': '2'}
[2025-03-30T11:31:39.535+0000] {logging_mixin.py:188} INFO - General error executing query: not all arguments converted during string formatting
[2025-03-30T11:31:39.539+0000] {inout_data.py:83} INFO - {'ingested_time': datetime.datetime(2025, 3, 30, 11, 31, 39, 539104), 'timestamp': datetime.datetime(2024, 10, 6, 9, 16, tzinfo=datetime.timezone.utc), 'emp_id': 8423, 'employee_name': 'Employee89', 'factory': 'FactoryA', 'in_out': 'IN', 'entrance': 'Side', 'door_number': '6', 'function': 'IT', 'division': 'BSID', 'department': 'HRSD', 'section': '2'}
[2025-03-30T11:31:39.540+0000] {logging_mixin.py:188} INFO - General error executing query: not all arguments converted during string formatting
[2025-03-30T11:31:39.541+0000] {inout_data.py:83} INFO - {'ingested_time': datetime.datetime(2025, 3, 30, 11, 31, 39, 541015), 'timestamp': datetime.datetime(2024, 10, 6, 9, 15, tzinfo=datetime.timezone.utc), 'emp_id': 6427, 'employee_name': 'Employee34', 'factory': 'FactoryB', 'in_out': 'OUT', 'entrance': 'Main', 'door_number': '4', 'function': 'IT', 'division': 'BSID', 'department': 'CAPD', 'section': '2'}
[2025-03-30T11:31:39.542+0000] {logging_mixin.py:188} INFO - General error executing query: not all arguments converted during string formatting
[2025-03-30T11:31:39.547+0000] {inout_data.py:83} INFO - {'ingested_time': datetime.datetime(2025, 3, 30, 11, 31, 39, 547086), 'timestamp': datetime.datetime(2024, 10, 6, 9, 29, tzinfo=datetime.timezone.utc), 'emp_id': 9953, 'employee_name': 'Employee26', 'factory': 'FactoryB', 'in_out': 'IN', 'entrance': 'Side', 'door_number': '9', 'function': 'IT', 'division': 'BSID', 'department': 'ML', 'section': '1'}
[2025-03-30T11:31:39.548+0000] {logging_mixin.py:188} INFO - General error executing query: not all arguments converted during string formatting
[2025-03-30T11:31:39.548+0000] {inout_data.py:83} INFO - {'ingested_time': datetime.datetime(2025, 3, 30, 11, 31, 39, 548670), 'timestamp': datetime.datetime(2024, 10, 6, 9, 17, tzinfo=datetime.timezone.utc), 'emp_id': 1023, 'employee_name': 'Employee97', 'factory': 'FactoryA', 'in_out': 'OUT', 'entrance': 'Main', 'door_number': '7', 'function': 'IT', 'division': 'AAPD', 'department': 'ML', 'section': '2'}
[2025-03-30T11:31:39.549+0000] {logging_mixin.py:188} INFO - General error executing query: not all arguments converted during string formatting
[2025-03-30T11:31:39.551+0000] {inout_data.py:83} INFO - {'ingested_time': datetime.datetime(2025, 3, 30, 11, 31, 39, 551195), 'timestamp': datetime.datetime(2024, 10, 6, 9, 7, tzinfo=datetime.timezone.utc), 'emp_id': 6680, 'employee_name': 'Employee88', 'factory': 'FactoryB', 'in_out': 'IN', 'entrance': 'Main', 'door_number': '3', 'function': 'IT', 'division': 'BSID', 'department': 'HRSD', 'section': '2'}
[2025-03-30T11:31:39.552+0000] {logging_mixin.py:188} INFO - General error executing query: not all arguments converted during string formatting
[2025-03-30T11:31:39.555+0000] {inout_data.py:88} INFO - Ingested 11 rows of dummy data for 2024-10-06 09:00:00+00:00.
[2025-03-30T11:31:39.555+0000] {logging_mixin.py:188} INFO - MariaDB connection closed.
[2025-03-30T11:31:39.556+0000] {python.py:202} INFO - Done. Returned value was: None
[2025-03-30T11:31:39.585+0000] {taskinstance.py:1149} INFO - Marking task as SUCCESS. dag_id=inout_data_ingestion, task_id=ingest_dummy_data, execution_date=20241006T090000, start_date=20250330T113139, end_date=20250330T113139
[2025-03-30T11:31:39.660+0000] {local_task_job_runner.py:234} INFO - Task exited with return code 0
[2025-03-30T11:31:39.692+0000] {taskinstance.py:3309} INFO - 0 downstream tasks scheduled from follow-on schedule check
