[2025-03-30T11:09:38.501+0000] {taskinstance.py:1979} INFO - Dependencies all met for dep_context=non-requeueable deps ti=<TaskInstance: inout_data_ingestion.ingest_dummy_data scheduled__2024-09-30T14:00:00+00:00 [queued]>
[2025-03-30T11:09:38.520+0000] {taskinstance.py:1979} INFO - Dependencies all met for dep_context=requeueable deps ti=<TaskInstance: inout_data_ingestion.ingest_dummy_data scheduled__2024-09-30T14:00:00+00:00 [queued]>
[2025-03-30T11:09:38.521+0000] {taskinstance.py:2193} INFO - Starting attempt 1 of 2
[2025-03-30T11:09:38.566+0000] {taskinstance.py:2214} INFO - Executing <Task(PythonOperator): ingest_dummy_data> on 2024-09-30 14:00:00+00:00
[2025-03-30T11:09:38.575+0000] {standard_task_runner.py:60} INFO - Started process 417 to run task
[2025-03-30T11:09:38.588+0000] {standard_task_runner.py:87} INFO - Running: ['***', 'tasks', 'run', 'inout_data_ingestion', 'ingest_dummy_data', 'scheduled__2024-09-30T14:00:00+00:00', '--job-id', '182', '--raw', '--subdir', 'DAGS_FOLDER/inout_data.py', '--cfg-path', '/tmp/tmpuyrjaq81']
[2025-03-30T11:09:38.591+0000] {standard_task_runner.py:88} INFO - Job 182: Subtask ingest_dummy_data
[2025-03-30T11:09:38.610+0000] {warnings.py:109} WARNING - /home/***/.local/lib/python3.8/site-packages/***/settings.py:194: DeprecationWarning: The sql_alchemy_conn option in [core] has been moved to the sql_alchemy_conn option in [database] - the old setting has been used, but please update your config.
  SQL_ALCHEMY_CONN = conf.get("database", "SQL_ALCHEMY_CONN")

[2025-03-30T11:09:38.678+0000] {task_command.py:423} INFO - Running <TaskInstance: inout_data_ingestion.ingest_dummy_data scheduled__2024-09-30T14:00:00+00:00 [running]> on host ff9d64b065e6
[2025-03-30T11:09:38.821+0000] {taskinstance.py:2510} INFO - Exporting env vars: AIRFLOW_CTX_DAG_OWNER='***' AIRFLOW_CTX_DAG_ID='inout_data_ingestion' AIRFLOW_CTX_TASK_ID='ingest_dummy_data' AIRFLOW_CTX_EXECUTION_DATE='2024-09-30T14:00:00+00:00' AIRFLOW_CTX_TRY_NUMBER='1' AIRFLOW_CTX_DAG_RUN_ID='scheduled__2024-09-30T14:00:00+00:00'
[2025-03-30T11:09:38.836+0000] {inout_data.py:42} INFO - Successfully connected to MariaDB: INOUT on mariadb:3306
[2025-03-30T11:09:38.843+0000] {inout_data.py:63} ERROR - Error executing query: (1062, "Duplicate entry '2025-03-30 11:09:38-1981' for key 'PRIMARY'")
[2025-03-30T11:09:38.852+0000] {inout_data.py:63} ERROR - Error executing query: (1062, "Duplicate entry '2025-03-30 11:09:38-1981' for key 'PRIMARY'")
[2025-03-30T11:09:38.861+0000] {inout_data.py:63} ERROR - Error executing query: (1062, "Duplicate entry '2025-03-30 11:09:38-1981' for key 'PRIMARY'")
[2025-03-30T11:09:38.870+0000] {inout_data.py:63} ERROR - Error executing query: (1062, "Duplicate entry '2025-03-30 11:09:38-1981' for key 'PRIMARY'")
[2025-03-30T11:09:38.877+0000] {inout_data.py:159} INFO - Ingested 5 rows of dummy data.
[2025-03-30T11:09:38.881+0000] {inout_data.py:78} INFO - MariaDB connection closed.
[2025-03-30T11:09:38.884+0000] {python.py:202} INFO - Done. Returned value was: None
[2025-03-30T11:09:38.927+0000] {taskinstance.py:1149} INFO - Marking task as SUCCESS. dag_id=inout_data_ingestion, task_id=ingest_dummy_data, execution_date=20240930T140000, start_date=20250330T110938, end_date=20250330T110938
[2025-03-30T11:09:39.071+0000] {local_task_job_runner.py:234} INFO - Task exited with return code 0
[2025-03-30T11:09:39.148+0000] {taskinstance.py:3309} INFO - 0 downstream tasks scheduled from follow-on schedule check
[2025-03-30T11:16:13.872+0000] {taskinstance.py:1979} INFO - Dependencies all met for dep_context=non-requeueable deps ti=<TaskInstance: inout_data_ingestion.ingest_dummy_data scheduled__2024-09-30T14:00:00+00:00 [queued]>
[2025-03-30T11:16:13.883+0000] {taskinstance.py:1979} INFO - Dependencies all met for dep_context=requeueable deps ti=<TaskInstance: inout_data_ingestion.ingest_dummy_data scheduled__2024-09-30T14:00:00+00:00 [queued]>
[2025-03-30T11:16:13.883+0000] {taskinstance.py:2193} INFO - Starting attempt 1 of 2
[2025-03-30T11:16:13.894+0000] {taskinstance.py:2214} INFO - Executing <Task(PythonOperator): ingest_dummy_data> on 2024-09-30 14:00:00+00:00
[2025-03-30T11:16:13.897+0000] {standard_task_runner.py:60} INFO - Started process 2259 to run task
[2025-03-30T11:16:13.900+0000] {standard_task_runner.py:87} INFO - Running: ['***', 'tasks', 'run', 'inout_data_ingestion', 'ingest_dummy_data', 'scheduled__2024-09-30T14:00:00+00:00', '--job-id', '1105', '--raw', '--subdir', 'DAGS_FOLDER/inout_data.py', '--cfg-path', '/tmp/tmpg51a98zq']
[2025-03-30T11:16:13.902+0000] {standard_task_runner.py:88} INFO - Job 1105: Subtask ingest_dummy_data
[2025-03-30T11:16:13.909+0000] {warnings.py:109} WARNING - /home/***/.local/lib/python3.8/site-packages/***/settings.py:194: DeprecationWarning: The sql_alchemy_conn option in [core] has been moved to the sql_alchemy_conn option in [database] - the old setting has been used, but please update your config.
  SQL_ALCHEMY_CONN = conf.get("database", "SQL_ALCHEMY_CONN")

[2025-03-30T11:16:13.932+0000] {task_command.py:423} INFO - Running <TaskInstance: inout_data_ingestion.ingest_dummy_data scheduled__2024-09-30T14:00:00+00:00 [running]> on host ff9d64b065e6
[2025-03-30T11:16:13.967+0000] {taskinstance.py:2510} INFO - Exporting env vars: AIRFLOW_CTX_DAG_OWNER='***' AIRFLOW_CTX_DAG_ID='inout_data_ingestion' AIRFLOW_CTX_TASK_ID='ingest_dummy_data' AIRFLOW_CTX_EXECUTION_DATE='2024-09-30T14:00:00+00:00' AIRFLOW_CTX_TRY_NUMBER='1' AIRFLOW_CTX_DAG_RUN_ID='scheduled__2024-09-30T14:00:00+00:00'
[2025-03-30T11:16:13.969+0000] {inout_data.py:42} INFO - Successfully connected to MariaDB: INOUT on mariadb:3306
[2025-03-30T11:16:13.970+0000] {inout_data.py:63} ERROR - Error executing query: (1062, "Duplicate entry '2025-03-30 11:16:13-2406' for key 'PRIMARY'")
[2025-03-30T11:16:13.971+0000] {inout_data.py:63} ERROR - Error executing query: (1062, "Duplicate entry '2025-03-30 11:16:13-2406' for key 'PRIMARY'")
[2025-03-30T11:16:13.971+0000] {inout_data.py:63} ERROR - Error executing query: (1062, "Duplicate entry '2025-03-30 11:16:13-2406' for key 'PRIMARY'")
[2025-03-30T11:16:13.971+0000] {inout_data.py:63} ERROR - Error executing query: (1062, "Duplicate entry '2025-03-30 11:16:13-2406' for key 'PRIMARY'")
[2025-03-30T11:16:13.971+0000] {inout_data.py:63} ERROR - Error executing query: (1062, "Duplicate entry '2025-03-30 11:16:13-2406' for key 'PRIMARY'")
[2025-03-30T11:16:13.972+0000] {inout_data.py:63} ERROR - Error executing query: (1062, "Duplicate entry '2025-03-30 11:16:13-2406' for key 'PRIMARY'")
[2025-03-30T11:16:13.972+0000] {inout_data.py:63} ERROR - Error executing query: (1062, "Duplicate entry '2025-03-30 11:16:13-2406' for key 'PRIMARY'")
[2025-03-30T11:16:13.972+0000] {inout_data.py:63} ERROR - Error executing query: (1062, "Duplicate entry '2025-03-30 11:16:13-2406' for key 'PRIMARY'")
[2025-03-30T11:16:13.973+0000] {inout_data.py:63} ERROR - Error executing query: (1062, "Duplicate entry '2025-03-30 11:16:13-2406' for key 'PRIMARY'")
[2025-03-30T11:16:13.973+0000] {inout_data.py:63} ERROR - Error executing query: (1062, "Duplicate entry '2025-03-30 11:16:13-2406' for key 'PRIMARY'")
[2025-03-30T11:16:13.973+0000] {inout_data.py:63} ERROR - Error executing query: (1062, "Duplicate entry '2025-03-30 11:16:13-2406' for key 'PRIMARY'")
[2025-03-30T11:16:13.973+0000] {inout_data.py:63} ERROR - Error executing query: (1062, "Duplicate entry '2025-03-30 11:16:13-2406' for key 'PRIMARY'")
[2025-03-30T11:16:13.974+0000] {inout_data.py:152} INFO - Ingested 13 rows of dummy data.
[2025-03-30T11:16:13.974+0000] {inout_data.py:78} INFO - MariaDB connection closed.
[2025-03-30T11:16:13.974+0000] {python.py:202} INFO - Done. Returned value was: None
[2025-03-30T11:16:13.978+0000] {taskinstance.py:1149} INFO - Marking task as SUCCESS. dag_id=inout_data_ingestion, task_id=ingest_dummy_data, execution_date=20240930T140000, start_date=20250330T111613, end_date=20250330T111613
[2025-03-30T11:16:14.000+0000] {local_task_job_runner.py:234} INFO - Task exited with return code 0
[2025-03-30T11:16:14.025+0000] {taskinstance.py:3309} INFO - 0 downstream tasks scheduled from follow-on schedule check
[2025-03-30T11:28:50.778+0000] {taskinstance.py:1979} INFO - Dependencies all met for dep_context=non-requeueable deps ti=<TaskInstance: inout_data_ingestion.ingest_dummy_data scheduled__2024-09-30T14:00:00+00:00 [queued]>
[2025-03-30T11:28:50.795+0000] {taskinstance.py:1979} INFO - Dependencies all met for dep_context=requeueable deps ti=<TaskInstance: inout_data_ingestion.ingest_dummy_data scheduled__2024-09-30T14:00:00+00:00 [queued]>
[2025-03-30T11:28:50.800+0000] {taskinstance.py:2193} INFO - Starting attempt 1 of 2
[2025-03-30T11:28:50.827+0000] {taskinstance.py:2214} INFO - Executing <Task(PythonOperator): ingest_dummy_data> on 2024-09-30 14:00:00+00:00
[2025-03-30T11:28:50.840+0000] {standard_task_runner.py:60} INFO - Started process 4192 to run task
[2025-03-30T11:28:50.847+0000] {standard_task_runner.py:87} INFO - Running: ['***', 'tasks', 'run', 'inout_data_ingestion', 'ingest_dummy_data', 'scheduled__2024-09-30T14:00:00+00:00', '--job-id', '2070', '--raw', '--subdir', 'DAGS_FOLDER/inout_data.py', '--cfg-path', '/tmp/tmpdo9oyyuy']
[2025-03-30T11:28:50.849+0000] {standard_task_runner.py:88} INFO - Job 2070: Subtask ingest_dummy_data
[2025-03-30T11:28:50.879+0000] {warnings.py:109} WARNING - /home/***/.local/lib/python3.8/site-packages/***/settings.py:194: DeprecationWarning: The sql_alchemy_conn option in [core] has been moved to the sql_alchemy_conn option in [database] - the old setting has been used, but please update your config.
  SQL_ALCHEMY_CONN = conf.get("database", "SQL_ALCHEMY_CONN")

[2025-03-30T11:28:50.970+0000] {task_command.py:423} INFO - Running <TaskInstance: inout_data_ingestion.ingest_dummy_data scheduled__2024-09-30T14:00:00+00:00 [running]> on host ff9d64b065e6
[2025-03-30T11:28:51.088+0000] {taskinstance.py:2510} INFO - Exporting env vars: AIRFLOW_CTX_DAG_OWNER='***' AIRFLOW_CTX_DAG_ID='inout_data_ingestion' AIRFLOW_CTX_TASK_ID='ingest_dummy_data' AIRFLOW_CTX_EXECUTION_DATE='2024-09-30T14:00:00+00:00' AIRFLOW_CTX_TRY_NUMBER='1' AIRFLOW_CTX_DAG_RUN_ID='scheduled__2024-09-30T14:00:00+00:00'
[2025-03-30T11:28:51.103+0000] {logging_mixin.py:188} INFO - Successfully connected to MariaDB: INOUT on mariadb:3306
[2025-03-30T11:28:51.106+0000] {logging_mixin.py:188} INFO - General error executing query: not all arguments converted during string formatting
[2025-03-30T11:28:51.117+0000] {logging_mixin.py:188} INFO - General error executing query: not all arguments converted during string formatting
[2025-03-30T11:28:51.120+0000] {logging_mixin.py:188} INFO - General error executing query: not all arguments converted during string formatting
[2025-03-30T11:28:51.122+0000] {logging_mixin.py:188} INFO - General error executing query: not all arguments converted during string formatting
[2025-03-30T11:28:51.126+0000] {logging_mixin.py:188} INFO - General error executing query: not all arguments converted during string formatting
[2025-03-30T11:28:51.128+0000] {logging_mixin.py:188} INFO - General error executing query: not all arguments converted during string formatting
[2025-03-30T11:28:51.130+0000] {logging_mixin.py:188} INFO - General error executing query: not all arguments converted during string formatting
[2025-03-30T11:28:51.133+0000] {logging_mixin.py:188} INFO - General error executing query: not all arguments converted during string formatting
[2025-03-30T11:28:51.133+0000] {inout_data.py:87} INFO - Ingested 8 rows of dummy data for 2024-09-30 14:00:00+00:00.
[2025-03-30T11:28:51.134+0000] {logging_mixin.py:188} INFO - MariaDB connection closed.
[2025-03-30T11:28:51.134+0000] {python.py:202} INFO - Done. Returned value was: None
[2025-03-30T11:28:51.164+0000] {taskinstance.py:1149} INFO - Marking task as SUCCESS. dag_id=inout_data_ingestion, task_id=ingest_dummy_data, execution_date=20240930T140000, start_date=20250330T112850, end_date=20250330T112851
[2025-03-30T11:28:51.199+0000] {local_task_job_runner.py:234} INFO - Task exited with return code 0
[2025-03-30T11:28:51.232+0000] {taskinstance.py:3309} INFO - 0 downstream tasks scheduled from follow-on schedule check
[2025-03-30T11:33:22.273+0000] {taskinstance.py:1979} INFO - Dependencies all met for dep_context=non-requeueable deps ti=<TaskInstance: inout_data_ingestion.ingest_dummy_data scheduled__2024-09-30T14:00:00+00:00 [queued]>
[2025-03-30T11:33:22.279+0000] {taskinstance.py:1979} INFO - Dependencies all met for dep_context=requeueable deps ti=<TaskInstance: inout_data_ingestion.ingest_dummy_data scheduled__2024-09-30T14:00:00+00:00 [queued]>
[2025-03-30T11:33:22.280+0000] {taskinstance.py:2193} INFO - Starting attempt 1 of 2
[2025-03-30T11:33:22.291+0000] {taskinstance.py:2214} INFO - Executing <Task(PythonOperator): ingest_dummy_data> on 2024-09-30 14:00:00+00:00
[2025-03-30T11:33:22.293+0000] {standard_task_runner.py:60} INFO - Started process 5633 to run task
[2025-03-30T11:33:22.295+0000] {standard_task_runner.py:87} INFO - Running: ['***', 'tasks', 'run', 'inout_data_ingestion', 'ingest_dummy_data', 'scheduled__2024-09-30T14:00:00+00:00', '--job-id', '2792', '--raw', '--subdir', 'DAGS_FOLDER/inout_data.py', '--cfg-path', '/tmp/tmpfd29a6as']
[2025-03-30T11:33:22.296+0000] {standard_task_runner.py:88} INFO - Job 2792: Subtask ingest_dummy_data
[2025-03-30T11:33:22.302+0000] {warnings.py:109} WARNING - /home/***/.local/lib/python3.8/site-packages/***/settings.py:194: DeprecationWarning: The sql_alchemy_conn option in [core] has been moved to the sql_alchemy_conn option in [database] - the old setting has been used, but please update your config.
  SQL_ALCHEMY_CONN = conf.get("database", "SQL_ALCHEMY_CONN")

[2025-03-30T11:33:22.318+0000] {task_command.py:423} INFO - Running <TaskInstance: inout_data_ingestion.ingest_dummy_data scheduled__2024-09-30T14:00:00+00:00 [running]> on host ff9d64b065e6
[2025-03-30T11:33:22.351+0000] {taskinstance.py:2510} INFO - Exporting env vars: AIRFLOW_CTX_DAG_OWNER='***' AIRFLOW_CTX_DAG_ID='inout_data_ingestion' AIRFLOW_CTX_TASK_ID='ingest_dummy_data' AIRFLOW_CTX_EXECUTION_DATE='2024-09-30T14:00:00+00:00' AIRFLOW_CTX_TRY_NUMBER='1' AIRFLOW_CTX_DAG_RUN_ID='scheduled__2024-09-30T14:00:00+00:00'
[2025-03-30T11:33:22.354+0000] {logging_mixin.py:188} INFO - Successfully connected to MariaDB: INOUT on mariadb:3306
[2025-03-30T11:33:22.354+0000] {inout_data.py:83} INFO - {'ingested_time': datetime.datetime(2025, 3, 30, 11, 33, 22, 354551), 'timestamp': datetime.datetime(2024, 9, 30, 14, 20, tzinfo=datetime.timezone.utc), 'emp_id': 3041, 'employee_name': 'Employee3', 'factory': 'FactoryA', 'in_out': 'OUT', 'entrance': 'Side', 'door_number': '4', 'function': 'IT', 'division': 'BSID', 'department': 'HRSD', 'section': '1'}
[2025-03-30T11:33:22.354+0000] {logging_mixin.py:188} INFO - General error executing query: not all arguments converted during string formatting
[2025-03-30T11:33:22.355+0000] {inout_data.py:83} INFO - {'ingested_time': datetime.datetime(2025, 3, 30, 11, 33, 22, 355001), 'timestamp': datetime.datetime(2024, 9, 30, 14, 16, tzinfo=datetime.timezone.utc), 'emp_id': 2540, 'employee_name': 'Employee24', 'factory': 'FactoryA', 'in_out': 'OUT', 'entrance': 'Main', 'door_number': '4', 'function': 'IT', 'division': 'BSID', 'department': 'CAPD', 'section': '1'}
[2025-03-30T11:33:22.355+0000] {logging_mixin.py:188} INFO - General error executing query: not all arguments converted during string formatting
[2025-03-30T11:33:22.355+0000] {inout_data.py:83} INFO - {'ingested_time': datetime.datetime(2025, 3, 30, 11, 33, 22, 355306), 'timestamp': datetime.datetime(2024, 9, 30, 14, 14, tzinfo=datetime.timezone.utc), 'emp_id': 4912, 'employee_name': 'Employee77', 'factory': 'FactoryB', 'in_out': 'IN', 'entrance': 'Main', 'door_number': '4', 'function': 'IT', 'division': 'AAPD', 'department': 'ML', 'section': '1'}
[2025-03-30T11:33:22.355+0000] {logging_mixin.py:188} INFO - General error executing query: not all arguments converted during string formatting
[2025-03-30T11:33:22.355+0000] {inout_data.py:83} INFO - {'ingested_time': datetime.datetime(2025, 3, 30, 11, 33, 22, 355602), 'timestamp': datetime.datetime(2024, 9, 30, 14, 25, tzinfo=datetime.timezone.utc), 'emp_id': 3173, 'employee_name': 'Employee73', 'factory': 'FactoryB', 'in_out': 'OUT', 'entrance': 'Side', 'door_number': '5', 'function': 'IT', 'division': 'BSID', 'department': 'CAPD', 'section': '1'}
[2025-03-30T11:33:22.355+0000] {logging_mixin.py:188} INFO - General error executing query: not all arguments converted during string formatting
[2025-03-30T11:33:22.356+0000] {inout_data.py:83} INFO - {'ingested_time': datetime.datetime(2025, 3, 30, 11, 33, 22, 356045), 'timestamp': datetime.datetime(2024, 9, 30, 14, 21, tzinfo=datetime.timezone.utc), 'emp_id': 5047, 'employee_name': 'Employee87', 'factory': 'FactoryA', 'in_out': 'IN', 'entrance': 'Side', 'door_number': '8', 'function': 'IT', 'division': 'BSID', 'department': 'CAPD', 'section': '2'}
[2025-03-30T11:33:22.356+0000] {logging_mixin.py:188} INFO - General error executing query: not all arguments converted during string formatting
[2025-03-30T11:33:22.356+0000] {inout_data.py:83} INFO - {'ingested_time': datetime.datetime(2025, 3, 30, 11, 33, 22, 356399), 'timestamp': datetime.datetime(2024, 9, 30, 14, 3, tzinfo=datetime.timezone.utc), 'emp_id': 6318, 'employee_name': 'Employee76', 'factory': 'FactoryB', 'in_out': 'OUT', 'entrance': 'Main', 'door_number': '1', 'function': 'IT', 'division': 'BSID', 'department': 'ML', 'section': '1'}
[2025-03-30T11:33:22.356+0000] {logging_mixin.py:188} INFO - General error executing query: not all arguments converted during string formatting
[2025-03-30T11:33:22.356+0000] {inout_data.py:83} INFO - {'ingested_time': datetime.datetime(2025, 3, 30, 11, 33, 22, 356843), 'timestamp': datetime.datetime(2024, 9, 30, 14, 6, tzinfo=datetime.timezone.utc), 'emp_id': 1945, 'employee_name': 'Employee49', 'factory': 'FactoryA', 'in_out': 'IN', 'entrance': 'Main', 'door_number': '5', 'function': 'IT', 'division': 'BSID', 'department': 'HRSD', 'section': '2'}
[2025-03-30T11:33:22.357+0000] {logging_mixin.py:188} INFO - General error executing query: not all arguments converted during string formatting
[2025-03-30T11:33:22.357+0000] {inout_data.py:83} INFO - {'ingested_time': datetime.datetime(2025, 3, 30, 11, 33, 22, 357224), 'timestamp': datetime.datetime(2024, 9, 30, 14, 7, tzinfo=datetime.timezone.utc), 'emp_id': 1848, 'employee_name': 'Employee31', 'factory': 'FactoryA', 'in_out': 'OUT', 'entrance': 'Main', 'door_number': '1', 'function': 'IT', 'division': 'BSID', 'department': 'HRSD', 'section': '1'}
[2025-03-30T11:33:22.357+0000] {logging_mixin.py:188} INFO - General error executing query: not all arguments converted during string formatting
[2025-03-30T11:33:22.357+0000] {inout_data.py:83} INFO - {'ingested_time': datetime.datetime(2025, 3, 30, 11, 33, 22, 357536), 'timestamp': datetime.datetime(2024, 9, 30, 14, 20, tzinfo=datetime.timezone.utc), 'emp_id': 1607, 'employee_name': 'Employee85', 'factory': 'FactoryB', 'in_out': 'OUT', 'entrance': 'Side', 'door_number': '3', 'function': 'IT', 'division': 'BSID', 'department': 'CAPD', 'section': '2'}
[2025-03-30T11:33:22.357+0000] {logging_mixin.py:188} INFO - General error executing query: not all arguments converted during string formatting
[2025-03-30T11:33:22.357+0000] {inout_data.py:83} INFO - {'ingested_time': datetime.datetime(2025, 3, 30, 11, 33, 22, 357840), 'timestamp': datetime.datetime(2024, 9, 30, 14, 7, tzinfo=datetime.timezone.utc), 'emp_id': 6043, 'employee_name': 'Employee63', 'factory': 'FactoryA', 'in_out': 'OUT', 'entrance': 'Side', 'door_number': '1', 'function': 'IT', 'division': 'AAPD', 'department': 'HRSD', 'section': '2'}
[2025-03-30T11:33:22.357+0000] {logging_mixin.py:188} INFO - General error executing query: not all arguments converted during string formatting
[2025-03-30T11:33:22.358+0000] {inout_data.py:83} INFO - {'ingested_time': datetime.datetime(2025, 3, 30, 11, 33, 22, 358102), 'timestamp': datetime.datetime(2024, 9, 30, 14, 4, tzinfo=datetime.timezone.utc), 'emp_id': 7196, 'employee_name': 'Employee30', 'factory': 'FactoryA', 'in_out': 'OUT', 'entrance': 'Main', 'door_number': '5', 'function': 'IT', 'division': 'BSID', 'department': 'ML', 'section': '1'}
[2025-03-30T11:33:22.358+0000] {logging_mixin.py:188} INFO - General error executing query: not all arguments converted during string formatting
[2025-03-30T11:33:22.358+0000] {inout_data.py:83} INFO - {'ingested_time': datetime.datetime(2025, 3, 30, 11, 33, 22, 358384), 'timestamp': datetime.datetime(2024, 9, 30, 14, 28, tzinfo=datetime.timezone.utc), 'emp_id': 3439, 'employee_name': 'Employee19', 'factory': 'FactoryB', 'in_out': 'IN', 'entrance': 'Main', 'door_number': '2', 'function': 'IT', 'division': 'AAPD', 'department': 'HRSD', 'section': '2'}
[2025-03-30T11:33:22.358+0000] {logging_mixin.py:188} INFO - General error executing query: not all arguments converted during string formatting
[2025-03-30T11:33:22.358+0000] {inout_data.py:83} INFO - {'ingested_time': datetime.datetime(2025, 3, 30, 11, 33, 22, 358643), 'timestamp': datetime.datetime(2024, 9, 30, 14, 27, tzinfo=datetime.timezone.utc), 'emp_id': 4602, 'employee_name': 'Employee65', 'factory': 'FactoryB', 'in_out': 'IN', 'entrance': 'Side', 'door_number': '1', 'function': 'IT', 'division': 'BSID', 'department': 'ML', 'section': '1'}
[2025-03-30T11:33:22.358+0000] {logging_mixin.py:188} INFO - General error executing query: not all arguments converted during string formatting
[2025-03-30T11:33:22.358+0000] {inout_data.py:83} INFO - {'ingested_time': datetime.datetime(2025, 3, 30, 11, 33, 22, 358929), 'timestamp': datetime.datetime(2024, 9, 30, 14, 22, tzinfo=datetime.timezone.utc), 'emp_id': 2596, 'employee_name': 'Employee84', 'factory': 'FactoryA', 'in_out': 'IN', 'entrance': 'Main', 'door_number': '10', 'function': 'IT', 'division': 'BSID', 'department': 'ML', 'section': '2'}
[2025-03-30T11:33:22.359+0000] {logging_mixin.py:188} INFO - General error executing query: not all arguments converted during string formatting
[2025-03-30T11:33:22.359+0000] {inout_data.py:83} INFO - {'ingested_time': datetime.datetime(2025, 3, 30, 11, 33, 22, 359257), 'timestamp': datetime.datetime(2024, 9, 30, 14, 19, tzinfo=datetime.timezone.utc), 'emp_id': 7745, 'employee_name': 'Employee93', 'factory': 'FactoryB', 'in_out': 'IN', 'entrance': 'Main', 'door_number': '6', 'function': 'IT', 'division': 'BSID', 'department': 'HRSD', 'section': '2'}
[2025-03-30T11:33:22.359+0000] {logging_mixin.py:188} INFO - General error executing query: not all arguments converted during string formatting
[2025-03-30T11:33:22.359+0000] {inout_data.py:83} INFO - {'ingested_time': datetime.datetime(2025, 3, 30, 11, 33, 22, 359512), 'timestamp': datetime.datetime(2024, 9, 30, 14, 16, tzinfo=datetime.timezone.utc), 'emp_id': 9067, 'employee_name': 'Employee3', 'factory': 'FactoryB', 'in_out': 'IN', 'entrance': 'Side', 'door_number': '3', 'function': 'IT', 'division': 'AAPD', 'department': 'ML', 'section': '2'}
[2025-03-30T11:33:22.359+0000] {logging_mixin.py:188} INFO - General error executing query: not all arguments converted during string formatting
[2025-03-30T11:33:22.359+0000] {inout_data.py:83} INFO - {'ingested_time': datetime.datetime(2025, 3, 30, 11, 33, 22, 359762), 'timestamp': datetime.datetime(2024, 9, 30, 14, 17, tzinfo=datetime.timezone.utc), 'emp_id': 6009, 'employee_name': 'Employee65', 'factory': 'FactoryB', 'in_out': 'IN', 'entrance': 'Main', 'door_number': '10', 'function': 'IT', 'division': 'BSID', 'department': 'ML', 'section': '2'}
[2025-03-30T11:33:22.359+0000] {logging_mixin.py:188} INFO - General error executing query: not all arguments converted during string formatting
[2025-03-30T11:33:22.360+0000] {inout_data.py:83} INFO - {'ingested_time': datetime.datetime(2025, 3, 30, 11, 33, 22, 360019), 'timestamp': datetime.datetime(2024, 9, 30, 14, 10, tzinfo=datetime.timezone.utc), 'emp_id': 7066, 'employee_name': 'Employee6', 'factory': 'FactoryB', 'in_out': 'IN', 'entrance': 'Main', 'door_number': '4', 'function': 'IT', 'division': 'BSID', 'department': 'HRSD', 'section': '2'}
[2025-03-30T11:33:22.360+0000] {logging_mixin.py:188} INFO - General error executing query: not all arguments converted during string formatting
[2025-03-30T11:33:22.360+0000] {inout_data.py:83} INFO - {'ingested_time': datetime.datetime(2025, 3, 30, 11, 33, 22, 360326), 'timestamp': datetime.datetime(2024, 9, 30, 14, 6, tzinfo=datetime.timezone.utc), 'emp_id': 2997, 'employee_name': 'Employee92', 'factory': 'FactoryB', 'in_out': 'OUT', 'entrance': 'Main', 'door_number': '9', 'function': 'IT', 'division': 'BSID', 'department': 'HRSD', 'section': '1'}
[2025-03-30T11:33:22.360+0000] {logging_mixin.py:188} INFO - General error executing query: not all arguments converted during string formatting
[2025-03-30T11:33:22.360+0000] {inout_data.py:83} INFO - {'ingested_time': datetime.datetime(2025, 3, 30, 11, 33, 22, 360632), 'timestamp': datetime.datetime(2024, 9, 30, 14, 5, tzinfo=datetime.timezone.utc), 'emp_id': 1642, 'employee_name': 'Employee54', 'factory': 'FactoryA', 'in_out': 'IN', 'entrance': 'Main', 'door_number': '4', 'function': 'IT', 'division': 'AAPD', 'department': 'ML', 'section': '1'}
[2025-03-30T11:33:22.360+0000] {logging_mixin.py:188} INFO - General error executing query: not all arguments converted during string formatting
[2025-03-30T11:33:22.360+0000] {inout_data.py:88} INFO - Ingested 20 rows of dummy data for 2024-09-30 14:00:00+00:00.
[2025-03-30T11:33:22.361+0000] {logging_mixin.py:188} INFO - MariaDB connection closed.
[2025-03-30T11:33:22.361+0000] {python.py:202} INFO - Done. Returned value was: None
[2025-03-30T11:33:22.364+0000] {taskinstance.py:1149} INFO - Marking task as SUCCESS. dag_id=inout_data_ingestion, task_id=ingest_dummy_data, execution_date=20240930T140000, start_date=20250330T113322, end_date=20250330T113322
[2025-03-30T11:33:22.400+0000] {local_task_job_runner.py:234} INFO - Task exited with return code 0
[2025-03-30T11:33:22.409+0000] {taskinstance.py:3309} INFO - 0 downstream tasks scheduled from follow-on schedule check
[2025-03-30T11:39:01.981+0000] {taskinstance.py:1979} INFO - Dependencies all met for dep_context=non-requeueable deps ti=<TaskInstance: inout_data_ingestion.ingest_dummy_data scheduled__2024-09-30T14:00:00+00:00 [queued]>
[2025-03-30T11:39:01.998+0000] {taskinstance.py:1979} INFO - Dependencies all met for dep_context=requeueable deps ti=<TaskInstance: inout_data_ingestion.ingest_dummy_data scheduled__2024-09-30T14:00:00+00:00 [queued]>
[2025-03-30T11:39:01.998+0000] {taskinstance.py:2193} INFO - Starting attempt 1 of 2
[2025-03-30T11:39:02.026+0000] {taskinstance.py:2214} INFO - Executing <Task(PythonOperator): ingest_dummy_data> on 2024-09-30 14:00:00+00:00
[2025-03-30T11:39:02.037+0000] {standard_task_runner.py:60} INFO - Started process 6541 to run task
[2025-03-30T11:39:02.046+0000] {standard_task_runner.py:87} INFO - Running: ['***', 'tasks', 'run', 'inout_data_ingestion', 'ingest_dummy_data', 'scheduled__2024-09-30T14:00:00+00:00', '--job-id', '3245', '--raw', '--subdir', 'DAGS_FOLDER/inout_data.py', '--cfg-path', '/tmp/tmpl4ppc4tt']
[2025-03-30T11:39:02.049+0000] {standard_task_runner.py:88} INFO - Job 3245: Subtask ingest_dummy_data
[2025-03-30T11:39:02.079+0000] {warnings.py:109} WARNING - /home/***/.local/lib/python3.8/site-packages/***/settings.py:194: DeprecationWarning: The sql_alchemy_conn option in [core] has been moved to the sql_alchemy_conn option in [database] - the old setting has been used, but please update your config.
  SQL_ALCHEMY_CONN = conf.get("database", "SQL_ALCHEMY_CONN")

[2025-03-30T11:39:02.144+0000] {task_command.py:423} INFO - Running <TaskInstance: inout_data_ingestion.ingest_dummy_data scheduled__2024-09-30T14:00:00+00:00 [running]> on host ff9d64b065e6
[2025-03-30T11:39:02.261+0000] {taskinstance.py:2510} INFO - Exporting env vars: AIRFLOW_CTX_DAG_OWNER='***' AIRFLOW_CTX_DAG_ID='inout_data_ingestion' AIRFLOW_CTX_TASK_ID='ingest_dummy_data' AIRFLOW_CTX_EXECUTION_DATE='2024-09-30T14:00:00+00:00' AIRFLOW_CTX_TRY_NUMBER='1' AIRFLOW_CTX_DAG_RUN_ID='scheduled__2024-09-30T14:00:00+00:00'
[2025-03-30T11:39:02.268+0000] {logging_mixin.py:188} INFO - Successfully connected to MariaDB: INOUT on mariadb:3306
[2025-03-30T11:39:02.269+0000] {inout_data.py:83} INFO - {'ingested_time': datetime.datetime(2025, 3, 30, 11, 39, 2, 269090), 'timestamp': datetime.datetime(2024, 9, 30, 14, 16, tzinfo=datetime.timezone.utc), 'emp_id': 6917, 'employee_name': 'Employee31', 'factory': 'FactoryA', 'in_out': 'IN', 'entrance': 'Side', 'door_number': '1', 'function': 'IT', 'division': 'BSID', 'department': 'ML', 'section': '2'}
[2025-03-30T11:39:02.269+0000] {logging_mixin.py:188} INFO - General error executing query: not all arguments converted during string formatting
[2025-03-30T11:39:02.270+0000] {inout_data.py:83} INFO - {'ingested_time': datetime.datetime(2025, 3, 30, 11, 39, 2, 270570), 'timestamp': datetime.datetime(2024, 9, 30, 14, 14, tzinfo=datetime.timezone.utc), 'emp_id': 8628, 'employee_name': 'Employee74', 'factory': 'FactoryB', 'in_out': 'IN', 'entrance': 'Side', 'door_number': '1', 'function': 'IT', 'division': 'AAPD', 'department': 'ML', 'section': '2'}
[2025-03-30T11:39:02.276+0000] {logging_mixin.py:188} INFO - General error executing query: not all arguments converted during string formatting
[2025-03-30T11:39:02.287+0000] {inout_data.py:83} INFO - {'ingested_time': datetime.datetime(2025, 3, 30, 11, 39, 2, 287385), 'timestamp': datetime.datetime(2024, 9, 30, 14, 24, tzinfo=datetime.timezone.utc), 'emp_id': 4872, 'employee_name': 'Employee32', 'factory': 'FactoryB', 'in_out': 'OUT', 'entrance': 'Side', 'door_number': '5', 'function': 'IT', 'division': 'AAPD', 'department': 'CAPD', 'section': '1'}
[2025-03-30T11:39:02.289+0000] {logging_mixin.py:188} INFO - General error executing query: not all arguments converted during string formatting
[2025-03-30T11:39:02.293+0000] {inout_data.py:83} INFO - {'ingested_time': datetime.datetime(2025, 3, 30, 11, 39, 2, 293009), 'timestamp': datetime.datetime(2024, 9, 30, 14, 25, tzinfo=datetime.timezone.utc), 'emp_id': 2376, 'employee_name': 'Employee34', 'factory': 'FactoryB', 'in_out': 'OUT', 'entrance': 'Side', 'door_number': '1', 'function': 'IT', 'division': 'AAPD', 'department': 'ML', 'section': '1'}
[2025-03-30T11:39:02.293+0000] {logging_mixin.py:188} INFO - General error executing query: not all arguments converted during string formatting
[2025-03-30T11:39:02.294+0000] {inout_data.py:83} INFO - {'ingested_time': datetime.datetime(2025, 3, 30, 11, 39, 2, 294006), 'timestamp': datetime.datetime(2024, 9, 30, 14, 17, tzinfo=datetime.timezone.utc), 'emp_id': 6680, 'employee_name': 'Employee47', 'factory': 'FactoryA', 'in_out': 'OUT', 'entrance': 'Side', 'door_number': '3', 'function': 'IT', 'division': 'AAPD', 'department': 'CAPD', 'section': '1'}
[2025-03-30T11:39:02.295+0000] {logging_mixin.py:188} INFO - General error executing query: not all arguments converted during string formatting
[2025-03-30T11:39:02.297+0000] {inout_data.py:83} INFO - {'ingested_time': datetime.datetime(2025, 3, 30, 11, 39, 2, 297073), 'timestamp': datetime.datetime(2024, 9, 30, 14, 17, tzinfo=datetime.timezone.utc), 'emp_id': 7570, 'employee_name': 'Employee66', 'factory': 'FactoryB', 'in_out': 'OUT', 'entrance': 'Side', 'door_number': '3', 'function': 'IT', 'division': 'AAPD', 'department': 'CAPD', 'section': '1'}
[2025-03-30T11:39:02.298+0000] {logging_mixin.py:188} INFO - General error executing query: not all arguments converted during string formatting
[2025-03-30T11:39:02.299+0000] {inout_data.py:83} INFO - {'ingested_time': datetime.datetime(2025, 3, 30, 11, 39, 2, 299315), 'timestamp': datetime.datetime(2024, 9, 30, 14, 26, tzinfo=datetime.timezone.utc), 'emp_id': 8622, 'employee_name': 'Employee81', 'factory': 'FactoryA', 'in_out': 'OUT', 'entrance': 'Main', 'door_number': '2', 'function': 'IT', 'division': 'AAPD', 'department': 'CAPD', 'section': '2'}
[2025-03-30T11:39:02.300+0000] {logging_mixin.py:188} INFO - General error executing query: not all arguments converted during string formatting
[2025-03-30T11:39:02.305+0000] {inout_data.py:83} INFO - {'ingested_time': datetime.datetime(2025, 3, 30, 11, 39, 2, 305202), 'timestamp': datetime.datetime(2024, 9, 30, 14, 29, tzinfo=datetime.timezone.utc), 'emp_id': 2826, 'employee_name': 'Employee90', 'factory': 'FactoryB', 'in_out': 'OUT', 'entrance': 'Main', 'door_number': '3', 'function': 'IT', 'division': 'AAPD', 'department': 'ML', 'section': '1'}
[2025-03-30T11:39:02.305+0000] {logging_mixin.py:188} INFO - General error executing query: not all arguments converted during string formatting
[2025-03-30T11:39:02.306+0000] {inout_data.py:83} INFO - {'ingested_time': datetime.datetime(2025, 3, 30, 11, 39, 2, 306223), 'timestamp': datetime.datetime(2024, 9, 30, 14, 1, tzinfo=datetime.timezone.utc), 'emp_id': 8737, 'employee_name': 'Employee97', 'factory': 'FactoryB', 'in_out': 'OUT', 'entrance': 'Main', 'door_number': '8', 'function': 'IT', 'division': 'BSID', 'department': 'ML', 'section': '2'}
[2025-03-30T11:39:02.306+0000] {logging_mixin.py:188} INFO - General error executing query: not all arguments converted during string formatting
[2025-03-30T11:39:02.306+0000] {inout_data.py:101} INFO - Ingested 9 rows of dummy data for 2024-09-30 14:00:00+00:00.
[2025-03-30T11:39:02.308+0000] {logging_mixin.py:188} INFO - MariaDB connection closed.
[2025-03-30T11:39:02.308+0000] {python.py:202} INFO - Done. Returned value was: None
[2025-03-30T11:39:02.323+0000] {taskinstance.py:1149} INFO - Marking task as SUCCESS. dag_id=inout_data_ingestion, task_id=ingest_dummy_data, execution_date=20240930T140000, start_date=20250330T113901, end_date=20250330T113902
[2025-03-30T11:39:02.394+0000] {local_task_job_runner.py:234} INFO - Task exited with return code 0
[2025-03-30T11:39:02.421+0000] {taskinstance.py:3309} INFO - 0 downstream tasks scheduled from follow-on schedule check
[2025-03-30T11:41:04.806+0000] {taskinstance.py:1979} INFO - Dependencies all met for dep_context=non-requeueable deps ti=<TaskInstance: inout_data_ingestion.ingest_dummy_data scheduled__2024-09-30T14:00:00+00:00 [queued]>
[2025-03-30T11:41:04.835+0000] {taskinstance.py:1979} INFO - Dependencies all met for dep_context=requeueable deps ti=<TaskInstance: inout_data_ingestion.ingest_dummy_data scheduled__2024-09-30T14:00:00+00:00 [queued]>
[2025-03-30T11:41:04.836+0000] {taskinstance.py:2193} INFO - Starting attempt 1 of 2
[2025-03-30T11:41:04.867+0000] {taskinstance.py:2214} INFO - Executing <Task(PythonOperator): ingest_dummy_data> on 2024-09-30 14:00:00+00:00
[2025-03-30T11:41:04.876+0000] {standard_task_runner.py:60} INFO - Started process 6988 to run task
[2025-03-30T11:41:04.884+0000] {standard_task_runner.py:87} INFO - Running: ['***', 'tasks', 'run', 'inout_data_ingestion', 'ingest_dummy_data', 'scheduled__2024-09-30T14:00:00+00:00', '--job-id', '3468', '--raw', '--subdir', 'DAGS_FOLDER/inout_data.py', '--cfg-path', '/tmp/tmplg29bbto']
[2025-03-30T11:41:04.888+0000] {standard_task_runner.py:88} INFO - Job 3468: Subtask ingest_dummy_data
[2025-03-30T11:41:04.913+0000] {warnings.py:109} WARNING - /home/***/.local/lib/python3.8/site-packages/***/settings.py:194: DeprecationWarning: The sql_alchemy_conn option in [core] has been moved to the sql_alchemy_conn option in [database] - the old setting has been used, but please update your config.
  SQL_ALCHEMY_CONN = conf.get("database", "SQL_ALCHEMY_CONN")

[2025-03-30T11:41:04.970+0000] {task_command.py:423} INFO - Running <TaskInstance: inout_data_ingestion.ingest_dummy_data scheduled__2024-09-30T14:00:00+00:00 [running]> on host ff9d64b065e6
[2025-03-30T11:41:05.083+0000] {taskinstance.py:2510} INFO - Exporting env vars: AIRFLOW_CTX_DAG_OWNER='***' AIRFLOW_CTX_DAG_ID='inout_data_ingestion' AIRFLOW_CTX_TASK_ID='ingest_dummy_data' AIRFLOW_CTX_EXECUTION_DATE='2024-09-30T14:00:00+00:00' AIRFLOW_CTX_TRY_NUMBER='1' AIRFLOW_CTX_DAG_RUN_ID='scheduled__2024-09-30T14:00:00+00:00'
[2025-03-30T11:41:05.097+0000] {logging_mixin.py:188} INFO - Successfully connected to MariaDB: INOUT on mariadb:3306
[2025-03-30T11:41:05.098+0000] {inout_data.py:83} INFO - {'ingested_time': datetime.datetime(2025, 3, 30, 11, 41, 5, 98771), 'timestamp': datetime.datetime(2024, 9, 30, 14, 6, tzinfo=datetime.timezone.utc), 'emp_id': 9409, 'employee_name': 'Employee33', 'factory': 'FactoryA', 'in_out': 'IN', 'entrance': 'Main', 'door_number': '6', 'function': 'IT', 'division': 'BSID', 'department': 'HRSD', 'section': '1'}
[2025-03-30T11:41:05.099+0000] {inout_data.py:99} INFO - Query: INSERT INTO emp_inout_rec (ingested_time, timestamp, employee_id, employee_name, factory, in_out, entrance, door_number, function, division, department, section) VALUES (%s, %s, %s, %s, %s, %s, %s, %s, %s, %s, %s)
[2025-03-30T11:41:05.104+0000] {inout_data.py:100} INFO - Params: ('2025-03-30 11:41:05', '2024-09-30 14:06:00', 9409, 'Employee33', 'FactoryA', 'IN', 'Main', '6', 'IT', 'BSID', 'HRSD', '1')
[2025-03-30T11:41:05.108+0000] {logging_mixin.py:188} INFO - General error executing query: not all arguments converted during string formatting
[2025-03-30T11:41:05.110+0000] {inout_data.py:83} INFO - {'ingested_time': datetime.datetime(2025, 3, 30, 11, 41, 5, 110366), 'timestamp': datetime.datetime(2024, 9, 30, 14, 4, tzinfo=datetime.timezone.utc), 'emp_id': 9438, 'employee_name': 'Employee56', 'factory': 'FactoryB', 'in_out': 'OUT', 'entrance': 'Main', 'door_number': '6', 'function': 'IT', 'division': 'BSID', 'department': 'ML', 'section': '2'}
[2025-03-30T11:41:05.112+0000] {inout_data.py:99} INFO - Query: INSERT INTO emp_inout_rec (ingested_time, timestamp, employee_id, employee_name, factory, in_out, entrance, door_number, function, division, department, section) VALUES (%s, %s, %s, %s, %s, %s, %s, %s, %s, %s, %s)
[2025-03-30T11:41:05.116+0000] {inout_data.py:100} INFO - Params: ('2025-03-30 11:41:05', '2024-09-30 14:04:00', 9438, 'Employee56', 'FactoryB', 'OUT', 'Main', '6', 'IT', 'BSID', 'ML', '2')
[2025-03-30T11:41:05.117+0000] {logging_mixin.py:188} INFO - General error executing query: not all arguments converted during string formatting
[2025-03-30T11:41:05.118+0000] {inout_data.py:83} INFO - {'ingested_time': datetime.datetime(2025, 3, 30, 11, 41, 5, 118833), 'timestamp': datetime.datetime(2024, 9, 30, 14, 15, tzinfo=datetime.timezone.utc), 'emp_id': 7216, 'employee_name': 'Employee33', 'factory': 'FactoryB', 'in_out': 'IN', 'entrance': 'Side', 'door_number': '9', 'function': 'IT', 'division': 'BSID', 'department': 'HRSD', 'section': '2'}
[2025-03-30T11:41:05.120+0000] {inout_data.py:99} INFO - Query: INSERT INTO emp_inout_rec (ingested_time, timestamp, employee_id, employee_name, factory, in_out, entrance, door_number, function, division, department, section) VALUES (%s, %s, %s, %s, %s, %s, %s, %s, %s, %s, %s)
[2025-03-30T11:41:05.122+0000] {inout_data.py:100} INFO - Params: ('2025-03-30 11:41:05', '2024-09-30 14:15:00', 7216, 'Employee33', 'FactoryB', 'IN', 'Side', '9', 'IT', 'BSID', 'HRSD', '2')
[2025-03-30T11:41:05.124+0000] {logging_mixin.py:188} INFO - General error executing query: not all arguments converted during string formatting
[2025-03-30T11:41:05.126+0000] {inout_data.py:83} INFO - {'ingested_time': datetime.datetime(2025, 3, 30, 11, 41, 5, 126601), 'timestamp': datetime.datetime(2024, 9, 30, 14, 13, tzinfo=datetime.timezone.utc), 'emp_id': 4606, 'employee_name': 'Employee95', 'factory': 'FactoryA', 'in_out': 'IN', 'entrance': 'Side', 'door_number': '3', 'function': 'IT', 'division': 'BSID', 'department': 'CAPD', 'section': '1'}
[2025-03-30T11:41:05.133+0000] {inout_data.py:99} INFO - Query: INSERT INTO emp_inout_rec (ingested_time, timestamp, employee_id, employee_name, factory, in_out, entrance, door_number, function, division, department, section) VALUES (%s, %s, %s, %s, %s, %s, %s, %s, %s, %s, %s)
[2025-03-30T11:41:05.135+0000] {inout_data.py:100} INFO - Params: ('2025-03-30 11:41:05', '2024-09-30 14:13:00', 4606, 'Employee95', 'FactoryA', 'IN', 'Side', '3', 'IT', 'BSID', 'CAPD', '1')
[2025-03-30T11:41:05.139+0000] {logging_mixin.py:188} INFO - General error executing query: not all arguments converted during string formatting
[2025-03-30T11:41:05.142+0000] {inout_data.py:83} INFO - {'ingested_time': datetime.datetime(2025, 3, 30, 11, 41, 5, 142044), 'timestamp': datetime.datetime(2024, 9, 30, 14, 10, tzinfo=datetime.timezone.utc), 'emp_id': 5636, 'employee_name': 'Employee99', 'factory': 'FactoryA', 'in_out': 'IN', 'entrance': 'Side', 'door_number': '1', 'function': 'IT', 'division': 'AAPD', 'department': 'ML', 'section': '2'}
[2025-03-30T11:41:05.147+0000] {inout_data.py:99} INFO - Query: INSERT INTO emp_inout_rec (ingested_time, timestamp, employee_id, employee_name, factory, in_out, entrance, door_number, function, division, department, section) VALUES (%s, %s, %s, %s, %s, %s, %s, %s, %s, %s, %s)
[2025-03-30T11:41:05.151+0000] {inout_data.py:100} INFO - Params: ('2025-03-30 11:41:05', '2024-09-30 14:10:00', 5636, 'Employee99', 'FactoryA', 'IN', 'Side', '1', 'IT', 'AAPD', 'ML', '2')
[2025-03-30T11:41:05.159+0000] {logging_mixin.py:188} INFO - General error executing query: not all arguments converted during string formatting
[2025-03-30T11:41:05.160+0000] {inout_data.py:83} INFO - {'ingested_time': datetime.datetime(2025, 3, 30, 11, 41, 5, 160309), 'timestamp': datetime.datetime(2024, 9, 30, 14, 22, tzinfo=datetime.timezone.utc), 'emp_id': 6856, 'employee_name': 'Employee77', 'factory': 'FactoryB', 'in_out': 'IN', 'entrance': 'Side', 'door_number': '5', 'function': 'IT', 'division': 'BSID', 'department': 'HRSD', 'section': '1'}
[2025-03-30T11:41:05.161+0000] {inout_data.py:99} INFO - Query: INSERT INTO emp_inout_rec (ingested_time, timestamp, employee_id, employee_name, factory, in_out, entrance, door_number, function, division, department, section) VALUES (%s, %s, %s, %s, %s, %s, %s, %s, %s, %s, %s)
[2025-03-30T11:41:05.162+0000] {inout_data.py:100} INFO - Params: ('2025-03-30 11:41:05', '2024-09-30 14:22:00', 6856, 'Employee77', 'FactoryB', 'IN', 'Side', '5', 'IT', 'BSID', 'HRSD', '1')
[2025-03-30T11:41:05.166+0000] {logging_mixin.py:188} INFO - General error executing query: not all arguments converted during string formatting
[2025-03-30T11:41:05.168+0000] {inout_data.py:83} INFO - {'ingested_time': datetime.datetime(2025, 3, 30, 11, 41, 5, 168284), 'timestamp': datetime.datetime(2024, 9, 30, 14, 9, tzinfo=datetime.timezone.utc), 'emp_id': 8766, 'employee_name': 'Employee71', 'factory': 'FactoryA', 'in_out': 'IN', 'entrance': 'Side', 'door_number': '6', 'function': 'IT', 'division': 'BSID', 'department': 'ML', 'section': '1'}
[2025-03-30T11:41:05.169+0000] {inout_data.py:99} INFO - Query: INSERT INTO emp_inout_rec (ingested_time, timestamp, employee_id, employee_name, factory, in_out, entrance, door_number, function, division, department, section) VALUES (%s, %s, %s, %s, %s, %s, %s, %s, %s, %s, %s)
[2025-03-30T11:41:05.170+0000] {inout_data.py:100} INFO - Params: ('2025-03-30 11:41:05', '2024-09-30 14:09:00', 8766, 'Employee71', 'FactoryA', 'IN', 'Side', '6', 'IT', 'BSID', 'ML', '1')
[2025-03-30T11:41:05.173+0000] {logging_mixin.py:188} INFO - General error executing query: not all arguments converted during string formatting
[2025-03-30T11:41:05.177+0000] {inout_data.py:83} INFO - {'ingested_time': datetime.datetime(2025, 3, 30, 11, 41, 5, 177015), 'timestamp': datetime.datetime(2024, 9, 30, 14, 25, tzinfo=datetime.timezone.utc), 'emp_id': 4902, 'employee_name': 'Employee56', 'factory': 'FactoryA', 'in_out': 'OUT', 'entrance': 'Side', 'door_number': '10', 'function': 'IT', 'division': 'AAPD', 'department': 'CAPD', 'section': '2'}
[2025-03-30T11:41:05.180+0000] {inout_data.py:99} INFO - Query: INSERT INTO emp_inout_rec (ingested_time, timestamp, employee_id, employee_name, factory, in_out, entrance, door_number, function, division, department, section) VALUES (%s, %s, %s, %s, %s, %s, %s, %s, %s, %s, %s)
[2025-03-30T11:41:05.185+0000] {inout_data.py:100} INFO - Params: ('2025-03-30 11:41:05', '2024-09-30 14:25:00', 4902, 'Employee56', 'FactoryA', 'OUT', 'Side', '10', 'IT', 'AAPD', 'CAPD', '2')
[2025-03-30T11:41:05.189+0000] {logging_mixin.py:188} INFO - General error executing query: not all arguments converted during string formatting
[2025-03-30T11:41:05.202+0000] {inout_data.py:83} INFO - {'ingested_time': datetime.datetime(2025, 3, 30, 11, 41, 5, 202462), 'timestamp': datetime.datetime(2024, 9, 30, 14, 17, tzinfo=datetime.timezone.utc), 'emp_id': 8115, 'employee_name': 'Employee79', 'factory': 'FactoryB', 'in_out': 'OUT', 'entrance': 'Side', 'door_number': '6', 'function': 'IT', 'division': 'AAPD', 'department': 'CAPD', 'section': '1'}
[2025-03-30T11:41:05.210+0000] {inout_data.py:99} INFO - Query: INSERT INTO emp_inout_rec (ingested_time, timestamp, employee_id, employee_name, factory, in_out, entrance, door_number, function, division, department, section) VALUES (%s, %s, %s, %s, %s, %s, %s, %s, %s, %s, %s)
[2025-03-30T11:41:05.223+0000] {inout_data.py:100} INFO - Params: ('2025-03-30 11:41:05', '2024-09-30 14:17:00', 8115, 'Employee79', 'FactoryB', 'OUT', 'Side', '6', 'IT', 'AAPD', 'CAPD', '1')
[2025-03-30T11:41:05.233+0000] {logging_mixin.py:188} INFO - General error executing query: not all arguments converted during string formatting
[2025-03-30T11:41:05.237+0000] {inout_data.py:83} INFO - {'ingested_time': datetime.datetime(2025, 3, 30, 11, 41, 5, 237471), 'timestamp': datetime.datetime(2024, 9, 30, 14, 24, tzinfo=datetime.timezone.utc), 'emp_id': 1573, 'employee_name': 'Employee22', 'factory': 'FactoryB', 'in_out': 'IN', 'entrance': 'Side', 'door_number': '9', 'function': 'IT', 'division': 'AAPD', 'department': 'HRSD', 'section': '1'}
[2025-03-30T11:41:05.245+0000] {inout_data.py:99} INFO - Query: INSERT INTO emp_inout_rec (ingested_time, timestamp, employee_id, employee_name, factory, in_out, entrance, door_number, function, division, department, section) VALUES (%s, %s, %s, %s, %s, %s, %s, %s, %s, %s, %s)
[2025-03-30T11:41:05.246+0000] {inout_data.py:100} INFO - Params: ('2025-03-30 11:41:05', '2024-09-30 14:24:00', 1573, 'Employee22', 'FactoryB', 'IN', 'Side', '9', 'IT', 'AAPD', 'HRSD', '1')
[2025-03-30T11:41:05.254+0000] {logging_mixin.py:188} INFO - General error executing query: not all arguments converted during string formatting
[2025-03-30T11:41:05.263+0000] {inout_data.py:83} INFO - {'ingested_time': datetime.datetime(2025, 3, 30, 11, 41, 5, 263077), 'timestamp': datetime.datetime(2024, 9, 30, 14, 23, tzinfo=datetime.timezone.utc), 'emp_id': 1481, 'employee_name': 'Employee26', 'factory': 'FactoryB', 'in_out': 'OUT', 'entrance': 'Side', 'door_number': '2', 'function': 'IT', 'division': 'BSID', 'department': 'ML', 'section': '2'}
[2025-03-30T11:41:05.271+0000] {inout_data.py:99} INFO - Query: INSERT INTO emp_inout_rec (ingested_time, timestamp, employee_id, employee_name, factory, in_out, entrance, door_number, function, division, department, section) VALUES (%s, %s, %s, %s, %s, %s, %s, %s, %s, %s, %s)
[2025-03-30T11:41:05.283+0000] {inout_data.py:100} INFO - Params: ('2025-03-30 11:41:05', '2024-09-30 14:23:00', 1481, 'Employee26', 'FactoryB', 'OUT', 'Side', '2', 'IT', 'BSID', 'ML', '2')
[2025-03-30T11:41:05.287+0000] {logging_mixin.py:188} INFO - General error executing query: not all arguments converted during string formatting
[2025-03-30T11:41:05.294+0000] {inout_data.py:83} INFO - {'ingested_time': datetime.datetime(2025, 3, 30, 11, 41, 5, 294764), 'timestamp': datetime.datetime(2024, 9, 30, 14, 0, tzinfo=datetime.timezone.utc), 'emp_id': 8838, 'employee_name': 'Employee43', 'factory': 'FactoryB', 'in_out': 'OUT', 'entrance': 'Side', 'door_number': '3', 'function': 'IT', 'division': 'AAPD', 'department': 'HRSD', 'section': '1'}
[2025-03-30T11:41:05.296+0000] {inout_data.py:99} INFO - Query: INSERT INTO emp_inout_rec (ingested_time, timestamp, employee_id, employee_name, factory, in_out, entrance, door_number, function, division, department, section) VALUES (%s, %s, %s, %s, %s, %s, %s, %s, %s, %s, %s)
[2025-03-30T11:41:05.297+0000] {inout_data.py:100} INFO - Params: ('2025-03-30 11:41:05', '2024-09-30 14:00:00', 8838, 'Employee43', 'FactoryB', 'OUT', 'Side', '3', 'IT', 'AAPD', 'HRSD', '1')
[2025-03-30T11:41:05.300+0000] {logging_mixin.py:188} INFO - General error executing query: not all arguments converted during string formatting
[2025-03-30T11:41:05.302+0000] {inout_data.py:83} INFO - {'ingested_time': datetime.datetime(2025, 3, 30, 11, 41, 5, 302816), 'timestamp': datetime.datetime(2024, 9, 30, 14, 10, tzinfo=datetime.timezone.utc), 'emp_id': 2894, 'employee_name': 'Employee24', 'factory': 'FactoryA', 'in_out': 'OUT', 'entrance': 'Main', 'door_number': '4', 'function': 'IT', 'division': 'BSID', 'department': 'HRSD', 'section': '1'}
[2025-03-30T11:41:05.307+0000] {inout_data.py:99} INFO - Query: INSERT INTO emp_inout_rec (ingested_time, timestamp, employee_id, employee_name, factory, in_out, entrance, door_number, function, division, department, section) VALUES (%s, %s, %s, %s, %s, %s, %s, %s, %s, %s, %s)
[2025-03-30T11:41:05.312+0000] {inout_data.py:100} INFO - Params: ('2025-03-30 11:41:05', '2024-09-30 14:10:00', 2894, 'Employee24', 'FactoryA', 'OUT', 'Main', '4', 'IT', 'BSID', 'HRSD', '1')
[2025-03-30T11:41:05.314+0000] {logging_mixin.py:188} INFO - General error executing query: not all arguments converted during string formatting
[2025-03-30T11:41:05.316+0000] {inout_data.py:83} INFO - {'ingested_time': datetime.datetime(2025, 3, 30, 11, 41, 5, 316533), 'timestamp': datetime.datetime(2024, 9, 30, 14, 29, tzinfo=datetime.timezone.utc), 'emp_id': 3787, 'employee_name': 'Employee85', 'factory': 'FactoryA', 'in_out': 'OUT', 'entrance': 'Main', 'door_number': '2', 'function': 'IT', 'division': 'BSID', 'department': 'CAPD', 'section': '1'}
[2025-03-30T11:41:05.319+0000] {inout_data.py:99} INFO - Query: INSERT INTO emp_inout_rec (ingested_time, timestamp, employee_id, employee_name, factory, in_out, entrance, door_number, function, division, department, section) VALUES (%s, %s, %s, %s, %s, %s, %s, %s, %s, %s, %s)
[2025-03-30T11:41:05.323+0000] {inout_data.py:100} INFO - Params: ('2025-03-30 11:41:05', '2024-09-30 14:29:00', 3787, 'Employee85', 'FactoryA', 'OUT', 'Main', '2', 'IT', 'BSID', 'CAPD', '1')
[2025-03-30T11:41:05.324+0000] {logging_mixin.py:188} INFO - General error executing query: not all arguments converted during string formatting
[2025-03-30T11:41:05.325+0000] {inout_data.py:83} INFO - {'ingested_time': datetime.datetime(2025, 3, 30, 11, 41, 5, 325392), 'timestamp': datetime.datetime(2024, 9, 30, 14, 20, tzinfo=datetime.timezone.utc), 'emp_id': 4122, 'employee_name': 'Employee98', 'factory': 'FactoryB', 'in_out': 'IN', 'entrance': 'Main', 'door_number': '7', 'function': 'IT', 'division': 'AAPD', 'department': 'CAPD', 'section': '1'}
[2025-03-30T11:41:05.326+0000] {inout_data.py:99} INFO - Query: INSERT INTO emp_inout_rec (ingested_time, timestamp, employee_id, employee_name, factory, in_out, entrance, door_number, function, division, department, section) VALUES (%s, %s, %s, %s, %s, %s, %s, %s, %s, %s, %s)
[2025-03-30T11:41:05.326+0000] {inout_data.py:100} INFO - Params: ('2025-03-30 11:41:05', '2024-09-30 14:20:00', 4122, 'Employee98', 'FactoryB', 'IN', 'Main', '7', 'IT', 'AAPD', 'CAPD', '1')
[2025-03-30T11:41:05.328+0000] {logging_mixin.py:188} INFO - General error executing query: not all arguments converted during string formatting
[2025-03-30T11:41:05.331+0000] {inout_data.py:83} INFO - {'ingested_time': datetime.datetime(2025, 3, 30, 11, 41, 5, 331581), 'timestamp': datetime.datetime(2024, 9, 30, 14, 6, tzinfo=datetime.timezone.utc), 'emp_id': 2789, 'employee_name': 'Employee18', 'factory': 'FactoryA', 'in_out': 'IN', 'entrance': 'Main', 'door_number': '8', 'function': 'IT', 'division': 'BSID', 'department': 'CAPD', 'section': '1'}
[2025-03-30T11:41:05.334+0000] {inout_data.py:99} INFO - Query: INSERT INTO emp_inout_rec (ingested_time, timestamp, employee_id, employee_name, factory, in_out, entrance, door_number, function, division, department, section) VALUES (%s, %s, %s, %s, %s, %s, %s, %s, %s, %s, %s)
[2025-03-30T11:41:05.335+0000] {inout_data.py:100} INFO - Params: ('2025-03-30 11:41:05', '2024-09-30 14:06:00', 2789, 'Employee18', 'FactoryA', 'IN', 'Main', '8', 'IT', 'BSID', 'CAPD', '1')
[2025-03-30T11:41:05.336+0000] {logging_mixin.py:188} INFO - General error executing query: not all arguments converted during string formatting
[2025-03-30T11:41:05.338+0000] {inout_data.py:83} INFO - {'ingested_time': datetime.datetime(2025, 3, 30, 11, 41, 5, 337998), 'timestamp': datetime.datetime(2024, 9, 30, 14, 23, tzinfo=datetime.timezone.utc), 'emp_id': 5330, 'employee_name': 'Employee69', 'factory': 'FactoryA', 'in_out': 'OUT', 'entrance': 'Side', 'door_number': '9', 'function': 'IT', 'division': 'BSID', 'department': 'HRSD', 'section': '1'}
[2025-03-30T11:41:05.340+0000] {inout_data.py:99} INFO - Query: INSERT INTO emp_inout_rec (ingested_time, timestamp, employee_id, employee_name, factory, in_out, entrance, door_number, function, division, department, section) VALUES (%s, %s, %s, %s, %s, %s, %s, %s, %s, %s, %s)
[2025-03-30T11:41:05.341+0000] {inout_data.py:100} INFO - Params: ('2025-03-30 11:41:05', '2024-09-30 14:23:00', 5330, 'Employee69', 'FactoryA', 'OUT', 'Side', '9', 'IT', 'BSID', 'HRSD', '1')
[2025-03-30T11:41:05.342+0000] {logging_mixin.py:188} INFO - General error executing query: not all arguments converted during string formatting
[2025-03-30T11:41:05.343+0000] {inout_data.py:102} INFO - Ingested 17 rows of dummy data for 2024-09-30 14:00:00+00:00.
[2025-03-30T11:41:05.344+0000] {logging_mixin.py:188} INFO - MariaDB connection closed.
[2025-03-30T11:41:05.345+0000] {python.py:202} INFO - Done. Returned value was: None
[2025-03-30T11:41:05.380+0000] {taskinstance.py:1149} INFO - Marking task as SUCCESS. dag_id=inout_data_ingestion, task_id=ingest_dummy_data, execution_date=20240930T140000, start_date=20250330T114104, end_date=20250330T114105
[2025-03-30T11:41:05.450+0000] {local_task_job_runner.py:234} INFO - Task exited with return code 0
[2025-03-30T11:41:05.528+0000] {taskinstance.py:3309} INFO - 0 downstream tasks scheduled from follow-on schedule check
