[2025-03-30T11:13:48.740+0000] {taskinstance.py:1979} INFO - Dependencies all met for dep_context=non-requeueable deps ti=<TaskInstance: inout_data_ingestion.ingest_dummy_data scheduled__2024-10-08T06:00:00+00:00 [queued]>
[2025-03-30T11:13:48.747+0000] {taskinstance.py:1979} INFO - Dependencies all met for dep_context=requeueable deps ti=<TaskInstance: inout_data_ingestion.ingest_dummy_data scheduled__2024-10-08T06:00:00+00:00 [queued]>
[2025-03-30T11:13:48.748+0000] {taskinstance.py:2193} INFO - Starting attempt 1 of 2
[2025-03-30T11:13:48.759+0000] {taskinstance.py:2214} INFO - Executing <Task(PythonOperator): ingest_dummy_data> on 2024-10-08 06:00:00+00:00
[2025-03-30T11:13:48.765+0000] {standard_task_runner.py:60} INFO - Started process 1882 to run task
[2025-03-30T11:13:48.776+0000] {standard_task_runner.py:87} INFO - Running: ['***', 'tasks', 'run', 'inout_data_ingestion', 'ingest_dummy_data', 'scheduled__2024-10-08T06:00:00+00:00', '--job-id', '916', '--raw', '--subdir', 'DAGS_FOLDER/inout_data.py', '--cfg-path', '/tmp/tmpc_5l89oy']
[2025-03-30T11:13:48.778+0000] {standard_task_runner.py:88} INFO - Job 916: Subtask ingest_dummy_data
[2025-03-30T11:13:48.795+0000] {warnings.py:109} WARNING - /home/***/.local/lib/python3.8/site-packages/***/settings.py:194: DeprecationWarning: The sql_alchemy_conn option in [core] has been moved to the sql_alchemy_conn option in [database] - the old setting has been used, but please update your config.
  SQL_ALCHEMY_CONN = conf.get("database", "SQL_ALCHEMY_CONN")

[2025-03-30T11:13:48.828+0000] {task_command.py:423} INFO - Running <TaskInstance: inout_data_ingestion.ingest_dummy_data scheduled__2024-10-08T06:00:00+00:00 [running]> on host ff9d64b065e6
[2025-03-30T11:13:48.884+0000] {taskinstance.py:2510} INFO - Exporting env vars: AIRFLOW_CTX_DAG_OWNER='***' AIRFLOW_CTX_DAG_ID='inout_data_ingestion' AIRFLOW_CTX_TASK_ID='ingest_dummy_data' AIRFLOW_CTX_EXECUTION_DATE='2024-10-08T06:00:00+00:00' AIRFLOW_CTX_TRY_NUMBER='1' AIRFLOW_CTX_DAG_RUN_ID='scheduled__2024-10-08T06:00:00+00:00'
[2025-03-30T11:13:48.888+0000] {inout_data.py:42} INFO - Successfully connected to MariaDB: INOUT on mariadb:3306
[2025-03-30T11:13:48.890+0000] {inout_data.py:63} ERROR - Error executing query: (1062, "Duplicate entry '2025-03-30 11:13:48-9335' for key 'PRIMARY'")
[2025-03-30T11:13:48.890+0000] {inout_data.py:63} ERROR - Error executing query: (1062, "Duplicate entry '2025-03-30 11:13:48-9335' for key 'PRIMARY'")
[2025-03-30T11:13:48.890+0000] {inout_data.py:63} ERROR - Error executing query: (1062, "Duplicate entry '2025-03-30 11:13:48-9335' for key 'PRIMARY'")
[2025-03-30T11:13:48.891+0000] {inout_data.py:63} ERROR - Error executing query: (1062, "Duplicate entry '2025-03-30 11:13:48-9335' for key 'PRIMARY'")
[2025-03-30T11:13:48.891+0000] {inout_data.py:63} ERROR - Error executing query: (1062, "Duplicate entry '2025-03-30 11:13:48-9335' for key 'PRIMARY'")
[2025-03-30T11:13:48.891+0000] {inout_data.py:63} ERROR - Error executing query: (1062, "Duplicate entry '2025-03-30 11:13:48-9335' for key 'PRIMARY'")
[2025-03-30T11:13:48.892+0000] {inout_data.py:63} ERROR - Error executing query: (1062, "Duplicate entry '2025-03-30 11:13:48-9335' for key 'PRIMARY'")
[2025-03-30T11:13:48.892+0000] {inout_data.py:63} ERROR - Error executing query: (1062, "Duplicate entry '2025-03-30 11:13:48-9335' for key 'PRIMARY'")
[2025-03-30T11:13:48.892+0000] {inout_data.py:63} ERROR - Error executing query: (1062, "Duplicate entry '2025-03-30 11:13:48-9335' for key 'PRIMARY'")
[2025-03-30T11:13:48.893+0000] {inout_data.py:63} ERROR - Error executing query: (1062, "Duplicate entry '2025-03-30 11:13:48-9335' for key 'PRIMARY'")
[2025-03-30T11:13:48.893+0000] {inout_data.py:159} INFO - Ingested 11 rows of dummy data.
[2025-03-30T11:13:48.893+0000] {inout_data.py:78} INFO - MariaDB connection closed.
[2025-03-30T11:13:48.893+0000] {python.py:202} INFO - Done. Returned value was: None
[2025-03-30T11:13:48.899+0000] {taskinstance.py:1149} INFO - Marking task as SUCCESS. dag_id=inout_data_ingestion, task_id=ingest_dummy_data, execution_date=20241008T060000, start_date=20250330T111348, end_date=20250330T111348
[2025-03-30T11:13:48.915+0000] {local_task_job_runner.py:234} INFO - Task exited with return code 0
[2025-03-30T11:13:48.931+0000] {taskinstance.py:3309} INFO - 0 downstream tasks scheduled from follow-on schedule check
[2025-03-30T11:20:37.976+0000] {taskinstance.py:1979} INFO - Dependencies all met for dep_context=non-requeueable deps ti=<TaskInstance: inout_data_ingestion.ingest_dummy_data scheduled__2024-10-08T06:00:00+00:00 [queued]>
[2025-03-30T11:20:38.000+0000] {taskinstance.py:1979} INFO - Dependencies all met for dep_context=requeueable deps ti=<TaskInstance: inout_data_ingestion.ingest_dummy_data scheduled__2024-10-08T06:00:00+00:00 [queued]>
[2025-03-30T11:20:38.003+0000] {taskinstance.py:2193} INFO - Starting attempt 1 of 2
[2025-03-30T11:20:38.053+0000] {taskinstance.py:2214} INFO - Executing <Task(PythonOperator): ingest_dummy_data> on 2024-10-08 06:00:00+00:00
[2025-03-30T11:20:38.060+0000] {standard_task_runner.py:60} INFO - Started process 3742 to run task
[2025-03-30T11:20:38.067+0000] {standard_task_runner.py:87} INFO - Running: ['***', 'tasks', 'run', 'inout_data_ingestion', 'ingest_dummy_data', 'scheduled__2024-10-08T06:00:00+00:00', '--job-id', '1845', '--raw', '--subdir', 'DAGS_FOLDER/inout_data.py', '--cfg-path', '/tmp/tmps8gc3tv5']
[2025-03-30T11:20:38.070+0000] {standard_task_runner.py:88} INFO - Job 1845: Subtask ingest_dummy_data
[2025-03-30T11:20:38.101+0000] {warnings.py:109} WARNING - /home/***/.local/lib/python3.8/site-packages/***/settings.py:194: DeprecationWarning: The sql_alchemy_conn option in [core] has been moved to the sql_alchemy_conn option in [database] - the old setting has been used, but please update your config.
  SQL_ALCHEMY_CONN = conf.get("database", "SQL_ALCHEMY_CONN")

[2025-03-30T11:20:38.192+0000] {task_command.py:423} INFO - Running <TaskInstance: inout_data_ingestion.ingest_dummy_data scheduled__2024-10-08T06:00:00+00:00 [running]> on host ff9d64b065e6
[2025-03-30T11:20:38.326+0000] {taskinstance.py:2510} INFO - Exporting env vars: AIRFLOW_CTX_DAG_OWNER='***' AIRFLOW_CTX_DAG_ID='inout_data_ingestion' AIRFLOW_CTX_TASK_ID='ingest_dummy_data' AIRFLOW_CTX_EXECUTION_DATE='2024-10-08T06:00:00+00:00' AIRFLOW_CTX_TRY_NUMBER='1' AIRFLOW_CTX_DAG_RUN_ID='scheduled__2024-10-08T06:00:00+00:00'
[2025-03-30T11:20:38.344+0000] {inout_data.py:42} INFO - Successfully connected to MariaDB: INOUT on mariadb:3306
[2025-03-30T11:20:38.348+0000] {inout_data.py:63} ERROR - Error executing query: (1062, "Duplicate entry '2025-03-30 11:20:38-1722' for key 'PRIMARY'")
[2025-03-30T11:20:38.353+0000] {inout_data.py:63} ERROR - Error executing query: (1062, "Duplicate entry '2025-03-30 11:20:38-1722' for key 'PRIMARY'")
[2025-03-30T11:20:38.357+0000] {inout_data.py:63} ERROR - Error executing query: (1062, "Duplicate entry '2025-03-30 11:20:38-1722' for key 'PRIMARY'")
[2025-03-30T11:20:38.362+0000] {inout_data.py:63} ERROR - Error executing query: (1062, "Duplicate entry '2025-03-30 11:20:38-1722' for key 'PRIMARY'")
[2025-03-30T11:20:38.364+0000] {inout_data.py:63} ERROR - Error executing query: (1062, "Duplicate entry '2025-03-30 11:20:38-1722' for key 'PRIMARY'")
[2025-03-30T11:20:38.367+0000] {inout_data.py:63} ERROR - Error executing query: (1062, "Duplicate entry '2025-03-30 11:20:38-1722' for key 'PRIMARY'")
[2025-03-30T11:20:38.369+0000] {inout_data.py:63} ERROR - Error executing query: (1062, "Duplicate entry '2025-03-30 11:20:38-1722' for key 'PRIMARY'")
[2025-03-30T11:20:38.370+0000] {inout_data.py:63} ERROR - Error executing query: (1062, "Duplicate entry '2025-03-30 11:20:38-1722' for key 'PRIMARY'")
[2025-03-30T11:20:38.371+0000] {inout_data.py:63} ERROR - Error executing query: (1062, "Duplicate entry '2025-03-30 11:20:38-1722' for key 'PRIMARY'")
[2025-03-30T11:20:38.373+0000] {inout_data.py:63} ERROR - Error executing query: (1062, "Duplicate entry '2025-03-30 11:20:38-1722' for key 'PRIMARY'")
[2025-03-30T11:20:38.375+0000] {inout_data.py:63} ERROR - Error executing query: (1062, "Duplicate entry '2025-03-30 11:20:38-1722' for key 'PRIMARY'")
[2025-03-30T11:20:38.378+0000] {inout_data.py:63} ERROR - Error executing query: (1062, "Duplicate entry '2025-03-30 11:20:38-1722' for key 'PRIMARY'")
[2025-03-30T11:20:38.380+0000] {inout_data.py:63} ERROR - Error executing query: (1062, "Duplicate entry '2025-03-30 11:20:38-1722' for key 'PRIMARY'")
[2025-03-30T11:20:38.385+0000] {inout_data.py:63} ERROR - Error executing query: (1062, "Duplicate entry '2025-03-30 11:20:38-1722' for key 'PRIMARY'")
[2025-03-30T11:20:38.387+0000] {inout_data.py:63} ERROR - Error executing query: (1062, "Duplicate entry '2025-03-30 11:20:38-1722' for key 'PRIMARY'")
[2025-03-30T11:20:38.388+0000] {inout_data.py:63} ERROR - Error executing query: (1062, "Duplicate entry '2025-03-30 11:20:38-1722' for key 'PRIMARY'")
[2025-03-30T11:20:38.390+0000] {inout_data.py:63} ERROR - Error executing query: (1062, "Duplicate entry '2025-03-30 11:20:38-1722' for key 'PRIMARY'")
[2025-03-30T11:20:38.391+0000] {inout_data.py:152} INFO - Ingested 18 rows of dummy data.
[2025-03-30T11:20:38.392+0000] {inout_data.py:78} INFO - MariaDB connection closed.
[2025-03-30T11:20:38.394+0000] {python.py:202} INFO - Done. Returned value was: None
[2025-03-30T11:20:38.421+0000] {taskinstance.py:1149} INFO - Marking task as SUCCESS. dag_id=inout_data_ingestion, task_id=ingest_dummy_data, execution_date=20241008T060000, start_date=20250330T112037, end_date=20250330T112038
[2025-03-30T11:20:38.462+0000] {local_task_job_runner.py:234} INFO - Task exited with return code 0
[2025-03-30T11:20:38.496+0000] {taskinstance.py:3309} INFO - 0 downstream tasks scheduled from follow-on schedule check
