[2025-03-30T11:13:47.295+0000] {taskinstance.py:1979} INFO - Dependencies all met for dep_context=non-requeueable deps ti=<TaskInstance: inout_data_ingestion.ingest_dummy_data scheduled__2024-10-08T05:00:00+00:00 [queued]>
[2025-03-30T11:13:47.314+0000] {taskinstance.py:1979} INFO - Dependencies all met for dep_context=requeueable deps ti=<TaskInstance: inout_data_ingestion.ingest_dummy_data scheduled__2024-10-08T05:00:00+00:00 [queued]>
[2025-03-30T11:13:47.314+0000] {taskinstance.py:2193} INFO - Starting attempt 1 of 2
[2025-03-30T11:13:47.338+0000] {taskinstance.py:2214} INFO - Executing <Task(PythonOperator): ingest_dummy_data> on 2024-10-08 05:00:00+00:00
[2025-03-30T11:13:47.341+0000] {standard_task_runner.py:60} INFO - Started process 1876 to run task
[2025-03-30T11:13:47.345+0000] {standard_task_runner.py:87} INFO - Running: ['***', 'tasks', 'run', 'inout_data_ingestion', 'ingest_dummy_data', 'scheduled__2024-10-08T05:00:00+00:00', '--job-id', '913', '--raw', '--subdir', 'DAGS_FOLDER/inout_data.py', '--cfg-path', '/tmp/tmpw_jxslhi']
[2025-03-30T11:13:47.349+0000] {standard_task_runner.py:88} INFO - Job 913: Subtask ingest_dummy_data
[2025-03-30T11:13:47.366+0000] {warnings.py:109} WARNING - /home/***/.local/lib/python3.8/site-packages/***/settings.py:194: DeprecationWarning: The sql_alchemy_conn option in [core] has been moved to the sql_alchemy_conn option in [database] - the old setting has been used, but please update your config.
  SQL_ALCHEMY_CONN = conf.get("database", "SQL_ALCHEMY_CONN")

[2025-03-30T11:13:47.387+0000] {task_command.py:423} INFO - Running <TaskInstance: inout_data_ingestion.ingest_dummy_data scheduled__2024-10-08T05:00:00+00:00 [running]> on host ff9d64b065e6
[2025-03-30T11:13:47.433+0000] {taskinstance.py:2510} INFO - Exporting env vars: AIRFLOW_CTX_DAG_OWNER='***' AIRFLOW_CTX_DAG_ID='inout_data_ingestion' AIRFLOW_CTX_TASK_ID='ingest_dummy_data' AIRFLOW_CTX_EXECUTION_DATE='2024-10-08T05:00:00+00:00' AIRFLOW_CTX_TRY_NUMBER='1' AIRFLOW_CTX_DAG_RUN_ID='scheduled__2024-10-08T05:00:00+00:00'
[2025-03-30T11:13:47.435+0000] {inout_data.py:42} INFO - Successfully connected to MariaDB: INOUT on mariadb:3306
[2025-03-30T11:13:47.436+0000] {inout_data.py:63} ERROR - Error executing query: (1062, "Duplicate entry '2025-03-30 11:13:47-4219' for key 'PRIMARY'")
[2025-03-30T11:13:47.437+0000] {inout_data.py:63} ERROR - Error executing query: (1062, "Duplicate entry '2025-03-30 11:13:47-4219' for key 'PRIMARY'")
[2025-03-30T11:13:47.437+0000] {inout_data.py:63} ERROR - Error executing query: (1062, "Duplicate entry '2025-03-30 11:13:47-4219' for key 'PRIMARY'")
[2025-03-30T11:13:47.437+0000] {inout_data.py:63} ERROR - Error executing query: (1062, "Duplicate entry '2025-03-30 11:13:47-4219' for key 'PRIMARY'")
[2025-03-30T11:13:47.438+0000] {inout_data.py:63} ERROR - Error executing query: (1062, "Duplicate entry '2025-03-30 11:13:47-4219' for key 'PRIMARY'")
[2025-03-30T11:13:47.438+0000] {inout_data.py:63} ERROR - Error executing query: (1062, "Duplicate entry '2025-03-30 11:13:47-4219' for key 'PRIMARY'")
[2025-03-30T11:13:47.438+0000] {inout_data.py:63} ERROR - Error executing query: (1062, "Duplicate entry '2025-03-30 11:13:47-4219' for key 'PRIMARY'")
[2025-03-30T11:13:47.439+0000] {inout_data.py:63} ERROR - Error executing query: (1062, "Duplicate entry '2025-03-30 11:13:47-4219' for key 'PRIMARY'")
[2025-03-30T11:13:47.439+0000] {inout_data.py:63} ERROR - Error executing query: (1062, "Duplicate entry '2025-03-30 11:13:47-4219' for key 'PRIMARY'")
[2025-03-30T11:13:47.439+0000] {inout_data.py:63} ERROR - Error executing query: (1062, "Duplicate entry '2025-03-30 11:13:47-4219' for key 'PRIMARY'")
[2025-03-30T11:13:47.440+0000] {inout_data.py:63} ERROR - Error executing query: (1062, "Duplicate entry '2025-03-30 11:13:47-4219' for key 'PRIMARY'")
[2025-03-30T11:13:47.440+0000] {inout_data.py:63} ERROR - Error executing query: (1062, "Duplicate entry '2025-03-30 11:13:47-4219' for key 'PRIMARY'")
[2025-03-30T11:13:47.440+0000] {inout_data.py:63} ERROR - Error executing query: (1062, "Duplicate entry '2025-03-30 11:13:47-4219' for key 'PRIMARY'")
[2025-03-30T11:13:47.441+0000] {inout_data.py:63} ERROR - Error executing query: (1062, "Duplicate entry '2025-03-30 11:13:47-4219' for key 'PRIMARY'")
[2025-03-30T11:13:47.441+0000] {inout_data.py:63} ERROR - Error executing query: (1062, "Duplicate entry '2025-03-30 11:13:47-4219' for key 'PRIMARY'")
[2025-03-30T11:13:47.441+0000] {inout_data.py:63} ERROR - Error executing query: (1062, "Duplicate entry '2025-03-30 11:13:47-4219' for key 'PRIMARY'")
[2025-03-30T11:13:47.441+0000] {inout_data.py:63} ERROR - Error executing query: (1062, "Duplicate entry '2025-03-30 11:13:47-4219' for key 'PRIMARY'")
[2025-03-30T11:13:47.442+0000] {inout_data.py:63} ERROR - Error executing query: (1062, "Duplicate entry '2025-03-30 11:13:47-4219' for key 'PRIMARY'")
[2025-03-30T11:13:47.442+0000] {inout_data.py:159} INFO - Ingested 19 rows of dummy data.
[2025-03-30T11:13:47.442+0000] {inout_data.py:78} INFO - MariaDB connection closed.
[2025-03-30T11:13:47.442+0000] {python.py:202} INFO - Done. Returned value was: None
[2025-03-30T11:13:47.447+0000] {taskinstance.py:1149} INFO - Marking task as SUCCESS. dag_id=inout_data_ingestion, task_id=ingest_dummy_data, execution_date=20241008T050000, start_date=20250330T111347, end_date=20250330T111347
[2025-03-30T11:13:47.487+0000] {local_task_job_runner.py:234} INFO - Task exited with return code 0
[2025-03-30T11:13:47.502+0000] {taskinstance.py:3309} INFO - 0 downstream tasks scheduled from follow-on schedule check
[2025-03-30T11:20:36.113+0000] {taskinstance.py:1979} INFO - Dependencies all met for dep_context=non-requeueable deps ti=<TaskInstance: inout_data_ingestion.ingest_dummy_data scheduled__2024-10-08T05:00:00+00:00 [queued]>
[2025-03-30T11:20:36.170+0000] {taskinstance.py:1979} INFO - Dependencies all met for dep_context=requeueable deps ti=<TaskInstance: inout_data_ingestion.ingest_dummy_data scheduled__2024-10-08T05:00:00+00:00 [queued]>
[2025-03-30T11:20:36.176+0000] {taskinstance.py:2193} INFO - Starting attempt 1 of 2
[2025-03-30T11:20:36.226+0000] {taskinstance.py:2214} INFO - Executing <Task(PythonOperator): ingest_dummy_data> on 2024-10-08 05:00:00+00:00
[2025-03-30T11:20:36.245+0000] {standard_task_runner.py:60} INFO - Started process 3735 to run task
[2025-03-30T11:20:36.273+0000] {standard_task_runner.py:87} INFO - Running: ['***', 'tasks', 'run', 'inout_data_ingestion', 'ingest_dummy_data', 'scheduled__2024-10-08T05:00:00+00:00', '--job-id', '1843', '--raw', '--subdir', 'DAGS_FOLDER/inout_data.py', '--cfg-path', '/tmp/tmpphd1tmx7']
[2025-03-30T11:20:36.283+0000] {standard_task_runner.py:88} INFO - Job 1843: Subtask ingest_dummy_data
[2025-03-30T11:20:36.357+0000] {warnings.py:109} WARNING - /home/***/.local/lib/python3.8/site-packages/***/settings.py:194: DeprecationWarning: The sql_alchemy_conn option in [core] has been moved to the sql_alchemy_conn option in [database] - the old setting has been used, but please update your config.
  SQL_ALCHEMY_CONN = conf.get("database", "SQL_ALCHEMY_CONN")

[2025-03-30T11:20:37.188+0000] {task_command.py:423} INFO - Running <TaskInstance: inout_data_ingestion.ingest_dummy_data scheduled__2024-10-08T05:00:00+00:00 [running]> on host ff9d64b065e6
[2025-03-30T11:20:37.590+0000] {taskinstance.py:2510} INFO - Exporting env vars: AIRFLOW_CTX_DAG_OWNER='***' AIRFLOW_CTX_DAG_ID='inout_data_ingestion' AIRFLOW_CTX_TASK_ID='ingest_dummy_data' AIRFLOW_CTX_EXECUTION_DATE='2024-10-08T05:00:00+00:00' AIRFLOW_CTX_TRY_NUMBER='1' AIRFLOW_CTX_DAG_RUN_ID='scheduled__2024-10-08T05:00:00+00:00'
[2025-03-30T11:20:37.677+0000] {inout_data.py:42} INFO - Successfully connected to MariaDB: INOUT on mariadb:3306
[2025-03-30T11:20:37.706+0000] {inout_data.py:63} ERROR - Error executing query: (1062, "Duplicate entry '2025-03-30 11:20:37-3672' for key 'PRIMARY'")
[2025-03-30T11:20:37.711+0000] {inout_data.py:63} ERROR - Error executing query: (1062, "Duplicate entry '2025-03-30 11:20:37-3672' for key 'PRIMARY'")
[2025-03-30T11:20:37.711+0000] {inout_data.py:63} ERROR - Error executing query: (1062, "Duplicate entry '2025-03-30 11:20:37-3672' for key 'PRIMARY'")
[2025-03-30T11:20:37.713+0000] {inout_data.py:63} ERROR - Error executing query: (1062, "Duplicate entry '2025-03-30 11:20:37-3672' for key 'PRIMARY'")
[2025-03-30T11:20:37.717+0000] {inout_data.py:63} ERROR - Error executing query: (1062, "Duplicate entry '2025-03-30 11:20:37-3672' for key 'PRIMARY'")
[2025-03-30T11:20:37.721+0000] {inout_data.py:63} ERROR - Error executing query: (1062, "Duplicate entry '2025-03-30 11:20:37-3672' for key 'PRIMARY'")
[2025-03-30T11:20:37.726+0000] {inout_data.py:63} ERROR - Error executing query: (1062, "Duplicate entry '2025-03-30 11:20:37-3672' for key 'PRIMARY'")
[2025-03-30T11:20:37.727+0000] {inout_data.py:63} ERROR - Error executing query: (1062, "Duplicate entry '2025-03-30 11:20:37-3672' for key 'PRIMARY'")
[2025-03-30T11:20:37.728+0000] {inout_data.py:63} ERROR - Error executing query: (1062, "Duplicate entry '2025-03-30 11:20:37-3672' for key 'PRIMARY'")
[2025-03-30T11:20:37.729+0000] {inout_data.py:63} ERROR - Error executing query: (1062, "Duplicate entry '2025-03-30 11:20:37-3672' for key 'PRIMARY'")
[2025-03-30T11:20:37.729+0000] {inout_data.py:152} INFO - Ingested 11 rows of dummy data.
[2025-03-30T11:20:37.732+0000] {inout_data.py:78} INFO - MariaDB connection closed.
[2025-03-30T11:20:37.733+0000] {python.py:202} INFO - Done. Returned value was: None
[2025-03-30T11:20:37.777+0000] {taskinstance.py:1149} INFO - Marking task as SUCCESS. dag_id=inout_data_ingestion, task_id=ingest_dummy_data, execution_date=20241008T050000, start_date=20250330T112036, end_date=20250330T112037
[2025-03-30T11:20:37.846+0000] {local_task_job_runner.py:234} INFO - Task exited with return code 0
[2025-03-30T11:20:37.929+0000] {taskinstance.py:3309} INFO - 0 downstream tasks scheduled from follow-on schedule check
