[2025-03-30T11:08:53.842+0000] {taskinstance.py:1979} INFO - Dependencies all met for dep_context=non-requeueable deps ti=<TaskInstance: inout_data_ingestion.ingest_dummy_data scheduled__2024-09-29T09:00:00+00:00 [queued]>
[2025-03-30T11:08:53.852+0000] {taskinstance.py:1979} INFO - Dependencies all met for dep_context=requeueable deps ti=<TaskInstance: inout_data_ingestion.ingest_dummy_data scheduled__2024-09-29T09:00:00+00:00 [queued]>
[2025-03-30T11:08:53.853+0000] {taskinstance.py:2193} INFO - Starting attempt 1 of 2
[2025-03-30T11:08:53.870+0000] {taskinstance.py:2214} INFO - Executing <Task(PythonOperator): ingest_dummy_data> on 2024-09-29 09:00:00+00:00
[2025-03-30T11:08:53.874+0000] {standard_task_runner.py:60} INFO - Started process 180 to run task
[2025-03-30T11:08:53.890+0000] {standard_task_runner.py:87} INFO - Running: ['***', 'tasks', 'run', 'inout_data_ingestion', 'ingest_dummy_data', 'scheduled__2024-09-29T09:00:00+00:00', '--job-id', '64', '--raw', '--subdir', 'DAGS_FOLDER/inout_data.py', '--cfg-path', '/tmp/tmp265fjf1l']
[2025-03-30T11:08:53.892+0000] {standard_task_runner.py:88} INFO - Job 64: Subtask ingest_dummy_data
[2025-03-30T11:08:53.923+0000] {warnings.py:109} WARNING - /home/***/.local/lib/python3.8/site-packages/***/settings.py:194: DeprecationWarning: The sql_alchemy_conn option in [core] has been moved to the sql_alchemy_conn option in [database] - the old setting has been used, but please update your config.
  SQL_ALCHEMY_CONN = conf.get("database", "SQL_ALCHEMY_CONN")

[2025-03-30T11:08:53.970+0000] {task_command.py:423} INFO - Running <TaskInstance: inout_data_ingestion.ingest_dummy_data scheduled__2024-09-29T09:00:00+00:00 [running]> on host ff9d64b065e6
[2025-03-30T11:08:54.049+0000] {taskinstance.py:2510} INFO - Exporting env vars: AIRFLOW_CTX_DAG_OWNER='***' AIRFLOW_CTX_DAG_ID='inout_data_ingestion' AIRFLOW_CTX_TASK_ID='ingest_dummy_data' AIRFLOW_CTX_EXECUTION_DATE='2024-09-29T09:00:00+00:00' AIRFLOW_CTX_TRY_NUMBER='1' AIRFLOW_CTX_DAG_RUN_ID='scheduled__2024-09-29T09:00:00+00:00'
[2025-03-30T11:08:54.052+0000] {inout_data.py:42} INFO - Successfully connected to MariaDB: INOUT on mariadb:3306
[2025-03-30T11:08:54.055+0000] {inout_data.py:63} ERROR - Error executing query: (1062, "Duplicate entry '2025-03-30 11:08:54-7363' for key 'PRIMARY'")
[2025-03-30T11:08:54.056+0000] {inout_data.py:63} ERROR - Error executing query: (1062, "Duplicate entry '2025-03-30 11:08:54-7363' for key 'PRIMARY'")
[2025-03-30T11:08:54.057+0000] {inout_data.py:63} ERROR - Error executing query: (1062, "Duplicate entry '2025-03-30 11:08:54-7363' for key 'PRIMARY'")
[2025-03-30T11:08:54.058+0000] {inout_data.py:63} ERROR - Error executing query: (1062, "Duplicate entry '2025-03-30 11:08:54-7363' for key 'PRIMARY'")
[2025-03-30T11:08:54.059+0000] {inout_data.py:63} ERROR - Error executing query: (1062, "Duplicate entry '2025-03-30 11:08:54-7363' for key 'PRIMARY'")
[2025-03-30T11:08:54.060+0000] {inout_data.py:63} ERROR - Error executing query: (1062, "Duplicate entry '2025-03-30 11:08:54-7363' for key 'PRIMARY'")
[2025-03-30T11:08:54.061+0000] {inout_data.py:63} ERROR - Error executing query: (1062, "Duplicate entry '2025-03-30 11:08:54-7363' for key 'PRIMARY'")
[2025-03-30T11:08:54.064+0000] {inout_data.py:63} ERROR - Error executing query: (1062, "Duplicate entry '2025-03-30 11:08:54-7363' for key 'PRIMARY'")
[2025-03-30T11:08:54.064+0000] {inout_data.py:159} INFO - Ingested 9 rows of dummy data.
[2025-03-30T11:08:54.065+0000] {inout_data.py:78} INFO - MariaDB connection closed.
[2025-03-30T11:08:54.066+0000] {python.py:202} INFO - Done. Returned value was: None
[2025-03-30T11:08:54.081+0000] {taskinstance.py:1149} INFO - Marking task as SUCCESS. dag_id=inout_data_ingestion, task_id=ingest_dummy_data, execution_date=20240929T090000, start_date=20250330T110853, end_date=20250330T110854
[2025-03-30T11:08:54.111+0000] {local_task_job_runner.py:234} INFO - Task exited with return code 0
[2025-03-30T11:08:54.122+0000] {taskinstance.py:3309} INFO - 0 downstream tasks scheduled from follow-on schedule check
[2025-03-30T11:15:37.034+0000] {taskinstance.py:1979} INFO - Dependencies all met for dep_context=non-requeueable deps ti=<TaskInstance: inout_data_ingestion.ingest_dummy_data scheduled__2024-09-29T09:00:00+00:00 [queued]>
[2025-03-30T11:15:37.053+0000] {taskinstance.py:1979} INFO - Dependencies all met for dep_context=requeueable deps ti=<TaskInstance: inout_data_ingestion.ingest_dummy_data scheduled__2024-09-29T09:00:00+00:00 [queued]>
[2025-03-30T11:15:37.055+0000] {taskinstance.py:2193} INFO - Starting attempt 1 of 2
[2025-03-30T11:15:37.095+0000] {taskinstance.py:2214} INFO - Executing <Task(PythonOperator): ingest_dummy_data> on 2024-09-29 09:00:00+00:00
[2025-03-30T11:15:37.100+0000] {standard_task_runner.py:60} INFO - Started process 2037 to run task
[2025-03-30T11:15:37.105+0000] {standard_task_runner.py:87} INFO - Running: ['***', 'tasks', 'run', 'inout_data_ingestion', 'ingest_dummy_data', 'scheduled__2024-09-29T09:00:00+00:00', '--job-id', '992', '--raw', '--subdir', 'DAGS_FOLDER/inout_data.py', '--cfg-path', '/tmp/tmpa4k76rl1']
[2025-03-30T11:15:37.109+0000] {standard_task_runner.py:88} INFO - Job 992: Subtask ingest_dummy_data
[2025-03-30T11:15:37.139+0000] {warnings.py:109} WARNING - /home/***/.local/lib/python3.8/site-packages/***/settings.py:194: DeprecationWarning: The sql_alchemy_conn option in [core] has been moved to the sql_alchemy_conn option in [database] - the old setting has been used, but please update your config.
  SQL_ALCHEMY_CONN = conf.get("database", "SQL_ALCHEMY_CONN")

[2025-03-30T11:15:37.202+0000] {task_command.py:423} INFO - Running <TaskInstance: inout_data_ingestion.ingest_dummy_data scheduled__2024-09-29T09:00:00+00:00 [running]> on host ff9d64b065e6
[2025-03-30T11:15:37.443+0000] {taskinstance.py:2510} INFO - Exporting env vars: AIRFLOW_CTX_DAG_OWNER='***' AIRFLOW_CTX_DAG_ID='inout_data_ingestion' AIRFLOW_CTX_TASK_ID='ingest_dummy_data' AIRFLOW_CTX_EXECUTION_DATE='2024-09-29T09:00:00+00:00' AIRFLOW_CTX_TRY_NUMBER='1' AIRFLOW_CTX_DAG_RUN_ID='scheduled__2024-09-29T09:00:00+00:00'
[2025-03-30T11:15:37.455+0000] {inout_data.py:42} INFO - Successfully connected to MariaDB: INOUT on mariadb:3306
[2025-03-30T11:15:37.461+0000] {inout_data.py:63} ERROR - Error executing query: (1062, "Duplicate entry '2025-03-30 11:15:37-3760' for key 'PRIMARY'")
[2025-03-30T11:15:37.468+0000] {inout_data.py:63} ERROR - Error executing query: (1062, "Duplicate entry '2025-03-30 11:15:37-3760' for key 'PRIMARY'")
[2025-03-30T11:15:37.469+0000] {inout_data.py:63} ERROR - Error executing query: (1062, "Duplicate entry '2025-03-30 11:15:37-3760' for key 'PRIMARY'")
[2025-03-30T11:15:37.472+0000] {inout_data.py:63} ERROR - Error executing query: (1062, "Duplicate entry '2025-03-30 11:15:37-3760' for key 'PRIMARY'")
[2025-03-30T11:15:37.474+0000] {inout_data.py:63} ERROR - Error executing query: (1062, "Duplicate entry '2025-03-30 11:15:37-3760' for key 'PRIMARY'")
[2025-03-30T11:15:37.477+0000] {inout_data.py:63} ERROR - Error executing query: (1062, "Duplicate entry '2025-03-30 11:15:37-3760' for key 'PRIMARY'")
[2025-03-30T11:15:37.480+0000] {inout_data.py:63} ERROR - Error executing query: (1062, "Duplicate entry '2025-03-30 11:15:37-3760' for key 'PRIMARY'")
[2025-03-30T11:15:37.483+0000] {inout_data.py:63} ERROR - Error executing query: (1062, "Duplicate entry '2025-03-30 11:15:37-3760' for key 'PRIMARY'")
[2025-03-30T11:15:37.485+0000] {inout_data.py:63} ERROR - Error executing query: (1062, "Duplicate entry '2025-03-30 11:15:37-3760' for key 'PRIMARY'")
[2025-03-30T11:15:37.487+0000] {inout_data.py:152} INFO - Ingested 10 rows of dummy data.
[2025-03-30T11:15:37.489+0000] {inout_data.py:78} INFO - MariaDB connection closed.
[2025-03-30T11:15:37.489+0000] {python.py:202} INFO - Done. Returned value was: None
[2025-03-30T11:15:37.510+0000] {taskinstance.py:1149} INFO - Marking task as SUCCESS. dag_id=inout_data_ingestion, task_id=ingest_dummy_data, execution_date=20240929T090000, start_date=20250330T111537, end_date=20250330T111537
[2025-03-30T11:15:37.579+0000] {local_task_job_runner.py:234} INFO - Task exited with return code 0
[2025-03-30T11:15:37.613+0000] {taskinstance.py:3309} INFO - 0 downstream tasks scheduled from follow-on schedule check
[2025-03-30T11:28:08.821+0000] {taskinstance.py:1979} INFO - Dependencies all met for dep_context=non-requeueable deps ti=<TaskInstance: inout_data_ingestion.ingest_dummy_data scheduled__2024-09-29T09:00:00+00:00 [queued]>
[2025-03-30T11:28:08.830+0000] {taskinstance.py:1979} INFO - Dependencies all met for dep_context=requeueable deps ti=<TaskInstance: inout_data_ingestion.ingest_dummy_data scheduled__2024-09-29T09:00:00+00:00 [queued]>
[2025-03-30T11:28:08.832+0000] {taskinstance.py:2193} INFO - Starting attempt 1 of 2
[2025-03-30T11:28:08.844+0000] {taskinstance.py:2214} INFO - Executing <Task(PythonOperator): ingest_dummy_data> on 2024-09-29 09:00:00+00:00
[2025-03-30T11:28:08.847+0000] {standard_task_runner.py:60} INFO - Started process 3946 to run task
[2025-03-30T11:28:08.853+0000] {standard_task_runner.py:87} INFO - Running: ['***', 'tasks', 'run', 'inout_data_ingestion', 'ingest_dummy_data', 'scheduled__2024-09-29T09:00:00+00:00', '--job-id', '1948', '--raw', '--subdir', 'DAGS_FOLDER/inout_data.py', '--cfg-path', '/tmp/tmp1vrd08pg']
[2025-03-30T11:28:08.854+0000] {standard_task_runner.py:88} INFO - Job 1948: Subtask ingest_dummy_data
[2025-03-30T11:28:08.862+0000] {warnings.py:109} WARNING - /home/***/.local/lib/python3.8/site-packages/***/settings.py:194: DeprecationWarning: The sql_alchemy_conn option in [core] has been moved to the sql_alchemy_conn option in [database] - the old setting has been used, but please update your config.
  SQL_ALCHEMY_CONN = conf.get("database", "SQL_ALCHEMY_CONN")

[2025-03-30T11:28:08.884+0000] {task_command.py:423} INFO - Running <TaskInstance: inout_data_ingestion.ingest_dummy_data scheduled__2024-09-29T09:00:00+00:00 [running]> on host ff9d64b065e6
[2025-03-30T11:28:09.003+0000] {taskinstance.py:2510} INFO - Exporting env vars: AIRFLOW_CTX_DAG_OWNER='***' AIRFLOW_CTX_DAG_ID='inout_data_ingestion' AIRFLOW_CTX_TASK_ID='ingest_dummy_data' AIRFLOW_CTX_EXECUTION_DATE='2024-09-29T09:00:00+00:00' AIRFLOW_CTX_TRY_NUMBER='1' AIRFLOW_CTX_DAG_RUN_ID='scheduled__2024-09-29T09:00:00+00:00'
[2025-03-30T11:28:09.017+0000] {logging_mixin.py:188} INFO - Successfully connected to MariaDB: INOUT on mariadb:3306
[2025-03-30T11:28:09.019+0000] {logging_mixin.py:188} INFO - General error executing query: not all arguments converted during string formatting
[2025-03-30T11:28:09.019+0000] {logging_mixin.py:188} INFO - General error executing query: not all arguments converted during string formatting
[2025-03-30T11:28:09.020+0000] {logging_mixin.py:188} INFO - General error executing query: not all arguments converted during string formatting
[2025-03-30T11:28:09.020+0000] {logging_mixin.py:188} INFO - General error executing query: not all arguments converted during string formatting
[2025-03-30T11:28:09.021+0000] {logging_mixin.py:188} INFO - General error executing query: not all arguments converted during string formatting
[2025-03-30T11:28:09.021+0000] {logging_mixin.py:188} INFO - General error executing query: not all arguments converted during string formatting
[2025-03-30T11:28:09.021+0000] {logging_mixin.py:188} INFO - General error executing query: not all arguments converted during string formatting
[2025-03-30T11:28:09.021+0000] {logging_mixin.py:188} INFO - General error executing query: not all arguments converted during string formatting
[2025-03-30T11:28:09.022+0000] {logging_mixin.py:188} INFO - General error executing query: not all arguments converted during string formatting
[2025-03-30T11:28:09.022+0000] {logging_mixin.py:188} INFO - General error executing query: not all arguments converted during string formatting
[2025-03-30T11:28:09.023+0000] {logging_mixin.py:188} INFO - General error executing query: not all arguments converted during string formatting
[2025-03-30T11:28:09.024+0000] {logging_mixin.py:188} INFO - General error executing query: not all arguments converted during string formatting
[2025-03-30T11:28:09.025+0000] {inout_data.py:87} INFO - Ingested 12 rows of dummy data for 2024-09-29 09:00:00+00:00.
[2025-03-30T11:28:09.026+0000] {logging_mixin.py:188} INFO - MariaDB connection closed.
[2025-03-30T11:28:09.026+0000] {python.py:202} INFO - Done. Returned value was: None
[2025-03-30T11:28:09.035+0000] {taskinstance.py:1149} INFO - Marking task as SUCCESS. dag_id=inout_data_ingestion, task_id=ingest_dummy_data, execution_date=20240929T090000, start_date=20250330T112808, end_date=20250330T112809
[2025-03-30T11:28:09.072+0000] {local_task_job_runner.py:234} INFO - Task exited with return code 0
[2025-03-30T11:28:09.089+0000] {taskinstance.py:3309} INFO - 0 downstream tasks scheduled from follow-on schedule check
[2025-03-30T11:32:49.822+0000] {taskinstance.py:1979} INFO - Dependencies all met for dep_context=non-requeueable deps ti=<TaskInstance: inout_data_ingestion.ingest_dummy_data scheduled__2024-09-29T09:00:00+00:00 [queued]>
[2025-03-30T11:32:49.832+0000] {taskinstance.py:1979} INFO - Dependencies all met for dep_context=requeueable deps ti=<TaskInstance: inout_data_ingestion.ingest_dummy_data scheduled__2024-09-29T09:00:00+00:00 [queued]>
[2025-03-30T11:32:49.834+0000] {taskinstance.py:2193} INFO - Starting attempt 1 of 2
[2025-03-30T11:32:49.842+0000] {taskinstance.py:2214} INFO - Executing <Task(PythonOperator): ingest_dummy_data> on 2024-09-29 09:00:00+00:00
[2025-03-30T11:32:49.845+0000] {standard_task_runner.py:60} INFO - Started process 5403 to run task
[2025-03-30T11:32:49.849+0000] {standard_task_runner.py:87} INFO - Running: ['***', 'tasks', 'run', 'inout_data_ingestion', 'ingest_dummy_data', 'scheduled__2024-09-29T09:00:00+00:00', '--job-id', '2677', '--raw', '--subdir', 'DAGS_FOLDER/inout_data.py', '--cfg-path', '/tmp/tmp6h0ckt5_']
[2025-03-30T11:32:49.850+0000] {standard_task_runner.py:88} INFO - Job 2677: Subtask ingest_dummy_data
[2025-03-30T11:32:49.857+0000] {warnings.py:109} WARNING - /home/***/.local/lib/python3.8/site-packages/***/settings.py:194: DeprecationWarning: The sql_alchemy_conn option in [core] has been moved to the sql_alchemy_conn option in [database] - the old setting has been used, but please update your config.
  SQL_ALCHEMY_CONN = conf.get("database", "SQL_ALCHEMY_CONN")

[2025-03-30T11:32:49.876+0000] {task_command.py:423} INFO - Running <TaskInstance: inout_data_ingestion.ingest_dummy_data scheduled__2024-09-29T09:00:00+00:00 [running]> on host ff9d64b065e6
[2025-03-30T11:32:49.920+0000] {taskinstance.py:2510} INFO - Exporting env vars: AIRFLOW_CTX_DAG_OWNER='***' AIRFLOW_CTX_DAG_ID='inout_data_ingestion' AIRFLOW_CTX_TASK_ID='ingest_dummy_data' AIRFLOW_CTX_EXECUTION_DATE='2024-09-29T09:00:00+00:00' AIRFLOW_CTX_TRY_NUMBER='1' AIRFLOW_CTX_DAG_RUN_ID='scheduled__2024-09-29T09:00:00+00:00'
[2025-03-30T11:32:49.922+0000] {logging_mixin.py:188} INFO - Successfully connected to MariaDB: INOUT on mariadb:3306
[2025-03-30T11:32:49.923+0000] {inout_data.py:83} INFO - {'ingested_time': datetime.datetime(2025, 3, 30, 11, 32, 49, 922980), 'timestamp': datetime.datetime(2024, 9, 29, 9, 9, tzinfo=datetime.timezone.utc), 'emp_id': 4955, 'employee_name': 'Employee26', 'factory': 'FactoryA', 'in_out': 'OUT', 'entrance': 'Side', 'door_number': '3', 'function': 'IT', 'division': 'BSID', 'department': 'ML', 'section': '1'}
[2025-03-30T11:32:49.923+0000] {logging_mixin.py:188} INFO - General error executing query: not all arguments converted during string formatting
[2025-03-30T11:32:49.923+0000] {inout_data.py:83} INFO - {'ingested_time': datetime.datetime(2025, 3, 30, 11, 32, 49, 923477), 'timestamp': datetime.datetime(2024, 9, 29, 9, 14, tzinfo=datetime.timezone.utc), 'emp_id': 2892, 'employee_name': 'Employee97', 'factory': 'FactoryB', 'in_out': 'IN', 'entrance': 'Main', 'door_number': '5', 'function': 'IT', 'division': 'AAPD', 'department': 'CAPD', 'section': '1'}
[2025-03-30T11:32:49.923+0000] {logging_mixin.py:188} INFO - General error executing query: not all arguments converted during string formatting
[2025-03-30T11:32:49.923+0000] {inout_data.py:83} INFO - {'ingested_time': datetime.datetime(2025, 3, 30, 11, 32, 49, 923795), 'timestamp': datetime.datetime(2024, 9, 29, 9, 15, tzinfo=datetime.timezone.utc), 'emp_id': 1678, 'employee_name': 'Employee33', 'factory': 'FactoryA', 'in_out': 'IN', 'entrance': 'Side', 'door_number': '3', 'function': 'IT', 'division': 'BSID', 'department': 'HRSD', 'section': '2'}
[2025-03-30T11:32:49.924+0000] {logging_mixin.py:188} INFO - General error executing query: not all arguments converted during string formatting
[2025-03-30T11:32:49.924+0000] {inout_data.py:83} INFO - {'ingested_time': datetime.datetime(2025, 3, 30, 11, 32, 49, 924182), 'timestamp': datetime.datetime(2024, 9, 29, 9, 23, tzinfo=datetime.timezone.utc), 'emp_id': 6490, 'employee_name': 'Employee9', 'factory': 'FactoryA', 'in_out': 'OUT', 'entrance': 'Main', 'door_number': '2', 'function': 'IT', 'division': 'BSID', 'department': 'HRSD', 'section': '1'}
[2025-03-30T11:32:49.924+0000] {logging_mixin.py:188} INFO - General error executing query: not all arguments converted during string formatting
[2025-03-30T11:32:49.924+0000] {inout_data.py:83} INFO - {'ingested_time': datetime.datetime(2025, 3, 30, 11, 32, 49, 924593), 'timestamp': datetime.datetime(2024, 9, 29, 9, 25, tzinfo=datetime.timezone.utc), 'emp_id': 1467, 'employee_name': 'Employee60', 'factory': 'FactoryB', 'in_out': 'IN', 'entrance': 'Side', 'door_number': '1', 'function': 'IT', 'division': 'AAPD', 'department': 'ML', 'section': '1'}
[2025-03-30T11:32:49.924+0000] {logging_mixin.py:188} INFO - General error executing query: not all arguments converted during string formatting
[2025-03-30T11:32:49.924+0000] {inout_data.py:83} INFO - {'ingested_time': datetime.datetime(2025, 3, 30, 11, 32, 49, 924937), 'timestamp': datetime.datetime(2024, 9, 29, 9, 5, tzinfo=datetime.timezone.utc), 'emp_id': 3615, 'employee_name': 'Employee7', 'factory': 'FactoryB', 'in_out': 'IN', 'entrance': 'Main', 'door_number': '7', 'function': 'IT', 'division': 'BSID', 'department': 'HRSD', 'section': '1'}
[2025-03-30T11:32:49.925+0000] {logging_mixin.py:188} INFO - General error executing query: not all arguments converted during string formatting
[2025-03-30T11:32:49.925+0000] {inout_data.py:83} INFO - {'ingested_time': datetime.datetime(2025, 3, 30, 11, 32, 49, 925331), 'timestamp': datetime.datetime(2024, 9, 29, 9, 22, tzinfo=datetime.timezone.utc), 'emp_id': 3168, 'employee_name': 'Employee20', 'factory': 'FactoryA', 'in_out': 'IN', 'entrance': 'Side', 'door_number': '2', 'function': 'IT', 'division': 'AAPD', 'department': 'ML', 'section': '2'}
[2025-03-30T11:32:49.925+0000] {logging_mixin.py:188} INFO - General error executing query: not all arguments converted during string formatting
[2025-03-30T11:32:49.925+0000] {inout_data.py:83} INFO - {'ingested_time': datetime.datetime(2025, 3, 30, 11, 32, 49, 925635), 'timestamp': datetime.datetime(2024, 9, 29, 9, 27, tzinfo=datetime.timezone.utc), 'emp_id': 9613, 'employee_name': 'Employee15', 'factory': 'FactoryA', 'in_out': 'IN', 'entrance': 'Side', 'door_number': '10', 'function': 'IT', 'division': 'BSID', 'department': 'HRSD', 'section': '1'}
[2025-03-30T11:32:49.925+0000] {logging_mixin.py:188} INFO - General error executing query: not all arguments converted during string formatting
[2025-03-30T11:32:49.925+0000] {inout_data.py:83} INFO - {'ingested_time': datetime.datetime(2025, 3, 30, 11, 32, 49, 925911), 'timestamp': datetime.datetime(2024, 9, 29, 9, 19, tzinfo=datetime.timezone.utc), 'emp_id': 5790, 'employee_name': 'Employee57', 'factory': 'FactoryA', 'in_out': 'OUT', 'entrance': 'Main', 'door_number': '4', 'function': 'IT', 'division': 'AAPD', 'department': 'ML', 'section': '2'}
[2025-03-30T11:32:49.926+0000] {logging_mixin.py:188} INFO - General error executing query: not all arguments converted during string formatting
[2025-03-30T11:32:49.926+0000] {inout_data.py:83} INFO - {'ingested_time': datetime.datetime(2025, 3, 30, 11, 32, 49, 926181), 'timestamp': datetime.datetime(2024, 9, 29, 9, 6, tzinfo=datetime.timezone.utc), 'emp_id': 5263, 'employee_name': 'Employee58', 'factory': 'FactoryA', 'in_out': 'IN', 'entrance': 'Main', 'door_number': '9', 'function': 'IT', 'division': 'AAPD', 'department': 'CAPD', 'section': '2'}
[2025-03-30T11:32:49.926+0000] {logging_mixin.py:188} INFO - General error executing query: not all arguments converted during string formatting
[2025-03-30T11:32:49.926+0000] {inout_data.py:83} INFO - {'ingested_time': datetime.datetime(2025, 3, 30, 11, 32, 49, 926491), 'timestamp': datetime.datetime(2024, 9, 29, 9, 17, tzinfo=datetime.timezone.utc), 'emp_id': 2213, 'employee_name': 'Employee67', 'factory': 'FactoryA', 'in_out': 'OUT', 'entrance': 'Main', 'door_number': '6', 'function': 'IT', 'division': 'AAPD', 'department': 'CAPD', 'section': '1'}
[2025-03-30T11:32:49.926+0000] {logging_mixin.py:188} INFO - General error executing query: not all arguments converted during string formatting
[2025-03-30T11:32:49.926+0000] {inout_data.py:83} INFO - {'ingested_time': datetime.datetime(2025, 3, 30, 11, 32, 49, 926752), 'timestamp': datetime.datetime(2024, 9, 29, 9, 14, tzinfo=datetime.timezone.utc), 'emp_id': 1297, 'employee_name': 'Employee6', 'factory': 'FactoryA', 'in_out': 'IN', 'entrance': 'Main', 'door_number': '10', 'function': 'IT', 'division': 'BSID', 'department': 'ML', 'section': '1'}
[2025-03-30T11:32:49.926+0000] {logging_mixin.py:188} INFO - General error executing query: not all arguments converted during string formatting
[2025-03-30T11:32:49.927+0000] {inout_data.py:88} INFO - Ingested 12 rows of dummy data for 2024-09-29 09:00:00+00:00.
[2025-03-30T11:32:49.927+0000] {logging_mixin.py:188} INFO - MariaDB connection closed.
[2025-03-30T11:32:49.927+0000] {python.py:202} INFO - Done. Returned value was: None
[2025-03-30T11:32:49.933+0000] {taskinstance.py:1149} INFO - Marking task as SUCCESS. dag_id=inout_data_ingestion, task_id=ingest_dummy_data, execution_date=20240929T090000, start_date=20250330T113249, end_date=20250330T113249
[2025-03-30T11:32:49.951+0000] {local_task_job_runner.py:234} INFO - Task exited with return code 0
[2025-03-30T11:32:49.960+0000] {taskinstance.py:3309} INFO - 0 downstream tasks scheduled from follow-on schedule check
[2025-03-30T11:38:15.807+0000] {taskinstance.py:1979} INFO - Dependencies all met for dep_context=non-requeueable deps ti=<TaskInstance: inout_data_ingestion.ingest_dummy_data scheduled__2024-09-29T09:00:00+00:00 [queued]>
[2025-03-30T11:38:15.817+0000] {taskinstance.py:1979} INFO - Dependencies all met for dep_context=requeueable deps ti=<TaskInstance: inout_data_ingestion.ingest_dummy_data scheduled__2024-09-29T09:00:00+00:00 [queued]>
[2025-03-30T11:38:15.818+0000] {taskinstance.py:2193} INFO - Starting attempt 1 of 2
[2025-03-30T11:38:15.831+0000] {taskinstance.py:2214} INFO - Executing <Task(PythonOperator): ingest_dummy_data> on 2024-09-29 09:00:00+00:00
[2025-03-30T11:38:15.836+0000] {standard_task_runner.py:60} INFO - Started process 6309 to run task
[2025-03-30T11:38:15.839+0000] {standard_task_runner.py:87} INFO - Running: ['***', 'tasks', 'run', 'inout_data_ingestion', 'ingest_dummy_data', 'scheduled__2024-09-29T09:00:00+00:00', '--job-id', '3130', '--raw', '--subdir', 'DAGS_FOLDER/inout_data.py', '--cfg-path', '/tmp/tmpvj7u9jlo']
[2025-03-30T11:38:15.840+0000] {standard_task_runner.py:88} INFO - Job 3130: Subtask ingest_dummy_data
[2025-03-30T11:38:15.846+0000] {warnings.py:109} WARNING - /home/***/.local/lib/python3.8/site-packages/***/settings.py:194: DeprecationWarning: The sql_alchemy_conn option in [core] has been moved to the sql_alchemy_conn option in [database] - the old setting has been used, but please update your config.
  SQL_ALCHEMY_CONN = conf.get("database", "SQL_ALCHEMY_CONN")

[2025-03-30T11:38:15.863+0000] {task_command.py:423} INFO - Running <TaskInstance: inout_data_ingestion.ingest_dummy_data scheduled__2024-09-29T09:00:00+00:00 [running]> on host ff9d64b065e6
[2025-03-30T11:38:15.914+0000] {taskinstance.py:2510} INFO - Exporting env vars: AIRFLOW_CTX_DAG_OWNER='***' AIRFLOW_CTX_DAG_ID='inout_data_ingestion' AIRFLOW_CTX_TASK_ID='ingest_dummy_data' AIRFLOW_CTX_EXECUTION_DATE='2024-09-29T09:00:00+00:00' AIRFLOW_CTX_TRY_NUMBER='1' AIRFLOW_CTX_DAG_RUN_ID='scheduled__2024-09-29T09:00:00+00:00'
[2025-03-30T11:38:15.917+0000] {logging_mixin.py:188} INFO - Successfully connected to MariaDB: INOUT on mariadb:3306
[2025-03-30T11:38:15.918+0000] {inout_data.py:83} INFO - {'ingested_time': datetime.datetime(2025, 3, 30, 11, 38, 15, 918085), 'timestamp': datetime.datetime(2024, 9, 29, 9, 0, tzinfo=datetime.timezone.utc), 'emp_id': 4024, 'employee_name': 'Employee100', 'factory': 'FactoryA', 'in_out': 'IN', 'entrance': 'Side', 'door_number': '4', 'function': 'IT', 'division': 'AAPD', 'department': 'HRSD', 'section': '1'}
[2025-03-30T11:38:15.918+0000] {logging_mixin.py:188} INFO - General error executing query: not all arguments converted during string formatting
[2025-03-30T11:38:15.918+0000] {inout_data.py:83} INFO - {'ingested_time': datetime.datetime(2025, 3, 30, 11, 38, 15, 918794), 'timestamp': datetime.datetime(2024, 9, 29, 9, 27, tzinfo=datetime.timezone.utc), 'emp_id': 8929, 'employee_name': 'Employee26', 'factory': 'FactoryA', 'in_out': 'OUT', 'entrance': 'Main', 'door_number': '10', 'function': 'IT', 'division': 'BSID', 'department': 'ML', 'section': '1'}
[2025-03-30T11:38:15.919+0000] {logging_mixin.py:188} INFO - General error executing query: not all arguments converted during string formatting
[2025-03-30T11:38:15.919+0000] {inout_data.py:83} INFO - {'ingested_time': datetime.datetime(2025, 3, 30, 11, 38, 15, 919818), 'timestamp': datetime.datetime(2024, 9, 29, 9, 16, tzinfo=datetime.timezone.utc), 'emp_id': 9624, 'employee_name': 'Employee77', 'factory': 'FactoryA', 'in_out': 'IN', 'entrance': 'Side', 'door_number': '3', 'function': 'IT', 'division': 'BSID', 'department': 'CAPD', 'section': '1'}
[2025-03-30T11:38:15.920+0000] {logging_mixin.py:188} INFO - General error executing query: not all arguments converted during string formatting
[2025-03-30T11:38:15.921+0000] {inout_data.py:83} INFO - {'ingested_time': datetime.datetime(2025, 3, 30, 11, 38, 15, 921198), 'timestamp': datetime.datetime(2024, 9, 29, 9, 14, tzinfo=datetime.timezone.utc), 'emp_id': 5145, 'employee_name': 'Employee43', 'factory': 'FactoryB', 'in_out': 'IN', 'entrance': 'Side', 'door_number': '1', 'function': 'IT', 'division': 'BSID', 'department': 'CAPD', 'section': '2'}
[2025-03-30T11:38:15.921+0000] {logging_mixin.py:188} INFO - General error executing query: not all arguments converted during string formatting
[2025-03-30T11:38:15.922+0000] {inout_data.py:83} INFO - {'ingested_time': datetime.datetime(2025, 3, 30, 11, 38, 15, 922088), 'timestamp': datetime.datetime(2024, 9, 29, 9, 5, tzinfo=datetime.timezone.utc), 'emp_id': 6736, 'employee_name': 'Employee52', 'factory': 'FactoryB', 'in_out': 'IN', 'entrance': 'Main', 'door_number': '6', 'function': 'IT', 'division': 'AAPD', 'department': 'HRSD', 'section': '1'}
[2025-03-30T11:38:15.922+0000] {logging_mixin.py:188} INFO - General error executing query: not all arguments converted during string formatting
[2025-03-30T11:38:15.922+0000] {inout_data.py:83} INFO - {'ingested_time': datetime.datetime(2025, 3, 30, 11, 38, 15, 922517), 'timestamp': datetime.datetime(2024, 9, 29, 9, 4, tzinfo=datetime.timezone.utc), 'emp_id': 9699, 'employee_name': 'Employee90', 'factory': 'FactoryB', 'in_out': 'OUT', 'entrance': 'Side', 'door_number': '5', 'function': 'IT', 'division': 'AAPD', 'department': 'HRSD', 'section': '1'}
[2025-03-30T11:38:15.922+0000] {logging_mixin.py:188} INFO - General error executing query: not all arguments converted during string formatting
[2025-03-30T11:38:15.922+0000] {inout_data.py:83} INFO - {'ingested_time': datetime.datetime(2025, 3, 30, 11, 38, 15, 922919), 'timestamp': datetime.datetime(2024, 9, 29, 9, 22, tzinfo=datetime.timezone.utc), 'emp_id': 9341, 'employee_name': 'Employee93', 'factory': 'FactoryB', 'in_out': 'OUT', 'entrance': 'Side', 'door_number': '1', 'function': 'IT', 'division': 'AAPD', 'department': 'CAPD', 'section': '1'}
[2025-03-30T11:38:15.923+0000] {logging_mixin.py:188} INFO - General error executing query: not all arguments converted during string formatting
[2025-03-30T11:38:15.923+0000] {inout_data.py:83} INFO - {'ingested_time': datetime.datetime(2025, 3, 30, 11, 38, 15, 923288), 'timestamp': datetime.datetime(2024, 9, 29, 9, 5, tzinfo=datetime.timezone.utc), 'emp_id': 1861, 'employee_name': 'Employee1', 'factory': 'FactoryA', 'in_out': 'OUT', 'entrance': 'Side', 'door_number': '2', 'function': 'IT', 'division': 'BSID', 'department': 'HRSD', 'section': '1'}
[2025-03-30T11:38:15.923+0000] {logging_mixin.py:188} INFO - General error executing query: not all arguments converted during string formatting
[2025-03-30T11:38:15.923+0000] {inout_data.py:83} INFO - {'ingested_time': datetime.datetime(2025, 3, 30, 11, 38, 15, 923724), 'timestamp': datetime.datetime(2024, 9, 29, 9, 3, tzinfo=datetime.timezone.utc), 'emp_id': 2949, 'employee_name': 'Employee6', 'factory': 'FactoryB', 'in_out': 'IN', 'entrance': 'Main', 'door_number': '9', 'function': 'IT', 'division': 'AAPD', 'department': 'HRSD', 'section': '1'}
[2025-03-30T11:38:15.923+0000] {logging_mixin.py:188} INFO - General error executing query: not all arguments converted during string formatting
[2025-03-30T11:38:15.924+0000] {inout_data.py:83} INFO - {'ingested_time': datetime.datetime(2025, 3, 30, 11, 38, 15, 924114), 'timestamp': datetime.datetime(2024, 9, 29, 9, 1, tzinfo=datetime.timezone.utc), 'emp_id': 6244, 'employee_name': 'Employee53', 'factory': 'FactoryA', 'in_out': 'OUT', 'entrance': 'Side', 'door_number': '1', 'function': 'IT', 'division': 'AAPD', 'department': 'CAPD', 'section': '1'}
[2025-03-30T11:38:15.924+0000] {logging_mixin.py:188} INFO - General error executing query: not all arguments converted during string formatting
[2025-03-30T11:38:15.924+0000] {inout_data.py:83} INFO - {'ingested_time': datetime.datetime(2025, 3, 30, 11, 38, 15, 924490), 'timestamp': datetime.datetime(2024, 9, 29, 9, 27, tzinfo=datetime.timezone.utc), 'emp_id': 2267, 'employee_name': 'Employee75', 'factory': 'FactoryB', 'in_out': 'IN', 'entrance': 'Side', 'door_number': '1', 'function': 'IT', 'division': 'BSID', 'department': 'CAPD', 'section': '2'}
[2025-03-30T11:38:15.924+0000] {logging_mixin.py:188} INFO - General error executing query: not all arguments converted during string formatting
[2025-03-30T11:38:15.925+0000] {inout_data.py:83} INFO - {'ingested_time': datetime.datetime(2025, 3, 30, 11, 38, 15, 925006), 'timestamp': datetime.datetime(2024, 9, 29, 9, 15, tzinfo=datetime.timezone.utc), 'emp_id': 4579, 'employee_name': 'Employee31', 'factory': 'FactoryB', 'in_out': 'IN', 'entrance': 'Side', 'door_number': '8', 'function': 'IT', 'division': 'AAPD', 'department': 'HRSD', 'section': '2'}
[2025-03-30T11:38:15.925+0000] {logging_mixin.py:188} INFO - General error executing query: not all arguments converted during string formatting
[2025-03-30T11:38:15.925+0000] {inout_data.py:83} INFO - {'ingested_time': datetime.datetime(2025, 3, 30, 11, 38, 15, 925577), 'timestamp': datetime.datetime(2024, 9, 29, 9, 17, tzinfo=datetime.timezone.utc), 'emp_id': 3806, 'employee_name': 'Employee16', 'factory': 'FactoryB', 'in_out': 'IN', 'entrance': 'Side', 'door_number': '6', 'function': 'IT', 'division': 'AAPD', 'department': 'ML', 'section': '1'}
[2025-03-30T11:38:15.925+0000] {logging_mixin.py:188} INFO - General error executing query: not all arguments converted during string formatting
[2025-03-30T11:38:15.926+0000] {inout_data.py:83} INFO - {'ingested_time': datetime.datetime(2025, 3, 30, 11, 38, 15, 926029), 'timestamp': datetime.datetime(2024, 9, 29, 9, 23, tzinfo=datetime.timezone.utc), 'emp_id': 6546, 'employee_name': 'Employee51', 'factory': 'FactoryA', 'in_out': 'OUT', 'entrance': 'Side', 'door_number': '7', 'function': 'IT', 'division': 'AAPD', 'department': 'ML', 'section': '2'}
[2025-03-30T11:38:15.926+0000] {logging_mixin.py:188} INFO - General error executing query: not all arguments converted during string formatting
[2025-03-30T11:38:15.926+0000] {inout_data.py:83} INFO - {'ingested_time': datetime.datetime(2025, 3, 30, 11, 38, 15, 926570), 'timestamp': datetime.datetime(2024, 9, 29, 9, 26, tzinfo=datetime.timezone.utc), 'emp_id': 6694, 'employee_name': 'Employee89', 'factory': 'FactoryB', 'in_out': 'IN', 'entrance': 'Side', 'door_number': '10', 'function': 'IT', 'division': 'AAPD', 'department': 'CAPD', 'section': '1'}
[2025-03-30T11:38:15.927+0000] {logging_mixin.py:188} INFO - General error executing query: not all arguments converted during string formatting
[2025-03-30T11:38:15.927+0000] {inout_data.py:83} INFO - {'ingested_time': datetime.datetime(2025, 3, 30, 11, 38, 15, 927335), 'timestamp': datetime.datetime(2024, 9, 29, 9, 25, tzinfo=datetime.timezone.utc), 'emp_id': 7153, 'employee_name': 'Employee70', 'factory': 'FactoryA', 'in_out': 'IN', 'entrance': 'Side', 'door_number': '7', 'function': 'IT', 'division': 'BSID', 'department': 'ML', 'section': '2'}
[2025-03-30T11:38:15.927+0000] {logging_mixin.py:188} INFO - General error executing query: not all arguments converted during string formatting
[2025-03-30T11:38:15.927+0000] {inout_data.py:83} INFO - {'ingested_time': datetime.datetime(2025, 3, 30, 11, 38, 15, 927912), 'timestamp': datetime.datetime(2024, 9, 29, 9, 7, tzinfo=datetime.timezone.utc), 'emp_id': 1924, 'employee_name': 'Employee41', 'factory': 'FactoryB', 'in_out': 'OUT', 'entrance': 'Main', 'door_number': '8', 'function': 'IT', 'division': 'BSID', 'department': 'CAPD', 'section': '1'}
[2025-03-30T11:38:15.928+0000] {logging_mixin.py:188} INFO - General error executing query: not all arguments converted during string formatting
[2025-03-30T11:38:15.928+0000] {inout_data.py:83} INFO - {'ingested_time': datetime.datetime(2025, 3, 30, 11, 38, 15, 928370), 'timestamp': datetime.datetime(2024, 9, 29, 9, 27, tzinfo=datetime.timezone.utc), 'emp_id': 8110, 'employee_name': 'Employee58', 'factory': 'FactoryA', 'in_out': 'IN', 'entrance': 'Main', 'door_number': '6', 'function': 'IT', 'division': 'AAPD', 'department': 'HRSD', 'section': '1'}
[2025-03-30T11:38:15.928+0000] {logging_mixin.py:188} INFO - General error executing query: not all arguments converted during string formatting
[2025-03-30T11:38:15.928+0000] {inout_data.py:83} INFO - {'ingested_time': datetime.datetime(2025, 3, 30, 11, 38, 15, 928852), 'timestamp': datetime.datetime(2024, 9, 29, 9, 8, tzinfo=datetime.timezone.utc), 'emp_id': 2263, 'employee_name': 'Employee24', 'factory': 'FactoryB', 'in_out': 'OUT', 'entrance': 'Side', 'door_number': '7', 'function': 'IT', 'division': 'BSID', 'department': 'ML', 'section': '2'}
[2025-03-30T11:38:15.929+0000] {logging_mixin.py:188} INFO - General error executing query: not all arguments converted during string formatting
[2025-03-30T11:38:15.929+0000] {inout_data.py:83} INFO - {'ingested_time': datetime.datetime(2025, 3, 30, 11, 38, 15, 929281), 'timestamp': datetime.datetime(2024, 9, 29, 9, 21, tzinfo=datetime.timezone.utc), 'emp_id': 9841, 'employee_name': 'Employee71', 'factory': 'FactoryA', 'in_out': 'OUT', 'entrance': 'Side', 'door_number': '9', 'function': 'IT', 'division': 'BSID', 'department': 'ML', 'section': '1'}
[2025-03-30T11:38:15.929+0000] {logging_mixin.py:188} INFO - General error executing query: not all arguments converted during string formatting
[2025-03-30T11:38:15.929+0000] {inout_data.py:101} INFO - Ingested 20 rows of dummy data for 2024-09-29 09:00:00+00:00.
[2025-03-30T11:38:15.929+0000] {logging_mixin.py:188} INFO - MariaDB connection closed.
[2025-03-30T11:38:15.930+0000] {python.py:202} INFO - Done. Returned value was: None
[2025-03-30T11:38:15.934+0000] {taskinstance.py:1149} INFO - Marking task as SUCCESS. dag_id=inout_data_ingestion, task_id=ingest_dummy_data, execution_date=20240929T090000, start_date=20250330T113815, end_date=20250330T113815
[2025-03-30T11:38:15.978+0000] {local_task_job_runner.py:234} INFO - Task exited with return code 0
[2025-03-30T11:38:15.988+0000] {taskinstance.py:3309} INFO - 0 downstream tasks scheduled from follow-on schedule check
[2025-03-30T11:40:23.648+0000] {taskinstance.py:1979} INFO - Dependencies all met for dep_context=non-requeueable deps ti=<TaskInstance: inout_data_ingestion.ingest_dummy_data scheduled__2024-09-29T09:00:00+00:00 [queued]>
[2025-03-30T11:40:23.657+0000] {taskinstance.py:1979} INFO - Dependencies all met for dep_context=requeueable deps ti=<TaskInstance: inout_data_ingestion.ingest_dummy_data scheduled__2024-09-29T09:00:00+00:00 [queued]>
[2025-03-30T11:40:23.658+0000] {taskinstance.py:2193} INFO - Starting attempt 1 of 2
[2025-03-30T11:40:23.669+0000] {taskinstance.py:2214} INFO - Executing <Task(PythonOperator): ingest_dummy_data> on 2024-09-29 09:00:00+00:00
[2025-03-30T11:40:23.673+0000] {standard_task_runner.py:60} INFO - Started process 6748 to run task
[2025-03-30T11:40:23.677+0000] {standard_task_runner.py:87} INFO - Running: ['***', 'tasks', 'run', 'inout_data_ingestion', 'ingest_dummy_data', 'scheduled__2024-09-29T09:00:00+00:00', '--job-id', '3349', '--raw', '--subdir', 'DAGS_FOLDER/inout_data.py', '--cfg-path', '/tmp/tmp5ps_87kd']
[2025-03-30T11:40:23.678+0000] {standard_task_runner.py:88} INFO - Job 3349: Subtask ingest_dummy_data
[2025-03-30T11:40:23.700+0000] {warnings.py:109} WARNING - /home/***/.local/lib/python3.8/site-packages/***/settings.py:194: DeprecationWarning: The sql_alchemy_conn option in [core] has been moved to the sql_alchemy_conn option in [database] - the old setting has been used, but please update your config.
  SQL_ALCHEMY_CONN = conf.get("database", "SQL_ALCHEMY_CONN")

[2025-03-30T11:40:23.733+0000] {task_command.py:423} INFO - Running <TaskInstance: inout_data_ingestion.ingest_dummy_data scheduled__2024-09-29T09:00:00+00:00 [running]> on host ff9d64b065e6
[2025-03-30T11:40:23.791+0000] {taskinstance.py:2510} INFO - Exporting env vars: AIRFLOW_CTX_DAG_OWNER='***' AIRFLOW_CTX_DAG_ID='inout_data_ingestion' AIRFLOW_CTX_TASK_ID='ingest_dummy_data' AIRFLOW_CTX_EXECUTION_DATE='2024-09-29T09:00:00+00:00' AIRFLOW_CTX_TRY_NUMBER='1' AIRFLOW_CTX_DAG_RUN_ID='scheduled__2024-09-29T09:00:00+00:00'
[2025-03-30T11:40:23.794+0000] {logging_mixin.py:188} INFO - Successfully connected to MariaDB: INOUT on mariadb:3306
[2025-03-30T11:40:23.794+0000] {inout_data.py:83} INFO - {'ingested_time': datetime.datetime(2025, 3, 30, 11, 40, 23, 794343), 'timestamp': datetime.datetime(2024, 9, 29, 9, 26, tzinfo=datetime.timezone.utc), 'emp_id': 6133, 'employee_name': 'Employee79', 'factory': 'FactoryB', 'in_out': 'IN', 'entrance': 'Side', 'door_number': '9', 'function': 'IT', 'division': 'BSID', 'department': 'HRSD', 'section': '2'}
[2025-03-30T11:40:23.795+0000] {inout_data.py:99} INFO - Query: INSERT INTO emp_inout_rec (ingested_time, timestamp, employee_id, employee_name, factory, in_out, entrance, door_number, function, division, department, section) VALUES (%s, %s, %s, %s, %s, %s, %s, %s, %s, %s, %s)
[2025-03-30T11:40:23.795+0000] {inout_data.py:100} INFO - Params: ('2025-03-30 11:40:23', '2024-09-29 09:26:00', 6133, 'Employee79', 'FactoryB', 'IN', 'Side', '9', 'IT', 'BSID', 'HRSD', '2')
[2025-03-30T11:40:23.795+0000] {logging_mixin.py:188} INFO - General error executing query: not all arguments converted during string formatting
[2025-03-30T11:40:23.795+0000] {inout_data.py:83} INFO - {'ingested_time': datetime.datetime(2025, 3, 30, 11, 40, 23, 795639), 'timestamp': datetime.datetime(2024, 9, 29, 9, 16, tzinfo=datetime.timezone.utc), 'emp_id': 6737, 'employee_name': 'Employee16', 'factory': 'FactoryA', 'in_out': 'IN', 'entrance': 'Side', 'door_number': '1', 'function': 'IT', 'division': 'BSID', 'department': 'CAPD', 'section': '1'}
[2025-03-30T11:40:23.796+0000] {inout_data.py:99} INFO - Query: INSERT INTO emp_inout_rec (ingested_time, timestamp, employee_id, employee_name, factory, in_out, entrance, door_number, function, division, department, section) VALUES (%s, %s, %s, %s, %s, %s, %s, %s, %s, %s, %s)
[2025-03-30T11:40:23.796+0000] {inout_data.py:100} INFO - Params: ('2025-03-30 11:40:23', '2024-09-29 09:16:00', 6737, 'Employee16', 'FactoryA', 'IN', 'Side', '1', 'IT', 'BSID', 'CAPD', '1')
[2025-03-30T11:40:23.797+0000] {logging_mixin.py:188} INFO - General error executing query: not all arguments converted during string formatting
[2025-03-30T11:40:23.797+0000] {inout_data.py:83} INFO - {'ingested_time': datetime.datetime(2025, 3, 30, 11, 40, 23, 797420), 'timestamp': datetime.datetime(2024, 9, 29, 9, 11, tzinfo=datetime.timezone.utc), 'emp_id': 6177, 'employee_name': 'Employee4', 'factory': 'FactoryA', 'in_out': 'OUT', 'entrance': 'Side', 'door_number': '10', 'function': 'IT', 'division': 'AAPD', 'department': 'CAPD', 'section': '1'}
[2025-03-30T11:40:23.797+0000] {inout_data.py:99} INFO - Query: INSERT INTO emp_inout_rec (ingested_time, timestamp, employee_id, employee_name, factory, in_out, entrance, door_number, function, division, department, section) VALUES (%s, %s, %s, %s, %s, %s, %s, %s, %s, %s, %s)
[2025-03-30T11:40:23.798+0000] {inout_data.py:100} INFO - Params: ('2025-03-30 11:40:23', '2024-09-29 09:11:00', 6177, 'Employee4', 'FactoryA', 'OUT', 'Side', '10', 'IT', 'AAPD', 'CAPD', '1')
[2025-03-30T11:40:23.798+0000] {logging_mixin.py:188} INFO - General error executing query: not all arguments converted during string formatting
[2025-03-30T11:40:23.798+0000] {inout_data.py:83} INFO - {'ingested_time': datetime.datetime(2025, 3, 30, 11, 40, 23, 798866), 'timestamp': datetime.datetime(2024, 9, 29, 9, 17, tzinfo=datetime.timezone.utc), 'emp_id': 7561, 'employee_name': 'Employee13', 'factory': 'FactoryA', 'in_out': 'OUT', 'entrance': 'Main', 'door_number': '3', 'function': 'IT', 'division': 'AAPD', 'department': 'HRSD', 'section': '1'}
[2025-03-30T11:40:23.799+0000] {inout_data.py:99} INFO - Query: INSERT INTO emp_inout_rec (ingested_time, timestamp, employee_id, employee_name, factory, in_out, entrance, door_number, function, division, department, section) VALUES (%s, %s, %s, %s, %s, %s, %s, %s, %s, %s, %s)
[2025-03-30T11:40:23.799+0000] {inout_data.py:100} INFO - Params: ('2025-03-30 11:40:23', '2024-09-29 09:17:00', 7561, 'Employee13', 'FactoryA', 'OUT', 'Main', '3', 'IT', 'AAPD', 'HRSD', '1')
[2025-03-30T11:40:23.799+0000] {logging_mixin.py:188} INFO - General error executing query: not all arguments converted during string formatting
[2025-03-30T11:40:23.800+0000] {inout_data.py:83} INFO - {'ingested_time': datetime.datetime(2025, 3, 30, 11, 40, 23, 800076), 'timestamp': datetime.datetime(2024, 9, 29, 9, 9, tzinfo=datetime.timezone.utc), 'emp_id': 9799, 'employee_name': 'Employee57', 'factory': 'FactoryA', 'in_out': 'IN', 'entrance': 'Side', 'door_number': '4', 'function': 'IT', 'division': 'AAPD', 'department': 'CAPD', 'section': '1'}
[2025-03-30T11:40:23.800+0000] {inout_data.py:99} INFO - Query: INSERT INTO emp_inout_rec (ingested_time, timestamp, employee_id, employee_name, factory, in_out, entrance, door_number, function, division, department, section) VALUES (%s, %s, %s, %s, %s, %s, %s, %s, %s, %s, %s)
[2025-03-30T11:40:23.800+0000] {inout_data.py:100} INFO - Params: ('2025-03-30 11:40:23', '2024-09-29 09:09:00', 9799, 'Employee57', 'FactoryA', 'IN', 'Side', '4', 'IT', 'AAPD', 'CAPD', '1')
[2025-03-30T11:40:23.800+0000] {logging_mixin.py:188} INFO - General error executing query: not all arguments converted during string formatting
[2025-03-30T11:40:23.801+0000] {inout_data.py:83} INFO - {'ingested_time': datetime.datetime(2025, 3, 30, 11, 40, 23, 801181), 'timestamp': datetime.datetime(2024, 9, 29, 9, 23, tzinfo=datetime.timezone.utc), 'emp_id': 2981, 'employee_name': 'Employee84', 'factory': 'FactoryB', 'in_out': 'OUT', 'entrance': 'Main', 'door_number': '6', 'function': 'IT', 'division': 'AAPD', 'department': 'HRSD', 'section': '2'}
[2025-03-30T11:40:23.801+0000] {inout_data.py:99} INFO - Query: INSERT INTO emp_inout_rec (ingested_time, timestamp, employee_id, employee_name, factory, in_out, entrance, door_number, function, division, department, section) VALUES (%s, %s, %s, %s, %s, %s, %s, %s, %s, %s, %s)
[2025-03-30T11:40:23.801+0000] {inout_data.py:100} INFO - Params: ('2025-03-30 11:40:23', '2024-09-29 09:23:00', 2981, 'Employee84', 'FactoryB', 'OUT', 'Main', '6', 'IT', 'AAPD', 'HRSD', '2')
[2025-03-30T11:40:23.801+0000] {logging_mixin.py:188} INFO - General error executing query: not all arguments converted during string formatting
[2025-03-30T11:40:23.801+0000] {inout_data.py:83} INFO - {'ingested_time': datetime.datetime(2025, 3, 30, 11, 40, 23, 801911), 'timestamp': datetime.datetime(2024, 9, 29, 9, 26, tzinfo=datetime.timezone.utc), 'emp_id': 9872, 'employee_name': 'Employee44', 'factory': 'FactoryB', 'in_out': 'IN', 'entrance': 'Main', 'door_number': '1', 'function': 'IT', 'division': 'BSID', 'department': 'ML', 'section': '2'}
[2025-03-30T11:40:23.802+0000] {inout_data.py:99} INFO - Query: INSERT INTO emp_inout_rec (ingested_time, timestamp, employee_id, employee_name, factory, in_out, entrance, door_number, function, division, department, section) VALUES (%s, %s, %s, %s, %s, %s, %s, %s, %s, %s, %s)
[2025-03-30T11:40:23.802+0000] {inout_data.py:100} INFO - Params: ('2025-03-30 11:40:23', '2024-09-29 09:26:00', 9872, 'Employee44', 'FactoryB', 'IN', 'Main', '1', 'IT', 'BSID', 'ML', '2')
[2025-03-30T11:40:23.802+0000] {logging_mixin.py:188} INFO - General error executing query: not all arguments converted during string formatting
[2025-03-30T11:40:23.803+0000] {inout_data.py:83} INFO - {'ingested_time': datetime.datetime(2025, 3, 30, 11, 40, 23, 803196), 'timestamp': datetime.datetime(2024, 9, 29, 9, 28, tzinfo=datetime.timezone.utc), 'emp_id': 4376, 'employee_name': 'Employee42', 'factory': 'FactoryA', 'in_out': 'IN', 'entrance': 'Main', 'door_number': '9', 'function': 'IT', 'division': 'BSID', 'department': 'ML', 'section': '1'}
[2025-03-30T11:40:23.803+0000] {inout_data.py:99} INFO - Query: INSERT INTO emp_inout_rec (ingested_time, timestamp, employee_id, employee_name, factory, in_out, entrance, door_number, function, division, department, section) VALUES (%s, %s, %s, %s, %s, %s, %s, %s, %s, %s, %s)
[2025-03-30T11:40:23.803+0000] {inout_data.py:100} INFO - Params: ('2025-03-30 11:40:23', '2024-09-29 09:28:00', 4376, 'Employee42', 'FactoryA', 'IN', 'Main', '9', 'IT', 'BSID', 'ML', '1')
[2025-03-30T11:40:23.804+0000] {logging_mixin.py:188} INFO - General error executing query: not all arguments converted during string formatting
[2025-03-30T11:40:23.804+0000] {inout_data.py:83} INFO - {'ingested_time': datetime.datetime(2025, 3, 30, 11, 40, 23, 804580), 'timestamp': datetime.datetime(2024, 9, 29, 9, 7, tzinfo=datetime.timezone.utc), 'emp_id': 1341, 'employee_name': 'Employee97', 'factory': 'FactoryA', 'in_out': 'IN', 'entrance': 'Main', 'door_number': '7', 'function': 'IT', 'division': 'BSID', 'department': 'ML', 'section': '1'}
[2025-03-30T11:40:23.804+0000] {inout_data.py:99} INFO - Query: INSERT INTO emp_inout_rec (ingested_time, timestamp, employee_id, employee_name, factory, in_out, entrance, door_number, function, division, department, section) VALUES (%s, %s, %s, %s, %s, %s, %s, %s, %s, %s, %s)
[2025-03-30T11:40:23.804+0000] {inout_data.py:100} INFO - Params: ('2025-03-30 11:40:23', '2024-09-29 09:07:00', 1341, 'Employee97', 'FactoryA', 'IN', 'Main', '7', 'IT', 'BSID', 'ML', '1')
[2025-03-30T11:40:23.805+0000] {logging_mixin.py:188} INFO - General error executing query: not all arguments converted during string formatting
[2025-03-30T11:40:23.805+0000] {inout_data.py:83} INFO - {'ingested_time': datetime.datetime(2025, 3, 30, 11, 40, 23, 805149), 'timestamp': datetime.datetime(2024, 9, 29, 9, 14, tzinfo=datetime.timezone.utc), 'emp_id': 7788, 'employee_name': 'Employee31', 'factory': 'FactoryA', 'in_out': 'IN', 'entrance': 'Side', 'door_number': '9', 'function': 'IT', 'division': 'AAPD', 'department': 'ML', 'section': '2'}
[2025-03-30T11:40:23.805+0000] {inout_data.py:99} INFO - Query: INSERT INTO emp_inout_rec (ingested_time, timestamp, employee_id, employee_name, factory, in_out, entrance, door_number, function, division, department, section) VALUES (%s, %s, %s, %s, %s, %s, %s, %s, %s, %s, %s)
[2025-03-30T11:40:23.805+0000] {inout_data.py:100} INFO - Params: ('2025-03-30 11:40:23', '2024-09-29 09:14:00', 7788, 'Employee31', 'FactoryA', 'IN', 'Side', '9', 'IT', 'AAPD', 'ML', '2')
[2025-03-30T11:40:23.805+0000] {logging_mixin.py:188} INFO - General error executing query: not all arguments converted during string formatting
[2025-03-30T11:40:23.805+0000] {inout_data.py:83} INFO - {'ingested_time': datetime.datetime(2025, 3, 30, 11, 40, 23, 805710), 'timestamp': datetime.datetime(2024, 9, 29, 9, 27, tzinfo=datetime.timezone.utc), 'emp_id': 1733, 'employee_name': 'Employee19', 'factory': 'FactoryB', 'in_out': 'IN', 'entrance': 'Main', 'door_number': '3', 'function': 'IT', 'division': 'BSID', 'department': 'CAPD', 'section': '1'}
[2025-03-30T11:40:23.805+0000] {inout_data.py:99} INFO - Query: INSERT INTO emp_inout_rec (ingested_time, timestamp, employee_id, employee_name, factory, in_out, entrance, door_number, function, division, department, section) VALUES (%s, %s, %s, %s, %s, %s, %s, %s, %s, %s, %s)
[2025-03-30T11:40:23.806+0000] {inout_data.py:100} INFO - Params: ('2025-03-30 11:40:23', '2024-09-29 09:27:00', 1733, 'Employee19', 'FactoryB', 'IN', 'Main', '3', 'IT', 'BSID', 'CAPD', '1')
[2025-03-30T11:40:23.806+0000] {logging_mixin.py:188} INFO - General error executing query: not all arguments converted during string formatting
[2025-03-30T11:40:23.806+0000] {inout_data.py:83} INFO - {'ingested_time': datetime.datetime(2025, 3, 30, 11, 40, 23, 806329), 'timestamp': datetime.datetime(2024, 9, 29, 9, 11, tzinfo=datetime.timezone.utc), 'emp_id': 7740, 'employee_name': 'Employee94', 'factory': 'FactoryA', 'in_out': 'OUT', 'entrance': 'Main', 'door_number': '1', 'function': 'IT', 'division': 'AAPD', 'department': 'HRSD', 'section': '1'}
[2025-03-30T11:40:23.806+0000] {inout_data.py:99} INFO - Query: INSERT INTO emp_inout_rec (ingested_time, timestamp, employee_id, employee_name, factory, in_out, entrance, door_number, function, division, department, section) VALUES (%s, %s, %s, %s, %s, %s, %s, %s, %s, %s, %s)
[2025-03-30T11:40:23.806+0000] {inout_data.py:100} INFO - Params: ('2025-03-30 11:40:23', '2024-09-29 09:11:00', 7740, 'Employee94', 'FactoryA', 'OUT', 'Main', '1', 'IT', 'AAPD', 'HRSD', '1')
[2025-03-30T11:40:23.806+0000] {logging_mixin.py:188} INFO - General error executing query: not all arguments converted during string formatting
[2025-03-30T11:40:23.806+0000] {inout_data.py:83} INFO - {'ingested_time': datetime.datetime(2025, 3, 30, 11, 40, 23, 806792), 'timestamp': datetime.datetime(2024, 9, 29, 9, 9, tzinfo=datetime.timezone.utc), 'emp_id': 3329, 'employee_name': 'Employee72', 'factory': 'FactoryA', 'in_out': 'IN', 'entrance': 'Side', 'door_number': '1', 'function': 'IT', 'division': 'AAPD', 'department': 'CAPD', 'section': '2'}
[2025-03-30T11:40:23.806+0000] {inout_data.py:99} INFO - Query: INSERT INTO emp_inout_rec (ingested_time, timestamp, employee_id, employee_name, factory, in_out, entrance, door_number, function, division, department, section) VALUES (%s, %s, %s, %s, %s, %s, %s, %s, %s, %s, %s)
[2025-03-30T11:40:23.807+0000] {inout_data.py:100} INFO - Params: ('2025-03-30 11:40:23', '2024-09-29 09:09:00', 3329, 'Employee72', 'FactoryA', 'IN', 'Side', '1', 'IT', 'AAPD', 'CAPD', '2')
[2025-03-30T11:40:23.807+0000] {logging_mixin.py:188} INFO - General error executing query: not all arguments converted during string formatting
[2025-03-30T11:40:23.807+0000] {inout_data.py:83} INFO - {'ingested_time': datetime.datetime(2025, 3, 30, 11, 40, 23, 807285), 'timestamp': datetime.datetime(2024, 9, 29, 9, 26, tzinfo=datetime.timezone.utc), 'emp_id': 7609, 'employee_name': 'Employee44', 'factory': 'FactoryB', 'in_out': 'OUT', 'entrance': 'Side', 'door_number': '1', 'function': 'IT', 'division': 'BSID', 'department': 'HRSD', 'section': '1'}
[2025-03-30T11:40:23.807+0000] {inout_data.py:99} INFO - Query: INSERT INTO emp_inout_rec (ingested_time, timestamp, employee_id, employee_name, factory, in_out, entrance, door_number, function, division, department, section) VALUES (%s, %s, %s, %s, %s, %s, %s, %s, %s, %s, %s)
[2025-03-30T11:40:23.807+0000] {inout_data.py:100} INFO - Params: ('2025-03-30 11:40:23', '2024-09-29 09:26:00', 7609, 'Employee44', 'FactoryB', 'OUT', 'Side', '1', 'IT', 'BSID', 'HRSD', '1')
[2025-03-30T11:40:23.807+0000] {logging_mixin.py:188} INFO - General error executing query: not all arguments converted during string formatting
[2025-03-30T11:40:23.807+0000] {inout_data.py:83} INFO - {'ingested_time': datetime.datetime(2025, 3, 30, 11, 40, 23, 807821), 'timestamp': datetime.datetime(2024, 9, 29, 9, 11, tzinfo=datetime.timezone.utc), 'emp_id': 8240, 'employee_name': 'Employee42', 'factory': 'FactoryA', 'in_out': 'IN', 'entrance': 'Side', 'door_number': '2', 'function': 'IT', 'division': 'AAPD', 'department': 'ML', 'section': '1'}
[2025-03-30T11:40:23.808+0000] {inout_data.py:99} INFO - Query: INSERT INTO emp_inout_rec (ingested_time, timestamp, employee_id, employee_name, factory, in_out, entrance, door_number, function, division, department, section) VALUES (%s, %s, %s, %s, %s, %s, %s, %s, %s, %s, %s)
[2025-03-30T11:40:23.808+0000] {inout_data.py:100} INFO - Params: ('2025-03-30 11:40:23', '2024-09-29 09:11:00', 8240, 'Employee42', 'FactoryA', 'IN', 'Side', '2', 'IT', 'AAPD', 'ML', '1')
[2025-03-30T11:40:23.808+0000] {logging_mixin.py:188} INFO - General error executing query: not all arguments converted during string formatting
[2025-03-30T11:40:23.808+0000] {inout_data.py:83} INFO - {'ingested_time': datetime.datetime(2025, 3, 30, 11, 40, 23, 808671), 'timestamp': datetime.datetime(2024, 9, 29, 9, 11, tzinfo=datetime.timezone.utc), 'emp_id': 5121, 'employee_name': 'Employee21', 'factory': 'FactoryB', 'in_out': 'OUT', 'entrance': 'Side', 'door_number': '8', 'function': 'IT', 'division': 'AAPD', 'department': 'ML', 'section': '1'}
[2025-03-30T11:40:23.808+0000] {inout_data.py:99} INFO - Query: INSERT INTO emp_inout_rec (ingested_time, timestamp, employee_id, employee_name, factory, in_out, entrance, door_number, function, division, department, section) VALUES (%s, %s, %s, %s, %s, %s, %s, %s, %s, %s, %s)
[2025-03-30T11:40:23.809+0000] {inout_data.py:100} INFO - Params: ('2025-03-30 11:40:23', '2024-09-29 09:11:00', 5121, 'Employee21', 'FactoryB', 'OUT', 'Side', '8', 'IT', 'AAPD', 'ML', '1')
[2025-03-30T11:40:23.809+0000] {logging_mixin.py:188} INFO - General error executing query: not all arguments converted during string formatting
[2025-03-30T11:40:23.809+0000] {inout_data.py:83} INFO - {'ingested_time': datetime.datetime(2025, 3, 30, 11, 40, 23, 809386), 'timestamp': datetime.datetime(2024, 9, 29, 9, 11, tzinfo=datetime.timezone.utc), 'emp_id': 4601, 'employee_name': 'Employee32', 'factory': 'FactoryA', 'in_out': 'OUT', 'entrance': 'Main', 'door_number': '2', 'function': 'IT', 'division': 'AAPD', 'department': 'ML', 'section': '2'}
[2025-03-30T11:40:23.809+0000] {inout_data.py:99} INFO - Query: INSERT INTO emp_inout_rec (ingested_time, timestamp, employee_id, employee_name, factory, in_out, entrance, door_number, function, division, department, section) VALUES (%s, %s, %s, %s, %s, %s, %s, %s, %s, %s, %s)
[2025-03-30T11:40:23.809+0000] {inout_data.py:100} INFO - Params: ('2025-03-30 11:40:23', '2024-09-29 09:11:00', 4601, 'Employee32', 'FactoryA', 'OUT', 'Main', '2', 'IT', 'AAPD', 'ML', '2')
[2025-03-30T11:40:23.809+0000] {logging_mixin.py:188} INFO - General error executing query: not all arguments converted during string formatting
[2025-03-30T11:40:23.810+0000] {inout_data.py:83} INFO - {'ingested_time': datetime.datetime(2025, 3, 30, 11, 40, 23, 810072), 'timestamp': datetime.datetime(2024, 9, 29, 9, 5, tzinfo=datetime.timezone.utc), 'emp_id': 3909, 'employee_name': 'Employee78', 'factory': 'FactoryA', 'in_out': 'IN', 'entrance': 'Side', 'door_number': '3', 'function': 'IT', 'division': 'AAPD', 'department': 'HRSD', 'section': '2'}
[2025-03-30T11:40:23.810+0000] {inout_data.py:99} INFO - Query: INSERT INTO emp_inout_rec (ingested_time, timestamp, employee_id, employee_name, factory, in_out, entrance, door_number, function, division, department, section) VALUES (%s, %s, %s, %s, %s, %s, %s, %s, %s, %s, %s)
[2025-03-30T11:40:23.810+0000] {inout_data.py:100} INFO - Params: ('2025-03-30 11:40:23', '2024-09-29 09:05:00', 3909, 'Employee78', 'FactoryA', 'IN', 'Side', '3', 'IT', 'AAPD', 'HRSD', '2')
[2025-03-30T11:40:23.810+0000] {logging_mixin.py:188} INFO - General error executing query: not all arguments converted during string formatting
[2025-03-30T11:40:23.810+0000] {inout_data.py:83} INFO - {'ingested_time': datetime.datetime(2025, 3, 30, 11, 40, 23, 810737), 'timestamp': datetime.datetime(2024, 9, 29, 9, 18, tzinfo=datetime.timezone.utc), 'emp_id': 5288, 'employee_name': 'Employee79', 'factory': 'FactoryA', 'in_out': 'OUT', 'entrance': 'Side', 'door_number': '7', 'function': 'IT', 'division': 'AAPD', 'department': 'HRSD', 'section': '2'}
[2025-03-30T11:40:23.810+0000] {inout_data.py:99} INFO - Query: INSERT INTO emp_inout_rec (ingested_time, timestamp, employee_id, employee_name, factory, in_out, entrance, door_number, function, division, department, section) VALUES (%s, %s, %s, %s, %s, %s, %s, %s, %s, %s, %s)
[2025-03-30T11:40:23.811+0000] {inout_data.py:100} INFO - Params: ('2025-03-30 11:40:23', '2024-09-29 09:18:00', 5288, 'Employee79', 'FactoryA', 'OUT', 'Side', '7', 'IT', 'AAPD', 'HRSD', '2')
[2025-03-30T11:40:23.811+0000] {logging_mixin.py:188} INFO - General error executing query: not all arguments converted during string formatting
[2025-03-30T11:40:23.811+0000] {inout_data.py:83} INFO - {'ingested_time': datetime.datetime(2025, 3, 30, 11, 40, 23, 811409), 'timestamp': datetime.datetime(2024, 9, 29, 9, 0, tzinfo=datetime.timezone.utc), 'emp_id': 1763, 'employee_name': 'Employee29', 'factory': 'FactoryA', 'in_out': 'OUT', 'entrance': 'Side', 'door_number': '9', 'function': 'IT', 'division': 'BSID', 'department': 'ML', 'section': '2'}
[2025-03-30T11:40:23.811+0000] {inout_data.py:99} INFO - Query: INSERT INTO emp_inout_rec (ingested_time, timestamp, employee_id, employee_name, factory, in_out, entrance, door_number, function, division, department, section) VALUES (%s, %s, %s, %s, %s, %s, %s, %s, %s, %s, %s)
[2025-03-30T11:40:23.811+0000] {inout_data.py:100} INFO - Params: ('2025-03-30 11:40:23', '2024-09-29 09:00:00', 1763, 'Employee29', 'FactoryA', 'OUT', 'Side', '9', 'IT', 'BSID', 'ML', '2')
[2025-03-30T11:40:23.811+0000] {logging_mixin.py:188} INFO - General error executing query: not all arguments converted during string formatting
[2025-03-30T11:40:23.812+0000] {inout_data.py:102} INFO - Ingested 20 rows of dummy data for 2024-09-29 09:00:00+00:00.
[2025-03-30T11:40:23.812+0000] {logging_mixin.py:188} INFO - MariaDB connection closed.
[2025-03-30T11:40:23.812+0000] {python.py:202} INFO - Done. Returned value was: None
[2025-03-30T11:40:23.823+0000] {taskinstance.py:1149} INFO - Marking task as SUCCESS. dag_id=inout_data_ingestion, task_id=ingest_dummy_data, execution_date=20240929T090000, start_date=20250330T114023, end_date=20250330T114023
[2025-03-30T11:40:23.860+0000] {local_task_job_runner.py:234} INFO - Task exited with return code 0
[2025-03-30T11:40:23.873+0000] {taskinstance.py:3309} INFO - 0 downstream tasks scheduled from follow-on schedule check
