[2025-03-30T11:11:23.468+0000] {taskinstance.py:1979} INFO - Dependencies all met for dep_context=non-requeueable deps ti=<TaskInstance: inout_data_ingestion.create_table scheduled__2024-10-03T18:00:00+00:00 [queued]>
[2025-03-30T11:11:23.472+0000] {taskinstance.py:1979} INFO - Dependencies all met for dep_context=requeueable deps ti=<TaskInstance: inout_data_ingestion.create_table scheduled__2024-10-03T18:00:00+00:00 [queued]>
[2025-03-30T11:11:23.472+0000] {taskinstance.py:2193} INFO - Starting attempt 1 of 2
[2025-03-30T11:11:23.480+0000] {taskinstance.py:2214} INFO - Executing <Task(PythonOperator): create_table> on 2024-10-03 18:00:00+00:00
[2025-03-30T11:11:23.483+0000] {standard_task_runner.py:60} INFO - Started process 1012 to run task
[2025-03-30T11:11:23.486+0000] {standard_task_runner.py:87} INFO - Running: ['***', 'tasks', 'run', 'inout_data_ingestion', 'create_table', 'scheduled__2024-10-03T18:00:00+00:00', '--job-id', '481', '--raw', '--subdir', 'DAGS_FOLDER/inout_data.py', '--cfg-path', '/tmp/tmpzv0swvpc']
[2025-03-30T11:11:23.487+0000] {standard_task_runner.py:88} INFO - Job 481: Subtask create_table
[2025-03-30T11:11:23.494+0000] {warnings.py:109} WARNING - /home/***/.local/lib/python3.8/site-packages/***/settings.py:194: DeprecationWarning: The sql_alchemy_conn option in [core] has been moved to the sql_alchemy_conn option in [database] - the old setting has been used, but please update your config.
  SQL_ALCHEMY_CONN = conf.get("database", "SQL_ALCHEMY_CONN")

[2025-03-30T11:11:23.511+0000] {task_command.py:423} INFO - Running <TaskInstance: inout_data_ingestion.create_table scheduled__2024-10-03T18:00:00+00:00 [running]> on host ff9d64b065e6
[2025-03-30T11:11:23.550+0000] {taskinstance.py:2510} INFO - Exporting env vars: AIRFLOW_CTX_DAG_OWNER='***' AIRFLOW_CTX_DAG_ID='inout_data_ingestion' AIRFLOW_CTX_TASK_ID='create_table' AIRFLOW_CTX_EXECUTION_DATE='2024-10-03T18:00:00+00:00' AIRFLOW_CTX_TRY_NUMBER='1' AIRFLOW_CTX_DAG_RUN_ID='scheduled__2024-10-03T18:00:00+00:00'
[2025-03-30T11:11:23.552+0000] {inout_data.py:42} INFO - Successfully connected to MariaDB: INOUT on mariadb:3306
[2025-03-30T11:11:23.553+0000] {inout_data.py:124} INFO - Table emp_inout_rec created (if it didn't exist).
[2025-03-30T11:11:23.553+0000] {inout_data.py:78} INFO - MariaDB connection closed.
[2025-03-30T11:11:23.553+0000] {python.py:202} INFO - Done. Returned value was: None
[2025-03-30T11:11:23.557+0000] {taskinstance.py:1149} INFO - Marking task as SUCCESS. dag_id=inout_data_ingestion, task_id=create_table, execution_date=20241003T180000, start_date=20250330T111123, end_date=20250330T111123
[2025-03-30T11:11:23.584+0000] {local_task_job_runner.py:234} INFO - Task exited with return code 0
[2025-03-30T11:11:23.596+0000] {taskinstance.py:3309} INFO - 1 downstream tasks scheduled from follow-on schedule check
[2025-03-30T11:17:53.699+0000] {taskinstance.py:1979} INFO - Dependencies all met for dep_context=non-requeueable deps ti=<TaskInstance: inout_data_ingestion.create_table scheduled__2024-10-03T18:00:00+00:00 [queued]>
[2025-03-30T11:17:53.718+0000] {taskinstance.py:1979} INFO - Dependencies all met for dep_context=requeueable deps ti=<TaskInstance: inout_data_ingestion.create_table scheduled__2024-10-03T18:00:00+00:00 [queued]>
[2025-03-30T11:17:53.719+0000] {taskinstance.py:2193} INFO - Starting attempt 1 of 2
[2025-03-30T11:17:53.740+0000] {taskinstance.py:2214} INFO - Executing <Task(PythonOperator): create_table> on 2024-10-03 18:00:00+00:00
[2025-03-30T11:17:53.748+0000] {standard_task_runner.py:60} INFO - Started process 2861 to run task
[2025-03-30T11:17:53.755+0000] {standard_task_runner.py:87} INFO - Running: ['***', 'tasks', 'run', 'inout_data_ingestion', 'create_table', 'scheduled__2024-10-03T18:00:00+00:00', '--job-id', '1404', '--raw', '--subdir', 'DAGS_FOLDER/inout_data.py', '--cfg-path', '/tmp/tmpxps4ar5k']
[2025-03-30T11:17:53.758+0000] {standard_task_runner.py:88} INFO - Job 1404: Subtask create_table
[2025-03-30T11:17:53.777+0000] {warnings.py:109} WARNING - /home/***/.local/lib/python3.8/site-packages/***/settings.py:194: DeprecationWarning: The sql_alchemy_conn option in [core] has been moved to the sql_alchemy_conn option in [database] - the old setting has been used, but please update your config.
  SQL_ALCHEMY_CONN = conf.get("database", "SQL_ALCHEMY_CONN")

[2025-03-30T11:17:53.830+0000] {task_command.py:423} INFO - Running <TaskInstance: inout_data_ingestion.create_table scheduled__2024-10-03T18:00:00+00:00 [running]> on host ff9d64b065e6
[2025-03-30T11:17:53.900+0000] {taskinstance.py:2510} INFO - Exporting env vars: AIRFLOW_CTX_DAG_OWNER='***' AIRFLOW_CTX_DAG_ID='inout_data_ingestion' AIRFLOW_CTX_TASK_ID='create_table' AIRFLOW_CTX_EXECUTION_DATE='2024-10-03T18:00:00+00:00' AIRFLOW_CTX_TRY_NUMBER='1' AIRFLOW_CTX_DAG_RUN_ID='scheduled__2024-10-03T18:00:00+00:00'
[2025-03-30T11:17:53.906+0000] {inout_data.py:42} INFO - Successfully connected to MariaDB: INOUT on mariadb:3306
[2025-03-30T11:17:53.907+0000] {inout_data.py:117} INFO - Table emp_inout_rec created (if it didn't exist).
[2025-03-30T11:17:53.908+0000] {inout_data.py:78} INFO - MariaDB connection closed.
[2025-03-30T11:17:53.908+0000] {python.py:202} INFO - Done. Returned value was: None
[2025-03-30T11:17:53.917+0000] {taskinstance.py:1149} INFO - Marking task as SUCCESS. dag_id=inout_data_ingestion, task_id=create_table, execution_date=20241003T180000, start_date=20250330T111753, end_date=20250330T111753
[2025-03-30T11:17:53.978+0000] {local_task_job_runner.py:234} INFO - Task exited with return code 0
[2025-03-30T11:17:54.002+0000] {taskinstance.py:3309} INFO - 0 downstream tasks scheduled from follow-on schedule check
[2025-03-30T11:30:18.236+0000] {taskinstance.py:1979} INFO - Dependencies all met for dep_context=non-requeueable deps ti=<TaskInstance: inout_data_ingestion.create_table scheduled__2024-10-03T18:00:00+00:00 [queued]>
[2025-03-30T11:30:18.248+0000] {taskinstance.py:1979} INFO - Dependencies all met for dep_context=requeueable deps ti=<TaskInstance: inout_data_ingestion.create_table scheduled__2024-10-03T18:00:00+00:00 [queued]>
[2025-03-30T11:30:18.249+0000] {taskinstance.py:2193} INFO - Starting attempt 1 of 2
[2025-03-30T11:30:18.262+0000] {taskinstance.py:2214} INFO - Executing <Task(PythonOperator): create_table> on 2024-10-03 18:00:00+00:00
[2025-03-30T11:30:18.265+0000] {standard_task_runner.py:60} INFO - Started process 4779 to run task
[2025-03-30T11:30:18.268+0000] {standard_task_runner.py:87} INFO - Running: ['***', 'tasks', 'run', 'inout_data_ingestion', 'create_table', 'scheduled__2024-10-03T18:00:00+00:00', '--job-id', '2364', '--raw', '--subdir', 'DAGS_FOLDER/inout_data.py', '--cfg-path', '/tmp/tmpbavdzhux']
[2025-03-30T11:30:18.269+0000] {standard_task_runner.py:88} INFO - Job 2364: Subtask create_table
[2025-03-30T11:30:18.279+0000] {warnings.py:109} WARNING - /home/***/.local/lib/python3.8/site-packages/***/settings.py:194: DeprecationWarning: The sql_alchemy_conn option in [core] has been moved to the sql_alchemy_conn option in [database] - the old setting has been used, but please update your config.
  SQL_ALCHEMY_CONN = conf.get("database", "SQL_ALCHEMY_CONN")

[2025-03-30T11:30:18.316+0000] {task_command.py:423} INFO - Running <TaskInstance: inout_data_ingestion.create_table scheduled__2024-10-03T18:00:00+00:00 [running]> on host ff9d64b065e6
[2025-03-30T11:30:18.402+0000] {taskinstance.py:2510} INFO - Exporting env vars: AIRFLOW_CTX_DAG_OWNER='***' AIRFLOW_CTX_DAG_ID='inout_data_ingestion' AIRFLOW_CTX_TASK_ID='create_table' AIRFLOW_CTX_EXECUTION_DATE='2024-10-03T18:00:00+00:00' AIRFLOW_CTX_TRY_NUMBER='1' AIRFLOW_CTX_DAG_RUN_ID='scheduled__2024-10-03T18:00:00+00:00'
[2025-03-30T11:30:18.409+0000] {logging_mixin.py:188} INFO - Successfully connected to MariaDB: INOUT on mariadb:3306
[2025-03-30T11:30:18.410+0000] {inout_data.py:46} INFO - Table emp_inout_rec created (if it didn't exist).
[2025-03-30T11:30:18.411+0000] {logging_mixin.py:188} INFO - MariaDB connection closed.
[2025-03-30T11:30:18.411+0000] {python.py:202} INFO - Done. Returned value was: None
[2025-03-30T11:30:18.424+0000] {taskinstance.py:1149} INFO - Marking task as SUCCESS. dag_id=inout_data_ingestion, task_id=create_table, execution_date=20241003T180000, start_date=20250330T113018, end_date=20250330T113018
[2025-03-30T11:30:18.447+0000] {local_task_job_runner.py:234} INFO - Task exited with return code 0
[2025-03-30T11:30:18.470+0000] {taskinstance.py:3309} INFO - 1 downstream tasks scheduled from follow-on schedule check
