[2025-03-30T11:13:08.892+0000] {taskinstance.py:1979} INFO - Dependencies all met for dep_context=non-requeueable deps ti=<TaskInstance: inout_data_ingestion.create_table scheduled__2024-10-06T22:00:00+00:00 [queued]>
[2025-03-30T11:13:08.899+0000] {taskinstance.py:1979} INFO - Dependencies all met for dep_context=requeueable deps ti=<TaskInstance: inout_data_ingestion.create_table scheduled__2024-10-06T22:00:00+00:00 [queued]>
[2025-03-30T11:13:08.899+0000] {taskinstance.py:2193} INFO - Starting attempt 1 of 2
[2025-03-30T11:13:08.915+0000] {taskinstance.py:2214} INFO - Executing <Task(PythonOperator): create_table> on 2024-10-06 22:00:00+00:00
[2025-03-30T11:13:08.932+0000] {standard_task_runner.py:60} INFO - Started process 1613 to run task
[2025-03-30T11:13:08.938+0000] {standard_task_runner.py:87} INFO - Running: ['***', 'tasks', 'run', 'inout_data_ingestion', 'create_table', 'scheduled__2024-10-06T22:00:00+00:00', '--job-id', '781', '--raw', '--subdir', 'DAGS_FOLDER/inout_data.py', '--cfg-path', '/tmp/tmphqwk4mj8']
[2025-03-30T11:13:08.939+0000] {standard_task_runner.py:88} INFO - Job 781: Subtask create_table
[2025-03-30T11:13:08.962+0000] {warnings.py:109} WARNING - /home/***/.local/lib/python3.8/site-packages/***/settings.py:194: DeprecationWarning: The sql_alchemy_conn option in [core] has been moved to the sql_alchemy_conn option in [database] - the old setting has been used, but please update your config.
  SQL_ALCHEMY_CONN = conf.get("database", "SQL_ALCHEMY_CONN")

[2025-03-30T11:13:09.047+0000] {task_command.py:423} INFO - Running <TaskInstance: inout_data_ingestion.create_table scheduled__2024-10-06T22:00:00+00:00 [running]> on host ff9d64b065e6
[2025-03-30T11:13:09.178+0000] {taskinstance.py:2510} INFO - Exporting env vars: AIRFLOW_CTX_DAG_OWNER='***' AIRFLOW_CTX_DAG_ID='inout_data_ingestion' AIRFLOW_CTX_TASK_ID='create_table' AIRFLOW_CTX_EXECUTION_DATE='2024-10-06T22:00:00+00:00' AIRFLOW_CTX_TRY_NUMBER='1' AIRFLOW_CTX_DAG_RUN_ID='scheduled__2024-10-06T22:00:00+00:00'
[2025-03-30T11:13:09.183+0000] {inout_data.py:42} INFO - Successfully connected to MariaDB: INOUT on mariadb:3306
[2025-03-30T11:13:09.185+0000] {inout_data.py:124} INFO - Table emp_inout_rec created (if it didn't exist).
[2025-03-30T11:13:09.187+0000] {inout_data.py:78} INFO - MariaDB connection closed.
[2025-03-30T11:13:09.188+0000] {python.py:202} INFO - Done. Returned value was: None
[2025-03-30T11:13:09.209+0000] {taskinstance.py:1149} INFO - Marking task as SUCCESS. dag_id=inout_data_ingestion, task_id=create_table, execution_date=20241006T220000, start_date=20250330T111308, end_date=20250330T111309
[2025-03-30T11:13:09.245+0000] {local_task_job_runner.py:234} INFO - Task exited with return code 0
[2025-03-30T11:13:09.265+0000] {taskinstance.py:3309} INFO - 1 downstream tasks scheduled from follow-on schedule check
[2025-03-30T11:19:49.353+0000] {taskinstance.py:1979} INFO - Dependencies all met for dep_context=non-requeueable deps ti=<TaskInstance: inout_data_ingestion.create_table scheduled__2024-10-06T22:00:00+00:00 [queued]>
[2025-03-30T11:19:49.360+0000] {taskinstance.py:1979} INFO - Dependencies all met for dep_context=requeueable deps ti=<TaskInstance: inout_data_ingestion.create_table scheduled__2024-10-06T22:00:00+00:00 [queued]>
[2025-03-30T11:19:49.361+0000] {taskinstance.py:2193} INFO - Starting attempt 1 of 2
[2025-03-30T11:19:49.371+0000] {taskinstance.py:2214} INFO - Executing <Task(PythonOperator): create_table> on 2024-10-06 22:00:00+00:00
[2025-03-30T11:19:49.374+0000] {standard_task_runner.py:60} INFO - Started process 3469 to run task
[2025-03-30T11:19:49.377+0000] {standard_task_runner.py:87} INFO - Running: ['***', 'tasks', 'run', 'inout_data_ingestion', 'create_table', 'scheduled__2024-10-06T22:00:00+00:00', '--job-id', '1709', '--raw', '--subdir', 'DAGS_FOLDER/inout_data.py', '--cfg-path', '/tmp/tmpxt7rq72b']
[2025-03-30T11:19:49.378+0000] {standard_task_runner.py:88} INFO - Job 1709: Subtask create_table
[2025-03-30T11:19:49.393+0000] {warnings.py:109} WARNING - /home/***/.local/lib/python3.8/site-packages/***/settings.py:194: DeprecationWarning: The sql_alchemy_conn option in [core] has been moved to the sql_alchemy_conn option in [database] - the old setting has been used, but please update your config.
  SQL_ALCHEMY_CONN = conf.get("database", "SQL_ALCHEMY_CONN")

[2025-03-30T11:19:49.427+0000] {task_command.py:423} INFO - Running <TaskInstance: inout_data_ingestion.create_table scheduled__2024-10-06T22:00:00+00:00 [running]> on host ff9d64b065e6
[2025-03-30T11:19:49.480+0000] {taskinstance.py:2510} INFO - Exporting env vars: AIRFLOW_CTX_DAG_OWNER='***' AIRFLOW_CTX_DAG_ID='inout_data_ingestion' AIRFLOW_CTX_TASK_ID='create_table' AIRFLOW_CTX_EXECUTION_DATE='2024-10-06T22:00:00+00:00' AIRFLOW_CTX_TRY_NUMBER='1' AIRFLOW_CTX_DAG_RUN_ID='scheduled__2024-10-06T22:00:00+00:00'
[2025-03-30T11:19:49.483+0000] {inout_data.py:42} INFO - Successfully connected to MariaDB: INOUT on mariadb:3306
[2025-03-30T11:19:49.484+0000] {inout_data.py:117} INFO - Table emp_inout_rec created (if it didn't exist).
[2025-03-30T11:19:49.485+0000] {inout_data.py:78} INFO - MariaDB connection closed.
[2025-03-30T11:19:49.485+0000] {python.py:202} INFO - Done. Returned value was: None
[2025-03-30T11:19:49.493+0000] {taskinstance.py:1149} INFO - Marking task as SUCCESS. dag_id=inout_data_ingestion, task_id=create_table, execution_date=20241006T220000, start_date=20250330T111949, end_date=20250330T111949
[2025-03-30T11:19:49.517+0000] {local_task_job_runner.py:234} INFO - Task exited with return code 0
[2025-03-30T11:19:49.534+0000] {taskinstance.py:3309} INFO - 1 downstream tasks scheduled from follow-on schedule check
