[2025-03-30T11:11:41.877+0000] {taskinstance.py:1979} INFO - Dependencies all met for dep_context=non-requeueable deps ti=<TaskInstance: inout_data_ingestion.create_table scheduled__2024-10-04T07:30:00+00:00 [queued]>
[2025-03-30T11:11:41.888+0000] {taskinstance.py:1979} INFO - Dependencies all met for dep_context=requeueable deps ti=<TaskInstance: inout_data_ingestion.create_table scheduled__2024-10-04T07:30:00+00:00 [queued]>
[2025-03-30T11:11:41.890+0000] {taskinstance.py:2193} INFO - Starting attempt 1 of 2
[2025-03-30T11:11:41.911+0000] {taskinstance.py:2214} INFO - Executing <Task(PythonOperator): create_table> on 2024-10-04 07:30:00+00:00
[2025-03-30T11:11:41.915+0000] {standard_task_runner.py:60} INFO - Started process 1118 to run task
[2025-03-30T11:11:41.921+0000] {standard_task_runner.py:87} INFO - Running: ['***', 'tasks', 'run', 'inout_data_ingestion', 'create_table', 'scheduled__2024-10-04T07:30:00+00:00', '--job-id', '533', '--raw', '--subdir', 'DAGS_FOLDER/inout_data.py', '--cfg-path', '/tmp/tmph2jfvi1p']
[2025-03-30T11:11:41.925+0000] {standard_task_runner.py:88} INFO - Job 533: Subtask create_table
[2025-03-30T11:11:41.946+0000] {warnings.py:109} WARNING - /home/***/.local/lib/python3.8/site-packages/***/settings.py:194: DeprecationWarning: The sql_alchemy_conn option in [core] has been moved to the sql_alchemy_conn option in [database] - the old setting has been used, but please update your config.
  SQL_ALCHEMY_CONN = conf.get("database", "SQL_ALCHEMY_CONN")

[2025-03-30T11:11:41.999+0000] {task_command.py:423} INFO - Running <TaskInstance: inout_data_ingestion.create_table scheduled__2024-10-04T07:30:00+00:00 [running]> on host ff9d64b065e6
[2025-03-30T11:11:42.262+0000] {taskinstance.py:2510} INFO - Exporting env vars: AIRFLOW_CTX_DAG_OWNER='***' AIRFLOW_CTX_DAG_ID='inout_data_ingestion' AIRFLOW_CTX_TASK_ID='create_table' AIRFLOW_CTX_EXECUTION_DATE='2024-10-04T07:30:00+00:00' AIRFLOW_CTX_TRY_NUMBER='1' AIRFLOW_CTX_DAG_RUN_ID='scheduled__2024-10-04T07:30:00+00:00'
[2025-03-30T11:11:42.270+0000] {inout_data.py:42} INFO - Successfully connected to MariaDB: INOUT on mariadb:3306
[2025-03-30T11:11:42.271+0000] {inout_data.py:124} INFO - Table emp_inout_rec created (if it didn't exist).
[2025-03-30T11:11:42.272+0000] {inout_data.py:78} INFO - MariaDB connection closed.
[2025-03-30T11:11:42.273+0000] {python.py:202} INFO - Done. Returned value was: None
[2025-03-30T11:11:42.284+0000] {taskinstance.py:1149} INFO - Marking task as SUCCESS. dag_id=inout_data_ingestion, task_id=create_table, execution_date=20241004T073000, start_date=20250330T111141, end_date=20250330T111142
[2025-03-30T11:11:42.362+0000] {local_task_job_runner.py:234} INFO - Task exited with return code 0
[2025-03-30T11:11:42.516+0000] {taskinstance.py:3309} INFO - 1 downstream tasks scheduled from follow-on schedule check
[2025-03-30T11:18:13.848+0000] {taskinstance.py:1979} INFO - Dependencies all met for dep_context=non-requeueable deps ti=<TaskInstance: inout_data_ingestion.create_table scheduled__2024-10-04T07:30:00+00:00 [queued]>
[2025-03-30T11:18:13.859+0000] {taskinstance.py:1979} INFO - Dependencies all met for dep_context=requeueable deps ti=<TaskInstance: inout_data_ingestion.create_table scheduled__2024-10-04T07:30:00+00:00 [queued]>
[2025-03-30T11:18:13.859+0000] {taskinstance.py:2193} INFO - Starting attempt 1 of 2
[2025-03-30T11:18:13.874+0000] {taskinstance.py:2214} INFO - Executing <Task(PythonOperator): create_table> on 2024-10-04 07:30:00+00:00
[2025-03-30T11:18:13.887+0000] {standard_task_runner.py:60} INFO - Started process 2971 to run task
[2025-03-30T11:18:13.896+0000] {standard_task_runner.py:87} INFO - Running: ['***', 'tasks', 'run', 'inout_data_ingestion', 'create_table', 'scheduled__2024-10-04T07:30:00+00:00', '--job-id', '1460', '--raw', '--subdir', 'DAGS_FOLDER/inout_data.py', '--cfg-path', '/tmp/tmpflt1it6p']
[2025-03-30T11:18:13.898+0000] {standard_task_runner.py:88} INFO - Job 1460: Subtask create_table
[2025-03-30T11:18:13.918+0000] {warnings.py:109} WARNING - /home/***/.local/lib/python3.8/site-packages/***/settings.py:194: DeprecationWarning: The sql_alchemy_conn option in [core] has been moved to the sql_alchemy_conn option in [database] - the old setting has been used, but please update your config.
  SQL_ALCHEMY_CONN = conf.get("database", "SQL_ALCHEMY_CONN")

[2025-03-30T11:18:13.963+0000] {task_command.py:423} INFO - Running <TaskInstance: inout_data_ingestion.create_table scheduled__2024-10-04T07:30:00+00:00 [running]> on host ff9d64b065e6
[2025-03-30T11:18:14.075+0000] {taskinstance.py:2510} INFO - Exporting env vars: AIRFLOW_CTX_DAG_OWNER='***' AIRFLOW_CTX_DAG_ID='inout_data_ingestion' AIRFLOW_CTX_TASK_ID='create_table' AIRFLOW_CTX_EXECUTION_DATE='2024-10-04T07:30:00+00:00' AIRFLOW_CTX_TRY_NUMBER='1' AIRFLOW_CTX_DAG_RUN_ID='scheduled__2024-10-04T07:30:00+00:00'
[2025-03-30T11:18:14.079+0000] {inout_data.py:42} INFO - Successfully connected to MariaDB: INOUT on mariadb:3306
[2025-03-30T11:18:14.080+0000] {inout_data.py:117} INFO - Table emp_inout_rec created (if it didn't exist).
[2025-03-30T11:18:14.081+0000] {inout_data.py:78} INFO - MariaDB connection closed.
[2025-03-30T11:18:14.081+0000] {python.py:202} INFO - Done. Returned value was: None
[2025-03-30T11:18:14.095+0000] {taskinstance.py:1149} INFO - Marking task as SUCCESS. dag_id=inout_data_ingestion, task_id=create_table, execution_date=20241004T073000, start_date=20250330T111813, end_date=20250330T111814
[2025-03-30T11:18:14.156+0000] {local_task_job_runner.py:234} INFO - Task exited with return code 0
[2025-03-30T11:18:14.199+0000] {taskinstance.py:3309} INFO - 0 downstream tasks scheduled from follow-on schedule check
[2025-03-30T11:30:33.834+0000] {taskinstance.py:1979} INFO - Dependencies all met for dep_context=non-requeueable deps ti=<TaskInstance: inout_data_ingestion.create_table scheduled__2024-10-04T07:30:00+00:00 [queued]>
[2025-03-30T11:30:33.846+0000] {taskinstance.py:1979} INFO - Dependencies all met for dep_context=requeueable deps ti=<TaskInstance: inout_data_ingestion.create_table scheduled__2024-10-04T07:30:00+00:00 [queued]>
[2025-03-30T11:30:33.848+0000] {taskinstance.py:2193} INFO - Starting attempt 1 of 2
[2025-03-30T11:30:33.874+0000] {taskinstance.py:2214} INFO - Executing <Task(PythonOperator): create_table> on 2024-10-04 07:30:00+00:00
[2025-03-30T11:30:33.883+0000] {standard_task_runner.py:60} INFO - Started process 4888 to run task
[2025-03-30T11:30:33.891+0000] {standard_task_runner.py:87} INFO - Running: ['***', 'tasks', 'run', 'inout_data_ingestion', 'create_table', 'scheduled__2024-10-04T07:30:00+00:00', '--job-id', '2418', '--raw', '--subdir', 'DAGS_FOLDER/inout_data.py', '--cfg-path', '/tmp/tmpvlj2ub5_']
[2025-03-30T11:30:33.895+0000] {standard_task_runner.py:88} INFO - Job 2418: Subtask create_table
[2025-03-30T11:30:33.914+0000] {warnings.py:109} WARNING - /home/***/.local/lib/python3.8/site-packages/***/settings.py:194: DeprecationWarning: The sql_alchemy_conn option in [core] has been moved to the sql_alchemy_conn option in [database] - the old setting has been used, but please update your config.
  SQL_ALCHEMY_CONN = conf.get("database", "SQL_ALCHEMY_CONN")

[2025-03-30T11:30:33.957+0000] {task_command.py:423} INFO - Running <TaskInstance: inout_data_ingestion.create_table scheduled__2024-10-04T07:30:00+00:00 [running]> on host ff9d64b065e6
[2025-03-30T11:30:34.044+0000] {taskinstance.py:2510} INFO - Exporting env vars: AIRFLOW_CTX_DAG_OWNER='***' AIRFLOW_CTX_DAG_ID='inout_data_ingestion' AIRFLOW_CTX_TASK_ID='create_table' AIRFLOW_CTX_EXECUTION_DATE='2024-10-04T07:30:00+00:00' AIRFLOW_CTX_TRY_NUMBER='1' AIRFLOW_CTX_DAG_RUN_ID='scheduled__2024-10-04T07:30:00+00:00'
[2025-03-30T11:30:34.050+0000] {logging_mixin.py:188} INFO - Successfully connected to MariaDB: INOUT on mariadb:3306
[2025-03-30T11:30:34.052+0000] {inout_data.py:46} INFO - Table emp_inout_rec created (if it didn't exist).
[2025-03-30T11:30:34.052+0000] {logging_mixin.py:188} INFO - MariaDB connection closed.
[2025-03-30T11:30:34.053+0000] {python.py:202} INFO - Done. Returned value was: None
[2025-03-30T11:30:34.077+0000] {taskinstance.py:1149} INFO - Marking task as SUCCESS. dag_id=inout_data_ingestion, task_id=create_table, execution_date=20241004T073000, start_date=20250330T113033, end_date=20250330T113034
[2025-03-30T11:30:34.113+0000] {local_task_job_runner.py:234} INFO - Task exited with return code 0
[2025-03-30T11:30:34.180+0000] {taskinstance.py:3309} INFO - 1 downstream tasks scheduled from follow-on schedule check
