[2025-03-30T11:10:25.633+0000] {taskinstance.py:1979} INFO - Dependencies all met for dep_context=non-requeueable deps ti=<TaskInstance: inout_data_ingestion.create_table scheduled__2024-10-02T03:00:00+00:00 [queued]>
[2025-03-30T11:10:25.655+0000] {taskinstance.py:1979} INFO - Dependencies all met for dep_context=requeueable deps ti=<TaskInstance: inout_data_ingestion.create_table scheduled__2024-10-02T03:00:00+00:00 [queued]>
[2025-03-30T11:10:25.657+0000] {taskinstance.py:2193} INFO - Starting attempt 1 of 2
[2025-03-30T11:10:25.684+0000] {taskinstance.py:2214} INFO - Executing <Task(PythonOperator): create_table> on 2024-10-02 03:00:00+00:00
[2025-03-30T11:10:25.691+0000] {standard_task_runner.py:60} INFO - Started process 698 to run task
[2025-03-30T11:10:25.695+0000] {standard_task_runner.py:87} INFO - Running: ['***', 'tasks', 'run', 'inout_data_ingestion', 'create_table', 'scheduled__2024-10-02T03:00:00+00:00', '--job-id', '323', '--raw', '--subdir', 'DAGS_FOLDER/inout_data.py', '--cfg-path', '/tmp/tmp6qxeolvw']
[2025-03-30T11:10:25.697+0000] {standard_task_runner.py:88} INFO - Job 323: Subtask create_table
[2025-03-30T11:10:25.712+0000] {warnings.py:109} WARNING - /home/***/.local/lib/python3.8/site-packages/***/settings.py:194: DeprecationWarning: The sql_alchemy_conn option in [core] has been moved to the sql_alchemy_conn option in [database] - the old setting has been used, but please update your config.
  SQL_ALCHEMY_CONN = conf.get("database", "SQL_ALCHEMY_CONN")

[2025-03-30T11:10:25.760+0000] {task_command.py:423} INFO - Running <TaskInstance: inout_data_ingestion.create_table scheduled__2024-10-02T03:00:00+00:00 [running]> on host ff9d64b065e6
[2025-03-30T11:10:25.862+0000] {taskinstance.py:2510} INFO - Exporting env vars: AIRFLOW_CTX_DAG_OWNER='***' AIRFLOW_CTX_DAG_ID='inout_data_ingestion' AIRFLOW_CTX_TASK_ID='create_table' AIRFLOW_CTX_EXECUTION_DATE='2024-10-02T03:00:00+00:00' AIRFLOW_CTX_TRY_NUMBER='1' AIRFLOW_CTX_DAG_RUN_ID='scheduled__2024-10-02T03:00:00+00:00'
[2025-03-30T11:10:25.874+0000] {inout_data.py:42} INFO - Successfully connected to MariaDB: INOUT on mariadb:3306
[2025-03-30T11:10:25.875+0000] {inout_data.py:124} INFO - Table emp_inout_rec created (if it didn't exist).
[2025-03-30T11:10:25.876+0000] {inout_data.py:78} INFO - MariaDB connection closed.
[2025-03-30T11:10:25.877+0000] {python.py:202} INFO - Done. Returned value was: None
[2025-03-30T11:10:25.888+0000] {taskinstance.py:1149} INFO - Marking task as SUCCESS. dag_id=inout_data_ingestion, task_id=create_table, execution_date=20241002T030000, start_date=20250330T111025, end_date=20250330T111025
[2025-03-30T11:10:25.924+0000] {local_task_job_runner.py:234} INFO - Task exited with return code 0
[2025-03-30T11:10:25.974+0000] {taskinstance.py:3309} INFO - 1 downstream tasks scheduled from follow-on schedule check
[2025-03-30T11:17:03.680+0000] {taskinstance.py:1979} INFO - Dependencies all met for dep_context=non-requeueable deps ti=<TaskInstance: inout_data_ingestion.create_table scheduled__2024-10-02T03:00:00+00:00 [queued]>
[2025-03-30T11:17:03.694+0000] {taskinstance.py:1979} INFO - Dependencies all met for dep_context=requeueable deps ti=<TaskInstance: inout_data_ingestion.create_table scheduled__2024-10-02T03:00:00+00:00 [queued]>
[2025-03-30T11:17:03.695+0000] {taskinstance.py:2193} INFO - Starting attempt 1 of 2
[2025-03-30T11:17:03.735+0000] {taskinstance.py:2214} INFO - Executing <Task(PythonOperator): create_table> on 2024-10-02 03:00:00+00:00
[2025-03-30T11:17:03.747+0000] {standard_task_runner.py:60} INFO - Started process 2551 to run task
[2025-03-30T11:17:03.761+0000] {standard_task_runner.py:87} INFO - Running: ['***', 'tasks', 'run', 'inout_data_ingestion', 'create_table', 'scheduled__2024-10-02T03:00:00+00:00', '--job-id', '1250', '--raw', '--subdir', 'DAGS_FOLDER/inout_data.py', '--cfg-path', '/tmp/tmps68k_5ma']
[2025-03-30T11:17:03.763+0000] {standard_task_runner.py:88} INFO - Job 1250: Subtask create_table
[2025-03-30T11:17:03.780+0000] {warnings.py:109} WARNING - /home/***/.local/lib/python3.8/site-packages/***/settings.py:194: DeprecationWarning: The sql_alchemy_conn option in [core] has been moved to the sql_alchemy_conn option in [database] - the old setting has been used, but please update your config.
  SQL_ALCHEMY_CONN = conf.get("database", "SQL_ALCHEMY_CONN")

[2025-03-30T11:17:03.829+0000] {task_command.py:423} INFO - Running <TaskInstance: inout_data_ingestion.create_table scheduled__2024-10-02T03:00:00+00:00 [running]> on host ff9d64b065e6
[2025-03-30T11:17:03.960+0000] {taskinstance.py:2510} INFO - Exporting env vars: AIRFLOW_CTX_DAG_OWNER='***' AIRFLOW_CTX_DAG_ID='inout_data_ingestion' AIRFLOW_CTX_TASK_ID='create_table' AIRFLOW_CTX_EXECUTION_DATE='2024-10-02T03:00:00+00:00' AIRFLOW_CTX_TRY_NUMBER='1' AIRFLOW_CTX_DAG_RUN_ID='scheduled__2024-10-02T03:00:00+00:00'
[2025-03-30T11:17:03.971+0000] {inout_data.py:42} INFO - Successfully connected to MariaDB: INOUT on mariadb:3306
[2025-03-30T11:17:03.972+0000] {inout_data.py:117} INFO - Table emp_inout_rec created (if it didn't exist).
[2025-03-30T11:17:03.972+0000] {inout_data.py:78} INFO - MariaDB connection closed.
[2025-03-30T11:17:03.973+0000] {python.py:202} INFO - Done. Returned value was: None
[2025-03-30T11:17:03.985+0000] {taskinstance.py:1149} INFO - Marking task as SUCCESS. dag_id=inout_data_ingestion, task_id=create_table, execution_date=20241002T030000, start_date=20250330T111703, end_date=20250330T111703
[2025-03-30T11:17:04.024+0000] {local_task_job_runner.py:234} INFO - Task exited with return code 0
[2025-03-30T11:17:04.051+0000] {taskinstance.py:3309} INFO - 1 downstream tasks scheduled from follow-on schedule check
[2025-03-30T11:29:34.299+0000] {taskinstance.py:1979} INFO - Dependencies all met for dep_context=non-requeueable deps ti=<TaskInstance: inout_data_ingestion.create_table scheduled__2024-10-02T03:00:00+00:00 [queued]>
[2025-03-30T11:29:34.315+0000] {taskinstance.py:1979} INFO - Dependencies all met for dep_context=requeueable deps ti=<TaskInstance: inout_data_ingestion.create_table scheduled__2024-10-02T03:00:00+00:00 [queued]>
[2025-03-30T11:29:34.316+0000] {taskinstance.py:2193} INFO - Starting attempt 1 of 2
[2025-03-30T11:29:34.328+0000] {taskinstance.py:2214} INFO - Executing <Task(PythonOperator): create_table> on 2024-10-02 03:00:00+00:00
[2025-03-30T11:29:34.331+0000] {standard_task_runner.py:60} INFO - Started process 4473 to run task
[2025-03-30T11:29:34.335+0000] {standard_task_runner.py:87} INFO - Running: ['***', 'tasks', 'run', 'inout_data_ingestion', 'create_table', 'scheduled__2024-10-02T03:00:00+00:00', '--job-id', '2211', '--raw', '--subdir', 'DAGS_FOLDER/inout_data.py', '--cfg-path', '/tmp/tmp0lr5be9m']
[2025-03-30T11:29:34.336+0000] {standard_task_runner.py:88} INFO - Job 2211: Subtask create_table
[2025-03-30T11:29:34.353+0000] {warnings.py:109} WARNING - /home/***/.local/lib/python3.8/site-packages/***/settings.py:194: DeprecationWarning: The sql_alchemy_conn option in [core] has been moved to the sql_alchemy_conn option in [database] - the old setting has been used, but please update your config.
  SQL_ALCHEMY_CONN = conf.get("database", "SQL_ALCHEMY_CONN")

[2025-03-30T11:29:34.385+0000] {task_command.py:423} INFO - Running <TaskInstance: inout_data_ingestion.create_table scheduled__2024-10-02T03:00:00+00:00 [running]> on host ff9d64b065e6
[2025-03-30T11:29:34.457+0000] {taskinstance.py:2510} INFO - Exporting env vars: AIRFLOW_CTX_DAG_OWNER='***' AIRFLOW_CTX_DAG_ID='inout_data_ingestion' AIRFLOW_CTX_TASK_ID='create_table' AIRFLOW_CTX_EXECUTION_DATE='2024-10-02T03:00:00+00:00' AIRFLOW_CTX_TRY_NUMBER='1' AIRFLOW_CTX_DAG_RUN_ID='scheduled__2024-10-02T03:00:00+00:00'
[2025-03-30T11:29:34.462+0000] {logging_mixin.py:188} INFO - Successfully connected to MariaDB: INOUT on mariadb:3306
[2025-03-30T11:29:34.464+0000] {inout_data.py:46} INFO - Table emp_inout_rec created (if it didn't exist).
[2025-03-30T11:29:34.465+0000] {logging_mixin.py:188} INFO - MariaDB connection closed.
[2025-03-30T11:29:34.465+0000] {python.py:202} INFO - Done. Returned value was: None
[2025-03-30T11:29:34.473+0000] {taskinstance.py:1149} INFO - Marking task as SUCCESS. dag_id=inout_data_ingestion, task_id=create_table, execution_date=20241002T030000, start_date=20250330T112934, end_date=20250330T112934
[2025-03-30T11:29:34.515+0000] {local_task_job_runner.py:234} INFO - Task exited with return code 0
[2025-03-30T11:29:34.530+0000] {taskinstance.py:3309} INFO - 1 downstream tasks scheduled from follow-on schedule check
[2025-03-30T11:34:24.703+0000] {taskinstance.py:1979} INFO - Dependencies all met for dep_context=non-requeueable deps ti=<TaskInstance: inout_data_ingestion.create_table scheduled__2024-10-02T03:00:00+00:00 [queued]>
[2025-03-30T11:34:24.714+0000] {taskinstance.py:1979} INFO - Dependencies all met for dep_context=requeueable deps ti=<TaskInstance: inout_data_ingestion.create_table scheduled__2024-10-02T03:00:00+00:00 [queued]>
[2025-03-30T11:34:24.714+0000] {taskinstance.py:2193} INFO - Starting attempt 1 of 2
[2025-03-30T11:34:24.739+0000] {taskinstance.py:2214} INFO - Executing <Task(PythonOperator): create_table> on 2024-10-02 03:00:00+00:00
[2025-03-30T11:34:24.746+0000] {standard_task_runner.py:60} INFO - Started process 5929 to run task
[2025-03-30T11:34:24.760+0000] {standard_task_runner.py:87} INFO - Running: ['***', 'tasks', 'run', 'inout_data_ingestion', 'create_table', 'scheduled__2024-10-02T03:00:00+00:00', '--job-id', '2939', '--raw', '--subdir', 'DAGS_FOLDER/inout_data.py', '--cfg-path', '/tmp/tmpxb5ocevb']
[2025-03-30T11:34:24.765+0000] {standard_task_runner.py:88} INFO - Job 2939: Subtask create_table
[2025-03-30T11:34:24.800+0000] {warnings.py:109} WARNING - /home/***/.local/lib/python3.8/site-packages/***/settings.py:194: DeprecationWarning: The sql_alchemy_conn option in [core] has been moved to the sql_alchemy_conn option in [database] - the old setting has been used, but please update your config.
  SQL_ALCHEMY_CONN = conf.get("database", "SQL_ALCHEMY_CONN")

[2025-03-30T11:34:24.895+0000] {task_command.py:423} INFO - Running <TaskInstance: inout_data_ingestion.create_table scheduled__2024-10-02T03:00:00+00:00 [running]> on host ff9d64b065e6
[2025-03-30T11:34:25.044+0000] {taskinstance.py:2510} INFO - Exporting env vars: AIRFLOW_CTX_DAG_OWNER='***' AIRFLOW_CTX_DAG_ID='inout_data_ingestion' AIRFLOW_CTX_TASK_ID='create_table' AIRFLOW_CTX_EXECUTION_DATE='2024-10-02T03:00:00+00:00' AIRFLOW_CTX_TRY_NUMBER='1' AIRFLOW_CTX_DAG_RUN_ID='scheduled__2024-10-02T03:00:00+00:00'
[2025-03-30T11:34:25.071+0000] {logging_mixin.py:188} INFO - Successfully connected to MariaDB: INOUT on mariadb:3306
[2025-03-30T11:34:25.075+0000] {inout_data.py:46} INFO - Table emp_inout_rec created (if it didn't exist).
[2025-03-30T11:34:25.077+0000] {logging_mixin.py:188} INFO - MariaDB connection closed.
[2025-03-30T11:34:25.080+0000] {python.py:202} INFO - Done. Returned value was: None
[2025-03-30T11:34:25.106+0000] {taskinstance.py:1149} INFO - Marking task as SUCCESS. dag_id=inout_data_ingestion, task_id=create_table, execution_date=20241002T030000, start_date=20250330T113424, end_date=20250330T113425
[2025-03-30T11:34:25.199+0000] {local_task_job_runner.py:234} INFO - Task exited with return code 0
[2025-03-30T11:34:25.266+0000] {taskinstance.py:3309} INFO - 0 downstream tasks scheduled from follow-on schedule check
[2025-03-30T11:41:59.864+0000] {taskinstance.py:1979} INFO - Dependencies all met for dep_context=non-requeueable deps ti=<TaskInstance: inout_data_ingestion.create_table scheduled__2024-10-02T03:00:00+00:00 [queued]>
[2025-03-30T11:41:59.888+0000] {taskinstance.py:1979} INFO - Dependencies all met for dep_context=requeueable deps ti=<TaskInstance: inout_data_ingestion.create_table scheduled__2024-10-02T03:00:00+00:00 [queued]>
[2025-03-30T11:41:59.889+0000] {taskinstance.py:2193} INFO - Starting attempt 1 of 2
[2025-03-30T11:41:59.923+0000] {taskinstance.py:2214} INFO - Executing <Task(PythonOperator): create_table> on 2024-10-02 03:00:00+00:00
[2025-03-30T11:41:59.932+0000] {standard_task_runner.py:60} INFO - Started process 7267 to run task
[2025-03-30T11:41:59.937+0000] {standard_task_runner.py:87} INFO - Running: ['***', 'tasks', 'run', 'inout_data_ingestion', 'create_table', 'scheduled__2024-10-02T03:00:00+00:00', '--job-id', '3606', '--raw', '--subdir', 'DAGS_FOLDER/inout_data.py', '--cfg-path', '/tmp/tmpnr7eoiot']
[2025-03-30T11:41:59.939+0000] {standard_task_runner.py:88} INFO - Job 3606: Subtask create_table
[2025-03-30T11:41:59.968+0000] {warnings.py:109} WARNING - /home/***/.local/lib/python3.8/site-packages/***/settings.py:194: DeprecationWarning: The sql_alchemy_conn option in [core] has been moved to the sql_alchemy_conn option in [database] - the old setting has been used, but please update your config.
  SQL_ALCHEMY_CONN = conf.get("database", "SQL_ALCHEMY_CONN")

[2025-03-30T11:42:00.044+0000] {task_command.py:423} INFO - Running <TaskInstance: inout_data_ingestion.create_table scheduled__2024-10-02T03:00:00+00:00 [running]> on host ff9d64b065e6
[2025-03-30T11:42:00.140+0000] {taskinstance.py:2510} INFO - Exporting env vars: AIRFLOW_CTX_DAG_OWNER='***' AIRFLOW_CTX_DAG_ID='inout_data_ingestion' AIRFLOW_CTX_TASK_ID='create_table' AIRFLOW_CTX_EXECUTION_DATE='2024-10-02T03:00:00+00:00' AIRFLOW_CTX_TRY_NUMBER='1' AIRFLOW_CTX_DAG_RUN_ID='scheduled__2024-10-02T03:00:00+00:00'
[2025-03-30T11:42:00.147+0000] {logging_mixin.py:188} INFO - Successfully connected to MariaDB: INOUT on mariadb:3306
[2025-03-30T11:42:00.148+0000] {inout_data.py:46} INFO - Table emp_inout_rec created (if it didn't exist).
[2025-03-30T11:42:00.149+0000] {logging_mixin.py:188} INFO - MariaDB connection closed.
[2025-03-30T11:42:00.149+0000] {python.py:202} INFO - Done. Returned value was: None
[2025-03-30T11:42:00.162+0000] {taskinstance.py:1149} INFO - Marking task as SUCCESS. dag_id=inout_data_ingestion, task_id=create_table, execution_date=20241002T030000, start_date=20250330T114159, end_date=20250330T114200
[2025-03-30T11:42:00.205+0000] {local_task_job_runner.py:234} INFO - Task exited with return code 0
[2025-03-30T11:42:00.229+0000] {taskinstance.py:3309} INFO - 1 downstream tasks scheduled from follow-on schedule check
