[2025-03-30T11:13:21.627+0000] {taskinstance.py:1979} INFO - Dependencies all met for dep_context=non-requeueable deps ti=<TaskInstance: inout_data_ingestion.ingest_dummy_data scheduled__2024-10-07T08:30:00+00:00 [queued]>
[2025-03-30T11:13:21.635+0000] {taskinstance.py:1979} INFO - Dependencies all met for dep_context=requeueable deps ti=<TaskInstance: inout_data_ingestion.ingest_dummy_data scheduled__2024-10-07T08:30:00+00:00 [queued]>
[2025-03-30T11:13:21.636+0000] {taskinstance.py:2193} INFO - Starting attempt 1 of 2
[2025-03-30T11:13:21.647+0000] {taskinstance.py:2214} INFO - Executing <Task(PythonOperator): ingest_dummy_data> on 2024-10-07 08:30:00+00:00
[2025-03-30T11:13:21.651+0000] {standard_task_runner.py:60} INFO - Started process 1709 to run task
[2025-03-30T11:13:21.655+0000] {standard_task_runner.py:87} INFO - Running: ['***', 'tasks', 'run', 'inout_data_ingestion', 'ingest_dummy_data', 'scheduled__2024-10-07T08:30:00+00:00', '--job-id', '829', '--raw', '--subdir', 'DAGS_FOLDER/inout_data.py', '--cfg-path', '/tmp/tmpidyufz90']
[2025-03-30T11:13:21.657+0000] {standard_task_runner.py:88} INFO - Job 829: Subtask ingest_dummy_data
[2025-03-30T11:13:21.672+0000] {warnings.py:109} WARNING - /home/***/.local/lib/python3.8/site-packages/***/settings.py:194: DeprecationWarning: The sql_alchemy_conn option in [core] has been moved to the sql_alchemy_conn option in [database] - the old setting has been used, but please update your config.
  SQL_ALCHEMY_CONN = conf.get("database", "SQL_ALCHEMY_CONN")

[2025-03-30T11:13:21.696+0000] {task_command.py:423} INFO - Running <TaskInstance: inout_data_ingestion.ingest_dummy_data scheduled__2024-10-07T08:30:00+00:00 [running]> on host ff9d64b065e6
[2025-03-30T11:13:21.738+0000] {taskinstance.py:2510} INFO - Exporting env vars: AIRFLOW_CTX_DAG_OWNER='***' AIRFLOW_CTX_DAG_ID='inout_data_ingestion' AIRFLOW_CTX_TASK_ID='ingest_dummy_data' AIRFLOW_CTX_EXECUTION_DATE='2024-10-07T08:30:00+00:00' AIRFLOW_CTX_TRY_NUMBER='1' AIRFLOW_CTX_DAG_RUN_ID='scheduled__2024-10-07T08:30:00+00:00'
[2025-03-30T11:13:21.740+0000] {inout_data.py:42} INFO - Successfully connected to MariaDB: INOUT on mariadb:3306
[2025-03-30T11:13:21.741+0000] {inout_data.py:63} ERROR - Error executing query: (1062, "Duplicate entry '2025-03-30 11:13:21-8608' for key 'PRIMARY'")
[2025-03-30T11:13:21.741+0000] {inout_data.py:63} ERROR - Error executing query: (1062, "Duplicate entry '2025-03-30 11:13:21-8608' for key 'PRIMARY'")
[2025-03-30T11:13:21.741+0000] {inout_data.py:63} ERROR - Error executing query: (1062, "Duplicate entry '2025-03-30 11:13:21-8608' for key 'PRIMARY'")
[2025-03-30T11:13:21.742+0000] {inout_data.py:63} ERROR - Error executing query: (1062, "Duplicate entry '2025-03-30 11:13:21-8608' for key 'PRIMARY'")
[2025-03-30T11:13:21.742+0000] {inout_data.py:63} ERROR - Error executing query: (1062, "Duplicate entry '2025-03-30 11:13:21-8608' for key 'PRIMARY'")
[2025-03-30T11:13:21.742+0000] {inout_data.py:159} INFO - Ingested 6 rows of dummy data.
[2025-03-30T11:13:21.742+0000] {inout_data.py:78} INFO - MariaDB connection closed.
[2025-03-30T11:13:21.742+0000] {python.py:202} INFO - Done. Returned value was: None
[2025-03-30T11:13:21.747+0000] {taskinstance.py:1149} INFO - Marking task as SUCCESS. dag_id=inout_data_ingestion, task_id=ingest_dummy_data, execution_date=20241007T083000, start_date=20250330T111321, end_date=20250330T111321
[2025-03-30T11:13:21.795+0000] {local_task_job_runner.py:234} INFO - Task exited with return code 0
[2025-03-30T11:13:21.805+0000] {taskinstance.py:3309} INFO - 0 downstream tasks scheduled from follow-on schedule check
[2025-03-30T11:20:03.936+0000] {taskinstance.py:1979} INFO - Dependencies all met for dep_context=non-requeueable deps ti=<TaskInstance: inout_data_ingestion.ingest_dummy_data scheduled__2024-10-07T08:30:00+00:00 [queued]>
[2025-03-30T11:20:03.950+0000] {taskinstance.py:1979} INFO - Dependencies all met for dep_context=requeueable deps ti=<TaskInstance: inout_data_ingestion.ingest_dummy_data scheduled__2024-10-07T08:30:00+00:00 [queued]>
[2025-03-30T11:20:03.950+0000] {taskinstance.py:2193} INFO - Starting attempt 1 of 2
[2025-03-30T11:20:03.964+0000] {taskinstance.py:2214} INFO - Executing <Task(PythonOperator): ingest_dummy_data> on 2024-10-07 08:30:00+00:00
[2025-03-30T11:20:03.970+0000] {standard_task_runner.py:60} INFO - Started process 3566 to run task
[2025-03-30T11:20:03.975+0000] {standard_task_runner.py:87} INFO - Running: ['***', 'tasks', 'run', 'inout_data_ingestion', 'ingest_dummy_data', 'scheduled__2024-10-07T08:30:00+00:00', '--job-id', '1758', '--raw', '--subdir', 'DAGS_FOLDER/inout_data.py', '--cfg-path', '/tmp/tmpu_tufbb7']
[2025-03-30T11:20:03.977+0000] {standard_task_runner.py:88} INFO - Job 1758: Subtask ingest_dummy_data
[2025-03-30T11:20:03.990+0000] {warnings.py:109} WARNING - /home/***/.local/lib/python3.8/site-packages/***/settings.py:194: DeprecationWarning: The sql_alchemy_conn option in [core] has been moved to the sql_alchemy_conn option in [database] - the old setting has been used, but please update your config.
  SQL_ALCHEMY_CONN = conf.get("database", "SQL_ALCHEMY_CONN")

[2025-03-30T11:20:04.017+0000] {task_command.py:423} INFO - Running <TaskInstance: inout_data_ingestion.ingest_dummy_data scheduled__2024-10-07T08:30:00+00:00 [running]> on host ff9d64b065e6
[2025-03-30T11:20:04.086+0000] {taskinstance.py:2510} INFO - Exporting env vars: AIRFLOW_CTX_DAG_OWNER='***' AIRFLOW_CTX_DAG_ID='inout_data_ingestion' AIRFLOW_CTX_TASK_ID='ingest_dummy_data' AIRFLOW_CTX_EXECUTION_DATE='2024-10-07T08:30:00+00:00' AIRFLOW_CTX_TRY_NUMBER='1' AIRFLOW_CTX_DAG_RUN_ID='scheduled__2024-10-07T08:30:00+00:00'
[2025-03-30T11:20:04.093+0000] {inout_data.py:42} INFO - Successfully connected to MariaDB: INOUT on mariadb:3306
[2025-03-30T11:20:04.095+0000] {inout_data.py:63} ERROR - Error executing query: (1062, "Duplicate entry '2025-03-30 11:20:04-1582' for key 'PRIMARY'")
[2025-03-30T11:20:04.095+0000] {inout_data.py:63} ERROR - Error executing query: (1062, "Duplicate entry '2025-03-30 11:20:04-1582' for key 'PRIMARY'")
[2025-03-30T11:20:04.096+0000] {inout_data.py:63} ERROR - Error executing query: (1062, "Duplicate entry '2025-03-30 11:20:04-1582' for key 'PRIMARY'")
[2025-03-30T11:20:04.096+0000] {inout_data.py:63} ERROR - Error executing query: (1062, "Duplicate entry '2025-03-30 11:20:04-1582' for key 'PRIMARY'")
[2025-03-30T11:20:04.096+0000] {inout_data.py:63} ERROR - Error executing query: (1062, "Duplicate entry '2025-03-30 11:20:04-1582' for key 'PRIMARY'")
[2025-03-30T11:20:04.097+0000] {inout_data.py:63} ERROR - Error executing query: (1062, "Duplicate entry '2025-03-30 11:20:04-1582' for key 'PRIMARY'")
[2025-03-30T11:20:04.097+0000] {inout_data.py:152} INFO - Ingested 7 rows of dummy data.
[2025-03-30T11:20:04.097+0000] {inout_data.py:78} INFO - MariaDB connection closed.
[2025-03-30T11:20:04.097+0000] {python.py:202} INFO - Done. Returned value was: None
[2025-03-30T11:20:04.102+0000] {taskinstance.py:1149} INFO - Marking task as SUCCESS. dag_id=inout_data_ingestion, task_id=ingest_dummy_data, execution_date=20241007T083000, start_date=20250330T112003, end_date=20250330T112004
[2025-03-30T11:20:04.117+0000] {local_task_job_runner.py:234} INFO - Task exited with return code 0
[2025-03-30T11:20:04.127+0000] {taskinstance.py:3309} INFO - 0 downstream tasks scheduled from follow-on schedule check
