[2025-03-30T11:09:03.268+0000] {taskinstance.py:1979} INFO - Dependencies all met for dep_context=non-requeueable deps ti=<TaskInstance: inout_data_ingestion.ingest_dummy_data scheduled__2024-09-29T14:30:00+00:00 [queued]>
[2025-03-30T11:09:03.276+0000] {taskinstance.py:1979} INFO - Dependencies all met for dep_context=requeueable deps ti=<TaskInstance: inout_data_ingestion.ingest_dummy_data scheduled__2024-09-29T14:30:00+00:00 [queued]>
[2025-03-30T11:09:03.276+0000] {taskinstance.py:2193} INFO - Starting attempt 1 of 2
[2025-03-30T11:09:03.291+0000] {taskinstance.py:2214} INFO - Executing <Task(PythonOperator): ingest_dummy_data> on 2024-09-29 14:30:00+00:00
[2025-03-30T11:09:03.296+0000] {standard_task_runner.py:60} INFO - Started process 222 to run task
[2025-03-30T11:09:03.301+0000] {standard_task_runner.py:87} INFO - Running: ['***', 'tasks', 'run', 'inout_data_ingestion', 'ingest_dummy_data', 'scheduled__2024-09-29T14:30:00+00:00', '--job-id', '86', '--raw', '--subdir', 'DAGS_FOLDER/inout_data.py', '--cfg-path', '/tmp/tmpuxb9v7v3']
[2025-03-30T11:09:03.303+0000] {standard_task_runner.py:88} INFO - Job 86: Subtask ingest_dummy_data
[2025-03-30T11:09:03.318+0000] {warnings.py:109} WARNING - /home/***/.local/lib/python3.8/site-packages/***/settings.py:194: DeprecationWarning: The sql_alchemy_conn option in [core] has been moved to the sql_alchemy_conn option in [database] - the old setting has been used, but please update your config.
  SQL_ALCHEMY_CONN = conf.get("database", "SQL_ALCHEMY_CONN")

[2025-03-30T11:09:03.344+0000] {task_command.py:423} INFO - Running <TaskInstance: inout_data_ingestion.ingest_dummy_data scheduled__2024-09-29T14:30:00+00:00 [running]> on host ff9d64b065e6
[2025-03-30T11:09:03.394+0000] {taskinstance.py:2510} INFO - Exporting env vars: AIRFLOW_CTX_DAG_OWNER='***' AIRFLOW_CTX_DAG_ID='inout_data_ingestion' AIRFLOW_CTX_TASK_ID='ingest_dummy_data' AIRFLOW_CTX_EXECUTION_DATE='2024-09-29T14:30:00+00:00' AIRFLOW_CTX_TRY_NUMBER='1' AIRFLOW_CTX_DAG_RUN_ID='scheduled__2024-09-29T14:30:00+00:00'
[2025-03-30T11:09:03.397+0000] {inout_data.py:42} INFO - Successfully connected to MariaDB: INOUT on mariadb:3306
[2025-03-30T11:09:03.398+0000] {inout_data.py:63} ERROR - Error executing query: (1062, "Duplicate entry '2025-03-30 11:09:03-9255' for key 'PRIMARY'")
[2025-03-30T11:09:03.398+0000] {inout_data.py:63} ERROR - Error executing query: (1062, "Duplicate entry '2025-03-30 11:09:03-9255' for key 'PRIMARY'")
[2025-03-30T11:09:03.398+0000] {inout_data.py:63} ERROR - Error executing query: (1062, "Duplicate entry '2025-03-30 11:09:03-9255' for key 'PRIMARY'")
[2025-03-30T11:09:03.399+0000] {inout_data.py:63} ERROR - Error executing query: (1062, "Duplicate entry '2025-03-30 11:09:03-9255' for key 'PRIMARY'")
[2025-03-30T11:09:03.399+0000] {inout_data.py:63} ERROR - Error executing query: (1062, "Duplicate entry '2025-03-30 11:09:03-9255' for key 'PRIMARY'")
[2025-03-30T11:09:03.400+0000] {inout_data.py:63} ERROR - Error executing query: (1062, "Duplicate entry '2025-03-30 11:09:03-9255' for key 'PRIMARY'")
[2025-03-30T11:09:03.400+0000] {inout_data.py:63} ERROR - Error executing query: (1062, "Duplicate entry '2025-03-30 11:09:03-9255' for key 'PRIMARY'")
[2025-03-30T11:09:03.401+0000] {inout_data.py:63} ERROR - Error executing query: (1062, "Duplicate entry '2025-03-30 11:09:03-9255' for key 'PRIMARY'")
[2025-03-30T11:09:03.401+0000] {inout_data.py:63} ERROR - Error executing query: (1062, "Duplicate entry '2025-03-30 11:09:03-9255' for key 'PRIMARY'")
[2025-03-30T11:09:03.401+0000] {inout_data.py:63} ERROR - Error executing query: (1062, "Duplicate entry '2025-03-30 11:09:03-9255' for key 'PRIMARY'")
[2025-03-30T11:09:03.402+0000] {inout_data.py:63} ERROR - Error executing query: (1062, "Duplicate entry '2025-03-30 11:09:03-9255' for key 'PRIMARY'")
[2025-03-30T11:09:03.402+0000] {inout_data.py:63} ERROR - Error executing query: (1062, "Duplicate entry '2025-03-30 11:09:03-9255' for key 'PRIMARY'")
[2025-03-30T11:09:03.403+0000] {inout_data.py:63} ERROR - Error executing query: (1062, "Duplicate entry '2025-03-30 11:09:03-9255' for key 'PRIMARY'")
[2025-03-30T11:09:03.403+0000] {inout_data.py:63} ERROR - Error executing query: (1062, "Duplicate entry '2025-03-30 11:09:03-9255' for key 'PRIMARY'")
[2025-03-30T11:09:03.404+0000] {inout_data.py:63} ERROR - Error executing query: (1062, "Duplicate entry '2025-03-30 11:09:03-9255' for key 'PRIMARY'")
[2025-03-30T11:09:03.404+0000] {inout_data.py:63} ERROR - Error executing query: (1062, "Duplicate entry '2025-03-30 11:09:03-9255' for key 'PRIMARY'")
[2025-03-30T11:09:03.404+0000] {inout_data.py:63} ERROR - Error executing query: (1062, "Duplicate entry '2025-03-30 11:09:03-9255' for key 'PRIMARY'")
[2025-03-30T11:09:03.405+0000] {inout_data.py:159} INFO - Ingested 18 rows of dummy data.
[2025-03-30T11:09:03.405+0000] {inout_data.py:78} INFO - MariaDB connection closed.
[2025-03-30T11:09:03.405+0000] {python.py:202} INFO - Done. Returned value was: None
[2025-03-30T11:09:03.409+0000] {taskinstance.py:1149} INFO - Marking task as SUCCESS. dag_id=inout_data_ingestion, task_id=ingest_dummy_data, execution_date=20240929T143000, start_date=20250330T110903, end_date=20250330T110903
[2025-03-30T11:09:03.438+0000] {local_task_job_runner.py:234} INFO - Task exited with return code 0
[2025-03-30T11:09:03.453+0000] {taskinstance.py:3309} INFO - 0 downstream tasks scheduled from follow-on schedule check
[2025-03-30T11:15:43.296+0000] {taskinstance.py:1979} INFO - Dependencies all met for dep_context=non-requeueable deps ti=<TaskInstance: inout_data_ingestion.ingest_dummy_data scheduled__2024-09-29T14:30:00+00:00 [queued]>
[2025-03-30T11:15:43.319+0000] {taskinstance.py:1979} INFO - Dependencies all met for dep_context=requeueable deps ti=<TaskInstance: inout_data_ingestion.ingest_dummy_data scheduled__2024-09-29T14:30:00+00:00 [queued]>
[2025-03-30T11:15:43.320+0000] {taskinstance.py:2193} INFO - Starting attempt 1 of 2
[2025-03-30T11:15:43.345+0000] {taskinstance.py:2214} INFO - Executing <Task(PythonOperator): ingest_dummy_data> on 2024-09-29 14:30:00+00:00
[2025-03-30T11:15:43.349+0000] {standard_task_runner.py:60} INFO - Started process 2078 to run task
[2025-03-30T11:15:43.355+0000] {standard_task_runner.py:87} INFO - Running: ['***', 'tasks', 'run', 'inout_data_ingestion', 'ingest_dummy_data', 'scheduled__2024-09-29T14:30:00+00:00', '--job-id', '1014', '--raw', '--subdir', 'DAGS_FOLDER/inout_data.py', '--cfg-path', '/tmp/tmpdi26sh60']
[2025-03-30T11:15:43.359+0000] {standard_task_runner.py:88} INFO - Job 1014: Subtask ingest_dummy_data
[2025-03-30T11:15:43.386+0000] {warnings.py:109} WARNING - /home/***/.local/lib/python3.8/site-packages/***/settings.py:194: DeprecationWarning: The sql_alchemy_conn option in [core] has been moved to the sql_alchemy_conn option in [database] - the old setting has been used, but please update your config.
  SQL_ALCHEMY_CONN = conf.get("database", "SQL_ALCHEMY_CONN")

[2025-03-30T11:15:43.433+0000] {task_command.py:423} INFO - Running <TaskInstance: inout_data_ingestion.ingest_dummy_data scheduled__2024-09-29T14:30:00+00:00 [running]> on host ff9d64b065e6
[2025-03-30T11:15:43.715+0000] {taskinstance.py:2510} INFO - Exporting env vars: AIRFLOW_CTX_DAG_OWNER='***' AIRFLOW_CTX_DAG_ID='inout_data_ingestion' AIRFLOW_CTX_TASK_ID='ingest_dummy_data' AIRFLOW_CTX_EXECUTION_DATE='2024-09-29T14:30:00+00:00' AIRFLOW_CTX_TRY_NUMBER='1' AIRFLOW_CTX_DAG_RUN_ID='scheduled__2024-09-29T14:30:00+00:00'
[2025-03-30T11:15:43.730+0000] {inout_data.py:42} INFO - Successfully connected to MariaDB: INOUT on mariadb:3306
[2025-03-30T11:15:43.735+0000] {inout_data.py:63} ERROR - Error executing query: (1062, "Duplicate entry '2025-03-30 11:15:43-9344' for key 'PRIMARY'")
[2025-03-30T11:15:43.741+0000] {inout_data.py:63} ERROR - Error executing query: (1062, "Duplicate entry '2025-03-30 11:15:43-9344' for key 'PRIMARY'")
[2025-03-30T11:15:43.742+0000] {inout_data.py:63} ERROR - Error executing query: (1062, "Duplicate entry '2025-03-30 11:15:43-9344' for key 'PRIMARY'")
[2025-03-30T11:15:43.743+0000] {inout_data.py:63} ERROR - Error executing query: (1062, "Duplicate entry '2025-03-30 11:15:43-9344' for key 'PRIMARY'")
[2025-03-30T11:15:43.744+0000] {inout_data.py:63} ERROR - Error executing query: (1062, "Duplicate entry '2025-03-30 11:15:43-9344' for key 'PRIMARY'")
[2025-03-30T11:15:43.745+0000] {inout_data.py:63} ERROR - Error executing query: (1062, "Duplicate entry '2025-03-30 11:15:43-9344' for key 'PRIMARY'")
[2025-03-30T11:15:43.746+0000] {inout_data.py:63} ERROR - Error executing query: (1062, "Duplicate entry '2025-03-30 11:15:43-9344' for key 'PRIMARY'")
[2025-03-30T11:15:43.747+0000] {inout_data.py:63} ERROR - Error executing query: (1062, "Duplicate entry '2025-03-30 11:15:43-9344' for key 'PRIMARY'")
[2025-03-30T11:15:43.748+0000] {inout_data.py:63} ERROR - Error executing query: (1062, "Duplicate entry '2025-03-30 11:15:43-9344' for key 'PRIMARY'")
[2025-03-30T11:15:43.750+0000] {inout_data.py:63} ERROR - Error executing query: (1062, "Duplicate entry '2025-03-30 11:15:43-9344' for key 'PRIMARY'")
[2025-03-30T11:15:43.752+0000] {inout_data.py:63} ERROR - Error executing query: (1062, "Duplicate entry '2025-03-30 11:15:43-9344' for key 'PRIMARY'")
[2025-03-30T11:15:43.753+0000] {inout_data.py:152} INFO - Ingested 12 rows of dummy data.
[2025-03-30T11:15:43.754+0000] {inout_data.py:78} INFO - MariaDB connection closed.
[2025-03-30T11:15:43.755+0000] {python.py:202} INFO - Done. Returned value was: None
[2025-03-30T11:15:43.776+0000] {taskinstance.py:1149} INFO - Marking task as SUCCESS. dag_id=inout_data_ingestion, task_id=ingest_dummy_data, execution_date=20240929T143000, start_date=20250330T111543, end_date=20250330T111543
[2025-03-30T11:15:43.809+0000] {local_task_job_runner.py:234} INFO - Task exited with return code 0
[2025-03-30T11:15:43.853+0000] {taskinstance.py:3309} INFO - 0 downstream tasks scheduled from follow-on schedule check
[2025-03-30T11:28:17.183+0000] {taskinstance.py:1979} INFO - Dependencies all met for dep_context=non-requeueable deps ti=<TaskInstance: inout_data_ingestion.ingest_dummy_data scheduled__2024-09-29T14:30:00+00:00 [queued]>
[2025-03-30T11:28:17.206+0000] {taskinstance.py:1979} INFO - Dependencies all met for dep_context=requeueable deps ti=<TaskInstance: inout_data_ingestion.ingest_dummy_data scheduled__2024-09-29T14:30:00+00:00 [queued]>
[2025-03-30T11:28:17.209+0000] {taskinstance.py:2193} INFO - Starting attempt 1 of 2
[2025-03-30T11:28:17.228+0000] {taskinstance.py:2214} INFO - Executing <Task(PythonOperator): ingest_dummy_data> on 2024-09-29 14:30:00+00:00
[2025-03-30T11:28:17.238+0000] {standard_task_runner.py:60} INFO - Started process 3994 to run task
[2025-03-30T11:28:17.251+0000] {standard_task_runner.py:87} INFO - Running: ['***', 'tasks', 'run', 'inout_data_ingestion', 'ingest_dummy_data', 'scheduled__2024-09-29T14:30:00+00:00', '--job-id', '1971', '--raw', '--subdir', 'DAGS_FOLDER/inout_data.py', '--cfg-path', '/tmp/tmp19fgvrnc']
[2025-03-30T11:28:17.254+0000] {standard_task_runner.py:88} INFO - Job 1971: Subtask ingest_dummy_data
[2025-03-30T11:28:17.285+0000] {warnings.py:109} WARNING - /home/***/.local/lib/python3.8/site-packages/***/settings.py:194: DeprecationWarning: The sql_alchemy_conn option in [core] has been moved to the sql_alchemy_conn option in [database] - the old setting has been used, but please update your config.
  SQL_ALCHEMY_CONN = conf.get("database", "SQL_ALCHEMY_CONN")

[2025-03-30T11:28:17.349+0000] {task_command.py:423} INFO - Running <TaskInstance: inout_data_ingestion.ingest_dummy_data scheduled__2024-09-29T14:30:00+00:00 [running]> on host ff9d64b065e6
[2025-03-30T11:28:17.766+0000] {taskinstance.py:2510} INFO - Exporting env vars: AIRFLOW_CTX_DAG_OWNER='***' AIRFLOW_CTX_DAG_ID='inout_data_ingestion' AIRFLOW_CTX_TASK_ID='ingest_dummy_data' AIRFLOW_CTX_EXECUTION_DATE='2024-09-29T14:30:00+00:00' AIRFLOW_CTX_TRY_NUMBER='1' AIRFLOW_CTX_DAG_RUN_ID='scheduled__2024-09-29T14:30:00+00:00'
[2025-03-30T11:28:17.785+0000] {logging_mixin.py:188} INFO - Successfully connected to MariaDB: INOUT on mariadb:3306
[2025-03-30T11:28:17.789+0000] {logging_mixin.py:188} INFO - General error executing query: not all arguments converted during string formatting
[2025-03-30T11:28:17.795+0000] {logging_mixin.py:188} INFO - General error executing query: not all arguments converted during string formatting
[2025-03-30T11:28:17.797+0000] {logging_mixin.py:188} INFO - General error executing query: not all arguments converted during string formatting
[2025-03-30T11:28:17.800+0000] {logging_mixin.py:188} INFO - General error executing query: not all arguments converted during string formatting
[2025-03-30T11:28:17.801+0000] {logging_mixin.py:188} INFO - General error executing query: not all arguments converted during string formatting
[2025-03-30T11:28:17.801+0000] {logging_mixin.py:188} INFO - General error executing query: not all arguments converted during string formatting
[2025-03-30T11:28:17.803+0000] {inout_data.py:87} INFO - Ingested 6 rows of dummy data for 2024-09-29 14:30:00+00:00.
[2025-03-30T11:28:17.805+0000] {logging_mixin.py:188} INFO - MariaDB connection closed.
[2025-03-30T11:28:17.805+0000] {python.py:202} INFO - Done. Returned value was: None
[2025-03-30T11:28:17.831+0000] {taskinstance.py:1149} INFO - Marking task as SUCCESS. dag_id=inout_data_ingestion, task_id=ingest_dummy_data, execution_date=20240929T143000, start_date=20250330T112817, end_date=20250330T112817
[2025-03-30T11:28:17.891+0000] {local_task_job_runner.py:234} INFO - Task exited with return code 0
[2025-03-30T11:28:17.984+0000] {taskinstance.py:3309} INFO - 0 downstream tasks scheduled from follow-on schedule check
[2025-03-30T11:32:58.233+0000] {taskinstance.py:1979} INFO - Dependencies all met for dep_context=non-requeueable deps ti=<TaskInstance: inout_data_ingestion.ingest_dummy_data scheduled__2024-09-29T14:30:00+00:00 [queued]>
[2025-03-30T11:32:58.243+0000] {taskinstance.py:1979} INFO - Dependencies all met for dep_context=requeueable deps ti=<TaskInstance: inout_data_ingestion.ingest_dummy_data scheduled__2024-09-29T14:30:00+00:00 [queued]>
[2025-03-30T11:32:58.244+0000] {taskinstance.py:2193} INFO - Starting attempt 1 of 2
[2025-03-30T11:32:58.282+0000] {taskinstance.py:2214} INFO - Executing <Task(PythonOperator): ingest_dummy_data> on 2024-09-29 14:30:00+00:00
[2025-03-30T11:32:58.291+0000] {standard_task_runner.py:60} INFO - Started process 5452 to run task
[2025-03-30T11:32:58.308+0000] {standard_task_runner.py:87} INFO - Running: ['***', 'tasks', 'run', 'inout_data_ingestion', 'ingest_dummy_data', 'scheduled__2024-09-29T14:30:00+00:00', '--job-id', '2700', '--raw', '--subdir', 'DAGS_FOLDER/inout_data.py', '--cfg-path', '/tmp/tmp85v5e1pu']
[2025-03-30T11:32:58.315+0000] {standard_task_runner.py:88} INFO - Job 2700: Subtask ingest_dummy_data
[2025-03-30T11:32:58.367+0000] {warnings.py:109} WARNING - /home/***/.local/lib/python3.8/site-packages/***/settings.py:194: DeprecationWarning: The sql_alchemy_conn option in [core] has been moved to the sql_alchemy_conn option in [database] - the old setting has been used, but please update your config.
  SQL_ALCHEMY_CONN = conf.get("database", "SQL_ALCHEMY_CONN")

[2025-03-30T11:32:58.448+0000] {task_command.py:423} INFO - Running <TaskInstance: inout_data_ingestion.ingest_dummy_data scheduled__2024-09-29T14:30:00+00:00 [running]> on host ff9d64b065e6
[2025-03-30T11:32:58.604+0000] {taskinstance.py:2510} INFO - Exporting env vars: AIRFLOW_CTX_DAG_OWNER='***' AIRFLOW_CTX_DAG_ID='inout_data_ingestion' AIRFLOW_CTX_TASK_ID='ingest_dummy_data' AIRFLOW_CTX_EXECUTION_DATE='2024-09-29T14:30:00+00:00' AIRFLOW_CTX_TRY_NUMBER='1' AIRFLOW_CTX_DAG_RUN_ID='scheduled__2024-09-29T14:30:00+00:00'
[2025-03-30T11:32:58.617+0000] {logging_mixin.py:188} INFO - Successfully connected to MariaDB: INOUT on mariadb:3306
[2025-03-30T11:32:58.619+0000] {inout_data.py:83} INFO - {'ingested_time': datetime.datetime(2025, 3, 30, 11, 32, 58, 619225), 'timestamp': datetime.datetime(2024, 9, 29, 14, 31, tzinfo=datetime.timezone.utc), 'emp_id': 6824, 'employee_name': 'Employee56', 'factory': 'FactoryA', 'in_out': 'IN', 'entrance': 'Side', 'door_number': '9', 'function': 'IT', 'division': 'AAPD', 'department': 'ML', 'section': '2'}
[2025-03-30T11:32:58.621+0000] {logging_mixin.py:188} INFO - General error executing query: not all arguments converted during string formatting
[2025-03-30T11:32:58.626+0000] {inout_data.py:83} INFO - {'ingested_time': datetime.datetime(2025, 3, 30, 11, 32, 58, 626710), 'timestamp': datetime.datetime(2024, 9, 29, 14, 58, tzinfo=datetime.timezone.utc), 'emp_id': 6221, 'employee_name': 'Employee70', 'factory': 'FactoryA', 'in_out': 'OUT', 'entrance': 'Side', 'door_number': '4', 'function': 'IT', 'division': 'BSID', 'department': 'HRSD', 'section': '1'}
[2025-03-30T11:32:58.627+0000] {logging_mixin.py:188} INFO - General error executing query: not all arguments converted during string formatting
[2025-03-30T11:32:58.628+0000] {inout_data.py:83} INFO - {'ingested_time': datetime.datetime(2025, 3, 30, 11, 32, 58, 628790), 'timestamp': datetime.datetime(2024, 9, 29, 14, 37, tzinfo=datetime.timezone.utc), 'emp_id': 1692, 'employee_name': 'Employee96', 'factory': 'FactoryB', 'in_out': 'OUT', 'entrance': 'Side', 'door_number': '9', 'function': 'IT', 'division': 'BSID', 'department': 'CAPD', 'section': '2'}
[2025-03-30T11:32:58.630+0000] {logging_mixin.py:188} INFO - General error executing query: not all arguments converted during string formatting
[2025-03-30T11:32:58.632+0000] {inout_data.py:83} INFO - {'ingested_time': datetime.datetime(2025, 3, 30, 11, 32, 58, 632432), 'timestamp': datetime.datetime(2024, 9, 29, 14, 34, tzinfo=datetime.timezone.utc), 'emp_id': 6224, 'employee_name': 'Employee80', 'factory': 'FactoryA', 'in_out': 'OUT', 'entrance': 'Main', 'door_number': '5', 'function': 'IT', 'division': 'AAPD', 'department': 'CAPD', 'section': '1'}
[2025-03-30T11:32:58.633+0000] {logging_mixin.py:188} INFO - General error executing query: not all arguments converted during string formatting
[2025-03-30T11:32:58.634+0000] {inout_data.py:83} INFO - {'ingested_time': datetime.datetime(2025, 3, 30, 11, 32, 58, 634287), 'timestamp': datetime.datetime(2024, 9, 29, 14, 51, tzinfo=datetime.timezone.utc), 'emp_id': 2004, 'employee_name': 'Employee91', 'factory': 'FactoryB', 'in_out': 'OUT', 'entrance': 'Side', 'door_number': '8', 'function': 'IT', 'division': 'BSID', 'department': 'HRSD', 'section': '1'}
[2025-03-30T11:32:58.636+0000] {logging_mixin.py:188} INFO - General error executing query: not all arguments converted during string formatting
[2025-03-30T11:32:58.638+0000] {inout_data.py:83} INFO - {'ingested_time': datetime.datetime(2025, 3, 30, 11, 32, 58, 638057), 'timestamp': datetime.datetime(2024, 9, 29, 14, 52, tzinfo=datetime.timezone.utc), 'emp_id': 4458, 'employee_name': 'Employee66', 'factory': 'FactoryB', 'in_out': 'OUT', 'entrance': 'Main', 'door_number': '7', 'function': 'IT', 'division': 'BSID', 'department': 'CAPD', 'section': '2'}
[2025-03-30T11:32:58.641+0000] {logging_mixin.py:188} INFO - General error executing query: not all arguments converted during string formatting
[2025-03-30T11:32:58.644+0000] {inout_data.py:83} INFO - {'ingested_time': datetime.datetime(2025, 3, 30, 11, 32, 58, 644336), 'timestamp': datetime.datetime(2024, 9, 29, 14, 44, tzinfo=datetime.timezone.utc), 'emp_id': 3004, 'employee_name': 'Employee29', 'factory': 'FactoryB', 'in_out': 'OUT', 'entrance': 'Main', 'door_number': '1', 'function': 'IT', 'division': 'BSID', 'department': 'HRSD', 'section': '1'}
[2025-03-30T11:32:58.646+0000] {logging_mixin.py:188} INFO - General error executing query: not all arguments converted during string formatting
[2025-03-30T11:32:58.647+0000] {inout_data.py:83} INFO - {'ingested_time': datetime.datetime(2025, 3, 30, 11, 32, 58, 647275), 'timestamp': datetime.datetime(2024, 9, 29, 14, 41, tzinfo=datetime.timezone.utc), 'emp_id': 7965, 'employee_name': 'Employee2', 'factory': 'FactoryB', 'in_out': 'IN', 'entrance': 'Main', 'door_number': '6', 'function': 'IT', 'division': 'AAPD', 'department': 'ML', 'section': '2'}
[2025-03-30T11:32:58.647+0000] {logging_mixin.py:188} INFO - General error executing query: not all arguments converted during string formatting
[2025-03-30T11:32:58.647+0000] {inout_data.py:83} INFO - {'ingested_time': datetime.datetime(2025, 3, 30, 11, 32, 58, 647896), 'timestamp': datetime.datetime(2024, 9, 29, 14, 53, tzinfo=datetime.timezone.utc), 'emp_id': 9957, 'employee_name': 'Employee6', 'factory': 'FactoryA', 'in_out': 'IN', 'entrance': 'Side', 'door_number': '7', 'function': 'IT', 'division': 'BSID', 'department': 'HRSD', 'section': '1'}
[2025-03-30T11:32:58.648+0000] {logging_mixin.py:188} INFO - General error executing query: not all arguments converted during string formatting
[2025-03-30T11:32:58.649+0000] {inout_data.py:83} INFO - {'ingested_time': datetime.datetime(2025, 3, 30, 11, 32, 58, 649526), 'timestamp': datetime.datetime(2024, 9, 29, 14, 50, tzinfo=datetime.timezone.utc), 'emp_id': 2945, 'employee_name': 'Employee95', 'factory': 'FactoryA', 'in_out': 'IN', 'entrance': 'Main', 'door_number': '2', 'function': 'IT', 'division': 'BSID', 'department': 'ML', 'section': '2'}
[2025-03-30T11:32:58.654+0000] {logging_mixin.py:188} INFO - General error executing query: not all arguments converted during string formatting
[2025-03-30T11:32:58.655+0000] {inout_data.py:83} INFO - {'ingested_time': datetime.datetime(2025, 3, 30, 11, 32, 58, 654982), 'timestamp': datetime.datetime(2024, 9, 29, 14, 31, tzinfo=datetime.timezone.utc), 'emp_id': 6155, 'employee_name': 'Employee48', 'factory': 'FactoryA', 'in_out': 'IN', 'entrance': 'Side', 'door_number': '6', 'function': 'IT', 'division': 'BSID', 'department': 'HRSD', 'section': '2'}
[2025-03-30T11:32:58.656+0000] {logging_mixin.py:188} INFO - General error executing query: not all arguments converted during string formatting
[2025-03-30T11:32:58.658+0000] {inout_data.py:83} INFO - {'ingested_time': datetime.datetime(2025, 3, 30, 11, 32, 58, 658175), 'timestamp': datetime.datetime(2024, 9, 29, 14, 58, tzinfo=datetime.timezone.utc), 'emp_id': 8416, 'employee_name': 'Employee28', 'factory': 'FactoryA', 'in_out': 'IN', 'entrance': 'Main', 'door_number': '1', 'function': 'IT', 'division': 'AAPD', 'department': 'HRSD', 'section': '1'}
[2025-03-30T11:32:58.658+0000] {logging_mixin.py:188} INFO - General error executing query: not all arguments converted during string formatting
[2025-03-30T11:32:58.659+0000] {inout_data.py:83} INFO - {'ingested_time': datetime.datetime(2025, 3, 30, 11, 32, 58, 659067), 'timestamp': datetime.datetime(2024, 9, 29, 14, 37, tzinfo=datetime.timezone.utc), 'emp_id': 6552, 'employee_name': 'Employee82', 'factory': 'FactoryB', 'in_out': 'IN', 'entrance': 'Side', 'door_number': '9', 'function': 'IT', 'division': 'AAPD', 'department': 'HRSD', 'section': '1'}
[2025-03-30T11:32:58.659+0000] {logging_mixin.py:188} INFO - General error executing query: not all arguments converted during string formatting
[2025-03-30T11:32:58.660+0000] {inout_data.py:83} INFO - {'ingested_time': datetime.datetime(2025, 3, 30, 11, 32, 58, 660197), 'timestamp': datetime.datetime(2024, 9, 29, 14, 36, tzinfo=datetime.timezone.utc), 'emp_id': 3628, 'employee_name': 'Employee38', 'factory': 'FactoryA', 'in_out': 'IN', 'entrance': 'Side', 'door_number': '8', 'function': 'IT', 'division': 'AAPD', 'department': 'CAPD', 'section': '1'}
[2025-03-30T11:32:58.660+0000] {logging_mixin.py:188} INFO - General error executing query: not all arguments converted during string formatting
[2025-03-30T11:32:58.661+0000] {inout_data.py:83} INFO - {'ingested_time': datetime.datetime(2025, 3, 30, 11, 32, 58, 661541), 'timestamp': datetime.datetime(2024, 9, 29, 14, 43, tzinfo=datetime.timezone.utc), 'emp_id': 4889, 'employee_name': 'Employee39', 'factory': 'FactoryA', 'in_out': 'OUT', 'entrance': 'Side', 'door_number': '2', 'function': 'IT', 'division': 'BSID', 'department': 'ML', 'section': '2'}
[2025-03-30T11:32:58.662+0000] {logging_mixin.py:188} INFO - General error executing query: not all arguments converted during string formatting
[2025-03-30T11:32:58.666+0000] {inout_data.py:83} INFO - {'ingested_time': datetime.datetime(2025, 3, 30, 11, 32, 58, 665573), 'timestamp': datetime.datetime(2024, 9, 29, 14, 36, tzinfo=datetime.timezone.utc), 'emp_id': 7280, 'employee_name': 'Employee58', 'factory': 'FactoryA', 'in_out': 'OUT', 'entrance': 'Side', 'door_number': '9', 'function': 'IT', 'division': 'BSID', 'department': 'CAPD', 'section': '1'}
[2025-03-30T11:32:58.671+0000] {logging_mixin.py:188} INFO - General error executing query: not all arguments converted during string formatting
[2025-03-30T11:32:58.672+0000] {inout_data.py:88} INFO - Ingested 16 rows of dummy data for 2024-09-29 14:30:00+00:00.
[2025-03-30T11:32:58.672+0000] {logging_mixin.py:188} INFO - MariaDB connection closed.
[2025-03-30T11:32:58.673+0000] {python.py:202} INFO - Done. Returned value was: None
[2025-03-30T11:32:58.693+0000] {taskinstance.py:1149} INFO - Marking task as SUCCESS. dag_id=inout_data_ingestion, task_id=ingest_dummy_data, execution_date=20240929T143000, start_date=20250330T113258, end_date=20250330T113258
[2025-03-30T11:32:58.738+0000] {local_task_job_runner.py:234} INFO - Task exited with return code 0
[2025-03-30T11:32:58.787+0000] {taskinstance.py:3309} INFO - 0 downstream tasks scheduled from follow-on schedule check
[2025-03-30T11:38:22.924+0000] {taskinstance.py:1979} INFO - Dependencies all met for dep_context=non-requeueable deps ti=<TaskInstance: inout_data_ingestion.ingest_dummy_data scheduled__2024-09-29T14:30:00+00:00 [queued]>
[2025-03-30T11:38:22.929+0000] {taskinstance.py:1979} INFO - Dependencies all met for dep_context=requeueable deps ti=<TaskInstance: inout_data_ingestion.ingest_dummy_data scheduled__2024-09-29T14:30:00+00:00 [queued]>
[2025-03-30T11:38:22.929+0000] {taskinstance.py:2193} INFO - Starting attempt 1 of 2
[2025-03-30T11:38:22.935+0000] {taskinstance.py:2214} INFO - Executing <Task(PythonOperator): ingest_dummy_data> on 2024-09-29 14:30:00+00:00
[2025-03-30T11:38:22.937+0000] {standard_task_runner.py:60} INFO - Started process 6349 to run task
[2025-03-30T11:38:22.941+0000] {standard_task_runner.py:87} INFO - Running: ['***', 'tasks', 'run', 'inout_data_ingestion', 'ingest_dummy_data', 'scheduled__2024-09-29T14:30:00+00:00', '--job-id', '3150', '--raw', '--subdir', 'DAGS_FOLDER/inout_data.py', '--cfg-path', '/tmp/tmpb29e6t_q']
[2025-03-30T11:38:22.941+0000] {standard_task_runner.py:88} INFO - Job 3150: Subtask ingest_dummy_data
[2025-03-30T11:38:22.950+0000] {warnings.py:109} WARNING - /home/***/.local/lib/python3.8/site-packages/***/settings.py:194: DeprecationWarning: The sql_alchemy_conn option in [core] has been moved to the sql_alchemy_conn option in [database] - the old setting has been used, but please update your config.
  SQL_ALCHEMY_CONN = conf.get("database", "SQL_ALCHEMY_CONN")

[2025-03-30T11:38:22.968+0000] {task_command.py:423} INFO - Running <TaskInstance: inout_data_ingestion.ingest_dummy_data scheduled__2024-09-29T14:30:00+00:00 [running]> on host ff9d64b065e6
[2025-03-30T11:38:23.000+0000] {taskinstance.py:2510} INFO - Exporting env vars: AIRFLOW_CTX_DAG_OWNER='***' AIRFLOW_CTX_DAG_ID='inout_data_ingestion' AIRFLOW_CTX_TASK_ID='ingest_dummy_data' AIRFLOW_CTX_EXECUTION_DATE='2024-09-29T14:30:00+00:00' AIRFLOW_CTX_TRY_NUMBER='1' AIRFLOW_CTX_DAG_RUN_ID='scheduled__2024-09-29T14:30:00+00:00'
[2025-03-30T11:38:23.001+0000] {logging_mixin.py:188} INFO - Successfully connected to MariaDB: INOUT on mariadb:3306
[2025-03-30T11:38:23.002+0000] {inout_data.py:83} INFO - {'ingested_time': datetime.datetime(2025, 3, 30, 11, 38, 23, 2016), 'timestamp': datetime.datetime(2024, 9, 29, 14, 53, tzinfo=datetime.timezone.utc), 'emp_id': 6077, 'employee_name': 'Employee2', 'factory': 'FactoryB', 'in_out': 'IN', 'entrance': 'Side', 'door_number': '6', 'function': 'IT', 'division': 'AAPD', 'department': 'HRSD', 'section': '2'}
[2025-03-30T11:38:23.002+0000] {logging_mixin.py:188} INFO - General error executing query: not all arguments converted during string formatting
[2025-03-30T11:38:23.002+0000] {inout_data.py:83} INFO - {'ingested_time': datetime.datetime(2025, 3, 30, 11, 38, 23, 2369), 'timestamp': datetime.datetime(2024, 9, 29, 14, 53, tzinfo=datetime.timezone.utc), 'emp_id': 1381, 'employee_name': 'Employee22', 'factory': 'FactoryB', 'in_out': 'OUT', 'entrance': 'Main', 'door_number': '4', 'function': 'IT', 'division': 'BSID', 'department': 'CAPD', 'section': '1'}
[2025-03-30T11:38:23.002+0000] {logging_mixin.py:188} INFO - General error executing query: not all arguments converted during string formatting
[2025-03-30T11:38:23.002+0000] {inout_data.py:83} INFO - {'ingested_time': datetime.datetime(2025, 3, 30, 11, 38, 23, 2719), 'timestamp': datetime.datetime(2024, 9, 29, 14, 46, tzinfo=datetime.timezone.utc), 'emp_id': 4021, 'employee_name': 'Employee49', 'factory': 'FactoryB', 'in_out': 'IN', 'entrance': 'Main', 'door_number': '1', 'function': 'IT', 'division': 'AAPD', 'department': 'CAPD', 'section': '2'}
[2025-03-30T11:38:23.002+0000] {logging_mixin.py:188} INFO - General error executing query: not all arguments converted during string formatting
[2025-03-30T11:38:23.003+0000] {inout_data.py:83} INFO - {'ingested_time': datetime.datetime(2025, 3, 30, 11, 38, 23, 2991), 'timestamp': datetime.datetime(2024, 9, 29, 14, 53, tzinfo=datetime.timezone.utc), 'emp_id': 1660, 'employee_name': 'Employee7', 'factory': 'FactoryB', 'in_out': 'IN', 'entrance': 'Side', 'door_number': '5', 'function': 'IT', 'division': 'AAPD', 'department': 'HRSD', 'section': '1'}
[2025-03-30T11:38:23.003+0000] {logging_mixin.py:188} INFO - General error executing query: not all arguments converted during string formatting
[2025-03-30T11:38:23.003+0000] {inout_data.py:83} INFO - {'ingested_time': datetime.datetime(2025, 3, 30, 11, 38, 23, 3258), 'timestamp': datetime.datetime(2024, 9, 29, 14, 54, tzinfo=datetime.timezone.utc), 'emp_id': 6476, 'employee_name': 'Employee96', 'factory': 'FactoryB', 'in_out': 'IN', 'entrance': 'Main', 'door_number': '9', 'function': 'IT', 'division': 'AAPD', 'department': 'HRSD', 'section': '2'}
[2025-03-30T11:38:23.003+0000] {logging_mixin.py:188} INFO - General error executing query: not all arguments converted during string formatting
[2025-03-30T11:38:23.003+0000] {inout_data.py:83} INFO - {'ingested_time': datetime.datetime(2025, 3, 30, 11, 38, 23, 3545), 'timestamp': datetime.datetime(2024, 9, 29, 14, 43, tzinfo=datetime.timezone.utc), 'emp_id': 4580, 'employee_name': 'Employee61', 'factory': 'FactoryA', 'in_out': 'OUT', 'entrance': 'Main', 'door_number': '4', 'function': 'IT', 'division': 'AAPD', 'department': 'CAPD', 'section': '1'}
[2025-03-30T11:38:23.003+0000] {logging_mixin.py:188} INFO - General error executing query: not all arguments converted during string formatting
[2025-03-30T11:38:23.003+0000] {inout_data.py:83} INFO - {'ingested_time': datetime.datetime(2025, 3, 30, 11, 38, 23, 3796), 'timestamp': datetime.datetime(2024, 9, 29, 14, 36, tzinfo=datetime.timezone.utc), 'emp_id': 7748, 'employee_name': 'Employee6', 'factory': 'FactoryA', 'in_out': 'OUT', 'entrance': 'Side', 'door_number': '9', 'function': 'IT', 'division': 'AAPD', 'department': 'ML', 'section': '1'}
[2025-03-30T11:38:23.003+0000] {logging_mixin.py:188} INFO - General error executing query: not all arguments converted during string formatting
[2025-03-30T11:38:23.004+0000] {inout_data.py:83} INFO - {'ingested_time': datetime.datetime(2025, 3, 30, 11, 38, 23, 4046), 'timestamp': datetime.datetime(2024, 9, 29, 14, 34, tzinfo=datetime.timezone.utc), 'emp_id': 4884, 'employee_name': 'Employee5', 'factory': 'FactoryB', 'in_out': 'IN', 'entrance': 'Side', 'door_number': '8', 'function': 'IT', 'division': 'AAPD', 'department': 'ML', 'section': '1'}
[2025-03-30T11:38:23.004+0000] {logging_mixin.py:188} INFO - General error executing query: not all arguments converted during string formatting
[2025-03-30T11:38:23.004+0000] {inout_data.py:101} INFO - Ingested 8 rows of dummy data for 2024-09-29 14:30:00+00:00.
[2025-03-30T11:38:23.004+0000] {logging_mixin.py:188} INFO - MariaDB connection closed.
[2025-03-30T11:38:23.004+0000] {python.py:202} INFO - Done. Returned value was: None
[2025-03-30T11:38:23.007+0000] {taskinstance.py:1149} INFO - Marking task as SUCCESS. dag_id=inout_data_ingestion, task_id=ingest_dummy_data, execution_date=20240929T143000, start_date=20250330T113822, end_date=20250330T113823
[2025-03-30T11:38:23.042+0000] {local_task_job_runner.py:234} INFO - Task exited with return code 0
[2025-03-30T11:38:23.054+0000] {taskinstance.py:3309} INFO - 0 downstream tasks scheduled from follow-on schedule check
[2025-03-30T11:40:31.169+0000] {taskinstance.py:1979} INFO - Dependencies all met for dep_context=non-requeueable deps ti=<TaskInstance: inout_data_ingestion.ingest_dummy_data scheduled__2024-09-29T14:30:00+00:00 [queued]>
[2025-03-30T11:40:31.181+0000] {taskinstance.py:1979} INFO - Dependencies all met for dep_context=requeueable deps ti=<TaskInstance: inout_data_ingestion.ingest_dummy_data scheduled__2024-09-29T14:30:00+00:00 [queued]>
[2025-03-30T11:40:31.183+0000] {taskinstance.py:2193} INFO - Starting attempt 1 of 2
[2025-03-30T11:40:31.207+0000] {taskinstance.py:2214} INFO - Executing <Task(PythonOperator): ingest_dummy_data> on 2024-09-29 14:30:00+00:00
[2025-03-30T11:40:31.219+0000] {standard_task_runner.py:60} INFO - Started process 6793 to run task
[2025-03-30T11:40:31.228+0000] {standard_task_runner.py:87} INFO - Running: ['***', 'tasks', 'run', 'inout_data_ingestion', 'ingest_dummy_data', 'scheduled__2024-09-29T14:30:00+00:00', '--job-id', '3371', '--raw', '--subdir', 'DAGS_FOLDER/inout_data.py', '--cfg-path', '/tmp/tmpfbby7zde']
[2025-03-30T11:40:31.230+0000] {standard_task_runner.py:88} INFO - Job 3371: Subtask ingest_dummy_data
[2025-03-30T11:40:31.267+0000] {warnings.py:109} WARNING - /home/***/.local/lib/python3.8/site-packages/***/settings.py:194: DeprecationWarning: The sql_alchemy_conn option in [core] has been moved to the sql_alchemy_conn option in [database] - the old setting has been used, but please update your config.
  SQL_ALCHEMY_CONN = conf.get("database", "SQL_ALCHEMY_CONN")

[2025-03-30T11:40:31.333+0000] {task_command.py:423} INFO - Running <TaskInstance: inout_data_ingestion.ingest_dummy_data scheduled__2024-09-29T14:30:00+00:00 [running]> on host ff9d64b065e6
[2025-03-30T11:40:31.458+0000] {taskinstance.py:2510} INFO - Exporting env vars: AIRFLOW_CTX_DAG_OWNER='***' AIRFLOW_CTX_DAG_ID='inout_data_ingestion' AIRFLOW_CTX_TASK_ID='ingest_dummy_data' AIRFLOW_CTX_EXECUTION_DATE='2024-09-29T14:30:00+00:00' AIRFLOW_CTX_TRY_NUMBER='1' AIRFLOW_CTX_DAG_RUN_ID='scheduled__2024-09-29T14:30:00+00:00'
[2025-03-30T11:40:31.465+0000] {logging_mixin.py:188} INFO - Successfully connected to MariaDB: INOUT on mariadb:3306
[2025-03-30T11:40:31.467+0000] {inout_data.py:83} INFO - {'ingested_time': datetime.datetime(2025, 3, 30, 11, 40, 31, 467377), 'timestamp': datetime.datetime(2024, 9, 29, 14, 34, tzinfo=datetime.timezone.utc), 'emp_id': 9793, 'employee_name': 'Employee61', 'factory': 'FactoryB', 'in_out': 'IN', 'entrance': 'Side', 'door_number': '7', 'function': 'IT', 'division': 'BSID', 'department': 'CAPD', 'section': '1'}
[2025-03-30T11:40:31.468+0000] {inout_data.py:99} INFO - Query: INSERT INTO emp_inout_rec (ingested_time, timestamp, employee_id, employee_name, factory, in_out, entrance, door_number, function, division, department, section) VALUES (%s, %s, %s, %s, %s, %s, %s, %s, %s, %s, %s)
[2025-03-30T11:40:31.469+0000] {inout_data.py:100} INFO - Params: ('2025-03-30 11:40:31', '2024-09-29 14:34:00', 9793, 'Employee61', 'FactoryB', 'IN', 'Side', '7', 'IT', 'BSID', 'CAPD', '1')
[2025-03-30T11:40:31.470+0000] {logging_mixin.py:188} INFO - General error executing query: not all arguments converted during string formatting
[2025-03-30T11:40:31.471+0000] {inout_data.py:83} INFO - {'ingested_time': datetime.datetime(2025, 3, 30, 11, 40, 31, 471508), 'timestamp': datetime.datetime(2024, 9, 29, 14, 31, tzinfo=datetime.timezone.utc), 'emp_id': 1700, 'employee_name': 'Employee96', 'factory': 'FactoryA', 'in_out': 'IN', 'entrance': 'Side', 'door_number': '9', 'function': 'IT', 'division': 'BSID', 'department': 'HRSD', 'section': '2'}
[2025-03-30T11:40:31.472+0000] {inout_data.py:99} INFO - Query: INSERT INTO emp_inout_rec (ingested_time, timestamp, employee_id, employee_name, factory, in_out, entrance, door_number, function, division, department, section) VALUES (%s, %s, %s, %s, %s, %s, %s, %s, %s, %s, %s)
[2025-03-30T11:40:31.473+0000] {inout_data.py:100} INFO - Params: ('2025-03-30 11:40:31', '2024-09-29 14:31:00', 1700, 'Employee96', 'FactoryA', 'IN', 'Side', '9', 'IT', 'BSID', 'HRSD', '2')
[2025-03-30T11:40:31.475+0000] {logging_mixin.py:188} INFO - General error executing query: not all arguments converted during string formatting
[2025-03-30T11:40:31.476+0000] {inout_data.py:83} INFO - {'ingested_time': datetime.datetime(2025, 3, 30, 11, 40, 31, 476777), 'timestamp': datetime.datetime(2024, 9, 29, 14, 48, tzinfo=datetime.timezone.utc), 'emp_id': 6919, 'employee_name': 'Employee52', 'factory': 'FactoryB', 'in_out': 'IN', 'entrance': 'Main', 'door_number': '4', 'function': 'IT', 'division': 'BSID', 'department': 'HRSD', 'section': '2'}
[2025-03-30T11:40:31.478+0000] {inout_data.py:99} INFO - Query: INSERT INTO emp_inout_rec (ingested_time, timestamp, employee_id, employee_name, factory, in_out, entrance, door_number, function, division, department, section) VALUES (%s, %s, %s, %s, %s, %s, %s, %s, %s, %s, %s)
[2025-03-30T11:40:31.479+0000] {inout_data.py:100} INFO - Params: ('2025-03-30 11:40:31', '2024-09-29 14:48:00', 6919, 'Employee52', 'FactoryB', 'IN', 'Main', '4', 'IT', 'BSID', 'HRSD', '2')
[2025-03-30T11:40:31.479+0000] {logging_mixin.py:188} INFO - General error executing query: not all arguments converted during string formatting
[2025-03-30T11:40:31.480+0000] {inout_data.py:83} INFO - {'ingested_time': datetime.datetime(2025, 3, 30, 11, 40, 31, 480414), 'timestamp': datetime.datetime(2024, 9, 29, 14, 32, tzinfo=datetime.timezone.utc), 'emp_id': 1433, 'employee_name': 'Employee24', 'factory': 'FactoryB', 'in_out': 'IN', 'entrance': 'Main', 'door_number': '3', 'function': 'IT', 'division': 'BSID', 'department': 'CAPD', 'section': '2'}
[2025-03-30T11:40:31.480+0000] {inout_data.py:99} INFO - Query: INSERT INTO emp_inout_rec (ingested_time, timestamp, employee_id, employee_name, factory, in_out, entrance, door_number, function, division, department, section) VALUES (%s, %s, %s, %s, %s, %s, %s, %s, %s, %s, %s)
[2025-03-30T11:40:31.481+0000] {inout_data.py:100} INFO - Params: ('2025-03-30 11:40:31', '2024-09-29 14:32:00', 1433, 'Employee24', 'FactoryB', 'IN', 'Main', '3', 'IT', 'BSID', 'CAPD', '2')
[2025-03-30T11:40:31.481+0000] {logging_mixin.py:188} INFO - General error executing query: not all arguments converted during string formatting
[2025-03-30T11:40:31.482+0000] {inout_data.py:83} INFO - {'ingested_time': datetime.datetime(2025, 3, 30, 11, 40, 31, 482557), 'timestamp': datetime.datetime(2024, 9, 29, 14, 56, tzinfo=datetime.timezone.utc), 'emp_id': 6652, 'employee_name': 'Employee84', 'factory': 'FactoryA', 'in_out': 'OUT', 'entrance': 'Main', 'door_number': '4', 'function': 'IT', 'division': 'AAPD', 'department': 'ML', 'section': '2'}
[2025-03-30T11:40:31.483+0000] {inout_data.py:99} INFO - Query: INSERT INTO emp_inout_rec (ingested_time, timestamp, employee_id, employee_name, factory, in_out, entrance, door_number, function, division, department, section) VALUES (%s, %s, %s, %s, %s, %s, %s, %s, %s, %s, %s)
[2025-03-30T11:40:31.483+0000] {inout_data.py:100} INFO - Params: ('2025-03-30 11:40:31', '2024-09-29 14:56:00', 6652, 'Employee84', 'FactoryA', 'OUT', 'Main', '4', 'IT', 'AAPD', 'ML', '2')
[2025-03-30T11:40:31.484+0000] {logging_mixin.py:188} INFO - General error executing query: not all arguments converted during string formatting
[2025-03-30T11:40:31.486+0000] {inout_data.py:83} INFO - {'ingested_time': datetime.datetime(2025, 3, 30, 11, 40, 31, 486922), 'timestamp': datetime.datetime(2024, 9, 29, 14, 31, tzinfo=datetime.timezone.utc), 'emp_id': 8079, 'employee_name': 'Employee30', 'factory': 'FactoryA', 'in_out': 'OUT', 'entrance': 'Side', 'door_number': '9', 'function': 'IT', 'division': 'AAPD', 'department': 'HRSD', 'section': '1'}
[2025-03-30T11:40:31.487+0000] {inout_data.py:99} INFO - Query: INSERT INTO emp_inout_rec (ingested_time, timestamp, employee_id, employee_name, factory, in_out, entrance, door_number, function, division, department, section) VALUES (%s, %s, %s, %s, %s, %s, %s, %s, %s, %s, %s)
[2025-03-30T11:40:31.487+0000] {inout_data.py:100} INFO - Params: ('2025-03-30 11:40:31', '2024-09-29 14:31:00', 8079, 'Employee30', 'FactoryA', 'OUT', 'Side', '9', 'IT', 'AAPD', 'HRSD', '1')
[2025-03-30T11:40:31.488+0000] {logging_mixin.py:188} INFO - General error executing query: not all arguments converted during string formatting
[2025-03-30T11:40:31.489+0000] {inout_data.py:83} INFO - {'ingested_time': datetime.datetime(2025, 3, 30, 11, 40, 31, 489097), 'timestamp': datetime.datetime(2024, 9, 29, 14, 53, tzinfo=datetime.timezone.utc), 'emp_id': 9986, 'employee_name': 'Employee38', 'factory': 'FactoryA', 'in_out': 'OUT', 'entrance': 'Side', 'door_number': '1', 'function': 'IT', 'division': 'AAPD', 'department': 'CAPD', 'section': '1'}
[2025-03-30T11:40:31.490+0000] {inout_data.py:99} INFO - Query: INSERT INTO emp_inout_rec (ingested_time, timestamp, employee_id, employee_name, factory, in_out, entrance, door_number, function, division, department, section) VALUES (%s, %s, %s, %s, %s, %s, %s, %s, %s, %s, %s)
[2025-03-30T11:40:31.490+0000] {inout_data.py:100} INFO - Params: ('2025-03-30 11:40:31', '2024-09-29 14:53:00', 9986, 'Employee38', 'FactoryA', 'OUT', 'Side', '1', 'IT', 'AAPD', 'CAPD', '1')
[2025-03-30T11:40:31.490+0000] {logging_mixin.py:188} INFO - General error executing query: not all arguments converted during string formatting
[2025-03-30T11:40:31.491+0000] {inout_data.py:83} INFO - {'ingested_time': datetime.datetime(2025, 3, 30, 11, 40, 31, 491395), 'timestamp': datetime.datetime(2024, 9, 29, 14, 52, tzinfo=datetime.timezone.utc), 'emp_id': 6346, 'employee_name': 'Employee1', 'factory': 'FactoryB', 'in_out': 'OUT', 'entrance': 'Main', 'door_number': '9', 'function': 'IT', 'division': 'BSID', 'department': 'ML', 'section': '1'}
[2025-03-30T11:40:31.491+0000] {inout_data.py:99} INFO - Query: INSERT INTO emp_inout_rec (ingested_time, timestamp, employee_id, employee_name, factory, in_out, entrance, door_number, function, division, department, section) VALUES (%s, %s, %s, %s, %s, %s, %s, %s, %s, %s, %s)
[2025-03-30T11:40:31.492+0000] {inout_data.py:100} INFO - Params: ('2025-03-30 11:40:31', '2024-09-29 14:52:00', 6346, 'Employee1', 'FactoryB', 'OUT', 'Main', '9', 'IT', 'BSID', 'ML', '1')
[2025-03-30T11:40:31.492+0000] {logging_mixin.py:188} INFO - General error executing query: not all arguments converted during string formatting
[2025-03-30T11:40:31.492+0000] {inout_data.py:83} INFO - {'ingested_time': datetime.datetime(2025, 3, 30, 11, 40, 31, 492587), 'timestamp': datetime.datetime(2024, 9, 29, 14, 38, tzinfo=datetime.timezone.utc), 'emp_id': 1379, 'employee_name': 'Employee66', 'factory': 'FactoryB', 'in_out': 'IN', 'entrance': 'Main', 'door_number': '1', 'function': 'IT', 'division': 'BSID', 'department': 'HRSD', 'section': '1'}
[2025-03-30T11:40:31.492+0000] {inout_data.py:99} INFO - Query: INSERT INTO emp_inout_rec (ingested_time, timestamp, employee_id, employee_name, factory, in_out, entrance, door_number, function, division, department, section) VALUES (%s, %s, %s, %s, %s, %s, %s, %s, %s, %s, %s)
[2025-03-30T11:40:31.493+0000] {inout_data.py:100} INFO - Params: ('2025-03-30 11:40:31', '2024-09-29 14:38:00', 1379, 'Employee66', 'FactoryB', 'IN', 'Main', '1', 'IT', 'BSID', 'HRSD', '1')
[2025-03-30T11:40:31.493+0000] {logging_mixin.py:188} INFO - General error executing query: not all arguments converted during string formatting
[2025-03-30T11:40:31.494+0000] {inout_data.py:83} INFO - {'ingested_time': datetime.datetime(2025, 3, 30, 11, 40, 31, 494471), 'timestamp': datetime.datetime(2024, 9, 29, 14, 33, tzinfo=datetime.timezone.utc), 'emp_id': 6799, 'employee_name': 'Employee93', 'factory': 'FactoryA', 'in_out': 'IN', 'entrance': 'Main', 'door_number': '5', 'function': 'IT', 'division': 'BSID', 'department': 'CAPD', 'section': '2'}
[2025-03-30T11:40:31.495+0000] {inout_data.py:99} INFO - Query: INSERT INTO emp_inout_rec (ingested_time, timestamp, employee_id, employee_name, factory, in_out, entrance, door_number, function, division, department, section) VALUES (%s, %s, %s, %s, %s, %s, %s, %s, %s, %s, %s)
[2025-03-30T11:40:31.495+0000] {inout_data.py:100} INFO - Params: ('2025-03-30 11:40:31', '2024-09-29 14:33:00', 6799, 'Employee93', 'FactoryA', 'IN', 'Main', '5', 'IT', 'BSID', 'CAPD', '2')
[2025-03-30T11:40:31.495+0000] {logging_mixin.py:188} INFO - General error executing query: not all arguments converted during string formatting
[2025-03-30T11:40:31.496+0000] {inout_data.py:83} INFO - {'ingested_time': datetime.datetime(2025, 3, 30, 11, 40, 31, 496697), 'timestamp': datetime.datetime(2024, 9, 29, 14, 33, tzinfo=datetime.timezone.utc), 'emp_id': 3612, 'employee_name': 'Employee94', 'factory': 'FactoryA', 'in_out': 'OUT', 'entrance': 'Side', 'door_number': '10', 'function': 'IT', 'division': 'BSID', 'department': 'CAPD', 'section': '2'}
[2025-03-30T11:40:31.497+0000] {inout_data.py:99} INFO - Query: INSERT INTO emp_inout_rec (ingested_time, timestamp, employee_id, employee_name, factory, in_out, entrance, door_number, function, division, department, section) VALUES (%s, %s, %s, %s, %s, %s, %s, %s, %s, %s, %s)
[2025-03-30T11:40:31.497+0000] {inout_data.py:100} INFO - Params: ('2025-03-30 11:40:31', '2024-09-29 14:33:00', 3612, 'Employee94', 'FactoryA', 'OUT', 'Side', '10', 'IT', 'BSID', 'CAPD', '2')
[2025-03-30T11:40:31.498+0000] {logging_mixin.py:188} INFO - General error executing query: not all arguments converted during string formatting
[2025-03-30T11:40:31.498+0000] {inout_data.py:83} INFO - {'ingested_time': datetime.datetime(2025, 3, 30, 11, 40, 31, 498684), 'timestamp': datetime.datetime(2024, 9, 29, 14, 50, tzinfo=datetime.timezone.utc), 'emp_id': 1547, 'employee_name': 'Employee67', 'factory': 'FactoryA', 'in_out': 'IN', 'entrance': 'Main', 'door_number': '9', 'function': 'IT', 'division': 'AAPD', 'department': 'HRSD', 'section': '1'}
[2025-03-30T11:40:31.499+0000] {inout_data.py:99} INFO - Query: INSERT INTO emp_inout_rec (ingested_time, timestamp, employee_id, employee_name, factory, in_out, entrance, door_number, function, division, department, section) VALUES (%s, %s, %s, %s, %s, %s, %s, %s, %s, %s, %s)
[2025-03-30T11:40:31.499+0000] {inout_data.py:100} INFO - Params: ('2025-03-30 11:40:31', '2024-09-29 14:50:00', 1547, 'Employee67', 'FactoryA', 'IN', 'Main', '9', 'IT', 'AAPD', 'HRSD', '1')
[2025-03-30T11:40:31.499+0000] {logging_mixin.py:188} INFO - General error executing query: not all arguments converted during string formatting
[2025-03-30T11:40:31.500+0000] {inout_data.py:83} INFO - {'ingested_time': datetime.datetime(2025, 3, 30, 11, 40, 31, 500162), 'timestamp': datetime.datetime(2024, 9, 29, 14, 47, tzinfo=datetime.timezone.utc), 'emp_id': 7669, 'employee_name': 'Employee100', 'factory': 'FactoryA', 'in_out': 'IN', 'entrance': 'Side', 'door_number': '1', 'function': 'IT', 'division': 'BSID', 'department': 'HRSD', 'section': '2'}
[2025-03-30T11:40:31.500+0000] {inout_data.py:99} INFO - Query: INSERT INTO emp_inout_rec (ingested_time, timestamp, employee_id, employee_name, factory, in_out, entrance, door_number, function, division, department, section) VALUES (%s, %s, %s, %s, %s, %s, %s, %s, %s, %s, %s)
[2025-03-30T11:40:31.501+0000] {inout_data.py:100} INFO - Params: ('2025-03-30 11:40:31', '2024-09-29 14:47:00', 7669, 'Employee100', 'FactoryA', 'IN', 'Side', '1', 'IT', 'BSID', 'HRSD', '2')
[2025-03-30T11:40:31.502+0000] {logging_mixin.py:188} INFO - General error executing query: not all arguments converted during string formatting
[2025-03-30T11:40:31.503+0000] {inout_data.py:83} INFO - {'ingested_time': datetime.datetime(2025, 3, 30, 11, 40, 31, 503121), 'timestamp': datetime.datetime(2024, 9, 29, 14, 49, tzinfo=datetime.timezone.utc), 'emp_id': 7405, 'employee_name': 'Employee87', 'factory': 'FactoryA', 'in_out': 'OUT', 'entrance': 'Side', 'door_number': '7', 'function': 'IT', 'division': 'BSID', 'department': 'HRSD', 'section': '2'}
[2025-03-30T11:40:31.503+0000] {inout_data.py:99} INFO - Query: INSERT INTO emp_inout_rec (ingested_time, timestamp, employee_id, employee_name, factory, in_out, entrance, door_number, function, division, department, section) VALUES (%s, %s, %s, %s, %s, %s, %s, %s, %s, %s, %s)
[2025-03-30T11:40:31.504+0000] {inout_data.py:100} INFO - Params: ('2025-03-30 11:40:31', '2024-09-29 14:49:00', 7405, 'Employee87', 'FactoryA', 'OUT', 'Side', '7', 'IT', 'BSID', 'HRSD', '2')
[2025-03-30T11:40:31.504+0000] {logging_mixin.py:188} INFO - General error executing query: not all arguments converted during string formatting
[2025-03-30T11:40:31.505+0000] {inout_data.py:83} INFO - {'ingested_time': datetime.datetime(2025, 3, 30, 11, 40, 31, 505614), 'timestamp': datetime.datetime(2024, 9, 29, 14, 43, tzinfo=datetime.timezone.utc), 'emp_id': 4871, 'employee_name': 'Employee51', 'factory': 'FactoryB', 'in_out': 'IN', 'entrance': 'Side', 'door_number': '10', 'function': 'IT', 'division': 'AAPD', 'department': 'HRSD', 'section': '1'}
[2025-03-30T11:40:31.506+0000] {inout_data.py:99} INFO - Query: INSERT INTO emp_inout_rec (ingested_time, timestamp, employee_id, employee_name, factory, in_out, entrance, door_number, function, division, department, section) VALUES (%s, %s, %s, %s, %s, %s, %s, %s, %s, %s, %s)
[2025-03-30T11:40:31.506+0000] {inout_data.py:100} INFO - Params: ('2025-03-30 11:40:31', '2024-09-29 14:43:00', 4871, 'Employee51', 'FactoryB', 'IN', 'Side', '10', 'IT', 'AAPD', 'HRSD', '1')
[2025-03-30T11:40:31.507+0000] {logging_mixin.py:188} INFO - General error executing query: not all arguments converted during string formatting
[2025-03-30T11:40:31.508+0000] {inout_data.py:83} INFO - {'ingested_time': datetime.datetime(2025, 3, 30, 11, 40, 31, 507943), 'timestamp': datetime.datetime(2024, 9, 29, 14, 46, tzinfo=datetime.timezone.utc), 'emp_id': 3076, 'employee_name': 'Employee43', 'factory': 'FactoryB', 'in_out': 'OUT', 'entrance': 'Side', 'door_number': '9', 'function': 'IT', 'division': 'AAPD', 'department': 'ML', 'section': '1'}
[2025-03-30T11:40:31.509+0000] {inout_data.py:99} INFO - Query: INSERT INTO emp_inout_rec (ingested_time, timestamp, employee_id, employee_name, factory, in_out, entrance, door_number, function, division, department, section) VALUES (%s, %s, %s, %s, %s, %s, %s, %s, %s, %s, %s)
[2025-03-30T11:40:31.509+0000] {inout_data.py:100} INFO - Params: ('2025-03-30 11:40:31', '2024-09-29 14:46:00', 3076, 'Employee43', 'FactoryB', 'OUT', 'Side', '9', 'IT', 'AAPD', 'ML', '1')
[2025-03-30T11:40:31.510+0000] {logging_mixin.py:188} INFO - General error executing query: not all arguments converted during string formatting
[2025-03-30T11:40:31.511+0000] {inout_data.py:83} INFO - {'ingested_time': datetime.datetime(2025, 3, 30, 11, 40, 31, 511556), 'timestamp': datetime.datetime(2024, 9, 29, 14, 45, tzinfo=datetime.timezone.utc), 'emp_id': 5297, 'employee_name': 'Employee63', 'factory': 'FactoryA', 'in_out': 'OUT', 'entrance': 'Main', 'door_number': '3', 'function': 'IT', 'division': 'BSID', 'department': 'HRSD', 'section': '1'}
[2025-03-30T11:40:31.512+0000] {inout_data.py:99} INFO - Query: INSERT INTO emp_inout_rec (ingested_time, timestamp, employee_id, employee_name, factory, in_out, entrance, door_number, function, division, department, section) VALUES (%s, %s, %s, %s, %s, %s, %s, %s, %s, %s, %s)
[2025-03-30T11:40:31.512+0000] {inout_data.py:100} INFO - Params: ('2025-03-30 11:40:31', '2024-09-29 14:45:00', 5297, 'Employee63', 'FactoryA', 'OUT', 'Main', '3', 'IT', 'BSID', 'HRSD', '1')
[2025-03-30T11:40:31.513+0000] {logging_mixin.py:188} INFO - General error executing query: not all arguments converted during string formatting
[2025-03-30T11:40:31.514+0000] {inout_data.py:102} INFO - Ingested 17 rows of dummy data for 2024-09-29 14:30:00+00:00.
[2025-03-30T11:40:31.515+0000] {logging_mixin.py:188} INFO - MariaDB connection closed.
[2025-03-30T11:40:31.515+0000] {python.py:202} INFO - Done. Returned value was: None
[2025-03-30T11:40:31.532+0000] {taskinstance.py:1149} INFO - Marking task as SUCCESS. dag_id=inout_data_ingestion, task_id=ingest_dummy_data, execution_date=20240929T143000, start_date=20250330T114031, end_date=20250330T114031
[2025-03-30T11:40:31.571+0000] {local_task_job_runner.py:234} INFO - Task exited with return code 0
[2025-03-30T11:40:31.609+0000] {taskinstance.py:3309} INFO - 0 downstream tasks scheduled from follow-on schedule check
