[2025-03-30T11:10:47.807+0000] {taskinstance.py:1979} INFO - Dependencies all met for dep_context=non-requeueable deps ti=<TaskInstance: inout_data_ingestion.ingest_dummy_data scheduled__2024-10-02T18:00:00+00:00 [queued]>
[2025-03-30T11:10:47.832+0000] {taskinstance.py:1979} INFO - Dependencies all met for dep_context=requeueable deps ti=<TaskInstance: inout_data_ingestion.ingest_dummy_data scheduled__2024-10-02T18:00:00+00:00 [queued]>
[2025-03-30T11:10:47.833+0000] {taskinstance.py:2193} INFO - Starting attempt 1 of 2
[2025-03-30T11:10:47.966+0000] {taskinstance.py:2214} INFO - Executing <Task(PythonOperator): ingest_dummy_data> on 2024-10-02 18:00:00+00:00
[2025-03-30T11:10:48.001+0000] {standard_task_runner.py:60} INFO - Started process 831 to run task
[2025-03-30T11:10:48.034+0000] {standard_task_runner.py:87} INFO - Running: ['***', 'tasks', 'run', 'inout_data_ingestion', 'ingest_dummy_data', 'scheduled__2024-10-02T18:00:00+00:00', '--job-id', '388', '--raw', '--subdir', 'DAGS_FOLDER/inout_data.py', '--cfg-path', '/tmp/tmpufqy1xor']
[2025-03-30T11:10:48.039+0000] {standard_task_runner.py:88} INFO - Job 388: Subtask ingest_dummy_data
[2025-03-30T11:10:48.134+0000] {warnings.py:109} WARNING - /home/***/.local/lib/python3.8/site-packages/***/settings.py:194: DeprecationWarning: The sql_alchemy_conn option in [core] has been moved to the sql_alchemy_conn option in [database] - the old setting has been used, but please update your config.
  SQL_ALCHEMY_CONN = conf.get("database", "SQL_ALCHEMY_CONN")

[2025-03-30T11:10:48.270+0000] {task_command.py:423} INFO - Running <TaskInstance: inout_data_ingestion.ingest_dummy_data scheduled__2024-10-02T18:00:00+00:00 [running]> on host ff9d64b065e6
[2025-03-30T11:10:48.482+0000] {taskinstance.py:2510} INFO - Exporting env vars: AIRFLOW_CTX_DAG_OWNER='***' AIRFLOW_CTX_DAG_ID='inout_data_ingestion' AIRFLOW_CTX_TASK_ID='ingest_dummy_data' AIRFLOW_CTX_EXECUTION_DATE='2024-10-02T18:00:00+00:00' AIRFLOW_CTX_TRY_NUMBER='1' AIRFLOW_CTX_DAG_RUN_ID='scheduled__2024-10-02T18:00:00+00:00'
[2025-03-30T11:10:48.496+0000] {inout_data.py:42} INFO - Successfully connected to MariaDB: INOUT on mariadb:3306
[2025-03-30T11:10:48.502+0000] {inout_data.py:63} ERROR - Error executing query: (1062, "Duplicate entry '2025-03-30 11:10:48-7360' for key 'PRIMARY'")
[2025-03-30T11:10:48.506+0000] {inout_data.py:63} ERROR - Error executing query: (1062, "Duplicate entry '2025-03-30 11:10:48-7360' for key 'PRIMARY'")
[2025-03-30T11:10:48.511+0000] {inout_data.py:63} ERROR - Error executing query: (1062, "Duplicate entry '2025-03-30 11:10:48-7360' for key 'PRIMARY'")
[2025-03-30T11:10:48.514+0000] {inout_data.py:63} ERROR - Error executing query: (1062, "Duplicate entry '2025-03-30 11:10:48-7360' for key 'PRIMARY'")
[2025-03-30T11:10:48.516+0000] {inout_data.py:63} ERROR - Error executing query: (1062, "Duplicate entry '2025-03-30 11:10:48-7360' for key 'PRIMARY'")
[2025-03-30T11:10:48.520+0000] {inout_data.py:63} ERROR - Error executing query: (1062, "Duplicate entry '2025-03-30 11:10:48-7360' for key 'PRIMARY'")
[2025-03-30T11:10:48.522+0000] {inout_data.py:63} ERROR - Error executing query: (1062, "Duplicate entry '2025-03-30 11:10:48-7360' for key 'PRIMARY'")
[2025-03-30T11:10:48.524+0000] {inout_data.py:63} ERROR - Error executing query: (1062, "Duplicate entry '2025-03-30 11:10:48-7360' for key 'PRIMARY'")
[2025-03-30T11:10:48.526+0000] {inout_data.py:159} INFO - Ingested 9 rows of dummy data.
[2025-03-30T11:10:48.530+0000] {inout_data.py:78} INFO - MariaDB connection closed.
[2025-03-30T11:10:48.531+0000] {python.py:202} INFO - Done. Returned value was: None
[2025-03-30T11:10:48.569+0000] {taskinstance.py:1149} INFO - Marking task as SUCCESS. dag_id=inout_data_ingestion, task_id=ingest_dummy_data, execution_date=20241002T180000, start_date=20250330T111047, end_date=20250330T111048
[2025-03-30T11:10:48.662+0000] {local_task_job_runner.py:234} INFO - Task exited with return code 0
[2025-03-30T11:10:48.727+0000] {taskinstance.py:3309} INFO - 0 downstream tasks scheduled from follow-on schedule check
[2025-03-30T11:17:24.392+0000] {taskinstance.py:1979} INFO - Dependencies all met for dep_context=non-requeueable deps ti=<TaskInstance: inout_data_ingestion.ingest_dummy_data scheduled__2024-10-02T18:00:00+00:00 [queued]>
[2025-03-30T11:17:24.399+0000] {taskinstance.py:1979} INFO - Dependencies all met for dep_context=requeueable deps ti=<TaskInstance: inout_data_ingestion.ingest_dummy_data scheduled__2024-10-02T18:00:00+00:00 [queued]>
[2025-03-30T11:17:24.399+0000] {taskinstance.py:2193} INFO - Starting attempt 1 of 2
[2025-03-30T11:17:24.415+0000] {taskinstance.py:2214} INFO - Executing <Task(PythonOperator): ingest_dummy_data> on 2024-10-02 18:00:00+00:00
[2025-03-30T11:17:24.419+0000] {standard_task_runner.py:60} INFO - Started process 2680 to run task
[2025-03-30T11:17:24.424+0000] {standard_task_runner.py:87} INFO - Running: ['***', 'tasks', 'run', 'inout_data_ingestion', 'ingest_dummy_data', 'scheduled__2024-10-02T18:00:00+00:00', '--job-id', '1315', '--raw', '--subdir', 'DAGS_FOLDER/inout_data.py', '--cfg-path', '/tmp/tmp622xozkm']
[2025-03-30T11:17:24.425+0000] {standard_task_runner.py:88} INFO - Job 1315: Subtask ingest_dummy_data
[2025-03-30T11:17:24.434+0000] {warnings.py:109} WARNING - /home/***/.local/lib/python3.8/site-packages/***/settings.py:194: DeprecationWarning: The sql_alchemy_conn option in [core] has been moved to the sql_alchemy_conn option in [database] - the old setting has been used, but please update your config.
  SQL_ALCHEMY_CONN = conf.get("database", "SQL_ALCHEMY_CONN")

[2025-03-30T11:17:24.473+0000] {task_command.py:423} INFO - Running <TaskInstance: inout_data_ingestion.ingest_dummy_data scheduled__2024-10-02T18:00:00+00:00 [running]> on host ff9d64b065e6
[2025-03-30T11:17:24.526+0000] {taskinstance.py:2510} INFO - Exporting env vars: AIRFLOW_CTX_DAG_OWNER='***' AIRFLOW_CTX_DAG_ID='inout_data_ingestion' AIRFLOW_CTX_TASK_ID='ingest_dummy_data' AIRFLOW_CTX_EXECUTION_DATE='2024-10-02T18:00:00+00:00' AIRFLOW_CTX_TRY_NUMBER='1' AIRFLOW_CTX_DAG_RUN_ID='scheduled__2024-10-02T18:00:00+00:00'
[2025-03-30T11:17:24.530+0000] {inout_data.py:42} INFO - Successfully connected to MariaDB: INOUT on mariadb:3306
[2025-03-30T11:17:24.532+0000] {inout_data.py:63} ERROR - Error executing query: (1062, "Duplicate entry '2025-03-30 11:17:24-8105' for key 'PRIMARY'")
[2025-03-30T11:17:24.533+0000] {inout_data.py:63} ERROR - Error executing query: (1062, "Duplicate entry '2025-03-30 11:17:24-8105' for key 'PRIMARY'")
[2025-03-30T11:17:24.535+0000] {inout_data.py:63} ERROR - Error executing query: (1062, "Duplicate entry '2025-03-30 11:17:24-8105' for key 'PRIMARY'")
[2025-03-30T11:17:24.538+0000] {inout_data.py:63} ERROR - Error executing query: (1062, "Duplicate entry '2025-03-30 11:17:24-8105' for key 'PRIMARY'")
[2025-03-30T11:17:24.540+0000] {inout_data.py:63} ERROR - Error executing query: (1062, "Duplicate entry '2025-03-30 11:17:24-8105' for key 'PRIMARY'")
[2025-03-30T11:17:24.545+0000] {inout_data.py:63} ERROR - Error executing query: (1062, "Duplicate entry '2025-03-30 11:17:24-8105' for key 'PRIMARY'")
[2025-03-30T11:17:24.545+0000] {inout_data.py:63} ERROR - Error executing query: (1062, "Duplicate entry '2025-03-30 11:17:24-8105' for key 'PRIMARY'")
[2025-03-30T11:17:24.546+0000] {inout_data.py:63} ERROR - Error executing query: (1062, "Duplicate entry '2025-03-30 11:17:24-8105' for key 'PRIMARY'")
[2025-03-30T11:17:24.547+0000] {inout_data.py:63} ERROR - Error executing query: (1062, "Duplicate entry '2025-03-30 11:17:24-8105' for key 'PRIMARY'")
[2025-03-30T11:17:24.547+0000] {inout_data.py:63} ERROR - Error executing query: (1062, "Duplicate entry '2025-03-30 11:17:24-8105' for key 'PRIMARY'")
[2025-03-30T11:17:24.547+0000] {inout_data.py:152} INFO - Ingested 11 rows of dummy data.
[2025-03-30T11:17:24.547+0000] {inout_data.py:78} INFO - MariaDB connection closed.
[2025-03-30T11:17:24.547+0000] {python.py:202} INFO - Done. Returned value was: None
[2025-03-30T11:17:24.552+0000] {taskinstance.py:1149} INFO - Marking task as SUCCESS. dag_id=inout_data_ingestion, task_id=ingest_dummy_data, execution_date=20241002T180000, start_date=20250330T111724, end_date=20250330T111724
[2025-03-30T11:17:24.603+0000] {local_task_job_runner.py:234} INFO - Task exited with return code 0
[2025-03-30T11:17:24.625+0000] {taskinstance.py:3309} INFO - 0 downstream tasks scheduled from follow-on schedule check
[2025-03-30T11:29:50.615+0000] {taskinstance.py:1979} INFO - Dependencies all met for dep_context=non-requeueable deps ti=<TaskInstance: inout_data_ingestion.ingest_dummy_data scheduled__2024-10-02T18:00:00+00:00 [queued]>
[2025-03-30T11:29:50.625+0000] {taskinstance.py:1979} INFO - Dependencies all met for dep_context=requeueable deps ti=<TaskInstance: inout_data_ingestion.ingest_dummy_data scheduled__2024-10-02T18:00:00+00:00 [queued]>
[2025-03-30T11:29:50.626+0000] {taskinstance.py:2193} INFO - Starting attempt 1 of 2
[2025-03-30T11:29:50.642+0000] {taskinstance.py:2214} INFO - Executing <Task(PythonOperator): ingest_dummy_data> on 2024-10-02 18:00:00+00:00
[2025-03-30T11:29:50.649+0000] {standard_task_runner.py:60} INFO - Started process 4601 to run task
[2025-03-30T11:29:50.652+0000] {standard_task_runner.py:87} INFO - Running: ['***', 'tasks', 'run', 'inout_data_ingestion', 'ingest_dummy_data', 'scheduled__2024-10-02T18:00:00+00:00', '--job-id', '2274', '--raw', '--subdir', 'DAGS_FOLDER/inout_data.py', '--cfg-path', '/tmp/tmph5s87c0i']
[2025-03-30T11:29:50.654+0000] {standard_task_runner.py:88} INFO - Job 2274: Subtask ingest_dummy_data
[2025-03-30T11:29:50.668+0000] {warnings.py:109} WARNING - /home/***/.local/lib/python3.8/site-packages/***/settings.py:194: DeprecationWarning: The sql_alchemy_conn option in [core] has been moved to the sql_alchemy_conn option in [database] - the old setting has been used, but please update your config.
  SQL_ALCHEMY_CONN = conf.get("database", "SQL_ALCHEMY_CONN")

[2025-03-30T11:29:50.697+0000] {task_command.py:423} INFO - Running <TaskInstance: inout_data_ingestion.ingest_dummy_data scheduled__2024-10-02T18:00:00+00:00 [running]> on host ff9d64b065e6
[2025-03-30T11:29:50.764+0000] {taskinstance.py:2510} INFO - Exporting env vars: AIRFLOW_CTX_DAG_OWNER='***' AIRFLOW_CTX_DAG_ID='inout_data_ingestion' AIRFLOW_CTX_TASK_ID='ingest_dummy_data' AIRFLOW_CTX_EXECUTION_DATE='2024-10-02T18:00:00+00:00' AIRFLOW_CTX_TRY_NUMBER='1' AIRFLOW_CTX_DAG_RUN_ID='scheduled__2024-10-02T18:00:00+00:00'
[2025-03-30T11:29:50.769+0000] {logging_mixin.py:188} INFO - Successfully connected to MariaDB: INOUT on mariadb:3306
[2025-03-30T11:29:50.770+0000] {logging_mixin.py:188} INFO - General error executing query: not all arguments converted during string formatting
[2025-03-30T11:29:50.770+0000] {logging_mixin.py:188} INFO - General error executing query: not all arguments converted during string formatting
[2025-03-30T11:29:50.772+0000] {logging_mixin.py:188} INFO - General error executing query: not all arguments converted during string formatting
[2025-03-30T11:29:50.774+0000] {logging_mixin.py:188} INFO - General error executing query: not all arguments converted during string formatting
[2025-03-30T11:29:50.775+0000] {logging_mixin.py:188} INFO - General error executing query: not all arguments converted during string formatting
[2025-03-30T11:29:50.776+0000] {logging_mixin.py:188} INFO - General error executing query: not all arguments converted during string formatting
[2025-03-30T11:29:50.778+0000] {logging_mixin.py:188} INFO - General error executing query: not all arguments converted during string formatting
[2025-03-30T11:29:50.779+0000] {logging_mixin.py:188} INFO - General error executing query: not all arguments converted during string formatting
[2025-03-30T11:29:50.780+0000] {logging_mixin.py:188} INFO - General error executing query: not all arguments converted during string formatting
[2025-03-30T11:29:50.782+0000] {logging_mixin.py:188} INFO - General error executing query: not all arguments converted during string formatting
[2025-03-30T11:29:50.783+0000] {logging_mixin.py:188} INFO - General error executing query: not all arguments converted during string formatting
[2025-03-30T11:29:50.785+0000] {logging_mixin.py:188} INFO - General error executing query: not all arguments converted during string formatting
[2025-03-30T11:29:50.786+0000] {logging_mixin.py:188} INFO - General error executing query: not all arguments converted during string formatting
[2025-03-30T11:29:50.787+0000] {logging_mixin.py:188} INFO - General error executing query: not all arguments converted during string formatting
[2025-03-30T11:29:50.788+0000] {logging_mixin.py:188} INFO - General error executing query: not all arguments converted during string formatting
[2025-03-30T11:29:50.793+0000] {logging_mixin.py:188} INFO - General error executing query: not all arguments converted during string formatting
[2025-03-30T11:29:50.794+0000] {logging_mixin.py:188} INFO - General error executing query: not all arguments converted during string formatting
[2025-03-30T11:29:50.796+0000] {logging_mixin.py:188} INFO - General error executing query: not all arguments converted during string formatting
[2025-03-30T11:29:50.796+0000] {logging_mixin.py:188} INFO - General error executing query: not all arguments converted during string formatting
[2025-03-30T11:29:50.798+0000] {inout_data.py:87} INFO - Ingested 19 rows of dummy data for 2024-10-02 18:00:00+00:00.
[2025-03-30T11:29:50.798+0000] {logging_mixin.py:188} INFO - MariaDB connection closed.
[2025-03-30T11:29:50.799+0000] {python.py:202} INFO - Done. Returned value was: None
[2025-03-30T11:29:50.806+0000] {taskinstance.py:1149} INFO - Marking task as SUCCESS. dag_id=inout_data_ingestion, task_id=ingest_dummy_data, execution_date=20241002T180000, start_date=20250330T112950, end_date=20250330T112950
[2025-03-30T11:29:50.834+0000] {local_task_job_runner.py:234} INFO - Task exited with return code 0
[2025-03-30T11:29:50.847+0000] {taskinstance.py:3309} INFO - 0 downstream tasks scheduled from follow-on schedule check
[2025-03-30T11:34:46.461+0000] {taskinstance.py:1979} INFO - Dependencies all met for dep_context=non-requeueable deps ti=<TaskInstance: inout_data_ingestion.ingest_dummy_data scheduled__2024-10-02T18:00:00+00:00 [queued]>
[2025-03-30T11:34:46.485+0000] {taskinstance.py:1979} INFO - Dependencies all met for dep_context=requeueable deps ti=<TaskInstance: inout_data_ingestion.ingest_dummy_data scheduled__2024-10-02T18:00:00+00:00 [queued]>
[2025-03-30T11:34:46.487+0000] {taskinstance.py:2193} INFO - Starting attempt 1 of 2
[2025-03-30T11:34:46.521+0000] {taskinstance.py:2214} INFO - Executing <Task(PythonOperator): ingest_dummy_data> on 2024-10-02 18:00:00+00:00
[2025-03-30T11:34:46.531+0000] {standard_task_runner.py:60} INFO - Started process 6061 to run task
[2025-03-30T11:34:46.545+0000] {standard_task_runner.py:87} INFO - Running: ['***', 'tasks', 'run', 'inout_data_ingestion', 'ingest_dummy_data', 'scheduled__2024-10-02T18:00:00+00:00', '--job-id', '3005', '--raw', '--subdir', 'DAGS_FOLDER/inout_data.py', '--cfg-path', '/tmp/tmpn11xtg34']
[2025-03-30T11:34:46.554+0000] {standard_task_runner.py:88} INFO - Job 3005: Subtask ingest_dummy_data
[2025-03-30T11:34:46.636+0000] {warnings.py:109} WARNING - /home/***/.local/lib/python3.8/site-packages/***/settings.py:194: DeprecationWarning: The sql_alchemy_conn option in [core] has been moved to the sql_alchemy_conn option in [database] - the old setting has been used, but please update your config.
  SQL_ALCHEMY_CONN = conf.get("database", "SQL_ALCHEMY_CONN")

[2025-03-30T11:34:47.025+0000] {task_command.py:423} INFO - Running <TaskInstance: inout_data_ingestion.ingest_dummy_data scheduled__2024-10-02T18:00:00+00:00 [running]> on host ff9d64b065e6
[2025-03-30T11:34:47.236+0000] {taskinstance.py:2510} INFO - Exporting env vars: AIRFLOW_CTX_DAG_OWNER='***' AIRFLOW_CTX_DAG_ID='inout_data_ingestion' AIRFLOW_CTX_TASK_ID='ingest_dummy_data' AIRFLOW_CTX_EXECUTION_DATE='2024-10-02T18:00:00+00:00' AIRFLOW_CTX_TRY_NUMBER='1' AIRFLOW_CTX_DAG_RUN_ID='scheduled__2024-10-02T18:00:00+00:00'
[2025-03-30T11:34:47.292+0000] {logging_mixin.py:188} INFO - Successfully connected to MariaDB: INOUT on mariadb:3306
[2025-03-30T11:34:47.293+0000] {inout_data.py:83} INFO - {'ingested_time': datetime.datetime(2025, 3, 30, 11, 34, 47, 293440), 'timestamp': datetime.datetime(2024, 10, 2, 18, 29, tzinfo=datetime.timezone.utc), 'emp_id': 7800, 'employee_name': 'Employee89', 'factory': 'FactoryB', 'in_out': 'IN', 'entrance': 'Main', 'door_number': '2', 'function': 'IT', 'division': 'AAPD', 'department': 'HRSD', 'section': '2'}
[2025-03-30T11:34:47.295+0000] {logging_mixin.py:188} INFO - General error executing query: not all arguments converted during string formatting
[2025-03-30T11:34:47.301+0000] {inout_data.py:83} INFO - {'ingested_time': datetime.datetime(2025, 3, 30, 11, 34, 47, 301293), 'timestamp': datetime.datetime(2024, 10, 2, 18, 19, tzinfo=datetime.timezone.utc), 'emp_id': 3904, 'employee_name': 'Employee13', 'factory': 'FactoryB', 'in_out': 'OUT', 'entrance': 'Side', 'door_number': '9', 'function': 'IT', 'division': 'BSID', 'department': 'HRSD', 'section': '2'}
[2025-03-30T11:34:47.302+0000] {logging_mixin.py:188} INFO - General error executing query: not all arguments converted during string formatting
[2025-03-30T11:34:47.304+0000] {inout_data.py:83} INFO - {'ingested_time': datetime.datetime(2025, 3, 30, 11, 34, 47, 304694), 'timestamp': datetime.datetime(2024, 10, 2, 18, 28, tzinfo=datetime.timezone.utc), 'emp_id': 6084, 'employee_name': 'Employee94', 'factory': 'FactoryB', 'in_out': 'IN', 'entrance': 'Side', 'door_number': '4', 'function': 'IT', 'division': 'AAPD', 'department': 'HRSD', 'section': '1'}
[2025-03-30T11:34:47.309+0000] {logging_mixin.py:188} INFO - General error executing query: not all arguments converted during string formatting
[2025-03-30T11:34:47.310+0000] {inout_data.py:83} INFO - {'ingested_time': datetime.datetime(2025, 3, 30, 11, 34, 47, 309977), 'timestamp': datetime.datetime(2024, 10, 2, 18, 14, tzinfo=datetime.timezone.utc), 'emp_id': 3336, 'employee_name': 'Employee55', 'factory': 'FactoryA', 'in_out': 'IN', 'entrance': 'Main', 'door_number': '2', 'function': 'IT', 'division': 'AAPD', 'department': 'HRSD', 'section': '1'}
[2025-03-30T11:34:47.311+0000] {logging_mixin.py:188} INFO - General error executing query: not all arguments converted during string formatting
[2025-03-30T11:34:47.313+0000] {inout_data.py:83} INFO - {'ingested_time': datetime.datetime(2025, 3, 30, 11, 34, 47, 313664), 'timestamp': datetime.datetime(2024, 10, 2, 18, 6, tzinfo=datetime.timezone.utc), 'emp_id': 6249, 'employee_name': 'Employee94', 'factory': 'FactoryA', 'in_out': 'OUT', 'entrance': 'Side', 'door_number': '6', 'function': 'IT', 'division': 'BSID', 'department': 'HRSD', 'section': '1'}
[2025-03-30T11:34:47.314+0000] {logging_mixin.py:188} INFO - General error executing query: not all arguments converted during string formatting
[2025-03-30T11:34:47.315+0000] {inout_data.py:83} INFO - {'ingested_time': datetime.datetime(2025, 3, 30, 11, 34, 47, 315511), 'timestamp': datetime.datetime(2024, 10, 2, 18, 12, tzinfo=datetime.timezone.utc), 'emp_id': 4568, 'employee_name': 'Employee89', 'factory': 'FactoryB', 'in_out': 'IN', 'entrance': 'Side', 'door_number': '8', 'function': 'IT', 'division': 'BSID', 'department': 'HRSD', 'section': '2'}
[2025-03-30T11:34:47.316+0000] {logging_mixin.py:188} INFO - General error executing query: not all arguments converted during string formatting
[2025-03-30T11:34:47.318+0000] {inout_data.py:83} INFO - {'ingested_time': datetime.datetime(2025, 3, 30, 11, 34, 47, 318743), 'timestamp': datetime.datetime(2024, 10, 2, 18, 4, tzinfo=datetime.timezone.utc), 'emp_id': 6434, 'employee_name': 'Employee55', 'factory': 'FactoryA', 'in_out': 'IN', 'entrance': 'Main', 'door_number': '4', 'function': 'IT', 'division': 'AAPD', 'department': 'HRSD', 'section': '2'}
[2025-03-30T11:34:47.321+0000] {logging_mixin.py:188} INFO - General error executing query: not all arguments converted during string formatting
[2025-03-30T11:34:47.324+0000] {inout_data.py:83} INFO - {'ingested_time': datetime.datetime(2025, 3, 30, 11, 34, 47, 323956), 'timestamp': datetime.datetime(2024, 10, 2, 18, 25, tzinfo=datetime.timezone.utc), 'emp_id': 8473, 'employee_name': 'Employee28', 'factory': 'FactoryB', 'in_out': 'IN', 'entrance': 'Main', 'door_number': '7', 'function': 'IT', 'division': 'BSID', 'department': 'ML', 'section': '2'}
[2025-03-30T11:34:47.324+0000] {logging_mixin.py:188} INFO - General error executing query: not all arguments converted during string formatting
[2025-03-30T11:34:47.324+0000] {inout_data.py:83} INFO - {'ingested_time': datetime.datetime(2025, 3, 30, 11, 34, 47, 324893), 'timestamp': datetime.datetime(2024, 10, 2, 18, 21, tzinfo=datetime.timezone.utc), 'emp_id': 4779, 'employee_name': 'Employee81', 'factory': 'FactoryA', 'in_out': 'IN', 'entrance': 'Side', 'door_number': '6', 'function': 'IT', 'division': 'BSID', 'department': 'CAPD', 'section': '1'}
[2025-03-30T11:34:47.326+0000] {logging_mixin.py:188} INFO - General error executing query: not all arguments converted during string formatting
[2025-03-30T11:34:47.328+0000] {inout_data.py:88} INFO - Ingested 9 rows of dummy data for 2024-10-02 18:00:00+00:00.
[2025-03-30T11:34:47.329+0000] {logging_mixin.py:188} INFO - MariaDB connection closed.
[2025-03-30T11:34:47.329+0000] {python.py:202} INFO - Done. Returned value was: None
[2025-03-30T11:34:47.359+0000] {taskinstance.py:1149} INFO - Marking task as SUCCESS. dag_id=inout_data_ingestion, task_id=ingest_dummy_data, execution_date=20241002T180000, start_date=20250330T113446, end_date=20250330T113447
[2025-03-30T11:34:47.464+0000] {local_task_job_runner.py:234} INFO - Task exited with return code 0
[2025-03-30T11:34:47.541+0000] {taskinstance.py:3309} INFO - 0 downstream tasks scheduled from follow-on schedule check
