[2025-03-30T11:13:35.461+0000] {taskinstance.py:1979} INFO - Dependencies all met for dep_context=non-requeueable deps ti=<TaskInstance: inout_data_ingestion.ingest_dummy_data scheduled__2024-10-07T19:30:00+00:00 [queued]>
[2025-03-30T11:13:35.488+0000] {taskinstance.py:1979} INFO - Dependencies all met for dep_context=requeueable deps ti=<TaskInstance: inout_data_ingestion.ingest_dummy_data scheduled__2024-10-07T19:30:00+00:00 [queued]>
[2025-03-30T11:13:35.490+0000] {taskinstance.py:2193} INFO - Starting attempt 1 of 2
[2025-03-30T11:13:35.536+0000] {taskinstance.py:2214} INFO - Executing <Task(PythonOperator): ingest_dummy_data> on 2024-10-07 19:30:00+00:00
[2025-03-30T11:13:35.548+0000] {standard_task_runner.py:60} INFO - Started process 1800 to run task
[2025-03-30T11:13:35.559+0000] {standard_task_runner.py:87} INFO - Running: ['***', 'tasks', 'run', 'inout_data_ingestion', 'ingest_dummy_data', 'scheduled__2024-10-07T19:30:00+00:00', '--job-id', '873', '--raw', '--subdir', 'DAGS_FOLDER/inout_data.py', '--cfg-path', '/tmp/tmpg4zntjid']
[2025-03-30T11:13:35.565+0000] {standard_task_runner.py:88} INFO - Job 873: Subtask ingest_dummy_data
[2025-03-30T11:13:35.592+0000] {warnings.py:109} WARNING - /home/***/.local/lib/python3.8/site-packages/***/settings.py:194: DeprecationWarning: The sql_alchemy_conn option in [core] has been moved to the sql_alchemy_conn option in [database] - the old setting has been used, but please update your config.
  SQL_ALCHEMY_CONN = conf.get("database", "SQL_ALCHEMY_CONN")

[2025-03-30T11:13:35.638+0000] {task_command.py:423} INFO - Running <TaskInstance: inout_data_ingestion.ingest_dummy_data scheduled__2024-10-07T19:30:00+00:00 [running]> on host ff9d64b065e6
[2025-03-30T11:13:35.708+0000] {taskinstance.py:2510} INFO - Exporting env vars: AIRFLOW_CTX_DAG_OWNER='***' AIRFLOW_CTX_DAG_ID='inout_data_ingestion' AIRFLOW_CTX_TASK_ID='ingest_dummy_data' AIRFLOW_CTX_EXECUTION_DATE='2024-10-07T19:30:00+00:00' AIRFLOW_CTX_TRY_NUMBER='1' AIRFLOW_CTX_DAG_RUN_ID='scheduled__2024-10-07T19:30:00+00:00'
[2025-03-30T11:13:35.714+0000] {inout_data.py:42} INFO - Successfully connected to MariaDB: INOUT on mariadb:3306
[2025-03-30T11:13:35.717+0000] {inout_data.py:63} ERROR - Error executing query: (1062, "Duplicate entry '2025-03-30 11:13:35-9032' for key 'PRIMARY'")
[2025-03-30T11:13:35.720+0000] {inout_data.py:63} ERROR - Error executing query: (1062, "Duplicate entry '2025-03-30 11:13:35-9032' for key 'PRIMARY'")
[2025-03-30T11:13:35.722+0000] {inout_data.py:63} ERROR - Error executing query: (1062, "Duplicate entry '2025-03-30 11:13:35-9032' for key 'PRIMARY'")
[2025-03-30T11:13:35.723+0000] {inout_data.py:63} ERROR - Error executing query: (1062, "Duplicate entry '2025-03-30 11:13:35-9032' for key 'PRIMARY'")
[2025-03-30T11:13:35.724+0000] {inout_data.py:63} ERROR - Error executing query: (1062, "Duplicate entry '2025-03-30 11:13:35-9032' for key 'PRIMARY'")
[2025-03-30T11:13:35.725+0000] {inout_data.py:63} ERROR - Error executing query: (1062, "Duplicate entry '2025-03-30 11:13:35-9032' for key 'PRIMARY'")
[2025-03-30T11:13:35.726+0000] {inout_data.py:63} ERROR - Error executing query: (1062, "Duplicate entry '2025-03-30 11:13:35-9032' for key 'PRIMARY'")
[2025-03-30T11:13:35.728+0000] {inout_data.py:63} ERROR - Error executing query: (1062, "Duplicate entry '2025-03-30 11:13:35-9032' for key 'PRIMARY'")
[2025-03-30T11:13:35.729+0000] {inout_data.py:63} ERROR - Error executing query: (1062, "Duplicate entry '2025-03-30 11:13:35-9032' for key 'PRIMARY'")
[2025-03-30T11:13:35.729+0000] {inout_data.py:63} ERROR - Error executing query: (1062, "Duplicate entry '2025-03-30 11:13:35-9032' for key 'PRIMARY'")
[2025-03-30T11:13:35.731+0000] {inout_data.py:63} ERROR - Error executing query: (1062, "Duplicate entry '2025-03-30 11:13:35-9032' for key 'PRIMARY'")
[2025-03-30T11:13:35.733+0000] {inout_data.py:63} ERROR - Error executing query: (1062, "Duplicate entry '2025-03-30 11:13:35-9032' for key 'PRIMARY'")
[2025-03-30T11:13:35.734+0000] {inout_data.py:63} ERROR - Error executing query: (1062, "Duplicate entry '2025-03-30 11:13:35-9032' for key 'PRIMARY'")
[2025-03-30T11:13:35.735+0000] {inout_data.py:159} INFO - Ingested 14 rows of dummy data.
[2025-03-30T11:13:35.735+0000] {inout_data.py:78} INFO - MariaDB connection closed.
[2025-03-30T11:13:35.736+0000] {python.py:202} INFO - Done. Returned value was: None
[2025-03-30T11:13:35.748+0000] {taskinstance.py:1149} INFO - Marking task as SUCCESS. dag_id=inout_data_ingestion, task_id=ingest_dummy_data, execution_date=20241007T193000, start_date=20250330T111335, end_date=20250330T111335
[2025-03-30T11:13:35.790+0000] {local_task_job_runner.py:234} INFO - Task exited with return code 0
[2025-03-30T11:13:35.834+0000] {taskinstance.py:3309} INFO - 0 downstream tasks scheduled from follow-on schedule check
[2025-03-30T11:20:21.248+0000] {taskinstance.py:1979} INFO - Dependencies all met for dep_context=non-requeueable deps ti=<TaskInstance: inout_data_ingestion.ingest_dummy_data scheduled__2024-10-07T19:30:00+00:00 [queued]>
[2025-03-30T11:20:21.317+0000] {taskinstance.py:1979} INFO - Dependencies all met for dep_context=requeueable deps ti=<TaskInstance: inout_data_ingestion.ingest_dummy_data scheduled__2024-10-07T19:30:00+00:00 [queued]>
[2025-03-30T11:20:21.319+0000] {taskinstance.py:2193} INFO - Starting attempt 1 of 2
[2025-03-30T11:20:21.343+0000] {taskinstance.py:2214} INFO - Executing <Task(PythonOperator): ingest_dummy_data> on 2024-10-07 19:30:00+00:00
[2025-03-30T11:20:21.348+0000] {standard_task_runner.py:60} INFO - Started process 3659 to run task
[2025-03-30T11:20:21.359+0000] {standard_task_runner.py:87} INFO - Running: ['***', 'tasks', 'run', 'inout_data_ingestion', 'ingest_dummy_data', 'scheduled__2024-10-07T19:30:00+00:00', '--job-id', '1803', '--raw', '--subdir', 'DAGS_FOLDER/inout_data.py', '--cfg-path', '/tmp/tmp8nz7_kpu']
[2025-03-30T11:20:21.361+0000] {standard_task_runner.py:88} INFO - Job 1803: Subtask ingest_dummy_data
[2025-03-30T11:20:21.378+0000] {warnings.py:109} WARNING - /home/***/.local/lib/python3.8/site-packages/***/settings.py:194: DeprecationWarning: The sql_alchemy_conn option in [core] has been moved to the sql_alchemy_conn option in [database] - the old setting has been used, but please update your config.
  SQL_ALCHEMY_CONN = conf.get("database", "SQL_ALCHEMY_CONN")

[2025-03-30T11:20:21.437+0000] {task_command.py:423} INFO - Running <TaskInstance: inout_data_ingestion.ingest_dummy_data scheduled__2024-10-07T19:30:00+00:00 [running]> on host ff9d64b065e6
[2025-03-30T11:20:21.561+0000] {taskinstance.py:2510} INFO - Exporting env vars: AIRFLOW_CTX_DAG_OWNER='***' AIRFLOW_CTX_DAG_ID='inout_data_ingestion' AIRFLOW_CTX_TASK_ID='ingest_dummy_data' AIRFLOW_CTX_EXECUTION_DATE='2024-10-07T19:30:00+00:00' AIRFLOW_CTX_TRY_NUMBER='1' AIRFLOW_CTX_DAG_RUN_ID='scheduled__2024-10-07T19:30:00+00:00'
[2025-03-30T11:20:21.574+0000] {inout_data.py:42} INFO - Successfully connected to MariaDB: INOUT on mariadb:3306
[2025-03-30T11:20:21.579+0000] {inout_data.py:63} ERROR - Error executing query: (1062, "Duplicate entry '2025-03-30 11:20:21-2845' for key 'PRIMARY'")
[2025-03-30T11:20:21.584+0000] {inout_data.py:63} ERROR - Error executing query: (1062, "Duplicate entry '2025-03-30 11:20:21-2845' for key 'PRIMARY'")
[2025-03-30T11:20:21.586+0000] {inout_data.py:63} ERROR - Error executing query: (1062, "Duplicate entry '2025-03-30 11:20:21-2845' for key 'PRIMARY'")
[2025-03-30T11:20:21.589+0000] {inout_data.py:63} ERROR - Error executing query: (1062, "Duplicate entry '2025-03-30 11:20:21-2845' for key 'PRIMARY'")
[2025-03-30T11:20:21.590+0000] {inout_data.py:63} ERROR - Error executing query: (1062, "Duplicate entry '2025-03-30 11:20:21-2845' for key 'PRIMARY'")
[2025-03-30T11:20:21.594+0000] {inout_data.py:63} ERROR - Error executing query: (1062, "Duplicate entry '2025-03-30 11:20:21-2845' for key 'PRIMARY'")
[2025-03-30T11:20:21.595+0000] {inout_data.py:63} ERROR - Error executing query: (1062, "Duplicate entry '2025-03-30 11:20:21-2845' for key 'PRIMARY'")
[2025-03-30T11:20:21.596+0000] {inout_data.py:63} ERROR - Error executing query: (1062, "Duplicate entry '2025-03-30 11:20:21-2845' for key 'PRIMARY'")
[2025-03-30T11:20:21.599+0000] {inout_data.py:63} ERROR - Error executing query: (1062, "Duplicate entry '2025-03-30 11:20:21-2845' for key 'PRIMARY'")
[2025-03-30T11:20:21.602+0000] {inout_data.py:63} ERROR - Error executing query: (1062, "Duplicate entry '2025-03-30 11:20:21-2845' for key 'PRIMARY'")
[2025-03-30T11:20:21.605+0000] {inout_data.py:63} ERROR - Error executing query: (1062, "Duplicate entry '2025-03-30 11:20:21-2845' for key 'PRIMARY'")
[2025-03-30T11:20:21.610+0000] {inout_data.py:63} ERROR - Error executing query: (1062, "Duplicate entry '2025-03-30 11:20:21-2845' for key 'PRIMARY'")
[2025-03-30T11:20:21.616+0000] {inout_data.py:63} ERROR - Error executing query: (1062, "Duplicate entry '2025-03-30 11:20:21-2845' for key 'PRIMARY'")
[2025-03-30T11:20:21.619+0000] {inout_data.py:63} ERROR - Error executing query: (1062, "Duplicate entry '2025-03-30 11:20:21-2845' for key 'PRIMARY'")
[2025-03-30T11:20:21.627+0000] {inout_data.py:63} ERROR - Error executing query: (1062, "Duplicate entry '2025-03-30 11:20:21-2845' for key 'PRIMARY'")
[2025-03-30T11:20:21.628+0000] {inout_data.py:63} ERROR - Error executing query: (1062, "Duplicate entry '2025-03-30 11:20:21-2845' for key 'PRIMARY'")
[2025-03-30T11:20:21.637+0000] {inout_data.py:63} ERROR - Error executing query: (1062, "Duplicate entry '2025-03-30 11:20:21-2845' for key 'PRIMARY'")
[2025-03-30T11:20:21.639+0000] {inout_data.py:63} ERROR - Error executing query: (1062, "Duplicate entry '2025-03-30 11:20:21-2845' for key 'PRIMARY'")
[2025-03-30T11:20:21.644+0000] {inout_data.py:63} ERROR - Error executing query: (1062, "Duplicate entry '2025-03-30 11:20:21-2845' for key 'PRIMARY'")
[2025-03-30T11:20:21.655+0000] {inout_data.py:152} INFO - Ingested 20 rows of dummy data.
[2025-03-30T11:20:21.656+0000] {inout_data.py:78} INFO - MariaDB connection closed.
[2025-03-30T11:20:21.657+0000] {python.py:202} INFO - Done. Returned value was: None
[2025-03-30T11:20:21.687+0000] {taskinstance.py:1149} INFO - Marking task as SUCCESS. dag_id=inout_data_ingestion, task_id=ingest_dummy_data, execution_date=20241007T193000, start_date=20250330T112021, end_date=20250330T112021
[2025-03-30T11:20:21.747+0000] {local_task_job_runner.py:234} INFO - Task exited with return code 0
[2025-03-30T11:20:21.798+0000] {taskinstance.py:3309} INFO - 0 downstream tasks scheduled from follow-on schedule check
