[2025-03-30T11:11:36.888+0000] {taskinstance.py:1979} INFO - Dependencies all met for dep_context=non-requeueable deps ti=<TaskInstance: inout_data_ingestion.ingest_dummy_data scheduled__2024-10-04T04:00:00+00:00 [queued]>
[2025-03-30T11:11:36.917+0000] {taskinstance.py:1979} INFO - Dependencies all met for dep_context=requeueable deps ti=<TaskInstance: inout_data_ingestion.ingest_dummy_data scheduled__2024-10-04T04:00:00+00:00 [queued]>
[2025-03-30T11:11:36.921+0000] {taskinstance.py:2193} INFO - Starting attempt 1 of 2
[2025-03-30T11:11:36.981+0000] {taskinstance.py:2214} INFO - Executing <Task(PythonOperator): ingest_dummy_data> on 2024-10-04 04:00:00+00:00
[2025-03-30T11:11:36.988+0000] {standard_task_runner.py:60} INFO - Started process 1100 to run task
[2025-03-30T11:11:37.002+0000] {standard_task_runner.py:87} INFO - Running: ['***', 'tasks', 'run', 'inout_data_ingestion', 'ingest_dummy_data', 'scheduled__2024-10-04T04:00:00+00:00', '--job-id', '523', '--raw', '--subdir', 'DAGS_FOLDER/inout_data.py', '--cfg-path', '/tmp/tmp82e9fhth']
[2025-03-30T11:11:37.011+0000] {standard_task_runner.py:88} INFO - Job 523: Subtask ingest_dummy_data
[2025-03-30T11:11:37.033+0000] {warnings.py:109} WARNING - /home/***/.local/lib/python3.8/site-packages/***/settings.py:194: DeprecationWarning: The sql_alchemy_conn option in [core] has been moved to the sql_alchemy_conn option in [database] - the old setting has been used, but please update your config.
  SQL_ALCHEMY_CONN = conf.get("database", "SQL_ALCHEMY_CONN")

[2025-03-30T11:11:37.113+0000] {task_command.py:423} INFO - Running <TaskInstance: inout_data_ingestion.ingest_dummy_data scheduled__2024-10-04T04:00:00+00:00 [running]> on host ff9d64b065e6
[2025-03-30T11:11:37.345+0000] {taskinstance.py:2510} INFO - Exporting env vars: AIRFLOW_CTX_DAG_OWNER='***' AIRFLOW_CTX_DAG_ID='inout_data_ingestion' AIRFLOW_CTX_TASK_ID='ingest_dummy_data' AIRFLOW_CTX_EXECUTION_DATE='2024-10-04T04:00:00+00:00' AIRFLOW_CTX_TRY_NUMBER='1' AIRFLOW_CTX_DAG_RUN_ID='scheduled__2024-10-04T04:00:00+00:00'
[2025-03-30T11:11:37.363+0000] {inout_data.py:42} INFO - Successfully connected to MariaDB: INOUT on mariadb:3306
[2025-03-30T11:11:37.367+0000] {inout_data.py:63} ERROR - Error executing query: (1062, "Duplicate entry '2025-03-30 11:11:37-3978' for key 'PRIMARY'")
[2025-03-30T11:11:37.370+0000] {inout_data.py:63} ERROR - Error executing query: (1062, "Duplicate entry '2025-03-30 11:11:37-3978' for key 'PRIMARY'")
[2025-03-30T11:11:37.372+0000] {inout_data.py:63} ERROR - Error executing query: (1062, "Duplicate entry '2025-03-30 11:11:37-3978' for key 'PRIMARY'")
[2025-03-30T11:11:37.374+0000] {inout_data.py:63} ERROR - Error executing query: (1062, "Duplicate entry '2025-03-30 11:11:37-3978' for key 'PRIMARY'")
[2025-03-30T11:11:37.378+0000] {inout_data.py:63} ERROR - Error executing query: (1062, "Duplicate entry '2025-03-30 11:11:37-3978' for key 'PRIMARY'")
[2025-03-30T11:11:37.379+0000] {inout_data.py:63} ERROR - Error executing query: (1062, "Duplicate entry '2025-03-30 11:11:37-3978' for key 'PRIMARY'")
[2025-03-30T11:11:37.381+0000] {inout_data.py:63} ERROR - Error executing query: (1062, "Duplicate entry '2025-03-30 11:11:37-3978' for key 'PRIMARY'")
[2025-03-30T11:11:37.392+0000] {inout_data.py:63} ERROR - Error executing query: (1062, "Duplicate entry '2025-03-30 11:11:37-3978' for key 'PRIMARY'")
[2025-03-30T11:11:37.397+0000] {inout_data.py:63} ERROR - Error executing query: (1062, "Duplicate entry '2025-03-30 11:11:37-3978' for key 'PRIMARY'")
[2025-03-30T11:11:37.400+0000] {inout_data.py:63} ERROR - Error executing query: (1062, "Duplicate entry '2025-03-30 11:11:37-3978' for key 'PRIMARY'")
[2025-03-30T11:11:37.403+0000] {inout_data.py:63} ERROR - Error executing query: (1062, "Duplicate entry '2025-03-30 11:11:37-3978' for key 'PRIMARY'")
[2025-03-30T11:11:37.406+0000] {inout_data.py:63} ERROR - Error executing query: (1062, "Duplicate entry '2025-03-30 11:11:37-3978' for key 'PRIMARY'")
[2025-03-30T11:11:37.412+0000] {inout_data.py:63} ERROR - Error executing query: (1062, "Duplicate entry '2025-03-30 11:11:37-3978' for key 'PRIMARY'")
[2025-03-30T11:11:37.419+0000] {inout_data.py:63} ERROR - Error executing query: (1062, "Duplicate entry '2025-03-30 11:11:37-3978' for key 'PRIMARY'")
[2025-03-30T11:11:37.420+0000] {inout_data.py:63} ERROR - Error executing query: (1062, "Duplicate entry '2025-03-30 11:11:37-3978' for key 'PRIMARY'")
[2025-03-30T11:11:37.425+0000] {inout_data.py:63} ERROR - Error executing query: (1062, "Duplicate entry '2025-03-30 11:11:37-3978' for key 'PRIMARY'")
[2025-03-30T11:11:37.428+0000] {inout_data.py:63} ERROR - Error executing query: (1062, "Duplicate entry '2025-03-30 11:11:37-3978' for key 'PRIMARY'")
[2025-03-30T11:11:37.429+0000] {inout_data.py:63} ERROR - Error executing query: (1062, "Duplicate entry '2025-03-30 11:11:37-3978' for key 'PRIMARY'")
[2025-03-30T11:11:37.432+0000] {inout_data.py:63} ERROR - Error executing query: (1062, "Duplicate entry '2025-03-30 11:11:37-3978' for key 'PRIMARY'")
[2025-03-30T11:11:37.434+0000] {inout_data.py:159} INFO - Ingested 20 rows of dummy data.
[2025-03-30T11:11:37.435+0000] {inout_data.py:78} INFO - MariaDB connection closed.
[2025-03-30T11:11:37.436+0000] {python.py:202} INFO - Done. Returned value was: None
[2025-03-30T11:11:37.472+0000] {taskinstance.py:1149} INFO - Marking task as SUCCESS. dag_id=inout_data_ingestion, task_id=ingest_dummy_data, execution_date=20241004T040000, start_date=20250330T111136, end_date=20250330T111137
[2025-03-30T11:11:37.561+0000] {local_task_job_runner.py:234} INFO - Task exited with return code 0
[2025-03-30T11:11:37.618+0000] {taskinstance.py:3309} INFO - 0 downstream tasks scheduled from follow-on schedule check
[2025-03-30T11:18:11.122+0000] {taskinstance.py:1979} INFO - Dependencies all met for dep_context=non-requeueable deps ti=<TaskInstance: inout_data_ingestion.ingest_dummy_data scheduled__2024-10-04T04:00:00+00:00 [queued]>
[2025-03-30T11:18:11.139+0000] {taskinstance.py:1979} INFO - Dependencies all met for dep_context=requeueable deps ti=<TaskInstance: inout_data_ingestion.ingest_dummy_data scheduled__2024-10-04T04:00:00+00:00 [queued]>
[2025-03-30T11:18:11.140+0000] {taskinstance.py:2193} INFO - Starting attempt 1 of 2
[2025-03-30T11:18:11.156+0000] {taskinstance.py:2214} INFO - Executing <Task(PythonOperator): ingest_dummy_data> on 2024-10-04 04:00:00+00:00
[2025-03-30T11:18:11.160+0000] {standard_task_runner.py:60} INFO - Started process 2957 to run task
[2025-03-30T11:18:11.164+0000] {standard_task_runner.py:87} INFO - Running: ['***', 'tasks', 'run', 'inout_data_ingestion', 'ingest_dummy_data', 'scheduled__2024-10-04T04:00:00+00:00', '--job-id', '1453', '--raw', '--subdir', 'DAGS_FOLDER/inout_data.py', '--cfg-path', '/tmp/tmp11hdsvvl']
[2025-03-30T11:18:11.166+0000] {standard_task_runner.py:88} INFO - Job 1453: Subtask ingest_dummy_data
[2025-03-30T11:18:11.185+0000] {warnings.py:109} WARNING - /home/***/.local/lib/python3.8/site-packages/***/settings.py:194: DeprecationWarning: The sql_alchemy_conn option in [core] has been moved to the sql_alchemy_conn option in [database] - the old setting has been used, but please update your config.
  SQL_ALCHEMY_CONN = conf.get("database", "SQL_ALCHEMY_CONN")

[2025-03-30T11:18:11.249+0000] {task_command.py:423} INFO - Running <TaskInstance: inout_data_ingestion.ingest_dummy_data scheduled__2024-10-04T04:00:00+00:00 [running]> on host ff9d64b065e6
[2025-03-30T11:18:11.318+0000] {taskinstance.py:2510} INFO - Exporting env vars: AIRFLOW_CTX_DAG_OWNER='***' AIRFLOW_CTX_DAG_ID='inout_data_ingestion' AIRFLOW_CTX_TASK_ID='ingest_dummy_data' AIRFLOW_CTX_EXECUTION_DATE='2024-10-04T04:00:00+00:00' AIRFLOW_CTX_TRY_NUMBER='1' AIRFLOW_CTX_DAG_RUN_ID='scheduled__2024-10-04T04:00:00+00:00'
[2025-03-30T11:18:11.325+0000] {inout_data.py:42} INFO - Successfully connected to MariaDB: INOUT on mariadb:3306
[2025-03-30T11:18:11.328+0000] {inout_data.py:63} ERROR - Error executing query: (1062, "Duplicate entry '2025-03-30 11:18:11-2511' for key 'PRIMARY'")
[2025-03-30T11:18:11.330+0000] {inout_data.py:63} ERROR - Error executing query: (1062, "Duplicate entry '2025-03-30 11:18:11-2511' for key 'PRIMARY'")
[2025-03-30T11:18:11.332+0000] {inout_data.py:63} ERROR - Error executing query: (1062, "Duplicate entry '2025-03-30 11:18:11-2511' for key 'PRIMARY'")
[2025-03-30T11:18:11.333+0000] {inout_data.py:63} ERROR - Error executing query: (1062, "Duplicate entry '2025-03-30 11:18:11-2511' for key 'PRIMARY'")
[2025-03-30T11:18:11.336+0000] {inout_data.py:63} ERROR - Error executing query: (1062, "Duplicate entry '2025-03-30 11:18:11-2511' for key 'PRIMARY'")
[2025-03-30T11:18:11.337+0000] {inout_data.py:63} ERROR - Error executing query: (1062, "Duplicate entry '2025-03-30 11:18:11-2511' for key 'PRIMARY'")
[2025-03-30T11:18:11.338+0000] {inout_data.py:63} ERROR - Error executing query: (1062, "Duplicate entry '2025-03-30 11:18:11-2511' for key 'PRIMARY'")
[2025-03-30T11:18:11.339+0000] {inout_data.py:63} ERROR - Error executing query: (1062, "Duplicate entry '2025-03-30 11:18:11-2511' for key 'PRIMARY'")
[2025-03-30T11:18:11.340+0000] {inout_data.py:63} ERROR - Error executing query: (1062, "Duplicate entry '2025-03-30 11:18:11-2511' for key 'PRIMARY'")
[2025-03-30T11:18:11.341+0000] {inout_data.py:63} ERROR - Error executing query: (1062, "Duplicate entry '2025-03-30 11:18:11-2511' for key 'PRIMARY'")
[2025-03-30T11:18:11.342+0000] {inout_data.py:63} ERROR - Error executing query: (1062, "Duplicate entry '2025-03-30 11:18:11-2511' for key 'PRIMARY'")
[2025-03-30T11:18:11.343+0000] {inout_data.py:63} ERROR - Error executing query: (1062, "Duplicate entry '2025-03-30 11:18:11-2511' for key 'PRIMARY'")
[2025-03-30T11:18:11.343+0000] {inout_data.py:63} ERROR - Error executing query: (1062, "Duplicate entry '2025-03-30 11:18:11-2511' for key 'PRIMARY'")
[2025-03-30T11:18:11.343+0000] {inout_data.py:63} ERROR - Error executing query: (1062, "Duplicate entry '2025-03-30 11:18:11-2511' for key 'PRIMARY'")
[2025-03-30T11:18:11.344+0000] {inout_data.py:63} ERROR - Error executing query: (1062, "Duplicate entry '2025-03-30 11:18:11-2511' for key 'PRIMARY'")
[2025-03-30T11:18:11.344+0000] {inout_data.py:152} INFO - Ingested 16 rows of dummy data.
[2025-03-30T11:18:11.345+0000] {inout_data.py:78} INFO - MariaDB connection closed.
[2025-03-30T11:18:11.346+0000] {python.py:202} INFO - Done. Returned value was: None
[2025-03-30T11:18:11.359+0000] {taskinstance.py:1149} INFO - Marking task as SUCCESS. dag_id=inout_data_ingestion, task_id=ingest_dummy_data, execution_date=20241004T040000, start_date=20250330T111811, end_date=20250330T111811
[2025-03-30T11:18:11.390+0000] {local_task_job_runner.py:234} INFO - Task exited with return code 0
[2025-03-30T11:18:11.410+0000] {taskinstance.py:3309} INFO - 0 downstream tasks scheduled from follow-on schedule check
[2025-03-30T11:30:30.680+0000] {taskinstance.py:1979} INFO - Dependencies all met for dep_context=non-requeueable deps ti=<TaskInstance: inout_data_ingestion.ingest_dummy_data scheduled__2024-10-04T04:00:00+00:00 [queued]>
[2025-03-30T11:30:30.689+0000] {taskinstance.py:1979} INFO - Dependencies all met for dep_context=requeueable deps ti=<TaskInstance: inout_data_ingestion.ingest_dummy_data scheduled__2024-10-04T04:00:00+00:00 [queued]>
[2025-03-30T11:30:30.690+0000] {taskinstance.py:2193} INFO - Starting attempt 1 of 2
[2025-03-30T11:30:30.701+0000] {taskinstance.py:2214} INFO - Executing <Task(PythonOperator): ingest_dummy_data> on 2024-10-04 04:00:00+00:00
[2025-03-30T11:30:30.704+0000] {standard_task_runner.py:60} INFO - Started process 4870 to run task
[2025-03-30T11:30:30.707+0000] {standard_task_runner.py:87} INFO - Running: ['***', 'tasks', 'run', 'inout_data_ingestion', 'ingest_dummy_data', 'scheduled__2024-10-04T04:00:00+00:00', '--job-id', '2410', '--raw', '--subdir', 'DAGS_FOLDER/inout_data.py', '--cfg-path', '/tmp/tmpl78v9b8l']
[2025-03-30T11:30:30.708+0000] {standard_task_runner.py:88} INFO - Job 2410: Subtask ingest_dummy_data
[2025-03-30T11:30:30.716+0000] {warnings.py:109} WARNING - /home/***/.local/lib/python3.8/site-packages/***/settings.py:194: DeprecationWarning: The sql_alchemy_conn option in [core] has been moved to the sql_alchemy_conn option in [database] - the old setting has been used, but please update your config.
  SQL_ALCHEMY_CONN = conf.get("database", "SQL_ALCHEMY_CONN")

[2025-03-30T11:30:30.737+0000] {task_command.py:423} INFO - Running <TaskInstance: inout_data_ingestion.ingest_dummy_data scheduled__2024-10-04T04:00:00+00:00 [running]> on host ff9d64b065e6
[2025-03-30T11:30:30.776+0000] {taskinstance.py:2510} INFO - Exporting env vars: AIRFLOW_CTX_DAG_OWNER='***' AIRFLOW_CTX_DAG_ID='inout_data_ingestion' AIRFLOW_CTX_TASK_ID='ingest_dummy_data' AIRFLOW_CTX_EXECUTION_DATE='2024-10-04T04:00:00+00:00' AIRFLOW_CTX_TRY_NUMBER='1' AIRFLOW_CTX_DAG_RUN_ID='scheduled__2024-10-04T04:00:00+00:00'
[2025-03-30T11:30:30.779+0000] {logging_mixin.py:188} INFO - Successfully connected to MariaDB: INOUT on mariadb:3306
[2025-03-30T11:30:30.779+0000] {logging_mixin.py:188} INFO - General error executing query: not all arguments converted during string formatting
[2025-03-30T11:30:30.780+0000] {logging_mixin.py:188} INFO - General error executing query: not all arguments converted during string formatting
[2025-03-30T11:30:30.780+0000] {logging_mixin.py:188} INFO - General error executing query: not all arguments converted during string formatting
[2025-03-30T11:30:30.780+0000] {logging_mixin.py:188} INFO - General error executing query: not all arguments converted during string formatting
[2025-03-30T11:30:30.780+0000] {logging_mixin.py:188} INFO - General error executing query: not all arguments converted during string formatting
[2025-03-30T11:30:30.781+0000] {logging_mixin.py:188} INFO - General error executing query: not all arguments converted during string formatting
[2025-03-30T11:30:30.781+0000] {logging_mixin.py:188} INFO - General error executing query: not all arguments converted during string formatting
[2025-03-30T11:30:30.781+0000] {inout_data.py:87} INFO - Ingested 7 rows of dummy data for 2024-10-04 04:00:00+00:00.
[2025-03-30T11:30:30.781+0000] {logging_mixin.py:188} INFO - MariaDB connection closed.
[2025-03-30T11:30:30.782+0000] {python.py:202} INFO - Done. Returned value was: None
[2025-03-30T11:30:30.790+0000] {taskinstance.py:1149} INFO - Marking task as SUCCESS. dag_id=inout_data_ingestion, task_id=ingest_dummy_data, execution_date=20241004T040000, start_date=20250330T113030, end_date=20250330T113030
[2025-03-30T11:30:30.853+0000] {local_task_job_runner.py:234} INFO - Task exited with return code 0
[2025-03-30T11:30:30.873+0000] {taskinstance.py:3309} INFO - 0 downstream tasks scheduled from follow-on schedule check
