[2025-03-30T11:13:26.288+0000] {taskinstance.py:1979} INFO - Dependencies all met for dep_context=non-requeueable deps ti=<TaskInstance: inout_data_ingestion.ingest_dummy_data scheduled__2024-10-07T11:00:00+00:00 [queued]>
[2025-03-30T11:13:26.301+0000] {taskinstance.py:1979} INFO - Dependencies all met for dep_context=requeueable deps ti=<TaskInstance: inout_data_ingestion.ingest_dummy_data scheduled__2024-10-07T11:00:00+00:00 [queued]>
[2025-03-30T11:13:26.302+0000] {taskinstance.py:2193} INFO - Starting attempt 1 of 2
[2025-03-30T11:13:26.316+0000] {taskinstance.py:2214} INFO - Executing <Task(PythonOperator): ingest_dummy_data> on 2024-10-07 11:00:00+00:00
[2025-03-30T11:13:26.322+0000] {standard_task_runner.py:60} INFO - Started process 1736 to run task
[2025-03-30T11:13:26.329+0000] {standard_task_runner.py:87} INFO - Running: ['***', 'tasks', 'run', 'inout_data_ingestion', 'ingest_dummy_data', 'scheduled__2024-10-07T11:00:00+00:00', '--job-id', '843', '--raw', '--subdir', 'DAGS_FOLDER/inout_data.py', '--cfg-path', '/tmp/tmpv3tmix_7']
[2025-03-30T11:13:26.331+0000] {standard_task_runner.py:88} INFO - Job 843: Subtask ingest_dummy_data
[2025-03-30T11:13:26.352+0000] {warnings.py:109} WARNING - /home/***/.local/lib/python3.8/site-packages/***/settings.py:194: DeprecationWarning: The sql_alchemy_conn option in [core] has been moved to the sql_alchemy_conn option in [database] - the old setting has been used, but please update your config.
  SQL_ALCHEMY_CONN = conf.get("database", "SQL_ALCHEMY_CONN")

[2025-03-30T11:13:26.397+0000] {task_command.py:423} INFO - Running <TaskInstance: inout_data_ingestion.ingest_dummy_data scheduled__2024-10-07T11:00:00+00:00 [running]> on host ff9d64b065e6
[2025-03-30T11:13:26.465+0000] {taskinstance.py:2510} INFO - Exporting env vars: AIRFLOW_CTX_DAG_OWNER='***' AIRFLOW_CTX_DAG_ID='inout_data_ingestion' AIRFLOW_CTX_TASK_ID='ingest_dummy_data' AIRFLOW_CTX_EXECUTION_DATE='2024-10-07T11:00:00+00:00' AIRFLOW_CTX_TRY_NUMBER='1' AIRFLOW_CTX_DAG_RUN_ID='scheduled__2024-10-07T11:00:00+00:00'
[2025-03-30T11:13:26.470+0000] {inout_data.py:42} INFO - Successfully connected to MariaDB: INOUT on mariadb:3306
[2025-03-30T11:13:26.471+0000] {inout_data.py:63} ERROR - Error executing query: (1062, "Duplicate entry '2025-03-30 11:13:26-1278' for key 'PRIMARY'")
[2025-03-30T11:13:26.474+0000] {inout_data.py:63} ERROR - Error executing query: (1062, "Duplicate entry '2025-03-30 11:13:26-1278' for key 'PRIMARY'")
[2025-03-30T11:13:26.475+0000] {inout_data.py:63} ERROR - Error executing query: (1062, "Duplicate entry '2025-03-30 11:13:26-1278' for key 'PRIMARY'")
[2025-03-30T11:13:26.476+0000] {inout_data.py:63} ERROR - Error executing query: (1062, "Duplicate entry '2025-03-30 11:13:26-1278' for key 'PRIMARY'")
[2025-03-30T11:13:26.476+0000] {inout_data.py:63} ERROR - Error executing query: (1062, "Duplicate entry '2025-03-30 11:13:26-1278' for key 'PRIMARY'")
[2025-03-30T11:13:26.477+0000] {inout_data.py:63} ERROR - Error executing query: (1062, "Duplicate entry '2025-03-30 11:13:26-1278' for key 'PRIMARY'")
[2025-03-30T11:13:26.477+0000] {inout_data.py:63} ERROR - Error executing query: (1062, "Duplicate entry '2025-03-30 11:13:26-1278' for key 'PRIMARY'")
[2025-03-30T11:13:26.478+0000] {inout_data.py:63} ERROR - Error executing query: (1062, "Duplicate entry '2025-03-30 11:13:26-1278' for key 'PRIMARY'")
[2025-03-30T11:13:26.480+0000] {inout_data.py:63} ERROR - Error executing query: (1062, "Duplicate entry '2025-03-30 11:13:26-1278' for key 'PRIMARY'")
[2025-03-30T11:13:26.480+0000] {inout_data.py:63} ERROR - Error executing query: (1062, "Duplicate entry '2025-03-30 11:13:26-1278' for key 'PRIMARY'")
[2025-03-30T11:13:26.481+0000] {inout_data.py:63} ERROR - Error executing query: (1062, "Duplicate entry '2025-03-30 11:13:26-1278' for key 'PRIMARY'")
[2025-03-30T11:13:26.482+0000] {inout_data.py:63} ERROR - Error executing query: (1062, "Duplicate entry '2025-03-30 11:13:26-1278' for key 'PRIMARY'")
[2025-03-30T11:13:26.483+0000] {inout_data.py:63} ERROR - Error executing query: (1062, "Duplicate entry '2025-03-30 11:13:26-1278' for key 'PRIMARY'")
[2025-03-30T11:13:26.486+0000] {inout_data.py:63} ERROR - Error executing query: (1062, "Duplicate entry '2025-03-30 11:13:26-1278' for key 'PRIMARY'")
[2025-03-30T11:13:26.487+0000] {inout_data.py:63} ERROR - Error executing query: (1062, "Duplicate entry '2025-03-30 11:13:26-1278' for key 'PRIMARY'")
[2025-03-30T11:13:26.489+0000] {inout_data.py:63} ERROR - Error executing query: (1062, "Duplicate entry '2025-03-30 11:13:26-1278' for key 'PRIMARY'")
[2025-03-30T11:13:26.491+0000] {inout_data.py:63} ERROR - Error executing query: (1062, "Duplicate entry '2025-03-30 11:13:26-1278' for key 'PRIMARY'")
[2025-03-30T11:13:26.492+0000] {inout_data.py:63} ERROR - Error executing query: (1062, "Duplicate entry '2025-03-30 11:13:26-1278' for key 'PRIMARY'")
[2025-03-30T11:13:26.493+0000] {inout_data.py:159} INFO - Ingested 19 rows of dummy data.
[2025-03-30T11:13:26.494+0000] {inout_data.py:78} INFO - MariaDB connection closed.
[2025-03-30T11:13:26.495+0000] {python.py:202} INFO - Done. Returned value was: None
[2025-03-30T11:13:26.504+0000] {taskinstance.py:1149} INFO - Marking task as SUCCESS. dag_id=inout_data_ingestion, task_id=ingest_dummy_data, execution_date=20241007T110000, start_date=20250330T111326, end_date=20250330T111326
[2025-03-30T11:13:26.548+0000] {local_task_job_runner.py:234} INFO - Task exited with return code 0
[2025-03-30T11:13:26.566+0000] {taskinstance.py:3309} INFO - 0 downstream tasks scheduled from follow-on schedule check
[2025-03-30T11:20:09.096+0000] {taskinstance.py:1979} INFO - Dependencies all met for dep_context=non-requeueable deps ti=<TaskInstance: inout_data_ingestion.ingest_dummy_data scheduled__2024-10-07T11:00:00+00:00 [queued]>
[2025-03-30T11:20:09.120+0000] {taskinstance.py:1979} INFO - Dependencies all met for dep_context=requeueable deps ti=<TaskInstance: inout_data_ingestion.ingest_dummy_data scheduled__2024-10-07T11:00:00+00:00 [queued]>
[2025-03-30T11:20:09.123+0000] {taskinstance.py:2193} INFO - Starting attempt 1 of 2
[2025-03-30T11:20:09.192+0000] {taskinstance.py:2214} INFO - Executing <Task(PythonOperator): ingest_dummy_data> on 2024-10-07 11:00:00+00:00
[2025-03-30T11:20:09.220+0000] {standard_task_runner.py:60} INFO - Started process 3592 to run task
[2025-03-30T11:20:09.249+0000] {standard_task_runner.py:87} INFO - Running: ['***', 'tasks', 'run', 'inout_data_ingestion', 'ingest_dummy_data', 'scheduled__2024-10-07T11:00:00+00:00', '--job-id', '1769', '--raw', '--subdir', 'DAGS_FOLDER/inout_data.py', '--cfg-path', '/tmp/tmp3acf9w27']
[2025-03-30T11:20:09.264+0000] {standard_task_runner.py:88} INFO - Job 1769: Subtask ingest_dummy_data
[2025-03-30T11:20:09.319+0000] {warnings.py:109} WARNING - /home/***/.local/lib/python3.8/site-packages/***/settings.py:194: DeprecationWarning: The sql_alchemy_conn option in [core] has been moved to the sql_alchemy_conn option in [database] - the old setting has been used, but please update your config.
  SQL_ALCHEMY_CONN = conf.get("database", "SQL_ALCHEMY_CONN")

[2025-03-30T11:20:09.436+0000] {task_command.py:423} INFO - Running <TaskInstance: inout_data_ingestion.ingest_dummy_data scheduled__2024-10-07T11:00:00+00:00 [running]> on host ff9d64b065e6
[2025-03-30T11:20:09.592+0000] {taskinstance.py:2510} INFO - Exporting env vars: AIRFLOW_CTX_DAG_OWNER='***' AIRFLOW_CTX_DAG_ID='inout_data_ingestion' AIRFLOW_CTX_TASK_ID='ingest_dummy_data' AIRFLOW_CTX_EXECUTION_DATE='2024-10-07T11:00:00+00:00' AIRFLOW_CTX_TRY_NUMBER='1' AIRFLOW_CTX_DAG_RUN_ID='scheduled__2024-10-07T11:00:00+00:00'
[2025-03-30T11:20:09.623+0000] {inout_data.py:42} INFO - Successfully connected to MariaDB: INOUT on mariadb:3306
[2025-03-30T11:20:09.634+0000] {inout_data.py:63} ERROR - Error executing query: (1062, "Duplicate entry '2025-03-30 11:20:09-8549' for key 'PRIMARY'")
[2025-03-30T11:20:09.637+0000] {inout_data.py:63} ERROR - Error executing query: (1062, "Duplicate entry '2025-03-30 11:20:09-8549' for key 'PRIMARY'")
[2025-03-30T11:20:09.638+0000] {inout_data.py:63} ERROR - Error executing query: (1062, "Duplicate entry '2025-03-30 11:20:09-8549' for key 'PRIMARY'")
[2025-03-30T11:20:09.644+0000] {inout_data.py:63} ERROR - Error executing query: (1062, "Duplicate entry '2025-03-30 11:20:09-8549' for key 'PRIMARY'")
[2025-03-30T11:20:09.646+0000] {inout_data.py:63} ERROR - Error executing query: (1062, "Duplicate entry '2025-03-30 11:20:09-8549' for key 'PRIMARY'")
[2025-03-30T11:20:09.647+0000] {inout_data.py:63} ERROR - Error executing query: (1062, "Duplicate entry '2025-03-30 11:20:09-8549' for key 'PRIMARY'")
[2025-03-30T11:20:09.651+0000] {inout_data.py:63} ERROR - Error executing query: (1062, "Duplicate entry '2025-03-30 11:20:09-8549' for key 'PRIMARY'")
[2025-03-30T11:20:09.654+0000] {inout_data.py:63} ERROR - Error executing query: (1062, "Duplicate entry '2025-03-30 11:20:09-8549' for key 'PRIMARY'")
[2025-03-30T11:20:09.657+0000] {inout_data.py:63} ERROR - Error executing query: (1062, "Duplicate entry '2025-03-30 11:20:09-8549' for key 'PRIMARY'")
[2025-03-30T11:20:09.661+0000] {inout_data.py:63} ERROR - Error executing query: (1062, "Duplicate entry '2025-03-30 11:20:09-8549' for key 'PRIMARY'")
[2025-03-30T11:20:09.663+0000] {inout_data.py:63} ERROR - Error executing query: (1062, "Duplicate entry '2025-03-30 11:20:09-8549' for key 'PRIMARY'")
[2025-03-30T11:20:09.667+0000] {inout_data.py:63} ERROR - Error executing query: (1062, "Duplicate entry '2025-03-30 11:20:09-8549' for key 'PRIMARY'")
[2025-03-30T11:20:09.669+0000] {inout_data.py:63} ERROR - Error executing query: (1062, "Duplicate entry '2025-03-30 11:20:09-8549' for key 'PRIMARY'")
[2025-03-30T11:20:09.675+0000] {inout_data.py:63} ERROR - Error executing query: (1062, "Duplicate entry '2025-03-30 11:20:09-8549' for key 'PRIMARY'")
[2025-03-30T11:20:09.678+0000] {inout_data.py:63} ERROR - Error executing query: (1062, "Duplicate entry '2025-03-30 11:20:09-8549' for key 'PRIMARY'")
[2025-03-30T11:20:09.679+0000] {inout_data.py:63} ERROR - Error executing query: (1062, "Duplicate entry '2025-03-30 11:20:09-8549' for key 'PRIMARY'")
[2025-03-30T11:20:09.681+0000] {inout_data.py:152} INFO - Ingested 17 rows of dummy data.
[2025-03-30T11:20:09.682+0000] {inout_data.py:78} INFO - MariaDB connection closed.
[2025-03-30T11:20:09.682+0000] {python.py:202} INFO - Done. Returned value was: None
[2025-03-30T11:20:09.797+0000] {taskinstance.py:1149} INFO - Marking task as SUCCESS. dag_id=inout_data_ingestion, task_id=ingest_dummy_data, execution_date=20241007T110000, start_date=20250330T112009, end_date=20250330T112009
[2025-03-30T11:20:09.859+0000] {local_task_job_runner.py:234} INFO - Task exited with return code 0
[2025-03-30T11:20:09.908+0000] {taskinstance.py:3309} INFO - 0 downstream tasks scheduled from follow-on schedule check
