[2025-03-30T11:12:41.116+0000] {taskinstance.py:1979} INFO - Dependencies all met for dep_context=non-requeueable deps ti=<TaskInstance: inout_data_ingestion.ingest_dummy_data scheduled__2024-10-06T02:00:00+00:00 [queued]>
[2025-03-30T11:12:41.123+0000] {taskinstance.py:1979} INFO - Dependencies all met for dep_context=requeueable deps ti=<TaskInstance: inout_data_ingestion.ingest_dummy_data scheduled__2024-10-06T02:00:00+00:00 [queued]>
[2025-03-30T11:12:41.125+0000] {taskinstance.py:2193} INFO - Starting attempt 1 of 2
[2025-03-30T11:12:41.136+0000] {taskinstance.py:2214} INFO - Executing <Task(PythonOperator): ingest_dummy_data> on 2024-10-06 02:00:00+00:00
[2025-03-30T11:12:41.140+0000] {standard_task_runner.py:60} INFO - Started process 1462 to run task
[2025-03-30T11:12:41.144+0000] {standard_task_runner.py:87} INFO - Running: ['***', 'tasks', 'run', 'inout_data_ingestion', 'ingest_dummy_data', 'scheduled__2024-10-06T02:00:00+00:00', '--job-id', '706', '--raw', '--subdir', 'DAGS_FOLDER/inout_data.py', '--cfg-path', '/tmp/tmp15xk34fv']
[2025-03-30T11:12:41.146+0000] {standard_task_runner.py:88} INFO - Job 706: Subtask ingest_dummy_data
[2025-03-30T11:12:41.157+0000] {warnings.py:109} WARNING - /home/***/.local/lib/python3.8/site-packages/***/settings.py:194: DeprecationWarning: The sql_alchemy_conn option in [core] has been moved to the sql_alchemy_conn option in [database] - the old setting has been used, but please update your config.
  SQL_ALCHEMY_CONN = conf.get("database", "SQL_ALCHEMY_CONN")

[2025-03-30T11:12:41.179+0000] {task_command.py:423} INFO - Running <TaskInstance: inout_data_ingestion.ingest_dummy_data scheduled__2024-10-06T02:00:00+00:00 [running]> on host ff9d64b065e6
[2025-03-30T11:12:41.228+0000] {taskinstance.py:2510} INFO - Exporting env vars: AIRFLOW_CTX_DAG_OWNER='***' AIRFLOW_CTX_DAG_ID='inout_data_ingestion' AIRFLOW_CTX_TASK_ID='ingest_dummy_data' AIRFLOW_CTX_EXECUTION_DATE='2024-10-06T02:00:00+00:00' AIRFLOW_CTX_TRY_NUMBER='1' AIRFLOW_CTX_DAG_RUN_ID='scheduled__2024-10-06T02:00:00+00:00'
[2025-03-30T11:12:41.230+0000] {inout_data.py:42} INFO - Successfully connected to MariaDB: INOUT on mariadb:3306
[2025-03-30T11:12:41.231+0000] {inout_data.py:63} ERROR - Error executing query: (1062, "Duplicate entry '2025-03-30 11:12:41-3772' for key 'PRIMARY'")
[2025-03-30T11:12:41.231+0000] {inout_data.py:63} ERROR - Error executing query: (1062, "Duplicate entry '2025-03-30 11:12:41-3772' for key 'PRIMARY'")
[2025-03-30T11:12:41.231+0000] {inout_data.py:63} ERROR - Error executing query: (1062, "Duplicate entry '2025-03-30 11:12:41-3772' for key 'PRIMARY'")
[2025-03-30T11:12:41.231+0000] {inout_data.py:63} ERROR - Error executing query: (1062, "Duplicate entry '2025-03-30 11:12:41-3772' for key 'PRIMARY'")
[2025-03-30T11:12:41.232+0000] {inout_data.py:63} ERROR - Error executing query: (1062, "Duplicate entry '2025-03-30 11:12:41-3772' for key 'PRIMARY'")
[2025-03-30T11:12:41.232+0000] {inout_data.py:63} ERROR - Error executing query: (1062, "Duplicate entry '2025-03-30 11:12:41-3772' for key 'PRIMARY'")
[2025-03-30T11:12:41.232+0000] {inout_data.py:63} ERROR - Error executing query: (1062, "Duplicate entry '2025-03-30 11:12:41-3772' for key 'PRIMARY'")
[2025-03-30T11:12:41.232+0000] {inout_data.py:159} INFO - Ingested 8 rows of dummy data.
[2025-03-30T11:12:41.232+0000] {inout_data.py:78} INFO - MariaDB connection closed.
[2025-03-30T11:12:41.233+0000] {python.py:202} INFO - Done. Returned value was: None
[2025-03-30T11:12:41.237+0000] {taskinstance.py:1149} INFO - Marking task as SUCCESS. dag_id=inout_data_ingestion, task_id=ingest_dummy_data, execution_date=20241006T020000, start_date=20250330T111241, end_date=20250330T111241
[2025-03-30T11:12:41.281+0000] {local_task_job_runner.py:234} INFO - Task exited with return code 0
[2025-03-30T11:12:41.293+0000] {taskinstance.py:3309} INFO - 0 downstream tasks scheduled from follow-on schedule check
[2025-03-30T11:19:20.259+0000] {taskinstance.py:1979} INFO - Dependencies all met for dep_context=non-requeueable deps ti=<TaskInstance: inout_data_ingestion.ingest_dummy_data scheduled__2024-10-06T02:00:00+00:00 [queued]>
[2025-03-30T11:19:20.278+0000] {taskinstance.py:1979} INFO - Dependencies all met for dep_context=requeueable deps ti=<TaskInstance: inout_data_ingestion.ingest_dummy_data scheduled__2024-10-06T02:00:00+00:00 [queued]>
[2025-03-30T11:19:20.278+0000] {taskinstance.py:2193} INFO - Starting attempt 1 of 2
[2025-03-30T11:19:20.302+0000] {taskinstance.py:2214} INFO - Executing <Task(PythonOperator): ingest_dummy_data> on 2024-10-06 02:00:00+00:00
[2025-03-30T11:19:20.308+0000] {standard_task_runner.py:60} INFO - Started process 3322 to run task
[2025-03-30T11:19:20.311+0000] {standard_task_runner.py:87} INFO - Running: ['***', 'tasks', 'run', 'inout_data_ingestion', 'ingest_dummy_data', 'scheduled__2024-10-06T02:00:00+00:00', '--job-id', '1636', '--raw', '--subdir', 'DAGS_FOLDER/inout_data.py', '--cfg-path', '/tmp/tmpd1j_aihr']
[2025-03-30T11:19:20.313+0000] {standard_task_runner.py:88} INFO - Job 1636: Subtask ingest_dummy_data
[2025-03-30T11:19:20.332+0000] {warnings.py:109} WARNING - /home/***/.local/lib/python3.8/site-packages/***/settings.py:194: DeprecationWarning: The sql_alchemy_conn option in [core] has been moved to the sql_alchemy_conn option in [database] - the old setting has been used, but please update your config.
  SQL_ALCHEMY_CONN = conf.get("database", "SQL_ALCHEMY_CONN")

[2025-03-30T11:19:20.362+0000] {task_command.py:423} INFO - Running <TaskInstance: inout_data_ingestion.ingest_dummy_data scheduled__2024-10-06T02:00:00+00:00 [running]> on host ff9d64b065e6
[2025-03-30T11:19:20.424+0000] {taskinstance.py:2510} INFO - Exporting env vars: AIRFLOW_CTX_DAG_OWNER='***' AIRFLOW_CTX_DAG_ID='inout_data_ingestion' AIRFLOW_CTX_TASK_ID='ingest_dummy_data' AIRFLOW_CTX_EXECUTION_DATE='2024-10-06T02:00:00+00:00' AIRFLOW_CTX_TRY_NUMBER='1' AIRFLOW_CTX_DAG_RUN_ID='scheduled__2024-10-06T02:00:00+00:00'
[2025-03-30T11:19:20.428+0000] {inout_data.py:42} INFO - Successfully connected to MariaDB: INOUT on mariadb:3306
[2025-03-30T11:19:20.429+0000] {inout_data.py:63} ERROR - Error executing query: (1062, "Duplicate entry '2025-03-30 11:19:20-5598' for key 'PRIMARY'")
[2025-03-30T11:19:20.429+0000] {inout_data.py:63} ERROR - Error executing query: (1062, "Duplicate entry '2025-03-30 11:19:20-5598' for key 'PRIMARY'")
[2025-03-30T11:19:20.430+0000] {inout_data.py:63} ERROR - Error executing query: (1062, "Duplicate entry '2025-03-30 11:19:20-5598' for key 'PRIMARY'")
[2025-03-30T11:19:20.430+0000] {inout_data.py:63} ERROR - Error executing query: (1062, "Duplicate entry '2025-03-30 11:19:20-5598' for key 'PRIMARY'")
[2025-03-30T11:19:20.431+0000] {inout_data.py:63} ERROR - Error executing query: (1062, "Duplicate entry '2025-03-30 11:19:20-5598' for key 'PRIMARY'")
[2025-03-30T11:19:20.431+0000] {inout_data.py:63} ERROR - Error executing query: (1062, "Duplicate entry '2025-03-30 11:19:20-5598' for key 'PRIMARY'")
[2025-03-30T11:19:20.431+0000] {inout_data.py:152} INFO - Ingested 7 rows of dummy data.
[2025-03-30T11:19:20.431+0000] {inout_data.py:78} INFO - MariaDB connection closed.
[2025-03-30T11:19:20.431+0000] {python.py:202} INFO - Done. Returned value was: None
[2025-03-30T11:19:20.436+0000] {taskinstance.py:1149} INFO - Marking task as SUCCESS. dag_id=inout_data_ingestion, task_id=ingest_dummy_data, execution_date=20241006T020000, start_date=20250330T111920, end_date=20250330T111920
[2025-03-30T11:19:20.452+0000] {local_task_job_runner.py:234} INFO - Task exited with return code 0
[2025-03-30T11:19:20.463+0000] {taskinstance.py:3309} INFO - 0 downstream tasks scheduled from follow-on schedule check
[2025-03-30T11:31:26.810+0000] {taskinstance.py:1979} INFO - Dependencies all met for dep_context=non-requeueable deps ti=<TaskInstance: inout_data_ingestion.ingest_dummy_data scheduled__2024-10-06T02:00:00+00:00 [queued]>
[2025-03-30T11:31:26.823+0000] {taskinstance.py:1979} INFO - Dependencies all met for dep_context=requeueable deps ti=<TaskInstance: inout_data_ingestion.ingest_dummy_data scheduled__2024-10-06T02:00:00+00:00 [queued]>
[2025-03-30T11:31:26.824+0000] {taskinstance.py:2193} INFO - Starting attempt 1 of 2
[2025-03-30T11:31:26.848+0000] {taskinstance.py:2214} INFO - Executing <Task(PythonOperator): ingest_dummy_data> on 2024-10-06 02:00:00+00:00
[2025-03-30T11:31:26.862+0000] {standard_task_runner.py:60} INFO - Started process 5239 to run task
[2025-03-30T11:31:26.870+0000] {standard_task_runner.py:87} INFO - Running: ['***', 'tasks', 'run', 'inout_data_ingestion', 'ingest_dummy_data', 'scheduled__2024-10-06T02:00:00+00:00', '--job-id', '2595', '--raw', '--subdir', 'DAGS_FOLDER/inout_data.py', '--cfg-path', '/tmp/tmpzvht2wt1']
[2025-03-30T11:31:26.872+0000] {standard_task_runner.py:88} INFO - Job 2595: Subtask ingest_dummy_data
[2025-03-30T11:31:26.895+0000] {warnings.py:109} WARNING - /home/***/.local/lib/python3.8/site-packages/***/settings.py:194: DeprecationWarning: The sql_alchemy_conn option in [core] has been moved to the sql_alchemy_conn option in [database] - the old setting has been used, but please update your config.
  SQL_ALCHEMY_CONN = conf.get("database", "SQL_ALCHEMY_CONN")

[2025-03-30T11:31:26.955+0000] {task_command.py:423} INFO - Running <TaskInstance: inout_data_ingestion.ingest_dummy_data scheduled__2024-10-06T02:00:00+00:00 [running]> on host ff9d64b065e6
[2025-03-30T11:31:27.030+0000] {taskinstance.py:2510} INFO - Exporting env vars: AIRFLOW_CTX_DAG_OWNER='***' AIRFLOW_CTX_DAG_ID='inout_data_ingestion' AIRFLOW_CTX_TASK_ID='ingest_dummy_data' AIRFLOW_CTX_EXECUTION_DATE='2024-10-06T02:00:00+00:00' AIRFLOW_CTX_TRY_NUMBER='1' AIRFLOW_CTX_DAG_RUN_ID='scheduled__2024-10-06T02:00:00+00:00'
[2025-03-30T11:31:27.054+0000] {logging_mixin.py:188} INFO - Successfully connected to MariaDB: INOUT on mariadb:3306
[2025-03-30T11:31:27.055+0000] {logging_mixin.py:188} INFO - General error executing query: not all arguments converted during string formatting
[2025-03-30T11:31:27.056+0000] {logging_mixin.py:188} INFO - General error executing query: not all arguments converted during string formatting
[2025-03-30T11:31:27.074+0000] {logging_mixin.py:188} INFO - General error executing query: not all arguments converted during string formatting
[2025-03-30T11:31:27.078+0000] {logging_mixin.py:188} INFO - General error executing query: not all arguments converted during string formatting
[2025-03-30T11:31:27.079+0000] {logging_mixin.py:188} INFO - General error executing query: not all arguments converted during string formatting
[2025-03-30T11:31:27.081+0000] {logging_mixin.py:188} INFO - General error executing query: not all arguments converted during string formatting
[2025-03-30T11:31:27.082+0000] {logging_mixin.py:188} INFO - General error executing query: not all arguments converted during string formatting
[2025-03-30T11:31:27.083+0000] {logging_mixin.py:188} INFO - General error executing query: not all arguments converted during string formatting
[2025-03-30T11:31:27.086+0000] {logging_mixin.py:188} INFO - General error executing query: not all arguments converted during string formatting
[2025-03-30T11:31:27.088+0000] {logging_mixin.py:188} INFO - General error executing query: not all arguments converted during string formatting
[2025-03-30T11:31:27.090+0000] {logging_mixin.py:188} INFO - General error executing query: not all arguments converted during string formatting
[2025-03-30T11:31:27.093+0000] {logging_mixin.py:188} INFO - General error executing query: not all arguments converted during string formatting
[2025-03-30T11:31:27.095+0000] {logging_mixin.py:188} INFO - General error executing query: not all arguments converted during string formatting
[2025-03-30T11:31:27.097+0000] {logging_mixin.py:188} INFO - General error executing query: not all arguments converted during string formatting
[2025-03-30T11:31:27.099+0000] {logging_mixin.py:188} INFO - General error executing query: not all arguments converted during string formatting
[2025-03-30T11:31:27.100+0000] {logging_mixin.py:188} INFO - General error executing query: not all arguments converted during string formatting
[2025-03-30T11:31:27.101+0000] {logging_mixin.py:188} INFO - General error executing query: not all arguments converted during string formatting
[2025-03-30T11:31:27.102+0000] {logging_mixin.py:188} INFO - General error executing query: not all arguments converted during string formatting
[2025-03-30T11:31:27.103+0000] {inout_data.py:88} INFO - Ingested 18 rows of dummy data for 2024-10-06 02:00:00+00:00.
[2025-03-30T11:31:27.104+0000] {logging_mixin.py:188} INFO - MariaDB connection closed.
[2025-03-30T11:31:27.104+0000] {python.py:202} INFO - Done. Returned value was: None
[2025-03-30T11:31:27.127+0000] {taskinstance.py:1149} INFO - Marking task as SUCCESS. dag_id=inout_data_ingestion, task_id=ingest_dummy_data, execution_date=20241006T020000, start_date=20250330T113126, end_date=20250330T113127
[2025-03-30T11:31:27.174+0000] {local_task_job_runner.py:234} INFO - Task exited with return code 0
[2025-03-30T11:31:27.202+0000] {taskinstance.py:3309} INFO - 0 downstream tasks scheduled from follow-on schedule check
