[2025-03-30T11:10:32.045+0000] {taskinstance.py:1979} INFO - Dependencies all met for dep_context=non-requeueable deps ti=<TaskInstance: inout_data_ingestion.ingest_dummy_data scheduled__2024-10-02T06:30:00+00:00 [queued]>
[2025-03-30T11:10:32.061+0000] {taskinstance.py:1979} INFO - Dependencies all met for dep_context=requeueable deps ti=<TaskInstance: inout_data_ingestion.ingest_dummy_data scheduled__2024-10-02T06:30:00+00:00 [queued]>
[2025-03-30T11:10:32.062+0000] {taskinstance.py:2193} INFO - Starting attempt 1 of 2
[2025-03-30T11:10:32.083+0000] {taskinstance.py:2214} INFO - Executing <Task(PythonOperator): ingest_dummy_data> on 2024-10-02 06:30:00+00:00
[2025-03-30T11:10:32.088+0000] {standard_task_runner.py:60} INFO - Started process 736 to run task
[2025-03-30T11:10:32.096+0000] {standard_task_runner.py:87} INFO - Running: ['***', 'tasks', 'run', 'inout_data_ingestion', 'ingest_dummy_data', 'scheduled__2024-10-02T06:30:00+00:00', '--job-id', '342', '--raw', '--subdir', 'DAGS_FOLDER/inout_data.py', '--cfg-path', '/tmp/tmponqjthnk']
[2025-03-30T11:10:32.098+0000] {standard_task_runner.py:88} INFO - Job 342: Subtask ingest_dummy_data
[2025-03-30T11:10:32.116+0000] {warnings.py:109} WARNING - /home/***/.local/lib/python3.8/site-packages/***/settings.py:194: DeprecationWarning: The sql_alchemy_conn option in [core] has been moved to the sql_alchemy_conn option in [database] - the old setting has been used, but please update your config.
  SQL_ALCHEMY_CONN = conf.get("database", "SQL_ALCHEMY_CONN")

[2025-03-30T11:10:32.198+0000] {task_command.py:423} INFO - Running <TaskInstance: inout_data_ingestion.ingest_dummy_data scheduled__2024-10-02T06:30:00+00:00 [running]> on host ff9d64b065e6
[2025-03-30T11:10:32.274+0000] {taskinstance.py:2510} INFO - Exporting env vars: AIRFLOW_CTX_DAG_OWNER='***' AIRFLOW_CTX_DAG_ID='inout_data_ingestion' AIRFLOW_CTX_TASK_ID='ingest_dummy_data' AIRFLOW_CTX_EXECUTION_DATE='2024-10-02T06:30:00+00:00' AIRFLOW_CTX_TRY_NUMBER='1' AIRFLOW_CTX_DAG_RUN_ID='scheduled__2024-10-02T06:30:00+00:00'
[2025-03-30T11:10:32.282+0000] {inout_data.py:42} INFO - Successfully connected to MariaDB: INOUT on mariadb:3306
[2025-03-30T11:10:32.284+0000] {inout_data.py:63} ERROR - Error executing query: (1062, "Duplicate entry '2025-03-30 11:10:32-8020' for key 'PRIMARY'")
[2025-03-30T11:10:32.286+0000] {inout_data.py:63} ERROR - Error executing query: (1062, "Duplicate entry '2025-03-30 11:10:32-8020' for key 'PRIMARY'")
[2025-03-30T11:10:32.286+0000] {inout_data.py:63} ERROR - Error executing query: (1062, "Duplicate entry '2025-03-30 11:10:32-8020' for key 'PRIMARY'")
[2025-03-30T11:10:32.286+0000] {inout_data.py:63} ERROR - Error executing query: (1062, "Duplicate entry '2025-03-30 11:10:32-8020' for key 'PRIMARY'")
[2025-03-30T11:10:32.286+0000] {inout_data.py:63} ERROR - Error executing query: (1062, "Duplicate entry '2025-03-30 11:10:32-8020' for key 'PRIMARY'")
[2025-03-30T11:10:32.288+0000] {inout_data.py:63} ERROR - Error executing query: (1062, "Duplicate entry '2025-03-30 11:10:32-8020' for key 'PRIMARY'")
[2025-03-30T11:10:32.288+0000] {inout_data.py:63} ERROR - Error executing query: (1062, "Duplicate entry '2025-03-30 11:10:32-8020' for key 'PRIMARY'")
[2025-03-30T11:10:32.288+0000] {inout_data.py:63} ERROR - Error executing query: (1062, "Duplicate entry '2025-03-30 11:10:32-8020' for key 'PRIMARY'")
[2025-03-30T11:10:32.289+0000] {inout_data.py:63} ERROR - Error executing query: (1062, "Duplicate entry '2025-03-30 11:10:32-8020' for key 'PRIMARY'")
[2025-03-30T11:10:32.289+0000] {inout_data.py:63} ERROR - Error executing query: (1062, "Duplicate entry '2025-03-30 11:10:32-8020' for key 'PRIMARY'")
[2025-03-30T11:10:32.292+0000] {inout_data.py:63} ERROR - Error executing query: (1062, "Duplicate entry '2025-03-30 11:10:32-8020' for key 'PRIMARY'")
[2025-03-30T11:10:32.292+0000] {inout_data.py:63} ERROR - Error executing query: (1062, "Duplicate entry '2025-03-30 11:10:32-8020' for key 'PRIMARY'")
[2025-03-30T11:10:32.293+0000] {inout_data.py:159} INFO - Ingested 13 rows of dummy data.
[2025-03-30T11:10:32.293+0000] {inout_data.py:78} INFO - MariaDB connection closed.
[2025-03-30T11:10:32.293+0000] {python.py:202} INFO - Done. Returned value was: None
[2025-03-30T11:10:32.307+0000] {taskinstance.py:1149} INFO - Marking task as SUCCESS. dag_id=inout_data_ingestion, task_id=ingest_dummy_data, execution_date=20241002T063000, start_date=20250330T111032, end_date=20250330T111032
[2025-03-30T11:10:32.358+0000] {local_task_job_runner.py:234} INFO - Task exited with return code 0
[2025-03-30T11:10:32.377+0000] {taskinstance.py:3309} INFO - 0 downstream tasks scheduled from follow-on schedule check
[2025-03-30T11:17:11.429+0000] {taskinstance.py:1979} INFO - Dependencies all met for dep_context=non-requeueable deps ti=<TaskInstance: inout_data_ingestion.ingest_dummy_data scheduled__2024-10-02T06:30:00+00:00 [queued]>
[2025-03-30T11:17:11.454+0000] {taskinstance.py:1979} INFO - Dependencies all met for dep_context=requeueable deps ti=<TaskInstance: inout_data_ingestion.ingest_dummy_data scheduled__2024-10-02T06:30:00+00:00 [queued]>
[2025-03-30T11:17:11.454+0000] {taskinstance.py:2193} INFO - Starting attempt 1 of 2
[2025-03-30T11:17:11.513+0000] {taskinstance.py:2214} INFO - Executing <Task(PythonOperator): ingest_dummy_data> on 2024-10-02 06:30:00+00:00
[2025-03-30T11:17:11.527+0000] {standard_task_runner.py:60} INFO - Started process 2599 to run task
[2025-03-30T11:17:11.540+0000] {standard_task_runner.py:87} INFO - Running: ['***', 'tasks', 'run', 'inout_data_ingestion', 'ingest_dummy_data', 'scheduled__2024-10-02T06:30:00+00:00', '--job-id', '1273', '--raw', '--subdir', 'DAGS_FOLDER/inout_data.py', '--cfg-path', '/tmp/tmpomlemtaa']
[2025-03-30T11:17:11.542+0000] {standard_task_runner.py:88} INFO - Job 1273: Subtask ingest_dummy_data
[2025-03-30T11:17:11.571+0000] {warnings.py:109} WARNING - /home/***/.local/lib/python3.8/site-packages/***/settings.py:194: DeprecationWarning: The sql_alchemy_conn option in [core] has been moved to the sql_alchemy_conn option in [database] - the old setting has been used, but please update your config.
  SQL_ALCHEMY_CONN = conf.get("database", "SQL_ALCHEMY_CONN")

[2025-03-30T11:17:11.640+0000] {task_command.py:423} INFO - Running <TaskInstance: inout_data_ingestion.ingest_dummy_data scheduled__2024-10-02T06:30:00+00:00 [running]> on host ff9d64b065e6
[2025-03-30T11:17:11.838+0000] {taskinstance.py:2510} INFO - Exporting env vars: AIRFLOW_CTX_DAG_OWNER='***' AIRFLOW_CTX_DAG_ID='inout_data_ingestion' AIRFLOW_CTX_TASK_ID='ingest_dummy_data' AIRFLOW_CTX_EXECUTION_DATE='2024-10-02T06:30:00+00:00' AIRFLOW_CTX_TRY_NUMBER='1' AIRFLOW_CTX_DAG_RUN_ID='scheduled__2024-10-02T06:30:00+00:00'
[2025-03-30T11:17:11.848+0000] {inout_data.py:42} INFO - Successfully connected to MariaDB: INOUT on mariadb:3306
[2025-03-30T11:17:11.861+0000] {inout_data.py:63} ERROR - Error executing query: (1062, "Duplicate entry '2025-03-30 11:17:11-5025' for key 'PRIMARY'")
[2025-03-30T11:17:11.865+0000] {inout_data.py:63} ERROR - Error executing query: (1062, "Duplicate entry '2025-03-30 11:17:11-5025' for key 'PRIMARY'")
[2025-03-30T11:17:11.867+0000] {inout_data.py:63} ERROR - Error executing query: (1062, "Duplicate entry '2025-03-30 11:17:11-5025' for key 'PRIMARY'")
[2025-03-30T11:17:11.868+0000] {inout_data.py:63} ERROR - Error executing query: (1062, "Duplicate entry '2025-03-30 11:17:11-5025' for key 'PRIMARY'")
[2025-03-30T11:17:11.870+0000] {inout_data.py:63} ERROR - Error executing query: (1062, "Duplicate entry '2025-03-30 11:17:11-5025' for key 'PRIMARY'")
[2025-03-30T11:17:11.872+0000] {inout_data.py:63} ERROR - Error executing query: (1062, "Duplicate entry '2025-03-30 11:17:11-5025' for key 'PRIMARY'")
[2025-03-30T11:17:11.873+0000] {inout_data.py:63} ERROR - Error executing query: (1062, "Duplicate entry '2025-03-30 11:17:11-5025' for key 'PRIMARY'")
[2025-03-30T11:17:11.874+0000] {inout_data.py:63} ERROR - Error executing query: (1062, "Duplicate entry '2025-03-30 11:17:11-5025' for key 'PRIMARY'")
[2025-03-30T11:17:11.875+0000] {inout_data.py:63} ERROR - Error executing query: (1062, "Duplicate entry '2025-03-30 11:17:11-5025' for key 'PRIMARY'")
[2025-03-30T11:17:11.877+0000] {inout_data.py:63} ERROR - Error executing query: (1062, "Duplicate entry '2025-03-30 11:17:11-5025' for key 'PRIMARY'")
[2025-03-30T11:17:11.880+0000] {inout_data.py:63} ERROR - Error executing query: (1062, "Duplicate entry '2025-03-30 11:17:11-5025' for key 'PRIMARY'")
[2025-03-30T11:17:11.885+0000] {inout_data.py:63} ERROR - Error executing query: (1062, "Duplicate entry '2025-03-30 11:17:11-5025' for key 'PRIMARY'")
[2025-03-30T11:17:11.886+0000] {inout_data.py:63} ERROR - Error executing query: (1062, "Duplicate entry '2025-03-30 11:17:11-5025' for key 'PRIMARY'")
[2025-03-30T11:17:11.888+0000] {inout_data.py:63} ERROR - Error executing query: (1062, "Duplicate entry '2025-03-30 11:17:11-5025' for key 'PRIMARY'")
[2025-03-30T11:17:11.889+0000] {inout_data.py:63} ERROR - Error executing query: (1062, "Duplicate entry '2025-03-30 11:17:11-5025' for key 'PRIMARY'")
[2025-03-30T11:17:11.891+0000] {inout_data.py:63} ERROR - Error executing query: (1062, "Duplicate entry '2025-03-30 11:17:11-5025' for key 'PRIMARY'")
[2025-03-30T11:17:11.893+0000] {inout_data.py:63} ERROR - Error executing query: (1062, "Duplicate entry '2025-03-30 11:17:11-5025' for key 'PRIMARY'")
[2025-03-30T11:17:11.895+0000] {inout_data.py:152} INFO - Ingested 18 rows of dummy data.
[2025-03-30T11:17:11.901+0000] {inout_data.py:78} INFO - MariaDB connection closed.
[2025-03-30T11:17:11.902+0000] {python.py:202} INFO - Done. Returned value was: None
[2025-03-30T11:17:11.928+0000] {taskinstance.py:1149} INFO - Marking task as SUCCESS. dag_id=inout_data_ingestion, task_id=ingest_dummy_data, execution_date=20241002T063000, start_date=20250330T111711, end_date=20250330T111711
[2025-03-30T11:17:11.970+0000] {local_task_job_runner.py:234} INFO - Task exited with return code 0
[2025-03-30T11:17:12.026+0000] {taskinstance.py:3309} INFO - 0 downstream tasks scheduled from follow-on schedule check
[2025-03-30T11:29:36.036+0000] {taskinstance.py:1979} INFO - Dependencies all met for dep_context=non-requeueable deps ti=<TaskInstance: inout_data_ingestion.ingest_dummy_data scheduled__2024-10-02T06:30:00+00:00 [queued]>
[2025-03-30T11:29:36.044+0000] {taskinstance.py:1979} INFO - Dependencies all met for dep_context=requeueable deps ti=<TaskInstance: inout_data_ingestion.ingest_dummy_data scheduled__2024-10-02T06:30:00+00:00 [queued]>
[2025-03-30T11:29:36.045+0000] {taskinstance.py:2193} INFO - Starting attempt 1 of 2
[2025-03-30T11:29:36.052+0000] {taskinstance.py:2214} INFO - Executing <Task(PythonOperator): ingest_dummy_data> on 2024-10-02 06:30:00+00:00
[2025-03-30T11:29:36.056+0000] {standard_task_runner.py:60} INFO - Started process 4503 to run task
[2025-03-30T11:29:36.058+0000] {standard_task_runner.py:87} INFO - Running: ['***', 'tasks', 'run', 'inout_data_ingestion', 'ingest_dummy_data', 'scheduled__2024-10-02T06:30:00+00:00', '--job-id', '2227', '--raw', '--subdir', 'DAGS_FOLDER/inout_data.py', '--cfg-path', '/tmp/tmpwznxs4gt']
[2025-03-30T11:29:36.059+0000] {standard_task_runner.py:88} INFO - Job 2227: Subtask ingest_dummy_data
[2025-03-30T11:29:36.064+0000] {warnings.py:109} WARNING - /home/***/.local/lib/python3.8/site-packages/***/settings.py:194: DeprecationWarning: The sql_alchemy_conn option in [core] has been moved to the sql_alchemy_conn option in [database] - the old setting has been used, but please update your config.
  SQL_ALCHEMY_CONN = conf.get("database", "SQL_ALCHEMY_CONN")

[2025-03-30T11:29:36.079+0000] {task_command.py:423} INFO - Running <TaskInstance: inout_data_ingestion.ingest_dummy_data scheduled__2024-10-02T06:30:00+00:00 [running]> on host ff9d64b065e6
[2025-03-30T11:29:36.109+0000] {taskinstance.py:2510} INFO - Exporting env vars: AIRFLOW_CTX_DAG_OWNER='***' AIRFLOW_CTX_DAG_ID='inout_data_ingestion' AIRFLOW_CTX_TASK_ID='ingest_dummy_data' AIRFLOW_CTX_EXECUTION_DATE='2024-10-02T06:30:00+00:00' AIRFLOW_CTX_TRY_NUMBER='1' AIRFLOW_CTX_DAG_RUN_ID='scheduled__2024-10-02T06:30:00+00:00'
[2025-03-30T11:29:36.110+0000] {logging_mixin.py:188} INFO - Successfully connected to MariaDB: INOUT on mariadb:3306
[2025-03-30T11:29:36.111+0000] {logging_mixin.py:188} INFO - General error executing query: not all arguments converted during string formatting
[2025-03-30T11:29:36.111+0000] {logging_mixin.py:188} INFO - General error executing query: not all arguments converted during string formatting
[2025-03-30T11:29:36.111+0000] {logging_mixin.py:188} INFO - General error executing query: not all arguments converted during string formatting
[2025-03-30T11:29:36.111+0000] {logging_mixin.py:188} INFO - General error executing query: not all arguments converted during string formatting
[2025-03-30T11:29:36.111+0000] {logging_mixin.py:188} INFO - General error executing query: not all arguments converted during string formatting
[2025-03-30T11:29:36.111+0000] {logging_mixin.py:188} INFO - General error executing query: not all arguments converted during string formatting
[2025-03-30T11:29:36.111+0000] {logging_mixin.py:188} INFO - General error executing query: not all arguments converted during string formatting
[2025-03-30T11:29:36.112+0000] {logging_mixin.py:188} INFO - General error executing query: not all arguments converted during string formatting
[2025-03-30T11:29:36.112+0000] {inout_data.py:87} INFO - Ingested 8 rows of dummy data for 2024-10-02 06:30:00+00:00.
[2025-03-30T11:29:36.112+0000] {logging_mixin.py:188} INFO - MariaDB connection closed.
[2025-03-30T11:29:36.112+0000] {python.py:202} INFO - Done. Returned value was: None
[2025-03-30T11:29:36.116+0000] {taskinstance.py:1149} INFO - Marking task as SUCCESS. dag_id=inout_data_ingestion, task_id=ingest_dummy_data, execution_date=20241002T063000, start_date=20250330T112936, end_date=20250330T112936
[2025-03-30T11:29:36.160+0000] {local_task_job_runner.py:234} INFO - Task exited with return code 0
[2025-03-30T11:29:36.171+0000] {taskinstance.py:3309} INFO - 0 downstream tasks scheduled from follow-on schedule check
[2025-03-30T11:34:29.761+0000] {taskinstance.py:1979} INFO - Dependencies all met for dep_context=non-requeueable deps ti=<TaskInstance: inout_data_ingestion.ingest_dummy_data scheduled__2024-10-02T06:30:00+00:00 [queued]>
[2025-03-30T11:34:29.768+0000] {taskinstance.py:1979} INFO - Dependencies all met for dep_context=requeueable deps ti=<TaskInstance: inout_data_ingestion.ingest_dummy_data scheduled__2024-10-02T06:30:00+00:00 [queued]>
[2025-03-30T11:34:29.769+0000] {taskinstance.py:2193} INFO - Starting attempt 1 of 2
[2025-03-30T11:34:29.776+0000] {taskinstance.py:2214} INFO - Executing <Task(PythonOperator): ingest_dummy_data> on 2024-10-02 06:30:00+00:00
[2025-03-30T11:34:29.780+0000] {standard_task_runner.py:60} INFO - Started process 5960 to run task
[2025-03-30T11:34:29.783+0000] {standard_task_runner.py:87} INFO - Running: ['***', 'tasks', 'run', 'inout_data_ingestion', 'ingest_dummy_data', 'scheduled__2024-10-02T06:30:00+00:00', '--job-id', '2955', '--raw', '--subdir', 'DAGS_FOLDER/inout_data.py', '--cfg-path', '/tmp/tmpj7m4c21i']
[2025-03-30T11:34:29.784+0000] {standard_task_runner.py:88} INFO - Job 2955: Subtask ingest_dummy_data
[2025-03-30T11:34:29.793+0000] {warnings.py:109} WARNING - /home/***/.local/lib/python3.8/site-packages/***/settings.py:194: DeprecationWarning: The sql_alchemy_conn option in [core] has been moved to the sql_alchemy_conn option in [database] - the old setting has been used, but please update your config.
  SQL_ALCHEMY_CONN = conf.get("database", "SQL_ALCHEMY_CONN")

[2025-03-30T11:34:29.818+0000] {task_command.py:423} INFO - Running <TaskInstance: inout_data_ingestion.ingest_dummy_data scheduled__2024-10-02T06:30:00+00:00 [running]> on host ff9d64b065e6
[2025-03-30T11:34:29.860+0000] {taskinstance.py:2510} INFO - Exporting env vars: AIRFLOW_CTX_DAG_OWNER='***' AIRFLOW_CTX_DAG_ID='inout_data_ingestion' AIRFLOW_CTX_TASK_ID='ingest_dummy_data' AIRFLOW_CTX_EXECUTION_DATE='2024-10-02T06:30:00+00:00' AIRFLOW_CTX_TRY_NUMBER='1' AIRFLOW_CTX_DAG_RUN_ID='scheduled__2024-10-02T06:30:00+00:00'
[2025-03-30T11:34:29.863+0000] {logging_mixin.py:188} INFO - Successfully connected to MariaDB: INOUT on mariadb:3306
[2025-03-30T11:34:29.864+0000] {inout_data.py:83} INFO - {'ingested_time': datetime.datetime(2025, 3, 30, 11, 34, 29, 864032), 'timestamp': datetime.datetime(2024, 10, 2, 6, 53, tzinfo=datetime.timezone.utc), 'emp_id': 5417, 'employee_name': 'Employee67', 'factory': 'FactoryA', 'in_out': 'OUT', 'entrance': 'Main', 'door_number': '3', 'function': 'IT', 'division': 'AAPD', 'department': 'CAPD', 'section': '2'}
[2025-03-30T11:34:29.864+0000] {logging_mixin.py:188} INFO - General error executing query: not all arguments converted during string formatting
[2025-03-30T11:34:29.864+0000] {inout_data.py:83} INFO - {'ingested_time': datetime.datetime(2025, 3, 30, 11, 34, 29, 864669), 'timestamp': datetime.datetime(2024, 10, 2, 6, 38, tzinfo=datetime.timezone.utc), 'emp_id': 9095, 'employee_name': 'Employee90', 'factory': 'FactoryA', 'in_out': 'OUT', 'entrance': 'Main', 'door_number': '5', 'function': 'IT', 'division': 'BSID', 'department': 'ML', 'section': '2'}
[2025-03-30T11:34:29.864+0000] {logging_mixin.py:188} INFO - General error executing query: not all arguments converted during string formatting
[2025-03-30T11:34:29.865+0000] {inout_data.py:83} INFO - {'ingested_time': datetime.datetime(2025, 3, 30, 11, 34, 29, 865070), 'timestamp': datetime.datetime(2024, 10, 2, 6, 32, tzinfo=datetime.timezone.utc), 'emp_id': 6038, 'employee_name': 'Employee33', 'factory': 'FactoryA', 'in_out': 'OUT', 'entrance': 'Main', 'door_number': '6', 'function': 'IT', 'division': 'AAPD', 'department': 'CAPD', 'section': '2'}
[2025-03-30T11:34:29.866+0000] {logging_mixin.py:188} INFO - General error executing query: not all arguments converted during string formatting
[2025-03-30T11:34:29.866+0000] {inout_data.py:83} INFO - {'ingested_time': datetime.datetime(2025, 3, 30, 11, 34, 29, 866922), 'timestamp': datetime.datetime(2024, 10, 2, 6, 42, tzinfo=datetime.timezone.utc), 'emp_id': 8351, 'employee_name': 'Employee38', 'factory': 'FactoryB', 'in_out': 'OUT', 'entrance': 'Side', 'door_number': '2', 'function': 'IT', 'division': 'BSID', 'department': 'ML', 'section': '2'}
[2025-03-30T11:34:29.867+0000] {logging_mixin.py:188} INFO - General error executing query: not all arguments converted during string formatting
[2025-03-30T11:34:29.867+0000] {inout_data.py:83} INFO - {'ingested_time': datetime.datetime(2025, 3, 30, 11, 34, 29, 867361), 'timestamp': datetime.datetime(2024, 10, 2, 6, 49, tzinfo=datetime.timezone.utc), 'emp_id': 5082, 'employee_name': 'Employee82', 'factory': 'FactoryA', 'in_out': 'IN', 'entrance': 'Side', 'door_number': '2', 'function': 'IT', 'division': 'BSID', 'department': 'HRSD', 'section': '2'}
[2025-03-30T11:34:29.867+0000] {logging_mixin.py:188} INFO - General error executing query: not all arguments converted during string formatting
[2025-03-30T11:34:29.867+0000] {inout_data.py:83} INFO - {'ingested_time': datetime.datetime(2025, 3, 30, 11, 34, 29, 867782), 'timestamp': datetime.datetime(2024, 10, 2, 6, 46, tzinfo=datetime.timezone.utc), 'emp_id': 3619, 'employee_name': 'Employee19', 'factory': 'FactoryA', 'in_out': 'IN', 'entrance': 'Side', 'door_number': '1', 'function': 'IT', 'division': 'AAPD', 'department': 'ML', 'section': '1'}
[2025-03-30T11:34:29.868+0000] {logging_mixin.py:188} INFO - General error executing query: not all arguments converted during string formatting
[2025-03-30T11:34:29.868+0000] {inout_data.py:83} INFO - {'ingested_time': datetime.datetime(2025, 3, 30, 11, 34, 29, 868247), 'timestamp': datetime.datetime(2024, 10, 2, 6, 39, tzinfo=datetime.timezone.utc), 'emp_id': 7099, 'employee_name': 'Employee68', 'factory': 'FactoryA', 'in_out': 'OUT', 'entrance': 'Main', 'door_number': '6', 'function': 'IT', 'division': 'AAPD', 'department': 'CAPD', 'section': '1'}
[2025-03-30T11:34:29.868+0000] {logging_mixin.py:188} INFO - General error executing query: not all arguments converted during string formatting
[2025-03-30T11:34:29.868+0000] {inout_data.py:83} INFO - {'ingested_time': datetime.datetime(2025, 3, 30, 11, 34, 29, 868681), 'timestamp': datetime.datetime(2024, 10, 2, 6, 35, tzinfo=datetime.timezone.utc), 'emp_id': 3927, 'employee_name': 'Employee59', 'factory': 'FactoryA', 'in_out': 'OUT', 'entrance': 'Side', 'door_number': '5', 'function': 'IT', 'division': 'BSID', 'department': 'ML', 'section': '2'}
[2025-03-30T11:34:29.868+0000] {logging_mixin.py:188} INFO - General error executing query: not all arguments converted during string formatting
[2025-03-30T11:34:29.869+0000] {inout_data.py:83} INFO - {'ingested_time': datetime.datetime(2025, 3, 30, 11, 34, 29, 869162), 'timestamp': datetime.datetime(2024, 10, 2, 6, 52, tzinfo=datetime.timezone.utc), 'emp_id': 2907, 'employee_name': 'Employee28', 'factory': 'FactoryB', 'in_out': 'IN', 'entrance': 'Side', 'door_number': '7', 'function': 'IT', 'division': 'AAPD', 'department': 'ML', 'section': '2'}
[2025-03-30T11:34:29.869+0000] {logging_mixin.py:188} INFO - General error executing query: not all arguments converted during string formatting
[2025-03-30T11:34:29.869+0000] {inout_data.py:83} INFO - {'ingested_time': datetime.datetime(2025, 3, 30, 11, 34, 29, 869593), 'timestamp': datetime.datetime(2024, 10, 2, 6, 30, tzinfo=datetime.timezone.utc), 'emp_id': 2078, 'employee_name': 'Employee94', 'factory': 'FactoryB', 'in_out': 'OUT', 'entrance': 'Side', 'door_number': '9', 'function': 'IT', 'division': 'BSID', 'department': 'CAPD', 'section': '2'}
[2025-03-30T11:34:29.869+0000] {logging_mixin.py:188} INFO - General error executing query: not all arguments converted during string formatting
[2025-03-30T11:34:29.870+0000] {inout_data.py:83} INFO - {'ingested_time': datetime.datetime(2025, 3, 30, 11, 34, 29, 870001), 'timestamp': datetime.datetime(2024, 10, 2, 6, 47, tzinfo=datetime.timezone.utc), 'emp_id': 4137, 'employee_name': 'Employee22', 'factory': 'FactoryA', 'in_out': 'OUT', 'entrance': 'Side', 'door_number': '1', 'function': 'IT', 'division': 'BSID', 'department': 'CAPD', 'section': '2'}
[2025-03-30T11:34:29.870+0000] {logging_mixin.py:188} INFO - General error executing query: not all arguments converted during string formatting
[2025-03-30T11:34:29.870+0000] {inout_data.py:83} INFO - {'ingested_time': datetime.datetime(2025, 3, 30, 11, 34, 29, 870374), 'timestamp': datetime.datetime(2024, 10, 2, 6, 45, tzinfo=datetime.timezone.utc), 'emp_id': 5441, 'employee_name': 'Employee20', 'factory': 'FactoryB', 'in_out': 'OUT', 'entrance': 'Main', 'door_number': '2', 'function': 'IT', 'division': 'BSID', 'department': 'HRSD', 'section': '2'}
[2025-03-30T11:34:29.870+0000] {logging_mixin.py:188} INFO - General error executing query: not all arguments converted during string formatting
[2025-03-30T11:34:29.870+0000] {inout_data.py:83} INFO - {'ingested_time': datetime.datetime(2025, 3, 30, 11, 34, 29, 870767), 'timestamp': datetime.datetime(2024, 10, 2, 6, 30, tzinfo=datetime.timezone.utc), 'emp_id': 9663, 'employee_name': 'Employee28', 'factory': 'FactoryA', 'in_out': 'IN', 'entrance': 'Side', 'door_number': '2', 'function': 'IT', 'division': 'BSID', 'department': 'ML', 'section': '2'}
[2025-03-30T11:34:29.870+0000] {logging_mixin.py:188} INFO - General error executing query: not all arguments converted during string formatting
[2025-03-30T11:34:29.871+0000] {inout_data.py:83} INFO - {'ingested_time': datetime.datetime(2025, 3, 30, 11, 34, 29, 871141), 'timestamp': datetime.datetime(2024, 10, 2, 6, 42, tzinfo=datetime.timezone.utc), 'emp_id': 2288, 'employee_name': 'Employee55', 'factory': 'FactoryA', 'in_out': 'OUT', 'entrance': 'Side', 'door_number': '10', 'function': 'IT', 'division': 'AAPD', 'department': 'CAPD', 'section': '1'}
[2025-03-30T11:34:29.871+0000] {logging_mixin.py:188} INFO - General error executing query: not all arguments converted during string formatting
[2025-03-30T11:34:29.871+0000] {inout_data.py:83} INFO - {'ingested_time': datetime.datetime(2025, 3, 30, 11, 34, 29, 871539), 'timestamp': datetime.datetime(2024, 10, 2, 6, 39, tzinfo=datetime.timezone.utc), 'emp_id': 3887, 'employee_name': 'Employee80', 'factory': 'FactoryA', 'in_out': 'IN', 'entrance': 'Main', 'door_number': '5', 'function': 'IT', 'division': 'AAPD', 'department': 'CAPD', 'section': '2'}
[2025-03-30T11:34:29.871+0000] {logging_mixin.py:188} INFO - General error executing query: not all arguments converted during string formatting
[2025-03-30T11:34:29.871+0000] {inout_data.py:88} INFO - Ingested 15 rows of dummy data for 2024-10-02 06:30:00+00:00.
[2025-03-30T11:34:29.872+0000] {logging_mixin.py:188} INFO - MariaDB connection closed.
[2025-03-30T11:34:29.872+0000] {python.py:202} INFO - Done. Returned value was: None
[2025-03-30T11:34:29.878+0000] {taskinstance.py:1149} INFO - Marking task as SUCCESS. dag_id=inout_data_ingestion, task_id=ingest_dummy_data, execution_date=20241002T063000, start_date=20250330T113429, end_date=20250330T113429
[2025-03-30T11:34:29.923+0000] {local_task_job_runner.py:234} INFO - Task exited with return code 0
[2025-03-30T11:34:29.932+0000] {taskinstance.py:3309} INFO - 0 downstream tasks scheduled from follow-on schedule check
[2025-03-30T11:42:11.452+0000] {taskinstance.py:1979} INFO - Dependencies all met for dep_context=non-requeueable deps ti=<TaskInstance: inout_data_ingestion.ingest_dummy_data scheduled__2024-10-02T06:30:00+00:00 [queued]>
[2025-03-30T11:42:11.482+0000] {taskinstance.py:1979} INFO - Dependencies all met for dep_context=requeueable deps ti=<TaskInstance: inout_data_ingestion.ingest_dummy_data scheduled__2024-10-02T06:30:00+00:00 [queued]>
[2025-03-30T11:42:11.483+0000] {taskinstance.py:2193} INFO - Starting attempt 1 of 2
[2025-03-30T11:42:11.529+0000] {taskinstance.py:2214} INFO - Executing <Task(PythonOperator): ingest_dummy_data> on 2024-10-02 06:30:00+00:00
[2025-03-30T11:42:11.541+0000] {standard_task_runner.py:60} INFO - Started process 7309 to run task
[2025-03-30T11:42:11.550+0000] {standard_task_runner.py:87} INFO - Running: ['***', 'tasks', 'run', 'inout_data_ingestion', 'ingest_dummy_data', 'scheduled__2024-10-02T06:30:00+00:00', '--job-id', '3629', '--raw', '--subdir', 'DAGS_FOLDER/inout_data.py', '--cfg-path', '/tmp/tmp7mnkbctt']
[2025-03-30T11:42:11.552+0000] {standard_task_runner.py:88} INFO - Job 3629: Subtask ingest_dummy_data
[2025-03-30T11:42:11.582+0000] {warnings.py:109} WARNING - /home/***/.local/lib/python3.8/site-packages/***/settings.py:194: DeprecationWarning: The sql_alchemy_conn option in [core] has been moved to the sql_alchemy_conn option in [database] - the old setting has been used, but please update your config.
  SQL_ALCHEMY_CONN = conf.get("database", "SQL_ALCHEMY_CONN")

[2025-03-30T11:42:11.668+0000] {task_command.py:423} INFO - Running <TaskInstance: inout_data_ingestion.ingest_dummy_data scheduled__2024-10-02T06:30:00+00:00 [running]> on host ff9d64b065e6
[2025-03-30T11:42:11.799+0000] {taskinstance.py:2510} INFO - Exporting env vars: AIRFLOW_CTX_DAG_OWNER='***' AIRFLOW_CTX_DAG_ID='inout_data_ingestion' AIRFLOW_CTX_TASK_ID='ingest_dummy_data' AIRFLOW_CTX_EXECUTION_DATE='2024-10-02T06:30:00+00:00' AIRFLOW_CTX_TRY_NUMBER='1' AIRFLOW_CTX_DAG_RUN_ID='scheduled__2024-10-02T06:30:00+00:00'
[2025-03-30T11:42:11.803+0000] {taskinstance.py:2728} ERROR - Task failed with exception
Traceback (most recent call last):
  File "/home/airflow/.local/lib/python3.8/site-packages/airflow/models/taskinstance.py", line 444, in _execute_task
    result = _execute_callable(context=context, **execute_callable_kwargs)
  File "/home/airflow/.local/lib/python3.8/site-packages/airflow/models/taskinstance.py", line 414, in _execute_callable
    return execute_callable(context=context, **execute_callable_kwargs)
  File "/home/airflow/.local/lib/python3.8/site-packages/airflow/operators/python.py", line 200, in execute
    return_value = self.execute_callable()
  File "/home/airflow/.local/lib/python3.8/site-packages/airflow/operators/python.py", line 217, in execute_callable
    return self.python_callable(*self.op_args, **self.op_kwargs)
  File "/opt/airflow/dags/inout_data.py", line 77, in ingest_dummy_data
    dao = MariaDBDAO(CONFIG_FILE, CONN_ID)
TypeError: MariaDBDAO() takes no arguments
[2025-03-30T11:42:11.822+0000] {taskinstance.py:1149} INFO - Marking task as UP_FOR_RETRY. dag_id=inout_data_ingestion, task_id=ingest_dummy_data, execution_date=20241002T063000, start_date=20250330T114211, end_date=20250330T114211
[2025-03-30T11:42:11.833+0000] {standard_task_runner.py:107} ERROR - Failed to execute job 3629 for task ingest_dummy_data (MariaDBDAO() takes no arguments; 7309)
[2025-03-30T11:42:11.856+0000] {local_task_job_runner.py:234} INFO - Task exited with return code 1
[2025-03-30T11:42:11.890+0000] {taskinstance.py:3309} INFO - 0 downstream tasks scheduled from follow-on schedule check
