[2025-03-30T11:08:53.091+0000] {taskinstance.py:1979} INFO - Dependencies all met for dep_context=non-requeueable deps ti=<TaskInstance: inout_data_ingestion.ingest_dummy_data scheduled__2024-09-29T07:30:00+00:00 [queued]>
[2025-03-30T11:08:53.106+0000] {taskinstance.py:1979} INFO - Dependencies all met for dep_context=requeueable deps ti=<TaskInstance: inout_data_ingestion.ingest_dummy_data scheduled__2024-09-29T07:30:00+00:00 [queued]>
[2025-03-30T11:08:53.107+0000] {taskinstance.py:2193} INFO - Starting attempt 1 of 2
[2025-03-30T11:08:53.132+0000] {taskinstance.py:2214} INFO - Executing <Task(PythonOperator): ingest_dummy_data> on 2024-09-29 07:30:00+00:00
[2025-03-30T11:08:53.138+0000] {standard_task_runner.py:60} INFO - Started process 172 to run task
[2025-03-30T11:08:53.145+0000] {standard_task_runner.py:87} INFO - Running: ['***', 'tasks', 'run', 'inout_data_ingestion', 'ingest_dummy_data', 'scheduled__2024-09-29T07:30:00+00:00', '--job-id', '59', '--raw', '--subdir', 'DAGS_FOLDER/inout_data.py', '--cfg-path', '/tmp/tmp9gozdqv4']
[2025-03-30T11:08:53.149+0000] {standard_task_runner.py:88} INFO - Job 59: Subtask ingest_dummy_data
[2025-03-30T11:08:53.170+0000] {warnings.py:109} WARNING - /home/***/.local/lib/python3.8/site-packages/***/settings.py:194: DeprecationWarning: The sql_alchemy_conn option in [core] has been moved to the sql_alchemy_conn option in [database] - the old setting has been used, but please update your config.
  SQL_ALCHEMY_CONN = conf.get("database", "SQL_ALCHEMY_CONN")

[2025-03-30T11:08:53.225+0000] {task_command.py:423} INFO - Running <TaskInstance: inout_data_ingestion.ingest_dummy_data scheduled__2024-09-29T07:30:00+00:00 [running]> on host ff9d64b065e6
[2025-03-30T11:08:53.353+0000] {taskinstance.py:2510} INFO - Exporting env vars: AIRFLOW_CTX_DAG_OWNER='***' AIRFLOW_CTX_DAG_ID='inout_data_ingestion' AIRFLOW_CTX_TASK_ID='ingest_dummy_data' AIRFLOW_CTX_EXECUTION_DATE='2024-09-29T07:30:00+00:00' AIRFLOW_CTX_TRY_NUMBER='1' AIRFLOW_CTX_DAG_RUN_ID='scheduled__2024-09-29T07:30:00+00:00'
[2025-03-30T11:08:53.370+0000] {inout_data.py:42} INFO - Successfully connected to MariaDB: INOUT on mariadb:3306
[2025-03-30T11:08:53.377+0000] {inout_data.py:63} ERROR - Error executing query: (1062, "Duplicate entry '2025-03-30 11:08:53-9772' for key 'PRIMARY'")
[2025-03-30T11:08:53.378+0000] {inout_data.py:63} ERROR - Error executing query: (1062, "Duplicate entry '2025-03-30 11:08:53-9772' for key 'PRIMARY'")
[2025-03-30T11:08:53.380+0000] {inout_data.py:63} ERROR - Error executing query: (1062, "Duplicate entry '2025-03-30 11:08:53-9772' for key 'PRIMARY'")
[2025-03-30T11:08:53.381+0000] {inout_data.py:63} ERROR - Error executing query: (1062, "Duplicate entry '2025-03-30 11:08:53-9772' for key 'PRIMARY'")
[2025-03-30T11:08:53.383+0000] {inout_data.py:63} ERROR - Error executing query: (1062, "Duplicate entry '2025-03-30 11:08:53-9772' for key 'PRIMARY'")
[2025-03-30T11:08:53.389+0000] {inout_data.py:63} ERROR - Error executing query: (1062, "Duplicate entry '2025-03-30 11:08:53-9772' for key 'PRIMARY'")
[2025-03-30T11:08:53.390+0000] {inout_data.py:63} ERROR - Error executing query: (1062, "Duplicate entry '2025-03-30 11:08:53-9772' for key 'PRIMARY'")
[2025-03-30T11:08:53.391+0000] {inout_data.py:63} ERROR - Error executing query: (1062, "Duplicate entry '2025-03-30 11:08:53-9772' for key 'PRIMARY'")
[2025-03-30T11:08:53.391+0000] {inout_data.py:63} ERROR - Error executing query: (1062, "Duplicate entry '2025-03-30 11:08:53-9772' for key 'PRIMARY'")
[2025-03-30T11:08:53.392+0000] {inout_data.py:63} ERROR - Error executing query: (1062, "Duplicate entry '2025-03-30 11:08:53-9772' for key 'PRIMARY'")
[2025-03-30T11:08:53.393+0000] {inout_data.py:63} ERROR - Error executing query: (1062, "Duplicate entry '2025-03-30 11:08:53-9772' for key 'PRIMARY'")
[2025-03-30T11:08:53.394+0000] {inout_data.py:63} ERROR - Error executing query: (1062, "Duplicate entry '2025-03-30 11:08:53-9772' for key 'PRIMARY'")
[2025-03-30T11:08:53.397+0000] {inout_data.py:159} INFO - Ingested 13 rows of dummy data.
[2025-03-30T11:08:53.401+0000] {inout_data.py:78} INFO - MariaDB connection closed.
[2025-03-30T11:08:53.402+0000] {python.py:202} INFO - Done. Returned value was: None
[2025-03-30T11:08:53.428+0000] {taskinstance.py:1149} INFO - Marking task as SUCCESS. dag_id=inout_data_ingestion, task_id=ingest_dummy_data, execution_date=20240929T073000, start_date=20250330T110853, end_date=20250330T110853
[2025-03-30T11:08:53.494+0000] {local_task_job_runner.py:234} INFO - Task exited with return code 0
[2025-03-30T11:08:53.524+0000] {taskinstance.py:3309} INFO - 0 downstream tasks scheduled from follow-on schedule check
[2025-03-30T11:15:34.606+0000] {taskinstance.py:1979} INFO - Dependencies all met for dep_context=non-requeueable deps ti=<TaskInstance: inout_data_ingestion.ingest_dummy_data scheduled__2024-09-29T07:30:00+00:00 [queued]>
[2025-03-30T11:15:34.641+0000] {taskinstance.py:1979} INFO - Dependencies all met for dep_context=requeueable deps ti=<TaskInstance: inout_data_ingestion.ingest_dummy_data scheduled__2024-09-29T07:30:00+00:00 [queued]>
[2025-03-30T11:15:34.643+0000] {taskinstance.py:2193} INFO - Starting attempt 1 of 2
[2025-03-30T11:15:34.671+0000] {taskinstance.py:2214} INFO - Executing <Task(PythonOperator): ingest_dummy_data> on 2024-09-29 07:30:00+00:00
[2025-03-30T11:15:34.675+0000] {standard_task_runner.py:60} INFO - Started process 2027 to run task
[2025-03-30T11:15:34.687+0000] {standard_task_runner.py:87} INFO - Running: ['***', 'tasks', 'run', 'inout_data_ingestion', 'ingest_dummy_data', 'scheduled__2024-09-29T07:30:00+00:00', '--job-id', '987', '--raw', '--subdir', 'DAGS_FOLDER/inout_data.py', '--cfg-path', '/tmp/tmpw9trh_64']
[2025-03-30T11:15:34.689+0000] {standard_task_runner.py:88} INFO - Job 987: Subtask ingest_dummy_data
[2025-03-30T11:15:34.792+0000] {warnings.py:109} WARNING - /home/***/.local/lib/python3.8/site-packages/***/settings.py:194: DeprecationWarning: The sql_alchemy_conn option in [core] has been moved to the sql_alchemy_conn option in [database] - the old setting has been used, but please update your config.
  SQL_ALCHEMY_CONN = conf.get("database", "SQL_ALCHEMY_CONN")

[2025-03-30T11:15:35.147+0000] {task_command.py:423} INFO - Running <TaskInstance: inout_data_ingestion.ingest_dummy_data scheduled__2024-09-29T07:30:00+00:00 [running]> on host ff9d64b065e6
[2025-03-30T11:15:35.311+0000] {taskinstance.py:2510} INFO - Exporting env vars: AIRFLOW_CTX_DAG_OWNER='***' AIRFLOW_CTX_DAG_ID='inout_data_ingestion' AIRFLOW_CTX_TASK_ID='ingest_dummy_data' AIRFLOW_CTX_EXECUTION_DATE='2024-09-29T07:30:00+00:00' AIRFLOW_CTX_TRY_NUMBER='1' AIRFLOW_CTX_DAG_RUN_ID='scheduled__2024-09-29T07:30:00+00:00'
[2025-03-30T11:15:35.467+0000] {inout_data.py:42} INFO - Successfully connected to MariaDB: INOUT on mariadb:3306
[2025-03-30T11:15:35.683+0000] {inout_data.py:63} ERROR - Error executing query: (1062, "Duplicate entry '2025-03-30 11:15:35-3408' for key 'PRIMARY'")
[2025-03-30T11:15:35.701+0000] {inout_data.py:63} ERROR - Error executing query: (1062, "Duplicate entry '2025-03-30 11:15:35-3408' for key 'PRIMARY'")
[2025-03-30T11:15:35.702+0000] {inout_data.py:63} ERROR - Error executing query: (1062, "Duplicate entry '2025-03-30 11:15:35-3408' for key 'PRIMARY'")
[2025-03-30T11:15:35.719+0000] {inout_data.py:63} ERROR - Error executing query: (1062, "Duplicate entry '2025-03-30 11:15:35-3408' for key 'PRIMARY'")
[2025-03-30T11:15:35.730+0000] {inout_data.py:63} ERROR - Error executing query: (1062, "Duplicate entry '2025-03-30 11:15:35-3408' for key 'PRIMARY'")
[2025-03-30T11:15:35.735+0000] {inout_data.py:63} ERROR - Error executing query: (1062, "Duplicate entry '2025-03-30 11:15:35-3408' for key 'PRIMARY'")
[2025-03-30T11:15:35.736+0000] {inout_data.py:63} ERROR - Error executing query: (1062, "Duplicate entry '2025-03-30 11:15:35-3408' for key 'PRIMARY'")
[2025-03-30T11:15:35.742+0000] {inout_data.py:63} ERROR - Error executing query: (1062, "Duplicate entry '2025-03-30 11:15:35-3408' for key 'PRIMARY'")
[2025-03-30T11:15:35.747+0000] {inout_data.py:63} ERROR - Error executing query: (1062, "Duplicate entry '2025-03-30 11:15:35-3408' for key 'PRIMARY'")
[2025-03-30T11:15:35.758+0000] {inout_data.py:63} ERROR - Error executing query: (1062, "Duplicate entry '2025-03-30 11:15:35-3408' for key 'PRIMARY'")
[2025-03-30T11:15:35.775+0000] {inout_data.py:63} ERROR - Error executing query: (1062, "Duplicate entry '2025-03-30 11:15:35-3408' for key 'PRIMARY'")
[2025-03-30T11:15:35.787+0000] {inout_data.py:152} INFO - Ingested 12 rows of dummy data.
[2025-03-30T11:15:35.794+0000] {inout_data.py:78} INFO - MariaDB connection closed.
[2025-03-30T11:15:35.797+0000] {python.py:202} INFO - Done. Returned value was: None
[2025-03-30T11:15:35.908+0000] {taskinstance.py:1149} INFO - Marking task as SUCCESS. dag_id=inout_data_ingestion, task_id=ingest_dummy_data, execution_date=20240929T073000, start_date=20250330T111534, end_date=20250330T111535
[2025-03-30T11:15:36.330+0000] {local_task_job_runner.py:234} INFO - Task exited with return code 0
[2025-03-30T11:15:36.482+0000] {taskinstance.py:3309} INFO - 0 downstream tasks scheduled from follow-on schedule check
[2025-03-30T11:22:25.331+0000] {taskinstance.py:1979} INFO - Dependencies all met for dep_context=non-requeueable deps ti=<TaskInstance: inout_data_ingestion.ingest_dummy_data scheduled__2024-09-29T07:30:00+00:00 [queued]>
[2025-03-30T11:22:25.336+0000] {taskinstance.py:1979} INFO - Dependencies all met for dep_context=requeueable deps ti=<TaskInstance: inout_data_ingestion.ingest_dummy_data scheduled__2024-09-29T07:30:00+00:00 [queued]>
[2025-03-30T11:22:25.336+0000] {taskinstance.py:2193} INFO - Starting attempt 1 of 2
[2025-03-30T11:22:25.343+0000] {taskinstance.py:2214} INFO - Executing <Task(PythonOperator): ingest_dummy_data> on 2024-09-29 07:30:00+00:00
[2025-03-30T11:22:25.346+0000] {standard_task_runner.py:60} INFO - Started process 3867 to run task
[2025-03-30T11:22:25.349+0000] {standard_task_runner.py:87} INFO - Running: ['***', 'tasks', 'run', 'inout_data_ingestion', 'ingest_dummy_data', 'scheduled__2024-09-29T07:30:00+00:00', '--job-id', '1909', '--raw', '--subdir', 'DAGS_FOLDER/inout_data.py', '--cfg-path', '/tmp/tmp8tgiu5ln']
[2025-03-30T11:22:25.349+0000] {standard_task_runner.py:88} INFO - Job 1909: Subtask ingest_dummy_data
[2025-03-30T11:22:25.355+0000] {warnings.py:109} WARNING - /home/***/.local/lib/python3.8/site-packages/***/settings.py:194: DeprecationWarning: The sql_alchemy_conn option in [core] has been moved to the sql_alchemy_conn option in [database] - the old setting has been used, but please update your config.
  SQL_ALCHEMY_CONN = conf.get("database", "SQL_ALCHEMY_CONN")

[2025-03-30T11:22:25.371+0000] {task_command.py:423} INFO - Running <TaskInstance: inout_data_ingestion.ingest_dummy_data scheduled__2024-09-29T07:30:00+00:00 [running]> on host ff9d64b065e6
[2025-03-30T11:22:25.407+0000] {taskinstance.py:2510} INFO - Exporting env vars: AIRFLOW_CTX_DAG_OWNER='***' AIRFLOW_CTX_DAG_ID='inout_data_ingestion' AIRFLOW_CTX_TASK_ID='ingest_dummy_data' AIRFLOW_CTX_EXECUTION_DATE='2024-09-29T07:30:00+00:00' AIRFLOW_CTX_TRY_NUMBER='1' AIRFLOW_CTX_DAG_RUN_ID='scheduled__2024-09-29T07:30:00+00:00'
[2025-03-30T11:22:25.410+0000] {inout_data.py:42} INFO - Successfully connected to MariaDB: INOUT on mariadb:3306
[2025-03-30T11:22:25.410+0000] {taskinstance.py:2728} ERROR - Task failed with exception
Traceback (most recent call last):
  File "/home/airflow/.local/lib/python3.8/site-packages/airflow/models/taskinstance.py", line 444, in _execute_task
    result = _execute_callable(context=context, **execute_callable_kwargs)
  File "/home/airflow/.local/lib/python3.8/site-packages/airflow/models/taskinstance.py", line 414, in _execute_callable
    return execute_callable(context=context, **execute_callable_kwargs)
  File "/home/airflow/.local/lib/python3.8/site-packages/airflow/operators/python.py", line 200, in execute
    return_value = self.execute_callable()
  File "/home/airflow/.local/lib/python3.8/site-packages/airflow/operators/python.py", line 217, in execute_callable
    return self.python_callable(*self.op_args, **self.op_kwargs)
  File "/opt/airflow/dags/inout_data.py", line 150, in ingest_dummy_data
    data = generate_dummy_data(logical_date)
  File "/opt/airflow/dags/inout_data.py", line 127, in generate_dummy_data
    timestamp = logical_date + timedelta(minutes=random.randint(0, 29)) #random minutes within the 30 minute interval
TypeError: can only concatenate str (not "datetime.timedelta") to str
[2025-03-30T11:22:25.413+0000] {taskinstance.py:1149} INFO - Marking task as UP_FOR_RETRY. dag_id=inout_data_ingestion, task_id=ingest_dummy_data, execution_date=20240929T073000, start_date=20250330T112225, end_date=20250330T112225
[2025-03-30T11:22:25.418+0000] {standard_task_runner.py:107} ERROR - Failed to execute job 1909 for task ingest_dummy_data (can only concatenate str (not "datetime.timedelta") to str; 3867)
[2025-03-30T11:22:25.447+0000] {local_task_job_runner.py:234} INFO - Task exited with return code 1
[2025-03-30T11:22:25.457+0000] {taskinstance.py:3309} INFO - 0 downstream tasks scheduled from follow-on schedule check
[2025-03-30T11:28:07.377+0000] {taskinstance.py:1979} INFO - Dependencies all met for dep_context=non-requeueable deps ti=<TaskInstance: inout_data_ingestion.ingest_dummy_data scheduled__2024-09-29T07:30:00+00:00 [queued]>
[2025-03-30T11:28:07.394+0000] {taskinstance.py:1979} INFO - Dependencies all met for dep_context=requeueable deps ti=<TaskInstance: inout_data_ingestion.ingest_dummy_data scheduled__2024-09-29T07:30:00+00:00 [queued]>
[2025-03-30T11:28:07.396+0000] {taskinstance.py:2193} INFO - Starting attempt 1 of 2
[2025-03-30T11:28:07.429+0000] {taskinstance.py:2214} INFO - Executing <Task(PythonOperator): ingest_dummy_data> on 2024-09-29 07:30:00+00:00
[2025-03-30T11:28:07.434+0000] {standard_task_runner.py:60} INFO - Started process 3942 to run task
[2025-03-30T11:28:07.440+0000] {standard_task_runner.py:87} INFO - Running: ['***', 'tasks', 'run', 'inout_data_ingestion', 'ingest_dummy_data', 'scheduled__2024-09-29T07:30:00+00:00', '--job-id', '1946', '--raw', '--subdir', 'DAGS_FOLDER/inout_data.py', '--cfg-path', '/tmp/tmp183tk_im']
[2025-03-30T11:28:07.441+0000] {standard_task_runner.py:88} INFO - Job 1946: Subtask ingest_dummy_data
[2025-03-30T11:28:07.471+0000] {warnings.py:109} WARNING - /home/***/.local/lib/python3.8/site-packages/***/settings.py:194: DeprecationWarning: The sql_alchemy_conn option in [core] has been moved to the sql_alchemy_conn option in [database] - the old setting has been used, but please update your config.
  SQL_ALCHEMY_CONN = conf.get("database", "SQL_ALCHEMY_CONN")

[2025-03-30T11:28:07.539+0000] {task_command.py:423} INFO - Running <TaskInstance: inout_data_ingestion.ingest_dummy_data scheduled__2024-09-29T07:30:00+00:00 [running]> on host ff9d64b065e6
[2025-03-30T11:28:07.660+0000] {taskinstance.py:2510} INFO - Exporting env vars: AIRFLOW_CTX_DAG_OWNER='***' AIRFLOW_CTX_DAG_ID='inout_data_ingestion' AIRFLOW_CTX_TASK_ID='ingest_dummy_data' AIRFLOW_CTX_EXECUTION_DATE='2024-09-29T07:30:00+00:00' AIRFLOW_CTX_TRY_NUMBER='1' AIRFLOW_CTX_DAG_RUN_ID='scheduled__2024-09-29T07:30:00+00:00'
[2025-03-30T11:28:07.664+0000] {logging_mixin.py:188} INFO - Successfully connected to MariaDB: INOUT on mariadb:3306
[2025-03-30T11:28:07.665+0000] {logging_mixin.py:188} INFO - General error executing query: not all arguments converted during string formatting
[2025-03-30T11:28:07.665+0000] {logging_mixin.py:188} INFO - General error executing query: not all arguments converted during string formatting
[2025-03-30T11:28:07.666+0000] {logging_mixin.py:188} INFO - General error executing query: not all arguments converted during string formatting
[2025-03-30T11:28:07.666+0000] {logging_mixin.py:188} INFO - General error executing query: not all arguments converted during string formatting
[2025-03-30T11:28:07.666+0000] {logging_mixin.py:188} INFO - General error executing query: not all arguments converted during string formatting
[2025-03-30T11:28:07.667+0000] {inout_data.py:87} INFO - Ingested 5 rows of dummy data for 2024-09-29 07:30:00+00:00.
[2025-03-30T11:28:07.668+0000] {logging_mixin.py:188} INFO - MariaDB connection closed.
[2025-03-30T11:28:07.669+0000] {python.py:202} INFO - Done. Returned value was: None
[2025-03-30T11:28:07.678+0000] {taskinstance.py:1149} INFO - Marking task as SUCCESS. dag_id=inout_data_ingestion, task_id=ingest_dummy_data, execution_date=20240929T073000, start_date=20250330T112807, end_date=20250330T112807
[2025-03-30T11:28:07.705+0000] {local_task_job_runner.py:234} INFO - Task exited with return code 0
[2025-03-30T11:28:07.729+0000] {taskinstance.py:3309} INFO - 0 downstream tasks scheduled from follow-on schedule check
[2025-03-30T11:32:48.904+0000] {taskinstance.py:1979} INFO - Dependencies all met for dep_context=non-requeueable deps ti=<TaskInstance: inout_data_ingestion.ingest_dummy_data scheduled__2024-09-29T07:30:00+00:00 [queued]>
[2025-03-30T11:32:48.926+0000] {taskinstance.py:1979} INFO - Dependencies all met for dep_context=requeueable deps ti=<TaskInstance: inout_data_ingestion.ingest_dummy_data scheduled__2024-09-29T07:30:00+00:00 [queued]>
[2025-03-30T11:32:48.929+0000] {taskinstance.py:2193} INFO - Starting attempt 1 of 2
[2025-03-30T11:32:48.960+0000] {taskinstance.py:2214} INFO - Executing <Task(PythonOperator): ingest_dummy_data> on 2024-09-29 07:30:00+00:00
[2025-03-30T11:32:48.968+0000] {standard_task_runner.py:60} INFO - Started process 5397 to run task
[2025-03-30T11:32:48.982+0000] {standard_task_runner.py:87} INFO - Running: ['***', 'tasks', 'run', 'inout_data_ingestion', 'ingest_dummy_data', 'scheduled__2024-09-29T07:30:00+00:00', '--job-id', '2673', '--raw', '--subdir', 'DAGS_FOLDER/inout_data.py', '--cfg-path', '/tmp/tmpt96_p7vy']
[2025-03-30T11:32:48.984+0000] {standard_task_runner.py:88} INFO - Job 2673: Subtask ingest_dummy_data
[2025-03-30T11:32:49.008+0000] {warnings.py:109} WARNING - /home/***/.local/lib/python3.8/site-packages/***/settings.py:194: DeprecationWarning: The sql_alchemy_conn option in [core] has been moved to the sql_alchemy_conn option in [database] - the old setting has been used, but please update your config.
  SQL_ALCHEMY_CONN = conf.get("database", "SQL_ALCHEMY_CONN")

[2025-03-30T11:32:49.071+0000] {task_command.py:423} INFO - Running <TaskInstance: inout_data_ingestion.ingest_dummy_data scheduled__2024-09-29T07:30:00+00:00 [running]> on host ff9d64b065e6
[2025-03-30T11:32:49.166+0000] {taskinstance.py:2510} INFO - Exporting env vars: AIRFLOW_CTX_DAG_OWNER='***' AIRFLOW_CTX_DAG_ID='inout_data_ingestion' AIRFLOW_CTX_TASK_ID='ingest_dummy_data' AIRFLOW_CTX_EXECUTION_DATE='2024-09-29T07:30:00+00:00' AIRFLOW_CTX_TRY_NUMBER='1' AIRFLOW_CTX_DAG_RUN_ID='scheduled__2024-09-29T07:30:00+00:00'
[2025-03-30T11:32:49.171+0000] {logging_mixin.py:188} INFO - Successfully connected to MariaDB: INOUT on mariadb:3306
[2025-03-30T11:32:49.175+0000] {inout_data.py:83} INFO - {'ingested_time': datetime.datetime(2025, 3, 30, 11, 32, 49, 174941), 'timestamp': datetime.datetime(2024, 9, 29, 7, 46, tzinfo=datetime.timezone.utc), 'emp_id': 3215, 'employee_name': 'Employee54', 'factory': 'FactoryB', 'in_out': 'OUT', 'entrance': 'Side', 'door_number': '10', 'function': 'IT', 'division': 'AAPD', 'department': 'HRSD', 'section': '2'}
[2025-03-30T11:32:49.176+0000] {logging_mixin.py:188} INFO - General error executing query: not all arguments converted during string formatting
[2025-03-30T11:32:49.177+0000] {inout_data.py:83} INFO - {'ingested_time': datetime.datetime(2025, 3, 30, 11, 32, 49, 177945), 'timestamp': datetime.datetime(2024, 9, 29, 7, 57, tzinfo=datetime.timezone.utc), 'emp_id': 8031, 'employee_name': 'Employee49', 'factory': 'FactoryA', 'in_out': 'OUT', 'entrance': 'Main', 'door_number': '3', 'function': 'IT', 'division': 'AAPD', 'department': 'CAPD', 'section': '2'}
[2025-03-30T11:32:49.178+0000] {logging_mixin.py:188} INFO - General error executing query: not all arguments converted during string formatting
[2025-03-30T11:32:49.179+0000] {inout_data.py:83} INFO - {'ingested_time': datetime.datetime(2025, 3, 30, 11, 32, 49, 179804), 'timestamp': datetime.datetime(2024, 9, 29, 7, 47, tzinfo=datetime.timezone.utc), 'emp_id': 6228, 'employee_name': 'Employee67', 'factory': 'FactoryB', 'in_out': 'IN', 'entrance': 'Main', 'door_number': '9', 'function': 'IT', 'division': 'AAPD', 'department': 'ML', 'section': '1'}
[2025-03-30T11:32:49.181+0000] {logging_mixin.py:188} INFO - General error executing query: not all arguments converted during string formatting
[2025-03-30T11:32:49.181+0000] {inout_data.py:83} INFO - {'ingested_time': datetime.datetime(2025, 3, 30, 11, 32, 49, 181901), 'timestamp': datetime.datetime(2024, 9, 29, 7, 58, tzinfo=datetime.timezone.utc), 'emp_id': 4062, 'employee_name': 'Employee22', 'factory': 'FactoryB', 'in_out': 'IN', 'entrance': 'Side', 'door_number': '3', 'function': 'IT', 'division': 'AAPD', 'department': 'ML', 'section': '2'}
[2025-03-30T11:32:49.182+0000] {logging_mixin.py:188} INFO - General error executing query: not all arguments converted during string formatting
[2025-03-30T11:32:49.185+0000] {inout_data.py:83} INFO - {'ingested_time': datetime.datetime(2025, 3, 30, 11, 32, 49, 185001), 'timestamp': datetime.datetime(2024, 9, 29, 7, 47, tzinfo=datetime.timezone.utc), 'emp_id': 2950, 'employee_name': 'Employee89', 'factory': 'FactoryA', 'in_out': 'IN', 'entrance': 'Main', 'door_number': '4', 'function': 'IT', 'division': 'BSID', 'department': 'CAPD', 'section': '2'}
[2025-03-30T11:32:49.185+0000] {logging_mixin.py:188} INFO - General error executing query: not all arguments converted during string formatting
[2025-03-30T11:32:49.185+0000] {inout_data.py:83} INFO - {'ingested_time': datetime.datetime(2025, 3, 30, 11, 32, 49, 185904), 'timestamp': datetime.datetime(2024, 9, 29, 7, 53, tzinfo=datetime.timezone.utc), 'emp_id': 7641, 'employee_name': 'Employee68', 'factory': 'FactoryA', 'in_out': 'IN', 'entrance': 'Main', 'door_number': '10', 'function': 'IT', 'division': 'AAPD', 'department': 'HRSD', 'section': '2'}
[2025-03-30T11:32:49.186+0000] {logging_mixin.py:188} INFO - General error executing query: not all arguments converted during string formatting
[2025-03-30T11:32:49.186+0000] {inout_data.py:83} INFO - {'ingested_time': datetime.datetime(2025, 3, 30, 11, 32, 49, 186426), 'timestamp': datetime.datetime(2024, 9, 29, 7, 41, tzinfo=datetime.timezone.utc), 'emp_id': 4014, 'employee_name': 'Employee4', 'factory': 'FactoryB', 'in_out': 'OUT', 'entrance': 'Side', 'door_number': '6', 'function': 'IT', 'division': 'BSID', 'department': 'ML', 'section': '1'}
[2025-03-30T11:32:49.186+0000] {logging_mixin.py:188} INFO - General error executing query: not all arguments converted during string formatting
[2025-03-30T11:32:49.187+0000] {inout_data.py:83} INFO - {'ingested_time': datetime.datetime(2025, 3, 30, 11, 32, 49, 187524), 'timestamp': datetime.datetime(2024, 9, 29, 7, 37, tzinfo=datetime.timezone.utc), 'emp_id': 5359, 'employee_name': 'Employee42', 'factory': 'FactoryA', 'in_out': 'OUT', 'entrance': 'Side', 'door_number': '2', 'function': 'IT', 'division': 'BSID', 'department': 'CAPD', 'section': '2'}
[2025-03-30T11:32:49.189+0000] {logging_mixin.py:188} INFO - General error executing query: not all arguments converted during string formatting
[2025-03-30T11:32:49.191+0000] {inout_data.py:83} INFO - {'ingested_time': datetime.datetime(2025, 3, 30, 11, 32, 49, 191872), 'timestamp': datetime.datetime(2024, 9, 29, 7, 48, tzinfo=datetime.timezone.utc), 'emp_id': 2140, 'employee_name': 'Employee79', 'factory': 'FactoryB', 'in_out': 'IN', 'entrance': 'Main', 'door_number': '5', 'function': 'IT', 'division': 'BSID', 'department': 'CAPD', 'section': '2'}
[2025-03-30T11:32:49.194+0000] {logging_mixin.py:188} INFO - General error executing query: not all arguments converted during string formatting
[2025-03-30T11:32:49.195+0000] {inout_data.py:83} INFO - {'ingested_time': datetime.datetime(2025, 3, 30, 11, 32, 49, 195278), 'timestamp': datetime.datetime(2024, 9, 29, 7, 41, tzinfo=datetime.timezone.utc), 'emp_id': 9446, 'employee_name': 'Employee39', 'factory': 'FactoryA', 'in_out': 'IN', 'entrance': 'Side', 'door_number': '1', 'function': 'IT', 'division': 'BSID', 'department': 'CAPD', 'section': '1'}
[2025-03-30T11:32:49.195+0000] {logging_mixin.py:188} INFO - General error executing query: not all arguments converted during string formatting
[2025-03-30T11:32:49.196+0000] {inout_data.py:83} INFO - {'ingested_time': datetime.datetime(2025, 3, 30, 11, 32, 49, 196393), 'timestamp': datetime.datetime(2024, 9, 29, 7, 35, tzinfo=datetime.timezone.utc), 'emp_id': 1808, 'employee_name': 'Employee46', 'factory': 'FactoryB', 'in_out': 'IN', 'entrance': 'Side', 'door_number': '1', 'function': 'IT', 'division': 'AAPD', 'department': 'ML', 'section': '1'}
[2025-03-30T11:32:49.196+0000] {logging_mixin.py:188} INFO - General error executing query: not all arguments converted during string formatting
[2025-03-30T11:32:49.199+0000] {inout_data.py:88} INFO - Ingested 11 rows of dummy data for 2024-09-29 07:30:00+00:00.
[2025-03-30T11:32:49.200+0000] {logging_mixin.py:188} INFO - MariaDB connection closed.
[2025-03-30T11:32:49.202+0000] {python.py:202} INFO - Done. Returned value was: None
[2025-03-30T11:32:49.213+0000] {taskinstance.py:1149} INFO - Marking task as SUCCESS. dag_id=inout_data_ingestion, task_id=ingest_dummy_data, execution_date=20240929T073000, start_date=20250330T113248, end_date=20250330T113249
[2025-03-30T11:32:49.246+0000] {local_task_job_runner.py:234} INFO - Task exited with return code 0
[2025-03-30T11:32:49.278+0000] {taskinstance.py:3309} INFO - 0 downstream tasks scheduled from follow-on schedule check
[2025-03-30T11:35:58.354+0000] {taskinstance.py:1979} INFO - Dependencies all met for dep_context=non-requeueable deps ti=<TaskInstance: inout_data_ingestion.ingest_dummy_data scheduled__2024-09-29T07:30:00+00:00 [queued]>
[2025-03-30T11:35:58.378+0000] {taskinstance.py:1979} INFO - Dependencies all met for dep_context=requeueable deps ti=<TaskInstance: inout_data_ingestion.ingest_dummy_data scheduled__2024-09-29T07:30:00+00:00 [queued]>
[2025-03-30T11:35:58.379+0000] {taskinstance.py:2193} INFO - Starting attempt 1 of 2
[2025-03-30T11:35:58.410+0000] {taskinstance.py:2214} INFO - Executing <Task(PythonOperator): ingest_dummy_data> on 2024-09-29 07:30:00+00:00
[2025-03-30T11:35:58.425+0000] {standard_task_runner.py:60} INFO - Started process 6229 to run task
[2025-03-30T11:35:58.441+0000] {standard_task_runner.py:87} INFO - Running: ['***', 'tasks', 'run', 'inout_data_ingestion', 'ingest_dummy_data', 'scheduled__2024-09-29T07:30:00+00:00', '--job-id', '3090', '--raw', '--subdir', 'DAGS_FOLDER/inout_data.py', '--cfg-path', '/tmp/tmp32i2rbay']
[2025-03-30T11:35:58.443+0000] {standard_task_runner.py:88} INFO - Job 3090: Subtask ingest_dummy_data
[2025-03-30T11:35:58.473+0000] {warnings.py:109} WARNING - /home/***/.local/lib/python3.8/site-packages/***/settings.py:194: DeprecationWarning: The sql_alchemy_conn option in [core] has been moved to the sql_alchemy_conn option in [database] - the old setting has been used, but please update your config.
  SQL_ALCHEMY_CONN = conf.get("database", "SQL_ALCHEMY_CONN")

[2025-03-30T11:35:58.527+0000] {task_command.py:423} INFO - Running <TaskInstance: inout_data_ingestion.ingest_dummy_data scheduled__2024-09-29T07:30:00+00:00 [running]> on host ff9d64b065e6
[2025-03-30T11:35:58.603+0000] {taskinstance.py:2510} INFO - Exporting env vars: AIRFLOW_CTX_DAG_OWNER='***' AIRFLOW_CTX_DAG_ID='inout_data_ingestion' AIRFLOW_CTX_TASK_ID='ingest_dummy_data' AIRFLOW_CTX_EXECUTION_DATE='2024-09-29T07:30:00+00:00' AIRFLOW_CTX_TRY_NUMBER='1' AIRFLOW_CTX_DAG_RUN_ID='scheduled__2024-09-29T07:30:00+00:00'
[2025-03-30T11:35:58.611+0000] {logging_mixin.py:188} INFO - Successfully connected to MariaDB: INOUT on mariadb:3306
[2025-03-30T11:35:58.611+0000] {taskinstance.py:2728} ERROR - Task failed with exception
Traceback (most recent call last):
  File "/home/airflow/.local/lib/python3.8/site-packages/airflow/models/taskinstance.py", line 444, in _execute_task
    result = _execute_callable(context=context, **execute_callable_kwargs)
  File "/home/airflow/.local/lib/python3.8/site-packages/airflow/models/taskinstance.py", line 414, in _execute_callable
    return execute_callable(context=context, **execute_callable_kwargs)
  File "/home/airflow/.local/lib/python3.8/site-packages/airflow/operators/python.py", line 200, in execute
    return_value = self.execute_callable()
  File "/home/airflow/.local/lib/python3.8/site-packages/airflow/operators/python.py", line 217, in execute_callable
    return self.python_callable(*self.op_args, **self.op_kwargs)
  File "/opt/airflow/dags/inout_data.py", line 95, in ingest_dummy_data
    data = generate_dummy_data(logical_date) # pass logical_date string.
NameError: name 'generate_dummy_data' is not defined
[2025-03-30T11:35:58.624+0000] {taskinstance.py:1149} INFO - Marking task as UP_FOR_RETRY. dag_id=inout_data_ingestion, task_id=ingest_dummy_data, execution_date=20240929T073000, start_date=20250330T113558, end_date=20250330T113558
[2025-03-30T11:35:58.634+0000] {standard_task_runner.py:107} ERROR - Failed to execute job 3090 for task ingest_dummy_data (name 'generate_dummy_data' is not defined; 6229)
[2025-03-30T11:35:58.662+0000] {local_task_job_runner.py:234} INFO - Task exited with return code 1
[2025-03-30T11:35:58.691+0000] {taskinstance.py:3309} INFO - 0 downstream tasks scheduled from follow-on schedule check
[2025-03-30T11:38:14.839+0000] {taskinstance.py:1979} INFO - Dependencies all met for dep_context=non-requeueable deps ti=<TaskInstance: inout_data_ingestion.ingest_dummy_data scheduled__2024-09-29T07:30:00+00:00 [queued]>
[2025-03-30T11:38:14.885+0000] {taskinstance.py:1979} INFO - Dependencies all met for dep_context=requeueable deps ti=<TaskInstance: inout_data_ingestion.ingest_dummy_data scheduled__2024-09-29T07:30:00+00:00 [queued]>
[2025-03-30T11:38:14.888+0000] {taskinstance.py:2193} INFO - Starting attempt 1 of 2
[2025-03-30T11:38:14.969+0000] {taskinstance.py:2214} INFO - Executing <Task(PythonOperator): ingest_dummy_data> on 2024-09-29 07:30:00+00:00
[2025-03-30T11:38:15.001+0000] {standard_task_runner.py:60} INFO - Started process 6305 to run task
[2025-03-30T11:38:15.035+0000] {standard_task_runner.py:87} INFO - Running: ['***', 'tasks', 'run', 'inout_data_ingestion', 'ingest_dummy_data', 'scheduled__2024-09-29T07:30:00+00:00', '--job-id', '3127', '--raw', '--subdir', 'DAGS_FOLDER/inout_data.py', '--cfg-path', '/tmp/tmpmg8bmjuk']
[2025-03-30T11:38:15.067+0000] {standard_task_runner.py:88} INFO - Job 3127: Subtask ingest_dummy_data
[2025-03-30T11:38:15.160+0000] {warnings.py:109} WARNING - /home/***/.local/lib/python3.8/site-packages/***/settings.py:194: DeprecationWarning: The sql_alchemy_conn option in [core] has been moved to the sql_alchemy_conn option in [database] - the old setting has been used, but please update your config.
  SQL_ALCHEMY_CONN = conf.get("database", "SQL_ALCHEMY_CONN")

[2025-03-30T11:38:15.272+0000] {task_command.py:423} INFO - Running <TaskInstance: inout_data_ingestion.ingest_dummy_data scheduled__2024-09-29T07:30:00+00:00 [running]> on host ff9d64b065e6
[2025-03-30T11:38:15.525+0000] {taskinstance.py:2510} INFO - Exporting env vars: AIRFLOW_CTX_DAG_OWNER='***' AIRFLOW_CTX_DAG_ID='inout_data_ingestion' AIRFLOW_CTX_TASK_ID='ingest_dummy_data' AIRFLOW_CTX_EXECUTION_DATE='2024-09-29T07:30:00+00:00' AIRFLOW_CTX_TRY_NUMBER='1' AIRFLOW_CTX_DAG_RUN_ID='scheduled__2024-09-29T07:30:00+00:00'
[2025-03-30T11:38:15.544+0000] {logging_mixin.py:188} INFO - Successfully connected to MariaDB: INOUT on mariadb:3306
[2025-03-30T11:38:15.546+0000] {inout_data.py:83} INFO - {'ingested_time': datetime.datetime(2025, 3, 30, 11, 38, 15, 545639), 'timestamp': datetime.datetime(2024, 9, 29, 7, 57, tzinfo=datetime.timezone.utc), 'emp_id': 8572, 'employee_name': 'Employee70', 'factory': 'FactoryA', 'in_out': 'OUT', 'entrance': 'Side', 'door_number': '7', 'function': 'IT', 'division': 'BSID', 'department': 'HRSD', 'section': '1'}
[2025-03-30T11:38:15.548+0000] {logging_mixin.py:188} INFO - General error executing query: not all arguments converted during string formatting
[2025-03-30T11:38:15.549+0000] {inout_data.py:83} INFO - {'ingested_time': datetime.datetime(2025, 3, 30, 11, 38, 15, 549293), 'timestamp': datetime.datetime(2024, 9, 29, 7, 54, tzinfo=datetime.timezone.utc), 'emp_id': 2239, 'employee_name': 'Employee34', 'factory': 'FactoryB', 'in_out': 'IN', 'entrance': 'Main', 'door_number': '9', 'function': 'IT', 'division': 'BSID', 'department': 'HRSD', 'section': '1'}
[2025-03-30T11:38:15.550+0000] {logging_mixin.py:188} INFO - General error executing query: not all arguments converted during string formatting
[2025-03-30T11:38:15.551+0000] {inout_data.py:83} INFO - {'ingested_time': datetime.datetime(2025, 3, 30, 11, 38, 15, 551278), 'timestamp': datetime.datetime(2024, 9, 29, 7, 31, tzinfo=datetime.timezone.utc), 'emp_id': 7612, 'employee_name': 'Employee73', 'factory': 'FactoryA', 'in_out': 'OUT', 'entrance': 'Main', 'door_number': '6', 'function': 'IT', 'division': 'AAPD', 'department': 'HRSD', 'section': '1'}
[2025-03-30T11:38:15.552+0000] {logging_mixin.py:188} INFO - General error executing query: not all arguments converted during string formatting
[2025-03-30T11:38:15.553+0000] {inout_data.py:83} INFO - {'ingested_time': datetime.datetime(2025, 3, 30, 11, 38, 15, 553765), 'timestamp': datetime.datetime(2024, 9, 29, 7, 53, tzinfo=datetime.timezone.utc), 'emp_id': 1544, 'employee_name': 'Employee23', 'factory': 'FactoryB', 'in_out': 'OUT', 'entrance': 'Main', 'door_number': '4', 'function': 'IT', 'division': 'BSID', 'department': 'ML', 'section': '1'}
[2025-03-30T11:38:15.555+0000] {logging_mixin.py:188} INFO - General error executing query: not all arguments converted during string formatting
[2025-03-30T11:38:15.555+0000] {inout_data.py:83} INFO - {'ingested_time': datetime.datetime(2025, 3, 30, 11, 38, 15, 555718), 'timestamp': datetime.datetime(2024, 9, 29, 7, 39, tzinfo=datetime.timezone.utc), 'emp_id': 9741, 'employee_name': 'Employee15', 'factory': 'FactoryB', 'in_out': 'OUT', 'entrance': 'Side', 'door_number': '10', 'function': 'IT', 'division': 'BSID', 'department': 'ML', 'section': '2'}
[2025-03-30T11:38:15.558+0000] {logging_mixin.py:188} INFO - General error executing query: not all arguments converted during string formatting
[2025-03-30T11:38:15.559+0000] {inout_data.py:83} INFO - {'ingested_time': datetime.datetime(2025, 3, 30, 11, 38, 15, 559695), 'timestamp': datetime.datetime(2024, 9, 29, 7, 43, tzinfo=datetime.timezone.utc), 'emp_id': 9025, 'employee_name': 'Employee35', 'factory': 'FactoryA', 'in_out': 'IN', 'entrance': 'Side', 'door_number': '6', 'function': 'IT', 'division': 'AAPD', 'department': 'CAPD', 'section': '1'}
[2025-03-30T11:38:15.561+0000] {logging_mixin.py:188} INFO - General error executing query: not all arguments converted during string formatting
[2025-03-30T11:38:15.563+0000] {inout_data.py:83} INFO - {'ingested_time': datetime.datetime(2025, 3, 30, 11, 38, 15, 563275), 'timestamp': datetime.datetime(2024, 9, 29, 7, 50, tzinfo=datetime.timezone.utc), 'emp_id': 2847, 'employee_name': 'Employee73', 'factory': 'FactoryA', 'in_out': 'IN', 'entrance': 'Main', 'door_number': '5', 'function': 'IT', 'division': 'BSID', 'department': 'CAPD', 'section': '2'}
[2025-03-30T11:38:15.563+0000] {logging_mixin.py:188} INFO - General error executing query: not all arguments converted during string formatting
[2025-03-30T11:38:15.564+0000] {inout_data.py:83} INFO - {'ingested_time': datetime.datetime(2025, 3, 30, 11, 38, 15, 564849), 'timestamp': datetime.datetime(2024, 9, 29, 7, 57, tzinfo=datetime.timezone.utc), 'emp_id': 8211, 'employee_name': 'Employee28', 'factory': 'FactoryB', 'in_out': 'OUT', 'entrance': 'Main', 'door_number': '10', 'function': 'IT', 'division': 'BSID', 'department': 'ML', 'section': '2'}
[2025-03-30T11:38:15.566+0000] {logging_mixin.py:188} INFO - General error executing query: not all arguments converted during string formatting
[2025-03-30T11:38:15.569+0000] {inout_data.py:83} INFO - {'ingested_time': datetime.datetime(2025, 3, 30, 11, 38, 15, 569810), 'timestamp': datetime.datetime(2024, 9, 29, 7, 57, tzinfo=datetime.timezone.utc), 'emp_id': 5085, 'employee_name': 'Employee19', 'factory': 'FactoryB', 'in_out': 'OUT', 'entrance': 'Main', 'door_number': '6', 'function': 'IT', 'division': 'AAPD', 'department': 'HRSD', 'section': '2'}
[2025-03-30T11:38:15.570+0000] {logging_mixin.py:188} INFO - General error executing query: not all arguments converted during string formatting
[2025-03-30T11:38:15.576+0000] {inout_data.py:83} INFO - {'ingested_time': datetime.datetime(2025, 3, 30, 11, 38, 15, 576486), 'timestamp': datetime.datetime(2024, 9, 29, 7, 37, tzinfo=datetime.timezone.utc), 'emp_id': 1538, 'employee_name': 'Employee92', 'factory': 'FactoryB', 'in_out': 'OUT', 'entrance': 'Main', 'door_number': '6', 'function': 'IT', 'division': 'AAPD', 'department': 'HRSD', 'section': '1'}
[2025-03-30T11:38:15.577+0000] {logging_mixin.py:188} INFO - General error executing query: not all arguments converted during string formatting
[2025-03-30T11:38:15.580+0000] {inout_data.py:83} INFO - {'ingested_time': datetime.datetime(2025, 3, 30, 11, 38, 15, 580009), 'timestamp': datetime.datetime(2024, 9, 29, 7, 48, tzinfo=datetime.timezone.utc), 'emp_id': 8677, 'employee_name': 'Employee68', 'factory': 'FactoryA', 'in_out': 'IN', 'entrance': 'Side', 'door_number': '3', 'function': 'IT', 'division': 'AAPD', 'department': 'CAPD', 'section': '2'}
[2025-03-30T11:38:15.583+0000] {logging_mixin.py:188} INFO - General error executing query: not all arguments converted during string formatting
[2025-03-30T11:38:15.586+0000] {inout_data.py:83} INFO - {'ingested_time': datetime.datetime(2025, 3, 30, 11, 38, 15, 586476), 'timestamp': datetime.datetime(2024, 9, 29, 7, 59, tzinfo=datetime.timezone.utc), 'emp_id': 5768, 'employee_name': 'Employee1', 'factory': 'FactoryB', 'in_out': 'OUT', 'entrance': 'Side', 'door_number': '9', 'function': 'IT', 'division': 'BSID', 'department': 'ML', 'section': '2'}
[2025-03-30T11:38:15.590+0000] {logging_mixin.py:188} INFO - General error executing query: not all arguments converted during string formatting
[2025-03-30T11:38:15.592+0000] {inout_data.py:83} INFO - {'ingested_time': datetime.datetime(2025, 3, 30, 11, 38, 15, 592052), 'timestamp': datetime.datetime(2024, 9, 29, 7, 54, tzinfo=datetime.timezone.utc), 'emp_id': 1719, 'employee_name': 'Employee43', 'factory': 'FactoryB', 'in_out': 'IN', 'entrance': 'Main', 'door_number': '3', 'function': 'IT', 'division': 'BSID', 'department': 'HRSD', 'section': '1'}
[2025-03-30T11:38:15.593+0000] {logging_mixin.py:188} INFO - General error executing query: not all arguments converted during string formatting
[2025-03-30T11:38:15.595+0000] {inout_data.py:83} INFO - {'ingested_time': datetime.datetime(2025, 3, 30, 11, 38, 15, 595562), 'timestamp': datetime.datetime(2024, 9, 29, 7, 37, tzinfo=datetime.timezone.utc), 'emp_id': 5138, 'employee_name': 'Employee76', 'factory': 'FactoryA', 'in_out': 'IN', 'entrance': 'Side', 'door_number': '2', 'function': 'IT', 'division': 'BSID', 'department': 'CAPD', 'section': '2'}
[2025-03-30T11:38:15.596+0000] {logging_mixin.py:188} INFO - General error executing query: not all arguments converted during string formatting
[2025-03-30T11:38:15.597+0000] {inout_data.py:83} INFO - {'ingested_time': datetime.datetime(2025, 3, 30, 11, 38, 15, 597532), 'timestamp': datetime.datetime(2024, 9, 29, 7, 56, tzinfo=datetime.timezone.utc), 'emp_id': 2998, 'employee_name': 'Employee87', 'factory': 'FactoryB', 'in_out': 'IN', 'entrance': 'Side', 'door_number': '7', 'function': 'IT', 'division': 'AAPD', 'department': 'CAPD', 'section': '1'}
[2025-03-30T11:38:15.599+0000] {logging_mixin.py:188} INFO - General error executing query: not all arguments converted during string formatting
[2025-03-30T11:38:15.600+0000] {inout_data.py:83} INFO - {'ingested_time': datetime.datetime(2025, 3, 30, 11, 38, 15, 599958), 'timestamp': datetime.datetime(2024, 9, 29, 7, 42, tzinfo=datetime.timezone.utc), 'emp_id': 4851, 'employee_name': 'Employee18', 'factory': 'FactoryA', 'in_out': 'IN', 'entrance': 'Main', 'door_number': '9', 'function': 'IT', 'division': 'AAPD', 'department': 'ML', 'section': '2'}
[2025-03-30T11:38:15.601+0000] {logging_mixin.py:188} INFO - General error executing query: not all arguments converted during string formatting
[2025-03-30T11:38:15.602+0000] {inout_data.py:101} INFO - Ingested 16 rows of dummy data for 2024-09-29 07:30:00+00:00.
[2025-03-30T11:38:15.604+0000] {logging_mixin.py:188} INFO - MariaDB connection closed.
[2025-03-30T11:38:15.605+0000] {python.py:202} INFO - Done. Returned value was: None
[2025-03-30T11:38:15.628+0000] {taskinstance.py:1149} INFO - Marking task as SUCCESS. dag_id=inout_data_ingestion, task_id=ingest_dummy_data, execution_date=20240929T073000, start_date=20250330T113814, end_date=20250330T113815
[2025-03-30T11:38:15.690+0000] {local_task_job_runner.py:234} INFO - Task exited with return code 0
[2025-03-30T11:38:15.725+0000] {taskinstance.py:3309} INFO - 0 downstream tasks scheduled from follow-on schedule check
[2025-03-30T11:40:21.900+0000] {taskinstance.py:1979} INFO - Dependencies all met for dep_context=non-requeueable deps ti=<TaskInstance: inout_data_ingestion.ingest_dummy_data scheduled__2024-09-29T07:30:00+00:00 [queued]>
[2025-03-30T11:40:21.914+0000] {taskinstance.py:1979} INFO - Dependencies all met for dep_context=requeueable deps ti=<TaskInstance: inout_data_ingestion.ingest_dummy_data scheduled__2024-09-29T07:30:00+00:00 [queued]>
[2025-03-30T11:40:21.916+0000] {taskinstance.py:2193} INFO - Starting attempt 1 of 2
[2025-03-30T11:40:21.944+0000] {taskinstance.py:2214} INFO - Executing <Task(PythonOperator): ingest_dummy_data> on 2024-09-29 07:30:00+00:00
[2025-03-30T11:40:21.954+0000] {standard_task_runner.py:60} INFO - Started process 6740 to run task
[2025-03-30T11:40:21.968+0000] {standard_task_runner.py:87} INFO - Running: ['***', 'tasks', 'run', 'inout_data_ingestion', 'ingest_dummy_data', 'scheduled__2024-09-29T07:30:00+00:00', '--job-id', '3344', '--raw', '--subdir', 'DAGS_FOLDER/inout_data.py', '--cfg-path', '/tmp/tmpmytlsvyq']
[2025-03-30T11:40:21.973+0000] {standard_task_runner.py:88} INFO - Job 3344: Subtask ingest_dummy_data
[2025-03-30T11:40:21.996+0000] {warnings.py:109} WARNING - /home/***/.local/lib/python3.8/site-packages/***/settings.py:194: DeprecationWarning: The sql_alchemy_conn option in [core] has been moved to the sql_alchemy_conn option in [database] - the old setting has been used, but please update your config.
  SQL_ALCHEMY_CONN = conf.get("database", "SQL_ALCHEMY_CONN")

[2025-03-30T11:40:22.053+0000] {task_command.py:423} INFO - Running <TaskInstance: inout_data_ingestion.ingest_dummy_data scheduled__2024-09-29T07:30:00+00:00 [running]> on host ff9d64b065e6
[2025-03-30T11:40:22.175+0000] {taskinstance.py:2510} INFO - Exporting env vars: AIRFLOW_CTX_DAG_OWNER='***' AIRFLOW_CTX_DAG_ID='inout_data_ingestion' AIRFLOW_CTX_TASK_ID='ingest_dummy_data' AIRFLOW_CTX_EXECUTION_DATE='2024-09-29T07:30:00+00:00' AIRFLOW_CTX_TRY_NUMBER='1' AIRFLOW_CTX_DAG_RUN_ID='scheduled__2024-09-29T07:30:00+00:00'
[2025-03-30T11:40:22.185+0000] {logging_mixin.py:188} INFO - Successfully connected to MariaDB: INOUT on mariadb:3306
[2025-03-30T11:40:22.185+0000] {inout_data.py:83} INFO - {'ingested_time': datetime.datetime(2025, 3, 30, 11, 40, 22, 185778), 'timestamp': datetime.datetime(2024, 9, 29, 7, 50, tzinfo=datetime.timezone.utc), 'emp_id': 6917, 'employee_name': 'Employee24', 'factory': 'FactoryB', 'in_out': 'IN', 'entrance': 'Side', 'door_number': '3', 'function': 'IT', 'division': 'BSID', 'department': 'HRSD', 'section': '1'}
[2025-03-30T11:40:22.186+0000] {inout_data.py:99} INFO - Query: INSERT INTO emp_inout_rec (ingested_time, timestamp, employee_id, employee_name, factory, in_out, entrance, door_number, function, division, department, section) VALUES (%s, %s, %s, %s, %s, %s, %s, %s, %s, %s, %s)
[2025-03-30T11:40:22.186+0000] {inout_data.py:100} INFO - Params: ('2025-03-30 11:40:22', '2024-09-29 07:50:00', 6917, 'Employee24', 'FactoryB', 'IN', 'Side', '3', 'IT', 'BSID', 'HRSD', '1')
[2025-03-30T11:40:22.187+0000] {logging_mixin.py:188} INFO - General error executing query: not all arguments converted during string formatting
[2025-03-30T11:40:22.189+0000] {inout_data.py:83} INFO - {'ingested_time': datetime.datetime(2025, 3, 30, 11, 40, 22, 189397), 'timestamp': datetime.datetime(2024, 9, 29, 7, 49, tzinfo=datetime.timezone.utc), 'emp_id': 2601, 'employee_name': 'Employee95', 'factory': 'FactoryB', 'in_out': 'IN', 'entrance': 'Main', 'door_number': '9', 'function': 'IT', 'division': 'AAPD', 'department': 'CAPD', 'section': '1'}
[2025-03-30T11:40:22.190+0000] {inout_data.py:99} INFO - Query: INSERT INTO emp_inout_rec (ingested_time, timestamp, employee_id, employee_name, factory, in_out, entrance, door_number, function, division, department, section) VALUES (%s, %s, %s, %s, %s, %s, %s, %s, %s, %s, %s)
[2025-03-30T11:40:22.191+0000] {inout_data.py:100} INFO - Params: ('2025-03-30 11:40:22', '2024-09-29 07:49:00', 2601, 'Employee95', 'FactoryB', 'IN', 'Main', '9', 'IT', 'AAPD', 'CAPD', '1')
[2025-03-30T11:40:22.192+0000] {logging_mixin.py:188} INFO - General error executing query: not all arguments converted during string formatting
[2025-03-30T11:40:22.192+0000] {inout_data.py:83} INFO - {'ingested_time': datetime.datetime(2025, 3, 30, 11, 40, 22, 192556), 'timestamp': datetime.datetime(2024, 9, 29, 7, 32, tzinfo=datetime.timezone.utc), 'emp_id': 3189, 'employee_name': 'Employee35', 'factory': 'FactoryA', 'in_out': 'OUT', 'entrance': 'Side', 'door_number': '4', 'function': 'IT', 'division': 'AAPD', 'department': 'HRSD', 'section': '1'}
[2025-03-30T11:40:22.195+0000] {inout_data.py:99} INFO - Query: INSERT INTO emp_inout_rec (ingested_time, timestamp, employee_id, employee_name, factory, in_out, entrance, door_number, function, division, department, section) VALUES (%s, %s, %s, %s, %s, %s, %s, %s, %s, %s, %s)
[2025-03-30T11:40:22.195+0000] {inout_data.py:100} INFO - Params: ('2025-03-30 11:40:22', '2024-09-29 07:32:00', 3189, 'Employee35', 'FactoryA', 'OUT', 'Side', '4', 'IT', 'AAPD', 'HRSD', '1')
[2025-03-30T11:40:22.196+0000] {logging_mixin.py:188} INFO - General error executing query: not all arguments converted during string formatting
[2025-03-30T11:40:22.200+0000] {inout_data.py:83} INFO - {'ingested_time': datetime.datetime(2025, 3, 30, 11, 40, 22, 200495), 'timestamp': datetime.datetime(2024, 9, 29, 7, 44, tzinfo=datetime.timezone.utc), 'emp_id': 3539, 'employee_name': 'Employee21', 'factory': 'FactoryA', 'in_out': 'OUT', 'entrance': 'Side', 'door_number': '1', 'function': 'IT', 'division': 'BSID', 'department': 'CAPD', 'section': '2'}
[2025-03-30T11:40:22.200+0000] {inout_data.py:99} INFO - Query: INSERT INTO emp_inout_rec (ingested_time, timestamp, employee_id, employee_name, factory, in_out, entrance, door_number, function, division, department, section) VALUES (%s, %s, %s, %s, %s, %s, %s, %s, %s, %s, %s)
[2025-03-30T11:40:22.201+0000] {inout_data.py:100} INFO - Params: ('2025-03-30 11:40:22', '2024-09-29 07:44:00', 3539, 'Employee21', 'FactoryA', 'OUT', 'Side', '1', 'IT', 'BSID', 'CAPD', '2')
[2025-03-30T11:40:22.201+0000] {logging_mixin.py:188} INFO - General error executing query: not all arguments converted during string formatting
[2025-03-30T11:40:22.201+0000] {inout_data.py:83} INFO - {'ingested_time': datetime.datetime(2025, 3, 30, 11, 40, 22, 201600), 'timestamp': datetime.datetime(2024, 9, 29, 7, 41, tzinfo=datetime.timezone.utc), 'emp_id': 8283, 'employee_name': 'Employee4', 'factory': 'FactoryA', 'in_out': 'IN', 'entrance': 'Side', 'door_number': '8', 'function': 'IT', 'division': 'BSID', 'department': 'CAPD', 'section': '2'}
[2025-03-30T11:40:22.201+0000] {inout_data.py:99} INFO - Query: INSERT INTO emp_inout_rec (ingested_time, timestamp, employee_id, employee_name, factory, in_out, entrance, door_number, function, division, department, section) VALUES (%s, %s, %s, %s, %s, %s, %s, %s, %s, %s, %s)
[2025-03-30T11:40:22.203+0000] {inout_data.py:100} INFO - Params: ('2025-03-30 11:40:22', '2024-09-29 07:41:00', 8283, 'Employee4', 'FactoryA', 'IN', 'Side', '8', 'IT', 'BSID', 'CAPD', '2')
[2025-03-30T11:40:22.203+0000] {logging_mixin.py:188} INFO - General error executing query: not all arguments converted during string formatting
[2025-03-30T11:40:22.204+0000] {inout_data.py:83} INFO - {'ingested_time': datetime.datetime(2025, 3, 30, 11, 40, 22, 204637), 'timestamp': datetime.datetime(2024, 9, 29, 7, 36, tzinfo=datetime.timezone.utc), 'emp_id': 5735, 'employee_name': 'Employee4', 'factory': 'FactoryA', 'in_out': 'IN', 'entrance': 'Main', 'door_number': '7', 'function': 'IT', 'division': 'BSID', 'department': 'ML', 'section': '2'}
[2025-03-30T11:40:22.206+0000] {inout_data.py:99} INFO - Query: INSERT INTO emp_inout_rec (ingested_time, timestamp, employee_id, employee_name, factory, in_out, entrance, door_number, function, division, department, section) VALUES (%s, %s, %s, %s, %s, %s, %s, %s, %s, %s, %s)
[2025-03-30T11:40:22.206+0000] {inout_data.py:100} INFO - Params: ('2025-03-30 11:40:22', '2024-09-29 07:36:00', 5735, 'Employee4', 'FactoryA', 'IN', 'Main', '7', 'IT', 'BSID', 'ML', '2')
[2025-03-30T11:40:22.208+0000] {logging_mixin.py:188} INFO - General error executing query: not all arguments converted during string formatting
[2025-03-30T11:40:22.209+0000] {inout_data.py:102} INFO - Ingested 6 rows of dummy data for 2024-09-29 07:30:00+00:00.
[2025-03-30T11:40:22.210+0000] {logging_mixin.py:188} INFO - MariaDB connection closed.
[2025-03-30T11:40:22.212+0000] {python.py:202} INFO - Done. Returned value was: None
[2025-03-30T11:40:22.222+0000] {taskinstance.py:1149} INFO - Marking task as SUCCESS. dag_id=inout_data_ingestion, task_id=ingest_dummy_data, execution_date=20240929T073000, start_date=20250330T114021, end_date=20250330T114022
[2025-03-30T11:40:22.266+0000] {local_task_job_runner.py:234} INFO - Task exited with return code 0
[2025-03-30T11:40:22.285+0000] {taskinstance.py:3309} INFO - 0 downstream tasks scheduled from follow-on schedule check
