[2025-03-30T11:09:46.225+0000] {taskinstance.py:1979} INFO - Dependencies all met for dep_context=non-requeueable deps ti=<TaskInstance: inout_data_ingestion.ingest_dummy_data scheduled__2024-09-30T21:00:00+00:00 [queued]>
[2025-03-30T11:09:46.235+0000] {taskinstance.py:1979} INFO - Dependencies all met for dep_context=requeueable deps ti=<TaskInstance: inout_data_ingestion.ingest_dummy_data scheduled__2024-09-30T21:00:00+00:00 [queued]>
[2025-03-30T11:09:46.236+0000] {taskinstance.py:2193} INFO - Starting attempt 1 of 2
[2025-03-30T11:09:46.247+0000] {taskinstance.py:2214} INFO - Executing <Task(PythonOperator): ingest_dummy_data> on 2024-09-30 21:00:00+00:00
[2025-03-30T11:09:46.261+0000] {standard_task_runner.py:60} INFO - Started process 465 to run task
[2025-03-30T11:09:46.268+0000] {standard_task_runner.py:87} INFO - Running: ['***', 'tasks', 'run', 'inout_data_ingestion', 'ingest_dummy_data', 'scheduled__2024-09-30T21:00:00+00:00', '--job-id', '208', '--raw', '--subdir', 'DAGS_FOLDER/inout_data.py', '--cfg-path', '/tmp/tmptg90pn85']
[2025-03-30T11:09:46.270+0000] {standard_task_runner.py:88} INFO - Job 208: Subtask ingest_dummy_data
[2025-03-30T11:09:46.288+0000] {warnings.py:109} WARNING - /home/***/.local/lib/python3.8/site-packages/***/settings.py:194: DeprecationWarning: The sql_alchemy_conn option in [core] has been moved to the sql_alchemy_conn option in [database] - the old setting has been used, but please update your config.
  SQL_ALCHEMY_CONN = conf.get("database", "SQL_ALCHEMY_CONN")

[2025-03-30T11:09:46.329+0000] {task_command.py:423} INFO - Running <TaskInstance: inout_data_ingestion.ingest_dummy_data scheduled__2024-09-30T21:00:00+00:00 [running]> on host ff9d64b065e6
[2025-03-30T11:09:46.378+0000] {taskinstance.py:2510} INFO - Exporting env vars: AIRFLOW_CTX_DAG_OWNER='***' AIRFLOW_CTX_DAG_ID='inout_data_ingestion' AIRFLOW_CTX_TASK_ID='ingest_dummy_data' AIRFLOW_CTX_EXECUTION_DATE='2024-09-30T21:00:00+00:00' AIRFLOW_CTX_TRY_NUMBER='1' AIRFLOW_CTX_DAG_RUN_ID='scheduled__2024-09-30T21:00:00+00:00'
[2025-03-30T11:09:46.380+0000] {inout_data.py:42} INFO - Successfully connected to MariaDB: INOUT on mariadb:3306
[2025-03-30T11:09:46.381+0000] {inout_data.py:63} ERROR - Error executing query: (1062, "Duplicate entry '2025-03-30 11:09:46-1102' for key 'PRIMARY'")
[2025-03-30T11:09:46.382+0000] {inout_data.py:63} ERROR - Error executing query: (1062, "Duplicate entry '2025-03-30 11:09:46-1102' for key 'PRIMARY'")
[2025-03-30T11:09:46.382+0000] {inout_data.py:63} ERROR - Error executing query: (1062, "Duplicate entry '2025-03-30 11:09:46-1102' for key 'PRIMARY'")
[2025-03-30T11:09:46.382+0000] {inout_data.py:63} ERROR - Error executing query: (1062, "Duplicate entry '2025-03-30 11:09:46-1102' for key 'PRIMARY'")
[2025-03-30T11:09:46.382+0000] {inout_data.py:63} ERROR - Error executing query: (1062, "Duplicate entry '2025-03-30 11:09:46-1102' for key 'PRIMARY'")
[2025-03-30T11:09:46.383+0000] {inout_data.py:63} ERROR - Error executing query: (1062, "Duplicate entry '2025-03-30 11:09:46-1102' for key 'PRIMARY'")
[2025-03-30T11:09:46.383+0000] {inout_data.py:63} ERROR - Error executing query: (1062, "Duplicate entry '2025-03-30 11:09:46-1102' for key 'PRIMARY'")
[2025-03-30T11:09:46.383+0000] {inout_data.py:63} ERROR - Error executing query: (1062, "Duplicate entry '2025-03-30 11:09:46-1102' for key 'PRIMARY'")
[2025-03-30T11:09:46.384+0000] {inout_data.py:63} ERROR - Error executing query: (1062, "Duplicate entry '2025-03-30 11:09:46-1102' for key 'PRIMARY'")
[2025-03-30T11:09:46.384+0000] {inout_data.py:63} ERROR - Error executing query: (1062, "Duplicate entry '2025-03-30 11:09:46-1102' for key 'PRIMARY'")
[2025-03-30T11:09:46.384+0000] {inout_data.py:63} ERROR - Error executing query: (1062, "Duplicate entry '2025-03-30 11:09:46-1102' for key 'PRIMARY'")
[2025-03-30T11:09:46.385+0000] {inout_data.py:63} ERROR - Error executing query: (1062, "Duplicate entry '2025-03-30 11:09:46-1102' for key 'PRIMARY'")
[2025-03-30T11:09:46.385+0000] {inout_data.py:63} ERROR - Error executing query: (1062, "Duplicate entry '2025-03-30 11:09:46-1102' for key 'PRIMARY'")
[2025-03-30T11:09:46.385+0000] {inout_data.py:159} INFO - Ingested 14 rows of dummy data.
[2025-03-30T11:09:46.385+0000] {inout_data.py:78} INFO - MariaDB connection closed.
[2025-03-30T11:09:46.385+0000] {python.py:202} INFO - Done. Returned value was: None
[2025-03-30T11:09:46.390+0000] {taskinstance.py:1149} INFO - Marking task as SUCCESS. dag_id=inout_data_ingestion, task_id=ingest_dummy_data, execution_date=20240930T210000, start_date=20250330T110946, end_date=20250330T110946
[2025-03-30T11:09:46.409+0000] {local_task_job_runner.py:234} INFO - Task exited with return code 0
[2025-03-30T11:09:46.432+0000] {taskinstance.py:3309} INFO - 0 downstream tasks scheduled from follow-on schedule check
[2025-03-30T11:16:22.755+0000] {taskinstance.py:1979} INFO - Dependencies all met for dep_context=non-requeueable deps ti=<TaskInstance: inout_data_ingestion.ingest_dummy_data scheduled__2024-09-30T21:00:00+00:00 [queued]>
[2025-03-30T11:16:22.777+0000] {taskinstance.py:1979} INFO - Dependencies all met for dep_context=requeueable deps ti=<TaskInstance: inout_data_ingestion.ingest_dummy_data scheduled__2024-09-30T21:00:00+00:00 [queued]>
[2025-03-30T11:16:22.781+0000] {taskinstance.py:2193} INFO - Starting attempt 1 of 2
[2025-03-30T11:16:23.115+0000] {taskinstance.py:2214} INFO - Executing <Task(PythonOperator): ingest_dummy_data> on 2024-09-30 21:00:00+00:00
[2025-03-30T11:16:23.318+0000] {standard_task_runner.py:60} INFO - Started process 2321 to run task
[2025-03-30T11:16:23.400+0000] {standard_task_runner.py:87} INFO - Running: ['***', 'tasks', 'run', 'inout_data_ingestion', 'ingest_dummy_data', 'scheduled__2024-09-30T21:00:00+00:00', '--job-id', '1134', '--raw', '--subdir', 'DAGS_FOLDER/inout_data.py', '--cfg-path', '/tmp/tmp24ekqoyk']
[2025-03-30T11:16:23.408+0000] {standard_task_runner.py:88} INFO - Job 1134: Subtask ingest_dummy_data
[2025-03-30T11:16:23.476+0000] {warnings.py:109} WARNING - /home/***/.local/lib/python3.8/site-packages/***/settings.py:194: DeprecationWarning: The sql_alchemy_conn option in [core] has been moved to the sql_alchemy_conn option in [database] - the old setting has been used, but please update your config.
  SQL_ALCHEMY_CONN = conf.get("database", "SQL_ALCHEMY_CONN")

[2025-03-30T11:16:23.577+0000] {task_command.py:423} INFO - Running <TaskInstance: inout_data_ingestion.ingest_dummy_data scheduled__2024-09-30T21:00:00+00:00 [running]> on host ff9d64b065e6
[2025-03-30T11:16:23.710+0000] {taskinstance.py:2510} INFO - Exporting env vars: AIRFLOW_CTX_DAG_OWNER='***' AIRFLOW_CTX_DAG_ID='inout_data_ingestion' AIRFLOW_CTX_TASK_ID='ingest_dummy_data' AIRFLOW_CTX_EXECUTION_DATE='2024-09-30T21:00:00+00:00' AIRFLOW_CTX_TRY_NUMBER='1' AIRFLOW_CTX_DAG_RUN_ID='scheduled__2024-09-30T21:00:00+00:00'
[2025-03-30T11:16:23.716+0000] {inout_data.py:42} INFO - Successfully connected to MariaDB: INOUT on mariadb:3306
[2025-03-30T11:16:23.724+0000] {inout_data.py:63} ERROR - Error executing query: (1062, "Duplicate entry '2025-03-30 11:16:23-8572' for key 'PRIMARY'")
[2025-03-30T11:16:23.728+0000] {inout_data.py:63} ERROR - Error executing query: (1062, "Duplicate entry '2025-03-30 11:16:23-8572' for key 'PRIMARY'")
[2025-03-30T11:16:23.731+0000] {inout_data.py:63} ERROR - Error executing query: (1062, "Duplicate entry '2025-03-30 11:16:23-8572' for key 'PRIMARY'")
[2025-03-30T11:16:23.732+0000] {inout_data.py:63} ERROR - Error executing query: (1062, "Duplicate entry '2025-03-30 11:16:23-8572' for key 'PRIMARY'")
[2025-03-30T11:16:23.733+0000] {inout_data.py:63} ERROR - Error executing query: (1062, "Duplicate entry '2025-03-30 11:16:23-8572' for key 'PRIMARY'")
[2025-03-30T11:16:23.734+0000] {inout_data.py:63} ERROR - Error executing query: (1062, "Duplicate entry '2025-03-30 11:16:23-8572' for key 'PRIMARY'")
[2025-03-30T11:16:23.736+0000] {inout_data.py:63} ERROR - Error executing query: (1062, "Duplicate entry '2025-03-30 11:16:23-8572' for key 'PRIMARY'")
[2025-03-30T11:16:23.737+0000] {inout_data.py:63} ERROR - Error executing query: (1062, "Duplicate entry '2025-03-30 11:16:23-8572' for key 'PRIMARY'")
[2025-03-30T11:16:23.739+0000] {inout_data.py:63} ERROR - Error executing query: (1062, "Duplicate entry '2025-03-30 11:16:23-8572' for key 'PRIMARY'")
[2025-03-30T11:16:23.741+0000] {inout_data.py:63} ERROR - Error executing query: (1062, "Duplicate entry '2025-03-30 11:16:23-8572' for key 'PRIMARY'")
[2025-03-30T11:16:23.743+0000] {inout_data.py:63} ERROR - Error executing query: (1062, "Duplicate entry '2025-03-30 11:16:23-8572' for key 'PRIMARY'")
[2025-03-30T11:16:23.745+0000] {inout_data.py:63} ERROR - Error executing query: (1062, "Duplicate entry '2025-03-30 11:16:23-8572' for key 'PRIMARY'")
[2025-03-30T11:16:23.746+0000] {inout_data.py:63} ERROR - Error executing query: (1062, "Duplicate entry '2025-03-30 11:16:23-8572' for key 'PRIMARY'")
[2025-03-30T11:16:23.747+0000] {inout_data.py:63} ERROR - Error executing query: (1062, "Duplicate entry '2025-03-30 11:16:23-8572' for key 'PRIMARY'")
[2025-03-30T11:16:23.748+0000] {inout_data.py:63} ERROR - Error executing query: (1062, "Duplicate entry '2025-03-30 11:16:23-8572' for key 'PRIMARY'")
[2025-03-30T11:16:23.751+0000] {inout_data.py:63} ERROR - Error executing query: (1062, "Duplicate entry '2025-03-30 11:16:23-8572' for key 'PRIMARY'")
[2025-03-30T11:16:23.753+0000] {inout_data.py:63} ERROR - Error executing query: (1062, "Duplicate entry '2025-03-30 11:16:23-8572' for key 'PRIMARY'")
[2025-03-30T11:16:23.756+0000] {inout_data.py:63} ERROR - Error executing query: (1062, "Duplicate entry '2025-03-30 11:16:23-8572' for key 'PRIMARY'")
[2025-03-30T11:16:23.760+0000] {inout_data.py:152} INFO - Ingested 19 rows of dummy data.
[2025-03-30T11:16:23.762+0000] {inout_data.py:78} INFO - MariaDB connection closed.
[2025-03-30T11:16:23.764+0000] {python.py:202} INFO - Done. Returned value was: None
[2025-03-30T11:16:23.790+0000] {taskinstance.py:1149} INFO - Marking task as SUCCESS. dag_id=inout_data_ingestion, task_id=ingest_dummy_data, execution_date=20240930T210000, start_date=20250330T111622, end_date=20250330T111623
[2025-03-30T11:16:23.826+0000] {local_task_job_runner.py:234} INFO - Task exited with return code 0
[2025-03-30T11:16:23.932+0000] {taskinstance.py:3309} INFO - 0 downstream tasks scheduled from follow-on schedule check
[2025-03-30T11:28:58.037+0000] {taskinstance.py:1979} INFO - Dependencies all met for dep_context=non-requeueable deps ti=<TaskInstance: inout_data_ingestion.ingest_dummy_data scheduled__2024-09-30T21:00:00+00:00 [queued]>
[2025-03-30T11:28:58.046+0000] {taskinstance.py:1979} INFO - Dependencies all met for dep_context=requeueable deps ti=<TaskInstance: inout_data_ingestion.ingest_dummy_data scheduled__2024-09-30T21:00:00+00:00 [queued]>
[2025-03-30T11:28:58.046+0000] {taskinstance.py:2193} INFO - Starting attempt 1 of 2
[2025-03-30T11:28:58.060+0000] {taskinstance.py:2214} INFO - Executing <Task(PythonOperator): ingest_dummy_data> on 2024-09-30 21:00:00+00:00
[2025-03-30T11:28:58.063+0000] {standard_task_runner.py:60} INFO - Started process 4240 to run task
[2025-03-30T11:28:58.066+0000] {standard_task_runner.py:87} INFO - Running: ['***', 'tasks', 'run', 'inout_data_ingestion', 'ingest_dummy_data', 'scheduled__2024-09-30T21:00:00+00:00', '--job-id', '2095', '--raw', '--subdir', 'DAGS_FOLDER/inout_data.py', '--cfg-path', '/tmp/tmpgsx_hqwp']
[2025-03-30T11:28:58.068+0000] {standard_task_runner.py:88} INFO - Job 2095: Subtask ingest_dummy_data
[2025-03-30T11:28:58.078+0000] {warnings.py:109} WARNING - /home/***/.local/lib/python3.8/site-packages/***/settings.py:194: DeprecationWarning: The sql_alchemy_conn option in [core] has been moved to the sql_alchemy_conn option in [database] - the old setting has been used, but please update your config.
  SQL_ALCHEMY_CONN = conf.get("database", "SQL_ALCHEMY_CONN")

[2025-03-30T11:28:58.118+0000] {task_command.py:423} INFO - Running <TaskInstance: inout_data_ingestion.ingest_dummy_data scheduled__2024-09-30T21:00:00+00:00 [running]> on host ff9d64b065e6
[2025-03-30T11:28:58.169+0000] {taskinstance.py:2510} INFO - Exporting env vars: AIRFLOW_CTX_DAG_OWNER='***' AIRFLOW_CTX_DAG_ID='inout_data_ingestion' AIRFLOW_CTX_TASK_ID='ingest_dummy_data' AIRFLOW_CTX_EXECUTION_DATE='2024-09-30T21:00:00+00:00' AIRFLOW_CTX_TRY_NUMBER='1' AIRFLOW_CTX_DAG_RUN_ID='scheduled__2024-09-30T21:00:00+00:00'
[2025-03-30T11:28:58.171+0000] {logging_mixin.py:188} INFO - Successfully connected to MariaDB: INOUT on mariadb:3306
[2025-03-30T11:28:58.171+0000] {logging_mixin.py:188} INFO - General error executing query: not all arguments converted during string formatting
[2025-03-30T11:28:58.173+0000] {logging_mixin.py:188} INFO - General error executing query: not all arguments converted during string formatting
[2025-03-30T11:28:58.174+0000] {logging_mixin.py:188} INFO - General error executing query: not all arguments converted during string formatting
[2025-03-30T11:28:58.175+0000] {logging_mixin.py:188} INFO - General error executing query: not all arguments converted during string formatting
[2025-03-30T11:28:58.176+0000] {logging_mixin.py:188} INFO - General error executing query: not all arguments converted during string formatting
[2025-03-30T11:28:58.178+0000] {inout_data.py:87} INFO - Ingested 5 rows of dummy data for 2024-09-30 21:00:00+00:00.
[2025-03-30T11:28:58.181+0000] {logging_mixin.py:188} INFO - MariaDB connection closed.
[2025-03-30T11:28:58.182+0000] {python.py:202} INFO - Done. Returned value was: None
[2025-03-30T11:28:58.192+0000] {taskinstance.py:1149} INFO - Marking task as SUCCESS. dag_id=inout_data_ingestion, task_id=ingest_dummy_data, execution_date=20240930T210000, start_date=20250330T112858, end_date=20250330T112858
[2025-03-30T11:28:58.204+0000] {local_task_job_runner.py:234} INFO - Task exited with return code 0
[2025-03-30T11:28:58.214+0000] {taskinstance.py:3309} INFO - 0 downstream tasks scheduled from follow-on schedule check
[2025-03-30T11:33:31.455+0000] {taskinstance.py:1979} INFO - Dependencies all met for dep_context=non-requeueable deps ti=<TaskInstance: inout_data_ingestion.ingest_dummy_data scheduled__2024-09-30T21:00:00+00:00 [queued]>
[2025-03-30T11:33:31.472+0000] {taskinstance.py:1979} INFO - Dependencies all met for dep_context=requeueable deps ti=<TaskInstance: inout_data_ingestion.ingest_dummy_data scheduled__2024-09-30T21:00:00+00:00 [queued]>
[2025-03-30T11:33:31.473+0000] {taskinstance.py:2193} INFO - Starting attempt 1 of 2
[2025-03-30T11:33:31.495+0000] {taskinstance.py:2214} INFO - Executing <Task(PythonOperator): ingest_dummy_data> on 2024-09-30 21:00:00+00:00
[2025-03-30T11:33:31.499+0000] {standard_task_runner.py:60} INFO - Started process 5698 to run task
[2025-03-30T11:33:31.503+0000] {standard_task_runner.py:87} INFO - Running: ['***', 'tasks', 'run', 'inout_data_ingestion', 'ingest_dummy_data', 'scheduled__2024-09-30T21:00:00+00:00', '--job-id', '2823', '--raw', '--subdir', 'DAGS_FOLDER/inout_data.py', '--cfg-path', '/tmp/tmpnlkacuhq']
[2025-03-30T11:33:31.505+0000] {standard_task_runner.py:88} INFO - Job 2823: Subtask ingest_dummy_data
[2025-03-30T11:33:31.519+0000] {warnings.py:109} WARNING - /home/***/.local/lib/python3.8/site-packages/***/settings.py:194: DeprecationWarning: The sql_alchemy_conn option in [core] has been moved to the sql_alchemy_conn option in [database] - the old setting has been used, but please update your config.
  SQL_ALCHEMY_CONN = conf.get("database", "SQL_ALCHEMY_CONN")

[2025-03-30T11:33:31.560+0000] {task_command.py:423} INFO - Running <TaskInstance: inout_data_ingestion.ingest_dummy_data scheduled__2024-09-30T21:00:00+00:00 [running]> on host ff9d64b065e6
[2025-03-30T11:33:31.638+0000] {taskinstance.py:2510} INFO - Exporting env vars: AIRFLOW_CTX_DAG_OWNER='***' AIRFLOW_CTX_DAG_ID='inout_data_ingestion' AIRFLOW_CTX_TASK_ID='ingest_dummy_data' AIRFLOW_CTX_EXECUTION_DATE='2024-09-30T21:00:00+00:00' AIRFLOW_CTX_TRY_NUMBER='1' AIRFLOW_CTX_DAG_RUN_ID='scheduled__2024-09-30T21:00:00+00:00'
[2025-03-30T11:33:31.643+0000] {logging_mixin.py:188} INFO - Successfully connected to MariaDB: INOUT on mariadb:3306
[2025-03-30T11:33:31.643+0000] {inout_data.py:83} INFO - {'ingested_time': datetime.datetime(2025, 3, 30, 11, 33, 31, 643560), 'timestamp': datetime.datetime(2024, 9, 30, 21, 1, tzinfo=datetime.timezone.utc), 'emp_id': 2342, 'employee_name': 'Employee22', 'factory': 'FactoryA', 'in_out': 'OUT', 'entrance': 'Side', 'door_number': '8', 'function': 'IT', 'division': 'AAPD', 'department': 'HRSD', 'section': '2'}
[2025-03-30T11:33:31.645+0000] {logging_mixin.py:188} INFO - General error executing query: not all arguments converted during string formatting
[2025-03-30T11:33:31.645+0000] {inout_data.py:83} INFO - {'ingested_time': datetime.datetime(2025, 3, 30, 11, 33, 31, 645743), 'timestamp': datetime.datetime(2024, 9, 30, 21, 18, tzinfo=datetime.timezone.utc), 'emp_id': 6730, 'employee_name': 'Employee23', 'factory': 'FactoryB', 'in_out': 'OUT', 'entrance': 'Main', 'door_number': '1', 'function': 'IT', 'division': 'BSID', 'department': 'ML', 'section': '2'}
[2025-03-30T11:33:31.646+0000] {logging_mixin.py:188} INFO - General error executing query: not all arguments converted during string formatting
[2025-03-30T11:33:31.647+0000] {inout_data.py:83} INFO - {'ingested_time': datetime.datetime(2025, 3, 30, 11, 33, 31, 647576), 'timestamp': datetime.datetime(2024, 9, 30, 21, 29, tzinfo=datetime.timezone.utc), 'emp_id': 7309, 'employee_name': 'Employee97', 'factory': 'FactoryB', 'in_out': 'IN', 'entrance': 'Side', 'door_number': '9', 'function': 'IT', 'division': 'AAPD', 'department': 'ML', 'section': '1'}
[2025-03-30T11:33:31.648+0000] {logging_mixin.py:188} INFO - General error executing query: not all arguments converted during string formatting
[2025-03-30T11:33:31.649+0000] {inout_data.py:83} INFO - {'ingested_time': datetime.datetime(2025, 3, 30, 11, 33, 31, 649288), 'timestamp': datetime.datetime(2024, 9, 30, 21, 13, tzinfo=datetime.timezone.utc), 'emp_id': 5258, 'employee_name': 'Employee98', 'factory': 'FactoryB', 'in_out': 'IN', 'entrance': 'Main', 'door_number': '8', 'function': 'IT', 'division': 'BSID', 'department': 'CAPD', 'section': '1'}
[2025-03-30T11:33:31.650+0000] {logging_mixin.py:188} INFO - General error executing query: not all arguments converted during string formatting
[2025-03-30T11:33:31.651+0000] {inout_data.py:83} INFO - {'ingested_time': datetime.datetime(2025, 3, 30, 11, 33, 31, 651572), 'timestamp': datetime.datetime(2024, 9, 30, 21, 25, tzinfo=datetime.timezone.utc), 'emp_id': 1814, 'employee_name': 'Employee14', 'factory': 'FactoryA', 'in_out': 'IN', 'entrance': 'Side', 'door_number': '3', 'function': 'IT', 'division': 'BSID', 'department': 'ML', 'section': '2'}
[2025-03-30T11:33:31.652+0000] {logging_mixin.py:188} INFO - General error executing query: not all arguments converted during string formatting
[2025-03-30T11:33:31.653+0000] {inout_data.py:88} INFO - Ingested 5 rows of dummy data for 2024-09-30 21:00:00+00:00.
[2025-03-30T11:33:31.653+0000] {logging_mixin.py:188} INFO - MariaDB connection closed.
[2025-03-30T11:33:31.653+0000] {python.py:202} INFO - Done. Returned value was: None
[2025-03-30T11:33:31.662+0000] {taskinstance.py:1149} INFO - Marking task as SUCCESS. dag_id=inout_data_ingestion, task_id=ingest_dummy_data, execution_date=20240930T210000, start_date=20250330T113331, end_date=20250330T113331
[2025-03-30T11:33:31.684+0000] {local_task_job_runner.py:234} INFO - Task exited with return code 0
[2025-03-30T11:33:31.704+0000] {taskinstance.py:3309} INFO - 0 downstream tasks scheduled from follow-on schedule check
[2025-03-30T11:39:09.929+0000] {taskinstance.py:1979} INFO - Dependencies all met for dep_context=non-requeueable deps ti=<TaskInstance: inout_data_ingestion.ingest_dummy_data scheduled__2024-09-30T21:00:00+00:00 [queued]>
[2025-03-30T11:39:09.940+0000] {taskinstance.py:1979} INFO - Dependencies all met for dep_context=requeueable deps ti=<TaskInstance: inout_data_ingestion.ingest_dummy_data scheduled__2024-09-30T21:00:00+00:00 [queued]>
[2025-03-30T11:39:09.941+0000] {taskinstance.py:2193} INFO - Starting attempt 1 of 2
[2025-03-30T11:39:09.955+0000] {taskinstance.py:2214} INFO - Executing <Task(PythonOperator): ingest_dummy_data> on 2024-09-30 21:00:00+00:00
[2025-03-30T11:39:09.960+0000] {standard_task_runner.py:60} INFO - Started process 6598 to run task
[2025-03-30T11:39:09.964+0000] {standard_task_runner.py:87} INFO - Running: ['***', 'tasks', 'run', 'inout_data_ingestion', 'ingest_dummy_data', 'scheduled__2024-09-30T21:00:00+00:00', '--job-id', '3274', '--raw', '--subdir', 'DAGS_FOLDER/inout_data.py', '--cfg-path', '/tmp/tmpikd4vqa7']
[2025-03-30T11:39:09.965+0000] {standard_task_runner.py:88} INFO - Job 3274: Subtask ingest_dummy_data
[2025-03-30T11:39:09.974+0000] {warnings.py:109} WARNING - /home/***/.local/lib/python3.8/site-packages/***/settings.py:194: DeprecationWarning: The sql_alchemy_conn option in [core] has been moved to the sql_alchemy_conn option in [database] - the old setting has been used, but please update your config.
  SQL_ALCHEMY_CONN = conf.get("database", "SQL_ALCHEMY_CONN")

[2025-03-30T11:39:10.008+0000] {task_command.py:423} INFO - Running <TaskInstance: inout_data_ingestion.ingest_dummy_data scheduled__2024-09-30T21:00:00+00:00 [running]> on host ff9d64b065e6
[2025-03-30T11:39:10.060+0000] {taskinstance.py:2510} INFO - Exporting env vars: AIRFLOW_CTX_DAG_OWNER='***' AIRFLOW_CTX_DAG_ID='inout_data_ingestion' AIRFLOW_CTX_TASK_ID='ingest_dummy_data' AIRFLOW_CTX_EXECUTION_DATE='2024-09-30T21:00:00+00:00' AIRFLOW_CTX_TRY_NUMBER='1' AIRFLOW_CTX_DAG_RUN_ID='scheduled__2024-09-30T21:00:00+00:00'
[2025-03-30T11:39:10.062+0000] {logging_mixin.py:188} INFO - Successfully connected to MariaDB: INOUT on mariadb:3306
[2025-03-30T11:39:10.062+0000] {inout_data.py:83} INFO - {'ingested_time': datetime.datetime(2025, 3, 30, 11, 39, 10, 62380), 'timestamp': datetime.datetime(2024, 9, 30, 21, 12, tzinfo=datetime.timezone.utc), 'emp_id': 2675, 'employee_name': 'Employee78', 'factory': 'FactoryA', 'in_out': 'IN', 'entrance': 'Side', 'door_number': '2', 'function': 'IT', 'division': 'BSID', 'department': 'CAPD', 'section': '1'}
[2025-03-30T11:39:10.062+0000] {logging_mixin.py:188} INFO - General error executing query: not all arguments converted during string formatting
[2025-03-30T11:39:10.063+0000] {inout_data.py:83} INFO - {'ingested_time': datetime.datetime(2025, 3, 30, 11, 39, 10, 63233), 'timestamp': datetime.datetime(2024, 9, 30, 21, 10, tzinfo=datetime.timezone.utc), 'emp_id': 1793, 'employee_name': 'Employee99', 'factory': 'FactoryA', 'in_out': 'IN', 'entrance': 'Main', 'door_number': '9', 'function': 'IT', 'division': 'AAPD', 'department': 'CAPD', 'section': '2'}
[2025-03-30T11:39:10.063+0000] {logging_mixin.py:188} INFO - General error executing query: not all arguments converted during string formatting
[2025-03-30T11:39:10.063+0000] {inout_data.py:83} INFO - {'ingested_time': datetime.datetime(2025, 3, 30, 11, 39, 10, 63692), 'timestamp': datetime.datetime(2024, 9, 30, 21, 13, tzinfo=datetime.timezone.utc), 'emp_id': 4887, 'employee_name': 'Employee22', 'factory': 'FactoryB', 'in_out': 'OUT', 'entrance': 'Side', 'door_number': '6', 'function': 'IT', 'division': 'BSID', 'department': 'ML', 'section': '2'}
[2025-03-30T11:39:10.063+0000] {logging_mixin.py:188} INFO - General error executing query: not all arguments converted during string formatting
[2025-03-30T11:39:10.064+0000] {inout_data.py:83} INFO - {'ingested_time': datetime.datetime(2025, 3, 30, 11, 39, 10, 64165), 'timestamp': datetime.datetime(2024, 9, 30, 21, 26, tzinfo=datetime.timezone.utc), 'emp_id': 8741, 'employee_name': 'Employee30', 'factory': 'FactoryA', 'in_out': 'IN', 'entrance': 'Side', 'door_number': '3', 'function': 'IT', 'division': 'AAPD', 'department': 'CAPD', 'section': '2'}
[2025-03-30T11:39:10.064+0000] {logging_mixin.py:188} INFO - General error executing query: not all arguments converted during string formatting
[2025-03-30T11:39:10.064+0000] {inout_data.py:83} INFO - {'ingested_time': datetime.datetime(2025, 3, 30, 11, 39, 10, 64613), 'timestamp': datetime.datetime(2024, 9, 30, 21, 27, tzinfo=datetime.timezone.utc), 'emp_id': 1641, 'employee_name': 'Employee90', 'factory': 'FactoryA', 'in_out': 'OUT', 'entrance': 'Side', 'door_number': '5', 'function': 'IT', 'division': 'BSID', 'department': 'HRSD', 'section': '1'}
[2025-03-30T11:39:10.064+0000] {logging_mixin.py:188} INFO - General error executing query: not all arguments converted during string formatting
[2025-03-30T11:39:10.065+0000] {inout_data.py:83} INFO - {'ingested_time': datetime.datetime(2025, 3, 30, 11, 39, 10, 65152), 'timestamp': datetime.datetime(2024, 9, 30, 21, 13, tzinfo=datetime.timezone.utc), 'emp_id': 7436, 'employee_name': 'Employee44', 'factory': 'FactoryB', 'in_out': 'OUT', 'entrance': 'Side', 'door_number': '9', 'function': 'IT', 'division': 'BSID', 'department': 'HRSD', 'section': '2'}
[2025-03-30T11:39:10.065+0000] {logging_mixin.py:188} INFO - General error executing query: not all arguments converted during string formatting
[2025-03-30T11:39:10.065+0000] {inout_data.py:83} INFO - {'ingested_time': datetime.datetime(2025, 3, 30, 11, 39, 10, 65659), 'timestamp': datetime.datetime(2024, 9, 30, 21, 22, tzinfo=datetime.timezone.utc), 'emp_id': 3341, 'employee_name': 'Employee19', 'factory': 'FactoryB', 'in_out': 'OUT', 'entrance': 'Main', 'door_number': '4', 'function': 'IT', 'division': 'AAPD', 'department': 'ML', 'section': '1'}
[2025-03-30T11:39:10.065+0000] {logging_mixin.py:188} INFO - General error executing query: not all arguments converted during string formatting
[2025-03-30T11:39:10.066+0000] {inout_data.py:83} INFO - {'ingested_time': datetime.datetime(2025, 3, 30, 11, 39, 10, 66001), 'timestamp': datetime.datetime(2024, 9, 30, 21, 11, tzinfo=datetime.timezone.utc), 'emp_id': 3085, 'employee_name': 'Employee45', 'factory': 'FactoryB', 'in_out': 'IN', 'entrance': 'Main', 'door_number': '5', 'function': 'IT', 'division': 'AAPD', 'department': 'HRSD', 'section': '2'}
[2025-03-30T11:39:10.066+0000] {logging_mixin.py:188} INFO - General error executing query: not all arguments converted during string formatting
[2025-03-30T11:39:10.066+0000] {inout_data.py:83} INFO - {'ingested_time': datetime.datetime(2025, 3, 30, 11, 39, 10, 66506), 'timestamp': datetime.datetime(2024, 9, 30, 21, 6, tzinfo=datetime.timezone.utc), 'emp_id': 2589, 'employee_name': 'Employee95', 'factory': 'FactoryB', 'in_out': 'IN', 'entrance': 'Side', 'door_number': '3', 'function': 'IT', 'division': 'AAPD', 'department': 'ML', 'section': '1'}
[2025-03-30T11:39:10.066+0000] {logging_mixin.py:188} INFO - General error executing query: not all arguments converted during string formatting
[2025-03-30T11:39:10.067+0000] {inout_data.py:83} INFO - {'ingested_time': datetime.datetime(2025, 3, 30, 11, 39, 10, 66983), 'timestamp': datetime.datetime(2024, 9, 30, 21, 20, tzinfo=datetime.timezone.utc), 'emp_id': 4924, 'employee_name': 'Employee56', 'factory': 'FactoryA', 'in_out': 'IN', 'entrance': 'Side', 'door_number': '3', 'function': 'IT', 'division': 'AAPD', 'department': 'HRSD', 'section': '1'}
[2025-03-30T11:39:10.067+0000] {logging_mixin.py:188} INFO - General error executing query: not all arguments converted during string formatting
[2025-03-30T11:39:10.067+0000] {inout_data.py:101} INFO - Ingested 10 rows of dummy data for 2024-09-30 21:00:00+00:00.
[2025-03-30T11:39:10.067+0000] {logging_mixin.py:188} INFO - MariaDB connection closed.
[2025-03-30T11:39:10.067+0000] {python.py:202} INFO - Done. Returned value was: None
[2025-03-30T11:39:10.073+0000] {taskinstance.py:1149} INFO - Marking task as SUCCESS. dag_id=inout_data_ingestion, task_id=ingest_dummy_data, execution_date=20240930T210000, start_date=20250330T113909, end_date=20250330T113910
[2025-03-30T11:39:10.105+0000] {local_task_job_runner.py:234} INFO - Task exited with return code 0
[2025-03-30T11:39:10.117+0000] {taskinstance.py:3309} INFO - 0 downstream tasks scheduled from follow-on schedule check
[2025-03-30T11:41:18.523+0000] {taskinstance.py:1979} INFO - Dependencies all met for dep_context=non-requeueable deps ti=<TaskInstance: inout_data_ingestion.ingest_dummy_data scheduled__2024-09-30T21:00:00+00:00 [queued]>
[2025-03-30T11:41:18.536+0000] {taskinstance.py:1979} INFO - Dependencies all met for dep_context=requeueable deps ti=<TaskInstance: inout_data_ingestion.ingest_dummy_data scheduled__2024-09-30T21:00:00+00:00 [queued]>
[2025-03-30T11:41:18.539+0000] {taskinstance.py:2193} INFO - Starting attempt 1 of 2
[2025-03-30T11:41:18.555+0000] {taskinstance.py:2214} INFO - Executing <Task(PythonOperator): ingest_dummy_data> on 2024-09-30 21:00:00+00:00
[2025-03-30T11:41:18.563+0000] {standard_task_runner.py:60} INFO - Started process 7036 to run task
[2025-03-30T11:41:18.568+0000] {standard_task_runner.py:87} INFO - Running: ['***', 'tasks', 'run', 'inout_data_ingestion', 'ingest_dummy_data', 'scheduled__2024-09-30T21:00:00+00:00', '--job-id', '3493', '--raw', '--subdir', 'DAGS_FOLDER/inout_data.py', '--cfg-path', '/tmp/tmpqq_440o3']
[2025-03-30T11:41:18.569+0000] {standard_task_runner.py:88} INFO - Job 3493: Subtask ingest_dummy_data
[2025-03-30T11:41:18.580+0000] {warnings.py:109} WARNING - /home/***/.local/lib/python3.8/site-packages/***/settings.py:194: DeprecationWarning: The sql_alchemy_conn option in [core] has been moved to the sql_alchemy_conn option in [database] - the old setting has been used, but please update your config.
  SQL_ALCHEMY_CONN = conf.get("database", "SQL_ALCHEMY_CONN")

[2025-03-30T11:41:18.608+0000] {task_command.py:423} INFO - Running <TaskInstance: inout_data_ingestion.ingest_dummy_data scheduled__2024-09-30T21:00:00+00:00 [running]> on host ff9d64b065e6
[2025-03-30T11:41:18.671+0000] {taskinstance.py:2510} INFO - Exporting env vars: AIRFLOW_CTX_DAG_OWNER='***' AIRFLOW_CTX_DAG_ID='inout_data_ingestion' AIRFLOW_CTX_TASK_ID='ingest_dummy_data' AIRFLOW_CTX_EXECUTION_DATE='2024-09-30T21:00:00+00:00' AIRFLOW_CTX_TRY_NUMBER='1' AIRFLOW_CTX_DAG_RUN_ID='scheduled__2024-09-30T21:00:00+00:00'
[2025-03-30T11:41:18.677+0000] {logging_mixin.py:188} INFO - Successfully connected to MariaDB: INOUT on mariadb:3306
[2025-03-30T11:41:18.678+0000] {inout_data.py:83} INFO - {'ingested_time': datetime.datetime(2025, 3, 30, 11, 41, 18, 678133), 'timestamp': datetime.datetime(2024, 9, 30, 21, 3, tzinfo=datetime.timezone.utc), 'emp_id': 7133, 'employee_name': 'Employee83', 'factory': 'FactoryB', 'in_out': 'OUT', 'entrance': 'Side', 'door_number': '6', 'function': 'IT', 'division': 'AAPD', 'department': 'CAPD', 'section': '1'}
[2025-03-30T11:41:18.678+0000] {inout_data.py:99} INFO - Query: INSERT INTO emp_inout_rec (ingested_time, timestamp, employee_id, employee_name, factory, in_out, entrance, door_number, function, division, department, section) VALUES (%s, %s, %s, %s, %s, %s, %s, %s, %s, %s, %s)
[2025-03-30T11:41:18.678+0000] {inout_data.py:100} INFO - Params: ('2025-03-30 11:41:18', '2024-09-30 21:03:00', 7133, 'Employee83', 'FactoryB', 'OUT', 'Side', '6', 'IT', 'AAPD', 'CAPD', '1')
[2025-03-30T11:41:18.678+0000] {logging_mixin.py:188} INFO - General error executing query: not all arguments converted during string formatting
[2025-03-30T11:41:18.678+0000] {inout_data.py:83} INFO - {'ingested_time': datetime.datetime(2025, 3, 30, 11, 41, 18, 678861), 'timestamp': datetime.datetime(2024, 9, 30, 21, 10, tzinfo=datetime.timezone.utc), 'emp_id': 5587, 'employee_name': 'Employee50', 'factory': 'FactoryA', 'in_out': 'OUT', 'entrance': 'Side', 'door_number': '9', 'function': 'IT', 'division': 'BSID', 'department': 'CAPD', 'section': '1'}
[2025-03-30T11:41:18.679+0000] {inout_data.py:99} INFO - Query: INSERT INTO emp_inout_rec (ingested_time, timestamp, employee_id, employee_name, factory, in_out, entrance, door_number, function, division, department, section) VALUES (%s, %s, %s, %s, %s, %s, %s, %s, %s, %s, %s)
[2025-03-30T11:41:18.679+0000] {inout_data.py:100} INFO - Params: ('2025-03-30 11:41:18', '2024-09-30 21:10:00', 5587, 'Employee50', 'FactoryA', 'OUT', 'Side', '9', 'IT', 'BSID', 'CAPD', '1')
[2025-03-30T11:41:18.679+0000] {logging_mixin.py:188} INFO - General error executing query: not all arguments converted during string formatting
[2025-03-30T11:41:18.679+0000] {inout_data.py:83} INFO - {'ingested_time': datetime.datetime(2025, 3, 30, 11, 41, 18, 679399), 'timestamp': datetime.datetime(2024, 9, 30, 21, 23, tzinfo=datetime.timezone.utc), 'emp_id': 1141, 'employee_name': 'Employee23', 'factory': 'FactoryA', 'in_out': 'IN', 'entrance': 'Main', 'door_number': '6', 'function': 'IT', 'division': 'BSID', 'department': 'CAPD', 'section': '2'}
[2025-03-30T11:41:18.679+0000] {inout_data.py:99} INFO - Query: INSERT INTO emp_inout_rec (ingested_time, timestamp, employee_id, employee_name, factory, in_out, entrance, door_number, function, division, department, section) VALUES (%s, %s, %s, %s, %s, %s, %s, %s, %s, %s, %s)
[2025-03-30T11:41:18.679+0000] {inout_data.py:100} INFO - Params: ('2025-03-30 11:41:18', '2024-09-30 21:23:00', 1141, 'Employee23', 'FactoryA', 'IN', 'Main', '6', 'IT', 'BSID', 'CAPD', '2')
[2025-03-30T11:41:18.679+0000] {logging_mixin.py:188} INFO - General error executing query: not all arguments converted during string formatting
[2025-03-30T11:41:18.680+0000] {inout_data.py:83} INFO - {'ingested_time': datetime.datetime(2025, 3, 30, 11, 41, 18, 680067), 'timestamp': datetime.datetime(2024, 9, 30, 21, 14, tzinfo=datetime.timezone.utc), 'emp_id': 1968, 'employee_name': 'Employee100', 'factory': 'FactoryB', 'in_out': 'IN', 'entrance': 'Side', 'door_number': '9', 'function': 'IT', 'division': 'BSID', 'department': 'CAPD', 'section': '2'}
[2025-03-30T11:41:18.680+0000] {inout_data.py:99} INFO - Query: INSERT INTO emp_inout_rec (ingested_time, timestamp, employee_id, employee_name, factory, in_out, entrance, door_number, function, division, department, section) VALUES (%s, %s, %s, %s, %s, %s, %s, %s, %s, %s, %s)
[2025-03-30T11:41:18.680+0000] {inout_data.py:100} INFO - Params: ('2025-03-30 11:41:18', '2024-09-30 21:14:00', 1968, 'Employee100', 'FactoryB', 'IN', 'Side', '9', 'IT', 'BSID', 'CAPD', '2')
[2025-03-30T11:41:18.680+0000] {logging_mixin.py:188} INFO - General error executing query: not all arguments converted during string formatting
[2025-03-30T11:41:18.680+0000] {inout_data.py:83} INFO - {'ingested_time': datetime.datetime(2025, 3, 30, 11, 41, 18, 680935), 'timestamp': datetime.datetime(2024, 9, 30, 21, 10, tzinfo=datetime.timezone.utc), 'emp_id': 3250, 'employee_name': 'Employee72', 'factory': 'FactoryA', 'in_out': 'IN', 'entrance': 'Side', 'door_number': '2', 'function': 'IT', 'division': 'AAPD', 'department': 'CAPD', 'section': '2'}
[2025-03-30T11:41:18.681+0000] {inout_data.py:99} INFO - Query: INSERT INTO emp_inout_rec (ingested_time, timestamp, employee_id, employee_name, factory, in_out, entrance, door_number, function, division, department, section) VALUES (%s, %s, %s, %s, %s, %s, %s, %s, %s, %s, %s)
[2025-03-30T11:41:18.681+0000] {inout_data.py:100} INFO - Params: ('2025-03-30 11:41:18', '2024-09-30 21:10:00', 3250, 'Employee72', 'FactoryA', 'IN', 'Side', '2', 'IT', 'AAPD', 'CAPD', '2')
[2025-03-30T11:41:18.681+0000] {logging_mixin.py:188} INFO - General error executing query: not all arguments converted during string formatting
[2025-03-30T11:41:18.681+0000] {inout_data.py:83} INFO - {'ingested_time': datetime.datetime(2025, 3, 30, 11, 41, 18, 681764), 'timestamp': datetime.datetime(2024, 9, 30, 21, 26, tzinfo=datetime.timezone.utc), 'emp_id': 7419, 'employee_name': 'Employee28', 'factory': 'FactoryB', 'in_out': 'IN', 'entrance': 'Side', 'door_number': '10', 'function': 'IT', 'division': 'BSID', 'department': 'HRSD', 'section': '2'}
[2025-03-30T11:41:18.681+0000] {inout_data.py:99} INFO - Query: INSERT INTO emp_inout_rec (ingested_time, timestamp, employee_id, employee_name, factory, in_out, entrance, door_number, function, division, department, section) VALUES (%s, %s, %s, %s, %s, %s, %s, %s, %s, %s, %s)
[2025-03-30T11:41:18.682+0000] {inout_data.py:100} INFO - Params: ('2025-03-30 11:41:18', '2024-09-30 21:26:00', 7419, 'Employee28', 'FactoryB', 'IN', 'Side', '10', 'IT', 'BSID', 'HRSD', '2')
[2025-03-30T11:41:18.682+0000] {logging_mixin.py:188} INFO - General error executing query: not all arguments converted during string formatting
[2025-03-30T11:41:18.682+0000] {inout_data.py:83} INFO - {'ingested_time': datetime.datetime(2025, 3, 30, 11, 41, 18, 682417), 'timestamp': datetime.datetime(2024, 9, 30, 21, 25, tzinfo=datetime.timezone.utc), 'emp_id': 1448, 'employee_name': 'Employee52', 'factory': 'FactoryB', 'in_out': 'OUT', 'entrance': 'Side', 'door_number': '2', 'function': 'IT', 'division': 'AAPD', 'department': 'ML', 'section': '1'}
[2025-03-30T11:41:18.682+0000] {inout_data.py:99} INFO - Query: INSERT INTO emp_inout_rec (ingested_time, timestamp, employee_id, employee_name, factory, in_out, entrance, door_number, function, division, department, section) VALUES (%s, %s, %s, %s, %s, %s, %s, %s, %s, %s, %s)
[2025-03-30T11:41:18.683+0000] {inout_data.py:100} INFO - Params: ('2025-03-30 11:41:18', '2024-09-30 21:25:00', 1448, 'Employee52', 'FactoryB', 'OUT', 'Side', '2', 'IT', 'AAPD', 'ML', '1')
[2025-03-30T11:41:18.683+0000] {logging_mixin.py:188} INFO - General error executing query: not all arguments converted during string formatting
[2025-03-30T11:41:18.683+0000] {inout_data.py:83} INFO - {'ingested_time': datetime.datetime(2025, 3, 30, 11, 41, 18, 683484), 'timestamp': datetime.datetime(2024, 9, 30, 21, 23, tzinfo=datetime.timezone.utc), 'emp_id': 8301, 'employee_name': 'Employee67', 'factory': 'FactoryA', 'in_out': 'IN', 'entrance': 'Main', 'door_number': '3', 'function': 'IT', 'division': 'BSID', 'department': 'CAPD', 'section': '1'}
[2025-03-30T11:41:18.683+0000] {inout_data.py:99} INFO - Query: INSERT INTO emp_inout_rec (ingested_time, timestamp, employee_id, employee_name, factory, in_out, entrance, door_number, function, division, department, section) VALUES (%s, %s, %s, %s, %s, %s, %s, %s, %s, %s, %s)
[2025-03-30T11:41:18.683+0000] {inout_data.py:100} INFO - Params: ('2025-03-30 11:41:18', '2024-09-30 21:23:00', 8301, 'Employee67', 'FactoryA', 'IN', 'Main', '3', 'IT', 'BSID', 'CAPD', '1')
[2025-03-30T11:41:18.684+0000] {logging_mixin.py:188} INFO - General error executing query: not all arguments converted during string formatting
[2025-03-30T11:41:18.684+0000] {inout_data.py:102} INFO - Ingested 8 rows of dummy data for 2024-09-30 21:00:00+00:00.
[2025-03-30T11:41:18.684+0000] {logging_mixin.py:188} INFO - MariaDB connection closed.
[2025-03-30T11:41:18.684+0000] {python.py:202} INFO - Done. Returned value was: None
[2025-03-30T11:41:18.690+0000] {taskinstance.py:1149} INFO - Marking task as SUCCESS. dag_id=inout_data_ingestion, task_id=ingest_dummy_data, execution_date=20240930T210000, start_date=20250330T114118, end_date=20250330T114118
[2025-03-30T11:41:18.710+0000] {local_task_job_runner.py:234} INFO - Task exited with return code 0
[2025-03-30T11:41:18.725+0000] {taskinstance.py:3309} INFO - 0 downstream tasks scheduled from follow-on schedule check
