[2025-03-30T11:08:53.831+0000] {taskinstance.py:1979} INFO - Dependencies all met for dep_context=non-requeueable deps ti=<TaskInstance: inout_data_ingestion.create_table scheduled__2024-09-29T10:30:00+00:00 [queued]>
[2025-03-30T11:08:53.838+0000] {taskinstance.py:1979} INFO - Dependencies all met for dep_context=requeueable deps ti=<TaskInstance: inout_data_ingestion.create_table scheduled__2024-09-29T10:30:00+00:00 [queued]>
[2025-03-30T11:08:53.838+0000] {taskinstance.py:2193} INFO - Starting attempt 1 of 2
[2025-03-30T11:08:53.854+0000] {taskinstance.py:2214} INFO - Executing <Task(PythonOperator): create_table> on 2024-09-29 10:30:00+00:00
[2025-03-30T11:08:53.861+0000] {standard_task_runner.py:60} INFO - Started process 179 to run task
[2025-03-30T11:08:53.870+0000] {standard_task_runner.py:87} INFO - Running: ['***', 'tasks', 'run', 'inout_data_ingestion', 'create_table', 'scheduled__2024-09-29T10:30:00+00:00', '--job-id', '63', '--raw', '--subdir', 'DAGS_FOLDER/inout_data.py', '--cfg-path', '/tmp/tmprjp4tafy']
[2025-03-30T11:08:53.872+0000] {standard_task_runner.py:88} INFO - Job 63: Subtask create_table
[2025-03-30T11:08:53.915+0000] {warnings.py:109} WARNING - /home/***/.local/lib/python3.8/site-packages/***/settings.py:194: DeprecationWarning: The sql_alchemy_conn option in [core] has been moved to the sql_alchemy_conn option in [database] - the old setting has been used, but please update your config.
  SQL_ALCHEMY_CONN = conf.get("database", "SQL_ALCHEMY_CONN")

[2025-03-30T11:08:53.963+0000] {task_command.py:423} INFO - Running <TaskInstance: inout_data_ingestion.create_table scheduled__2024-09-29T10:30:00+00:00 [running]> on host ff9d64b065e6
[2025-03-30T11:08:54.046+0000] {taskinstance.py:2510} INFO - Exporting env vars: AIRFLOW_CTX_DAG_OWNER='***' AIRFLOW_CTX_DAG_ID='inout_data_ingestion' AIRFLOW_CTX_TASK_ID='create_table' AIRFLOW_CTX_EXECUTION_DATE='2024-09-29T10:30:00+00:00' AIRFLOW_CTX_TRY_NUMBER='1' AIRFLOW_CTX_DAG_RUN_ID='scheduled__2024-09-29T10:30:00+00:00'
[2025-03-30T11:08:54.051+0000] {inout_data.py:42} INFO - Successfully connected to MariaDB: INOUT on mariadb:3306
[2025-03-30T11:08:54.052+0000] {inout_data.py:124} INFO - Table emp_inout_rec created (if it didn't exist).
[2025-03-30T11:08:54.053+0000] {inout_data.py:78} INFO - MariaDB connection closed.
[2025-03-30T11:08:54.055+0000] {python.py:202} INFO - Done. Returned value was: None
[2025-03-30T11:08:54.066+0000] {taskinstance.py:1149} INFO - Marking task as SUCCESS. dag_id=inout_data_ingestion, task_id=create_table, execution_date=20240929T103000, start_date=20250330T110853, end_date=20250330T110854
[2025-03-30T11:08:54.094+0000] {local_task_job_runner.py:234} INFO - Task exited with return code 0
[2025-03-30T11:08:54.107+0000] {taskinstance.py:3309} INFO - 1 downstream tasks scheduled from follow-on schedule check
[2025-03-30T11:15:36.595+0000] {taskinstance.py:1979} INFO - Dependencies all met for dep_context=non-requeueable deps ti=<TaskInstance: inout_data_ingestion.create_table scheduled__2024-09-29T10:30:00+00:00 [queued]>
[2025-03-30T11:15:36.610+0000] {taskinstance.py:1979} INFO - Dependencies all met for dep_context=requeueable deps ti=<TaskInstance: inout_data_ingestion.create_table scheduled__2024-09-29T10:30:00+00:00 [queued]>
[2025-03-30T11:15:36.611+0000] {taskinstance.py:2193} INFO - Starting attempt 1 of 2
[2025-03-30T11:15:36.640+0000] {taskinstance.py:2214} INFO - Executing <Task(PythonOperator): create_table> on 2024-09-29 10:30:00+00:00
[2025-03-30T11:15:36.654+0000] {standard_task_runner.py:60} INFO - Started process 2033 to run task
[2025-03-30T11:15:36.684+0000] {standard_task_runner.py:87} INFO - Running: ['***', 'tasks', 'run', 'inout_data_ingestion', 'create_table', 'scheduled__2024-09-29T10:30:00+00:00', '--job-id', '991', '--raw', '--subdir', 'DAGS_FOLDER/inout_data.py', '--cfg-path', '/tmp/tmpvaxqwkeo']
[2025-03-30T11:15:36.687+0000] {standard_task_runner.py:88} INFO - Job 991: Subtask create_table
[2025-03-30T11:15:36.725+0000] {warnings.py:109} WARNING - /home/***/.local/lib/python3.8/site-packages/***/settings.py:194: DeprecationWarning: The sql_alchemy_conn option in [core] has been moved to the sql_alchemy_conn option in [database] - the old setting has been used, but please update your config.
  SQL_ALCHEMY_CONN = conf.get("database", "SQL_ALCHEMY_CONN")

[2025-03-30T11:15:36.790+0000] {task_command.py:423} INFO - Running <TaskInstance: inout_data_ingestion.create_table scheduled__2024-09-29T10:30:00+00:00 [running]> on host ff9d64b065e6
[2025-03-30T11:15:36.976+0000] {taskinstance.py:2510} INFO - Exporting env vars: AIRFLOW_CTX_DAG_OWNER='***' AIRFLOW_CTX_DAG_ID='inout_data_ingestion' AIRFLOW_CTX_TASK_ID='create_table' AIRFLOW_CTX_EXECUTION_DATE='2024-09-29T10:30:00+00:00' AIRFLOW_CTX_TRY_NUMBER='1' AIRFLOW_CTX_DAG_RUN_ID='scheduled__2024-09-29T10:30:00+00:00'
[2025-03-30T11:15:36.999+0000] {inout_data.py:42} INFO - Successfully connected to MariaDB: INOUT on mariadb:3306
[2025-03-30T11:15:37.006+0000] {inout_data.py:117} INFO - Table emp_inout_rec created (if it didn't exist).
[2025-03-30T11:15:37.009+0000] {inout_data.py:78} INFO - MariaDB connection closed.
[2025-03-30T11:15:37.012+0000] {python.py:202} INFO - Done. Returned value was: None
[2025-03-30T11:15:37.045+0000] {taskinstance.py:1149} INFO - Marking task as SUCCESS. dag_id=inout_data_ingestion, task_id=create_table, execution_date=20240929T103000, start_date=20250330T111536, end_date=20250330T111537
[2025-03-30T11:15:37.121+0000] {local_task_job_runner.py:234} INFO - Task exited with return code 0
[2025-03-30T11:15:37.179+0000] {taskinstance.py:3309} INFO - 0 downstream tasks scheduled from follow-on schedule check
[2025-03-30T11:28:11.348+0000] {taskinstance.py:1979} INFO - Dependencies all met for dep_context=non-requeueable deps ti=<TaskInstance: inout_data_ingestion.create_table scheduled__2024-09-29T10:30:00+00:00 [queued]>
[2025-03-30T11:28:11.359+0000] {taskinstance.py:1979} INFO - Dependencies all met for dep_context=requeueable deps ti=<TaskInstance: inout_data_ingestion.create_table scheduled__2024-09-29T10:30:00+00:00 [queued]>
[2025-03-30T11:28:11.359+0000] {taskinstance.py:2193} INFO - Starting attempt 1 of 2
[2025-03-30T11:28:11.383+0000] {taskinstance.py:2214} INFO - Executing <Task(PythonOperator): create_table> on 2024-09-29 10:30:00+00:00
[2025-03-30T11:28:11.389+0000] {standard_task_runner.py:60} INFO - Started process 3955 to run task
[2025-03-30T11:28:11.395+0000] {standard_task_runner.py:87} INFO - Running: ['***', 'tasks', 'run', 'inout_data_ingestion', 'create_table', 'scheduled__2024-09-29T10:30:00+00:00', '--job-id', '1952', '--raw', '--subdir', 'DAGS_FOLDER/inout_data.py', '--cfg-path', '/tmp/tmpg5pj190g']
[2025-03-30T11:28:11.398+0000] {standard_task_runner.py:88} INFO - Job 1952: Subtask create_table
[2025-03-30T11:28:11.431+0000] {warnings.py:109} WARNING - /home/***/.local/lib/python3.8/site-packages/***/settings.py:194: DeprecationWarning: The sql_alchemy_conn option in [core] has been moved to the sql_alchemy_conn option in [database] - the old setting has been used, but please update your config.
  SQL_ALCHEMY_CONN = conf.get("database", "SQL_ALCHEMY_CONN")

[2025-03-30T11:28:11.519+0000] {task_command.py:423} INFO - Running <TaskInstance: inout_data_ingestion.create_table scheduled__2024-09-29T10:30:00+00:00 [running]> on host ff9d64b065e6
[2025-03-30T11:28:11.636+0000] {taskinstance.py:2510} INFO - Exporting env vars: AIRFLOW_CTX_DAG_OWNER='***' AIRFLOW_CTX_DAG_ID='inout_data_ingestion' AIRFLOW_CTX_TASK_ID='create_table' AIRFLOW_CTX_EXECUTION_DATE='2024-09-29T10:30:00+00:00' AIRFLOW_CTX_TRY_NUMBER='1' AIRFLOW_CTX_DAG_RUN_ID='scheduled__2024-09-29T10:30:00+00:00'
[2025-03-30T11:28:11.644+0000] {logging_mixin.py:188} INFO - Successfully connected to MariaDB: INOUT on mariadb:3306
[2025-03-30T11:28:11.644+0000] {inout_data.py:46} INFO - Table emp_inout_rec created (if it didn't exist).
[2025-03-30T11:28:11.646+0000] {logging_mixin.py:188} INFO - MariaDB connection closed.
[2025-03-30T11:28:11.647+0000] {python.py:202} INFO - Done. Returned value was: None
[2025-03-30T11:28:11.666+0000] {taskinstance.py:1149} INFO - Marking task as SUCCESS. dag_id=inout_data_ingestion, task_id=create_table, execution_date=20240929T103000, start_date=20250330T112811, end_date=20250330T112811
[2025-03-30T11:28:11.706+0000] {local_task_job_runner.py:234} INFO - Task exited with return code 0
[2025-03-30T11:28:11.754+0000] {taskinstance.py:3309} INFO - 1 downstream tasks scheduled from follow-on schedule check
[2025-03-30T11:32:53.238+0000] {taskinstance.py:1979} INFO - Dependencies all met for dep_context=non-requeueable deps ti=<TaskInstance: inout_data_ingestion.create_table scheduled__2024-09-29T10:30:00+00:00 [queued]>
[2025-03-30T11:32:53.253+0000] {taskinstance.py:1979} INFO - Dependencies all met for dep_context=requeueable deps ti=<TaskInstance: inout_data_ingestion.create_table scheduled__2024-09-29T10:30:00+00:00 [queued]>
[2025-03-30T11:32:53.254+0000] {taskinstance.py:2193} INFO - Starting attempt 1 of 2
[2025-03-30T11:32:53.270+0000] {taskinstance.py:2214} INFO - Executing <Task(PythonOperator): create_table> on 2024-09-29 10:30:00+00:00
[2025-03-30T11:32:53.282+0000] {standard_task_runner.py:60} INFO - Started process 5412 to run task
[2025-03-30T11:32:53.286+0000] {standard_task_runner.py:87} INFO - Running: ['***', 'tasks', 'run', 'inout_data_ingestion', 'create_table', 'scheduled__2024-09-29T10:30:00+00:00', '--job-id', '2680', '--raw', '--subdir', 'DAGS_FOLDER/inout_data.py', '--cfg-path', '/tmp/tmptsja5cr0']
[2025-03-30T11:32:53.288+0000] {standard_task_runner.py:88} INFO - Job 2680: Subtask create_table
[2025-03-30T11:32:53.316+0000] {warnings.py:109} WARNING - /home/***/.local/lib/python3.8/site-packages/***/settings.py:194: DeprecationWarning: The sql_alchemy_conn option in [core] has been moved to the sql_alchemy_conn option in [database] - the old setting has been used, but please update your config.
  SQL_ALCHEMY_CONN = conf.get("database", "SQL_ALCHEMY_CONN")

[2025-03-30T11:32:53.484+0000] {task_command.py:423} INFO - Running <TaskInstance: inout_data_ingestion.create_table scheduled__2024-09-29T10:30:00+00:00 [running]> on host ff9d64b065e6
[2025-03-30T11:32:53.602+0000] {taskinstance.py:2510} INFO - Exporting env vars: AIRFLOW_CTX_DAG_OWNER='***' AIRFLOW_CTX_DAG_ID='inout_data_ingestion' AIRFLOW_CTX_TASK_ID='create_table' AIRFLOW_CTX_EXECUTION_DATE='2024-09-29T10:30:00+00:00' AIRFLOW_CTX_TRY_NUMBER='1' AIRFLOW_CTX_DAG_RUN_ID='scheduled__2024-09-29T10:30:00+00:00'
[2025-03-30T11:32:53.609+0000] {logging_mixin.py:188} INFO - Successfully connected to MariaDB: INOUT on mariadb:3306
[2025-03-30T11:32:53.610+0000] {inout_data.py:46} INFO - Table emp_inout_rec created (if it didn't exist).
[2025-03-30T11:32:53.611+0000] {logging_mixin.py:188} INFO - MariaDB connection closed.
[2025-03-30T11:32:53.611+0000] {python.py:202} INFO - Done. Returned value was: None
[2025-03-30T11:32:53.631+0000] {taskinstance.py:1149} INFO - Marking task as SUCCESS. dag_id=inout_data_ingestion, task_id=create_table, execution_date=20240929T103000, start_date=20250330T113253, end_date=20250330T113253
[2025-03-30T11:32:53.676+0000] {local_task_job_runner.py:234} INFO - Task exited with return code 0
[2025-03-30T11:32:53.722+0000] {taskinstance.py:3309} INFO - 0 downstream tasks scheduled from follow-on schedule check
[2025-03-30T11:38:19.623+0000] {taskinstance.py:1979} INFO - Dependencies all met for dep_context=non-requeueable deps ti=<TaskInstance: inout_data_ingestion.create_table scheduled__2024-09-29T10:30:00+00:00 [queued]>
[2025-03-30T11:38:19.634+0000] {taskinstance.py:1979} INFO - Dependencies all met for dep_context=requeueable deps ti=<TaskInstance: inout_data_ingestion.create_table scheduled__2024-09-29T10:30:00+00:00 [queued]>
[2025-03-30T11:38:19.635+0000] {taskinstance.py:2193} INFO - Starting attempt 1 of 2
[2025-03-30T11:38:19.648+0000] {taskinstance.py:2214} INFO - Executing <Task(PythonOperator): create_table> on 2024-09-29 10:30:00+00:00
[2025-03-30T11:38:19.653+0000] {standard_task_runner.py:60} INFO - Started process 6318 to run task
[2025-03-30T11:38:19.660+0000] {standard_task_runner.py:87} INFO - Running: ['***', 'tasks', 'run', 'inout_data_ingestion', 'create_table', 'scheduled__2024-09-29T10:30:00+00:00', '--job-id', '3133', '--raw', '--subdir', 'DAGS_FOLDER/inout_data.py', '--cfg-path', '/tmp/tmp2_y29vis']
[2025-03-30T11:38:19.662+0000] {standard_task_runner.py:88} INFO - Job 3133: Subtask create_table
[2025-03-30T11:38:19.679+0000] {warnings.py:109} WARNING - /home/***/.local/lib/python3.8/site-packages/***/settings.py:194: DeprecationWarning: The sql_alchemy_conn option in [core] has been moved to the sql_alchemy_conn option in [database] - the old setting has been used, but please update your config.
  SQL_ALCHEMY_CONN = conf.get("database", "SQL_ALCHEMY_CONN")

[2025-03-30T11:38:19.732+0000] {task_command.py:423} INFO - Running <TaskInstance: inout_data_ingestion.create_table scheduled__2024-09-29T10:30:00+00:00 [running]> on host ff9d64b065e6
[2025-03-30T11:38:19.849+0000] {taskinstance.py:2510} INFO - Exporting env vars: AIRFLOW_CTX_DAG_OWNER='***' AIRFLOW_CTX_DAG_ID='inout_data_ingestion' AIRFLOW_CTX_TASK_ID='create_table' AIRFLOW_CTX_EXECUTION_DATE='2024-09-29T10:30:00+00:00' AIRFLOW_CTX_TRY_NUMBER='1' AIRFLOW_CTX_DAG_RUN_ID='scheduled__2024-09-29T10:30:00+00:00'
[2025-03-30T11:38:19.854+0000] {logging_mixin.py:188} INFO - Successfully connected to MariaDB: INOUT on mariadb:3306
[2025-03-30T11:38:19.856+0000] {inout_data.py:46} INFO - Table emp_inout_rec created (if it didn't exist).
[2025-03-30T11:38:19.857+0000] {logging_mixin.py:188} INFO - MariaDB connection closed.
[2025-03-30T11:38:19.858+0000] {python.py:202} INFO - Done. Returned value was: None
[2025-03-30T11:38:19.871+0000] {taskinstance.py:1149} INFO - Marking task as SUCCESS. dag_id=inout_data_ingestion, task_id=create_table, execution_date=20240929T103000, start_date=20250330T113819, end_date=20250330T113819
[2025-03-30T11:38:19.924+0000] {local_task_job_runner.py:234} INFO - Task exited with return code 0
[2025-03-30T11:38:19.960+0000] {taskinstance.py:3309} INFO - 0 downstream tasks scheduled from follow-on schedule check
[2025-03-30T11:40:25.272+0000] {taskinstance.py:1979} INFO - Dependencies all met for dep_context=non-requeueable deps ti=<TaskInstance: inout_data_ingestion.create_table scheduled__2024-09-29T10:30:00+00:00 [queued]>
[2025-03-30T11:40:25.290+0000] {taskinstance.py:1979} INFO - Dependencies all met for dep_context=requeueable deps ti=<TaskInstance: inout_data_ingestion.create_table scheduled__2024-09-29T10:30:00+00:00 [queued]>
[2025-03-30T11:40:25.291+0000] {taskinstance.py:2193} INFO - Starting attempt 1 of 2
[2025-03-30T11:40:25.305+0000] {taskinstance.py:2214} INFO - Executing <Task(PythonOperator): create_table> on 2024-09-29 10:30:00+00:00
[2025-03-30T11:40:25.315+0000] {standard_task_runner.py:60} INFO - Started process 6755 to run task
[2025-03-30T11:40:25.320+0000] {standard_task_runner.py:87} INFO - Running: ['***', 'tasks', 'run', 'inout_data_ingestion', 'create_table', 'scheduled__2024-09-29T10:30:00+00:00', '--job-id', '3352', '--raw', '--subdir', 'DAGS_FOLDER/inout_data.py', '--cfg-path', '/tmp/tmp0alxpgyg']
[2025-03-30T11:40:25.322+0000] {standard_task_runner.py:88} INFO - Job 3352: Subtask create_table
[2025-03-30T11:40:25.346+0000] {warnings.py:109} WARNING - /home/***/.local/lib/python3.8/site-packages/***/settings.py:194: DeprecationWarning: The sql_alchemy_conn option in [core] has been moved to the sql_alchemy_conn option in [database] - the old setting has been used, but please update your config.
  SQL_ALCHEMY_CONN = conf.get("database", "SQL_ALCHEMY_CONN")

[2025-03-30T11:40:25.401+0000] {task_command.py:423} INFO - Running <TaskInstance: inout_data_ingestion.create_table scheduled__2024-09-29T10:30:00+00:00 [running]> on host ff9d64b065e6
[2025-03-30T11:40:25.479+0000] {taskinstance.py:2510} INFO - Exporting env vars: AIRFLOW_CTX_DAG_OWNER='***' AIRFLOW_CTX_DAG_ID='inout_data_ingestion' AIRFLOW_CTX_TASK_ID='create_table' AIRFLOW_CTX_EXECUTION_DATE='2024-09-29T10:30:00+00:00' AIRFLOW_CTX_TRY_NUMBER='1' AIRFLOW_CTX_DAG_RUN_ID='scheduled__2024-09-29T10:30:00+00:00'
[2025-03-30T11:40:25.486+0000] {logging_mixin.py:188} INFO - Successfully connected to MariaDB: INOUT on mariadb:3306
[2025-03-30T11:40:25.488+0000] {inout_data.py:46} INFO - Table emp_inout_rec created (if it didn't exist).
[2025-03-30T11:40:25.489+0000] {logging_mixin.py:188} INFO - MariaDB connection closed.
[2025-03-30T11:40:25.489+0000] {python.py:202} INFO - Done. Returned value was: None
[2025-03-30T11:40:25.504+0000] {taskinstance.py:1149} INFO - Marking task as SUCCESS. dag_id=inout_data_ingestion, task_id=create_table, execution_date=20240929T103000, start_date=20250330T114025, end_date=20250330T114025
[2025-03-30T11:40:25.542+0000] {local_task_job_runner.py:234} INFO - Task exited with return code 0
[2025-03-30T11:40:25.566+0000] {taskinstance.py:3309} INFO - 0 downstream tasks scheduled from follow-on schedule check
