[2025-03-30T11:13:45.975+0000] {taskinstance.py:1979} INFO - Dependencies all met for dep_context=non-requeueable deps ti=<TaskInstance: inout_data_ingestion.ingest_dummy_data scheduled__2024-10-08T02:30:00+00:00 [queued]>
[2025-03-30T11:13:45.983+0000] {taskinstance.py:1979} INFO - Dependencies all met for dep_context=requeueable deps ti=<TaskInstance: inout_data_ingestion.ingest_dummy_data scheduled__2024-10-08T02:30:00+00:00 [queued]>
[2025-03-30T11:13:45.984+0000] {taskinstance.py:2193} INFO - Starting attempt 1 of 2
[2025-03-30T11:13:46.004+0000] {taskinstance.py:2214} INFO - Executing <Task(PythonOperator): ingest_dummy_data> on 2024-10-08 02:30:00+00:00
[2025-03-30T11:13:46.015+0000] {standard_task_runner.py:60} INFO - Started process 1863 to run task
[2025-03-30T11:13:46.024+0000] {standard_task_runner.py:87} INFO - Running: ['***', 'tasks', 'run', 'inout_data_ingestion', 'ingest_dummy_data', 'scheduled__2024-10-08T02:30:00+00:00', '--job-id', '905', '--raw', '--subdir', 'DAGS_FOLDER/inout_data.py', '--cfg-path', '/tmp/tmpfpal6fp5']
[2025-03-30T11:13:46.026+0000] {standard_task_runner.py:88} INFO - Job 905: Subtask ingest_dummy_data
[2025-03-30T11:13:46.038+0000] {warnings.py:109} WARNING - /home/***/.local/lib/python3.8/site-packages/***/settings.py:194: DeprecationWarning: The sql_alchemy_conn option in [core] has been moved to the sql_alchemy_conn option in [database] - the old setting has been used, but please update your config.
  SQL_ALCHEMY_CONN = conf.get("database", "SQL_ALCHEMY_CONN")

[2025-03-30T11:13:46.084+0000] {task_command.py:423} INFO - Running <TaskInstance: inout_data_ingestion.ingest_dummy_data scheduled__2024-10-08T02:30:00+00:00 [running]> on host ff9d64b065e6
[2025-03-30T11:13:46.217+0000] {taskinstance.py:2510} INFO - Exporting env vars: AIRFLOW_CTX_DAG_OWNER='***' AIRFLOW_CTX_DAG_ID='inout_data_ingestion' AIRFLOW_CTX_TASK_ID='ingest_dummy_data' AIRFLOW_CTX_EXECUTION_DATE='2024-10-08T02:30:00+00:00' AIRFLOW_CTX_TRY_NUMBER='1' AIRFLOW_CTX_DAG_RUN_ID='scheduled__2024-10-08T02:30:00+00:00'
[2025-03-30T11:13:46.235+0000] {inout_data.py:42} INFO - Successfully connected to MariaDB: INOUT on mariadb:3306
[2025-03-30T11:13:46.239+0000] {inout_data.py:63} ERROR - Error executing query: (1062, "Duplicate entry '2025-03-30 11:13:46-4248' for key 'PRIMARY'")
[2025-03-30T11:13:46.241+0000] {inout_data.py:63} ERROR - Error executing query: (1062, "Duplicate entry '2025-03-30 11:13:46-4248' for key 'PRIMARY'")
[2025-03-30T11:13:46.245+0000] {inout_data.py:63} ERROR - Error executing query: (1062, "Duplicate entry '2025-03-30 11:13:46-4248' for key 'PRIMARY'")
[2025-03-30T11:13:46.247+0000] {inout_data.py:63} ERROR - Error executing query: (1062, "Duplicate entry '2025-03-30 11:13:46-4248' for key 'PRIMARY'")
[2025-03-30T11:13:46.249+0000] {inout_data.py:159} INFO - Ingested 5 rows of dummy data.
[2025-03-30T11:13:46.251+0000] {inout_data.py:78} INFO - MariaDB connection closed.
[2025-03-30T11:13:46.252+0000] {python.py:202} INFO - Done. Returned value was: None
[2025-03-30T11:13:46.275+0000] {taskinstance.py:1149} INFO - Marking task as SUCCESS. dag_id=inout_data_ingestion, task_id=ingest_dummy_data, execution_date=20241008T023000, start_date=20250330T111345, end_date=20250330T111346
[2025-03-30T11:13:46.442+0000] {local_task_job_runner.py:234} INFO - Task exited with return code 0
[2025-03-30T11:13:46.482+0000] {taskinstance.py:3309} INFO - 0 downstream tasks scheduled from follow-on schedule check
[2025-03-30T11:20:28.505+0000] {taskinstance.py:1979} INFO - Dependencies all met for dep_context=non-requeueable deps ti=<TaskInstance: inout_data_ingestion.ingest_dummy_data scheduled__2024-10-08T02:30:00+00:00 [queued]>
[2025-03-30T11:20:28.521+0000] {taskinstance.py:1979} INFO - Dependencies all met for dep_context=requeueable deps ti=<TaskInstance: inout_data_ingestion.ingest_dummy_data scheduled__2024-10-08T02:30:00+00:00 [queued]>
[2025-03-30T11:20:28.522+0000] {taskinstance.py:2193} INFO - Starting attempt 1 of 2
[2025-03-30T11:20:28.567+0000] {taskinstance.py:2214} INFO - Executing <Task(PythonOperator): ingest_dummy_data> on 2024-10-08 02:30:00+00:00
[2025-03-30T11:20:28.580+0000] {standard_task_runner.py:60} INFO - Started process 3710 to run task
[2025-03-30T11:20:28.585+0000] {standard_task_runner.py:87} INFO - Running: ['***', 'tasks', 'run', 'inout_data_ingestion', 'ingest_dummy_data', 'scheduled__2024-10-08T02:30:00+00:00', '--job-id', '1830', '--raw', '--subdir', 'DAGS_FOLDER/inout_data.py', '--cfg-path', '/tmp/tmpa0hk1rt9']
[2025-03-30T11:20:28.597+0000] {standard_task_runner.py:88} INFO - Job 1830: Subtask ingest_dummy_data
[2025-03-30T11:20:28.624+0000] {warnings.py:109} WARNING - /home/***/.local/lib/python3.8/site-packages/***/settings.py:194: DeprecationWarning: The sql_alchemy_conn option in [core] has been moved to the sql_alchemy_conn option in [database] - the old setting has been used, but please update your config.
  SQL_ALCHEMY_CONN = conf.get("database", "SQL_ALCHEMY_CONN")

[2025-03-30T11:20:28.731+0000] {task_command.py:423} INFO - Running <TaskInstance: inout_data_ingestion.ingest_dummy_data scheduled__2024-10-08T02:30:00+00:00 [running]> on host ff9d64b065e6
[2025-03-30T11:20:28.837+0000] {taskinstance.py:2510} INFO - Exporting env vars: AIRFLOW_CTX_DAG_OWNER='***' AIRFLOW_CTX_DAG_ID='inout_data_ingestion' AIRFLOW_CTX_TASK_ID='ingest_dummy_data' AIRFLOW_CTX_EXECUTION_DATE='2024-10-08T02:30:00+00:00' AIRFLOW_CTX_TRY_NUMBER='1' AIRFLOW_CTX_DAG_RUN_ID='scheduled__2024-10-08T02:30:00+00:00'
[2025-03-30T11:20:28.840+0000] {inout_data.py:42} INFO - Successfully connected to MariaDB: INOUT on mariadb:3306
[2025-03-30T11:20:28.842+0000] {inout_data.py:63} ERROR - Error executing query: (1062, "Duplicate entry '2025-03-30 11:20:28-5710' for key 'PRIMARY'")
[2025-03-30T11:20:28.843+0000] {inout_data.py:63} ERROR - Error executing query: (1062, "Duplicate entry '2025-03-30 11:20:28-5710' for key 'PRIMARY'")
[2025-03-30T11:20:28.843+0000] {inout_data.py:63} ERROR - Error executing query: (1062, "Duplicate entry '2025-03-30 11:20:28-5710' for key 'PRIMARY'")
[2025-03-30T11:20:28.843+0000] {inout_data.py:63} ERROR - Error executing query: (1062, "Duplicate entry '2025-03-30 11:20:28-5710' for key 'PRIMARY'")
[2025-03-30T11:20:28.844+0000] {inout_data.py:63} ERROR - Error executing query: (1062, "Duplicate entry '2025-03-30 11:20:28-5710' for key 'PRIMARY'")
[2025-03-30T11:20:28.844+0000] {inout_data.py:63} ERROR - Error executing query: (1062, "Duplicate entry '2025-03-30 11:20:28-5710' for key 'PRIMARY'")
[2025-03-30T11:20:28.845+0000] {inout_data.py:63} ERROR - Error executing query: (1062, "Duplicate entry '2025-03-30 11:20:28-5710' for key 'PRIMARY'")
[2025-03-30T11:20:28.846+0000] {inout_data.py:63} ERROR - Error executing query: (1062, "Duplicate entry '2025-03-30 11:20:28-5710' for key 'PRIMARY'")
[2025-03-30T11:20:28.846+0000] {inout_data.py:152} INFO - Ingested 9 rows of dummy data.
[2025-03-30T11:20:28.847+0000] {inout_data.py:78} INFO - MariaDB connection closed.
[2025-03-30T11:20:28.847+0000] {python.py:202} INFO - Done. Returned value was: None
[2025-03-30T11:20:28.853+0000] {taskinstance.py:1149} INFO - Marking task as SUCCESS. dag_id=inout_data_ingestion, task_id=ingest_dummy_data, execution_date=20241008T023000, start_date=20250330T112028, end_date=20250330T112028
[2025-03-30T11:20:28.901+0000] {local_task_job_runner.py:234} INFO - Task exited with return code 0
[2025-03-30T11:20:28.920+0000] {taskinstance.py:3309} INFO - 0 downstream tasks scheduled from follow-on schedule check
