[2025-03-30T11:12:19.230+0000] {taskinstance.py:1979} INFO - Dependencies all met for dep_context=non-requeueable deps ti=<TaskInstance: inout_data_ingestion.ingest_dummy_data scheduled__2024-10-05T09:00:00+00:00 [queued]>
[2025-03-30T11:12:19.249+0000] {taskinstance.py:1979} INFO - Dependencies all met for dep_context=requeueable deps ti=<TaskInstance: inout_data_ingestion.ingest_dummy_data scheduled__2024-10-05T09:00:00+00:00 [queued]>
[2025-03-30T11:12:19.250+0000] {taskinstance.py:2193} INFO - Starting attempt 1 of 2
[2025-03-30T11:12:19.268+0000] {taskinstance.py:2214} INFO - Executing <Task(PythonOperator): ingest_dummy_data> on 2024-10-05 09:00:00+00:00
[2025-03-30T11:12:19.274+0000] {standard_task_runner.py:60} INFO - Started process 1335 to run task
[2025-03-30T11:12:19.280+0000] {standard_task_runner.py:87} INFO - Running: ['***', 'tasks', 'run', 'inout_data_ingestion', 'ingest_dummy_data', 'scheduled__2024-10-05T09:00:00+00:00', '--job-id', '641', '--raw', '--subdir', 'DAGS_FOLDER/inout_data.py', '--cfg-path', '/tmp/tmpyrv3a2ej']
[2025-03-30T11:12:19.283+0000] {standard_task_runner.py:88} INFO - Job 641: Subtask ingest_dummy_data
[2025-03-30T11:12:19.298+0000] {warnings.py:109} WARNING - /home/***/.local/lib/python3.8/site-packages/***/settings.py:194: DeprecationWarning: The sql_alchemy_conn option in [core] has been moved to the sql_alchemy_conn option in [database] - the old setting has been used, but please update your config.
  SQL_ALCHEMY_CONN = conf.get("database", "SQL_ALCHEMY_CONN")

[2025-03-30T11:12:19.333+0000] {task_command.py:423} INFO - Running <TaskInstance: inout_data_ingestion.ingest_dummy_data scheduled__2024-10-05T09:00:00+00:00 [running]> on host ff9d64b065e6
[2025-03-30T11:12:19.440+0000] {taskinstance.py:2510} INFO - Exporting env vars: AIRFLOW_CTX_DAG_OWNER='***' AIRFLOW_CTX_DAG_ID='inout_data_ingestion' AIRFLOW_CTX_TASK_ID='ingest_dummy_data' AIRFLOW_CTX_EXECUTION_DATE='2024-10-05T09:00:00+00:00' AIRFLOW_CTX_TRY_NUMBER='1' AIRFLOW_CTX_DAG_RUN_ID='scheduled__2024-10-05T09:00:00+00:00'
[2025-03-30T11:12:19.449+0000] {inout_data.py:42} INFO - Successfully connected to MariaDB: INOUT on mariadb:3306
[2025-03-30T11:12:19.454+0000] {inout_data.py:63} ERROR - Error executing query: (1062, "Duplicate entry '2025-03-30 11:12:19-7316' for key 'PRIMARY'")
[2025-03-30T11:12:19.455+0000] {inout_data.py:63} ERROR - Error executing query: (1062, "Duplicate entry '2025-03-30 11:12:19-7316' for key 'PRIMARY'")
[2025-03-30T11:12:19.457+0000] {inout_data.py:63} ERROR - Error executing query: (1062, "Duplicate entry '2025-03-30 11:12:19-7316' for key 'PRIMARY'")
[2025-03-30T11:12:19.460+0000] {inout_data.py:63} ERROR - Error executing query: (1062, "Duplicate entry '2025-03-30 11:12:19-7316' for key 'PRIMARY'")
[2025-03-30T11:12:19.462+0000] {inout_data.py:63} ERROR - Error executing query: (1062, "Duplicate entry '2025-03-30 11:12:19-7316' for key 'PRIMARY'")
[2025-03-30T11:12:19.463+0000] {inout_data.py:63} ERROR - Error executing query: (1062, "Duplicate entry '2025-03-30 11:12:19-7316' for key 'PRIMARY'")
[2025-03-30T11:12:19.465+0000] {inout_data.py:159} INFO - Ingested 7 rows of dummy data.
[2025-03-30T11:12:19.467+0000] {inout_data.py:78} INFO - MariaDB connection closed.
[2025-03-30T11:12:19.469+0000] {python.py:202} INFO - Done. Returned value was: None
[2025-03-30T11:12:19.481+0000] {taskinstance.py:1149} INFO - Marking task as SUCCESS. dag_id=inout_data_ingestion, task_id=ingest_dummy_data, execution_date=20241005T090000, start_date=20250330T111219, end_date=20250330T111219
[2025-03-30T11:12:19.546+0000] {local_task_job_runner.py:234} INFO - Task exited with return code 0
[2025-03-30T11:12:19.605+0000] {taskinstance.py:3309} INFO - 0 downstream tasks scheduled from follow-on schedule check
[2025-03-30T11:18:54.959+0000] {taskinstance.py:1979} INFO - Dependencies all met for dep_context=non-requeueable deps ti=<TaskInstance: inout_data_ingestion.ingest_dummy_data scheduled__2024-10-05T09:00:00+00:00 [queued]>
[2025-03-30T11:18:54.971+0000] {taskinstance.py:1979} INFO - Dependencies all met for dep_context=requeueable deps ti=<TaskInstance: inout_data_ingestion.ingest_dummy_data scheduled__2024-10-05T09:00:00+00:00 [queued]>
[2025-03-30T11:18:54.972+0000] {taskinstance.py:2193} INFO - Starting attempt 1 of 2
[2025-03-30T11:18:54.985+0000] {taskinstance.py:2214} INFO - Executing <Task(PythonOperator): ingest_dummy_data> on 2024-10-05 09:00:00+00:00
[2025-03-30T11:18:54.996+0000] {standard_task_runner.py:60} INFO - Started process 3187 to run task
[2025-03-30T11:18:55.006+0000] {standard_task_runner.py:87} INFO - Running: ['***', 'tasks', 'run', 'inout_data_ingestion', 'ingest_dummy_data', 'scheduled__2024-10-05T09:00:00+00:00', '--job-id', '1569', '--raw', '--subdir', 'DAGS_FOLDER/inout_data.py', '--cfg-path', '/tmp/tmpt5lpu69_']
[2025-03-30T11:18:55.012+0000] {standard_task_runner.py:88} INFO - Job 1569: Subtask ingest_dummy_data
[2025-03-30T11:18:55.045+0000] {warnings.py:109} WARNING - /home/***/.local/lib/python3.8/site-packages/***/settings.py:194: DeprecationWarning: The sql_alchemy_conn option in [core] has been moved to the sql_alchemy_conn option in [database] - the old setting has been used, but please update your config.
  SQL_ALCHEMY_CONN = conf.get("database", "SQL_ALCHEMY_CONN")

[2025-03-30T11:18:55.112+0000] {task_command.py:423} INFO - Running <TaskInstance: inout_data_ingestion.ingest_dummy_data scheduled__2024-10-05T09:00:00+00:00 [running]> on host ff9d64b065e6
[2025-03-30T11:18:55.184+0000] {taskinstance.py:2510} INFO - Exporting env vars: AIRFLOW_CTX_DAG_OWNER='***' AIRFLOW_CTX_DAG_ID='inout_data_ingestion' AIRFLOW_CTX_TASK_ID='ingest_dummy_data' AIRFLOW_CTX_EXECUTION_DATE='2024-10-05T09:00:00+00:00' AIRFLOW_CTX_TRY_NUMBER='1' AIRFLOW_CTX_DAG_RUN_ID='scheduled__2024-10-05T09:00:00+00:00'
[2025-03-30T11:18:55.186+0000] {inout_data.py:42} INFO - Successfully connected to MariaDB: INOUT on mariadb:3306
[2025-03-30T11:18:55.187+0000] {inout_data.py:63} ERROR - Error executing query: (1062, "Duplicate entry '2025-03-30 11:18:55-5261' for key 'PRIMARY'")
[2025-03-30T11:18:55.188+0000] {inout_data.py:63} ERROR - Error executing query: (1062, "Duplicate entry '2025-03-30 11:18:55-5261' for key 'PRIMARY'")
[2025-03-30T11:18:55.188+0000] {inout_data.py:63} ERROR - Error executing query: (1062, "Duplicate entry '2025-03-30 11:18:55-5261' for key 'PRIMARY'")
[2025-03-30T11:18:55.188+0000] {inout_data.py:63} ERROR - Error executing query: (1062, "Duplicate entry '2025-03-30 11:18:55-5261' for key 'PRIMARY'")
[2025-03-30T11:18:55.189+0000] {inout_data.py:63} ERROR - Error executing query: (1062, "Duplicate entry '2025-03-30 11:18:55-5261' for key 'PRIMARY'")
[2025-03-30T11:18:55.189+0000] {inout_data.py:63} ERROR - Error executing query: (1062, "Duplicate entry '2025-03-30 11:18:55-5261' for key 'PRIMARY'")
[2025-03-30T11:18:55.189+0000] {inout_data.py:63} ERROR - Error executing query: (1062, "Duplicate entry '2025-03-30 11:18:55-5261' for key 'PRIMARY'")
[2025-03-30T11:18:55.190+0000] {inout_data.py:63} ERROR - Error executing query: (1062, "Duplicate entry '2025-03-30 11:18:55-5261' for key 'PRIMARY'")
[2025-03-30T11:18:55.190+0000] {inout_data.py:63} ERROR - Error executing query: (1062, "Duplicate entry '2025-03-30 11:18:55-5261' for key 'PRIMARY'")
[2025-03-30T11:18:55.191+0000] {inout_data.py:63} ERROR - Error executing query: (1062, "Duplicate entry '2025-03-30 11:18:55-5261' for key 'PRIMARY'")
[2025-03-30T11:18:55.191+0000] {inout_data.py:63} ERROR - Error executing query: (1062, "Duplicate entry '2025-03-30 11:18:55-5261' for key 'PRIMARY'")
[2025-03-30T11:18:55.191+0000] {inout_data.py:63} ERROR - Error executing query: (1062, "Duplicate entry '2025-03-30 11:18:55-5261' for key 'PRIMARY'")
[2025-03-30T11:18:55.191+0000] {inout_data.py:63} ERROR - Error executing query: (1062, "Duplicate entry '2025-03-30 11:18:55-5261' for key 'PRIMARY'")
[2025-03-30T11:18:55.192+0000] {inout_data.py:63} ERROR - Error executing query: (1062, "Duplicate entry '2025-03-30 11:18:55-5261' for key 'PRIMARY'")
[2025-03-30T11:18:55.192+0000] {inout_data.py:63} ERROR - Error executing query: (1062, "Duplicate entry '2025-03-30 11:18:55-5261' for key 'PRIMARY'")
[2025-03-30T11:18:55.193+0000] {inout_data.py:152} INFO - Ingested 16 rows of dummy data.
[2025-03-30T11:18:55.193+0000] {inout_data.py:78} INFO - MariaDB connection closed.
[2025-03-30T11:18:55.193+0000] {python.py:202} INFO - Done. Returned value was: None
[2025-03-30T11:18:55.205+0000] {taskinstance.py:1149} INFO - Marking task as SUCCESS. dag_id=inout_data_ingestion, task_id=ingest_dummy_data, execution_date=20241005T090000, start_date=20250330T111854, end_date=20250330T111855
[2025-03-30T11:18:55.231+0000] {local_task_job_runner.py:234} INFO - Task exited with return code 0
[2025-03-30T11:18:55.257+0000] {taskinstance.py:3309} INFO - 0 downstream tasks scheduled from follow-on schedule check
[2025-03-30T11:31:04.843+0000] {taskinstance.py:1979} INFO - Dependencies all met for dep_context=non-requeueable deps ti=<TaskInstance: inout_data_ingestion.ingest_dummy_data scheduled__2024-10-05T09:00:00+00:00 [queued]>
[2025-03-30T11:31:04.854+0000] {taskinstance.py:1979} INFO - Dependencies all met for dep_context=requeueable deps ti=<TaskInstance: inout_data_ingestion.ingest_dummy_data scheduled__2024-10-05T09:00:00+00:00 [queued]>
[2025-03-30T11:31:04.854+0000] {taskinstance.py:2193} INFO - Starting attempt 1 of 2
[2025-03-30T11:31:04.862+0000] {taskinstance.py:2214} INFO - Executing <Task(PythonOperator): ingest_dummy_data> on 2024-10-05 09:00:00+00:00
[2025-03-30T11:31:04.865+0000] {standard_task_runner.py:60} INFO - Started process 5101 to run task
[2025-03-30T11:31:04.868+0000] {standard_task_runner.py:87} INFO - Running: ['***', 'tasks', 'run', 'inout_data_ingestion', 'ingest_dummy_data', 'scheduled__2024-10-05T09:00:00+00:00', '--job-id', '2526', '--raw', '--subdir', 'DAGS_FOLDER/inout_data.py', '--cfg-path', '/tmp/tmpq85rks3f']
[2025-03-30T11:31:04.869+0000] {standard_task_runner.py:88} INFO - Job 2526: Subtask ingest_dummy_data
[2025-03-30T11:31:04.877+0000] {warnings.py:109} WARNING - /home/***/.local/lib/python3.8/site-packages/***/settings.py:194: DeprecationWarning: The sql_alchemy_conn option in [core] has been moved to the sql_alchemy_conn option in [database] - the old setting has been used, but please update your config.
  SQL_ALCHEMY_CONN = conf.get("database", "SQL_ALCHEMY_CONN")

[2025-03-30T11:31:04.895+0000] {task_command.py:423} INFO - Running <TaskInstance: inout_data_ingestion.ingest_dummy_data scheduled__2024-10-05T09:00:00+00:00 [running]> on host ff9d64b065e6
[2025-03-30T11:31:04.929+0000] {taskinstance.py:2510} INFO - Exporting env vars: AIRFLOW_CTX_DAG_OWNER='***' AIRFLOW_CTX_DAG_ID='inout_data_ingestion' AIRFLOW_CTX_TASK_ID='ingest_dummy_data' AIRFLOW_CTX_EXECUTION_DATE='2024-10-05T09:00:00+00:00' AIRFLOW_CTX_TRY_NUMBER='1' AIRFLOW_CTX_DAG_RUN_ID='scheduled__2024-10-05T09:00:00+00:00'
[2025-03-30T11:31:04.931+0000] {logging_mixin.py:188} INFO - Successfully connected to MariaDB: INOUT on mariadb:3306
[2025-03-30T11:31:04.932+0000] {logging_mixin.py:188} INFO - General error executing query: not all arguments converted during string formatting
[2025-03-30T11:31:04.932+0000] {logging_mixin.py:188} INFO - General error executing query: not all arguments converted during string formatting
[2025-03-30T11:31:04.932+0000] {logging_mixin.py:188} INFO - General error executing query: not all arguments converted during string formatting
[2025-03-30T11:31:04.933+0000] {logging_mixin.py:188} INFO - General error executing query: not all arguments converted during string formatting
[2025-03-30T11:31:04.933+0000] {logging_mixin.py:188} INFO - General error executing query: not all arguments converted during string formatting
[2025-03-30T11:31:04.933+0000] {logging_mixin.py:188} INFO - General error executing query: not all arguments converted during string formatting
[2025-03-30T11:31:04.934+0000] {inout_data.py:87} INFO - Ingested 6 rows of dummy data for 2024-10-05 09:00:00+00:00.
[2025-03-30T11:31:04.934+0000] {logging_mixin.py:188} INFO - MariaDB connection closed.
[2025-03-30T11:31:04.934+0000] {python.py:202} INFO - Done. Returned value was: None
[2025-03-30T11:31:04.939+0000] {taskinstance.py:1149} INFO - Marking task as SUCCESS. dag_id=inout_data_ingestion, task_id=ingest_dummy_data, execution_date=20241005T090000, start_date=20250330T113104, end_date=20250330T113104
[2025-03-30T11:31:04.971+0000] {local_task_job_runner.py:234} INFO - Task exited with return code 0
[2025-03-30T11:31:04.979+0000] {taskinstance.py:3309} INFO - 0 downstream tasks scheduled from follow-on schedule check
