[2025-03-30T11:11:58.437+0000] {taskinstance.py:1979} INFO - Dependencies all met for dep_context=non-requeueable deps ti=<TaskInstance: inout_data_ingestion.ingest_dummy_data scheduled__2024-10-04T18:30:00+00:00 [queued]>
[2025-03-30T11:11:58.454+0000] {taskinstance.py:1979} INFO - Dependencies all met for dep_context=requeueable deps ti=<TaskInstance: inout_data_ingestion.ingest_dummy_data scheduled__2024-10-04T18:30:00+00:00 [queued]>
[2025-03-30T11:11:58.455+0000] {taskinstance.py:2193} INFO - Starting attempt 1 of 2
[2025-03-30T11:11:58.493+0000] {taskinstance.py:2214} INFO - Executing <Task(PythonOperator): ingest_dummy_data> on 2024-10-04 18:30:00+00:00
[2025-03-30T11:11:58.505+0000] {standard_task_runner.py:60} INFO - Started process 1217 to run task
[2025-03-30T11:11:58.518+0000] {standard_task_runner.py:87} INFO - Running: ['***', 'tasks', 'run', 'inout_data_ingestion', 'ingest_dummy_data', 'scheduled__2024-10-04T18:30:00+00:00', '--job-id', '583', '--raw', '--subdir', 'DAGS_FOLDER/inout_data.py', '--cfg-path', '/tmp/tmp820uyyxm']
[2025-03-30T11:11:58.524+0000] {standard_task_runner.py:88} INFO - Job 583: Subtask ingest_dummy_data
[2025-03-30T11:11:58.555+0000] {warnings.py:109} WARNING - /home/***/.local/lib/python3.8/site-packages/***/settings.py:194: DeprecationWarning: The sql_alchemy_conn option in [core] has been moved to the sql_alchemy_conn option in [database] - the old setting has been used, but please update your config.
  SQL_ALCHEMY_CONN = conf.get("database", "SQL_ALCHEMY_CONN")

[2025-03-30T11:11:58.673+0000] {task_command.py:423} INFO - Running <TaskInstance: inout_data_ingestion.ingest_dummy_data scheduled__2024-10-04T18:30:00+00:00 [running]> on host ff9d64b065e6
[2025-03-30T11:11:58.772+0000] {taskinstance.py:2510} INFO - Exporting env vars: AIRFLOW_CTX_DAG_OWNER='***' AIRFLOW_CTX_DAG_ID='inout_data_ingestion' AIRFLOW_CTX_TASK_ID='ingest_dummy_data' AIRFLOW_CTX_EXECUTION_DATE='2024-10-04T18:30:00+00:00' AIRFLOW_CTX_TRY_NUMBER='1' AIRFLOW_CTX_DAG_RUN_ID='scheduled__2024-10-04T18:30:00+00:00'
[2025-03-30T11:11:58.775+0000] {inout_data.py:42} INFO - Successfully connected to MariaDB: INOUT on mariadb:3306
[2025-03-30T11:11:58.777+0000] {inout_data.py:63} ERROR - Error executing query: (1062, "Duplicate entry '2025-03-30 11:11:58-2664' for key 'PRIMARY'")
[2025-03-30T11:11:58.777+0000] {inout_data.py:63} ERROR - Error executing query: (1062, "Duplicate entry '2025-03-30 11:11:58-2664' for key 'PRIMARY'")
[2025-03-30T11:11:58.777+0000] {inout_data.py:63} ERROR - Error executing query: (1062, "Duplicate entry '2025-03-30 11:11:58-2664' for key 'PRIMARY'")
[2025-03-30T11:11:58.778+0000] {inout_data.py:63} ERROR - Error executing query: (1062, "Duplicate entry '2025-03-30 11:11:58-2664' for key 'PRIMARY'")
[2025-03-30T11:11:58.778+0000] {inout_data.py:159} INFO - Ingested 5 rows of dummy data.
[2025-03-30T11:11:58.778+0000] {inout_data.py:78} INFO - MariaDB connection closed.
[2025-03-30T11:11:58.778+0000] {python.py:202} INFO - Done. Returned value was: None
[2025-03-30T11:11:58.787+0000] {taskinstance.py:1149} INFO - Marking task as SUCCESS. dag_id=inout_data_ingestion, task_id=ingest_dummy_data, execution_date=20241004T183000, start_date=20250330T111158, end_date=20250330T111158
[2025-03-30T11:11:58.827+0000] {local_task_job_runner.py:234} INFO - Task exited with return code 0
[2025-03-30T11:11:58.847+0000] {taskinstance.py:3309} INFO - 0 downstream tasks scheduled from follow-on schedule check
[2025-03-30T11:18:31.965+0000] {taskinstance.py:1979} INFO - Dependencies all met for dep_context=non-requeueable deps ti=<TaskInstance: inout_data_ingestion.ingest_dummy_data scheduled__2024-10-04T18:30:00+00:00 [queued]>
[2025-03-30T11:18:31.984+0000] {taskinstance.py:1979} INFO - Dependencies all met for dep_context=requeueable deps ti=<TaskInstance: inout_data_ingestion.ingest_dummy_data scheduled__2024-10-04T18:30:00+00:00 [queued]>
[2025-03-30T11:18:31.985+0000] {taskinstance.py:2193} INFO - Starting attempt 1 of 2
[2025-03-30T11:18:32.013+0000] {taskinstance.py:2214} INFO - Executing <Task(PythonOperator): ingest_dummy_data> on 2024-10-04 18:30:00+00:00
[2025-03-30T11:18:32.023+0000] {standard_task_runner.py:60} INFO - Started process 3073 to run task
[2025-03-30T11:18:32.030+0000] {standard_task_runner.py:87} INFO - Running: ['***', 'tasks', 'run', 'inout_data_ingestion', 'ingest_dummy_data', 'scheduled__2024-10-04T18:30:00+00:00', '--job-id', '1510', '--raw', '--subdir', 'DAGS_FOLDER/inout_data.py', '--cfg-path', '/tmp/tmpoxyre6ws']
[2025-03-30T11:18:32.033+0000] {standard_task_runner.py:88} INFO - Job 1510: Subtask ingest_dummy_data
[2025-03-30T11:18:32.067+0000] {warnings.py:109} WARNING - /home/***/.local/lib/python3.8/site-packages/***/settings.py:194: DeprecationWarning: The sql_alchemy_conn option in [core] has been moved to the sql_alchemy_conn option in [database] - the old setting has been used, but please update your config.
  SQL_ALCHEMY_CONN = conf.get("database", "SQL_ALCHEMY_CONN")

[2025-03-30T11:18:32.149+0000] {task_command.py:423} INFO - Running <TaskInstance: inout_data_ingestion.ingest_dummy_data scheduled__2024-10-04T18:30:00+00:00 [running]> on host ff9d64b065e6
[2025-03-30T11:18:32.283+0000] {taskinstance.py:2510} INFO - Exporting env vars: AIRFLOW_CTX_DAG_OWNER='***' AIRFLOW_CTX_DAG_ID='inout_data_ingestion' AIRFLOW_CTX_TASK_ID='ingest_dummy_data' AIRFLOW_CTX_EXECUTION_DATE='2024-10-04T18:30:00+00:00' AIRFLOW_CTX_TRY_NUMBER='1' AIRFLOW_CTX_DAG_RUN_ID='scheduled__2024-10-04T18:30:00+00:00'
[2025-03-30T11:18:32.291+0000] {inout_data.py:42} INFO - Successfully connected to MariaDB: INOUT on mariadb:3306
[2025-03-30T11:18:32.303+0000] {inout_data.py:63} ERROR - Error executing query: (1062, "Duplicate entry '2025-03-30 11:18:32-3598' for key 'PRIMARY'")
[2025-03-30T11:18:32.308+0000] {inout_data.py:63} ERROR - Error executing query: (1062, "Duplicate entry '2025-03-30 11:18:32-3598' for key 'PRIMARY'")
[2025-03-30T11:18:32.309+0000] {inout_data.py:63} ERROR - Error executing query: (1062, "Duplicate entry '2025-03-30 11:18:32-3598' for key 'PRIMARY'")
[2025-03-30T11:18:32.311+0000] {inout_data.py:63} ERROR - Error executing query: (1062, "Duplicate entry '2025-03-30 11:18:32-3598' for key 'PRIMARY'")
[2025-03-30T11:18:32.311+0000] {inout_data.py:63} ERROR - Error executing query: (1062, "Duplicate entry '2025-03-30 11:18:32-3598' for key 'PRIMARY'")
[2025-03-30T11:18:32.312+0000] {inout_data.py:63} ERROR - Error executing query: (1062, "Duplicate entry '2025-03-30 11:18:32-3598' for key 'PRIMARY'")
[2025-03-30T11:18:32.313+0000] {inout_data.py:63} ERROR - Error executing query: (1062, "Duplicate entry '2025-03-30 11:18:32-3598' for key 'PRIMARY'")
[2025-03-30T11:18:32.313+0000] {inout_data.py:63} ERROR - Error executing query: (1062, "Duplicate entry '2025-03-30 11:18:32-3598' for key 'PRIMARY'")
[2025-03-30T11:18:32.316+0000] {inout_data.py:63} ERROR - Error executing query: (1062, "Duplicate entry '2025-03-30 11:18:32-3598' for key 'PRIMARY'")
[2025-03-30T11:18:32.316+0000] {inout_data.py:63} ERROR - Error executing query: (1062, "Duplicate entry '2025-03-30 11:18:32-3598' for key 'PRIMARY'")
[2025-03-30T11:18:32.317+0000] {inout_data.py:63} ERROR - Error executing query: (1062, "Duplicate entry '2025-03-30 11:18:32-3598' for key 'PRIMARY'")
[2025-03-30T11:18:32.317+0000] {inout_data.py:63} ERROR - Error executing query: (1062, "Duplicate entry '2025-03-30 11:18:32-3598' for key 'PRIMARY'")
[2025-03-30T11:18:32.317+0000] {inout_data.py:63} ERROR - Error executing query: (1062, "Duplicate entry '2025-03-30 11:18:32-3598' for key 'PRIMARY'")
[2025-03-30T11:18:32.318+0000] {inout_data.py:152} INFO - Ingested 14 rows of dummy data.
[2025-03-30T11:18:32.318+0000] {inout_data.py:78} INFO - MariaDB connection closed.
[2025-03-30T11:18:32.318+0000] {python.py:202} INFO - Done. Returned value was: None
[2025-03-30T11:18:32.335+0000] {taskinstance.py:1149} INFO - Marking task as SUCCESS. dag_id=inout_data_ingestion, task_id=ingest_dummy_data, execution_date=20241004T183000, start_date=20250330T111831, end_date=20250330T111832
[2025-03-30T11:18:32.383+0000] {local_task_job_runner.py:234} INFO - Task exited with return code 0
[2025-03-30T11:18:32.410+0000] {taskinstance.py:3309} INFO - 0 downstream tasks scheduled from follow-on schedule check
[2025-03-30T11:30:48.465+0000] {taskinstance.py:1979} INFO - Dependencies all met for dep_context=non-requeueable deps ti=<TaskInstance: inout_data_ingestion.ingest_dummy_data scheduled__2024-10-04T18:30:00+00:00 [queued]>
[2025-03-30T11:30:48.482+0000] {taskinstance.py:1979} INFO - Dependencies all met for dep_context=requeueable deps ti=<TaskInstance: inout_data_ingestion.ingest_dummy_data scheduled__2024-10-04T18:30:00+00:00 [queued]>
[2025-03-30T11:30:48.483+0000] {taskinstance.py:2193} INFO - Starting attempt 1 of 2
[2025-03-30T11:30:48.528+0000] {taskinstance.py:2214} INFO - Executing <Task(PythonOperator): ingest_dummy_data> on 2024-10-04 18:30:00+00:00
[2025-03-30T11:30:48.542+0000] {standard_task_runner.py:60} INFO - Started process 4994 to run task
[2025-03-30T11:30:48.564+0000] {standard_task_runner.py:87} INFO - Running: ['***', 'tasks', 'run', 'inout_data_ingestion', 'ingest_dummy_data', 'scheduled__2024-10-04T18:30:00+00:00', '--job-id', '2470', '--raw', '--subdir', 'DAGS_FOLDER/inout_data.py', '--cfg-path', '/tmp/tmpr02g7m90']
[2025-03-30T11:30:48.576+0000] {standard_task_runner.py:88} INFO - Job 2470: Subtask ingest_dummy_data
[2025-03-30T11:30:48.613+0000] {warnings.py:109} WARNING - /home/***/.local/lib/python3.8/site-packages/***/settings.py:194: DeprecationWarning: The sql_alchemy_conn option in [core] has been moved to the sql_alchemy_conn option in [database] - the old setting has been used, but please update your config.
  SQL_ALCHEMY_CONN = conf.get("database", "SQL_ALCHEMY_CONN")

[2025-03-30T11:30:48.683+0000] {task_command.py:423} INFO - Running <TaskInstance: inout_data_ingestion.ingest_dummy_data scheduled__2024-10-04T18:30:00+00:00 [running]> on host ff9d64b065e6
[2025-03-30T11:30:48.864+0000] {taskinstance.py:2510} INFO - Exporting env vars: AIRFLOW_CTX_DAG_OWNER='***' AIRFLOW_CTX_DAG_ID='inout_data_ingestion' AIRFLOW_CTX_TASK_ID='ingest_dummy_data' AIRFLOW_CTX_EXECUTION_DATE='2024-10-04T18:30:00+00:00' AIRFLOW_CTX_TRY_NUMBER='1' AIRFLOW_CTX_DAG_RUN_ID='scheduled__2024-10-04T18:30:00+00:00'
[2025-03-30T11:30:48.877+0000] {logging_mixin.py:188} INFO - Successfully connected to MariaDB: INOUT on mariadb:3306
[2025-03-30T11:30:48.879+0000] {logging_mixin.py:188} INFO - General error executing query: not all arguments converted during string formatting
[2025-03-30T11:30:48.883+0000] {logging_mixin.py:188} INFO - General error executing query: not all arguments converted during string formatting
[2025-03-30T11:30:48.885+0000] {logging_mixin.py:188} INFO - General error executing query: not all arguments converted during string formatting
[2025-03-30T11:30:48.891+0000] {logging_mixin.py:188} INFO - General error executing query: not all arguments converted during string formatting
[2025-03-30T11:30:48.892+0000] {logging_mixin.py:188} INFO - General error executing query: not all arguments converted during string formatting
[2025-03-30T11:30:48.892+0000] {logging_mixin.py:188} INFO - General error executing query: not all arguments converted during string formatting
[2025-03-30T11:30:48.893+0000] {logging_mixin.py:188} INFO - General error executing query: not all arguments converted during string formatting
[2025-03-30T11:30:48.895+0000] {logging_mixin.py:188} INFO - General error executing query: not all arguments converted during string formatting
[2025-03-30T11:30:48.897+0000] {logging_mixin.py:188} INFO - General error executing query: not all arguments converted during string formatting
[2025-03-30T11:30:48.904+0000] {logging_mixin.py:188} INFO - General error executing query: not all arguments converted during string formatting
[2025-03-30T11:30:48.905+0000] {inout_data.py:87} INFO - Ingested 10 rows of dummy data for 2024-10-04 18:30:00+00:00.
[2025-03-30T11:30:48.907+0000] {logging_mixin.py:188} INFO - MariaDB connection closed.
[2025-03-30T11:30:48.909+0000] {python.py:202} INFO - Done. Returned value was: None
[2025-03-30T11:30:48.932+0000] {taskinstance.py:1149} INFO - Marking task as SUCCESS. dag_id=inout_data_ingestion, task_id=ingest_dummy_data, execution_date=20241004T183000, start_date=20250330T113048, end_date=20250330T113048
[2025-03-30T11:30:49.004+0000] {local_task_job_runner.py:234} INFO - Task exited with return code 0
[2025-03-30T11:30:49.040+0000] {taskinstance.py:3309} INFO - 0 downstream tasks scheduled from follow-on schedule check
