[2025-03-30T11:09:42.809+0000] {taskinstance.py:1979} INFO - Dependencies all met for dep_context=non-requeueable deps ti=<TaskInstance: inout_data_ingestion.create_table scheduled__2024-09-30T18:30:00+00:00 [queued]>
[2025-03-30T11:09:42.827+0000] {taskinstance.py:1979} INFO - Dependencies all met for dep_context=requeueable deps ti=<TaskInstance: inout_data_ingestion.create_table scheduled__2024-09-30T18:30:00+00:00 [queued]>
[2025-03-30T11:09:42.828+0000] {taskinstance.py:2193} INFO - Starting attempt 1 of 2
[2025-03-30T11:09:42.847+0000] {taskinstance.py:2214} INFO - Executing <Task(PythonOperator): create_table> on 2024-09-30 18:30:00+00:00
[2025-03-30T11:09:42.854+0000] {standard_task_runner.py:60} INFO - Started process 438 to run task
[2025-03-30T11:09:42.860+0000] {standard_task_runner.py:87} INFO - Running: ['***', 'tasks', 'run', 'inout_data_ingestion', 'create_table', 'scheduled__2024-09-30T18:30:00+00:00', '--job-id', '193', '--raw', '--subdir', 'DAGS_FOLDER/inout_data.py', '--cfg-path', '/tmp/tmp1c5eob3d']
[2025-03-30T11:09:42.862+0000] {standard_task_runner.py:88} INFO - Job 193: Subtask create_table
[2025-03-30T11:09:42.880+0000] {warnings.py:109} WARNING - /home/***/.local/lib/python3.8/site-packages/***/settings.py:194: DeprecationWarning: The sql_alchemy_conn option in [core] has been moved to the sql_alchemy_conn option in [database] - the old setting has been used, but please update your config.
  SQL_ALCHEMY_CONN = conf.get("database", "SQL_ALCHEMY_CONN")

[2025-03-30T11:09:42.944+0000] {task_command.py:423} INFO - Running <TaskInstance: inout_data_ingestion.create_table scheduled__2024-09-30T18:30:00+00:00 [running]> on host ff9d64b065e6
[2025-03-30T11:09:43.114+0000] {taskinstance.py:2510} INFO - Exporting env vars: AIRFLOW_CTX_DAG_OWNER='***' AIRFLOW_CTX_DAG_ID='inout_data_ingestion' AIRFLOW_CTX_TASK_ID='create_table' AIRFLOW_CTX_EXECUTION_DATE='2024-09-30T18:30:00+00:00' AIRFLOW_CTX_TRY_NUMBER='1' AIRFLOW_CTX_DAG_RUN_ID='scheduled__2024-09-30T18:30:00+00:00'
[2025-03-30T11:09:43.131+0000] {inout_data.py:42} INFO - Successfully connected to MariaDB: INOUT on mariadb:3306
[2025-03-30T11:09:43.134+0000] {inout_data.py:124} INFO - Table emp_inout_rec created (if it didn't exist).
[2025-03-30T11:09:43.137+0000] {inout_data.py:78} INFO - MariaDB connection closed.
[2025-03-30T11:09:43.139+0000] {python.py:202} INFO - Done. Returned value was: None
[2025-03-30T11:09:43.159+0000] {taskinstance.py:1149} INFO - Marking task as SUCCESS. dag_id=inout_data_ingestion, task_id=create_table, execution_date=20240930T183000, start_date=20250330T110942, end_date=20250330T110943
[2025-03-30T11:09:43.210+0000] {local_task_job_runner.py:234} INFO - Task exited with return code 0
[2025-03-30T11:09:43.250+0000] {taskinstance.py:3309} INFO - 0 downstream tasks scheduled from follow-on schedule check
[2025-03-30T11:16:17.410+0000] {taskinstance.py:1979} INFO - Dependencies all met for dep_context=non-requeueable deps ti=<TaskInstance: inout_data_ingestion.create_table scheduled__2024-09-30T18:30:00+00:00 [queued]>
[2025-03-30T11:16:17.428+0000] {taskinstance.py:1979} INFO - Dependencies all met for dep_context=requeueable deps ti=<TaskInstance: inout_data_ingestion.create_table scheduled__2024-09-30T18:30:00+00:00 [queued]>
[2025-03-30T11:16:17.428+0000] {taskinstance.py:2193} INFO - Starting attempt 1 of 2
[2025-03-30T11:16:17.442+0000] {taskinstance.py:2214} INFO - Executing <Task(PythonOperator): create_table> on 2024-09-30 18:30:00+00:00
[2025-03-30T11:16:17.446+0000] {standard_task_runner.py:60} INFO - Started process 2289 to run task
[2025-03-30T11:16:17.450+0000] {standard_task_runner.py:87} INFO - Running: ['***', 'tasks', 'run', 'inout_data_ingestion', 'create_table', 'scheduled__2024-09-30T18:30:00+00:00', '--job-id', '1119', '--raw', '--subdir', 'DAGS_FOLDER/inout_data.py', '--cfg-path', '/tmp/tmp03w3qwgp']
[2025-03-30T11:16:17.451+0000] {standard_task_runner.py:88} INFO - Job 1119: Subtask create_table
[2025-03-30T11:16:17.465+0000] {warnings.py:109} WARNING - /home/***/.local/lib/python3.8/site-packages/***/settings.py:194: DeprecationWarning: The sql_alchemy_conn option in [core] has been moved to the sql_alchemy_conn option in [database] - the old setting has been used, but please update your config.
  SQL_ALCHEMY_CONN = conf.get("database", "SQL_ALCHEMY_CONN")

[2025-03-30T11:16:17.495+0000] {task_command.py:423} INFO - Running <TaskInstance: inout_data_ingestion.create_table scheduled__2024-09-30T18:30:00+00:00 [running]> on host ff9d64b065e6
[2025-03-30T11:16:17.567+0000] {taskinstance.py:2510} INFO - Exporting env vars: AIRFLOW_CTX_DAG_OWNER='***' AIRFLOW_CTX_DAG_ID='inout_data_ingestion' AIRFLOW_CTX_TASK_ID='create_table' AIRFLOW_CTX_EXECUTION_DATE='2024-09-30T18:30:00+00:00' AIRFLOW_CTX_TRY_NUMBER='1' AIRFLOW_CTX_DAG_RUN_ID='scheduled__2024-09-30T18:30:00+00:00'
[2025-03-30T11:16:17.575+0000] {inout_data.py:42} INFO - Successfully connected to MariaDB: INOUT on mariadb:3306
[2025-03-30T11:16:17.576+0000] {inout_data.py:117} INFO - Table emp_inout_rec created (if it didn't exist).
[2025-03-30T11:16:17.577+0000] {inout_data.py:78} INFO - MariaDB connection closed.
[2025-03-30T11:16:17.577+0000] {python.py:202} INFO - Done. Returned value was: None
[2025-03-30T11:16:17.588+0000] {taskinstance.py:1149} INFO - Marking task as SUCCESS. dag_id=inout_data_ingestion, task_id=create_table, execution_date=20240930T183000, start_date=20250330T111617, end_date=20250330T111617
[2025-03-30T11:16:17.629+0000] {local_task_job_runner.py:234} INFO - Task exited with return code 0
[2025-03-30T11:16:17.664+0000] {taskinstance.py:3309} INFO - 1 downstream tasks scheduled from follow-on schedule check
[2025-03-30T11:28:55.393+0000] {taskinstance.py:1979} INFO - Dependencies all met for dep_context=non-requeueable deps ti=<TaskInstance: inout_data_ingestion.create_table scheduled__2024-09-30T18:30:00+00:00 [queued]>
[2025-03-30T11:28:55.401+0000] {taskinstance.py:1979} INFO - Dependencies all met for dep_context=requeueable deps ti=<TaskInstance: inout_data_ingestion.create_table scheduled__2024-09-30T18:30:00+00:00 [queued]>
[2025-03-30T11:28:55.402+0000] {taskinstance.py:2193} INFO - Starting attempt 1 of 2
[2025-03-30T11:28:55.412+0000] {taskinstance.py:2214} INFO - Executing <Task(PythonOperator): create_table> on 2024-09-30 18:30:00+00:00
[2025-03-30T11:28:55.417+0000] {standard_task_runner.py:60} INFO - Started process 4214 to run task
[2025-03-30T11:28:55.420+0000] {standard_task_runner.py:87} INFO - Running: ['***', 'tasks', 'run', 'inout_data_ingestion', 'create_table', 'scheduled__2024-09-30T18:30:00+00:00', '--job-id', '2082', '--raw', '--subdir', 'DAGS_FOLDER/inout_data.py', '--cfg-path', '/tmp/tmpl5v9cnj8']
[2025-03-30T11:28:55.422+0000] {standard_task_runner.py:88} INFO - Job 2082: Subtask create_table
[2025-03-30T11:28:55.443+0000] {warnings.py:109} WARNING - /home/***/.local/lib/python3.8/site-packages/***/settings.py:194: DeprecationWarning: The sql_alchemy_conn option in [core] has been moved to the sql_alchemy_conn option in [database] - the old setting has been used, but please update your config.
  SQL_ALCHEMY_CONN = conf.get("database", "SQL_ALCHEMY_CONN")

[2025-03-30T11:28:55.515+0000] {task_command.py:423} INFO - Running <TaskInstance: inout_data_ingestion.create_table scheduled__2024-09-30T18:30:00+00:00 [running]> on host ff9d64b065e6
[2025-03-30T11:28:55.599+0000] {taskinstance.py:2510} INFO - Exporting env vars: AIRFLOW_CTX_DAG_OWNER='***' AIRFLOW_CTX_DAG_ID='inout_data_ingestion' AIRFLOW_CTX_TASK_ID='create_table' AIRFLOW_CTX_EXECUTION_DATE='2024-09-30T18:30:00+00:00' AIRFLOW_CTX_TRY_NUMBER='1' AIRFLOW_CTX_DAG_RUN_ID='scheduled__2024-09-30T18:30:00+00:00'
[2025-03-30T11:28:55.606+0000] {logging_mixin.py:188} INFO - Successfully connected to MariaDB: INOUT on mariadb:3306
[2025-03-30T11:28:55.609+0000] {inout_data.py:46} INFO - Table emp_inout_rec created (if it didn't exist).
[2025-03-30T11:28:55.610+0000] {logging_mixin.py:188} INFO - MariaDB connection closed.
[2025-03-30T11:28:55.610+0000] {python.py:202} INFO - Done. Returned value was: None
[2025-03-30T11:28:55.634+0000] {taskinstance.py:1149} INFO - Marking task as SUCCESS. dag_id=inout_data_ingestion, task_id=create_table, execution_date=20240930T183000, start_date=20250330T112855, end_date=20250330T112855
[2025-03-30T11:28:55.684+0000] {local_task_job_runner.py:234} INFO - Task exited with return code 0
[2025-03-30T11:28:55.732+0000] {taskinstance.py:3309} INFO - 1 downstream tasks scheduled from follow-on schedule check
[2025-03-30T11:33:26.693+0000] {taskinstance.py:1979} INFO - Dependencies all met for dep_context=non-requeueable deps ti=<TaskInstance: inout_data_ingestion.create_table scheduled__2024-09-30T18:30:00+00:00 [queued]>
[2025-03-30T11:33:26.704+0000] {taskinstance.py:1979} INFO - Dependencies all met for dep_context=requeueable deps ti=<TaskInstance: inout_data_ingestion.create_table scheduled__2024-09-30T18:30:00+00:00 [queued]>
[2025-03-30T11:33:26.704+0000] {taskinstance.py:2193} INFO - Starting attempt 1 of 2
[2025-03-30T11:33:26.713+0000] {taskinstance.py:2214} INFO - Executing <Task(PythonOperator): create_table> on 2024-09-30 18:30:00+00:00
[2025-03-30T11:33:26.716+0000] {standard_task_runner.py:60} INFO - Started process 5663 to run task
[2025-03-30T11:33:26.719+0000] {standard_task_runner.py:87} INFO - Running: ['***', 'tasks', 'run', 'inout_data_ingestion', 'create_table', 'scheduled__2024-09-30T18:30:00+00:00', '--job-id', '2807', '--raw', '--subdir', 'DAGS_FOLDER/inout_data.py', '--cfg-path', '/tmp/tmp_r0lmmcj']
[2025-03-30T11:33:26.720+0000] {standard_task_runner.py:88} INFO - Job 2807: Subtask create_table
[2025-03-30T11:33:26.727+0000] {warnings.py:109} WARNING - /home/***/.local/lib/python3.8/site-packages/***/settings.py:194: DeprecationWarning: The sql_alchemy_conn option in [core] has been moved to the sql_alchemy_conn option in [database] - the old setting has been used, but please update your config.
  SQL_ALCHEMY_CONN = conf.get("database", "SQL_ALCHEMY_CONN")

[2025-03-30T11:33:26.748+0000] {task_command.py:423} INFO - Running <TaskInstance: inout_data_ingestion.create_table scheduled__2024-09-30T18:30:00+00:00 [running]> on host ff9d64b065e6
[2025-03-30T11:33:26.792+0000] {taskinstance.py:2510} INFO - Exporting env vars: AIRFLOW_CTX_DAG_OWNER='***' AIRFLOW_CTX_DAG_ID='inout_data_ingestion' AIRFLOW_CTX_TASK_ID='create_table' AIRFLOW_CTX_EXECUTION_DATE='2024-09-30T18:30:00+00:00' AIRFLOW_CTX_TRY_NUMBER='1' AIRFLOW_CTX_DAG_RUN_ID='scheduled__2024-09-30T18:30:00+00:00'
[2025-03-30T11:33:26.797+0000] {logging_mixin.py:188} INFO - Successfully connected to MariaDB: INOUT on mariadb:3306
[2025-03-30T11:33:26.797+0000] {inout_data.py:46} INFO - Table emp_inout_rec created (if it didn't exist).
[2025-03-30T11:33:26.798+0000] {logging_mixin.py:188} INFO - MariaDB connection closed.
[2025-03-30T11:33:26.798+0000] {python.py:202} INFO - Done. Returned value was: None
[2025-03-30T11:33:26.807+0000] {taskinstance.py:1149} INFO - Marking task as SUCCESS. dag_id=inout_data_ingestion, task_id=create_table, execution_date=20240930T183000, start_date=20250330T113326, end_date=20250330T113326
[2025-03-30T11:33:26.857+0000] {local_task_job_runner.py:234} INFO - Task exited with return code 0
[2025-03-30T11:33:26.873+0000] {taskinstance.py:3309} INFO - 1 downstream tasks scheduled from follow-on schedule check
[2025-03-30T11:39:07.763+0000] {taskinstance.py:1979} INFO - Dependencies all met for dep_context=non-requeueable deps ti=<TaskInstance: inout_data_ingestion.create_table scheduled__2024-09-30T18:30:00+00:00 [queued]>
[2025-03-30T11:39:07.776+0000] {taskinstance.py:1979} INFO - Dependencies all met for dep_context=requeueable deps ti=<TaskInstance: inout_data_ingestion.create_table scheduled__2024-09-30T18:30:00+00:00 [queued]>
[2025-03-30T11:39:07.778+0000] {taskinstance.py:2193} INFO - Starting attempt 1 of 2
[2025-03-30T11:39:07.795+0000] {taskinstance.py:2214} INFO - Executing <Task(PythonOperator): create_table> on 2024-09-30 18:30:00+00:00
[2025-03-30T11:39:07.800+0000] {standard_task_runner.py:60} INFO - Started process 6569 to run task
[2025-03-30T11:39:07.809+0000] {standard_task_runner.py:87} INFO - Running: ['***', 'tasks', 'run', 'inout_data_ingestion', 'create_table', 'scheduled__2024-09-30T18:30:00+00:00', '--job-id', '3259', '--raw', '--subdir', 'DAGS_FOLDER/inout_data.py', '--cfg-path', '/tmp/tmpaayfhdd0']
[2025-03-30T11:39:07.812+0000] {standard_task_runner.py:88} INFO - Job 3259: Subtask create_table
[2025-03-30T11:39:07.833+0000] {warnings.py:109} WARNING - /home/***/.local/lib/python3.8/site-packages/***/settings.py:194: DeprecationWarning: The sql_alchemy_conn option in [core] has been moved to the sql_alchemy_conn option in [database] - the old setting has been used, but please update your config.
  SQL_ALCHEMY_CONN = conf.get("database", "SQL_ALCHEMY_CONN")

[2025-03-30T11:39:07.932+0000] {task_command.py:423} INFO - Running <TaskInstance: inout_data_ingestion.create_table scheduled__2024-09-30T18:30:00+00:00 [running]> on host ff9d64b065e6
[2025-03-30T11:39:08.039+0000] {taskinstance.py:2510} INFO - Exporting env vars: AIRFLOW_CTX_DAG_OWNER='***' AIRFLOW_CTX_DAG_ID='inout_data_ingestion' AIRFLOW_CTX_TASK_ID='create_table' AIRFLOW_CTX_EXECUTION_DATE='2024-09-30T18:30:00+00:00' AIRFLOW_CTX_TRY_NUMBER='1' AIRFLOW_CTX_DAG_RUN_ID='scheduled__2024-09-30T18:30:00+00:00'
[2025-03-30T11:39:08.045+0000] {logging_mixin.py:188} INFO - Successfully connected to MariaDB: INOUT on mariadb:3306
[2025-03-30T11:39:08.046+0000] {inout_data.py:46} INFO - Table emp_inout_rec created (if it didn't exist).
[2025-03-30T11:39:08.052+0000] {logging_mixin.py:188} INFO - MariaDB connection closed.
[2025-03-30T11:39:08.053+0000] {python.py:202} INFO - Done. Returned value was: None
[2025-03-30T11:39:08.068+0000] {taskinstance.py:1149} INFO - Marking task as SUCCESS. dag_id=inout_data_ingestion, task_id=create_table, execution_date=20240930T183000, start_date=20250330T113907, end_date=20250330T113908
[2025-03-30T11:39:08.117+0000] {local_task_job_runner.py:234} INFO - Task exited with return code 0
[2025-03-30T11:39:08.150+0000] {taskinstance.py:3309} INFO - 0 downstream tasks scheduled from follow-on schedule check
[2025-03-30T11:41:12.227+0000] {taskinstance.py:1979} INFO - Dependencies all met for dep_context=non-requeueable deps ti=<TaskInstance: inout_data_ingestion.create_table scheduled__2024-09-30T18:30:00+00:00 [queued]>
[2025-03-30T11:41:12.278+0000] {taskinstance.py:1979} INFO - Dependencies all met for dep_context=requeueable deps ti=<TaskInstance: inout_data_ingestion.create_table scheduled__2024-09-30T18:30:00+00:00 [queued]>
[2025-03-30T11:41:12.280+0000] {taskinstance.py:2193} INFO - Starting attempt 1 of 2
[2025-03-30T11:41:12.306+0000] {taskinstance.py:2214} INFO - Executing <Task(PythonOperator): create_table> on 2024-09-30 18:30:00+00:00
[2025-03-30T11:41:12.320+0000] {standard_task_runner.py:60} INFO - Started process 7007 to run task
[2025-03-30T11:41:12.333+0000] {standard_task_runner.py:87} INFO - Running: ['***', 'tasks', 'run', 'inout_data_ingestion', 'create_table', 'scheduled__2024-09-30T18:30:00+00:00', '--job-id', '3478', '--raw', '--subdir', 'DAGS_FOLDER/inout_data.py', '--cfg-path', '/tmp/tmpdflb4zyt']
[2025-03-30T11:41:12.339+0000] {standard_task_runner.py:88} INFO - Job 3478: Subtask create_table
[2025-03-30T11:41:12.369+0000] {warnings.py:109} WARNING - /home/***/.local/lib/python3.8/site-packages/***/settings.py:194: DeprecationWarning: The sql_alchemy_conn option in [core] has been moved to the sql_alchemy_conn option in [database] - the old setting has been used, but please update your config.
  SQL_ALCHEMY_CONN = conf.get("database", "SQL_ALCHEMY_CONN")

[2025-03-30T11:41:12.450+0000] {task_command.py:423} INFO - Running <TaskInstance: inout_data_ingestion.create_table scheduled__2024-09-30T18:30:00+00:00 [running]> on host ff9d64b065e6
[2025-03-30T11:41:12.627+0000] {taskinstance.py:2510} INFO - Exporting env vars: AIRFLOW_CTX_DAG_OWNER='***' AIRFLOW_CTX_DAG_ID='inout_data_ingestion' AIRFLOW_CTX_TASK_ID='create_table' AIRFLOW_CTX_EXECUTION_DATE='2024-09-30T18:30:00+00:00' AIRFLOW_CTX_TRY_NUMBER='1' AIRFLOW_CTX_DAG_RUN_ID='scheduled__2024-09-30T18:30:00+00:00'
[2025-03-30T11:41:12.640+0000] {logging_mixin.py:188} INFO - Successfully connected to MariaDB: INOUT on mariadb:3306
[2025-03-30T11:41:12.642+0000] {inout_data.py:46} INFO - Table emp_inout_rec created (if it didn't exist).
[2025-03-30T11:41:12.644+0000] {logging_mixin.py:188} INFO - MariaDB connection closed.
[2025-03-30T11:41:12.644+0000] {python.py:202} INFO - Done. Returned value was: None
[2025-03-30T11:41:12.673+0000] {taskinstance.py:1149} INFO - Marking task as SUCCESS. dag_id=inout_data_ingestion, task_id=create_table, execution_date=20240930T183000, start_date=20250330T114112, end_date=20250330T114112
[2025-03-30T11:41:12.777+0000] {local_task_job_runner.py:234} INFO - Task exited with return code 0
[2025-03-30T11:41:12.862+0000] {taskinstance.py:3309} INFO - 1 downstream tasks scheduled from follow-on schedule check
