[2025-03-30T11:10:24.854+0000] {taskinstance.py:1979} INFO - Dependencies all met for dep_context=non-requeueable deps ti=<TaskInstance: inout_data_ingestion.create_table scheduled__2024-10-02T02:00:00+00:00 [queued]>
[2025-03-30T11:10:24.866+0000] {taskinstance.py:1979} INFO - Dependencies all met for dep_context=requeueable deps ti=<TaskInstance: inout_data_ingestion.create_table scheduled__2024-10-02T02:00:00+00:00 [queued]>
[2025-03-30T11:10:24.869+0000] {taskinstance.py:2193} INFO - Starting attempt 1 of 2
[2025-03-30T11:10:24.890+0000] {taskinstance.py:2214} INFO - Executing <Task(PythonOperator): create_table> on 2024-10-02 02:00:00+00:00
[2025-03-30T11:10:24.894+0000] {standard_task_runner.py:60} INFO - Started process 687 to run task
[2025-03-30T11:10:24.898+0000] {standard_task_runner.py:87} INFO - Running: ['***', 'tasks', 'run', 'inout_data_ingestion', 'create_table', 'scheduled__2024-10-02T02:00:00+00:00', '--job-id', '316', '--raw', '--subdir', 'DAGS_FOLDER/inout_data.py', '--cfg-path', '/tmp/tmpa1dxcl2g']
[2025-03-30T11:10:24.904+0000] {standard_task_runner.py:88} INFO - Job 316: Subtask create_table
[2025-03-30T11:10:24.919+0000] {warnings.py:109} WARNING - /home/***/.local/lib/python3.8/site-packages/***/settings.py:194: DeprecationWarning: The sql_alchemy_conn option in [core] has been moved to the sql_alchemy_conn option in [database] - the old setting has been used, but please update your config.
  SQL_ALCHEMY_CONN = conf.get("database", "SQL_ALCHEMY_CONN")

[2025-03-30T11:10:24.943+0000] {task_command.py:423} INFO - Running <TaskInstance: inout_data_ingestion.create_table scheduled__2024-10-02T02:00:00+00:00 [running]> on host ff9d64b065e6
[2025-03-30T11:10:25.023+0000] {taskinstance.py:2510} INFO - Exporting env vars: AIRFLOW_CTX_DAG_OWNER='***' AIRFLOW_CTX_DAG_ID='inout_data_ingestion' AIRFLOW_CTX_TASK_ID='create_table' AIRFLOW_CTX_EXECUTION_DATE='2024-10-02T02:00:00+00:00' AIRFLOW_CTX_TRY_NUMBER='1' AIRFLOW_CTX_DAG_RUN_ID='scheduled__2024-10-02T02:00:00+00:00'
[2025-03-30T11:10:25.028+0000] {inout_data.py:42} INFO - Successfully connected to MariaDB: INOUT on mariadb:3306
[2025-03-30T11:10:25.030+0000] {inout_data.py:124} INFO - Table emp_inout_rec created (if it didn't exist).
[2025-03-30T11:10:25.031+0000] {inout_data.py:78} INFO - MariaDB connection closed.
[2025-03-30T11:10:25.031+0000] {python.py:202} INFO - Done. Returned value was: None
[2025-03-30T11:10:25.059+0000] {taskinstance.py:1149} INFO - Marking task as SUCCESS. dag_id=inout_data_ingestion, task_id=create_table, execution_date=20241002T020000, start_date=20250330T111024, end_date=20250330T111025
[2025-03-30T11:10:25.118+0000] {local_task_job_runner.py:234} INFO - Task exited with return code 0
[2025-03-30T11:10:25.136+0000] {taskinstance.py:3309} INFO - 1 downstream tasks scheduled from follow-on schedule check
[2025-03-30T11:17:03.358+0000] {taskinstance.py:1979} INFO - Dependencies all met for dep_context=non-requeueable deps ti=<TaskInstance: inout_data_ingestion.create_table scheduled__2024-10-02T02:00:00+00:00 [queued]>
[2025-03-30T11:17:03.369+0000] {taskinstance.py:1979} INFO - Dependencies all met for dep_context=requeueable deps ti=<TaskInstance: inout_data_ingestion.create_table scheduled__2024-10-02T02:00:00+00:00 [queued]>
[2025-03-30T11:17:03.370+0000] {taskinstance.py:2193} INFO - Starting attempt 1 of 2
[2025-03-30T11:17:03.381+0000] {taskinstance.py:2214} INFO - Executing <Task(PythonOperator): create_table> on 2024-10-02 02:00:00+00:00
[2025-03-30T11:17:03.386+0000] {standard_task_runner.py:60} INFO - Started process 2547 to run task
[2025-03-30T11:17:03.388+0000] {standard_task_runner.py:87} INFO - Running: ['***', 'tasks', 'run', 'inout_data_ingestion', 'create_table', 'scheduled__2024-10-02T02:00:00+00:00', '--job-id', '1248', '--raw', '--subdir', 'DAGS_FOLDER/inout_data.py', '--cfg-path', '/tmp/tmpfd7qxpk0']
[2025-03-30T11:17:03.389+0000] {standard_task_runner.py:88} INFO - Job 1248: Subtask create_table
[2025-03-30T11:17:03.398+0000] {warnings.py:109} WARNING - /home/***/.local/lib/python3.8/site-packages/***/settings.py:194: DeprecationWarning: The sql_alchemy_conn option in [core] has been moved to the sql_alchemy_conn option in [database] - the old setting has been used, but please update your config.
  SQL_ALCHEMY_CONN = conf.get("database", "SQL_ALCHEMY_CONN")

[2025-03-30T11:17:03.443+0000] {task_command.py:423} INFO - Running <TaskInstance: inout_data_ingestion.create_table scheduled__2024-10-02T02:00:00+00:00 [running]> on host ff9d64b065e6
[2025-03-30T11:17:03.581+0000] {taskinstance.py:2510} INFO - Exporting env vars: AIRFLOW_CTX_DAG_OWNER='***' AIRFLOW_CTX_DAG_ID='inout_data_ingestion' AIRFLOW_CTX_TASK_ID='create_table' AIRFLOW_CTX_EXECUTION_DATE='2024-10-02T02:00:00+00:00' AIRFLOW_CTX_TRY_NUMBER='1' AIRFLOW_CTX_DAG_RUN_ID='scheduled__2024-10-02T02:00:00+00:00'
[2025-03-30T11:17:03.592+0000] {inout_data.py:42} INFO - Successfully connected to MariaDB: INOUT on mariadb:3306
[2025-03-30T11:17:03.593+0000] {inout_data.py:117} INFO - Table emp_inout_rec created (if it didn't exist).
[2025-03-30T11:17:03.594+0000] {inout_data.py:78} INFO - MariaDB connection closed.
[2025-03-30T11:17:03.595+0000] {python.py:202} INFO - Done. Returned value was: None
[2025-03-30T11:17:03.611+0000] {taskinstance.py:1149} INFO - Marking task as SUCCESS. dag_id=inout_data_ingestion, task_id=create_table, execution_date=20241002T020000, start_date=20250330T111703, end_date=20250330T111703
[2025-03-30T11:17:03.652+0000] {local_task_job_runner.py:234} INFO - Task exited with return code 0
[2025-03-30T11:17:03.686+0000] {taskinstance.py:3309} INFO - 1 downstream tasks scheduled from follow-on schedule check
[2025-03-30T11:29:31.348+0000] {taskinstance.py:1979} INFO - Dependencies all met for dep_context=non-requeueable deps ti=<TaskInstance: inout_data_ingestion.create_table scheduled__2024-10-02T02:00:00+00:00 [queued]>
[2025-03-30T11:29:31.355+0000] {taskinstance.py:1979} INFO - Dependencies all met for dep_context=requeueable deps ti=<TaskInstance: inout_data_ingestion.create_table scheduled__2024-10-02T02:00:00+00:00 [queued]>
[2025-03-30T11:29:31.355+0000] {taskinstance.py:2193} INFO - Starting attempt 1 of 2
[2025-03-30T11:29:31.366+0000] {taskinstance.py:2214} INFO - Executing <Task(PythonOperator): create_table> on 2024-10-02 02:00:00+00:00
[2025-03-30T11:29:31.369+0000] {standard_task_runner.py:60} INFO - Started process 4460 to run task
[2025-03-30T11:29:31.375+0000] {standard_task_runner.py:87} INFO - Running: ['***', 'tasks', 'run', 'inout_data_ingestion', 'create_table', 'scheduled__2024-10-02T02:00:00+00:00', '--job-id', '2205', '--raw', '--subdir', 'DAGS_FOLDER/inout_data.py', '--cfg-path', '/tmp/tmp1a118vj4']
[2025-03-30T11:29:31.377+0000] {standard_task_runner.py:88} INFO - Job 2205: Subtask create_table
[2025-03-30T11:29:31.389+0000] {warnings.py:109} WARNING - /home/***/.local/lib/python3.8/site-packages/***/settings.py:194: DeprecationWarning: The sql_alchemy_conn option in [core] has been moved to the sql_alchemy_conn option in [database] - the old setting has been used, but please update your config.
  SQL_ALCHEMY_CONN = conf.get("database", "SQL_ALCHEMY_CONN")

[2025-03-30T11:29:31.417+0000] {task_command.py:423} INFO - Running <TaskInstance: inout_data_ingestion.create_table scheduled__2024-10-02T02:00:00+00:00 [running]> on host ff9d64b065e6
[2025-03-30T11:29:31.478+0000] {taskinstance.py:2510} INFO - Exporting env vars: AIRFLOW_CTX_DAG_OWNER='***' AIRFLOW_CTX_DAG_ID='inout_data_ingestion' AIRFLOW_CTX_TASK_ID='create_table' AIRFLOW_CTX_EXECUTION_DATE='2024-10-02T02:00:00+00:00' AIRFLOW_CTX_TRY_NUMBER='1' AIRFLOW_CTX_DAG_RUN_ID='scheduled__2024-10-02T02:00:00+00:00'
[2025-03-30T11:29:31.489+0000] {logging_mixin.py:188} INFO - Successfully connected to MariaDB: INOUT on mariadb:3306
[2025-03-30T11:29:31.490+0000] {inout_data.py:46} INFO - Table emp_inout_rec created (if it didn't exist).
[2025-03-30T11:29:31.491+0000] {logging_mixin.py:188} INFO - MariaDB connection closed.
[2025-03-30T11:29:31.491+0000] {python.py:202} INFO - Done. Returned value was: None
[2025-03-30T11:29:31.498+0000] {taskinstance.py:1149} INFO - Marking task as SUCCESS. dag_id=inout_data_ingestion, task_id=create_table, execution_date=20241002T020000, start_date=20250330T112931, end_date=20250330T112931
[2025-03-30T11:29:31.512+0000] {local_task_job_runner.py:234} INFO - Task exited with return code 0
[2025-03-30T11:29:31.532+0000] {taskinstance.py:3309} INFO - 1 downstream tasks scheduled from follow-on schedule check
[2025-03-30T11:34:22.083+0000] {taskinstance.py:1979} INFO - Dependencies all met for dep_context=non-requeueable deps ti=<TaskInstance: inout_data_ingestion.create_table scheduled__2024-10-02T02:00:00+00:00 [queued]>
[2025-03-30T11:34:22.091+0000] {taskinstance.py:1979} INFO - Dependencies all met for dep_context=requeueable deps ti=<TaskInstance: inout_data_ingestion.create_table scheduled__2024-10-02T02:00:00+00:00 [queued]>
[2025-03-30T11:34:22.092+0000] {taskinstance.py:2193} INFO - Starting attempt 1 of 2
[2025-03-30T11:34:22.106+0000] {taskinstance.py:2214} INFO - Executing <Task(PythonOperator): create_table> on 2024-10-02 02:00:00+00:00
[2025-03-30T11:34:22.115+0000] {standard_task_runner.py:60} INFO - Started process 5913 to run task
[2025-03-30T11:34:22.124+0000] {standard_task_runner.py:87} INFO - Running: ['***', 'tasks', 'run', 'inout_data_ingestion', 'create_table', 'scheduled__2024-10-02T02:00:00+00:00', '--job-id', '2931', '--raw', '--subdir', 'DAGS_FOLDER/inout_data.py', '--cfg-path', '/tmp/tmpnwgmdecv']
[2025-03-30T11:34:22.129+0000] {standard_task_runner.py:88} INFO - Job 2931: Subtask create_table
[2025-03-30T11:34:22.159+0000] {warnings.py:109} WARNING - /home/***/.local/lib/python3.8/site-packages/***/settings.py:194: DeprecationWarning: The sql_alchemy_conn option in [core] has been moved to the sql_alchemy_conn option in [database] - the old setting has been used, but please update your config.
  SQL_ALCHEMY_CONN = conf.get("database", "SQL_ALCHEMY_CONN")

[2025-03-30T11:34:22.218+0000] {task_command.py:423} INFO - Running <TaskInstance: inout_data_ingestion.create_table scheduled__2024-10-02T02:00:00+00:00 [running]> on host ff9d64b065e6
[2025-03-30T11:34:22.333+0000] {taskinstance.py:2510} INFO - Exporting env vars: AIRFLOW_CTX_DAG_OWNER='***' AIRFLOW_CTX_DAG_ID='inout_data_ingestion' AIRFLOW_CTX_TASK_ID='create_table' AIRFLOW_CTX_EXECUTION_DATE='2024-10-02T02:00:00+00:00' AIRFLOW_CTX_TRY_NUMBER='1' AIRFLOW_CTX_DAG_RUN_ID='scheduled__2024-10-02T02:00:00+00:00'
[2025-03-30T11:34:22.338+0000] {logging_mixin.py:188} INFO - Successfully connected to MariaDB: INOUT on mariadb:3306
[2025-03-30T11:34:22.339+0000] {inout_data.py:46} INFO - Table emp_inout_rec created (if it didn't exist).
[2025-03-30T11:34:22.339+0000] {logging_mixin.py:188} INFO - MariaDB connection closed.
[2025-03-30T11:34:22.340+0000] {python.py:202} INFO - Done. Returned value was: None
[2025-03-30T11:34:22.352+0000] {taskinstance.py:1149} INFO - Marking task as SUCCESS. dag_id=inout_data_ingestion, task_id=create_table, execution_date=20241002T020000, start_date=20250330T113422, end_date=20250330T113422
[2025-03-30T11:34:22.392+0000] {local_task_job_runner.py:234} INFO - Task exited with return code 0
[2025-03-30T11:34:22.426+0000] {taskinstance.py:3309} INFO - 1 downstream tasks scheduled from follow-on schedule check
[2025-03-30T11:41:59.148+0000] {taskinstance.py:1979} INFO - Dependencies all met for dep_context=non-requeueable deps ti=<TaskInstance: inout_data_ingestion.create_table scheduled__2024-10-02T02:00:00+00:00 [queued]>
[2025-03-30T11:41:59.169+0000] {taskinstance.py:1979} INFO - Dependencies all met for dep_context=requeueable deps ti=<TaskInstance: inout_data_ingestion.create_table scheduled__2024-10-02T02:00:00+00:00 [queued]>
[2025-03-30T11:41:59.172+0000] {taskinstance.py:2193} INFO - Starting attempt 1 of 2
[2025-03-30T11:41:59.190+0000] {taskinstance.py:2214} INFO - Executing <Task(PythonOperator): create_table> on 2024-10-02 02:00:00+00:00
[2025-03-30T11:41:59.198+0000] {standard_task_runner.py:60} INFO - Started process 7257 to run task
[2025-03-30T11:41:59.205+0000] {standard_task_runner.py:87} INFO - Running: ['***', 'tasks', 'run', 'inout_data_ingestion', 'create_table', 'scheduled__2024-10-02T02:00:00+00:00', '--job-id', '3603', '--raw', '--subdir', 'DAGS_FOLDER/inout_data.py', '--cfg-path', '/tmp/tmpnou5c2pz']
[2025-03-30T11:41:59.208+0000] {standard_task_runner.py:88} INFO - Job 3603: Subtask create_table
[2025-03-30T11:41:59.222+0000] {warnings.py:109} WARNING - /home/***/.local/lib/python3.8/site-packages/***/settings.py:194: DeprecationWarning: The sql_alchemy_conn option in [core] has been moved to the sql_alchemy_conn option in [database] - the old setting has been used, but please update your config.
  SQL_ALCHEMY_CONN = conf.get("database", "SQL_ALCHEMY_CONN")

[2025-03-30T11:41:59.263+0000] {task_command.py:423} INFO - Running <TaskInstance: inout_data_ingestion.create_table scheduled__2024-10-02T02:00:00+00:00 [running]> on host ff9d64b065e6
[2025-03-30T11:41:59.356+0000] {taskinstance.py:2510} INFO - Exporting env vars: AIRFLOW_CTX_DAG_OWNER='***' AIRFLOW_CTX_DAG_ID='inout_data_ingestion' AIRFLOW_CTX_TASK_ID='create_table' AIRFLOW_CTX_EXECUTION_DATE='2024-10-02T02:00:00+00:00' AIRFLOW_CTX_TRY_NUMBER='1' AIRFLOW_CTX_DAG_RUN_ID='scheduled__2024-10-02T02:00:00+00:00'
[2025-03-30T11:41:59.361+0000] {logging_mixin.py:188} INFO - Successfully connected to MariaDB: INOUT on mariadb:3306
[2025-03-30T11:41:59.362+0000] {inout_data.py:46} INFO - Table emp_inout_rec created (if it didn't exist).
[2025-03-30T11:41:59.362+0000] {logging_mixin.py:188} INFO - MariaDB connection closed.
[2025-03-30T11:41:59.363+0000] {python.py:202} INFO - Done. Returned value was: None
[2025-03-30T11:41:59.370+0000] {taskinstance.py:1149} INFO - Marking task as SUCCESS. dag_id=inout_data_ingestion, task_id=create_table, execution_date=20241002T020000, start_date=20250330T114159, end_date=20250330T114159
[2025-03-30T11:41:59.384+0000] {local_task_job_runner.py:234} INFO - Task exited with return code 0
[2025-03-30T11:41:59.407+0000] {taskinstance.py:3309} INFO - 1 downstream tasks scheduled from follow-on schedule check
