[2025-03-30T11:10:30.288+0000] {taskinstance.py:1979} INFO - Dependencies all met for dep_context=non-requeueable deps ti=<TaskInstance: inout_data_ingestion.create_table scheduled__2024-10-02T05:30:00+00:00 [queued]>
[2025-03-30T11:10:30.296+0000] {taskinstance.py:1979} INFO - Dependencies all met for dep_context=requeueable deps ti=<TaskInstance: inout_data_ingestion.create_table scheduled__2024-10-02T05:30:00+00:00 [queued]>
[2025-03-30T11:10:30.298+0000] {taskinstance.py:2193} INFO - Starting attempt 1 of 2
[2025-03-30T11:10:30.323+0000] {taskinstance.py:2214} INFO - Executing <Task(PythonOperator): create_table> on 2024-10-02 05:30:00+00:00
[2025-03-30T11:10:30.330+0000] {standard_task_runner.py:60} INFO - Started process 715 to run task
[2025-03-30T11:10:30.332+0000] {standard_task_runner.py:87} INFO - Running: ['***', 'tasks', 'run', 'inout_data_ingestion', 'create_table', 'scheduled__2024-10-02T05:30:00+00:00', '--job-id', '332', '--raw', '--subdir', 'DAGS_FOLDER/inout_data.py', '--cfg-path', '/tmp/tmp4utzdsoz']
[2025-03-30T11:10:30.334+0000] {standard_task_runner.py:88} INFO - Job 332: Subtask create_table
[2025-03-30T11:10:30.358+0000] {warnings.py:109} WARNING - /home/***/.local/lib/python3.8/site-packages/***/settings.py:194: DeprecationWarning: The sql_alchemy_conn option in [core] has been moved to the sql_alchemy_conn option in [database] - the old setting has been used, but please update your config.
  SQL_ALCHEMY_CONN = conf.get("database", "SQL_ALCHEMY_CONN")

[2025-03-30T11:10:30.422+0000] {task_command.py:423} INFO - Running <TaskInstance: inout_data_ingestion.create_table scheduled__2024-10-02T05:30:00+00:00 [running]> on host ff9d64b065e6
[2025-03-30T11:10:30.499+0000] {taskinstance.py:2510} INFO - Exporting env vars: AIRFLOW_CTX_DAG_OWNER='***' AIRFLOW_CTX_DAG_ID='inout_data_ingestion' AIRFLOW_CTX_TASK_ID='create_table' AIRFLOW_CTX_EXECUTION_DATE='2024-10-02T05:30:00+00:00' AIRFLOW_CTX_TRY_NUMBER='1' AIRFLOW_CTX_DAG_RUN_ID='scheduled__2024-10-02T05:30:00+00:00'
[2025-03-30T11:10:30.508+0000] {inout_data.py:42} INFO - Successfully connected to MariaDB: INOUT on mariadb:3306
[2025-03-30T11:10:30.513+0000] {inout_data.py:124} INFO - Table emp_inout_rec created (if it didn't exist).
[2025-03-30T11:10:30.514+0000] {inout_data.py:78} INFO - MariaDB connection closed.
[2025-03-30T11:10:30.516+0000] {python.py:202} INFO - Done. Returned value was: None
[2025-03-30T11:10:30.540+0000] {taskinstance.py:1149} INFO - Marking task as SUCCESS. dag_id=inout_data_ingestion, task_id=create_table, execution_date=20241002T053000, start_date=20250330T111030, end_date=20250330T111030
[2025-03-30T11:10:30.598+0000] {local_task_job_runner.py:234} INFO - Task exited with return code 0
[2025-03-30T11:10:30.628+0000] {taskinstance.py:3309} INFO - 1 downstream tasks scheduled from follow-on schedule check
[2025-03-30T11:17:04.953+0000] {taskinstance.py:1979} INFO - Dependencies all met for dep_context=non-requeueable deps ti=<TaskInstance: inout_data_ingestion.create_table scheduled__2024-10-02T05:30:00+00:00 [queued]>
[2025-03-30T11:17:04.972+0000] {taskinstance.py:1979} INFO - Dependencies all met for dep_context=requeueable deps ti=<TaskInstance: inout_data_ingestion.create_table scheduled__2024-10-02T05:30:00+00:00 [queued]>
[2025-03-30T11:17:04.974+0000] {taskinstance.py:2193} INFO - Starting attempt 1 of 2
[2025-03-30T11:17:04.998+0000] {taskinstance.py:2214} INFO - Executing <Task(PythonOperator): create_table> on 2024-10-02 05:30:00+00:00
[2025-03-30T11:17:05.010+0000] {standard_task_runner.py:60} INFO - Started process 2569 to run task
[2025-03-30T11:17:05.015+0000] {standard_task_runner.py:87} INFO - Running: ['***', 'tasks', 'run', 'inout_data_ingestion', 'create_table', 'scheduled__2024-10-02T05:30:00+00:00', '--job-id', '1258', '--raw', '--subdir', 'DAGS_FOLDER/inout_data.py', '--cfg-path', '/tmp/tmpm_bb7n6x']
[2025-03-30T11:17:05.022+0000] {standard_task_runner.py:88} INFO - Job 1258: Subtask create_table
[2025-03-30T11:17:05.037+0000] {warnings.py:109} WARNING - /home/***/.local/lib/python3.8/site-packages/***/settings.py:194: DeprecationWarning: The sql_alchemy_conn option in [core] has been moved to the sql_alchemy_conn option in [database] - the old setting has been used, but please update your config.
  SQL_ALCHEMY_CONN = conf.get("database", "SQL_ALCHEMY_CONN")

[2025-03-30T11:17:05.147+0000] {task_command.py:423} INFO - Running <TaskInstance: inout_data_ingestion.create_table scheduled__2024-10-02T05:30:00+00:00 [running]> on host ff9d64b065e6
[2025-03-30T11:17:05.236+0000] {taskinstance.py:2510} INFO - Exporting env vars: AIRFLOW_CTX_DAG_OWNER='***' AIRFLOW_CTX_DAG_ID='inout_data_ingestion' AIRFLOW_CTX_TASK_ID='create_table' AIRFLOW_CTX_EXECUTION_DATE='2024-10-02T05:30:00+00:00' AIRFLOW_CTX_TRY_NUMBER='1' AIRFLOW_CTX_DAG_RUN_ID='scheduled__2024-10-02T05:30:00+00:00'
[2025-03-30T11:17:05.243+0000] {inout_data.py:42} INFO - Successfully connected to MariaDB: INOUT on mariadb:3306
[2025-03-30T11:17:05.244+0000] {inout_data.py:117} INFO - Table emp_inout_rec created (if it didn't exist).
[2025-03-30T11:17:05.245+0000] {inout_data.py:78} INFO - MariaDB connection closed.
[2025-03-30T11:17:05.246+0000] {python.py:202} INFO - Done. Returned value was: None
[2025-03-30T11:17:05.255+0000] {taskinstance.py:1149} INFO - Marking task as SUCCESS. dag_id=inout_data_ingestion, task_id=create_table, execution_date=20241002T053000, start_date=20250330T111704, end_date=20250330T111705
[2025-03-30T11:17:05.282+0000] {local_task_job_runner.py:234} INFO - Task exited with return code 0
[2025-03-30T11:17:05.312+0000] {taskinstance.py:3309} INFO - 1 downstream tasks scheduled from follow-on schedule check
[2025-03-30T11:29:35.088+0000] {taskinstance.py:1979} INFO - Dependencies all met for dep_context=non-requeueable deps ti=<TaskInstance: inout_data_ingestion.create_table scheduled__2024-10-02T05:30:00+00:00 [queued]>
[2025-03-30T11:29:35.095+0000] {taskinstance.py:1979} INFO - Dependencies all met for dep_context=requeueable deps ti=<TaskInstance: inout_data_ingestion.create_table scheduled__2024-10-02T05:30:00+00:00 [queued]>
[2025-03-30T11:29:35.096+0000] {taskinstance.py:2193} INFO - Starting attempt 1 of 2
[2025-03-30T11:29:35.136+0000] {taskinstance.py:2214} INFO - Executing <Task(PythonOperator): create_table> on 2024-10-02 05:30:00+00:00
[2025-03-30T11:29:35.141+0000] {standard_task_runner.py:60} INFO - Started process 4489 to run task
[2025-03-30T11:29:35.144+0000] {standard_task_runner.py:87} INFO - Running: ['***', 'tasks', 'run', 'inout_data_ingestion', 'create_table', 'scheduled__2024-10-02T05:30:00+00:00', '--job-id', '2219', '--raw', '--subdir', 'DAGS_FOLDER/inout_data.py', '--cfg-path', '/tmp/tmpioyf2yua']
[2025-03-30T11:29:35.147+0000] {standard_task_runner.py:88} INFO - Job 2219: Subtask create_table
[2025-03-30T11:29:35.160+0000] {warnings.py:109} WARNING - /home/***/.local/lib/python3.8/site-packages/***/settings.py:194: DeprecationWarning: The sql_alchemy_conn option in [core] has been moved to the sql_alchemy_conn option in [database] - the old setting has been used, but please update your config.
  SQL_ALCHEMY_CONN = conf.get("database", "SQL_ALCHEMY_CONN")

[2025-03-30T11:29:35.210+0000] {task_command.py:423} INFO - Running <TaskInstance: inout_data_ingestion.create_table scheduled__2024-10-02T05:30:00+00:00 [running]> on host ff9d64b065e6
[2025-03-30T11:29:35.296+0000] {taskinstance.py:2510} INFO - Exporting env vars: AIRFLOW_CTX_DAG_OWNER='***' AIRFLOW_CTX_DAG_ID='inout_data_ingestion' AIRFLOW_CTX_TASK_ID='create_table' AIRFLOW_CTX_EXECUTION_DATE='2024-10-02T05:30:00+00:00' AIRFLOW_CTX_TRY_NUMBER='1' AIRFLOW_CTX_DAG_RUN_ID='scheduled__2024-10-02T05:30:00+00:00'
[2025-03-30T11:29:35.301+0000] {logging_mixin.py:188} INFO - Successfully connected to MariaDB: INOUT on mariadb:3306
[2025-03-30T11:29:35.302+0000] {inout_data.py:46} INFO - Table emp_inout_rec created (if it didn't exist).
[2025-03-30T11:29:35.303+0000] {logging_mixin.py:188} INFO - MariaDB connection closed.
[2025-03-30T11:29:35.303+0000] {python.py:202} INFO - Done. Returned value was: None
[2025-03-30T11:29:35.311+0000] {taskinstance.py:1149} INFO - Marking task as SUCCESS. dag_id=inout_data_ingestion, task_id=create_table, execution_date=20241002T053000, start_date=20250330T112935, end_date=20250330T112935
[2025-03-30T11:29:35.330+0000] {local_task_job_runner.py:234} INFO - Task exited with return code 0
[2025-03-30T11:29:35.346+0000] {taskinstance.py:3309} INFO - 1 downstream tasks scheduled from follow-on schedule check
[2025-03-30T11:34:26.391+0000] {taskinstance.py:1979} INFO - Dependencies all met for dep_context=non-requeueable deps ti=<TaskInstance: inout_data_ingestion.create_table scheduled__2024-10-02T05:30:00+00:00 [queued]>
[2025-03-30T11:34:26.410+0000] {taskinstance.py:1979} INFO - Dependencies all met for dep_context=requeueable deps ti=<TaskInstance: inout_data_ingestion.create_table scheduled__2024-10-02T05:30:00+00:00 [queued]>
[2025-03-30T11:34:26.413+0000] {taskinstance.py:2193} INFO - Starting attempt 1 of 2
[2025-03-30T11:34:26.476+0000] {taskinstance.py:2214} INFO - Executing <Task(PythonOperator): create_table> on 2024-10-02 05:30:00+00:00
[2025-03-30T11:34:26.493+0000] {standard_task_runner.py:60} INFO - Started process 5942 to run task
[2025-03-30T11:34:26.508+0000] {standard_task_runner.py:87} INFO - Running: ['***', 'tasks', 'run', 'inout_data_ingestion', 'create_table', 'scheduled__2024-10-02T05:30:00+00:00', '--job-id', '2945', '--raw', '--subdir', 'DAGS_FOLDER/inout_data.py', '--cfg-path', '/tmp/tmpy39ho5x3']
[2025-03-30T11:34:26.516+0000] {standard_task_runner.py:88} INFO - Job 2945: Subtask create_table
[2025-03-30T11:34:26.560+0000] {warnings.py:109} WARNING - /home/***/.local/lib/python3.8/site-packages/***/settings.py:194: DeprecationWarning: The sql_alchemy_conn option in [core] has been moved to the sql_alchemy_conn option in [database] - the old setting has been used, but please update your config.
  SQL_ALCHEMY_CONN = conf.get("database", "SQL_ALCHEMY_CONN")

[2025-03-30T11:34:26.822+0000] {task_command.py:423} INFO - Running <TaskInstance: inout_data_ingestion.create_table scheduled__2024-10-02T05:30:00+00:00 [running]> on host ff9d64b065e6
[2025-03-30T11:34:27.213+0000] {taskinstance.py:2510} INFO - Exporting env vars: AIRFLOW_CTX_DAG_OWNER='***' AIRFLOW_CTX_DAG_ID='inout_data_ingestion' AIRFLOW_CTX_TASK_ID='create_table' AIRFLOW_CTX_EXECUTION_DATE='2024-10-02T05:30:00+00:00' AIRFLOW_CTX_TRY_NUMBER='1' AIRFLOW_CTX_DAG_RUN_ID='scheduled__2024-10-02T05:30:00+00:00'
[2025-03-30T11:34:27.229+0000] {logging_mixin.py:188} INFO - Successfully connected to MariaDB: INOUT on mariadb:3306
[2025-03-30T11:34:27.232+0000] {inout_data.py:46} INFO - Table emp_inout_rec created (if it didn't exist).
[2025-03-30T11:34:27.234+0000] {logging_mixin.py:188} INFO - MariaDB connection closed.
[2025-03-30T11:34:27.236+0000] {python.py:202} INFO - Done. Returned value was: None
[2025-03-30T11:34:27.262+0000] {taskinstance.py:1149} INFO - Marking task as SUCCESS. dag_id=inout_data_ingestion, task_id=create_table, execution_date=20241002T053000, start_date=20250330T113426, end_date=20250330T113427
[2025-03-30T11:34:27.358+0000] {local_task_job_runner.py:234} INFO - Task exited with return code 0
[2025-03-30T11:34:27.448+0000] {taskinstance.py:3309} INFO - 1 downstream tasks scheduled from follow-on schedule check
[2025-03-30T11:42:04.967+0000] {taskinstance.py:1979} INFO - Dependencies all met for dep_context=non-requeueable deps ti=<TaskInstance: inout_data_ingestion.create_table scheduled__2024-10-02T05:30:00+00:00 [queued]>
[2025-03-30T11:42:05.024+0000] {taskinstance.py:1979} INFO - Dependencies all met for dep_context=requeueable deps ti=<TaskInstance: inout_data_ingestion.create_table scheduled__2024-10-02T05:30:00+00:00 [queued]>
[2025-03-30T11:42:05.038+0000] {taskinstance.py:2193} INFO - Starting attempt 1 of 2
[2025-03-30T11:42:05.124+0000] {taskinstance.py:2214} INFO - Executing <Task(PythonOperator): create_table> on 2024-10-02 05:30:00+00:00
[2025-03-30T11:42:05.150+0000] {standard_task_runner.py:60} INFO - Started process 7286 to run task
[2025-03-30T11:42:05.200+0000] {standard_task_runner.py:87} INFO - Running: ['***', 'tasks', 'run', 'inout_data_ingestion', 'create_table', 'scheduled__2024-10-02T05:30:00+00:00', '--job-id', '3618', '--raw', '--subdir', 'DAGS_FOLDER/inout_data.py', '--cfg-path', '/tmp/tmp34lxyof1']
[2025-03-30T11:42:05.219+0000] {standard_task_runner.py:88} INFO - Job 3618: Subtask create_table
[2025-03-30T11:42:05.325+0000] {warnings.py:109} WARNING - /home/***/.local/lib/python3.8/site-packages/***/settings.py:194: DeprecationWarning: The sql_alchemy_conn option in [core] has been moved to the sql_alchemy_conn option in [database] - the old setting has been used, but please update your config.
  SQL_ALCHEMY_CONN = conf.get("database", "SQL_ALCHEMY_CONN")

[2025-03-30T11:42:05.576+0000] {task_command.py:423} INFO - Running <TaskInstance: inout_data_ingestion.create_table scheduled__2024-10-02T05:30:00+00:00 [running]> on host ff9d64b065e6
[2025-03-30T11:42:05.802+0000] {taskinstance.py:2510} INFO - Exporting env vars: AIRFLOW_CTX_DAG_OWNER='***' AIRFLOW_CTX_DAG_ID='inout_data_ingestion' AIRFLOW_CTX_TASK_ID='create_table' AIRFLOW_CTX_EXECUTION_DATE='2024-10-02T05:30:00+00:00' AIRFLOW_CTX_TRY_NUMBER='1' AIRFLOW_CTX_DAG_RUN_ID='scheduled__2024-10-02T05:30:00+00:00'
[2025-03-30T11:42:05.814+0000] {logging_mixin.py:188} INFO - Successfully connected to MariaDB: INOUT on mariadb:3306
[2025-03-30T11:42:05.819+0000] {inout_data.py:46} INFO - Table emp_inout_rec created (if it didn't exist).
[2025-03-30T11:42:05.822+0000] {logging_mixin.py:188} INFO - MariaDB connection closed.
[2025-03-30T11:42:05.823+0000] {python.py:202} INFO - Done. Returned value was: None
[2025-03-30T11:42:05.845+0000] {taskinstance.py:1149} INFO - Marking task as SUCCESS. dag_id=inout_data_ingestion, task_id=create_table, execution_date=20241002T053000, start_date=20250330T114204, end_date=20250330T114205
[2025-03-30T11:42:05.914+0000] {local_task_job_runner.py:234} INFO - Task exited with return code 0
[2025-03-30T11:42:06.019+0000] {taskinstance.py:3309} INFO - 1 downstream tasks scheduled from follow-on schedule check
