[2025-03-30T11:12:22.047+0000] {taskinstance.py:1979} INFO - Dependencies all met for dep_context=non-requeueable deps ti=<TaskInstance: inout_data_ingestion.create_table scheduled__2024-10-05T13:00:00+00:00 [queued]>
[2025-03-30T11:12:22.059+0000] {taskinstance.py:1979} INFO - Dependencies all met for dep_context=requeueable deps ti=<TaskInstance: inout_data_ingestion.create_table scheduled__2024-10-05T13:00:00+00:00 [queued]>
[2025-03-30T11:12:22.060+0000] {taskinstance.py:2193} INFO - Starting attempt 1 of 2
[2025-03-30T11:12:22.068+0000] {taskinstance.py:2214} INFO - Executing <Task(PythonOperator): create_table> on 2024-10-05 13:00:00+00:00
[2025-03-30T11:12:22.073+0000] {standard_task_runner.py:60} INFO - Started process 1355 to run task
[2025-03-30T11:12:22.076+0000] {standard_task_runner.py:87} INFO - Running: ['***', 'tasks', 'run', 'inout_data_ingestion', 'create_table', 'scheduled__2024-10-05T13:00:00+00:00', '--job-id', '652', '--raw', '--subdir', 'DAGS_FOLDER/inout_data.py', '--cfg-path', '/tmp/tmp6k7nnel6']
[2025-03-30T11:12:22.078+0000] {standard_task_runner.py:88} INFO - Job 652: Subtask create_table
[2025-03-30T11:12:22.086+0000] {warnings.py:109} WARNING - /home/***/.local/lib/python3.8/site-packages/***/settings.py:194: DeprecationWarning: The sql_alchemy_conn option in [core] has been moved to the sql_alchemy_conn option in [database] - the old setting has been used, but please update your config.
  SQL_ALCHEMY_CONN = conf.get("database", "SQL_ALCHEMY_CONN")

[2025-03-30T11:12:22.107+0000] {task_command.py:423} INFO - Running <TaskInstance: inout_data_ingestion.create_table scheduled__2024-10-05T13:00:00+00:00 [running]> on host ff9d64b065e6
[2025-03-30T11:12:22.169+0000] {taskinstance.py:2510} INFO - Exporting env vars: AIRFLOW_CTX_DAG_OWNER='***' AIRFLOW_CTX_DAG_ID='inout_data_ingestion' AIRFLOW_CTX_TASK_ID='create_table' AIRFLOW_CTX_EXECUTION_DATE='2024-10-05T13:00:00+00:00' AIRFLOW_CTX_TRY_NUMBER='1' AIRFLOW_CTX_DAG_RUN_ID='scheduled__2024-10-05T13:00:00+00:00'
[2025-03-30T11:12:22.173+0000] {inout_data.py:42} INFO - Successfully connected to MariaDB: INOUT on mariadb:3306
[2025-03-30T11:12:22.175+0000] {inout_data.py:124} INFO - Table emp_inout_rec created (if it didn't exist).
[2025-03-30T11:12:22.175+0000] {inout_data.py:78} INFO - MariaDB connection closed.
[2025-03-30T11:12:22.175+0000] {python.py:202} INFO - Done. Returned value was: None
[2025-03-30T11:12:22.179+0000] {taskinstance.py:1149} INFO - Marking task as SUCCESS. dag_id=inout_data_ingestion, task_id=create_table, execution_date=20241005T130000, start_date=20250330T111222, end_date=20250330T111222
[2025-03-30T11:12:22.216+0000] {local_task_job_runner.py:234} INFO - Task exited with return code 0
[2025-03-30T11:12:22.238+0000] {taskinstance.py:3309} INFO - 1 downstream tasks scheduled from follow-on schedule check
[2025-03-30T11:18:58.568+0000] {taskinstance.py:1979} INFO - Dependencies all met for dep_context=non-requeueable deps ti=<TaskInstance: inout_data_ingestion.create_table scheduled__2024-10-05T13:00:00+00:00 [queued]>
[2025-03-30T11:18:58.589+0000] {taskinstance.py:1979} INFO - Dependencies all met for dep_context=requeueable deps ti=<TaskInstance: inout_data_ingestion.create_table scheduled__2024-10-05T13:00:00+00:00 [queued]>
[2025-03-30T11:18:58.591+0000] {taskinstance.py:2193} INFO - Starting attempt 1 of 2
[2025-03-30T11:18:58.626+0000] {taskinstance.py:2214} INFO - Executing <Task(PythonOperator): create_table> on 2024-10-05 13:00:00+00:00
[2025-03-30T11:18:58.636+0000] {standard_task_runner.py:60} INFO - Started process 3203 to run task
[2025-03-30T11:18:58.639+0000] {standard_task_runner.py:87} INFO - Running: ['***', 'tasks', 'run', 'inout_data_ingestion', 'create_table', 'scheduled__2024-10-05T13:00:00+00:00', '--job-id', '1576', '--raw', '--subdir', 'DAGS_FOLDER/inout_data.py', '--cfg-path', '/tmp/tmprhrp_z7o']
[2025-03-30T11:18:58.641+0000] {standard_task_runner.py:88} INFO - Job 1576: Subtask create_table
[2025-03-30T11:18:58.659+0000] {warnings.py:109} WARNING - /home/***/.local/lib/python3.8/site-packages/***/settings.py:194: DeprecationWarning: The sql_alchemy_conn option in [core] has been moved to the sql_alchemy_conn option in [database] - the old setting has been used, but please update your config.
  SQL_ALCHEMY_CONN = conf.get("database", "SQL_ALCHEMY_CONN")

[2025-03-30T11:18:58.729+0000] {task_command.py:423} INFO - Running <TaskInstance: inout_data_ingestion.create_table scheduled__2024-10-05T13:00:00+00:00 [running]> on host ff9d64b065e6
[2025-03-30T11:18:58.893+0000] {taskinstance.py:2510} INFO - Exporting env vars: AIRFLOW_CTX_DAG_OWNER='***' AIRFLOW_CTX_DAG_ID='inout_data_ingestion' AIRFLOW_CTX_TASK_ID='create_table' AIRFLOW_CTX_EXECUTION_DATE='2024-10-05T13:00:00+00:00' AIRFLOW_CTX_TRY_NUMBER='1' AIRFLOW_CTX_DAG_RUN_ID='scheduled__2024-10-05T13:00:00+00:00'
[2025-03-30T11:18:58.911+0000] {inout_data.py:42} INFO - Successfully connected to MariaDB: INOUT on mariadb:3306
[2025-03-30T11:18:58.915+0000] {inout_data.py:117} INFO - Table emp_inout_rec created (if it didn't exist).
[2025-03-30T11:18:58.917+0000] {inout_data.py:78} INFO - MariaDB connection closed.
[2025-03-30T11:18:58.920+0000] {python.py:202} INFO - Done. Returned value was: None
[2025-03-30T11:18:58.941+0000] {taskinstance.py:1149} INFO - Marking task as SUCCESS. dag_id=inout_data_ingestion, task_id=create_table, execution_date=20241005T130000, start_date=20250330T111858, end_date=20250330T111858
[2025-03-30T11:18:59.041+0000] {local_task_job_runner.py:234} INFO - Task exited with return code 0
[2025-03-30T11:18:59.178+0000] {taskinstance.py:3309} INFO - 1 downstream tasks scheduled from follow-on schedule check
[2025-03-30T11:31:09.534+0000] {taskinstance.py:1979} INFO - Dependencies all met for dep_context=non-requeueable deps ti=<TaskInstance: inout_data_ingestion.create_table scheduled__2024-10-05T13:00:00+00:00 [queued]>
[2025-03-30T11:31:09.555+0000] {taskinstance.py:1979} INFO - Dependencies all met for dep_context=requeueable deps ti=<TaskInstance: inout_data_ingestion.create_table scheduled__2024-10-05T13:00:00+00:00 [queued]>
[2025-03-30T11:31:09.556+0000] {taskinstance.py:2193} INFO - Starting attempt 1 of 2
[2025-03-30T11:31:09.569+0000] {taskinstance.py:2214} INFO - Executing <Task(PythonOperator): create_table> on 2024-10-05 13:00:00+00:00
[2025-03-30T11:31:09.573+0000] {standard_task_runner.py:60} INFO - Started process 5124 to run task
[2025-03-30T11:31:09.577+0000] {standard_task_runner.py:87} INFO - Running: ['***', 'tasks', 'run', 'inout_data_ingestion', 'create_table', 'scheduled__2024-10-05T13:00:00+00:00', '--job-id', '2537', '--raw', '--subdir', 'DAGS_FOLDER/inout_data.py', '--cfg-path', '/tmp/tmpq1otiva8']
[2025-03-30T11:31:09.578+0000] {standard_task_runner.py:88} INFO - Job 2537: Subtask create_table
[2025-03-30T11:31:09.594+0000] {warnings.py:109} WARNING - /home/***/.local/lib/python3.8/site-packages/***/settings.py:194: DeprecationWarning: The sql_alchemy_conn option in [core] has been moved to the sql_alchemy_conn option in [database] - the old setting has been used, but please update your config.
  SQL_ALCHEMY_CONN = conf.get("database", "SQL_ALCHEMY_CONN")

[2025-03-30T11:31:09.628+0000] {task_command.py:423} INFO - Running <TaskInstance: inout_data_ingestion.create_table scheduled__2024-10-05T13:00:00+00:00 [running]> on host ff9d64b065e6
[2025-03-30T11:31:09.687+0000] {taskinstance.py:2510} INFO - Exporting env vars: AIRFLOW_CTX_DAG_OWNER='***' AIRFLOW_CTX_DAG_ID='inout_data_ingestion' AIRFLOW_CTX_TASK_ID='create_table' AIRFLOW_CTX_EXECUTION_DATE='2024-10-05T13:00:00+00:00' AIRFLOW_CTX_TRY_NUMBER='1' AIRFLOW_CTX_DAG_RUN_ID='scheduled__2024-10-05T13:00:00+00:00'
[2025-03-30T11:31:09.694+0000] {logging_mixin.py:188} INFO - Successfully connected to MariaDB: INOUT on mariadb:3306
[2025-03-30T11:31:09.696+0000] {inout_data.py:46} INFO - Table emp_inout_rec created (if it didn't exist).
[2025-03-30T11:31:09.697+0000] {logging_mixin.py:188} INFO - MariaDB connection closed.
[2025-03-30T11:31:09.697+0000] {python.py:202} INFO - Done. Returned value was: None
[2025-03-30T11:31:09.707+0000] {taskinstance.py:1149} INFO - Marking task as SUCCESS. dag_id=inout_data_ingestion, task_id=create_table, execution_date=20241005T130000, start_date=20250330T113109, end_date=20250330T113109
[2025-03-30T11:31:09.756+0000] {local_task_job_runner.py:234} INFO - Task exited with return code 0
[2025-03-30T11:31:09.777+0000] {taskinstance.py:3309} INFO - 1 downstream tasks scheduled from follow-on schedule check
