[2025-03-30T11:10:54.681+0000] {taskinstance.py:1979} INFO - Dependencies all met for dep_context=non-requeueable deps ti=<TaskInstance: inout_data_ingestion.create_table scheduled__2024-10-03T00:00:00+00:00 [queued]>
[2025-03-30T11:10:54.690+0000] {taskinstance.py:1979} INFO - Dependencies all met for dep_context=requeueable deps ti=<TaskInstance: inout_data_ingestion.create_table scheduled__2024-10-03T00:00:00+00:00 [queued]>
[2025-03-30T11:10:54.690+0000] {taskinstance.py:2193} INFO - Starting attempt 1 of 2
[2025-03-30T11:10:54.701+0000] {taskinstance.py:2214} INFO - Executing <Task(PythonOperator): create_table> on 2024-10-03 00:00:00+00:00
[2025-03-30T11:10:54.704+0000] {standard_task_runner.py:60} INFO - Started process 862 to run task
[2025-03-30T11:10:54.707+0000] {standard_task_runner.py:87} INFO - Running: ['***', 'tasks', 'run', 'inout_data_ingestion', 'create_table', 'scheduled__2024-10-03T00:00:00+00:00', '--job-id', '405', '--raw', '--subdir', 'DAGS_FOLDER/inout_data.py', '--cfg-path', '/tmp/tmp1jrqm9nv']
[2025-03-30T11:10:54.709+0000] {standard_task_runner.py:88} INFO - Job 405: Subtask create_table
[2025-03-30T11:10:54.735+0000] {warnings.py:109} WARNING - /home/***/.local/lib/python3.8/site-packages/***/settings.py:194: DeprecationWarning: The sql_alchemy_conn option in [core] has been moved to the sql_alchemy_conn option in [database] - the old setting has been used, but please update your config.
  SQL_ALCHEMY_CONN = conf.get("database", "SQL_ALCHEMY_CONN")

[2025-03-30T11:10:54.793+0000] {task_command.py:423} INFO - Running <TaskInstance: inout_data_ingestion.create_table scheduled__2024-10-03T00:00:00+00:00 [running]> on host ff9d64b065e6
[2025-03-30T11:10:54.898+0000] {taskinstance.py:2510} INFO - Exporting env vars: AIRFLOW_CTX_DAG_OWNER='***' AIRFLOW_CTX_DAG_ID='inout_data_ingestion' AIRFLOW_CTX_TASK_ID='create_table' AIRFLOW_CTX_EXECUTION_DATE='2024-10-03T00:00:00+00:00' AIRFLOW_CTX_TRY_NUMBER='1' AIRFLOW_CTX_DAG_RUN_ID='scheduled__2024-10-03T00:00:00+00:00'
[2025-03-30T11:10:54.905+0000] {inout_data.py:42} INFO - Successfully connected to MariaDB: INOUT on mariadb:3306
[2025-03-30T11:10:54.906+0000] {inout_data.py:124} INFO - Table emp_inout_rec created (if it didn't exist).
[2025-03-30T11:10:54.907+0000] {inout_data.py:78} INFO - MariaDB connection closed.
[2025-03-30T11:10:54.908+0000] {python.py:202} INFO - Done. Returned value was: None
[2025-03-30T11:10:54.926+0000] {taskinstance.py:1149} INFO - Marking task as SUCCESS. dag_id=inout_data_ingestion, task_id=create_table, execution_date=20241003T000000, start_date=20250330T111054, end_date=20250330T111054
[2025-03-30T11:10:54.972+0000] {local_task_job_runner.py:234} INFO - Task exited with return code 0
[2025-03-30T11:10:55.041+0000] {taskinstance.py:3309} INFO - 1 downstream tasks scheduled from follow-on schedule check
[2025-03-30T11:17:31.050+0000] {taskinstance.py:1979} INFO - Dependencies all met for dep_context=non-requeueable deps ti=<TaskInstance: inout_data_ingestion.create_table scheduled__2024-10-03T00:00:00+00:00 [queued]>
[2025-03-30T11:17:31.063+0000] {taskinstance.py:1979} INFO - Dependencies all met for dep_context=requeueable deps ti=<TaskInstance: inout_data_ingestion.create_table scheduled__2024-10-03T00:00:00+00:00 [queued]>
[2025-03-30T11:17:31.064+0000] {taskinstance.py:2193} INFO - Starting attempt 1 of 2
[2025-03-30T11:17:31.084+0000] {taskinstance.py:2214} INFO - Executing <Task(PythonOperator): create_table> on 2024-10-03 00:00:00+00:00
[2025-03-30T11:17:31.087+0000] {standard_task_runner.py:60} INFO - Started process 2718 to run task
[2025-03-30T11:17:31.092+0000] {standard_task_runner.py:87} INFO - Running: ['***', 'tasks', 'run', 'inout_data_ingestion', 'create_table', 'scheduled__2024-10-03T00:00:00+00:00', '--job-id', '1334', '--raw', '--subdir', 'DAGS_FOLDER/inout_data.py', '--cfg-path', '/tmp/tmpnltbkbkt']
[2025-03-30T11:17:31.094+0000] {standard_task_runner.py:88} INFO - Job 1334: Subtask create_table
[2025-03-30T11:17:31.106+0000] {warnings.py:109} WARNING - /home/***/.local/lib/python3.8/site-packages/***/settings.py:194: DeprecationWarning: The sql_alchemy_conn option in [core] has been moved to the sql_alchemy_conn option in [database] - the old setting has been used, but please update your config.
  SQL_ALCHEMY_CONN = conf.get("database", "SQL_ALCHEMY_CONN")

[2025-03-30T11:17:31.133+0000] {task_command.py:423} INFO - Running <TaskInstance: inout_data_ingestion.create_table scheduled__2024-10-03T00:00:00+00:00 [running]> on host ff9d64b065e6
[2025-03-30T11:17:31.193+0000] {taskinstance.py:2510} INFO - Exporting env vars: AIRFLOW_CTX_DAG_OWNER='***' AIRFLOW_CTX_DAG_ID='inout_data_ingestion' AIRFLOW_CTX_TASK_ID='create_table' AIRFLOW_CTX_EXECUTION_DATE='2024-10-03T00:00:00+00:00' AIRFLOW_CTX_TRY_NUMBER='1' AIRFLOW_CTX_DAG_RUN_ID='scheduled__2024-10-03T00:00:00+00:00'
[2025-03-30T11:17:31.196+0000] {inout_data.py:42} INFO - Successfully connected to MariaDB: INOUT on mariadb:3306
[2025-03-30T11:17:31.197+0000] {inout_data.py:117} INFO - Table emp_inout_rec created (if it didn't exist).
[2025-03-30T11:17:31.197+0000] {inout_data.py:78} INFO - MariaDB connection closed.
[2025-03-30T11:17:31.197+0000] {python.py:202} INFO - Done. Returned value was: None
[2025-03-30T11:17:31.211+0000] {taskinstance.py:1149} INFO - Marking task as SUCCESS. dag_id=inout_data_ingestion, task_id=create_table, execution_date=20241003T000000, start_date=20250330T111731, end_date=20250330T111731
[2025-03-30T11:17:31.235+0000] {local_task_job_runner.py:234} INFO - Task exited with return code 0
[2025-03-30T11:17:31.249+0000] {taskinstance.py:3309} INFO - 1 downstream tasks scheduled from follow-on schedule check
[2025-03-30T11:29:57.576+0000] {taskinstance.py:1979} INFO - Dependencies all met for dep_context=non-requeueable deps ti=<TaskInstance: inout_data_ingestion.create_table scheduled__2024-10-03T00:00:00+00:00 [queued]>
[2025-03-30T11:29:57.592+0000] {taskinstance.py:1979} INFO - Dependencies all met for dep_context=requeueable deps ti=<TaskInstance: inout_data_ingestion.create_table scheduled__2024-10-03T00:00:00+00:00 [queued]>
[2025-03-30T11:29:57.594+0000] {taskinstance.py:2193} INFO - Starting attempt 1 of 2
[2025-03-30T11:29:57.612+0000] {taskinstance.py:2214} INFO - Executing <Task(PythonOperator): create_table> on 2024-10-03 00:00:00+00:00
[2025-03-30T11:29:57.616+0000] {standard_task_runner.py:60} INFO - Started process 4641 to run task
[2025-03-30T11:29:57.621+0000] {standard_task_runner.py:87} INFO - Running: ['***', 'tasks', 'run', 'inout_data_ingestion', 'create_table', 'scheduled__2024-10-03T00:00:00+00:00', '--job-id', '2295', '--raw', '--subdir', 'DAGS_FOLDER/inout_data.py', '--cfg-path', '/tmp/tmp7dps95os']
[2025-03-30T11:29:57.625+0000] {standard_task_runner.py:88} INFO - Job 2295: Subtask create_table
[2025-03-30T11:29:57.639+0000] {warnings.py:109} WARNING - /home/***/.local/lib/python3.8/site-packages/***/settings.py:194: DeprecationWarning: The sql_alchemy_conn option in [core] has been moved to the sql_alchemy_conn option in [database] - the old setting has been used, but please update your config.
  SQL_ALCHEMY_CONN = conf.get("database", "SQL_ALCHEMY_CONN")

[2025-03-30T11:29:57.677+0000] {task_command.py:423} INFO - Running <TaskInstance: inout_data_ingestion.create_table scheduled__2024-10-03T00:00:00+00:00 [running]> on host ff9d64b065e6
[2025-03-30T11:29:57.739+0000] {taskinstance.py:2510} INFO - Exporting env vars: AIRFLOW_CTX_DAG_OWNER='***' AIRFLOW_CTX_DAG_ID='inout_data_ingestion' AIRFLOW_CTX_TASK_ID='create_table' AIRFLOW_CTX_EXECUTION_DATE='2024-10-03T00:00:00+00:00' AIRFLOW_CTX_TRY_NUMBER='1' AIRFLOW_CTX_DAG_RUN_ID='scheduled__2024-10-03T00:00:00+00:00'
[2025-03-30T11:29:57.744+0000] {logging_mixin.py:188} INFO - Successfully connected to MariaDB: INOUT on mariadb:3306
[2025-03-30T11:29:57.745+0000] {inout_data.py:46} INFO - Table emp_inout_rec created (if it didn't exist).
[2025-03-30T11:29:57.745+0000] {logging_mixin.py:188} INFO - MariaDB connection closed.
[2025-03-30T11:29:57.746+0000] {python.py:202} INFO - Done. Returned value was: None
[2025-03-30T11:29:57.755+0000] {taskinstance.py:1149} INFO - Marking task as SUCCESS. dag_id=inout_data_ingestion, task_id=create_table, execution_date=20241003T000000, start_date=20250330T112957, end_date=20250330T112957
[2025-03-30T11:29:57.807+0000] {local_task_job_runner.py:234} INFO - Task exited with return code 0
[2025-03-30T11:29:57.892+0000] {taskinstance.py:3309} INFO - 1 downstream tasks scheduled from follow-on schedule check
[2025-03-30T11:34:52.742+0000] {taskinstance.py:1979} INFO - Dependencies all met for dep_context=non-requeueable deps ti=<TaskInstance: inout_data_ingestion.create_table scheduled__2024-10-03T00:00:00+00:00 [queued]>
[2025-03-30T11:34:52.763+0000] {taskinstance.py:1979} INFO - Dependencies all met for dep_context=requeueable deps ti=<TaskInstance: inout_data_ingestion.create_table scheduled__2024-10-03T00:00:00+00:00 [queued]>
[2025-03-30T11:34:52.765+0000] {taskinstance.py:2193} INFO - Starting attempt 1 of 2
[2025-03-30T11:34:52.833+0000] {taskinstance.py:2214} INFO - Executing <Task(PythonOperator): create_table> on 2024-10-03 00:00:00+00:00
[2025-03-30T11:34:52.848+0000] {standard_task_runner.py:60} INFO - Started process 6090 to run task
[2025-03-30T11:34:52.868+0000] {standard_task_runner.py:87} INFO - Running: ['***', 'tasks', 'run', 'inout_data_ingestion', 'create_table', 'scheduled__2024-10-03T00:00:00+00:00', '--job-id', '3019', '--raw', '--subdir', 'DAGS_FOLDER/inout_data.py', '--cfg-path', '/tmp/tmpiqah4np5']
[2025-03-30T11:34:52.873+0000] {standard_task_runner.py:88} INFO - Job 3019: Subtask create_table
[2025-03-30T11:34:52.923+0000] {warnings.py:109} WARNING - /home/***/.local/lib/python3.8/site-packages/***/settings.py:194: DeprecationWarning: The sql_alchemy_conn option in [core] has been moved to the sql_alchemy_conn option in [database] - the old setting has been used, but please update your config.
  SQL_ALCHEMY_CONN = conf.get("database", "SQL_ALCHEMY_CONN")

[2025-03-30T11:34:52.995+0000] {task_command.py:423} INFO - Running <TaskInstance: inout_data_ingestion.create_table scheduled__2024-10-03T00:00:00+00:00 [running]> on host ff9d64b065e6
[2025-03-30T11:34:53.172+0000] {taskinstance.py:2510} INFO - Exporting env vars: AIRFLOW_CTX_DAG_OWNER='***' AIRFLOW_CTX_DAG_ID='inout_data_ingestion' AIRFLOW_CTX_TASK_ID='create_table' AIRFLOW_CTX_EXECUTION_DATE='2024-10-03T00:00:00+00:00' AIRFLOW_CTX_TRY_NUMBER='1' AIRFLOW_CTX_DAG_RUN_ID='scheduled__2024-10-03T00:00:00+00:00'
[2025-03-30T11:34:53.187+0000] {logging_mixin.py:188} INFO - Successfully connected to MariaDB: INOUT on mariadb:3306
[2025-03-30T11:34:53.188+0000] {inout_data.py:46} INFO - Table emp_inout_rec created (if it didn't exist).
[2025-03-30T11:34:53.190+0000] {logging_mixin.py:188} INFO - MariaDB connection closed.
[2025-03-30T11:34:53.192+0000] {python.py:202} INFO - Done. Returned value was: None
[2025-03-30T11:34:53.212+0000] {taskinstance.py:1149} INFO - Marking task as SUCCESS. dag_id=inout_data_ingestion, task_id=create_table, execution_date=20241003T000000, start_date=20250330T113452, end_date=20250330T113453
[2025-03-30T11:34:53.299+0000] {local_task_job_runner.py:234} INFO - Task exited with return code 0
[2025-03-30T11:34:53.445+0000] {taskinstance.py:3309} INFO - 1 downstream tasks scheduled from follow-on schedule check
