[2025-03-30T11:11:29.716+0000] {taskinstance.py:1979} INFO - Dependencies all met for dep_context=non-requeueable deps ti=<TaskInstance: inout_data_ingestion.create_table scheduled__2024-10-03T21:30:00+00:00 [queued]>
[2025-03-30T11:11:29.721+0000] {taskinstance.py:1979} INFO - Dependencies all met for dep_context=requeueable deps ti=<TaskInstance: inout_data_ingestion.create_table scheduled__2024-10-03T21:30:00+00:00 [queued]>
[2025-03-30T11:11:29.722+0000] {taskinstance.py:2193} INFO - Starting attempt 1 of 2
[2025-03-30T11:11:29.734+0000] {taskinstance.py:2214} INFO - Executing <Task(PythonOperator): create_table> on 2024-10-03 21:30:00+00:00
[2025-03-30T11:11:29.738+0000] {standard_task_runner.py:60} INFO - Started process 1042 to run task
[2025-03-30T11:11:29.743+0000] {standard_task_runner.py:87} INFO - Running: ['***', 'tasks', 'run', 'inout_data_ingestion', 'create_table', 'scheduled__2024-10-03T21:30:00+00:00', '--job-id', '495', '--raw', '--subdir', 'DAGS_FOLDER/inout_data.py', '--cfg-path', '/tmp/tmpc543h714']
[2025-03-30T11:11:29.745+0000] {standard_task_runner.py:88} INFO - Job 495: Subtask create_table
[2025-03-30T11:11:29.769+0000] {warnings.py:109} WARNING - /home/***/.local/lib/python3.8/site-packages/***/settings.py:194: DeprecationWarning: The sql_alchemy_conn option in [core] has been moved to the sql_alchemy_conn option in [database] - the old setting has been used, but please update your config.
  SQL_ALCHEMY_CONN = conf.get("database", "SQL_ALCHEMY_CONN")

[2025-03-30T11:11:29.816+0000] {task_command.py:423} INFO - Running <TaskInstance: inout_data_ingestion.create_table scheduled__2024-10-03T21:30:00+00:00 [running]> on host ff9d64b065e6
[2025-03-30T11:11:29.915+0000] {taskinstance.py:2510} INFO - Exporting env vars: AIRFLOW_CTX_DAG_OWNER='***' AIRFLOW_CTX_DAG_ID='inout_data_ingestion' AIRFLOW_CTX_TASK_ID='create_table' AIRFLOW_CTX_EXECUTION_DATE='2024-10-03T21:30:00+00:00' AIRFLOW_CTX_TRY_NUMBER='1' AIRFLOW_CTX_DAG_RUN_ID='scheduled__2024-10-03T21:30:00+00:00'
[2025-03-30T11:11:29.920+0000] {inout_data.py:42} INFO - Successfully connected to MariaDB: INOUT on mariadb:3306
[2025-03-30T11:11:29.925+0000] {inout_data.py:124} INFO - Table emp_inout_rec created (if it didn't exist).
[2025-03-30T11:11:29.926+0000] {inout_data.py:78} INFO - MariaDB connection closed.
[2025-03-30T11:11:29.928+0000] {python.py:202} INFO - Done. Returned value was: None
[2025-03-30T11:11:29.939+0000] {taskinstance.py:1149} INFO - Marking task as SUCCESS. dag_id=inout_data_ingestion, task_id=create_table, execution_date=20241003T213000, start_date=20250330T111129, end_date=20250330T111129
[2025-03-30T11:11:29.964+0000] {local_task_job_runner.py:234} INFO - Task exited with return code 0
[2025-03-30T11:11:29.984+0000] {taskinstance.py:3309} INFO - 1 downstream tasks scheduled from follow-on schedule check
[2025-03-30T11:17:58.058+0000] {taskinstance.py:1979} INFO - Dependencies all met for dep_context=non-requeueable deps ti=<TaskInstance: inout_data_ingestion.create_table scheduled__2024-10-03T21:30:00+00:00 [queued]>
[2025-03-30T11:17:58.070+0000] {taskinstance.py:1979} INFO - Dependencies all met for dep_context=requeueable deps ti=<TaskInstance: inout_data_ingestion.create_table scheduled__2024-10-03T21:30:00+00:00 [queued]>
[2025-03-30T11:17:58.071+0000] {taskinstance.py:2193} INFO - Starting attempt 1 of 2
[2025-03-30T11:17:58.092+0000] {taskinstance.py:2214} INFO - Executing <Task(PythonOperator): create_table> on 2024-10-03 21:30:00+00:00
[2025-03-30T11:17:58.098+0000] {standard_task_runner.py:60} INFO - Started process 2889 to run task
[2025-03-30T11:17:58.102+0000] {standard_task_runner.py:87} INFO - Running: ['***', 'tasks', 'run', 'inout_data_ingestion', 'create_table', 'scheduled__2024-10-03T21:30:00+00:00', '--job-id', '1419', '--raw', '--subdir', 'DAGS_FOLDER/inout_data.py', '--cfg-path', '/tmp/tmp5svspi_s']
[2025-03-30T11:17:58.103+0000] {standard_task_runner.py:88} INFO - Job 1419: Subtask create_table
[2025-03-30T11:17:58.122+0000] {warnings.py:109} WARNING - /home/***/.local/lib/python3.8/site-packages/***/settings.py:194: DeprecationWarning: The sql_alchemy_conn option in [core] has been moved to the sql_alchemy_conn option in [database] - the old setting has been used, but please update your config.
  SQL_ALCHEMY_CONN = conf.get("database", "SQL_ALCHEMY_CONN")

[2025-03-30T11:17:58.224+0000] {task_command.py:423} INFO - Running <TaskInstance: inout_data_ingestion.create_table scheduled__2024-10-03T21:30:00+00:00 [running]> on host ff9d64b065e6
[2025-03-30T11:17:58.355+0000] {taskinstance.py:2510} INFO - Exporting env vars: AIRFLOW_CTX_DAG_OWNER='***' AIRFLOW_CTX_DAG_ID='inout_data_ingestion' AIRFLOW_CTX_TASK_ID='create_table' AIRFLOW_CTX_EXECUTION_DATE='2024-10-03T21:30:00+00:00' AIRFLOW_CTX_TRY_NUMBER='1' AIRFLOW_CTX_DAG_RUN_ID='scheduled__2024-10-03T21:30:00+00:00'
[2025-03-30T11:17:58.368+0000] {inout_data.py:42} INFO - Successfully connected to MariaDB: INOUT on mariadb:3306
[2025-03-30T11:17:58.369+0000] {inout_data.py:117} INFO - Table emp_inout_rec created (if it didn't exist).
[2025-03-30T11:17:58.370+0000] {inout_data.py:78} INFO - MariaDB connection closed.
[2025-03-30T11:17:58.371+0000] {python.py:202} INFO - Done. Returned value was: None
[2025-03-30T11:17:58.387+0000] {taskinstance.py:1149} INFO - Marking task as SUCCESS. dag_id=inout_data_ingestion, task_id=create_table, execution_date=20241003T213000, start_date=20250330T111758, end_date=20250330T111758
[2025-03-30T11:17:58.411+0000] {local_task_job_runner.py:234} INFO - Task exited with return code 0
[2025-03-30T11:17:58.458+0000] {taskinstance.py:3309} INFO - 1 downstream tasks scheduled from follow-on schedule check
[2025-03-30T11:30:24.302+0000] {taskinstance.py:1979} INFO - Dependencies all met for dep_context=non-requeueable deps ti=<TaskInstance: inout_data_ingestion.create_table scheduled__2024-10-03T21:30:00+00:00 [queued]>
[2025-03-30T11:30:24.319+0000] {taskinstance.py:1979} INFO - Dependencies all met for dep_context=requeueable deps ti=<TaskInstance: inout_data_ingestion.create_table scheduled__2024-10-03T21:30:00+00:00 [queued]>
[2025-03-30T11:30:24.321+0000] {taskinstance.py:2193} INFO - Starting attempt 1 of 2
[2025-03-30T11:30:24.340+0000] {taskinstance.py:2214} INFO - Executing <Task(PythonOperator): create_table> on 2024-10-03 21:30:00+00:00
[2025-03-30T11:30:24.345+0000] {standard_task_runner.py:60} INFO - Started process 4815 to run task
[2025-03-30T11:30:24.360+0000] {standard_task_runner.py:87} INFO - Running: ['***', 'tasks', 'run', 'inout_data_ingestion', 'create_table', 'scheduled__2024-10-03T21:30:00+00:00', '--job-id', '2382', '--raw', '--subdir', 'DAGS_FOLDER/inout_data.py', '--cfg-path', '/tmp/tmpfxxyri1y']
[2025-03-30T11:30:24.362+0000] {standard_task_runner.py:88} INFO - Job 2382: Subtask create_table
[2025-03-30T11:30:24.384+0000] {warnings.py:109} WARNING - /home/***/.local/lib/python3.8/site-packages/***/settings.py:194: DeprecationWarning: The sql_alchemy_conn option in [core] has been moved to the sql_alchemy_conn option in [database] - the old setting has been used, but please update your config.
  SQL_ALCHEMY_CONN = conf.get("database", "SQL_ALCHEMY_CONN")

[2025-03-30T11:30:24.457+0000] {task_command.py:423} INFO - Running <TaskInstance: inout_data_ingestion.create_table scheduled__2024-10-03T21:30:00+00:00 [running]> on host ff9d64b065e6
[2025-03-30T11:30:24.565+0000] {taskinstance.py:2510} INFO - Exporting env vars: AIRFLOW_CTX_DAG_OWNER='***' AIRFLOW_CTX_DAG_ID='inout_data_ingestion' AIRFLOW_CTX_TASK_ID='create_table' AIRFLOW_CTX_EXECUTION_DATE='2024-10-03T21:30:00+00:00' AIRFLOW_CTX_TRY_NUMBER='1' AIRFLOW_CTX_DAG_RUN_ID='scheduled__2024-10-03T21:30:00+00:00'
[2025-03-30T11:30:24.572+0000] {logging_mixin.py:188} INFO - Successfully connected to MariaDB: INOUT on mariadb:3306
[2025-03-30T11:30:24.574+0000] {inout_data.py:46} INFO - Table emp_inout_rec created (if it didn't exist).
[2025-03-30T11:30:24.575+0000] {logging_mixin.py:188} INFO - MariaDB connection closed.
[2025-03-30T11:30:24.575+0000] {python.py:202} INFO - Done. Returned value was: None
[2025-03-30T11:30:24.588+0000] {taskinstance.py:1149} INFO - Marking task as SUCCESS. dag_id=inout_data_ingestion, task_id=create_table, execution_date=20241003T213000, start_date=20250330T113024, end_date=20250330T113024
[2025-03-30T11:30:24.660+0000] {local_task_job_runner.py:234} INFO - Task exited with return code 0
[2025-03-30T11:30:24.697+0000] {taskinstance.py:3309} INFO - 1 downstream tasks scheduled from follow-on schedule check
