[2025-03-30T11:09:06.436+0000] {taskinstance.py:1979} INFO - Dependencies all met for dep_context=non-requeueable deps ti=<TaskInstance: inout_data_ingestion.create_table scheduled__2024-09-29T15:30:00+00:00 [queued]>
[2025-03-30T11:09:06.453+0000] {taskinstance.py:1979} INFO - Dependencies all met for dep_context=requeueable deps ti=<TaskInstance: inout_data_ingestion.create_table scheduled__2024-09-29T15:30:00+00:00 [queued]>
[2025-03-30T11:09:06.454+0000] {taskinstance.py:2193} INFO - Starting attempt 1 of 2
[2025-03-30T11:09:06.474+0000] {taskinstance.py:2214} INFO - Executing <Task(PythonOperator): create_table> on 2024-09-29 15:30:00+00:00
[2025-03-30T11:09:06.479+0000] {standard_task_runner.py:60} INFO - Started process 227 to run task
[2025-03-30T11:09:06.490+0000] {standard_task_runner.py:87} INFO - Running: ['***', 'tasks', 'run', 'inout_data_ingestion', 'create_table', 'scheduled__2024-09-29T15:30:00+00:00', '--job-id', '87', '--raw', '--subdir', 'DAGS_FOLDER/inout_data.py', '--cfg-path', '/tmp/tmpunwbwexv']
[2025-03-30T11:09:06.492+0000] {standard_task_runner.py:88} INFO - Job 87: Subtask create_table
[2025-03-30T11:09:06.520+0000] {warnings.py:109} WARNING - /home/***/.local/lib/python3.8/site-packages/***/settings.py:194: DeprecationWarning: The sql_alchemy_conn option in [core] has been moved to the sql_alchemy_conn option in [database] - the old setting has been used, but please update your config.
  SQL_ALCHEMY_CONN = conf.get("database", "SQL_ALCHEMY_CONN")

[2025-03-30T11:09:06.594+0000] {task_command.py:423} INFO - Running <TaskInstance: inout_data_ingestion.create_table scheduled__2024-09-29T15:30:00+00:00 [running]> on host ff9d64b065e6
[2025-03-30T11:09:06.696+0000] {taskinstance.py:2510} INFO - Exporting env vars: AIRFLOW_CTX_DAG_OWNER='***' AIRFLOW_CTX_DAG_ID='inout_data_ingestion' AIRFLOW_CTX_TASK_ID='create_table' AIRFLOW_CTX_EXECUTION_DATE='2024-09-29T15:30:00+00:00' AIRFLOW_CTX_TRY_NUMBER='1' AIRFLOW_CTX_DAG_RUN_ID='scheduled__2024-09-29T15:30:00+00:00'
[2025-03-30T11:09:06.704+0000] {inout_data.py:42} INFO - Successfully connected to MariaDB: INOUT on mariadb:3306
[2025-03-30T11:09:06.710+0000] {inout_data.py:124} INFO - Table emp_inout_rec created (if it didn't exist).
[2025-03-30T11:09:06.711+0000] {inout_data.py:78} INFO - MariaDB connection closed.
[2025-03-30T11:09:06.712+0000] {python.py:202} INFO - Done. Returned value was: None
[2025-03-30T11:09:06.736+0000] {taskinstance.py:1149} INFO - Marking task as SUCCESS. dag_id=inout_data_ingestion, task_id=create_table, execution_date=20240929T153000, start_date=20250330T110906, end_date=20250330T110906
[2025-03-30T11:09:06.799+0000] {local_task_job_runner.py:234} INFO - Task exited with return code 0
[2025-03-30T11:09:06.971+0000] {taskinstance.py:3309} INFO - 0 downstream tasks scheduled from follow-on schedule check
[2025-03-30T11:15:42.921+0000] {taskinstance.py:1979} INFO - Dependencies all met for dep_context=non-requeueable deps ti=<TaskInstance: inout_data_ingestion.create_table scheduled__2024-09-29T15:30:00+00:00 [queued]>
[2025-03-30T11:15:43.002+0000] {taskinstance.py:1979} INFO - Dependencies all met for dep_context=requeueable deps ti=<TaskInstance: inout_data_ingestion.create_table scheduled__2024-09-29T15:30:00+00:00 [queued]>
[2025-03-30T11:15:43.009+0000] {taskinstance.py:2193} INFO - Starting attempt 1 of 2
[2025-03-30T11:15:43.052+0000] {taskinstance.py:2214} INFO - Executing <Task(PythonOperator): create_table> on 2024-09-29 15:30:00+00:00
[2025-03-30T11:15:43.060+0000] {standard_task_runner.py:60} INFO - Started process 2074 to run task
[2025-03-30T11:15:43.080+0000] {standard_task_runner.py:87} INFO - Running: ['***', 'tasks', 'run', 'inout_data_ingestion', 'create_table', 'scheduled__2024-09-29T15:30:00+00:00', '--job-id', '1011', '--raw', '--subdir', 'DAGS_FOLDER/inout_data.py', '--cfg-path', '/tmp/tmpbkg_e5m4']
[2025-03-30T11:15:43.090+0000] {standard_task_runner.py:88} INFO - Job 1011: Subtask create_table
[2025-03-30T11:15:43.120+0000] {warnings.py:109} WARNING - /home/***/.local/lib/python3.8/site-packages/***/settings.py:194: DeprecationWarning: The sql_alchemy_conn option in [core] has been moved to the sql_alchemy_conn option in [database] - the old setting has been used, but please update your config.
  SQL_ALCHEMY_CONN = conf.get("database", "SQL_ALCHEMY_CONN")

[2025-03-30T11:15:43.173+0000] {task_command.py:423} INFO - Running <TaskInstance: inout_data_ingestion.create_table scheduled__2024-09-29T15:30:00+00:00 [running]> on host ff9d64b065e6
[2025-03-30T11:15:43.278+0000] {taskinstance.py:2510} INFO - Exporting env vars: AIRFLOW_CTX_DAG_OWNER='***' AIRFLOW_CTX_DAG_ID='inout_data_ingestion' AIRFLOW_CTX_TASK_ID='create_table' AIRFLOW_CTX_EXECUTION_DATE='2024-09-29T15:30:00+00:00' AIRFLOW_CTX_TRY_NUMBER='1' AIRFLOW_CTX_DAG_RUN_ID='scheduled__2024-09-29T15:30:00+00:00'
[2025-03-30T11:15:43.288+0000] {inout_data.py:42} INFO - Successfully connected to MariaDB: INOUT on mariadb:3306
[2025-03-30T11:15:43.289+0000] {inout_data.py:117} INFO - Table emp_inout_rec created (if it didn't exist).
[2025-03-30T11:15:43.290+0000] {inout_data.py:78} INFO - MariaDB connection closed.
[2025-03-30T11:15:43.290+0000] {python.py:202} INFO - Done. Returned value was: None
[2025-03-30T11:15:43.311+0000] {taskinstance.py:1149} INFO - Marking task as SUCCESS. dag_id=inout_data_ingestion, task_id=create_table, execution_date=20240929T153000, start_date=20250330T111542, end_date=20250330T111543
[2025-03-30T11:15:43.372+0000] {local_task_job_runner.py:234} INFO - Task exited with return code 0
[2025-03-30T11:15:43.402+0000] {taskinstance.py:3309} INFO - 1 downstream tasks scheduled from follow-on schedule check
[2025-03-30T11:28:17.784+0000] {taskinstance.py:1979} INFO - Dependencies all met for dep_context=non-requeueable deps ti=<TaskInstance: inout_data_ingestion.create_table scheduled__2024-09-29T15:30:00+00:00 [queued]>
[2025-03-30T11:28:17.804+0000] {taskinstance.py:1979} INFO - Dependencies all met for dep_context=requeueable deps ti=<TaskInstance: inout_data_ingestion.create_table scheduled__2024-09-29T15:30:00+00:00 [queued]>
[2025-03-30T11:28:17.805+0000] {taskinstance.py:2193} INFO - Starting attempt 1 of 2
[2025-03-30T11:28:17.835+0000] {taskinstance.py:2214} INFO - Executing <Task(PythonOperator): create_table> on 2024-09-29 15:30:00+00:00
[2025-03-30T11:28:17.850+0000] {standard_task_runner.py:60} INFO - Started process 3997 to run task
[2025-03-30T11:28:17.867+0000] {standard_task_runner.py:87} INFO - Running: ['***', 'tasks', 'run', 'inout_data_ingestion', 'create_table', 'scheduled__2024-09-29T15:30:00+00:00', '--job-id', '1973', '--raw', '--subdir', 'DAGS_FOLDER/inout_data.py', '--cfg-path', '/tmp/tmp2f8hwsbq']
[2025-03-30T11:28:17.873+0000] {standard_task_runner.py:88} INFO - Job 1973: Subtask create_table
[2025-03-30T11:28:17.893+0000] {warnings.py:109} WARNING - /home/***/.local/lib/python3.8/site-packages/***/settings.py:194: DeprecationWarning: The sql_alchemy_conn option in [core] has been moved to the sql_alchemy_conn option in [database] - the old setting has been used, but please update your config.
  SQL_ALCHEMY_CONN = conf.get("database", "SQL_ALCHEMY_CONN")

[2025-03-30T11:28:17.985+0000] {task_command.py:423} INFO - Running <TaskInstance: inout_data_ingestion.create_table scheduled__2024-09-29T15:30:00+00:00 [running]> on host ff9d64b065e6
[2025-03-30T11:28:18.148+0000] {taskinstance.py:2510} INFO - Exporting env vars: AIRFLOW_CTX_DAG_OWNER='***' AIRFLOW_CTX_DAG_ID='inout_data_ingestion' AIRFLOW_CTX_TASK_ID='create_table' AIRFLOW_CTX_EXECUTION_DATE='2024-09-29T15:30:00+00:00' AIRFLOW_CTX_TRY_NUMBER='1' AIRFLOW_CTX_DAG_RUN_ID='scheduled__2024-09-29T15:30:00+00:00'
[2025-03-30T11:28:18.158+0000] {logging_mixin.py:188} INFO - Successfully connected to MariaDB: INOUT on mariadb:3306
[2025-03-30T11:28:18.161+0000] {inout_data.py:46} INFO - Table emp_inout_rec created (if it didn't exist).
[2025-03-30T11:28:18.162+0000] {logging_mixin.py:188} INFO - MariaDB connection closed.
[2025-03-30T11:28:18.162+0000] {python.py:202} INFO - Done. Returned value was: None
[2025-03-30T11:28:18.183+0000] {taskinstance.py:1149} INFO - Marking task as SUCCESS. dag_id=inout_data_ingestion, task_id=create_table, execution_date=20240929T153000, start_date=20250330T112817, end_date=20250330T112818
[2025-03-30T11:28:18.208+0000] {local_task_job_runner.py:234} INFO - Task exited with return code 0
[2025-03-30T11:28:18.251+0000] {taskinstance.py:3309} INFO - 1 downstream tasks scheduled from follow-on schedule check
[2025-03-30T11:32:57.801+0000] {taskinstance.py:1979} INFO - Dependencies all met for dep_context=non-requeueable deps ti=<TaskInstance: inout_data_ingestion.create_table scheduled__2024-09-29T15:30:00+00:00 [queued]>
[2025-03-30T11:32:57.817+0000] {taskinstance.py:1979} INFO - Dependencies all met for dep_context=requeueable deps ti=<TaskInstance: inout_data_ingestion.create_table scheduled__2024-09-29T15:30:00+00:00 [queued]>
[2025-03-30T11:32:57.817+0000] {taskinstance.py:2193} INFO - Starting attempt 1 of 2
[2025-03-30T11:32:57.833+0000] {taskinstance.py:2214} INFO - Executing <Task(PythonOperator): create_table> on 2024-09-29 15:30:00+00:00
[2025-03-30T11:32:57.841+0000] {standard_task_runner.py:60} INFO - Started process 5445 to run task
[2025-03-30T11:32:57.846+0000] {standard_task_runner.py:87} INFO - Running: ['***', 'tasks', 'run', 'inout_data_ingestion', 'create_table', 'scheduled__2024-09-29T15:30:00+00:00', '--job-id', '2697', '--raw', '--subdir', 'DAGS_FOLDER/inout_data.py', '--cfg-path', '/tmp/tmprep85ec4']
[2025-03-30T11:32:57.849+0000] {standard_task_runner.py:88} INFO - Job 2697: Subtask create_table
[2025-03-30T11:32:57.861+0000] {warnings.py:109} WARNING - /home/***/.local/lib/python3.8/site-packages/***/settings.py:194: DeprecationWarning: The sql_alchemy_conn option in [core] has been moved to the sql_alchemy_conn option in [database] - the old setting has been used, but please update your config.
  SQL_ALCHEMY_CONN = conf.get("database", "SQL_ALCHEMY_CONN")

[2025-03-30T11:32:57.892+0000] {task_command.py:423} INFO - Running <TaskInstance: inout_data_ingestion.create_table scheduled__2024-09-29T15:30:00+00:00 [running]> on host ff9d64b065e6
[2025-03-30T11:32:57.959+0000] {taskinstance.py:2510} INFO - Exporting env vars: AIRFLOW_CTX_DAG_OWNER='***' AIRFLOW_CTX_DAG_ID='inout_data_ingestion' AIRFLOW_CTX_TASK_ID='create_table' AIRFLOW_CTX_EXECUTION_DATE='2024-09-29T15:30:00+00:00' AIRFLOW_CTX_TRY_NUMBER='1' AIRFLOW_CTX_DAG_RUN_ID='scheduled__2024-09-29T15:30:00+00:00'
[2025-03-30T11:32:57.968+0000] {logging_mixin.py:188} INFO - Successfully connected to MariaDB: INOUT on mariadb:3306
[2025-03-30T11:32:57.971+0000] {inout_data.py:46} INFO - Table emp_inout_rec created (if it didn't exist).
[2025-03-30T11:32:57.975+0000] {logging_mixin.py:188} INFO - MariaDB connection closed.
[2025-03-30T11:32:57.975+0000] {python.py:202} INFO - Done. Returned value was: None
[2025-03-30T11:32:57.990+0000] {taskinstance.py:1149} INFO - Marking task as SUCCESS. dag_id=inout_data_ingestion, task_id=create_table, execution_date=20240929T153000, start_date=20250330T113257, end_date=20250330T113257
[2025-03-30T11:32:58.026+0000] {local_task_job_runner.py:234} INFO - Task exited with return code 0
[2025-03-30T11:32:58.051+0000] {taskinstance.py:3309} INFO - 1 downstream tasks scheduled from follow-on schedule check
[2025-03-30T11:38:25.410+0000] {taskinstance.py:1979} INFO - Dependencies all met for dep_context=non-requeueable deps ti=<TaskInstance: inout_data_ingestion.create_table scheduled__2024-09-29T15:30:00+00:00 [queued]>
[2025-03-30T11:38:25.431+0000] {taskinstance.py:1979} INFO - Dependencies all met for dep_context=requeueable deps ti=<TaskInstance: inout_data_ingestion.create_table scheduled__2024-09-29T15:30:00+00:00 [queued]>
[2025-03-30T11:38:25.432+0000] {taskinstance.py:2193} INFO - Starting attempt 1 of 2
[2025-03-30T11:38:25.447+0000] {taskinstance.py:2214} INFO - Executing <Task(PythonOperator): create_table> on 2024-09-29 15:30:00+00:00
[2025-03-30T11:38:25.453+0000] {standard_task_runner.py:60} INFO - Started process 6356 to run task
[2025-03-30T11:38:25.462+0000] {standard_task_runner.py:87} INFO - Running: ['***', 'tasks', 'run', 'inout_data_ingestion', 'create_table', 'scheduled__2024-09-29T15:30:00+00:00', '--job-id', '3152', '--raw', '--subdir', 'DAGS_FOLDER/inout_data.py', '--cfg-path', '/tmp/tmpl6hngryn']
[2025-03-30T11:38:25.464+0000] {standard_task_runner.py:88} INFO - Job 3152: Subtask create_table
[2025-03-30T11:38:25.501+0000] {warnings.py:109} WARNING - /home/***/.local/lib/python3.8/site-packages/***/settings.py:194: DeprecationWarning: The sql_alchemy_conn option in [core] has been moved to the sql_alchemy_conn option in [database] - the old setting has been used, but please update your config.
  SQL_ALCHEMY_CONN = conf.get("database", "SQL_ALCHEMY_CONN")

[2025-03-30T11:38:25.577+0000] {task_command.py:423} INFO - Running <TaskInstance: inout_data_ingestion.create_table scheduled__2024-09-29T15:30:00+00:00 [running]> on host ff9d64b065e6
[2025-03-30T11:38:25.686+0000] {taskinstance.py:2510} INFO - Exporting env vars: AIRFLOW_CTX_DAG_OWNER='***' AIRFLOW_CTX_DAG_ID='inout_data_ingestion' AIRFLOW_CTX_TASK_ID='create_table' AIRFLOW_CTX_EXECUTION_DATE='2024-09-29T15:30:00+00:00' AIRFLOW_CTX_TRY_NUMBER='1' AIRFLOW_CTX_DAG_RUN_ID='scheduled__2024-09-29T15:30:00+00:00'
[2025-03-30T11:38:25.690+0000] {logging_mixin.py:188} INFO - Successfully connected to MariaDB: INOUT on mariadb:3306
[2025-03-30T11:38:25.691+0000] {inout_data.py:46} INFO - Table emp_inout_rec created (if it didn't exist).
[2025-03-30T11:38:25.692+0000] {logging_mixin.py:188} INFO - MariaDB connection closed.
[2025-03-30T11:38:25.693+0000] {python.py:202} INFO - Done. Returned value was: None
[2025-03-30T11:38:25.708+0000] {taskinstance.py:1149} INFO - Marking task as SUCCESS. dag_id=inout_data_ingestion, task_id=create_table, execution_date=20240929T153000, start_date=20250330T113825, end_date=20250330T113825
[2025-03-30T11:38:25.765+0000] {local_task_job_runner.py:234} INFO - Task exited with return code 0
[2025-03-30T11:38:25.801+0000] {taskinstance.py:3309} INFO - 1 downstream tasks scheduled from follow-on schedule check
[2025-03-30T11:40:31.426+0000] {taskinstance.py:1979} INFO - Dependencies all met for dep_context=non-requeueable deps ti=<TaskInstance: inout_data_ingestion.create_table scheduled__2024-09-29T15:30:00+00:00 [queued]>
[2025-03-30T11:40:31.437+0000] {taskinstance.py:1979} INFO - Dependencies all met for dep_context=requeueable deps ti=<TaskInstance: inout_data_ingestion.create_table scheduled__2024-09-29T15:30:00+00:00 [queued]>
[2025-03-30T11:40:31.438+0000] {taskinstance.py:2193} INFO - Starting attempt 1 of 2
[2025-03-30T11:40:31.457+0000] {taskinstance.py:2214} INFO - Executing <Task(PythonOperator): create_table> on 2024-09-29 15:30:00+00:00
[2025-03-30T11:40:31.464+0000] {standard_task_runner.py:60} INFO - Started process 6795 to run task
[2025-03-30T11:40:31.479+0000] {standard_task_runner.py:87} INFO - Running: ['***', 'tasks', 'run', 'inout_data_ingestion', 'create_table', 'scheduled__2024-09-29T15:30:00+00:00', '--job-id', '3372', '--raw', '--subdir', 'DAGS_FOLDER/inout_data.py', '--cfg-path', '/tmp/tmp88fwjox8']
[2025-03-30T11:40:31.480+0000] {standard_task_runner.py:88} INFO - Job 3372: Subtask create_table
[2025-03-30T11:40:31.495+0000] {warnings.py:109} WARNING - /home/***/.local/lib/python3.8/site-packages/***/settings.py:194: DeprecationWarning: The sql_alchemy_conn option in [core] has been moved to the sql_alchemy_conn option in [database] - the old setting has been used, but please update your config.
  SQL_ALCHEMY_CONN = conf.get("database", "SQL_ALCHEMY_CONN")

[2025-03-30T11:40:31.542+0000] {task_command.py:423} INFO - Running <TaskInstance: inout_data_ingestion.create_table scheduled__2024-09-29T15:30:00+00:00 [running]> on host ff9d64b065e6
[2025-03-30T11:40:31.643+0000] {taskinstance.py:2510} INFO - Exporting env vars: AIRFLOW_CTX_DAG_OWNER='***' AIRFLOW_CTX_DAG_ID='inout_data_ingestion' AIRFLOW_CTX_TASK_ID='create_table' AIRFLOW_CTX_EXECUTION_DATE='2024-09-29T15:30:00+00:00' AIRFLOW_CTX_TRY_NUMBER='1' AIRFLOW_CTX_DAG_RUN_ID='scheduled__2024-09-29T15:30:00+00:00'
[2025-03-30T11:40:31.650+0000] {logging_mixin.py:188} INFO - Successfully connected to MariaDB: INOUT on mariadb:3306
[2025-03-30T11:40:31.658+0000] {inout_data.py:46} INFO - Table emp_inout_rec created (if it didn't exist).
[2025-03-30T11:40:31.660+0000] {logging_mixin.py:188} INFO - MariaDB connection closed.
[2025-03-30T11:40:31.661+0000] {python.py:202} INFO - Done. Returned value was: None
[2025-03-30T11:40:31.674+0000] {taskinstance.py:1149} INFO - Marking task as SUCCESS. dag_id=inout_data_ingestion, task_id=create_table, execution_date=20240929T153000, start_date=20250330T114031, end_date=20250330T114031
[2025-03-30T11:40:31.700+0000] {local_task_job_runner.py:234} INFO - Task exited with return code 0
[2025-03-30T11:40:31.728+0000] {taskinstance.py:3309} INFO - 1 downstream tasks scheduled from follow-on schedule check
