[2025-03-30T11:13:45.950+0000] {taskinstance.py:1979} INFO - Dependencies all met for dep_context=non-requeueable deps ti=<TaskInstance: inout_data_ingestion.create_table scheduled__2024-10-08T05:00:00+00:00 [queued]>
[2025-03-30T11:13:45.961+0000] {taskinstance.py:1979} INFO - Dependencies all met for dep_context=requeueable deps ti=<TaskInstance: inout_data_ingestion.create_table scheduled__2024-10-08T05:00:00+00:00 [queued]>
[2025-03-30T11:13:45.963+0000] {taskinstance.py:2193} INFO - Starting attempt 1 of 2
[2025-03-30T11:13:45.985+0000] {taskinstance.py:2214} INFO - Executing <Task(PythonOperator): create_table> on 2024-10-08 05:00:00+00:00
[2025-03-30T11:13:45.991+0000] {standard_task_runner.py:60} INFO - Started process 1862 to run task
[2025-03-30T11:13:45.996+0000] {standard_task_runner.py:87} INFO - Running: ['***', 'tasks', 'run', 'inout_data_ingestion', 'create_table', 'scheduled__2024-10-08T05:00:00+00:00', '--job-id', '904', '--raw', '--subdir', 'DAGS_FOLDER/inout_data.py', '--cfg-path', '/tmp/tmpsywf1enj']
[2025-03-30T11:13:45.998+0000] {standard_task_runner.py:88} INFO - Job 904: Subtask create_table
[2025-03-30T11:13:46.011+0000] {warnings.py:109} WARNING - /home/***/.local/lib/python3.8/site-packages/***/settings.py:194: DeprecationWarning: The sql_alchemy_conn option in [core] has been moved to the sql_alchemy_conn option in [database] - the old setting has been used, but please update your config.
  SQL_ALCHEMY_CONN = conf.get("database", "SQL_ALCHEMY_CONN")

[2025-03-30T11:13:46.047+0000] {task_command.py:423} INFO - Running <TaskInstance: inout_data_ingestion.create_table scheduled__2024-10-08T05:00:00+00:00 [running]> on host ff9d64b065e6
[2025-03-30T11:13:46.161+0000] {taskinstance.py:2510} INFO - Exporting env vars: AIRFLOW_CTX_DAG_OWNER='***' AIRFLOW_CTX_DAG_ID='inout_data_ingestion' AIRFLOW_CTX_TASK_ID='create_table' AIRFLOW_CTX_EXECUTION_DATE='2024-10-08T05:00:00+00:00' AIRFLOW_CTX_TRY_NUMBER='1' AIRFLOW_CTX_DAG_RUN_ID='scheduled__2024-10-08T05:00:00+00:00'
[2025-03-30T11:13:46.175+0000] {inout_data.py:42} INFO - Successfully connected to MariaDB: INOUT on mariadb:3306
[2025-03-30T11:13:46.179+0000] {inout_data.py:124} INFO - Table emp_inout_rec created (if it didn't exist).
[2025-03-30T11:13:46.181+0000] {inout_data.py:78} INFO - MariaDB connection closed.
[2025-03-30T11:13:46.182+0000] {python.py:202} INFO - Done. Returned value was: None
[2025-03-30T11:13:46.195+0000] {taskinstance.py:1149} INFO - Marking task as SUCCESS. dag_id=inout_data_ingestion, task_id=create_table, execution_date=20241008T050000, start_date=20250330T111345, end_date=20250330T111346
[2025-03-30T11:13:46.258+0000] {local_task_job_runner.py:234} INFO - Task exited with return code 0
[2025-03-30T11:13:46.423+0000] {taskinstance.py:3309} INFO - 1 downstream tasks scheduled from follow-on schedule check
[2025-03-30T11:20:33.633+0000] {taskinstance.py:1979} INFO - Dependencies all met for dep_context=non-requeueable deps ti=<TaskInstance: inout_data_ingestion.create_table scheduled__2024-10-08T05:00:00+00:00 [queued]>
[2025-03-30T11:20:33.658+0000] {taskinstance.py:1979} INFO - Dependencies all met for dep_context=requeueable deps ti=<TaskInstance: inout_data_ingestion.create_table scheduled__2024-10-08T05:00:00+00:00 [queued]>
[2025-03-30T11:20:33.660+0000] {taskinstance.py:2193} INFO - Starting attempt 1 of 2
[2025-03-30T11:20:33.690+0000] {taskinstance.py:2214} INFO - Executing <Task(PythonOperator): create_table> on 2024-10-08 05:00:00+00:00
[2025-03-30T11:20:33.703+0000] {standard_task_runner.py:60} INFO - Started process 3721 to run task
[2025-03-30T11:20:33.717+0000] {standard_task_runner.py:87} INFO - Running: ['***', 'tasks', 'run', 'inout_data_ingestion', 'create_table', 'scheduled__2024-10-08T05:00:00+00:00', '--job-id', '1835', '--raw', '--subdir', 'DAGS_FOLDER/inout_data.py', '--cfg-path', '/tmp/tmpif15jmy_']
[2025-03-30T11:20:33.721+0000] {standard_task_runner.py:88} INFO - Job 1835: Subtask create_table
[2025-03-30T11:20:33.754+0000] {warnings.py:109} WARNING - /home/***/.local/lib/python3.8/site-packages/***/settings.py:194: DeprecationWarning: The sql_alchemy_conn option in [core] has been moved to the sql_alchemy_conn option in [database] - the old setting has been used, but please update your config.
  SQL_ALCHEMY_CONN = conf.get("database", "SQL_ALCHEMY_CONN")

[2025-03-30T11:20:33.852+0000] {task_command.py:423} INFO - Running <TaskInstance: inout_data_ingestion.create_table scheduled__2024-10-08T05:00:00+00:00 [running]> on host ff9d64b065e6
[2025-03-30T11:20:34.021+0000] {taskinstance.py:2510} INFO - Exporting env vars: AIRFLOW_CTX_DAG_OWNER='***' AIRFLOW_CTX_DAG_ID='inout_data_ingestion' AIRFLOW_CTX_TASK_ID='create_table' AIRFLOW_CTX_EXECUTION_DATE='2024-10-08T05:00:00+00:00' AIRFLOW_CTX_TRY_NUMBER='1' AIRFLOW_CTX_DAG_RUN_ID='scheduled__2024-10-08T05:00:00+00:00'
[2025-03-30T11:20:34.029+0000] {inout_data.py:42} INFO - Successfully connected to MariaDB: INOUT on mariadb:3306
[2025-03-30T11:20:34.030+0000] {inout_data.py:117} INFO - Table emp_inout_rec created (if it didn't exist).
[2025-03-30T11:20:34.030+0000] {inout_data.py:78} INFO - MariaDB connection closed.
[2025-03-30T11:20:34.031+0000] {python.py:202} INFO - Done. Returned value was: None
[2025-03-30T11:20:34.047+0000] {taskinstance.py:1149} INFO - Marking task as SUCCESS. dag_id=inout_data_ingestion, task_id=create_table, execution_date=20241008T050000, start_date=20250330T112033, end_date=20250330T112034
[2025-03-30T11:20:34.113+0000] {local_task_job_runner.py:234} INFO - Task exited with return code 0
[2025-03-30T11:20:34.200+0000] {taskinstance.py:3309} INFO - 1 downstream tasks scheduled from follow-on schedule check
