[2025-03-30T11:08:58.135+0000] {taskinstance.py:1979} INFO - Dependencies all met for dep_context=non-requeueable deps ti=<TaskInstance: inout_data_ingestion.create_table scheduled__2024-09-29T11:30:00+00:00 [queued]>
[2025-03-30T11:08:58.157+0000] {taskinstance.py:1979} INFO - Dependencies all met for dep_context=requeueable deps ti=<TaskInstance: inout_data_ingestion.create_table scheduled__2024-09-29T11:30:00+00:00 [queued]>
[2025-03-30T11:08:58.159+0000] {taskinstance.py:2193} INFO - Starting attempt 1 of 2
[2025-03-30T11:08:58.181+0000] {taskinstance.py:2214} INFO - Executing <Task(PythonOperator): create_table> on 2024-09-29 11:30:00+00:00
[2025-03-30T11:08:58.193+0000] {standard_task_runner.py:60} INFO - Started process 192 to run task
[2025-03-30T11:08:58.198+0000] {standard_task_runner.py:87} INFO - Running: ['***', 'tasks', 'run', 'inout_data_ingestion', 'create_table', 'scheduled__2024-09-29T11:30:00+00:00', '--job-id', '70', '--raw', '--subdir', 'DAGS_FOLDER/inout_data.py', '--cfg-path', '/tmp/tmpqlwf1r5_']
[2025-03-30T11:08:58.200+0000] {standard_task_runner.py:88} INFO - Job 70: Subtask create_table
[2025-03-30T11:08:58.230+0000] {warnings.py:109} WARNING - /home/***/.local/lib/python3.8/site-packages/***/settings.py:194: DeprecationWarning: The sql_alchemy_conn option in [core] has been moved to the sql_alchemy_conn option in [database] - the old setting has been used, but please update your config.
  SQL_ALCHEMY_CONN = conf.get("database", "SQL_ALCHEMY_CONN")

[2025-03-30T11:08:58.267+0000] {task_command.py:423} INFO - Running <TaskInstance: inout_data_ingestion.create_table scheduled__2024-09-29T11:30:00+00:00 [running]> on host ff9d64b065e6
[2025-03-30T11:08:58.343+0000] {taskinstance.py:2510} INFO - Exporting env vars: AIRFLOW_CTX_DAG_OWNER='***' AIRFLOW_CTX_DAG_ID='inout_data_ingestion' AIRFLOW_CTX_TASK_ID='create_table' AIRFLOW_CTX_EXECUTION_DATE='2024-09-29T11:30:00+00:00' AIRFLOW_CTX_TRY_NUMBER='1' AIRFLOW_CTX_DAG_RUN_ID='scheduled__2024-09-29T11:30:00+00:00'
[2025-03-30T11:08:58.350+0000] {inout_data.py:42} INFO - Successfully connected to MariaDB: INOUT on mariadb:3306
[2025-03-30T11:08:58.354+0000] {inout_data.py:124} INFO - Table emp_inout_rec created (if it didn't exist).
[2025-03-30T11:08:58.356+0000] {inout_data.py:78} INFO - MariaDB connection closed.
[2025-03-30T11:08:58.356+0000] {python.py:202} INFO - Done. Returned value was: None
[2025-03-30T11:08:58.466+0000] {taskinstance.py:1149} INFO - Marking task as SUCCESS. dag_id=inout_data_ingestion, task_id=create_table, execution_date=20240929T113000, start_date=20250330T110858, end_date=20250330T110858
[2025-03-30T11:08:58.575+0000] {local_task_job_runner.py:234} INFO - Task exited with return code 0
[2025-03-30T11:08:58.737+0000] {taskinstance.py:3309} INFO - 1 downstream tasks scheduled from follow-on schedule check
[2025-03-30T11:15:37.779+0000] {taskinstance.py:1979} INFO - Dependencies all met for dep_context=non-requeueable deps ti=<TaskInstance: inout_data_ingestion.create_table scheduled__2024-09-29T11:30:00+00:00 [queued]>
[2025-03-30T11:15:37.797+0000] {taskinstance.py:1979} INFO - Dependencies all met for dep_context=requeueable deps ti=<TaskInstance: inout_data_ingestion.create_table scheduled__2024-09-29T11:30:00+00:00 [queued]>
[2025-03-30T11:15:37.797+0000] {taskinstance.py:2193} INFO - Starting attempt 1 of 2
[2025-03-30T11:15:37.813+0000] {taskinstance.py:2214} INFO - Executing <Task(PythonOperator): create_table> on 2024-09-29 11:30:00+00:00
[2025-03-30T11:15:37.819+0000] {standard_task_runner.py:60} INFO - Started process 2042 to run task
[2025-03-30T11:15:37.823+0000] {standard_task_runner.py:87} INFO - Running: ['***', 'tasks', 'run', 'inout_data_ingestion', 'create_table', 'scheduled__2024-09-29T11:30:00+00:00', '--job-id', '996', '--raw', '--subdir', 'DAGS_FOLDER/inout_data.py', '--cfg-path', '/tmp/tmp4ptfqkwx']
[2025-03-30T11:15:37.825+0000] {standard_task_runner.py:88} INFO - Job 996: Subtask create_table
[2025-03-30T11:15:37.836+0000] {warnings.py:109} WARNING - /home/***/.local/lib/python3.8/site-packages/***/settings.py:194: DeprecationWarning: The sql_alchemy_conn option in [core] has been moved to the sql_alchemy_conn option in [database] - the old setting has been used, but please update your config.
  SQL_ALCHEMY_CONN = conf.get("database", "SQL_ALCHEMY_CONN")

[2025-03-30T11:15:37.870+0000] {task_command.py:423} INFO - Running <TaskInstance: inout_data_ingestion.create_table scheduled__2024-09-29T11:30:00+00:00 [running]> on host ff9d64b065e6
[2025-03-30T11:15:37.947+0000] {taskinstance.py:2510} INFO - Exporting env vars: AIRFLOW_CTX_DAG_OWNER='***' AIRFLOW_CTX_DAG_ID='inout_data_ingestion' AIRFLOW_CTX_TASK_ID='create_table' AIRFLOW_CTX_EXECUTION_DATE='2024-09-29T11:30:00+00:00' AIRFLOW_CTX_TRY_NUMBER='1' AIRFLOW_CTX_DAG_RUN_ID='scheduled__2024-09-29T11:30:00+00:00'
[2025-03-30T11:15:37.950+0000] {inout_data.py:42} INFO - Successfully connected to MariaDB: INOUT on mariadb:3306
[2025-03-30T11:15:37.951+0000] {inout_data.py:117} INFO - Table emp_inout_rec created (if it didn't exist).
[2025-03-30T11:15:37.951+0000] {inout_data.py:78} INFO - MariaDB connection closed.
[2025-03-30T11:15:37.951+0000] {python.py:202} INFO - Done. Returned value was: None
[2025-03-30T11:15:37.956+0000] {taskinstance.py:1149} INFO - Marking task as SUCCESS. dag_id=inout_data_ingestion, task_id=create_table, execution_date=20240929T113000, start_date=20250330T111537, end_date=20250330T111537
[2025-03-30T11:15:38.002+0000] {local_task_job_runner.py:234} INFO - Task exited with return code 0
[2025-03-30T11:15:38.021+0000] {taskinstance.py:3309} INFO - 1 downstream tasks scheduled from follow-on schedule check
[2025-03-30T11:28:11.728+0000] {taskinstance.py:1979} INFO - Dependencies all met for dep_context=non-requeueable deps ti=<TaskInstance: inout_data_ingestion.create_table scheduled__2024-09-29T11:30:00+00:00 [queued]>
[2025-03-30T11:28:11.746+0000] {taskinstance.py:1979} INFO - Dependencies all met for dep_context=requeueable deps ti=<TaskInstance: inout_data_ingestion.create_table scheduled__2024-09-29T11:30:00+00:00 [queued]>
[2025-03-30T11:28:11.746+0000] {taskinstance.py:2193} INFO - Starting attempt 1 of 2
[2025-03-30T11:28:11.784+0000] {taskinstance.py:2214} INFO - Executing <Task(PythonOperator): create_table> on 2024-09-29 11:30:00+00:00
[2025-03-30T11:28:11.801+0000] {standard_task_runner.py:60} INFO - Started process 3960 to run task
[2025-03-30T11:28:11.815+0000] {standard_task_runner.py:87} INFO - Running: ['***', 'tasks', 'run', 'inout_data_ingestion', 'create_table', 'scheduled__2024-09-29T11:30:00+00:00', '--job-id', '1954', '--raw', '--subdir', 'DAGS_FOLDER/inout_data.py', '--cfg-path', '/tmp/tmpmd979wzk']
[2025-03-30T11:28:11.817+0000] {standard_task_runner.py:88} INFO - Job 1954: Subtask create_table
[2025-03-30T11:28:11.839+0000] {warnings.py:109} WARNING - /home/***/.local/lib/python3.8/site-packages/***/settings.py:194: DeprecationWarning: The sql_alchemy_conn option in [core] has been moved to the sql_alchemy_conn option in [database] - the old setting has been used, but please update your config.
  SQL_ALCHEMY_CONN = conf.get("database", "SQL_ALCHEMY_CONN")

[2025-03-30T11:28:11.880+0000] {task_command.py:423} INFO - Running <TaskInstance: inout_data_ingestion.create_table scheduled__2024-09-29T11:30:00+00:00 [running]> on host ff9d64b065e6
[2025-03-30T11:28:12.008+0000] {taskinstance.py:2510} INFO - Exporting env vars: AIRFLOW_CTX_DAG_OWNER='***' AIRFLOW_CTX_DAG_ID='inout_data_ingestion' AIRFLOW_CTX_TASK_ID='create_table' AIRFLOW_CTX_EXECUTION_DATE='2024-09-29T11:30:00+00:00' AIRFLOW_CTX_TRY_NUMBER='1' AIRFLOW_CTX_DAG_RUN_ID='scheduled__2024-09-29T11:30:00+00:00'
[2025-03-30T11:28:12.017+0000] {logging_mixin.py:188} INFO - Successfully connected to MariaDB: INOUT on mariadb:3306
[2025-03-30T11:28:12.018+0000] {inout_data.py:46} INFO - Table emp_inout_rec created (if it didn't exist).
[2025-03-30T11:28:12.020+0000] {logging_mixin.py:188} INFO - MariaDB connection closed.
[2025-03-30T11:28:12.021+0000] {python.py:202} INFO - Done. Returned value was: None
[2025-03-30T11:28:12.031+0000] {taskinstance.py:1149} INFO - Marking task as SUCCESS. dag_id=inout_data_ingestion, task_id=create_table, execution_date=20240929T113000, start_date=20250330T112811, end_date=20250330T112812
[2025-03-30T11:28:12.075+0000] {local_task_job_runner.py:234} INFO - Task exited with return code 0
[2025-03-30T11:28:12.096+0000] {taskinstance.py:3309} INFO - 1 downstream tasks scheduled from follow-on schedule check
[2025-03-30T11:32:53.761+0000] {taskinstance.py:1979} INFO - Dependencies all met for dep_context=non-requeueable deps ti=<TaskInstance: inout_data_ingestion.create_table scheduled__2024-09-29T11:30:00+00:00 [queued]>
[2025-03-30T11:32:53.778+0000] {taskinstance.py:1979} INFO - Dependencies all met for dep_context=requeueable deps ti=<TaskInstance: inout_data_ingestion.create_table scheduled__2024-09-29T11:30:00+00:00 [queued]>
[2025-03-30T11:32:53.782+0000] {taskinstance.py:2193} INFO - Starting attempt 1 of 2
[2025-03-30T11:32:53.817+0000] {taskinstance.py:2214} INFO - Executing <Task(PythonOperator): create_table> on 2024-09-29 11:30:00+00:00
[2025-03-30T11:32:53.823+0000] {standard_task_runner.py:60} INFO - Started process 5417 to run task
[2025-03-30T11:32:53.833+0000] {standard_task_runner.py:87} INFO - Running: ['***', 'tasks', 'run', 'inout_data_ingestion', 'create_table', 'scheduled__2024-09-29T11:30:00+00:00', '--job-id', '2683', '--raw', '--subdir', 'DAGS_FOLDER/inout_data.py', '--cfg-path', '/tmp/tmp_11xrh3m']
[2025-03-30T11:32:53.835+0000] {standard_task_runner.py:88} INFO - Job 2683: Subtask create_table
[2025-03-30T11:32:53.868+0000] {warnings.py:109} WARNING - /home/***/.local/lib/python3.8/site-packages/***/settings.py:194: DeprecationWarning: The sql_alchemy_conn option in [core] has been moved to the sql_alchemy_conn option in [database] - the old setting has been used, but please update your config.
  SQL_ALCHEMY_CONN = conf.get("database", "SQL_ALCHEMY_CONN")

[2025-03-30T11:32:53.935+0000] {task_command.py:423} INFO - Running <TaskInstance: inout_data_ingestion.create_table scheduled__2024-09-29T11:30:00+00:00 [running]> on host ff9d64b065e6
[2025-03-30T11:32:54.071+0000] {taskinstance.py:2510} INFO - Exporting env vars: AIRFLOW_CTX_DAG_OWNER='***' AIRFLOW_CTX_DAG_ID='inout_data_ingestion' AIRFLOW_CTX_TASK_ID='create_table' AIRFLOW_CTX_EXECUTION_DATE='2024-09-29T11:30:00+00:00' AIRFLOW_CTX_TRY_NUMBER='1' AIRFLOW_CTX_DAG_RUN_ID='scheduled__2024-09-29T11:30:00+00:00'
[2025-03-30T11:32:54.080+0000] {logging_mixin.py:188} INFO - Successfully connected to MariaDB: INOUT on mariadb:3306
[2025-03-30T11:32:54.081+0000] {inout_data.py:46} INFO - Table emp_inout_rec created (if it didn't exist).
[2025-03-30T11:32:54.081+0000] {logging_mixin.py:188} INFO - MariaDB connection closed.
[2025-03-30T11:32:54.082+0000] {python.py:202} INFO - Done. Returned value was: None
[2025-03-30T11:32:54.091+0000] {taskinstance.py:1149} INFO - Marking task as SUCCESS. dag_id=inout_data_ingestion, task_id=create_table, execution_date=20240929T113000, start_date=20250330T113253, end_date=20250330T113254
[2025-03-30T11:32:54.140+0000] {local_task_job_runner.py:234} INFO - Task exited with return code 0
[2025-03-30T11:32:54.172+0000] {taskinstance.py:3309} INFO - 1 downstream tasks scheduled from follow-on schedule check
[2025-03-30T11:38:19.850+0000] {taskinstance.py:1979} INFO - Dependencies all met for dep_context=non-requeueable deps ti=<TaskInstance: inout_data_ingestion.create_table scheduled__2024-09-29T11:30:00+00:00 [queued]>
[2025-03-30T11:38:19.859+0000] {taskinstance.py:1979} INFO - Dependencies all met for dep_context=requeueable deps ti=<TaskInstance: inout_data_ingestion.create_table scheduled__2024-09-29T11:30:00+00:00 [queued]>
[2025-03-30T11:38:19.860+0000] {taskinstance.py:2193} INFO - Starting attempt 1 of 2
[2025-03-30T11:38:19.876+0000] {taskinstance.py:2214} INFO - Executing <Task(PythonOperator): create_table> on 2024-09-29 11:30:00+00:00
[2025-03-30T11:38:19.882+0000] {standard_task_runner.py:60} INFO - Started process 6321 to run task
[2025-03-30T11:38:19.889+0000] {standard_task_runner.py:87} INFO - Running: ['***', 'tasks', 'run', 'inout_data_ingestion', 'create_table', 'scheduled__2024-09-29T11:30:00+00:00', '--job-id', '3135', '--raw', '--subdir', 'DAGS_FOLDER/inout_data.py', '--cfg-path', '/tmp/tmp7996fpe3']
[2025-03-30T11:38:19.891+0000] {standard_task_runner.py:88} INFO - Job 3135: Subtask create_table
[2025-03-30T11:38:19.908+0000] {warnings.py:109} WARNING - /home/***/.local/lib/python3.8/site-packages/***/settings.py:194: DeprecationWarning: The sql_alchemy_conn option in [core] has been moved to the sql_alchemy_conn option in [database] - the old setting has been used, but please update your config.
  SQL_ALCHEMY_CONN = conf.get("database", "SQL_ALCHEMY_CONN")

[2025-03-30T11:38:19.951+0000] {task_command.py:423} INFO - Running <TaskInstance: inout_data_ingestion.create_table scheduled__2024-09-29T11:30:00+00:00 [running]> on host ff9d64b065e6
[2025-03-30T11:38:20.096+0000] {taskinstance.py:2510} INFO - Exporting env vars: AIRFLOW_CTX_DAG_OWNER='***' AIRFLOW_CTX_DAG_ID='inout_data_ingestion' AIRFLOW_CTX_TASK_ID='create_table' AIRFLOW_CTX_EXECUTION_DATE='2024-09-29T11:30:00+00:00' AIRFLOW_CTX_TRY_NUMBER='1' AIRFLOW_CTX_DAG_RUN_ID='scheduled__2024-09-29T11:30:00+00:00'
[2025-03-30T11:38:20.108+0000] {logging_mixin.py:188} INFO - Successfully connected to MariaDB: INOUT on mariadb:3306
[2025-03-30T11:38:20.110+0000] {inout_data.py:46} INFO - Table emp_inout_rec created (if it didn't exist).
[2025-03-30T11:38:20.111+0000] {logging_mixin.py:188} INFO - MariaDB connection closed.
[2025-03-30T11:38:20.112+0000] {python.py:202} INFO - Done. Returned value was: None
[2025-03-30T11:38:20.122+0000] {taskinstance.py:1149} INFO - Marking task as SUCCESS. dag_id=inout_data_ingestion, task_id=create_table, execution_date=20240929T113000, start_date=20250330T113819, end_date=20250330T113820
[2025-03-30T11:38:20.154+0000] {local_task_job_runner.py:234} INFO - Task exited with return code 0
[2025-03-30T11:38:20.176+0000] {taskinstance.py:3309} INFO - 1 downstream tasks scheduled from follow-on schedule check
[2025-03-30T11:40:25.562+0000] {taskinstance.py:1979} INFO - Dependencies all met for dep_context=non-requeueable deps ti=<TaskInstance: inout_data_ingestion.create_table scheduled__2024-09-29T11:30:00+00:00 [queued]>
[2025-03-30T11:40:25.589+0000] {taskinstance.py:1979} INFO - Dependencies all met for dep_context=requeueable deps ti=<TaskInstance: inout_data_ingestion.create_table scheduled__2024-09-29T11:30:00+00:00 [queued]>
[2025-03-30T11:40:25.590+0000] {taskinstance.py:2193} INFO - Starting attempt 1 of 2
[2025-03-30T11:40:25.620+0000] {taskinstance.py:2214} INFO - Executing <Task(PythonOperator): create_table> on 2024-09-29 11:30:00+00:00
[2025-03-30T11:40:25.638+0000] {standard_task_runner.py:60} INFO - Started process 6760 to run task
[2025-03-30T11:40:25.646+0000] {standard_task_runner.py:87} INFO - Running: ['***', 'tasks', 'run', 'inout_data_ingestion', 'create_table', 'scheduled__2024-09-29T11:30:00+00:00', '--job-id', '3354', '--raw', '--subdir', 'DAGS_FOLDER/inout_data.py', '--cfg-path', '/tmp/tmppt2yod7s']
[2025-03-30T11:40:25.650+0000] {standard_task_runner.py:88} INFO - Job 3354: Subtask create_table
[2025-03-30T11:40:25.672+0000] {warnings.py:109} WARNING - /home/***/.local/lib/python3.8/site-packages/***/settings.py:194: DeprecationWarning: The sql_alchemy_conn option in [core] has been moved to the sql_alchemy_conn option in [database] - the old setting has been used, but please update your config.
  SQL_ALCHEMY_CONN = conf.get("database", "SQL_ALCHEMY_CONN")

[2025-03-30T11:40:25.710+0000] {task_command.py:423} INFO - Running <TaskInstance: inout_data_ingestion.create_table scheduled__2024-09-29T11:30:00+00:00 [running]> on host ff9d64b065e6
[2025-03-30T11:40:25.805+0000] {taskinstance.py:2510} INFO - Exporting env vars: AIRFLOW_CTX_DAG_OWNER='***' AIRFLOW_CTX_DAG_ID='inout_data_ingestion' AIRFLOW_CTX_TASK_ID='create_table' AIRFLOW_CTX_EXECUTION_DATE='2024-09-29T11:30:00+00:00' AIRFLOW_CTX_TRY_NUMBER='1' AIRFLOW_CTX_DAG_RUN_ID='scheduled__2024-09-29T11:30:00+00:00'
[2025-03-30T11:40:25.809+0000] {logging_mixin.py:188} INFO - Successfully connected to MariaDB: INOUT on mariadb:3306
[2025-03-30T11:40:25.810+0000] {inout_data.py:46} INFO - Table emp_inout_rec created (if it didn't exist).
[2025-03-30T11:40:25.810+0000] {logging_mixin.py:188} INFO - MariaDB connection closed.
[2025-03-30T11:40:25.811+0000] {python.py:202} INFO - Done. Returned value was: None
[2025-03-30T11:40:25.817+0000] {taskinstance.py:1149} INFO - Marking task as SUCCESS. dag_id=inout_data_ingestion, task_id=create_table, execution_date=20240929T113000, start_date=20250330T114025, end_date=20250330T114025
[2025-03-30T11:40:25.870+0000] {local_task_job_runner.py:234} INFO - Task exited with return code 0
[2025-03-30T11:40:25.897+0000] {taskinstance.py:3309} INFO - 1 downstream tasks scheduled from follow-on schedule check
