[2025-03-30T11:09:20.009+0000] {taskinstance.py:1979} INFO - Dependencies all met for dep_context=non-requeueable deps ti=<TaskInstance: inout_data_ingestion.ingest_dummy_data scheduled__2024-09-30T02:00:00+00:00 [queued]>
[2025-03-30T11:09:20.017+0000] {taskinstance.py:1979} INFO - Dependencies all met for dep_context=requeueable deps ti=<TaskInstance: inout_data_ingestion.ingest_dummy_data scheduled__2024-09-30T02:00:00+00:00 [queued]>
[2025-03-30T11:09:20.018+0000] {taskinstance.py:2193} INFO - Starting attempt 1 of 2
[2025-03-30T11:09:20.032+0000] {taskinstance.py:2214} INFO - Executing <Task(PythonOperator): ingest_dummy_data> on 2024-09-30 02:00:00+00:00
[2025-03-30T11:09:20.040+0000] {standard_task_runner.py:60} INFO - Started process 315 to run task
[2025-03-30T11:09:20.043+0000] {standard_task_runner.py:87} INFO - Running: ['***', 'tasks', 'run', 'inout_data_ingestion', 'ingest_dummy_data', 'scheduled__2024-09-30T02:00:00+00:00', '--job-id', '132', '--raw', '--subdir', 'DAGS_FOLDER/inout_data.py', '--cfg-path', '/tmp/tmpphdtba6c']
[2025-03-30T11:09:20.045+0000] {standard_task_runner.py:88} INFO - Job 132: Subtask ingest_dummy_data
[2025-03-30T11:09:20.060+0000] {warnings.py:109} WARNING - /home/***/.local/lib/python3.8/site-packages/***/settings.py:194: DeprecationWarning: The sql_alchemy_conn option in [core] has been moved to the sql_alchemy_conn option in [database] - the old setting has been used, but please update your config.
  SQL_ALCHEMY_CONN = conf.get("database", "SQL_ALCHEMY_CONN")

[2025-03-30T11:09:20.090+0000] {task_command.py:423} INFO - Running <TaskInstance: inout_data_ingestion.ingest_dummy_data scheduled__2024-09-30T02:00:00+00:00 [running]> on host ff9d64b065e6
[2025-03-30T11:09:20.130+0000] {taskinstance.py:2510} INFO - Exporting env vars: AIRFLOW_CTX_DAG_OWNER='***' AIRFLOW_CTX_DAG_ID='inout_data_ingestion' AIRFLOW_CTX_TASK_ID='ingest_dummy_data' AIRFLOW_CTX_EXECUTION_DATE='2024-09-30T02:00:00+00:00' AIRFLOW_CTX_TRY_NUMBER='1' AIRFLOW_CTX_DAG_RUN_ID='scheduled__2024-09-30T02:00:00+00:00'
[2025-03-30T11:09:20.132+0000] {inout_data.py:42} INFO - Successfully connected to MariaDB: INOUT on mariadb:3306
[2025-03-30T11:09:20.133+0000] {inout_data.py:63} ERROR - Error executing query: (1062, "Duplicate entry '2025-03-30 11:09:20-1116' for key 'PRIMARY'")
[2025-03-30T11:09:20.133+0000] {inout_data.py:63} ERROR - Error executing query: (1062, "Duplicate entry '2025-03-30 11:09:20-1116' for key 'PRIMARY'")
[2025-03-30T11:09:20.133+0000] {inout_data.py:63} ERROR - Error executing query: (1062, "Duplicate entry '2025-03-30 11:09:20-1116' for key 'PRIMARY'")
[2025-03-30T11:09:20.134+0000] {inout_data.py:63} ERROR - Error executing query: (1062, "Duplicate entry '2025-03-30 11:09:20-1116' for key 'PRIMARY'")
[2025-03-30T11:09:20.134+0000] {inout_data.py:63} ERROR - Error executing query: (1062, "Duplicate entry '2025-03-30 11:09:20-1116' for key 'PRIMARY'")
[2025-03-30T11:09:20.135+0000] {inout_data.py:159} INFO - Ingested 6 rows of dummy data.
[2025-03-30T11:09:20.135+0000] {inout_data.py:78} INFO - MariaDB connection closed.
[2025-03-30T11:09:20.135+0000] {python.py:202} INFO - Done. Returned value was: None
[2025-03-30T11:09:20.139+0000] {taskinstance.py:1149} INFO - Marking task as SUCCESS. dag_id=inout_data_ingestion, task_id=ingest_dummy_data, execution_date=20240930T020000, start_date=20250330T110920, end_date=20250330T110920
[2025-03-30T11:09:20.189+0000] {local_task_job_runner.py:234} INFO - Task exited with return code 0
[2025-03-30T11:09:20.202+0000] {taskinstance.py:3309} INFO - 0 downstream tasks scheduled from follow-on schedule check
[2025-03-30T11:15:59.987+0000] {taskinstance.py:1979} INFO - Dependencies all met for dep_context=non-requeueable deps ti=<TaskInstance: inout_data_ingestion.ingest_dummy_data scheduled__2024-09-30T02:00:00+00:00 [queued]>
[2025-03-30T11:16:00.015+0000] {taskinstance.py:1979} INFO - Dependencies all met for dep_context=requeueable deps ti=<TaskInstance: inout_data_ingestion.ingest_dummy_data scheduled__2024-09-30T02:00:00+00:00 [queued]>
[2025-03-30T11:16:00.016+0000] {taskinstance.py:2193} INFO - Starting attempt 1 of 2
[2025-03-30T11:16:00.034+0000] {taskinstance.py:2214} INFO - Executing <Task(PythonOperator): ingest_dummy_data> on 2024-09-30 02:00:00+00:00
[2025-03-30T11:16:00.041+0000] {standard_task_runner.py:60} INFO - Started process 2167 to run task
[2025-03-30T11:16:00.047+0000] {standard_task_runner.py:87} INFO - Running: ['***', 'tasks', 'run', 'inout_data_ingestion', 'ingest_dummy_data', 'scheduled__2024-09-30T02:00:00+00:00', '--job-id', '1058', '--raw', '--subdir', 'DAGS_FOLDER/inout_data.py', '--cfg-path', '/tmp/tmpe8z9mu6s']
[2025-03-30T11:16:00.048+0000] {standard_task_runner.py:88} INFO - Job 1058: Subtask ingest_dummy_data
[2025-03-30T11:16:00.064+0000] {warnings.py:109} WARNING - /home/***/.local/lib/python3.8/site-packages/***/settings.py:194: DeprecationWarning: The sql_alchemy_conn option in [core] has been moved to the sql_alchemy_conn option in [database] - the old setting has been used, but please update your config.
  SQL_ALCHEMY_CONN = conf.get("database", "SQL_ALCHEMY_CONN")

[2025-03-30T11:16:00.112+0000] {task_command.py:423} INFO - Running <TaskInstance: inout_data_ingestion.ingest_dummy_data scheduled__2024-09-30T02:00:00+00:00 [running]> on host ff9d64b065e6
[2025-03-30T11:16:00.201+0000] {taskinstance.py:2510} INFO - Exporting env vars: AIRFLOW_CTX_DAG_OWNER='***' AIRFLOW_CTX_DAG_ID='inout_data_ingestion' AIRFLOW_CTX_TASK_ID='ingest_dummy_data' AIRFLOW_CTX_EXECUTION_DATE='2024-09-30T02:00:00+00:00' AIRFLOW_CTX_TRY_NUMBER='1' AIRFLOW_CTX_DAG_RUN_ID='scheduled__2024-09-30T02:00:00+00:00'
[2025-03-30T11:16:00.209+0000] {inout_data.py:42} INFO - Successfully connected to MariaDB: INOUT on mariadb:3306
[2025-03-30T11:16:00.212+0000] {inout_data.py:63} ERROR - Error executing query: (1062, "Duplicate entry '2025-03-30 11:16:00-6523' for key 'PRIMARY'")
[2025-03-30T11:16:00.214+0000] {inout_data.py:63} ERROR - Error executing query: (1062, "Duplicate entry '2025-03-30 11:16:00-6523' for key 'PRIMARY'")
[2025-03-30T11:16:00.215+0000] {inout_data.py:63} ERROR - Error executing query: (1062, "Duplicate entry '2025-03-30 11:16:00-6523' for key 'PRIMARY'")
[2025-03-30T11:16:00.217+0000] {inout_data.py:63} ERROR - Error executing query: (1062, "Duplicate entry '2025-03-30 11:16:00-6523' for key 'PRIMARY'")
[2025-03-30T11:16:00.218+0000] {inout_data.py:63} ERROR - Error executing query: (1062, "Duplicate entry '2025-03-30 11:16:00-6523' for key 'PRIMARY'")
[2025-03-30T11:16:00.221+0000] {inout_data.py:63} ERROR - Error executing query: (1062, "Duplicate entry '2025-03-30 11:16:00-6523' for key 'PRIMARY'")
[2025-03-30T11:16:00.222+0000] {inout_data.py:63} ERROR - Error executing query: (1062, "Duplicate entry '2025-03-30 11:16:00-6523' for key 'PRIMARY'")
[2025-03-30T11:16:00.223+0000] {inout_data.py:63} ERROR - Error executing query: (1062, "Duplicate entry '2025-03-30 11:16:00-6523' for key 'PRIMARY'")
[2025-03-30T11:16:00.224+0000] {inout_data.py:63} ERROR - Error executing query: (1062, "Duplicate entry '2025-03-30 11:16:00-6523' for key 'PRIMARY'")
[2025-03-30T11:16:00.225+0000] {inout_data.py:152} INFO - Ingested 10 rows of dummy data.
[2025-03-30T11:16:00.225+0000] {inout_data.py:78} INFO - MariaDB connection closed.
[2025-03-30T11:16:00.225+0000] {python.py:202} INFO - Done. Returned value was: None
[2025-03-30T11:16:00.235+0000] {taskinstance.py:1149} INFO - Marking task as SUCCESS. dag_id=inout_data_ingestion, task_id=ingest_dummy_data, execution_date=20240930T020000, start_date=20250330T111559, end_date=20250330T111600
[2025-03-30T11:16:00.268+0000] {local_task_job_runner.py:234} INFO - Task exited with return code 0
[2025-03-30T11:16:00.287+0000] {taskinstance.py:3309} INFO - 0 downstream tasks scheduled from follow-on schedule check
[2025-03-30T11:28:30.165+0000] {taskinstance.py:1979} INFO - Dependencies all met for dep_context=non-requeueable deps ti=<TaskInstance: inout_data_ingestion.ingest_dummy_data scheduled__2024-09-30T02:00:00+00:00 [queued]>
[2025-03-30T11:28:30.172+0000] {taskinstance.py:1979} INFO - Dependencies all met for dep_context=requeueable deps ti=<TaskInstance: inout_data_ingestion.ingest_dummy_data scheduled__2024-09-30T02:00:00+00:00 [queued]>
[2025-03-30T11:28:30.173+0000] {taskinstance.py:2193} INFO - Starting attempt 1 of 2
[2025-03-30T11:28:30.180+0000] {taskinstance.py:2214} INFO - Executing <Task(PythonOperator): ingest_dummy_data> on 2024-09-30 02:00:00+00:00
[2025-03-30T11:28:30.183+0000] {standard_task_runner.py:60} INFO - Started process 4087 to run task
[2025-03-30T11:28:30.186+0000] {standard_task_runner.py:87} INFO - Running: ['***', 'tasks', 'run', 'inout_data_ingestion', 'ingest_dummy_data', 'scheduled__2024-09-30T02:00:00+00:00', '--job-id', '2019', '--raw', '--subdir', 'DAGS_FOLDER/inout_data.py', '--cfg-path', '/tmp/tmpsphbteyf']
[2025-03-30T11:28:30.187+0000] {standard_task_runner.py:88} INFO - Job 2019: Subtask ingest_dummy_data
[2025-03-30T11:28:30.198+0000] {warnings.py:109} WARNING - /home/***/.local/lib/python3.8/site-packages/***/settings.py:194: DeprecationWarning: The sql_alchemy_conn option in [core] has been moved to the sql_alchemy_conn option in [database] - the old setting has been used, but please update your config.
  SQL_ALCHEMY_CONN = conf.get("database", "SQL_ALCHEMY_CONN")

[2025-03-30T11:28:30.219+0000] {task_command.py:423} INFO - Running <TaskInstance: inout_data_ingestion.ingest_dummy_data scheduled__2024-09-30T02:00:00+00:00 [running]> on host ff9d64b065e6
[2025-03-30T11:28:30.253+0000] {taskinstance.py:2510} INFO - Exporting env vars: AIRFLOW_CTX_DAG_OWNER='***' AIRFLOW_CTX_DAG_ID='inout_data_ingestion' AIRFLOW_CTX_TASK_ID='ingest_dummy_data' AIRFLOW_CTX_EXECUTION_DATE='2024-09-30T02:00:00+00:00' AIRFLOW_CTX_TRY_NUMBER='1' AIRFLOW_CTX_DAG_RUN_ID='scheduled__2024-09-30T02:00:00+00:00'
[2025-03-30T11:28:30.257+0000] {logging_mixin.py:188} INFO - Successfully connected to MariaDB: INOUT on mariadb:3306
[2025-03-30T11:28:30.258+0000] {logging_mixin.py:188} INFO - General error executing query: not all arguments converted during string formatting
[2025-03-30T11:28:30.258+0000] {logging_mixin.py:188} INFO - General error executing query: not all arguments converted during string formatting
[2025-03-30T11:28:30.258+0000] {logging_mixin.py:188} INFO - General error executing query: not all arguments converted during string formatting
[2025-03-30T11:28:30.260+0000] {logging_mixin.py:188} INFO - General error executing query: not all arguments converted during string formatting
[2025-03-30T11:28:30.260+0000] {logging_mixin.py:188} INFO - General error executing query: not all arguments converted during string formatting
[2025-03-30T11:28:30.260+0000] {logging_mixin.py:188} INFO - General error executing query: not all arguments converted during string formatting
[2025-03-30T11:28:30.261+0000] {logging_mixin.py:188} INFO - General error executing query: not all arguments converted during string formatting
[2025-03-30T11:28:30.261+0000] {logging_mixin.py:188} INFO - General error executing query: not all arguments converted during string formatting
[2025-03-30T11:28:30.261+0000] {logging_mixin.py:188} INFO - General error executing query: not all arguments converted during string formatting
[2025-03-30T11:28:30.262+0000] {logging_mixin.py:188} INFO - General error executing query: not all arguments converted during string formatting
[2025-03-30T11:28:30.263+0000] {logging_mixin.py:188} INFO - General error executing query: not all arguments converted during string formatting
[2025-03-30T11:28:30.263+0000] {logging_mixin.py:188} INFO - General error executing query: not all arguments converted during string formatting
[2025-03-30T11:28:30.263+0000] {logging_mixin.py:188} INFO - General error executing query: not all arguments converted during string formatting
[2025-03-30T11:28:30.263+0000] {logging_mixin.py:188} INFO - General error executing query: not all arguments converted during string formatting
[2025-03-30T11:28:30.264+0000] {logging_mixin.py:188} INFO - General error executing query: not all arguments converted during string formatting
[2025-03-30T11:28:30.264+0000] {logging_mixin.py:188} INFO - General error executing query: not all arguments converted during string formatting
[2025-03-30T11:28:30.264+0000] {logging_mixin.py:188} INFO - General error executing query: not all arguments converted during string formatting
[2025-03-30T11:28:30.265+0000] {logging_mixin.py:188} INFO - General error executing query: not all arguments converted during string formatting
[2025-03-30T11:28:30.267+0000] {inout_data.py:87} INFO - Ingested 18 rows of dummy data for 2024-09-30 02:00:00+00:00.
[2025-03-30T11:28:30.268+0000] {logging_mixin.py:188} INFO - MariaDB connection closed.
[2025-03-30T11:28:30.269+0000] {python.py:202} INFO - Done. Returned value was: None
[2025-03-30T11:28:30.277+0000] {taskinstance.py:1149} INFO - Marking task as SUCCESS. dag_id=inout_data_ingestion, task_id=ingest_dummy_data, execution_date=20240930T020000, start_date=20250330T112830, end_date=20250330T112830
[2025-03-30T11:28:30.327+0000] {local_task_job_runner.py:234} INFO - Task exited with return code 0
[2025-03-30T11:28:30.336+0000] {taskinstance.py:3309} INFO - 0 downstream tasks scheduled from follow-on schedule check
[2025-03-30T11:33:09.220+0000] {taskinstance.py:1979} INFO - Dependencies all met for dep_context=non-requeueable deps ti=<TaskInstance: inout_data_ingestion.ingest_dummy_data scheduled__2024-09-30T02:00:00+00:00 [queued]>
[2025-03-30T11:33:09.235+0000] {taskinstance.py:1979} INFO - Dependencies all met for dep_context=requeueable deps ti=<TaskInstance: inout_data_ingestion.ingest_dummy_data scheduled__2024-09-30T02:00:00+00:00 [queued]>
[2025-03-30T11:33:09.235+0000] {taskinstance.py:2193} INFO - Starting attempt 1 of 2
[2025-03-30T11:33:09.246+0000] {taskinstance.py:2214} INFO - Executing <Task(PythonOperator): ingest_dummy_data> on 2024-09-30 02:00:00+00:00
[2025-03-30T11:33:09.252+0000] {standard_task_runner.py:60} INFO - Started process 5539 to run task
[2025-03-30T11:33:09.260+0000] {standard_task_runner.py:87} INFO - Running: ['***', 'tasks', 'run', 'inout_data_ingestion', 'ingest_dummy_data', 'scheduled__2024-09-30T02:00:00+00:00', '--job-id', '2745', '--raw', '--subdir', 'DAGS_FOLDER/inout_data.py', '--cfg-path', '/tmp/tmpfrwxaf1p']
[2025-03-30T11:33:09.263+0000] {standard_task_runner.py:88} INFO - Job 2745: Subtask ingest_dummy_data
[2025-03-30T11:33:09.279+0000] {warnings.py:109} WARNING - /home/***/.local/lib/python3.8/site-packages/***/settings.py:194: DeprecationWarning: The sql_alchemy_conn option in [core] has been moved to the sql_alchemy_conn option in [database] - the old setting has been used, but please update your config.
  SQL_ALCHEMY_CONN = conf.get("database", "SQL_ALCHEMY_CONN")

[2025-03-30T11:33:09.309+0000] {task_command.py:423} INFO - Running <TaskInstance: inout_data_ingestion.ingest_dummy_data scheduled__2024-09-30T02:00:00+00:00 [running]> on host ff9d64b065e6
[2025-03-30T11:33:09.377+0000] {taskinstance.py:2510} INFO - Exporting env vars: AIRFLOW_CTX_DAG_OWNER='***' AIRFLOW_CTX_DAG_ID='inout_data_ingestion' AIRFLOW_CTX_TASK_ID='ingest_dummy_data' AIRFLOW_CTX_EXECUTION_DATE='2024-09-30T02:00:00+00:00' AIRFLOW_CTX_TRY_NUMBER='1' AIRFLOW_CTX_DAG_RUN_ID='scheduled__2024-09-30T02:00:00+00:00'
[2025-03-30T11:33:09.379+0000] {logging_mixin.py:188} INFO - Successfully connected to MariaDB: INOUT on mariadb:3306
[2025-03-30T11:33:09.380+0000] {inout_data.py:83} INFO - {'ingested_time': datetime.datetime(2025, 3, 30, 11, 33, 9, 379967), 'timestamp': datetime.datetime(2024, 9, 30, 2, 3, tzinfo=datetime.timezone.utc), 'emp_id': 5605, 'employee_name': 'Employee82', 'factory': 'FactoryB', 'in_out': 'OUT', 'entrance': 'Side', 'door_number': '9', 'function': 'IT', 'division': 'BSID', 'department': 'ML', 'section': '1'}
[2025-03-30T11:33:09.380+0000] {logging_mixin.py:188} INFO - General error executing query: not all arguments converted during string formatting
[2025-03-30T11:33:09.380+0000] {inout_data.py:83} INFO - {'ingested_time': datetime.datetime(2025, 3, 30, 11, 33, 9, 380398), 'timestamp': datetime.datetime(2024, 9, 30, 2, 21, tzinfo=datetime.timezone.utc), 'emp_id': 6128, 'employee_name': 'Employee80', 'factory': 'FactoryB', 'in_out': 'OUT', 'entrance': 'Main', 'door_number': '8', 'function': 'IT', 'division': 'BSID', 'department': 'CAPD', 'section': '2'}
[2025-03-30T11:33:09.380+0000] {logging_mixin.py:188} INFO - General error executing query: not all arguments converted during string formatting
[2025-03-30T11:33:09.380+0000] {inout_data.py:83} INFO - {'ingested_time': datetime.datetime(2025, 3, 30, 11, 33, 9, 380760), 'timestamp': datetime.datetime(2024, 9, 30, 2, 10, tzinfo=datetime.timezone.utc), 'emp_id': 5122, 'employee_name': 'Employee84', 'factory': 'FactoryB', 'in_out': 'OUT', 'entrance': 'Main', 'door_number': '8', 'function': 'IT', 'division': 'BSID', 'department': 'ML', 'section': '2'}
[2025-03-30T11:33:09.380+0000] {logging_mixin.py:188} INFO - General error executing query: not all arguments converted during string formatting
[2025-03-30T11:33:09.381+0000] {inout_data.py:83} INFO - {'ingested_time': datetime.datetime(2025, 3, 30, 11, 33, 9, 381042), 'timestamp': datetime.datetime(2024, 9, 30, 2, 0, tzinfo=datetime.timezone.utc), 'emp_id': 4117, 'employee_name': 'Employee67', 'factory': 'FactoryA', 'in_out': 'IN', 'entrance': 'Side', 'door_number': '4', 'function': 'IT', 'division': 'BSID', 'department': 'ML', 'section': '2'}
[2025-03-30T11:33:09.381+0000] {logging_mixin.py:188} INFO - General error executing query: not all arguments converted during string formatting
[2025-03-30T11:33:09.381+0000] {inout_data.py:83} INFO - {'ingested_time': datetime.datetime(2025, 3, 30, 11, 33, 9, 381313), 'timestamp': datetime.datetime(2024, 9, 30, 2, 2, tzinfo=datetime.timezone.utc), 'emp_id': 9303, 'employee_name': 'Employee67', 'factory': 'FactoryA', 'in_out': 'OUT', 'entrance': 'Main', 'door_number': '9', 'function': 'IT', 'division': 'AAPD', 'department': 'ML', 'section': '1'}
[2025-03-30T11:33:09.381+0000] {logging_mixin.py:188} INFO - General error executing query: not all arguments converted during string formatting
[2025-03-30T11:33:09.381+0000] {inout_data.py:83} INFO - {'ingested_time': datetime.datetime(2025, 3, 30, 11, 33, 9, 381583), 'timestamp': datetime.datetime(2024, 9, 30, 2, 11, tzinfo=datetime.timezone.utc), 'emp_id': 9582, 'employee_name': 'Employee99', 'factory': 'FactoryA', 'in_out': 'IN', 'entrance': 'Main', 'door_number': '6', 'function': 'IT', 'division': 'BSID', 'department': 'ML', 'section': '2'}
[2025-03-30T11:33:09.381+0000] {logging_mixin.py:188} INFO - General error executing query: not all arguments converted during string formatting
[2025-03-30T11:33:09.381+0000] {inout_data.py:83} INFO - {'ingested_time': datetime.datetime(2025, 3, 30, 11, 33, 9, 381880), 'timestamp': datetime.datetime(2024, 9, 30, 2, 28, tzinfo=datetime.timezone.utc), 'emp_id': 6804, 'employee_name': 'Employee79', 'factory': 'FactoryB', 'in_out': 'IN', 'entrance': 'Main', 'door_number': '8', 'function': 'IT', 'division': 'AAPD', 'department': 'CAPD', 'section': '1'}
[2025-03-30T11:33:09.382+0000] {logging_mixin.py:188} INFO - General error executing query: not all arguments converted during string formatting
[2025-03-30T11:33:09.382+0000] {inout_data.py:83} INFO - {'ingested_time': datetime.datetime(2025, 3, 30, 11, 33, 9, 382153), 'timestamp': datetime.datetime(2024, 9, 30, 2, 4, tzinfo=datetime.timezone.utc), 'emp_id': 1495, 'employee_name': 'Employee80', 'factory': 'FactoryB', 'in_out': 'OUT', 'entrance': 'Main', 'door_number': '4', 'function': 'IT', 'division': 'BSID', 'department': 'ML', 'section': '1'}
[2025-03-30T11:33:09.382+0000] {logging_mixin.py:188} INFO - General error executing query: not all arguments converted during string formatting
[2025-03-30T11:33:09.382+0000] {inout_data.py:83} INFO - {'ingested_time': datetime.datetime(2025, 3, 30, 11, 33, 9, 382534), 'timestamp': datetime.datetime(2024, 9, 30, 2, 16, tzinfo=datetime.timezone.utc), 'emp_id': 4830, 'employee_name': 'Employee45', 'factory': 'FactoryB', 'in_out': 'OUT', 'entrance': 'Main', 'door_number': '6', 'function': 'IT', 'division': 'AAPD', 'department': 'HRSD', 'section': '1'}
[2025-03-30T11:33:09.383+0000] {logging_mixin.py:188} INFO - General error executing query: not all arguments converted during string formatting
[2025-03-30T11:33:09.383+0000] {inout_data.py:83} INFO - {'ingested_time': datetime.datetime(2025, 3, 30, 11, 33, 9, 383425), 'timestamp': datetime.datetime(2024, 9, 30, 2, 12, tzinfo=datetime.timezone.utc), 'emp_id': 7673, 'employee_name': 'Employee26', 'factory': 'FactoryB', 'in_out': 'IN', 'entrance': 'Side', 'door_number': '8', 'function': 'IT', 'division': 'BSID', 'department': 'CAPD', 'section': '2'}
[2025-03-30T11:33:09.383+0000] {logging_mixin.py:188} INFO - General error executing query: not all arguments converted during string formatting
[2025-03-30T11:33:09.384+0000] {inout_data.py:83} INFO - {'ingested_time': datetime.datetime(2025, 3, 30, 11, 33, 9, 384055), 'timestamp': datetime.datetime(2024, 9, 30, 2, 27, tzinfo=datetime.timezone.utc), 'emp_id': 5662, 'employee_name': 'Employee30', 'factory': 'FactoryA', 'in_out': 'IN', 'entrance': 'Side', 'door_number': '5', 'function': 'IT', 'division': 'BSID', 'department': 'ML', 'section': '2'}
[2025-03-30T11:33:09.384+0000] {logging_mixin.py:188} INFO - General error executing query: not all arguments converted during string formatting
[2025-03-30T11:33:09.384+0000] {inout_data.py:83} INFO - {'ingested_time': datetime.datetime(2025, 3, 30, 11, 33, 9, 384546), 'timestamp': datetime.datetime(2024, 9, 30, 2, 9, tzinfo=datetime.timezone.utc), 'emp_id': 2235, 'employee_name': 'Employee93', 'factory': 'FactoryA', 'in_out': 'IN', 'entrance': 'Main', 'door_number': '1', 'function': 'IT', 'division': 'AAPD', 'department': 'ML', 'section': '1'}
[2025-03-30T11:33:09.384+0000] {logging_mixin.py:188} INFO - General error executing query: not all arguments converted during string formatting
[2025-03-30T11:33:09.385+0000] {inout_data.py:83} INFO - {'ingested_time': datetime.datetime(2025, 3, 30, 11, 33, 9, 385084), 'timestamp': datetime.datetime(2024, 9, 30, 2, 17, tzinfo=datetime.timezone.utc), 'emp_id': 8568, 'employee_name': 'Employee71', 'factory': 'FactoryB', 'in_out': 'OUT', 'entrance': 'Side', 'door_number': '2', 'function': 'IT', 'division': 'AAPD', 'department': 'CAPD', 'section': '2'}
[2025-03-30T11:33:09.385+0000] {logging_mixin.py:188} INFO - General error executing query: not all arguments converted during string formatting
[2025-03-30T11:33:09.385+0000] {inout_data.py:83} INFO - {'ingested_time': datetime.datetime(2025, 3, 30, 11, 33, 9, 385484), 'timestamp': datetime.datetime(2024, 9, 30, 2, 8, tzinfo=datetime.timezone.utc), 'emp_id': 6810, 'employee_name': 'Employee34', 'factory': 'FactoryA', 'in_out': 'OUT', 'entrance': 'Main', 'door_number': '8', 'function': 'IT', 'division': 'BSID', 'department': 'HRSD', 'section': '1'}
[2025-03-30T11:33:09.385+0000] {logging_mixin.py:188} INFO - General error executing query: not all arguments converted during string formatting
[2025-03-30T11:33:09.385+0000] {inout_data.py:83} INFO - {'ingested_time': datetime.datetime(2025, 3, 30, 11, 33, 9, 385783), 'timestamp': datetime.datetime(2024, 9, 30, 2, 17, tzinfo=datetime.timezone.utc), 'emp_id': 3004, 'employee_name': 'Employee25', 'factory': 'FactoryB', 'in_out': 'IN', 'entrance': 'Main', 'door_number': '8', 'function': 'IT', 'division': 'AAPD', 'department': 'CAPD', 'section': '2'}
[2025-03-30T11:33:09.385+0000] {logging_mixin.py:188} INFO - General error executing query: not all arguments converted during string formatting
[2025-03-30T11:33:09.386+0000] {inout_data.py:83} INFO - {'ingested_time': datetime.datetime(2025, 3, 30, 11, 33, 9, 386049), 'timestamp': datetime.datetime(2024, 9, 30, 2, 18, tzinfo=datetime.timezone.utc), 'emp_id': 1400, 'employee_name': 'Employee31', 'factory': 'FactoryA', 'in_out': 'OUT', 'entrance': 'Main', 'door_number': '4', 'function': 'IT', 'division': 'AAPD', 'department': 'HRSD', 'section': '2'}
[2025-03-30T11:33:09.386+0000] {logging_mixin.py:188} INFO - General error executing query: not all arguments converted during string formatting
[2025-03-30T11:33:09.386+0000] {inout_data.py:83} INFO - {'ingested_time': datetime.datetime(2025, 3, 30, 11, 33, 9, 386312), 'timestamp': datetime.datetime(2024, 9, 30, 2, 20, tzinfo=datetime.timezone.utc), 'emp_id': 9119, 'employee_name': 'Employee39', 'factory': 'FactoryA', 'in_out': 'OUT', 'entrance': 'Side', 'door_number': '4', 'function': 'IT', 'division': 'AAPD', 'department': 'ML', 'section': '2'}
[2025-03-30T11:33:09.386+0000] {logging_mixin.py:188} INFO - General error executing query: not all arguments converted during string formatting
[2025-03-30T11:33:09.386+0000] {inout_data.py:83} INFO - {'ingested_time': datetime.datetime(2025, 3, 30, 11, 33, 9, 386607), 'timestamp': datetime.datetime(2024, 9, 30, 2, 6, tzinfo=datetime.timezone.utc), 'emp_id': 3207, 'employee_name': 'Employee36', 'factory': 'FactoryA', 'in_out': 'IN', 'entrance': 'Side', 'door_number': '5', 'function': 'IT', 'division': 'BSID', 'department': 'HRSD', 'section': '2'}
[2025-03-30T11:33:09.386+0000] {logging_mixin.py:188} INFO - General error executing query: not all arguments converted during string formatting
[2025-03-30T11:33:09.386+0000] {inout_data.py:83} INFO - {'ingested_time': datetime.datetime(2025, 3, 30, 11, 33, 9, 386887), 'timestamp': datetime.datetime(2024, 9, 30, 2, 23, tzinfo=datetime.timezone.utc), 'emp_id': 6875, 'employee_name': 'Employee29', 'factory': 'FactoryA', 'in_out': 'IN', 'entrance': 'Main', 'door_number': '4', 'function': 'IT', 'division': 'BSID', 'department': 'HRSD', 'section': '1'}
[2025-03-30T11:33:09.387+0000] {logging_mixin.py:188} INFO - General error executing query: not all arguments converted during string formatting
[2025-03-30T11:33:09.387+0000] {inout_data.py:83} INFO - {'ingested_time': datetime.datetime(2025, 3, 30, 11, 33, 9, 387147), 'timestamp': datetime.datetime(2024, 9, 30, 2, 27, tzinfo=datetime.timezone.utc), 'emp_id': 8988, 'employee_name': 'Employee6', 'factory': 'FactoryB', 'in_out': 'OUT', 'entrance': 'Main', 'door_number': '2', 'function': 'IT', 'division': 'AAPD', 'department': 'ML', 'section': '1'}
[2025-03-30T11:33:09.387+0000] {logging_mixin.py:188} INFO - General error executing query: not all arguments converted during string formatting
[2025-03-30T11:33:09.387+0000] {inout_data.py:88} INFO - Ingested 20 rows of dummy data for 2024-09-30 02:00:00+00:00.
[2025-03-30T11:33:09.387+0000] {logging_mixin.py:188} INFO - MariaDB connection closed.
[2025-03-30T11:33:09.387+0000] {python.py:202} INFO - Done. Returned value was: None
[2025-03-30T11:33:09.392+0000] {taskinstance.py:1149} INFO - Marking task as SUCCESS. dag_id=inout_data_ingestion, task_id=ingest_dummy_data, execution_date=20240930T020000, start_date=20250330T113309, end_date=20250330T113309
[2025-03-30T11:33:09.402+0000] {local_task_job_runner.py:234} INFO - Task exited with return code 0
[2025-03-30T11:33:09.412+0000] {taskinstance.py:3309} INFO - 0 downstream tasks scheduled from follow-on schedule check
[2025-03-30T11:38:42.355+0000] {taskinstance.py:1979} INFO - Dependencies all met for dep_context=non-requeueable deps ti=<TaskInstance: inout_data_ingestion.ingest_dummy_data scheduled__2024-09-30T02:00:00+00:00 [queued]>
[2025-03-30T11:38:42.409+0000] {taskinstance.py:1979} INFO - Dependencies all met for dep_context=requeueable deps ti=<TaskInstance: inout_data_ingestion.ingest_dummy_data scheduled__2024-09-30T02:00:00+00:00 [queued]>
[2025-03-30T11:38:42.415+0000] {taskinstance.py:2193} INFO - Starting attempt 1 of 2
[2025-03-30T11:38:42.449+0000] {taskinstance.py:2214} INFO - Executing <Task(PythonOperator): ingest_dummy_data> on 2024-09-30 02:00:00+00:00
[2025-03-30T11:38:42.459+0000] {standard_task_runner.py:60} INFO - Started process 6448 to run task
[2025-03-30T11:38:42.472+0000] {standard_task_runner.py:87} INFO - Running: ['***', 'tasks', 'run', 'inout_data_ingestion', 'ingest_dummy_data', 'scheduled__2024-09-30T02:00:00+00:00', '--job-id', '3198', '--raw', '--subdir', 'DAGS_FOLDER/inout_data.py', '--cfg-path', '/tmp/tmp6vy81p7j']
[2025-03-30T11:38:42.475+0000] {standard_task_runner.py:88} INFO - Job 3198: Subtask ingest_dummy_data
[2025-03-30T11:38:42.512+0000] {warnings.py:109} WARNING - /home/***/.local/lib/python3.8/site-packages/***/settings.py:194: DeprecationWarning: The sql_alchemy_conn option in [core] has been moved to the sql_alchemy_conn option in [database] - the old setting has been used, but please update your config.
  SQL_ALCHEMY_CONN = conf.get("database", "SQL_ALCHEMY_CONN")

[2025-03-30T11:38:42.589+0000] {task_command.py:423} INFO - Running <TaskInstance: inout_data_ingestion.ingest_dummy_data scheduled__2024-09-30T02:00:00+00:00 [running]> on host ff9d64b065e6
[2025-03-30T11:38:42.737+0000] {taskinstance.py:2510} INFO - Exporting env vars: AIRFLOW_CTX_DAG_OWNER='***' AIRFLOW_CTX_DAG_ID='inout_data_ingestion' AIRFLOW_CTX_TASK_ID='ingest_dummy_data' AIRFLOW_CTX_EXECUTION_DATE='2024-09-30T02:00:00+00:00' AIRFLOW_CTX_TRY_NUMBER='1' AIRFLOW_CTX_DAG_RUN_ID='scheduled__2024-09-30T02:00:00+00:00'
[2025-03-30T11:38:42.761+0000] {logging_mixin.py:188} INFO - Successfully connected to MariaDB: INOUT on mariadb:3306
[2025-03-30T11:38:42.765+0000] {inout_data.py:83} INFO - {'ingested_time': datetime.datetime(2025, 3, 30, 11, 38, 42, 765476), 'timestamp': datetime.datetime(2024, 9, 30, 2, 11, tzinfo=datetime.timezone.utc), 'emp_id': 9156, 'employee_name': 'Employee18', 'factory': 'FactoryA', 'in_out': 'IN', 'entrance': 'Main', 'door_number': '1', 'function': 'IT', 'division': 'AAPD', 'department': 'CAPD', 'section': '2'}
[2025-03-30T11:38:42.767+0000] {logging_mixin.py:188} INFO - General error executing query: not all arguments converted during string formatting
[2025-03-30T11:38:42.769+0000] {inout_data.py:83} INFO - {'ingested_time': datetime.datetime(2025, 3, 30, 11, 38, 42, 769721), 'timestamp': datetime.datetime(2024, 9, 30, 2, 23, tzinfo=datetime.timezone.utc), 'emp_id': 4349, 'employee_name': 'Employee96', 'factory': 'FactoryA', 'in_out': 'IN', 'entrance': 'Side', 'door_number': '2', 'function': 'IT', 'division': 'BSID', 'department': 'CAPD', 'section': '1'}
[2025-03-30T11:38:42.774+0000] {logging_mixin.py:188} INFO - General error executing query: not all arguments converted during string formatting
[2025-03-30T11:38:42.776+0000] {inout_data.py:83} INFO - {'ingested_time': datetime.datetime(2025, 3, 30, 11, 38, 42, 776415), 'timestamp': datetime.datetime(2024, 9, 30, 2, 3, tzinfo=datetime.timezone.utc), 'emp_id': 1900, 'employee_name': 'Employee85', 'factory': 'FactoryA', 'in_out': 'IN', 'entrance': 'Main', 'door_number': '4', 'function': 'IT', 'division': 'BSID', 'department': 'ML', 'section': '2'}
[2025-03-30T11:38:42.780+0000] {logging_mixin.py:188} INFO - General error executing query: not all arguments converted during string formatting
[2025-03-30T11:38:42.783+0000] {inout_data.py:83} INFO - {'ingested_time': datetime.datetime(2025, 3, 30, 11, 38, 42, 783101), 'timestamp': datetime.datetime(2024, 9, 30, 2, 27, tzinfo=datetime.timezone.utc), 'emp_id': 1614, 'employee_name': 'Employee99', 'factory': 'FactoryB', 'in_out': 'IN', 'entrance': 'Main', 'door_number': '2', 'function': 'IT', 'division': 'AAPD', 'department': 'HRSD', 'section': '1'}
[2025-03-30T11:38:42.784+0000] {logging_mixin.py:188} INFO - General error executing query: not all arguments converted during string formatting
[2025-03-30T11:38:42.786+0000] {inout_data.py:83} INFO - {'ingested_time': datetime.datetime(2025, 3, 30, 11, 38, 42, 786734), 'timestamp': datetime.datetime(2024, 9, 30, 2, 28, tzinfo=datetime.timezone.utc), 'emp_id': 1781, 'employee_name': 'Employee20', 'factory': 'FactoryA', 'in_out': 'OUT', 'entrance': 'Main', 'door_number': '3', 'function': 'IT', 'division': 'AAPD', 'department': 'ML', 'section': '1'}
[2025-03-30T11:38:42.789+0000] {logging_mixin.py:188} INFO - General error executing query: not all arguments converted during string formatting
[2025-03-30T11:38:42.791+0000] {inout_data.py:83} INFO - {'ingested_time': datetime.datetime(2025, 3, 30, 11, 38, 42, 791174), 'timestamp': datetime.datetime(2024, 9, 30, 2, 27, tzinfo=datetime.timezone.utc), 'emp_id': 4337, 'employee_name': 'Employee13', 'factory': 'FactoryB', 'in_out': 'IN', 'entrance': 'Main', 'door_number': '10', 'function': 'IT', 'division': 'AAPD', 'department': 'CAPD', 'section': '2'}
[2025-03-30T11:38:42.792+0000] {logging_mixin.py:188} INFO - General error executing query: not all arguments converted during string formatting
[2025-03-30T11:38:42.793+0000] {inout_data.py:83} INFO - {'ingested_time': datetime.datetime(2025, 3, 30, 11, 38, 42, 793701), 'timestamp': datetime.datetime(2024, 9, 30, 2, 28, tzinfo=datetime.timezone.utc), 'emp_id': 6176, 'employee_name': 'Employee89', 'factory': 'FactoryB', 'in_out': 'OUT', 'entrance': 'Side', 'door_number': '7', 'function': 'IT', 'division': 'AAPD', 'department': 'CAPD', 'section': '2'}
[2025-03-30T11:38:42.794+0000] {logging_mixin.py:188} INFO - General error executing query: not all arguments converted during string formatting
[2025-03-30T11:38:42.795+0000] {inout_data.py:83} INFO - {'ingested_time': datetime.datetime(2025, 3, 30, 11, 38, 42, 795225), 'timestamp': datetime.datetime(2024, 9, 30, 2, 28, tzinfo=datetime.timezone.utc), 'emp_id': 4220, 'employee_name': 'Employee21', 'factory': 'FactoryA', 'in_out': 'OUT', 'entrance': 'Main', 'door_number': '10', 'function': 'IT', 'division': 'BSID', 'department': 'CAPD', 'section': '1'}
[2025-03-30T11:38:42.796+0000] {logging_mixin.py:188} INFO - General error executing query: not all arguments converted during string formatting
[2025-03-30T11:38:42.797+0000] {inout_data.py:83} INFO - {'ingested_time': datetime.datetime(2025, 3, 30, 11, 38, 42, 797348), 'timestamp': datetime.datetime(2024, 9, 30, 2, 24, tzinfo=datetime.timezone.utc), 'emp_id': 6812, 'employee_name': 'Employee83', 'factory': 'FactoryA', 'in_out': 'IN', 'entrance': 'Main', 'door_number': '3', 'function': 'IT', 'division': 'BSID', 'department': 'CAPD', 'section': '1'}
[2025-03-30T11:38:42.802+0000] {logging_mixin.py:188} INFO - General error executing query: not all arguments converted during string formatting
[2025-03-30T11:38:42.803+0000] {inout_data.py:83} INFO - {'ingested_time': datetime.datetime(2025, 3, 30, 11, 38, 42, 802984), 'timestamp': datetime.datetime(2024, 9, 30, 2, 22, tzinfo=datetime.timezone.utc), 'emp_id': 6444, 'employee_name': 'Employee11', 'factory': 'FactoryA', 'in_out': 'OUT', 'entrance': 'Side', 'door_number': '4', 'function': 'IT', 'division': 'BSID', 'department': 'HRSD', 'section': '2'}
[2025-03-30T11:38:42.804+0000] {logging_mixin.py:188} INFO - General error executing query: not all arguments converted during string formatting
[2025-03-30T11:38:42.805+0000] {inout_data.py:83} INFO - {'ingested_time': datetime.datetime(2025, 3, 30, 11, 38, 42, 805168), 'timestamp': datetime.datetime(2024, 9, 30, 2, 13, tzinfo=datetime.timezone.utc), 'emp_id': 1146, 'employee_name': 'Employee19', 'factory': 'FactoryA', 'in_out': 'OUT', 'entrance': 'Side', 'door_number': '8', 'function': 'IT', 'division': 'BSID', 'department': 'HRSD', 'section': '2'}
[2025-03-30T11:38:42.805+0000] {logging_mixin.py:188} INFO - General error executing query: not all arguments converted during string formatting
[2025-03-30T11:38:42.806+0000] {inout_data.py:101} INFO - Ingested 11 rows of dummy data for 2024-09-30 02:00:00+00:00.
[2025-03-30T11:38:42.808+0000] {logging_mixin.py:188} INFO - MariaDB connection closed.
[2025-03-30T11:38:42.808+0000] {python.py:202} INFO - Done. Returned value was: None
[2025-03-30T11:38:42.838+0000] {taskinstance.py:1149} INFO - Marking task as SUCCESS. dag_id=inout_data_ingestion, task_id=ingest_dummy_data, execution_date=20240930T020000, start_date=20250330T113842, end_date=20250330T113842
[2025-03-30T11:38:42.902+0000] {local_task_job_runner.py:234} INFO - Task exited with return code 0
[2025-03-30T11:38:42.974+0000] {taskinstance.py:3309} INFO - 0 downstream tasks scheduled from follow-on schedule check
[2025-03-30T11:40:45.383+0000] {taskinstance.py:1979} INFO - Dependencies all met for dep_context=non-requeueable deps ti=<TaskInstance: inout_data_ingestion.ingest_dummy_data scheduled__2024-09-30T02:00:00+00:00 [queued]>
[2025-03-30T11:40:45.399+0000] {taskinstance.py:1979} INFO - Dependencies all met for dep_context=requeueable deps ti=<TaskInstance: inout_data_ingestion.ingest_dummy_data scheduled__2024-09-30T02:00:00+00:00 [queued]>
[2025-03-30T11:40:45.400+0000] {taskinstance.py:2193} INFO - Starting attempt 1 of 2
[2025-03-30T11:40:45.414+0000] {taskinstance.py:2214} INFO - Executing <Task(PythonOperator): ingest_dummy_data> on 2024-09-30 02:00:00+00:00
[2025-03-30T11:40:45.419+0000] {standard_task_runner.py:60} INFO - Started process 6887 to run task
[2025-03-30T11:40:45.424+0000] {standard_task_runner.py:87} INFO - Running: ['***', 'tasks', 'run', 'inout_data_ingestion', 'ingest_dummy_data', 'scheduled__2024-09-30T02:00:00+00:00', '--job-id', '3418', '--raw', '--subdir', 'DAGS_FOLDER/inout_data.py', '--cfg-path', '/tmp/tmprocdsfkg']
[2025-03-30T11:40:45.426+0000] {standard_task_runner.py:88} INFO - Job 3418: Subtask ingest_dummy_data
[2025-03-30T11:40:45.444+0000] {warnings.py:109} WARNING - /home/***/.local/lib/python3.8/site-packages/***/settings.py:194: DeprecationWarning: The sql_alchemy_conn option in [core] has been moved to the sql_alchemy_conn option in [database] - the old setting has been used, but please update your config.
  SQL_ALCHEMY_CONN = conf.get("database", "SQL_ALCHEMY_CONN")

[2025-03-30T11:40:45.485+0000] {task_command.py:423} INFO - Running <TaskInstance: inout_data_ingestion.ingest_dummy_data scheduled__2024-09-30T02:00:00+00:00 [running]> on host ff9d64b065e6
[2025-03-30T11:40:45.550+0000] {taskinstance.py:2510} INFO - Exporting env vars: AIRFLOW_CTX_DAG_OWNER='***' AIRFLOW_CTX_DAG_ID='inout_data_ingestion' AIRFLOW_CTX_TASK_ID='ingest_dummy_data' AIRFLOW_CTX_EXECUTION_DATE='2024-09-30T02:00:00+00:00' AIRFLOW_CTX_TRY_NUMBER='1' AIRFLOW_CTX_DAG_RUN_ID='scheduled__2024-09-30T02:00:00+00:00'
[2025-03-30T11:40:45.555+0000] {logging_mixin.py:188} INFO - Successfully connected to MariaDB: INOUT on mariadb:3306
[2025-03-30T11:40:45.556+0000] {inout_data.py:83} INFO - {'ingested_time': datetime.datetime(2025, 3, 30, 11, 40, 45, 556140), 'timestamp': datetime.datetime(2024, 9, 30, 2, 7, tzinfo=datetime.timezone.utc), 'emp_id': 2132, 'employee_name': 'Employee32', 'factory': 'FactoryA', 'in_out': 'OUT', 'entrance': 'Side', 'door_number': '7', 'function': 'IT', 'division': 'AAPD', 'department': 'ML', 'section': '1'}
[2025-03-30T11:40:45.556+0000] {inout_data.py:99} INFO - Query: INSERT INTO emp_inout_rec (ingested_time, timestamp, employee_id, employee_name, factory, in_out, entrance, door_number, function, division, department, section) VALUES (%s, %s, %s, %s, %s, %s, %s, %s, %s, %s, %s)
[2025-03-30T11:40:45.557+0000] {inout_data.py:100} INFO - Params: ('2025-03-30 11:40:45', '2024-09-30 02:07:00', 2132, 'Employee32', 'FactoryA', 'OUT', 'Side', '7', 'IT', 'AAPD', 'ML', '1')
[2025-03-30T11:40:45.558+0000] {logging_mixin.py:188} INFO - General error executing query: not all arguments converted during string formatting
[2025-03-30T11:40:45.559+0000] {inout_data.py:83} INFO - {'ingested_time': datetime.datetime(2025, 3, 30, 11, 40, 45, 559452), 'timestamp': datetime.datetime(2024, 9, 30, 2, 23, tzinfo=datetime.timezone.utc), 'emp_id': 2240, 'employee_name': 'Employee41', 'factory': 'FactoryB', 'in_out': 'IN', 'entrance': 'Side', 'door_number': '6', 'function': 'IT', 'division': 'AAPD', 'department': 'CAPD', 'section': '2'}
[2025-03-30T11:40:45.559+0000] {inout_data.py:99} INFO - Query: INSERT INTO emp_inout_rec (ingested_time, timestamp, employee_id, employee_name, factory, in_out, entrance, door_number, function, division, department, section) VALUES (%s, %s, %s, %s, %s, %s, %s, %s, %s, %s, %s)
[2025-03-30T11:40:45.560+0000] {inout_data.py:100} INFO - Params: ('2025-03-30 11:40:45', '2024-09-30 02:23:00', 2240, 'Employee41', 'FactoryB', 'IN', 'Side', '6', 'IT', 'AAPD', 'CAPD', '2')
[2025-03-30T11:40:45.560+0000] {logging_mixin.py:188} INFO - General error executing query: not all arguments converted during string formatting
[2025-03-30T11:40:45.561+0000] {inout_data.py:83} INFO - {'ingested_time': datetime.datetime(2025, 3, 30, 11, 40, 45, 561191), 'timestamp': datetime.datetime(2024, 9, 30, 2, 22, tzinfo=datetime.timezone.utc), 'emp_id': 3392, 'employee_name': 'Employee14', 'factory': 'FactoryA', 'in_out': 'IN', 'entrance': 'Side', 'door_number': '4', 'function': 'IT', 'division': 'AAPD', 'department': 'CAPD', 'section': '2'}
[2025-03-30T11:40:45.562+0000] {inout_data.py:99} INFO - Query: INSERT INTO emp_inout_rec (ingested_time, timestamp, employee_id, employee_name, factory, in_out, entrance, door_number, function, division, department, section) VALUES (%s, %s, %s, %s, %s, %s, %s, %s, %s, %s, %s)
[2025-03-30T11:40:45.562+0000] {inout_data.py:100} INFO - Params: ('2025-03-30 11:40:45', '2024-09-30 02:22:00', 3392, 'Employee14', 'FactoryA', 'IN', 'Side', '4', 'IT', 'AAPD', 'CAPD', '2')
[2025-03-30T11:40:45.562+0000] {logging_mixin.py:188} INFO - General error executing query: not all arguments converted during string formatting
[2025-03-30T11:40:45.563+0000] {inout_data.py:83} INFO - {'ingested_time': datetime.datetime(2025, 3, 30, 11, 40, 45, 563269), 'timestamp': datetime.datetime(2024, 9, 30, 2, 15, tzinfo=datetime.timezone.utc), 'emp_id': 9776, 'employee_name': 'Employee21', 'factory': 'FactoryA', 'in_out': 'IN', 'entrance': 'Side', 'door_number': '9', 'function': 'IT', 'division': 'AAPD', 'department': 'CAPD', 'section': '1'}
[2025-03-30T11:40:45.563+0000] {inout_data.py:99} INFO - Query: INSERT INTO emp_inout_rec (ingested_time, timestamp, employee_id, employee_name, factory, in_out, entrance, door_number, function, division, department, section) VALUES (%s, %s, %s, %s, %s, %s, %s, %s, %s, %s, %s)
[2025-03-30T11:40:45.563+0000] {inout_data.py:100} INFO - Params: ('2025-03-30 11:40:45', '2024-09-30 02:15:00', 9776, 'Employee21', 'FactoryA', 'IN', 'Side', '9', 'IT', 'AAPD', 'CAPD', '1')
[2025-03-30T11:40:45.564+0000] {logging_mixin.py:188} INFO - General error executing query: not all arguments converted during string formatting
[2025-03-30T11:40:45.564+0000] {inout_data.py:83} INFO - {'ingested_time': datetime.datetime(2025, 3, 30, 11, 40, 45, 564664), 'timestamp': datetime.datetime(2024, 9, 30, 2, 21, tzinfo=datetime.timezone.utc), 'emp_id': 5077, 'employee_name': 'Employee81', 'factory': 'FactoryA', 'in_out': 'IN', 'entrance': 'Side', 'door_number': '6', 'function': 'IT', 'division': 'BSID', 'department': 'ML', 'section': '1'}
[2025-03-30T11:40:45.565+0000] {inout_data.py:99} INFO - Query: INSERT INTO emp_inout_rec (ingested_time, timestamp, employee_id, employee_name, factory, in_out, entrance, door_number, function, division, department, section) VALUES (%s, %s, %s, %s, %s, %s, %s, %s, %s, %s, %s)
[2025-03-30T11:40:45.566+0000] {inout_data.py:100} INFO - Params: ('2025-03-30 11:40:45', '2024-09-30 02:21:00', 5077, 'Employee81', 'FactoryA', 'IN', 'Side', '6', 'IT', 'BSID', 'ML', '1')
[2025-03-30T11:40:45.566+0000] {logging_mixin.py:188} INFO - General error executing query: not all arguments converted during string formatting
[2025-03-30T11:40:45.567+0000] {inout_data.py:83} INFO - {'ingested_time': datetime.datetime(2025, 3, 30, 11, 40, 45, 567660), 'timestamp': datetime.datetime(2024, 9, 30, 2, 16, tzinfo=datetime.timezone.utc), 'emp_id': 4101, 'employee_name': 'Employee60', 'factory': 'FactoryB', 'in_out': 'OUT', 'entrance': 'Main', 'door_number': '1', 'function': 'IT', 'division': 'AAPD', 'department': 'ML', 'section': '2'}
[2025-03-30T11:40:45.568+0000] {inout_data.py:99} INFO - Query: INSERT INTO emp_inout_rec (ingested_time, timestamp, employee_id, employee_name, factory, in_out, entrance, door_number, function, division, department, section) VALUES (%s, %s, %s, %s, %s, %s, %s, %s, %s, %s, %s)
[2025-03-30T11:40:45.568+0000] {inout_data.py:100} INFO - Params: ('2025-03-30 11:40:45', '2024-09-30 02:16:00', 4101, 'Employee60', 'FactoryB', 'OUT', 'Main', '1', 'IT', 'AAPD', 'ML', '2')
[2025-03-30T11:40:45.569+0000] {logging_mixin.py:188} INFO - General error executing query: not all arguments converted during string formatting
[2025-03-30T11:40:45.569+0000] {inout_data.py:83} INFO - {'ingested_time': datetime.datetime(2025, 3, 30, 11, 40, 45, 569934), 'timestamp': datetime.datetime(2024, 9, 30, 2, 9, tzinfo=datetime.timezone.utc), 'emp_id': 3630, 'employee_name': 'Employee80', 'factory': 'FactoryA', 'in_out': 'IN', 'entrance': 'Main', 'door_number': '3', 'function': 'IT', 'division': 'BSID', 'department': 'CAPD', 'section': '1'}
[2025-03-30T11:40:45.570+0000] {inout_data.py:99} INFO - Query: INSERT INTO emp_inout_rec (ingested_time, timestamp, employee_id, employee_name, factory, in_out, entrance, door_number, function, division, department, section) VALUES (%s, %s, %s, %s, %s, %s, %s, %s, %s, %s, %s)
[2025-03-30T11:40:45.570+0000] {inout_data.py:100} INFO - Params: ('2025-03-30 11:40:45', '2024-09-30 02:09:00', 3630, 'Employee80', 'FactoryA', 'IN', 'Main', '3', 'IT', 'BSID', 'CAPD', '1')
[2025-03-30T11:40:45.570+0000] {logging_mixin.py:188} INFO - General error executing query: not all arguments converted during string formatting
[2025-03-30T11:40:45.571+0000] {inout_data.py:102} INFO - Ingested 7 rows of dummy data for 2024-09-30 02:00:00+00:00.
[2025-03-30T11:40:45.571+0000] {logging_mixin.py:188} INFO - MariaDB connection closed.
[2025-03-30T11:40:45.571+0000] {python.py:202} INFO - Done. Returned value was: None
[2025-03-30T11:40:45.578+0000] {taskinstance.py:1149} INFO - Marking task as SUCCESS. dag_id=inout_data_ingestion, task_id=ingest_dummy_data, execution_date=20240930T020000, start_date=20250330T114045, end_date=20250330T114045
[2025-03-30T11:40:45.604+0000] {local_task_job_runner.py:234} INFO - Task exited with return code 0
[2025-03-30T11:40:45.624+0000] {taskinstance.py:3309} INFO - 0 downstream tasks scheduled from follow-on schedule check
