[2025-03-30T11:09:03.257+0000] {taskinstance.py:1979} INFO - Dependencies all met for dep_context=non-requeueable deps ti=<TaskInstance: inout_data_ingestion.ingest_dummy_data scheduled__2024-09-29T15:00:00+00:00 [queued]>
[2025-03-30T11:09:03.265+0000] {taskinstance.py:1979} INFO - Dependencies all met for dep_context=requeueable deps ti=<TaskInstance: inout_data_ingestion.ingest_dummy_data scheduled__2024-09-29T15:00:00+00:00 [queued]>
[2025-03-30T11:09:03.265+0000] {taskinstance.py:2193} INFO - Starting attempt 1 of 2
[2025-03-30T11:09:03.274+0000] {taskinstance.py:2214} INFO - Executing <Task(PythonOperator): ingest_dummy_data> on 2024-09-29 15:00:00+00:00
[2025-03-30T11:09:03.282+0000] {standard_task_runner.py:60} INFO - Started process 221 to run task
[2025-03-30T11:09:03.292+0000] {standard_task_runner.py:87} INFO - Running: ['***', 'tasks', 'run', 'inout_data_ingestion', 'ingest_dummy_data', 'scheduled__2024-09-29T15:00:00+00:00', '--job-id', '85', '--raw', '--subdir', 'DAGS_FOLDER/inout_data.py', '--cfg-path', '/tmp/tmpnzlk8k3a']
[2025-03-30T11:09:03.294+0000] {standard_task_runner.py:88} INFO - Job 85: Subtask ingest_dummy_data
[2025-03-30T11:09:03.308+0000] {warnings.py:109} WARNING - /home/***/.local/lib/python3.8/site-packages/***/settings.py:194: DeprecationWarning: The sql_alchemy_conn option in [core] has been moved to the sql_alchemy_conn option in [database] - the old setting has been used, but please update your config.
  SQL_ALCHEMY_CONN = conf.get("database", "SQL_ALCHEMY_CONN")

[2025-03-30T11:09:03.339+0000] {task_command.py:423} INFO - Running <TaskInstance: inout_data_ingestion.ingest_dummy_data scheduled__2024-09-29T15:00:00+00:00 [running]> on host ff9d64b065e6
[2025-03-30T11:09:03.391+0000] {taskinstance.py:2510} INFO - Exporting env vars: AIRFLOW_CTX_DAG_OWNER='***' AIRFLOW_CTX_DAG_ID='inout_data_ingestion' AIRFLOW_CTX_TASK_ID='ingest_dummy_data' AIRFLOW_CTX_EXECUTION_DATE='2024-09-29T15:00:00+00:00' AIRFLOW_CTX_TRY_NUMBER='1' AIRFLOW_CTX_DAG_RUN_ID='scheduled__2024-09-29T15:00:00+00:00'
[2025-03-30T11:09:03.394+0000] {inout_data.py:42} INFO - Successfully connected to MariaDB: INOUT on mariadb:3306
[2025-03-30T11:09:03.395+0000] {inout_data.py:63} ERROR - Error executing query: (1062, "Duplicate entry '2025-03-30 11:09:03-4886' for key 'PRIMARY'")
[2025-03-30T11:09:03.395+0000] {inout_data.py:63} ERROR - Error executing query: (1062, "Duplicate entry '2025-03-30 11:09:03-4886' for key 'PRIMARY'")
[2025-03-30T11:09:03.396+0000] {inout_data.py:63} ERROR - Error executing query: (1062, "Duplicate entry '2025-03-30 11:09:03-4886' for key 'PRIMARY'")
[2025-03-30T11:09:03.396+0000] {inout_data.py:63} ERROR - Error executing query: (1062, "Duplicate entry '2025-03-30 11:09:03-4886' for key 'PRIMARY'")
[2025-03-30T11:09:03.397+0000] {inout_data.py:63} ERROR - Error executing query: (1062, "Duplicate entry '2025-03-30 11:09:03-4886' for key 'PRIMARY'")
[2025-03-30T11:09:03.397+0000] {inout_data.py:63} ERROR - Error executing query: (1062, "Duplicate entry '2025-03-30 11:09:03-4886' for key 'PRIMARY'")
[2025-03-30T11:09:03.397+0000] {inout_data.py:63} ERROR - Error executing query: (1062, "Duplicate entry '2025-03-30 11:09:03-4886' for key 'PRIMARY'")
[2025-03-30T11:09:03.398+0000] {inout_data.py:63} ERROR - Error executing query: (1062, "Duplicate entry '2025-03-30 11:09:03-4886' for key 'PRIMARY'")
[2025-03-30T11:09:03.398+0000] {inout_data.py:63} ERROR - Error executing query: (1062, "Duplicate entry '2025-03-30 11:09:03-4886' for key 'PRIMARY'")
[2025-03-30T11:09:03.398+0000] {inout_data.py:159} INFO - Ingested 10 rows of dummy data.
[2025-03-30T11:09:03.398+0000] {inout_data.py:78} INFO - MariaDB connection closed.
[2025-03-30T11:09:03.399+0000] {python.py:202} INFO - Done. Returned value was: None
[2025-03-30T11:09:03.405+0000] {taskinstance.py:1149} INFO - Marking task as SUCCESS. dag_id=inout_data_ingestion, task_id=ingest_dummy_data, execution_date=20240929T150000, start_date=20250330T110903, end_date=20250330T110903
[2025-03-30T11:09:03.434+0000] {local_task_job_runner.py:234} INFO - Task exited with return code 0
[2025-03-30T11:09:03.445+0000] {taskinstance.py:3309} INFO - 0 downstream tasks scheduled from follow-on schedule check
[2025-03-30T11:15:43.749+0000] {taskinstance.py:1979} INFO - Dependencies all met for dep_context=non-requeueable deps ti=<TaskInstance: inout_data_ingestion.ingest_dummy_data scheduled__2024-09-29T15:00:00+00:00 [queued]>
[2025-03-30T11:15:43.776+0000] {taskinstance.py:1979} INFO - Dependencies all met for dep_context=requeueable deps ti=<TaskInstance: inout_data_ingestion.ingest_dummy_data scheduled__2024-09-29T15:00:00+00:00 [queued]>
[2025-03-30T11:15:43.778+0000] {taskinstance.py:2193} INFO - Starting attempt 1 of 2
[2025-03-30T11:15:43.803+0000] {taskinstance.py:2214} INFO - Executing <Task(PythonOperator): ingest_dummy_data> on 2024-09-29 15:00:00+00:00
[2025-03-30T11:15:43.817+0000] {standard_task_runner.py:60} INFO - Started process 2079 to run task
[2025-03-30T11:15:43.823+0000] {standard_task_runner.py:87} INFO - Running: ['***', 'tasks', 'run', 'inout_data_ingestion', 'ingest_dummy_data', 'scheduled__2024-09-29T15:00:00+00:00', '--job-id', '1015', '--raw', '--subdir', 'DAGS_FOLDER/inout_data.py', '--cfg-path', '/tmp/tmpb5brg3r_']
[2025-03-30T11:15:43.827+0000] {standard_task_runner.py:88} INFO - Job 1015: Subtask ingest_dummy_data
[2025-03-30T11:15:43.844+0000] {warnings.py:109} WARNING - /home/***/.local/lib/python3.8/site-packages/***/settings.py:194: DeprecationWarning: The sql_alchemy_conn option in [core] has been moved to the sql_alchemy_conn option in [database] - the old setting has been used, but please update your config.
  SQL_ALCHEMY_CONN = conf.get("database", "SQL_ALCHEMY_CONN")

[2025-03-30T11:15:43.881+0000] {task_command.py:423} INFO - Running <TaskInstance: inout_data_ingestion.ingest_dummy_data scheduled__2024-09-29T15:00:00+00:00 [running]> on host ff9d64b065e6
[2025-03-30T11:15:44.114+0000] {taskinstance.py:2510} INFO - Exporting env vars: AIRFLOW_CTX_DAG_OWNER='***' AIRFLOW_CTX_DAG_ID='inout_data_ingestion' AIRFLOW_CTX_TASK_ID='ingest_dummy_data' AIRFLOW_CTX_EXECUTION_DATE='2024-09-29T15:00:00+00:00' AIRFLOW_CTX_TRY_NUMBER='1' AIRFLOW_CTX_DAG_RUN_ID='scheduled__2024-09-29T15:00:00+00:00'
[2025-03-30T11:15:44.125+0000] {inout_data.py:42} INFO - Successfully connected to MariaDB: INOUT on mariadb:3306
[2025-03-30T11:15:44.127+0000] {inout_data.py:63} ERROR - Error executing query: (1062, "Duplicate entry '2025-03-30 11:15:44-5735' for key 'PRIMARY'")
[2025-03-30T11:15:44.128+0000] {inout_data.py:63} ERROR - Error executing query: (1062, "Duplicate entry '2025-03-30 11:15:44-5735' for key 'PRIMARY'")
[2025-03-30T11:15:44.129+0000] {inout_data.py:63} ERROR - Error executing query: (1062, "Duplicate entry '2025-03-30 11:15:44-5735' for key 'PRIMARY'")
[2025-03-30T11:15:44.129+0000] {inout_data.py:63} ERROR - Error executing query: (1062, "Duplicate entry '2025-03-30 11:15:44-5735' for key 'PRIMARY'")
[2025-03-30T11:15:44.130+0000] {inout_data.py:63} ERROR - Error executing query: (1062, "Duplicate entry '2025-03-30 11:15:44-5735' for key 'PRIMARY'")
[2025-03-30T11:15:44.131+0000] {inout_data.py:63} ERROR - Error executing query: (1062, "Duplicate entry '2025-03-30 11:15:44-5735' for key 'PRIMARY'")
[2025-03-30T11:15:44.131+0000] {inout_data.py:63} ERROR - Error executing query: (1062, "Duplicate entry '2025-03-30 11:15:44-5735' for key 'PRIMARY'")
[2025-03-30T11:15:44.132+0000] {inout_data.py:63} ERROR - Error executing query: (1062, "Duplicate entry '2025-03-30 11:15:44-5735' for key 'PRIMARY'")
[2025-03-30T11:15:44.132+0000] {inout_data.py:63} ERROR - Error executing query: (1062, "Duplicate entry '2025-03-30 11:15:44-5735' for key 'PRIMARY'")
[2025-03-30T11:15:44.133+0000] {inout_data.py:63} ERROR - Error executing query: (1062, "Duplicate entry '2025-03-30 11:15:44-5735' for key 'PRIMARY'")
[2025-03-30T11:15:44.133+0000] {inout_data.py:63} ERROR - Error executing query: (1062, "Duplicate entry '2025-03-30 11:15:44-5735' for key 'PRIMARY'")
[2025-03-30T11:15:44.134+0000] {inout_data.py:152} INFO - Ingested 12 rows of dummy data.
[2025-03-30T11:15:44.134+0000] {inout_data.py:78} INFO - MariaDB connection closed.
[2025-03-30T11:15:44.134+0000] {python.py:202} INFO - Done. Returned value was: None
[2025-03-30T11:15:44.146+0000] {taskinstance.py:1149} INFO - Marking task as SUCCESS. dag_id=inout_data_ingestion, task_id=ingest_dummy_data, execution_date=20240929T150000, start_date=20250330T111543, end_date=20250330T111544
[2025-03-30T11:15:44.175+0000] {local_task_job_runner.py:234} INFO - Task exited with return code 0
[2025-03-30T11:15:44.199+0000] {taskinstance.py:3309} INFO - 0 downstream tasks scheduled from follow-on schedule check
[2025-03-30T11:28:18.616+0000] {taskinstance.py:1979} INFO - Dependencies all met for dep_context=non-requeueable deps ti=<TaskInstance: inout_data_ingestion.ingest_dummy_data scheduled__2024-09-29T15:00:00+00:00 [queued]>
[2025-03-30T11:28:18.628+0000] {taskinstance.py:1979} INFO - Dependencies all met for dep_context=requeueable deps ti=<TaskInstance: inout_data_ingestion.ingest_dummy_data scheduled__2024-09-29T15:00:00+00:00 [queued]>
[2025-03-30T11:28:18.629+0000] {taskinstance.py:2193} INFO - Starting attempt 1 of 2
[2025-03-30T11:28:18.645+0000] {taskinstance.py:2214} INFO - Executing <Task(PythonOperator): ingest_dummy_data> on 2024-09-29 15:00:00+00:00
[2025-03-30T11:28:18.655+0000] {standard_task_runner.py:60} INFO - Started process 4006 to run task
[2025-03-30T11:28:18.660+0000] {standard_task_runner.py:87} INFO - Running: ['***', 'tasks', 'run', 'inout_data_ingestion', 'ingest_dummy_data', 'scheduled__2024-09-29T15:00:00+00:00', '--job-id', '1977', '--raw', '--subdir', 'DAGS_FOLDER/inout_data.py', '--cfg-path', '/tmp/tmpzkqbksiu']
[2025-03-30T11:28:18.662+0000] {standard_task_runner.py:88} INFO - Job 1977: Subtask ingest_dummy_data
[2025-03-30T11:28:18.683+0000] {warnings.py:109} WARNING - /home/***/.local/lib/python3.8/site-packages/***/settings.py:194: DeprecationWarning: The sql_alchemy_conn option in [core] has been moved to the sql_alchemy_conn option in [database] - the old setting has been used, but please update your config.
  SQL_ALCHEMY_CONN = conf.get("database", "SQL_ALCHEMY_CONN")

[2025-03-30T11:28:18.731+0000] {task_command.py:423} INFO - Running <TaskInstance: inout_data_ingestion.ingest_dummy_data scheduled__2024-09-29T15:00:00+00:00 [running]> on host ff9d64b065e6
[2025-03-30T11:28:18.813+0000] {taskinstance.py:2510} INFO - Exporting env vars: AIRFLOW_CTX_DAG_OWNER='***' AIRFLOW_CTX_DAG_ID='inout_data_ingestion' AIRFLOW_CTX_TASK_ID='ingest_dummy_data' AIRFLOW_CTX_EXECUTION_DATE='2024-09-29T15:00:00+00:00' AIRFLOW_CTX_TRY_NUMBER='1' AIRFLOW_CTX_DAG_RUN_ID='scheduled__2024-09-29T15:00:00+00:00'
[2025-03-30T11:28:18.817+0000] {logging_mixin.py:188} INFO - Successfully connected to MariaDB: INOUT on mariadb:3306
[2025-03-30T11:28:18.817+0000] {logging_mixin.py:188} INFO - General error executing query: not all arguments converted during string formatting
[2025-03-30T11:28:18.818+0000] {logging_mixin.py:188} INFO - General error executing query: not all arguments converted during string formatting
[2025-03-30T11:28:18.819+0000] {logging_mixin.py:188} INFO - General error executing query: not all arguments converted during string formatting
[2025-03-30T11:28:18.819+0000] {logging_mixin.py:188} INFO - General error executing query: not all arguments converted during string formatting
[2025-03-30T11:28:18.820+0000] {logging_mixin.py:188} INFO - General error executing query: not all arguments converted during string formatting
[2025-03-30T11:28:18.821+0000] {logging_mixin.py:188} INFO - General error executing query: not all arguments converted during string formatting
[2025-03-30T11:28:18.823+0000] {logging_mixin.py:188} INFO - General error executing query: not all arguments converted during string formatting
[2025-03-30T11:28:18.824+0000] {inout_data.py:87} INFO - Ingested 7 rows of dummy data for 2024-09-29 15:00:00+00:00.
[2025-03-30T11:28:18.825+0000] {logging_mixin.py:188} INFO - MariaDB connection closed.
[2025-03-30T11:28:18.825+0000] {python.py:202} INFO - Done. Returned value was: None
[2025-03-30T11:28:18.832+0000] {taskinstance.py:1149} INFO - Marking task as SUCCESS. dag_id=inout_data_ingestion, task_id=ingest_dummy_data, execution_date=20240929T150000, start_date=20250330T112818, end_date=20250330T112818
[2025-03-30T11:28:18.844+0000] {local_task_job_runner.py:234} INFO - Task exited with return code 0
[2025-03-30T11:28:18.861+0000] {taskinstance.py:3309} INFO - 0 downstream tasks scheduled from follow-on schedule check
[2025-03-30T11:32:58.731+0000] {taskinstance.py:1979} INFO - Dependencies all met for dep_context=non-requeueable deps ti=<TaskInstance: inout_data_ingestion.ingest_dummy_data scheduled__2024-09-29T15:00:00+00:00 [queued]>
[2025-03-30T11:32:58.750+0000] {taskinstance.py:1979} INFO - Dependencies all met for dep_context=requeueable deps ti=<TaskInstance: inout_data_ingestion.ingest_dummy_data scheduled__2024-09-29T15:00:00+00:00 [queued]>
[2025-03-30T11:32:58.751+0000] {taskinstance.py:2193} INFO - Starting attempt 1 of 2
[2025-03-30T11:32:58.787+0000] {taskinstance.py:2214} INFO - Executing <Task(PythonOperator): ingest_dummy_data> on 2024-09-29 15:00:00+00:00
[2025-03-30T11:32:58.799+0000] {standard_task_runner.py:60} INFO - Started process 5459 to run task
[2025-03-30T11:32:58.809+0000] {standard_task_runner.py:87} INFO - Running: ['***', 'tasks', 'run', 'inout_data_ingestion', 'ingest_dummy_data', 'scheduled__2024-09-29T15:00:00+00:00', '--job-id', '2703', '--raw', '--subdir', 'DAGS_FOLDER/inout_data.py', '--cfg-path', '/tmp/tmpv5hevdxs']
[2025-03-30T11:32:58.812+0000] {standard_task_runner.py:88} INFO - Job 2703: Subtask ingest_dummy_data
[2025-03-30T11:32:58.839+0000] {warnings.py:109} WARNING - /home/***/.local/lib/python3.8/site-packages/***/settings.py:194: DeprecationWarning: The sql_alchemy_conn option in [core] has been moved to the sql_alchemy_conn option in [database] - the old setting has been used, but please update your config.
  SQL_ALCHEMY_CONN = conf.get("database", "SQL_ALCHEMY_CONN")

[2025-03-30T11:32:58.890+0000] {task_command.py:423} INFO - Running <TaskInstance: inout_data_ingestion.ingest_dummy_data scheduled__2024-09-29T15:00:00+00:00 [running]> on host ff9d64b065e6
[2025-03-30T11:32:58.960+0000] {taskinstance.py:2510} INFO - Exporting env vars: AIRFLOW_CTX_DAG_OWNER='***' AIRFLOW_CTX_DAG_ID='inout_data_ingestion' AIRFLOW_CTX_TASK_ID='ingest_dummy_data' AIRFLOW_CTX_EXECUTION_DATE='2024-09-29T15:00:00+00:00' AIRFLOW_CTX_TRY_NUMBER='1' AIRFLOW_CTX_DAG_RUN_ID='scheduled__2024-09-29T15:00:00+00:00'
[2025-03-30T11:32:58.967+0000] {logging_mixin.py:188} INFO - Successfully connected to MariaDB: INOUT on mariadb:3306
[2025-03-30T11:32:58.968+0000] {inout_data.py:83} INFO - {'ingested_time': datetime.datetime(2025, 3, 30, 11, 32, 58, 968806), 'timestamp': datetime.datetime(2024, 9, 29, 15, 26, tzinfo=datetime.timezone.utc), 'emp_id': 7033, 'employee_name': 'Employee51', 'factory': 'FactoryA', 'in_out': 'IN', 'entrance': 'Main', 'door_number': '10', 'function': 'IT', 'division': 'AAPD', 'department': 'HRSD', 'section': '1'}
[2025-03-30T11:32:58.969+0000] {logging_mixin.py:188} INFO - General error executing query: not all arguments converted during string formatting
[2025-03-30T11:32:58.971+0000] {inout_data.py:83} INFO - {'ingested_time': datetime.datetime(2025, 3, 30, 11, 32, 58, 971248), 'timestamp': datetime.datetime(2024, 9, 29, 15, 21, tzinfo=datetime.timezone.utc), 'emp_id': 2277, 'employee_name': 'Employee64', 'factory': 'FactoryB', 'in_out': 'OUT', 'entrance': 'Main', 'door_number': '4', 'function': 'IT', 'division': 'BSID', 'department': 'HRSD', 'section': '2'}
[2025-03-30T11:32:58.973+0000] {logging_mixin.py:188} INFO - General error executing query: not all arguments converted during string formatting
[2025-03-30T11:32:58.974+0000] {inout_data.py:83} INFO - {'ingested_time': datetime.datetime(2025, 3, 30, 11, 32, 58, 974492), 'timestamp': datetime.datetime(2024, 9, 29, 15, 28, tzinfo=datetime.timezone.utc), 'emp_id': 9509, 'employee_name': 'Employee16', 'factory': 'FactoryA', 'in_out': 'OUT', 'entrance': 'Side', 'door_number': '1', 'function': 'IT', 'division': 'AAPD', 'department': 'ML', 'section': '1'}
[2025-03-30T11:32:58.975+0000] {logging_mixin.py:188} INFO - General error executing query: not all arguments converted during string formatting
[2025-03-30T11:32:58.976+0000] {inout_data.py:83} INFO - {'ingested_time': datetime.datetime(2025, 3, 30, 11, 32, 58, 976705), 'timestamp': datetime.datetime(2024, 9, 29, 15, 0, tzinfo=datetime.timezone.utc), 'emp_id': 2960, 'employee_name': 'Employee26', 'factory': 'FactoryB', 'in_out': 'IN', 'entrance': 'Main', 'door_number': '7', 'function': 'IT', 'division': 'BSID', 'department': 'ML', 'section': '1'}
[2025-03-30T11:32:58.977+0000] {logging_mixin.py:188} INFO - General error executing query: not all arguments converted during string formatting
[2025-03-30T11:32:58.977+0000] {inout_data.py:83} INFO - {'ingested_time': datetime.datetime(2025, 3, 30, 11, 32, 58, 977798), 'timestamp': datetime.datetime(2024, 9, 29, 15, 25, tzinfo=datetime.timezone.utc), 'emp_id': 7500, 'employee_name': 'Employee46', 'factory': 'FactoryA', 'in_out': 'OUT', 'entrance': 'Side', 'door_number': '9', 'function': 'IT', 'division': 'AAPD', 'department': 'CAPD', 'section': '1'}
[2025-03-30T11:32:58.978+0000] {logging_mixin.py:188} INFO - General error executing query: not all arguments converted during string formatting
[2025-03-30T11:32:58.979+0000] {inout_data.py:83} INFO - {'ingested_time': datetime.datetime(2025, 3, 30, 11, 32, 58, 979036), 'timestamp': datetime.datetime(2024, 9, 29, 15, 3, tzinfo=datetime.timezone.utc), 'emp_id': 7993, 'employee_name': 'Employee28', 'factory': 'FactoryB', 'in_out': 'OUT', 'entrance': 'Main', 'door_number': '5', 'function': 'IT', 'division': 'AAPD', 'department': 'ML', 'section': '2'}
[2025-03-30T11:32:58.979+0000] {logging_mixin.py:188} INFO - General error executing query: not all arguments converted during string formatting
[2025-03-30T11:32:58.980+0000] {inout_data.py:83} INFO - {'ingested_time': datetime.datetime(2025, 3, 30, 11, 32, 58, 980821), 'timestamp': datetime.datetime(2024, 9, 29, 15, 8, tzinfo=datetime.timezone.utc), 'emp_id': 6691, 'employee_name': 'Employee36', 'factory': 'FactoryB', 'in_out': 'IN', 'entrance': 'Side', 'door_number': '8', 'function': 'IT', 'division': 'BSID', 'department': 'HRSD', 'section': '1'}
[2025-03-30T11:32:58.981+0000] {logging_mixin.py:188} INFO - General error executing query: not all arguments converted during string formatting
[2025-03-30T11:32:58.983+0000] {inout_data.py:83} INFO - {'ingested_time': datetime.datetime(2025, 3, 30, 11, 32, 58, 982355), 'timestamp': datetime.datetime(2024, 9, 29, 15, 10, tzinfo=datetime.timezone.utc), 'emp_id': 3648, 'employee_name': 'Employee48', 'factory': 'FactoryB', 'in_out': 'IN', 'entrance': 'Side', 'door_number': '4', 'function': 'IT', 'division': 'BSID', 'department': 'ML', 'section': '1'}
[2025-03-30T11:32:58.984+0000] {logging_mixin.py:188} INFO - General error executing query: not all arguments converted during string formatting
[2025-03-30T11:32:58.985+0000] {inout_data.py:83} INFO - {'ingested_time': datetime.datetime(2025, 3, 30, 11, 32, 58, 985234), 'timestamp': datetime.datetime(2024, 9, 29, 15, 8, tzinfo=datetime.timezone.utc), 'emp_id': 4683, 'employee_name': 'Employee22', 'factory': 'FactoryB', 'in_out': 'OUT', 'entrance': 'Main', 'door_number': '8', 'function': 'IT', 'division': 'AAPD', 'department': 'ML', 'section': '2'}
[2025-03-30T11:32:58.986+0000] {logging_mixin.py:188} INFO - General error executing query: not all arguments converted during string formatting
[2025-03-30T11:32:58.987+0000] {inout_data.py:83} INFO - {'ingested_time': datetime.datetime(2025, 3, 30, 11, 32, 58, 987011), 'timestamp': datetime.datetime(2024, 9, 29, 15, 17, tzinfo=datetime.timezone.utc), 'emp_id': 4994, 'employee_name': 'Employee40', 'factory': 'FactoryA', 'in_out': 'OUT', 'entrance': 'Main', 'door_number': '5', 'function': 'IT', 'division': 'AAPD', 'department': 'CAPD', 'section': '2'}
[2025-03-30T11:32:58.987+0000] {logging_mixin.py:188} INFO - General error executing query: not all arguments converted during string formatting
[2025-03-30T11:32:58.988+0000] {inout_data.py:83} INFO - {'ingested_time': datetime.datetime(2025, 3, 30, 11, 32, 58, 988282), 'timestamp': datetime.datetime(2024, 9, 29, 15, 4, tzinfo=datetime.timezone.utc), 'emp_id': 3517, 'employee_name': 'Employee97', 'factory': 'FactoryA', 'in_out': 'IN', 'entrance': 'Side', 'door_number': '2', 'function': 'IT', 'division': 'AAPD', 'department': 'CAPD', 'section': '1'}
[2025-03-30T11:32:58.989+0000] {logging_mixin.py:188} INFO - General error executing query: not all arguments converted during string formatting
[2025-03-30T11:32:58.990+0000] {inout_data.py:83} INFO - {'ingested_time': datetime.datetime(2025, 3, 30, 11, 32, 58, 990606), 'timestamp': datetime.datetime(2024, 9, 29, 15, 19, tzinfo=datetime.timezone.utc), 'emp_id': 8518, 'employee_name': 'Employee96', 'factory': 'FactoryA', 'in_out': 'OUT', 'entrance': 'Main', 'door_number': '5', 'function': 'IT', 'division': 'AAPD', 'department': 'CAPD', 'section': '2'}
[2025-03-30T11:32:58.991+0000] {logging_mixin.py:188} INFO - General error executing query: not all arguments converted during string formatting
[2025-03-30T11:32:58.992+0000] {inout_data.py:83} INFO - {'ingested_time': datetime.datetime(2025, 3, 30, 11, 32, 58, 992138), 'timestamp': datetime.datetime(2024, 9, 29, 15, 20, tzinfo=datetime.timezone.utc), 'emp_id': 6390, 'employee_name': 'Employee13', 'factory': 'FactoryA', 'in_out': 'IN', 'entrance': 'Main', 'door_number': '1', 'function': 'IT', 'division': 'BSID', 'department': 'HRSD', 'section': '2'}
[2025-03-30T11:32:58.993+0000] {logging_mixin.py:188} INFO - General error executing query: not all arguments converted during string formatting
[2025-03-30T11:32:58.995+0000] {inout_data.py:83} INFO - {'ingested_time': datetime.datetime(2025, 3, 30, 11, 32, 58, 995173), 'timestamp': datetime.datetime(2024, 9, 29, 15, 2, tzinfo=datetime.timezone.utc), 'emp_id': 2192, 'employee_name': 'Employee43', 'factory': 'FactoryA', 'in_out': 'IN', 'entrance': 'Main', 'door_number': '2', 'function': 'IT', 'division': 'BSID', 'department': 'HRSD', 'section': '1'}
[2025-03-30T11:32:58.997+0000] {logging_mixin.py:188} INFO - General error executing query: not all arguments converted during string formatting
[2025-03-30T11:32:59.000+0000] {inout_data.py:88} INFO - Ingested 14 rows of dummy data for 2024-09-29 15:00:00+00:00.
[2025-03-30T11:32:59.001+0000] {logging_mixin.py:188} INFO - MariaDB connection closed.
[2025-03-30T11:32:59.001+0000] {python.py:202} INFO - Done. Returned value was: None
[2025-03-30T11:32:59.013+0000] {taskinstance.py:1149} INFO - Marking task as SUCCESS. dag_id=inout_data_ingestion, task_id=ingest_dummy_data, execution_date=20240929T150000, start_date=20250330T113258, end_date=20250330T113259
[2025-03-30T11:32:59.032+0000] {local_task_job_runner.py:234} INFO - Task exited with return code 0
[2025-03-30T11:32:59.063+0000] {taskinstance.py:3309} INFO - 0 downstream tasks scheduled from follow-on schedule check
[2025-03-30T11:38:25.465+0000] {taskinstance.py:1979} INFO - Dependencies all met for dep_context=non-requeueable deps ti=<TaskInstance: inout_data_ingestion.ingest_dummy_data scheduled__2024-09-29T15:00:00+00:00 [queued]>
[2025-03-30T11:38:25.481+0000] {taskinstance.py:1979} INFO - Dependencies all met for dep_context=requeueable deps ti=<TaskInstance: inout_data_ingestion.ingest_dummy_data scheduled__2024-09-29T15:00:00+00:00 [queued]>
[2025-03-30T11:38:25.482+0000] {taskinstance.py:2193} INFO - Starting attempt 1 of 2
[2025-03-30T11:38:25.510+0000] {taskinstance.py:2214} INFO - Executing <Task(PythonOperator): ingest_dummy_data> on 2024-09-29 15:00:00+00:00
[2025-03-30T11:38:25.525+0000] {standard_task_runner.py:60} INFO - Started process 6357 to run task
[2025-03-30T11:38:25.529+0000] {standard_task_runner.py:87} INFO - Running: ['***', 'tasks', 'run', 'inout_data_ingestion', 'ingest_dummy_data', 'scheduled__2024-09-29T15:00:00+00:00', '--job-id', '3153', '--raw', '--subdir', 'DAGS_FOLDER/inout_data.py', '--cfg-path', '/tmp/tmpq8btj64s']
[2025-03-30T11:38:25.531+0000] {standard_task_runner.py:88} INFO - Job 3153: Subtask ingest_dummy_data
[2025-03-30T11:38:25.553+0000] {warnings.py:109} WARNING - /home/***/.local/lib/python3.8/site-packages/***/settings.py:194: DeprecationWarning: The sql_alchemy_conn option in [core] has been moved to the sql_alchemy_conn option in [database] - the old setting has been used, but please update your config.
  SQL_ALCHEMY_CONN = conf.get("database", "SQL_ALCHEMY_CONN")

[2025-03-30T11:38:25.626+0000] {task_command.py:423} INFO - Running <TaskInstance: inout_data_ingestion.ingest_dummy_data scheduled__2024-09-29T15:00:00+00:00 [running]> on host ff9d64b065e6
[2025-03-30T11:38:25.723+0000] {taskinstance.py:2510} INFO - Exporting env vars: AIRFLOW_CTX_DAG_OWNER='***' AIRFLOW_CTX_DAG_ID='inout_data_ingestion' AIRFLOW_CTX_TASK_ID='ingest_dummy_data' AIRFLOW_CTX_EXECUTION_DATE='2024-09-29T15:00:00+00:00' AIRFLOW_CTX_TRY_NUMBER='1' AIRFLOW_CTX_DAG_RUN_ID='scheduled__2024-09-29T15:00:00+00:00'
[2025-03-30T11:38:25.730+0000] {logging_mixin.py:188} INFO - Successfully connected to MariaDB: INOUT on mariadb:3306
[2025-03-30T11:38:25.731+0000] {inout_data.py:83} INFO - {'ingested_time': datetime.datetime(2025, 3, 30, 11, 38, 25, 730958), 'timestamp': datetime.datetime(2024, 9, 29, 15, 17, tzinfo=datetime.timezone.utc), 'emp_id': 3897, 'employee_name': 'Employee68', 'factory': 'FactoryA', 'in_out': 'IN', 'entrance': 'Main', 'door_number': '3', 'function': 'IT', 'division': 'AAPD', 'department': 'ML', 'section': '2'}
[2025-03-30T11:38:25.731+0000] {logging_mixin.py:188} INFO - General error executing query: not all arguments converted during string formatting
[2025-03-30T11:38:25.731+0000] {inout_data.py:83} INFO - {'ingested_time': datetime.datetime(2025, 3, 30, 11, 38, 25, 731724), 'timestamp': datetime.datetime(2024, 9, 29, 15, 23, tzinfo=datetime.timezone.utc), 'emp_id': 7500, 'employee_name': 'Employee55', 'factory': 'FactoryB', 'in_out': 'OUT', 'entrance': 'Main', 'door_number': '6', 'function': 'IT', 'division': 'AAPD', 'department': 'ML', 'section': '1'}
[2025-03-30T11:38:25.732+0000] {logging_mixin.py:188} INFO - General error executing query: not all arguments converted during string formatting
[2025-03-30T11:38:25.733+0000] {inout_data.py:83} INFO - {'ingested_time': datetime.datetime(2025, 3, 30, 11, 38, 25, 733241), 'timestamp': datetime.datetime(2024, 9, 29, 15, 15, tzinfo=datetime.timezone.utc), 'emp_id': 9041, 'employee_name': 'Employee12', 'factory': 'FactoryA', 'in_out': 'IN', 'entrance': 'Main', 'door_number': '10', 'function': 'IT', 'division': 'AAPD', 'department': 'ML', 'section': '2'}
[2025-03-30T11:38:25.734+0000] {logging_mixin.py:188} INFO - General error executing query: not all arguments converted during string formatting
[2025-03-30T11:38:25.734+0000] {inout_data.py:83} INFO - {'ingested_time': datetime.datetime(2025, 3, 30, 11, 38, 25, 734869), 'timestamp': datetime.datetime(2024, 9, 29, 15, 0, tzinfo=datetime.timezone.utc), 'emp_id': 9644, 'employee_name': 'Employee69', 'factory': 'FactoryB', 'in_out': 'OUT', 'entrance': 'Side', 'door_number': '4', 'function': 'IT', 'division': 'BSID', 'department': 'HRSD', 'section': '1'}
[2025-03-30T11:38:25.735+0000] {logging_mixin.py:188} INFO - General error executing query: not all arguments converted during string formatting
[2025-03-30T11:38:25.737+0000] {inout_data.py:83} INFO - {'ingested_time': datetime.datetime(2025, 3, 30, 11, 38, 25, 736913), 'timestamp': datetime.datetime(2024, 9, 29, 15, 29, tzinfo=datetime.timezone.utc), 'emp_id': 9722, 'employee_name': 'Employee38', 'factory': 'FactoryA', 'in_out': 'OUT', 'entrance': 'Main', 'door_number': '3', 'function': 'IT', 'division': 'BSID', 'department': 'HRSD', 'section': '1'}
[2025-03-30T11:38:25.738+0000] {logging_mixin.py:188} INFO - General error executing query: not all arguments converted during string formatting
[2025-03-30T11:38:25.739+0000] {inout_data.py:83} INFO - {'ingested_time': datetime.datetime(2025, 3, 30, 11, 38, 25, 739637), 'timestamp': datetime.datetime(2024, 9, 29, 15, 25, tzinfo=datetime.timezone.utc), 'emp_id': 1501, 'employee_name': 'Employee66', 'factory': 'FactoryB', 'in_out': 'OUT', 'entrance': 'Side', 'door_number': '10', 'function': 'IT', 'division': 'BSID', 'department': 'HRSD', 'section': '2'}
[2025-03-30T11:38:25.741+0000] {logging_mixin.py:188} INFO - General error executing query: not all arguments converted during string formatting
[2025-03-30T11:38:25.741+0000] {inout_data.py:83} INFO - {'ingested_time': datetime.datetime(2025, 3, 30, 11, 38, 25, 741836), 'timestamp': datetime.datetime(2024, 9, 29, 15, 17, tzinfo=datetime.timezone.utc), 'emp_id': 9021, 'employee_name': 'Employee19', 'factory': 'FactoryB', 'in_out': 'IN', 'entrance': 'Side', 'door_number': '5', 'function': 'IT', 'division': 'AAPD', 'department': 'CAPD', 'section': '1'}
[2025-03-30T11:38:25.742+0000] {logging_mixin.py:188} INFO - General error executing query: not all arguments converted during string formatting
[2025-03-30T11:38:25.743+0000] {inout_data.py:83} INFO - {'ingested_time': datetime.datetime(2025, 3, 30, 11, 38, 25, 743533), 'timestamp': datetime.datetime(2024, 9, 29, 15, 4, tzinfo=datetime.timezone.utc), 'emp_id': 2018, 'employee_name': 'Employee37', 'factory': 'FactoryA', 'in_out': 'IN', 'entrance': 'Main', 'door_number': '9', 'function': 'IT', 'division': 'BSID', 'department': 'ML', 'section': '1'}
[2025-03-30T11:38:25.744+0000] {logging_mixin.py:188} INFO - General error executing query: not all arguments converted during string formatting
[2025-03-30T11:38:25.744+0000] {inout_data.py:83} INFO - {'ingested_time': datetime.datetime(2025, 3, 30, 11, 38, 25, 744606), 'timestamp': datetime.datetime(2024, 9, 29, 15, 21, tzinfo=datetime.timezone.utc), 'emp_id': 3935, 'employee_name': 'Employee59', 'factory': 'FactoryB', 'in_out': 'IN', 'entrance': 'Main', 'door_number': '6', 'function': 'IT', 'division': 'AAPD', 'department': 'ML', 'section': '2'}
[2025-03-30T11:38:25.745+0000] {logging_mixin.py:188} INFO - General error executing query: not all arguments converted during string formatting
[2025-03-30T11:38:25.745+0000] {inout_data.py:83} INFO - {'ingested_time': datetime.datetime(2025, 3, 30, 11, 38, 25, 745354), 'timestamp': datetime.datetime(2024, 9, 29, 15, 3, tzinfo=datetime.timezone.utc), 'emp_id': 9359, 'employee_name': 'Employee26', 'factory': 'FactoryA', 'in_out': 'IN', 'entrance': 'Main', 'door_number': '2', 'function': 'IT', 'division': 'BSID', 'department': 'HRSD', 'section': '2'}
[2025-03-30T11:38:25.746+0000] {logging_mixin.py:188} INFO - General error executing query: not all arguments converted during string formatting
[2025-03-30T11:38:25.747+0000] {inout_data.py:83} INFO - {'ingested_time': datetime.datetime(2025, 3, 30, 11, 38, 25, 747154), 'timestamp': datetime.datetime(2024, 9, 29, 15, 15, tzinfo=datetime.timezone.utc), 'emp_id': 2740, 'employee_name': 'Employee5', 'factory': 'FactoryB', 'in_out': 'OUT', 'entrance': 'Main', 'door_number': '9', 'function': 'IT', 'division': 'BSID', 'department': 'HRSD', 'section': '1'}
[2025-03-30T11:38:25.747+0000] {logging_mixin.py:188} INFO - General error executing query: not all arguments converted during string formatting
[2025-03-30T11:38:25.749+0000] {inout_data.py:83} INFO - {'ingested_time': datetime.datetime(2025, 3, 30, 11, 38, 25, 749233), 'timestamp': datetime.datetime(2024, 9, 29, 15, 6, tzinfo=datetime.timezone.utc), 'emp_id': 3187, 'employee_name': 'Employee44', 'factory': 'FactoryB', 'in_out': 'IN', 'entrance': 'Main', 'door_number': '8', 'function': 'IT', 'division': 'BSID', 'department': 'ML', 'section': '2'}
[2025-03-30T11:38:25.750+0000] {logging_mixin.py:188} INFO - General error executing query: not all arguments converted during string formatting
[2025-03-30T11:38:25.752+0000] {inout_data.py:83} INFO - {'ingested_time': datetime.datetime(2025, 3, 30, 11, 38, 25, 752378), 'timestamp': datetime.datetime(2024, 9, 29, 15, 0, tzinfo=datetime.timezone.utc), 'emp_id': 2952, 'employee_name': 'Employee38', 'factory': 'FactoryA', 'in_out': 'IN', 'entrance': 'Main', 'door_number': '3', 'function': 'IT', 'division': 'AAPD', 'department': 'HRSD', 'section': '2'}
[2025-03-30T11:38:25.753+0000] {logging_mixin.py:188} INFO - General error executing query: not all arguments converted during string formatting
[2025-03-30T11:38:25.754+0000] {inout_data.py:83} INFO - {'ingested_time': datetime.datetime(2025, 3, 30, 11, 38, 25, 754092), 'timestamp': datetime.datetime(2024, 9, 29, 15, 26, tzinfo=datetime.timezone.utc), 'emp_id': 9327, 'employee_name': 'Employee34', 'factory': 'FactoryB', 'in_out': 'OUT', 'entrance': 'Main', 'door_number': '2', 'function': 'IT', 'division': 'AAPD', 'department': 'CAPD', 'section': '1'}
[2025-03-30T11:38:25.755+0000] {logging_mixin.py:188} INFO - General error executing query: not all arguments converted during string formatting
[2025-03-30T11:38:25.756+0000] {inout_data.py:83} INFO - {'ingested_time': datetime.datetime(2025, 3, 30, 11, 38, 25, 756363), 'timestamp': datetime.datetime(2024, 9, 29, 15, 6, tzinfo=datetime.timezone.utc), 'emp_id': 7633, 'employee_name': 'Employee54', 'factory': 'FactoryB', 'in_out': 'OUT', 'entrance': 'Main', 'door_number': '10', 'function': 'IT', 'division': 'AAPD', 'department': 'HRSD', 'section': '1'}
[2025-03-30T11:38:25.757+0000] {logging_mixin.py:188} INFO - General error executing query: not all arguments converted during string formatting
[2025-03-30T11:38:25.757+0000] {inout_data.py:83} INFO - {'ingested_time': datetime.datetime(2025, 3, 30, 11, 38, 25, 757905), 'timestamp': datetime.datetime(2024, 9, 29, 15, 15, tzinfo=datetime.timezone.utc), 'emp_id': 2219, 'employee_name': 'Employee14', 'factory': 'FactoryA', 'in_out': 'OUT', 'entrance': 'Main', 'door_number': '2', 'function': 'IT', 'division': 'BSID', 'department': 'ML', 'section': '1'}
[2025-03-30T11:38:25.758+0000] {logging_mixin.py:188} INFO - General error executing query: not all arguments converted during string formatting
[2025-03-30T11:38:25.759+0000] {inout_data.py:83} INFO - {'ingested_time': datetime.datetime(2025, 3, 30, 11, 38, 25, 759314), 'timestamp': datetime.datetime(2024, 9, 29, 15, 4, tzinfo=datetime.timezone.utc), 'emp_id': 9469, 'employee_name': 'Employee37', 'factory': 'FactoryB', 'in_out': 'OUT', 'entrance': 'Side', 'door_number': '4', 'function': 'IT', 'division': 'AAPD', 'department': 'HRSD', 'section': '1'}
[2025-03-30T11:38:25.760+0000] {logging_mixin.py:188} INFO - General error executing query: not all arguments converted during string formatting
[2025-03-30T11:38:25.761+0000] {inout_data.py:83} INFO - {'ingested_time': datetime.datetime(2025, 3, 30, 11, 38, 25, 761170), 'timestamp': datetime.datetime(2024, 9, 29, 15, 18, tzinfo=datetime.timezone.utc), 'emp_id': 3953, 'employee_name': 'Employee15', 'factory': 'FactoryB', 'in_out': 'OUT', 'entrance': 'Side', 'door_number': '6', 'function': 'IT', 'division': 'BSID', 'department': 'HRSD', 'section': '2'}
[2025-03-30T11:38:25.762+0000] {logging_mixin.py:188} INFO - General error executing query: not all arguments converted during string formatting
[2025-03-30T11:38:25.762+0000] {inout_data.py:83} INFO - {'ingested_time': datetime.datetime(2025, 3, 30, 11, 38, 25, 762788), 'timestamp': datetime.datetime(2024, 9, 29, 15, 10, tzinfo=datetime.timezone.utc), 'emp_id': 1943, 'employee_name': 'Employee80', 'factory': 'FactoryB', 'in_out': 'IN', 'entrance': 'Side', 'door_number': '1', 'function': 'IT', 'division': 'BSID', 'department': 'ML', 'section': '2'}
[2025-03-30T11:38:25.763+0000] {logging_mixin.py:188} INFO - General error executing query: not all arguments converted during string formatting
[2025-03-30T11:38:25.764+0000] {inout_data.py:83} INFO - {'ingested_time': datetime.datetime(2025, 3, 30, 11, 38, 25, 764005), 'timestamp': datetime.datetime(2024, 9, 29, 15, 14, tzinfo=datetime.timezone.utc), 'emp_id': 5602, 'employee_name': 'Employee80', 'factory': 'FactoryB', 'in_out': 'IN', 'entrance': 'Side', 'door_number': '1', 'function': 'IT', 'division': 'AAPD', 'department': 'CAPD', 'section': '2'}
[2025-03-30T11:38:25.764+0000] {logging_mixin.py:188} INFO - General error executing query: not all arguments converted during string formatting
[2025-03-30T11:38:25.766+0000] {inout_data.py:101} INFO - Ingested 20 rows of dummy data for 2024-09-29 15:00:00+00:00.
[2025-03-30T11:38:25.768+0000] {logging_mixin.py:188} INFO - MariaDB connection closed.
[2025-03-30T11:38:25.771+0000] {python.py:202} INFO - Done. Returned value was: None
[2025-03-30T11:38:25.790+0000] {taskinstance.py:1149} INFO - Marking task as SUCCESS. dag_id=inout_data_ingestion, task_id=ingest_dummy_data, execution_date=20240929T150000, start_date=20250330T113825, end_date=20250330T113825
[2025-03-30T11:38:25.839+0000] {local_task_job_runner.py:234} INFO - Task exited with return code 0
[2025-03-30T11:38:25.867+0000] {taskinstance.py:3309} INFO - 0 downstream tasks scheduled from follow-on schedule check
[2025-03-30T11:40:31.920+0000] {taskinstance.py:1979} INFO - Dependencies all met for dep_context=non-requeueable deps ti=<TaskInstance: inout_data_ingestion.ingest_dummy_data scheduled__2024-09-29T15:00:00+00:00 [queued]>
[2025-03-30T11:40:31.931+0000] {taskinstance.py:1979} INFO - Dependencies all met for dep_context=requeueable deps ti=<TaskInstance: inout_data_ingestion.ingest_dummy_data scheduled__2024-09-29T15:00:00+00:00 [queued]>
[2025-03-30T11:40:31.932+0000] {taskinstance.py:2193} INFO - Starting attempt 1 of 2
[2025-03-30T11:40:31.945+0000] {taskinstance.py:2214} INFO - Executing <Task(PythonOperator): ingest_dummy_data> on 2024-09-29 15:00:00+00:00
[2025-03-30T11:40:31.948+0000] {standard_task_runner.py:60} INFO - Started process 6803 to run task
[2025-03-30T11:40:31.955+0000] {standard_task_runner.py:87} INFO - Running: ['***', 'tasks', 'run', 'inout_data_ingestion', 'ingest_dummy_data', 'scheduled__2024-09-29T15:00:00+00:00', '--job-id', '3376', '--raw', '--subdir', 'DAGS_FOLDER/inout_data.py', '--cfg-path', '/tmp/tmp1m12rl8e']
[2025-03-30T11:40:31.957+0000] {standard_task_runner.py:88} INFO - Job 3376: Subtask ingest_dummy_data
[2025-03-30T11:40:31.977+0000] {warnings.py:109} WARNING - /home/***/.local/lib/python3.8/site-packages/***/settings.py:194: DeprecationWarning: The sql_alchemy_conn option in [core] has been moved to the sql_alchemy_conn option in [database] - the old setting has been used, but please update your config.
  SQL_ALCHEMY_CONN = conf.get("database", "SQL_ALCHEMY_CONN")

[2025-03-30T11:40:32.006+0000] {task_command.py:423} INFO - Running <TaskInstance: inout_data_ingestion.ingest_dummy_data scheduled__2024-09-29T15:00:00+00:00 [running]> on host ff9d64b065e6
[2025-03-30T11:40:32.092+0000] {taskinstance.py:2510} INFO - Exporting env vars: AIRFLOW_CTX_DAG_OWNER='***' AIRFLOW_CTX_DAG_ID='inout_data_ingestion' AIRFLOW_CTX_TASK_ID='ingest_dummy_data' AIRFLOW_CTX_EXECUTION_DATE='2024-09-29T15:00:00+00:00' AIRFLOW_CTX_TRY_NUMBER='1' AIRFLOW_CTX_DAG_RUN_ID='scheduled__2024-09-29T15:00:00+00:00'
[2025-03-30T11:40:32.098+0000] {logging_mixin.py:188} INFO - Successfully connected to MariaDB: INOUT on mariadb:3306
[2025-03-30T11:40:32.099+0000] {inout_data.py:83} INFO - {'ingested_time': datetime.datetime(2025, 3, 30, 11, 40, 32, 99583), 'timestamp': datetime.datetime(2024, 9, 29, 15, 15, tzinfo=datetime.timezone.utc), 'emp_id': 8635, 'employee_name': 'Employee74', 'factory': 'FactoryA', 'in_out': 'IN', 'entrance': 'Main', 'door_number': '10', 'function': 'IT', 'division': 'AAPD', 'department': 'CAPD', 'section': '1'}
[2025-03-30T11:40:32.100+0000] {inout_data.py:99} INFO - Query: INSERT INTO emp_inout_rec (ingested_time, timestamp, employee_id, employee_name, factory, in_out, entrance, door_number, function, division, department, section) VALUES (%s, %s, %s, %s, %s, %s, %s, %s, %s, %s, %s)
[2025-03-30T11:40:32.100+0000] {inout_data.py:100} INFO - Params: ('2025-03-30 11:40:32', '2024-09-29 15:15:00', 8635, 'Employee74', 'FactoryA', 'IN', 'Main', '10', 'IT', 'AAPD', 'CAPD', '1')
[2025-03-30T11:40:32.101+0000] {logging_mixin.py:188} INFO - General error executing query: not all arguments converted during string formatting
[2025-03-30T11:40:32.102+0000] {inout_data.py:83} INFO - {'ingested_time': datetime.datetime(2025, 3, 30, 11, 40, 32, 102293), 'timestamp': datetime.datetime(2024, 9, 29, 15, 20, tzinfo=datetime.timezone.utc), 'emp_id': 1148, 'employee_name': 'Employee8', 'factory': 'FactoryB', 'in_out': 'IN', 'entrance': 'Side', 'door_number': '6', 'function': 'IT', 'division': 'BSID', 'department': 'CAPD', 'section': '2'}
[2025-03-30T11:40:32.102+0000] {inout_data.py:99} INFO - Query: INSERT INTO emp_inout_rec (ingested_time, timestamp, employee_id, employee_name, factory, in_out, entrance, door_number, function, division, department, section) VALUES (%s, %s, %s, %s, %s, %s, %s, %s, %s, %s, %s)
[2025-03-30T11:40:32.103+0000] {inout_data.py:100} INFO - Params: ('2025-03-30 11:40:32', '2024-09-29 15:20:00', 1148, 'Employee8', 'FactoryB', 'IN', 'Side', '6', 'IT', 'BSID', 'CAPD', '2')
[2025-03-30T11:40:32.103+0000] {logging_mixin.py:188} INFO - General error executing query: not all arguments converted during string formatting
[2025-03-30T11:40:32.104+0000] {inout_data.py:83} INFO - {'ingested_time': datetime.datetime(2025, 3, 30, 11, 40, 32, 104619), 'timestamp': datetime.datetime(2024, 9, 29, 15, 1, tzinfo=datetime.timezone.utc), 'emp_id': 4256, 'employee_name': 'Employee29', 'factory': 'FactoryB', 'in_out': 'IN', 'entrance': 'Main', 'door_number': '10', 'function': 'IT', 'division': 'BSID', 'department': 'ML', 'section': '2'}
[2025-03-30T11:40:32.105+0000] {inout_data.py:99} INFO - Query: INSERT INTO emp_inout_rec (ingested_time, timestamp, employee_id, employee_name, factory, in_out, entrance, door_number, function, division, department, section) VALUES (%s, %s, %s, %s, %s, %s, %s, %s, %s, %s, %s)
[2025-03-30T11:40:32.106+0000] {inout_data.py:100} INFO - Params: ('2025-03-30 11:40:32', '2024-09-29 15:01:00', 4256, 'Employee29', 'FactoryB', 'IN', 'Main', '10', 'IT', 'BSID', 'ML', '2')
[2025-03-30T11:40:32.107+0000] {logging_mixin.py:188} INFO - General error executing query: not all arguments converted during string formatting
[2025-03-30T11:40:32.108+0000] {inout_data.py:83} INFO - {'ingested_time': datetime.datetime(2025, 3, 30, 11, 40, 32, 108282), 'timestamp': datetime.datetime(2024, 9, 29, 15, 26, tzinfo=datetime.timezone.utc), 'emp_id': 6528, 'employee_name': 'Employee99', 'factory': 'FactoryA', 'in_out': 'OUT', 'entrance': 'Main', 'door_number': '7', 'function': 'IT', 'division': 'AAPD', 'department': 'CAPD', 'section': '2'}
[2025-03-30T11:40:32.108+0000] {inout_data.py:99} INFO - Query: INSERT INTO emp_inout_rec (ingested_time, timestamp, employee_id, employee_name, factory, in_out, entrance, door_number, function, division, department, section) VALUES (%s, %s, %s, %s, %s, %s, %s, %s, %s, %s, %s)
[2025-03-30T11:40:32.109+0000] {inout_data.py:100} INFO - Params: ('2025-03-30 11:40:32', '2024-09-29 15:26:00', 6528, 'Employee99', 'FactoryA', 'OUT', 'Main', '7', 'IT', 'AAPD', 'CAPD', '2')
[2025-03-30T11:40:32.109+0000] {logging_mixin.py:188} INFO - General error executing query: not all arguments converted during string formatting
[2025-03-30T11:40:32.110+0000] {inout_data.py:83} INFO - {'ingested_time': datetime.datetime(2025, 3, 30, 11, 40, 32, 110627), 'timestamp': datetime.datetime(2024, 9, 29, 15, 9, tzinfo=datetime.timezone.utc), 'emp_id': 1455, 'employee_name': 'Employee14', 'factory': 'FactoryB', 'in_out': 'OUT', 'entrance': 'Main', 'door_number': '7', 'function': 'IT', 'division': 'BSID', 'department': 'ML', 'section': '2'}
[2025-03-30T11:40:32.111+0000] {inout_data.py:99} INFO - Query: INSERT INTO emp_inout_rec (ingested_time, timestamp, employee_id, employee_name, factory, in_out, entrance, door_number, function, division, department, section) VALUES (%s, %s, %s, %s, %s, %s, %s, %s, %s, %s, %s)
[2025-03-30T11:40:32.111+0000] {inout_data.py:100} INFO - Params: ('2025-03-30 11:40:32', '2024-09-29 15:09:00', 1455, 'Employee14', 'FactoryB', 'OUT', 'Main', '7', 'IT', 'BSID', 'ML', '2')
[2025-03-30T11:40:32.112+0000] {logging_mixin.py:188} INFO - General error executing query: not all arguments converted during string formatting
[2025-03-30T11:40:32.112+0000] {inout_data.py:83} INFO - {'ingested_time': datetime.datetime(2025, 3, 30, 11, 40, 32, 112785), 'timestamp': datetime.datetime(2024, 9, 29, 15, 4, tzinfo=datetime.timezone.utc), 'emp_id': 2476, 'employee_name': 'Employee88', 'factory': 'FactoryA', 'in_out': 'IN', 'entrance': 'Side', 'door_number': '9', 'function': 'IT', 'division': 'BSID', 'department': 'ML', 'section': '1'}
[2025-03-30T11:40:32.113+0000] {inout_data.py:99} INFO - Query: INSERT INTO emp_inout_rec (ingested_time, timestamp, employee_id, employee_name, factory, in_out, entrance, door_number, function, division, department, section) VALUES (%s, %s, %s, %s, %s, %s, %s, %s, %s, %s, %s)
[2025-03-30T11:40:32.114+0000] {inout_data.py:100} INFO - Params: ('2025-03-30 11:40:32', '2024-09-29 15:04:00', 2476, 'Employee88', 'FactoryA', 'IN', 'Side', '9', 'IT', 'BSID', 'ML', '1')
[2025-03-30T11:40:32.115+0000] {logging_mixin.py:188} INFO - General error executing query: not all arguments converted during string formatting
[2025-03-30T11:40:32.116+0000] {inout_data.py:83} INFO - {'ingested_time': datetime.datetime(2025, 3, 30, 11, 40, 32, 116481), 'timestamp': datetime.datetime(2024, 9, 29, 15, 12, tzinfo=datetime.timezone.utc), 'emp_id': 4042, 'employee_name': 'Employee21', 'factory': 'FactoryB', 'in_out': 'OUT', 'entrance': 'Side', 'door_number': '8', 'function': 'IT', 'division': 'AAPD', 'department': 'ML', 'section': '2'}
[2025-03-30T11:40:32.117+0000] {inout_data.py:99} INFO - Query: INSERT INTO emp_inout_rec (ingested_time, timestamp, employee_id, employee_name, factory, in_out, entrance, door_number, function, division, department, section) VALUES (%s, %s, %s, %s, %s, %s, %s, %s, %s, %s, %s)
[2025-03-30T11:40:32.118+0000] {inout_data.py:100} INFO - Params: ('2025-03-30 11:40:32', '2024-09-29 15:12:00', 4042, 'Employee21', 'FactoryB', 'OUT', 'Side', '8', 'IT', 'AAPD', 'ML', '2')
[2025-03-30T11:40:32.119+0000] {logging_mixin.py:188} INFO - General error executing query: not all arguments converted during string formatting
[2025-03-30T11:40:32.120+0000] {inout_data.py:83} INFO - {'ingested_time': datetime.datetime(2025, 3, 30, 11, 40, 32, 120125), 'timestamp': datetime.datetime(2024, 9, 29, 15, 4, tzinfo=datetime.timezone.utc), 'emp_id': 2985, 'employee_name': 'Employee31', 'factory': 'FactoryB', 'in_out': 'IN', 'entrance': 'Side', 'door_number': '2', 'function': 'IT', 'division': 'AAPD', 'department': 'HRSD', 'section': '1'}
[2025-03-30T11:40:32.120+0000] {inout_data.py:99} INFO - Query: INSERT INTO emp_inout_rec (ingested_time, timestamp, employee_id, employee_name, factory, in_out, entrance, door_number, function, division, department, section) VALUES (%s, %s, %s, %s, %s, %s, %s, %s, %s, %s, %s)
[2025-03-30T11:40:32.121+0000] {inout_data.py:100} INFO - Params: ('2025-03-30 11:40:32', '2024-09-29 15:04:00', 2985, 'Employee31', 'FactoryB', 'IN', 'Side', '2', 'IT', 'AAPD', 'HRSD', '1')
[2025-03-30T11:40:32.122+0000] {logging_mixin.py:188} INFO - General error executing query: not all arguments converted during string formatting
[2025-03-30T11:40:32.123+0000] {inout_data.py:102} INFO - Ingested 8 rows of dummy data for 2024-09-29 15:00:00+00:00.
[2025-03-30T11:40:32.123+0000] {logging_mixin.py:188} INFO - MariaDB connection closed.
[2025-03-30T11:40:32.124+0000] {python.py:202} INFO - Done. Returned value was: None
[2025-03-30T11:40:32.141+0000] {taskinstance.py:1149} INFO - Marking task as SUCCESS. dag_id=inout_data_ingestion, task_id=ingest_dummy_data, execution_date=20240929T150000, start_date=20250330T114031, end_date=20250330T114032
[2025-03-30T11:40:32.174+0000] {local_task_job_runner.py:234} INFO - Task exited with return code 0
[2025-03-30T11:40:32.203+0000] {taskinstance.py:3309} INFO - 0 downstream tasks scheduled from follow-on schedule check
