[2025-03-30T11:12:42.828+0000] {taskinstance.py:1979} INFO - Dependencies all met for dep_context=non-requeueable deps ti=<TaskInstance: inout_data_ingestion.create_table scheduled__2024-10-06T04:00:00+00:00 [queued]>
[2025-03-30T11:12:42.845+0000] {taskinstance.py:1979} INFO - Dependencies all met for dep_context=requeueable deps ti=<TaskInstance: inout_data_ingestion.create_table scheduled__2024-10-06T04:00:00+00:00 [queued]>
[2025-03-30T11:12:42.846+0000] {taskinstance.py:2193} INFO - Starting attempt 1 of 2
[2025-03-30T11:12:42.872+0000] {taskinstance.py:2214} INFO - Executing <Task(PythonOperator): create_table> on 2024-10-06 04:00:00+00:00
[2025-03-30T11:12:42.885+0000] {standard_task_runner.py:60} INFO - Started process 1472 to run task
[2025-03-30T11:12:42.894+0000] {standard_task_runner.py:87} INFO - Running: ['***', 'tasks', 'run', 'inout_data_ingestion', 'create_table', 'scheduled__2024-10-06T04:00:00+00:00', '--job-id', '710', '--raw', '--subdir', 'DAGS_FOLDER/inout_data.py', '--cfg-path', '/tmp/tmp4ces1u74']
[2025-03-30T11:12:42.896+0000] {standard_task_runner.py:88} INFO - Job 710: Subtask create_table
[2025-03-30T11:12:42.922+0000] {warnings.py:109} WARNING - /home/***/.local/lib/python3.8/site-packages/***/settings.py:194: DeprecationWarning: The sql_alchemy_conn option in [core] has been moved to the sql_alchemy_conn option in [database] - the old setting has been used, but please update your config.
  SQL_ALCHEMY_CONN = conf.get("database", "SQL_ALCHEMY_CONN")

[2025-03-30T11:12:42.967+0000] {task_command.py:423} INFO - Running <TaskInstance: inout_data_ingestion.create_table scheduled__2024-10-06T04:00:00+00:00 [running]> on host ff9d64b065e6
[2025-03-30T11:12:43.045+0000] {taskinstance.py:2510} INFO - Exporting env vars: AIRFLOW_CTX_DAG_OWNER='***' AIRFLOW_CTX_DAG_ID='inout_data_ingestion' AIRFLOW_CTX_TASK_ID='create_table' AIRFLOW_CTX_EXECUTION_DATE='2024-10-06T04:00:00+00:00' AIRFLOW_CTX_TRY_NUMBER='1' AIRFLOW_CTX_DAG_RUN_ID='scheduled__2024-10-06T04:00:00+00:00'
[2025-03-30T11:12:43.050+0000] {inout_data.py:42} INFO - Successfully connected to MariaDB: INOUT on mariadb:3306
[2025-03-30T11:12:43.052+0000] {inout_data.py:124} INFO - Table emp_inout_rec created (if it didn't exist).
[2025-03-30T11:12:43.052+0000] {inout_data.py:78} INFO - MariaDB connection closed.
[2025-03-30T11:12:43.053+0000] {python.py:202} INFO - Done. Returned value was: None
[2025-03-30T11:12:43.062+0000] {taskinstance.py:1149} INFO - Marking task as SUCCESS. dag_id=inout_data_ingestion, task_id=create_table, execution_date=20241006T040000, start_date=20250330T111242, end_date=20250330T111243
[2025-03-30T11:12:43.119+0000] {local_task_job_runner.py:234} INFO - Task exited with return code 0
[2025-03-30T11:12:43.168+0000] {taskinstance.py:3309} INFO - 1 downstream tasks scheduled from follow-on schedule check
[2025-03-30T11:19:22.476+0000] {taskinstance.py:1979} INFO - Dependencies all met for dep_context=non-requeueable deps ti=<TaskInstance: inout_data_ingestion.create_table scheduled__2024-10-06T04:00:00+00:00 [queued]>
[2025-03-30T11:19:22.482+0000] {taskinstance.py:1979} INFO - Dependencies all met for dep_context=requeueable deps ti=<TaskInstance: inout_data_ingestion.create_table scheduled__2024-10-06T04:00:00+00:00 [queued]>
[2025-03-30T11:19:22.482+0000] {taskinstance.py:2193} INFO - Starting attempt 1 of 2
[2025-03-30T11:19:22.489+0000] {taskinstance.py:2214} INFO - Executing <Task(PythonOperator): create_table> on 2024-10-06 04:00:00+00:00
[2025-03-30T11:19:22.497+0000] {standard_task_runner.py:60} INFO - Started process 3329 to run task
[2025-03-30T11:19:22.501+0000] {standard_task_runner.py:87} INFO - Running: ['***', 'tasks', 'run', 'inout_data_ingestion', 'create_table', 'scheduled__2024-10-06T04:00:00+00:00', '--job-id', '1640', '--raw', '--subdir', 'DAGS_FOLDER/inout_data.py', '--cfg-path', '/tmp/tmpadcz9zox']
[2025-03-30T11:19:22.502+0000] {standard_task_runner.py:88} INFO - Job 1640: Subtask create_table
[2025-03-30T11:19:22.514+0000] {warnings.py:109} WARNING - /home/***/.local/lib/python3.8/site-packages/***/settings.py:194: DeprecationWarning: The sql_alchemy_conn option in [core] has been moved to the sql_alchemy_conn option in [database] - the old setting has been used, but please update your config.
  SQL_ALCHEMY_CONN = conf.get("database", "SQL_ALCHEMY_CONN")

[2025-03-30T11:19:22.544+0000] {task_command.py:423} INFO - Running <TaskInstance: inout_data_ingestion.create_table scheduled__2024-10-06T04:00:00+00:00 [running]> on host ff9d64b065e6
[2025-03-30T11:19:22.582+0000] {taskinstance.py:2510} INFO - Exporting env vars: AIRFLOW_CTX_DAG_OWNER='***' AIRFLOW_CTX_DAG_ID='inout_data_ingestion' AIRFLOW_CTX_TASK_ID='create_table' AIRFLOW_CTX_EXECUTION_DATE='2024-10-06T04:00:00+00:00' AIRFLOW_CTX_TRY_NUMBER='1' AIRFLOW_CTX_DAG_RUN_ID='scheduled__2024-10-06T04:00:00+00:00'
[2025-03-30T11:19:22.585+0000] {inout_data.py:42} INFO - Successfully connected to MariaDB: INOUT on mariadb:3306
[2025-03-30T11:19:22.586+0000] {inout_data.py:117} INFO - Table emp_inout_rec created (if it didn't exist).
[2025-03-30T11:19:22.586+0000] {inout_data.py:78} INFO - MariaDB connection closed.
[2025-03-30T11:19:22.586+0000] {python.py:202} INFO - Done. Returned value was: None
[2025-03-30T11:19:22.592+0000] {taskinstance.py:1149} INFO - Marking task as SUCCESS. dag_id=inout_data_ingestion, task_id=create_table, execution_date=20241006T040000, start_date=20250330T111922, end_date=20250330T111922
[2025-03-30T11:19:22.650+0000] {local_task_job_runner.py:234} INFO - Task exited with return code 0
[2025-03-30T11:19:22.664+0000] {taskinstance.py:3309} INFO - 1 downstream tasks scheduled from follow-on schedule check
[2025-03-30T11:31:30.522+0000] {taskinstance.py:1979} INFO - Dependencies all met for dep_context=non-requeueable deps ti=<TaskInstance: inout_data_ingestion.create_table scheduled__2024-10-06T04:00:00+00:00 [queued]>
[2025-03-30T11:31:30.552+0000] {taskinstance.py:1979} INFO - Dependencies all met for dep_context=requeueable deps ti=<TaskInstance: inout_data_ingestion.create_table scheduled__2024-10-06T04:00:00+00:00 [queued]>
[2025-03-30T11:31:30.553+0000] {taskinstance.py:2193} INFO - Starting attempt 1 of 2
[2025-03-30T11:31:30.587+0000] {taskinstance.py:2214} INFO - Executing <Task(PythonOperator): create_table> on 2024-10-06 04:00:00+00:00
[2025-03-30T11:31:30.596+0000] {standard_task_runner.py:60} INFO - Started process 5251 to run task
[2025-03-30T11:31:30.611+0000] {standard_task_runner.py:87} INFO - Running: ['***', 'tasks', 'run', 'inout_data_ingestion', 'create_table', 'scheduled__2024-10-06T04:00:00+00:00', '--job-id', '2600', '--raw', '--subdir', 'DAGS_FOLDER/inout_data.py', '--cfg-path', '/tmp/tmpmcdv91v9']
[2025-03-30T11:31:30.614+0000] {standard_task_runner.py:88} INFO - Job 2600: Subtask create_table
[2025-03-30T11:31:30.631+0000] {warnings.py:109} WARNING - /home/***/.local/lib/python3.8/site-packages/***/settings.py:194: DeprecationWarning: The sql_alchemy_conn option in [core] has been moved to the sql_alchemy_conn option in [database] - the old setting has been used, but please update your config.
  SQL_ALCHEMY_CONN = conf.get("database", "SQL_ALCHEMY_CONN")

[2025-03-30T11:31:30.707+0000] {task_command.py:423} INFO - Running <TaskInstance: inout_data_ingestion.create_table scheduled__2024-10-06T04:00:00+00:00 [running]> on host ff9d64b065e6
[2025-03-30T11:31:30.827+0000] {taskinstance.py:2510} INFO - Exporting env vars: AIRFLOW_CTX_DAG_OWNER='***' AIRFLOW_CTX_DAG_ID='inout_data_ingestion' AIRFLOW_CTX_TASK_ID='create_table' AIRFLOW_CTX_EXECUTION_DATE='2024-10-06T04:00:00+00:00' AIRFLOW_CTX_TRY_NUMBER='1' AIRFLOW_CTX_DAG_RUN_ID='scheduled__2024-10-06T04:00:00+00:00'
[2025-03-30T11:31:30.834+0000] {logging_mixin.py:188} INFO - Successfully connected to MariaDB: INOUT on mariadb:3306
[2025-03-30T11:31:30.835+0000] {inout_data.py:46} INFO - Table emp_inout_rec created (if it didn't exist).
[2025-03-30T11:31:30.836+0000] {logging_mixin.py:188} INFO - MariaDB connection closed.
[2025-03-30T11:31:30.836+0000] {python.py:202} INFO - Done. Returned value was: None
[2025-03-30T11:31:30.854+0000] {taskinstance.py:1149} INFO - Marking task as SUCCESS. dag_id=inout_data_ingestion, task_id=create_table, execution_date=20241006T040000, start_date=20250330T113130, end_date=20250330T113130
[2025-03-30T11:31:30.918+0000] {local_task_job_runner.py:234} INFO - Task exited with return code 0
[2025-03-30T11:31:30.972+0000] {taskinstance.py:3309} INFO - 1 downstream tasks scheduled from follow-on schedule check
