[2025-03-30T11:10:38.443+0000] {taskinstance.py:1979} INFO - Dependencies all met for dep_context=non-requeueable deps ti=<TaskInstance: inout_data_ingestion.ingest_dummy_data scheduled__2024-10-02T12:00:00+00:00 [queued]>
[2025-03-30T11:10:38.451+0000] {taskinstance.py:1979} INFO - Dependencies all met for dep_context=requeueable deps ti=<TaskInstance: inout_data_ingestion.ingest_dummy_data scheduled__2024-10-02T12:00:00+00:00 [queued]>
[2025-03-30T11:10:38.452+0000] {taskinstance.py:2193} INFO - Starting attempt 1 of 2
[2025-03-30T11:10:38.462+0000] {taskinstance.py:2214} INFO - Executing <Task(PythonOperator): ingest_dummy_data> on 2024-10-02 12:00:00+00:00
[2025-03-30T11:10:38.465+0000] {standard_task_runner.py:60} INFO - Started process 777 to run task
[2025-03-30T11:10:38.471+0000] {standard_task_runner.py:87} INFO - Running: ['***', 'tasks', 'run', 'inout_data_ingestion', 'ingest_dummy_data', 'scheduled__2024-10-02T12:00:00+00:00', '--job-id', '363', '--raw', '--subdir', 'DAGS_FOLDER/inout_data.py', '--cfg-path', '/tmp/tmpjcrd_d4h']
[2025-03-30T11:10:38.472+0000] {standard_task_runner.py:88} INFO - Job 363: Subtask ingest_dummy_data
[2025-03-30T11:10:38.480+0000] {warnings.py:109} WARNING - /home/***/.local/lib/python3.8/site-packages/***/settings.py:194: DeprecationWarning: The sql_alchemy_conn option in [core] has been moved to the sql_alchemy_conn option in [database] - the old setting has been used, but please update your config.
  SQL_ALCHEMY_CONN = conf.get("database", "SQL_ALCHEMY_CONN")

[2025-03-30T11:10:38.500+0000] {task_command.py:423} INFO - Running <TaskInstance: inout_data_ingestion.ingest_dummy_data scheduled__2024-10-02T12:00:00+00:00 [running]> on host ff9d64b065e6
[2025-03-30T11:10:38.541+0000] {taskinstance.py:2510} INFO - Exporting env vars: AIRFLOW_CTX_DAG_OWNER='***' AIRFLOW_CTX_DAG_ID='inout_data_ingestion' AIRFLOW_CTX_TASK_ID='ingest_dummy_data' AIRFLOW_CTX_EXECUTION_DATE='2024-10-02T12:00:00+00:00' AIRFLOW_CTX_TRY_NUMBER='1' AIRFLOW_CTX_DAG_RUN_ID='scheduled__2024-10-02T12:00:00+00:00'
[2025-03-30T11:10:38.543+0000] {inout_data.py:42} INFO - Successfully connected to MariaDB: INOUT on mariadb:3306
[2025-03-30T11:10:38.543+0000] {inout_data.py:63} ERROR - Error executing query: (1062, "Duplicate entry '2025-03-30 11:10:38-3787' for key 'PRIMARY'")
[2025-03-30T11:10:38.544+0000] {inout_data.py:63} ERROR - Error executing query: (1062, "Duplicate entry '2025-03-30 11:10:38-3787' for key 'PRIMARY'")
[2025-03-30T11:10:38.544+0000] {inout_data.py:63} ERROR - Error executing query: (1062, "Duplicate entry '2025-03-30 11:10:38-3787' for key 'PRIMARY'")
[2025-03-30T11:10:38.544+0000] {inout_data.py:63} ERROR - Error executing query: (1062, "Duplicate entry '2025-03-30 11:10:38-3787' for key 'PRIMARY'")
[2025-03-30T11:10:38.545+0000] {inout_data.py:63} ERROR - Error executing query: (1062, "Duplicate entry '2025-03-30 11:10:38-3787' for key 'PRIMARY'")
[2025-03-30T11:10:38.545+0000] {inout_data.py:63} ERROR - Error executing query: (1062, "Duplicate entry '2025-03-30 11:10:38-3787' for key 'PRIMARY'")
[2025-03-30T11:10:38.545+0000] {inout_data.py:63} ERROR - Error executing query: (1062, "Duplicate entry '2025-03-30 11:10:38-3787' for key 'PRIMARY'")
[2025-03-30T11:10:38.546+0000] {inout_data.py:63} ERROR - Error executing query: (1062, "Duplicate entry '2025-03-30 11:10:38-3787' for key 'PRIMARY'")
[2025-03-30T11:10:38.546+0000] {inout_data.py:63} ERROR - Error executing query: (1062, "Duplicate entry '2025-03-30 11:10:38-3787' for key 'PRIMARY'")
[2025-03-30T11:10:38.546+0000] {inout_data.py:63} ERROR - Error executing query: (1062, "Duplicate entry '2025-03-30 11:10:38-3787' for key 'PRIMARY'")
[2025-03-30T11:10:38.546+0000] {inout_data.py:63} ERROR - Error executing query: (1062, "Duplicate entry '2025-03-30 11:10:38-3787' for key 'PRIMARY'")
[2025-03-30T11:10:38.547+0000] {inout_data.py:63} ERROR - Error executing query: (1062, "Duplicate entry '2025-03-30 11:10:38-3787' for key 'PRIMARY'")
[2025-03-30T11:10:38.547+0000] {inout_data.py:63} ERROR - Error executing query: (1062, "Duplicate entry '2025-03-30 11:10:38-3787' for key 'PRIMARY'")
[2025-03-30T11:10:38.547+0000] {inout_data.py:63} ERROR - Error executing query: (1062, "Duplicate entry '2025-03-30 11:10:38-3787' for key 'PRIMARY'")
[2025-03-30T11:10:38.548+0000] {inout_data.py:63} ERROR - Error executing query: (1062, "Duplicate entry '2025-03-30 11:10:38-3787' for key 'PRIMARY'")
[2025-03-30T11:10:38.548+0000] {inout_data.py:63} ERROR - Error executing query: (1062, "Duplicate entry '2025-03-30 11:10:38-3787' for key 'PRIMARY'")
[2025-03-30T11:10:38.548+0000] {inout_data.py:159} INFO - Ingested 17 rows of dummy data.
[2025-03-30T11:10:38.548+0000] {inout_data.py:78} INFO - MariaDB connection closed.
[2025-03-30T11:10:38.548+0000] {python.py:202} INFO - Done. Returned value was: None
[2025-03-30T11:10:38.554+0000] {taskinstance.py:1149} INFO - Marking task as SUCCESS. dag_id=inout_data_ingestion, task_id=ingest_dummy_data, execution_date=20241002T120000, start_date=20250330T111038, end_date=20250330T111038
[2025-03-30T11:10:38.566+0000] {local_task_job_runner.py:234} INFO - Task exited with return code 0
[2025-03-30T11:10:38.574+0000] {taskinstance.py:3309} INFO - 0 downstream tasks scheduled from follow-on schedule check
[2025-03-30T11:17:17.571+0000] {taskinstance.py:1979} INFO - Dependencies all met for dep_context=non-requeueable deps ti=<TaskInstance: inout_data_ingestion.ingest_dummy_data scheduled__2024-10-02T12:00:00+00:00 [queued]>
[2025-03-30T11:17:17.589+0000] {taskinstance.py:1979} INFO - Dependencies all met for dep_context=requeueable deps ti=<TaskInstance: inout_data_ingestion.ingest_dummy_data scheduled__2024-10-02T12:00:00+00:00 [queued]>
[2025-03-30T11:17:17.591+0000] {taskinstance.py:2193} INFO - Starting attempt 1 of 2
[2025-03-30T11:17:17.615+0000] {taskinstance.py:2214} INFO - Executing <Task(PythonOperator): ingest_dummy_data> on 2024-10-02 12:00:00+00:00
[2025-03-30T11:17:17.632+0000] {standard_task_runner.py:60} INFO - Started process 2639 to run task
[2025-03-30T11:17:17.649+0000] {standard_task_runner.py:87} INFO - Running: ['***', 'tasks', 'run', 'inout_data_ingestion', 'ingest_dummy_data', 'scheduled__2024-10-02T12:00:00+00:00', '--job-id', '1294', '--raw', '--subdir', 'DAGS_FOLDER/inout_data.py', '--cfg-path', '/tmp/tmprimveemy']
[2025-03-30T11:17:17.653+0000] {standard_task_runner.py:88} INFO - Job 1294: Subtask ingest_dummy_data
[2025-03-30T11:17:17.697+0000] {warnings.py:109} WARNING - /home/***/.local/lib/python3.8/site-packages/***/settings.py:194: DeprecationWarning: The sql_alchemy_conn option in [core] has been moved to the sql_alchemy_conn option in [database] - the old setting has been used, but please update your config.
  SQL_ALCHEMY_CONN = conf.get("database", "SQL_ALCHEMY_CONN")

[2025-03-30T11:17:17.759+0000] {task_command.py:423} INFO - Running <TaskInstance: inout_data_ingestion.ingest_dummy_data scheduled__2024-10-02T12:00:00+00:00 [running]> on host ff9d64b065e6
[2025-03-30T11:17:17.916+0000] {taskinstance.py:2510} INFO - Exporting env vars: AIRFLOW_CTX_DAG_OWNER='***' AIRFLOW_CTX_DAG_ID='inout_data_ingestion' AIRFLOW_CTX_TASK_ID='ingest_dummy_data' AIRFLOW_CTX_EXECUTION_DATE='2024-10-02T12:00:00+00:00' AIRFLOW_CTX_TRY_NUMBER='1' AIRFLOW_CTX_DAG_RUN_ID='scheduled__2024-10-02T12:00:00+00:00'
[2025-03-30T11:17:17.929+0000] {inout_data.py:42} INFO - Successfully connected to MariaDB: INOUT on mariadb:3306
[2025-03-30T11:17:17.937+0000] {inout_data.py:63} ERROR - Error executing query: (1062, "Duplicate entry '2025-03-30 11:17:17-2882' for key 'PRIMARY'")
[2025-03-30T11:17:17.940+0000] {inout_data.py:63} ERROR - Error executing query: (1062, "Duplicate entry '2025-03-30 11:17:17-2882' for key 'PRIMARY'")
[2025-03-30T11:17:17.942+0000] {inout_data.py:63} ERROR - Error executing query: (1062, "Duplicate entry '2025-03-30 11:17:17-2882' for key 'PRIMARY'")
[2025-03-30T11:17:17.943+0000] {inout_data.py:63} ERROR - Error executing query: (1062, "Duplicate entry '2025-03-30 11:17:17-2882' for key 'PRIMARY'")
[2025-03-30T11:17:17.944+0000] {inout_data.py:63} ERROR - Error executing query: (1062, "Duplicate entry '2025-03-30 11:17:17-2882' for key 'PRIMARY'")
[2025-03-30T11:17:17.946+0000] {inout_data.py:63} ERROR - Error executing query: (1062, "Duplicate entry '2025-03-30 11:17:17-2882' for key 'PRIMARY'")
[2025-03-30T11:17:17.948+0000] {inout_data.py:63} ERROR - Error executing query: (1062, "Duplicate entry '2025-03-30 11:17:17-2882' for key 'PRIMARY'")
[2025-03-30T11:17:17.950+0000] {inout_data.py:63} ERROR - Error executing query: (1062, "Duplicate entry '2025-03-30 11:17:17-2882' for key 'PRIMARY'")
[2025-03-30T11:17:17.953+0000] {inout_data.py:63} ERROR - Error executing query: (1062, "Duplicate entry '2025-03-30 11:17:17-2882' for key 'PRIMARY'")
[2025-03-30T11:17:17.956+0000] {inout_data.py:152} INFO - Ingested 10 rows of dummy data.
[2025-03-30T11:17:17.957+0000] {inout_data.py:78} INFO - MariaDB connection closed.
[2025-03-30T11:17:17.958+0000] {python.py:202} INFO - Done. Returned value was: None
[2025-03-30T11:17:17.970+0000] {taskinstance.py:1149} INFO - Marking task as SUCCESS. dag_id=inout_data_ingestion, task_id=ingest_dummy_data, execution_date=20241002T120000, start_date=20250330T111717, end_date=20250330T111717
[2025-03-30T11:17:18.009+0000] {local_task_job_runner.py:234} INFO - Task exited with return code 0
[2025-03-30T11:17:18.043+0000] {taskinstance.py:3309} INFO - 0 downstream tasks scheduled from follow-on schedule check
[2025-03-30T11:29:44.249+0000] {taskinstance.py:1979} INFO - Dependencies all met for dep_context=non-requeueable deps ti=<TaskInstance: inout_data_ingestion.ingest_dummy_data scheduled__2024-10-02T12:00:00+00:00 [queued]>
[2025-03-30T11:29:44.256+0000] {taskinstance.py:1979} INFO - Dependencies all met for dep_context=requeueable deps ti=<TaskInstance: inout_data_ingestion.ingest_dummy_data scheduled__2024-10-02T12:00:00+00:00 [queued]>
[2025-03-30T11:29:44.258+0000] {taskinstance.py:2193} INFO - Starting attempt 1 of 2
[2025-03-30T11:29:44.288+0000] {taskinstance.py:2214} INFO - Executing <Task(PythonOperator): ingest_dummy_data> on 2024-10-02 12:00:00+00:00
[2025-03-30T11:29:44.295+0000] {standard_task_runner.py:60} INFO - Started process 4562 to run task
[2025-03-30T11:29:44.301+0000] {standard_task_runner.py:87} INFO - Running: ['***', 'tasks', 'run', 'inout_data_ingestion', 'ingest_dummy_data', 'scheduled__2024-10-02T12:00:00+00:00', '--job-id', '2255', '--raw', '--subdir', 'DAGS_FOLDER/inout_data.py', '--cfg-path', '/tmp/tmpig5wy8x7']
[2025-03-30T11:29:44.305+0000] {standard_task_runner.py:88} INFO - Job 2255: Subtask ingest_dummy_data
[2025-03-30T11:29:44.326+0000] {warnings.py:109} WARNING - /home/***/.local/lib/python3.8/site-packages/***/settings.py:194: DeprecationWarning: The sql_alchemy_conn option in [core] has been moved to the sql_alchemy_conn option in [database] - the old setting has been used, but please update your config.
  SQL_ALCHEMY_CONN = conf.get("database", "SQL_ALCHEMY_CONN")

[2025-03-30T11:29:44.365+0000] {task_command.py:423} INFO - Running <TaskInstance: inout_data_ingestion.ingest_dummy_data scheduled__2024-10-02T12:00:00+00:00 [running]> on host ff9d64b065e6
[2025-03-30T11:29:44.458+0000] {taskinstance.py:2510} INFO - Exporting env vars: AIRFLOW_CTX_DAG_OWNER='***' AIRFLOW_CTX_DAG_ID='inout_data_ingestion' AIRFLOW_CTX_TASK_ID='ingest_dummy_data' AIRFLOW_CTX_EXECUTION_DATE='2024-10-02T12:00:00+00:00' AIRFLOW_CTX_TRY_NUMBER='1' AIRFLOW_CTX_DAG_RUN_ID='scheduled__2024-10-02T12:00:00+00:00'
[2025-03-30T11:29:44.469+0000] {logging_mixin.py:188} INFO - Successfully connected to MariaDB: INOUT on mariadb:3306
[2025-03-30T11:29:44.470+0000] {logging_mixin.py:188} INFO - General error executing query: not all arguments converted during string formatting
[2025-03-30T11:29:44.475+0000] {logging_mixin.py:188} INFO - General error executing query: not all arguments converted during string formatting
[2025-03-30T11:29:44.476+0000] {logging_mixin.py:188} INFO - General error executing query: not all arguments converted during string formatting
[2025-03-30T11:29:44.476+0000] {logging_mixin.py:188} INFO - General error executing query: not all arguments converted during string formatting
[2025-03-30T11:29:44.483+0000] {logging_mixin.py:188} INFO - General error executing query: not all arguments converted during string formatting
[2025-03-30T11:29:44.490+0000] {logging_mixin.py:188} INFO - General error executing query: not all arguments converted during string formatting
[2025-03-30T11:29:44.490+0000] {logging_mixin.py:188} INFO - General error executing query: not all arguments converted during string formatting
[2025-03-30T11:29:44.491+0000] {logging_mixin.py:188} INFO - General error executing query: not all arguments converted during string formatting
[2025-03-30T11:29:44.491+0000] {logging_mixin.py:188} INFO - General error executing query: not all arguments converted during string formatting
[2025-03-30T11:29:44.493+0000] {logging_mixin.py:188} INFO - General error executing query: not all arguments converted during string formatting
[2025-03-30T11:29:44.497+0000] {logging_mixin.py:188} INFO - General error executing query: not all arguments converted during string formatting
[2025-03-30T11:29:44.500+0000] {logging_mixin.py:188} INFO - General error executing query: not all arguments converted during string formatting
[2025-03-30T11:29:44.502+0000] {logging_mixin.py:188} INFO - General error executing query: not all arguments converted during string formatting
[2025-03-30T11:29:44.504+0000] {logging_mixin.py:188} INFO - General error executing query: not all arguments converted during string formatting
[2025-03-30T11:29:44.505+0000] {logging_mixin.py:188} INFO - General error executing query: not all arguments converted during string formatting
[2025-03-30T11:29:44.508+0000] {logging_mixin.py:188} INFO - General error executing query: not all arguments converted during string formatting
[2025-03-30T11:29:44.510+0000] {inout_data.py:87} INFO - Ingested 16 rows of dummy data for 2024-10-02 12:00:00+00:00.
[2025-03-30T11:29:44.512+0000] {logging_mixin.py:188} INFO - MariaDB connection closed.
[2025-03-30T11:29:44.513+0000] {python.py:202} INFO - Done. Returned value was: None
[2025-03-30T11:29:44.532+0000] {taskinstance.py:1149} INFO - Marking task as SUCCESS. dag_id=inout_data_ingestion, task_id=ingest_dummy_data, execution_date=20241002T120000, start_date=20250330T112944, end_date=20250330T112944
[2025-03-30T11:29:44.571+0000] {local_task_job_runner.py:234} INFO - Task exited with return code 0
[2025-03-30T11:29:44.597+0000] {taskinstance.py:3309} INFO - 0 downstream tasks scheduled from follow-on schedule check
[2025-03-30T11:34:38.556+0000] {taskinstance.py:1979} INFO - Dependencies all met for dep_context=non-requeueable deps ti=<TaskInstance: inout_data_ingestion.ingest_dummy_data scheduled__2024-10-02T12:00:00+00:00 [queued]>
[2025-03-30T11:34:38.586+0000] {taskinstance.py:1979} INFO - Dependencies all met for dep_context=requeueable deps ti=<TaskInstance: inout_data_ingestion.ingest_dummy_data scheduled__2024-10-02T12:00:00+00:00 [queued]>
[2025-03-30T11:34:38.589+0000] {taskinstance.py:2193} INFO - Starting attempt 1 of 2
[2025-03-30T11:34:38.610+0000] {taskinstance.py:2214} INFO - Executing <Task(PythonOperator): ingest_dummy_data> on 2024-10-02 12:00:00+00:00
[2025-03-30T11:34:38.620+0000] {standard_task_runner.py:60} INFO - Started process 6013 to run task
[2025-03-30T11:34:38.626+0000] {standard_task_runner.py:87} INFO - Running: ['***', 'tasks', 'run', 'inout_data_ingestion', 'ingest_dummy_data', 'scheduled__2024-10-02T12:00:00+00:00', '--job-id', '2980', '--raw', '--subdir', 'DAGS_FOLDER/inout_data.py', '--cfg-path', '/tmp/tmpncm975du']
[2025-03-30T11:34:38.630+0000] {standard_task_runner.py:88} INFO - Job 2980: Subtask ingest_dummy_data
[2025-03-30T11:34:38.660+0000] {warnings.py:109} WARNING - /home/***/.local/lib/python3.8/site-packages/***/settings.py:194: DeprecationWarning: The sql_alchemy_conn option in [core] has been moved to the sql_alchemy_conn option in [database] - the old setting has been used, but please update your config.
  SQL_ALCHEMY_CONN = conf.get("database", "SQL_ALCHEMY_CONN")

[2025-03-30T11:34:38.712+0000] {task_command.py:423} INFO - Running <TaskInstance: inout_data_ingestion.ingest_dummy_data scheduled__2024-10-02T12:00:00+00:00 [running]> on host ff9d64b065e6
[2025-03-30T11:34:38.778+0000] {taskinstance.py:2510} INFO - Exporting env vars: AIRFLOW_CTX_DAG_OWNER='***' AIRFLOW_CTX_DAG_ID='inout_data_ingestion' AIRFLOW_CTX_TASK_ID='ingest_dummy_data' AIRFLOW_CTX_EXECUTION_DATE='2024-10-02T12:00:00+00:00' AIRFLOW_CTX_TRY_NUMBER='1' AIRFLOW_CTX_DAG_RUN_ID='scheduled__2024-10-02T12:00:00+00:00'
[2025-03-30T11:34:38.785+0000] {logging_mixin.py:188} INFO - Successfully connected to MariaDB: INOUT on mariadb:3306
[2025-03-30T11:34:38.785+0000] {inout_data.py:83} INFO - {'ingested_time': datetime.datetime(2025, 3, 30, 11, 34, 38, 785568), 'timestamp': datetime.datetime(2024, 10, 2, 12, 15, tzinfo=datetime.timezone.utc), 'emp_id': 5451, 'employee_name': 'Employee57', 'factory': 'FactoryA', 'in_out': 'OUT', 'entrance': 'Main', 'door_number': '10', 'function': 'IT', 'division': 'BSID', 'department': 'CAPD', 'section': '2'}
[2025-03-30T11:34:38.785+0000] {logging_mixin.py:188} INFO - General error executing query: not all arguments converted during string formatting
[2025-03-30T11:34:38.786+0000] {inout_data.py:83} INFO - {'ingested_time': datetime.datetime(2025, 3, 30, 11, 34, 38, 786276), 'timestamp': datetime.datetime(2024, 10, 2, 12, 17, tzinfo=datetime.timezone.utc), 'emp_id': 7846, 'employee_name': 'Employee24', 'factory': 'FactoryB', 'in_out': 'IN', 'entrance': 'Side', 'door_number': '9', 'function': 'IT', 'division': 'BSID', 'department': 'ML', 'section': '1'}
[2025-03-30T11:34:38.786+0000] {logging_mixin.py:188} INFO - General error executing query: not all arguments converted during string formatting
[2025-03-30T11:34:38.787+0000] {inout_data.py:83} INFO - {'ingested_time': datetime.datetime(2025, 3, 30, 11, 34, 38, 787167), 'timestamp': datetime.datetime(2024, 10, 2, 12, 28, tzinfo=datetime.timezone.utc), 'emp_id': 7509, 'employee_name': 'Employee75', 'factory': 'FactoryA', 'in_out': 'IN', 'entrance': 'Side', 'door_number': '8', 'function': 'IT', 'division': 'BSID', 'department': 'CAPD', 'section': '1'}
[2025-03-30T11:34:38.787+0000] {logging_mixin.py:188} INFO - General error executing query: not all arguments converted during string formatting
[2025-03-30T11:34:38.789+0000] {inout_data.py:83} INFO - {'ingested_time': datetime.datetime(2025, 3, 30, 11, 34, 38, 789376), 'timestamp': datetime.datetime(2024, 10, 2, 12, 5, tzinfo=datetime.timezone.utc), 'emp_id': 9484, 'employee_name': 'Employee43', 'factory': 'FactoryB', 'in_out': 'OUT', 'entrance': 'Side', 'door_number': '2', 'function': 'IT', 'division': 'BSID', 'department': 'HRSD', 'section': '1'}
[2025-03-30T11:34:38.790+0000] {logging_mixin.py:188} INFO - General error executing query: not all arguments converted during string formatting
[2025-03-30T11:34:38.793+0000] {inout_data.py:83} INFO - {'ingested_time': datetime.datetime(2025, 3, 30, 11, 34, 38, 793398), 'timestamp': datetime.datetime(2024, 10, 2, 12, 29, tzinfo=datetime.timezone.utc), 'emp_id': 5547, 'employee_name': 'Employee79', 'factory': 'FactoryA', 'in_out': 'IN', 'entrance': 'Main', 'door_number': '1', 'function': 'IT', 'division': 'AAPD', 'department': 'ML', 'section': '1'}
[2025-03-30T11:34:38.793+0000] {logging_mixin.py:188} INFO - General error executing query: not all arguments converted during string formatting
[2025-03-30T11:34:38.794+0000] {inout_data.py:83} INFO - {'ingested_time': datetime.datetime(2025, 3, 30, 11, 34, 38, 794315), 'timestamp': datetime.datetime(2024, 10, 2, 12, 8, tzinfo=datetime.timezone.utc), 'emp_id': 1616, 'employee_name': 'Employee25', 'factory': 'FactoryA', 'in_out': 'IN', 'entrance': 'Side', 'door_number': '9', 'function': 'IT', 'division': 'BSID', 'department': 'ML', 'section': '1'}
[2025-03-30T11:34:38.794+0000] {logging_mixin.py:188} INFO - General error executing query: not all arguments converted during string formatting
[2025-03-30T11:34:38.797+0000] {inout_data.py:83} INFO - {'ingested_time': datetime.datetime(2025, 3, 30, 11, 34, 38, 797339), 'timestamp': datetime.datetime(2024, 10, 2, 12, 7, tzinfo=datetime.timezone.utc), 'emp_id': 7105, 'employee_name': 'Employee71', 'factory': 'FactoryA', 'in_out': 'OUT', 'entrance': 'Main', 'door_number': '7', 'function': 'IT', 'division': 'BSID', 'department': 'ML', 'section': '2'}
[2025-03-30T11:34:38.799+0000] {logging_mixin.py:188} INFO - General error executing query: not all arguments converted during string formatting
[2025-03-30T11:34:38.800+0000] {inout_data.py:83} INFO - {'ingested_time': datetime.datetime(2025, 3, 30, 11, 34, 38, 800147), 'timestamp': datetime.datetime(2024, 10, 2, 12, 20, tzinfo=datetime.timezone.utc), 'emp_id': 7074, 'employee_name': 'Employee98', 'factory': 'FactoryA', 'in_out': 'IN', 'entrance': 'Side', 'door_number': '1', 'function': 'IT', 'division': 'AAPD', 'department': 'HRSD', 'section': '2'}
[2025-03-30T11:34:38.800+0000] {logging_mixin.py:188} INFO - General error executing query: not all arguments converted during string formatting
[2025-03-30T11:34:38.802+0000] {inout_data.py:83} INFO - {'ingested_time': datetime.datetime(2025, 3, 30, 11, 34, 38, 802324), 'timestamp': datetime.datetime(2024, 10, 2, 12, 15, tzinfo=datetime.timezone.utc), 'emp_id': 5498, 'employee_name': 'Employee56', 'factory': 'FactoryA', 'in_out': 'IN', 'entrance': 'Main', 'door_number': '6', 'function': 'IT', 'division': 'AAPD', 'department': 'HRSD', 'section': '2'}
[2025-03-30T11:34:38.803+0000] {logging_mixin.py:188} INFO - General error executing query: not all arguments converted during string formatting
[2025-03-30T11:34:38.804+0000] {inout_data.py:83} INFO - {'ingested_time': datetime.datetime(2025, 3, 30, 11, 34, 38, 804621), 'timestamp': datetime.datetime(2024, 10, 2, 12, 16, tzinfo=datetime.timezone.utc), 'emp_id': 6425, 'employee_name': 'Employee5', 'factory': 'FactoryA', 'in_out': 'OUT', 'entrance': 'Main', 'door_number': '5', 'function': 'IT', 'division': 'AAPD', 'department': 'ML', 'section': '1'}
[2025-03-30T11:34:38.805+0000] {logging_mixin.py:188} INFO - General error executing query: not all arguments converted during string formatting
[2025-03-30T11:34:38.806+0000] {inout_data.py:83} INFO - {'ingested_time': datetime.datetime(2025, 3, 30, 11, 34, 38, 806534), 'timestamp': datetime.datetime(2024, 10, 2, 12, 17, tzinfo=datetime.timezone.utc), 'emp_id': 5000, 'employee_name': 'Employee55', 'factory': 'FactoryB', 'in_out': 'OUT', 'entrance': 'Main', 'door_number': '5', 'function': 'IT', 'division': 'BSID', 'department': 'HRSD', 'section': '2'}
[2025-03-30T11:34:38.808+0000] {logging_mixin.py:188} INFO - General error executing query: not all arguments converted during string formatting
[2025-03-30T11:34:38.809+0000] {inout_data.py:83} INFO - {'ingested_time': datetime.datetime(2025, 3, 30, 11, 34, 38, 809112), 'timestamp': datetime.datetime(2024, 10, 2, 12, 3, tzinfo=datetime.timezone.utc), 'emp_id': 2497, 'employee_name': 'Employee19', 'factory': 'FactoryB', 'in_out': 'OUT', 'entrance': 'Side', 'door_number': '6', 'function': 'IT', 'division': 'AAPD', 'department': 'HRSD', 'section': '1'}
[2025-03-30T11:34:38.809+0000] {logging_mixin.py:188} INFO - General error executing query: not all arguments converted during string formatting
[2025-03-30T11:34:38.810+0000] {inout_data.py:83} INFO - {'ingested_time': datetime.datetime(2025, 3, 30, 11, 34, 38, 810419), 'timestamp': datetime.datetime(2024, 10, 2, 12, 14, tzinfo=datetime.timezone.utc), 'emp_id': 3961, 'employee_name': 'Employee78', 'factory': 'FactoryA', 'in_out': 'OUT', 'entrance': 'Main', 'door_number': '1', 'function': 'IT', 'division': 'BSID', 'department': 'ML', 'section': '2'}
[2025-03-30T11:34:38.811+0000] {logging_mixin.py:188} INFO - General error executing query: not all arguments converted during string formatting
[2025-03-30T11:34:38.813+0000] {inout_data.py:83} INFO - {'ingested_time': datetime.datetime(2025, 3, 30, 11, 34, 38, 812927), 'timestamp': datetime.datetime(2024, 10, 2, 12, 27, tzinfo=datetime.timezone.utc), 'emp_id': 1945, 'employee_name': 'Employee34', 'factory': 'FactoryA', 'in_out': 'IN', 'entrance': 'Side', 'door_number': '2', 'function': 'IT', 'division': 'BSID', 'department': 'CAPD', 'section': '1'}
[2025-03-30T11:34:38.813+0000] {logging_mixin.py:188} INFO - General error executing query: not all arguments converted during string formatting
[2025-03-30T11:34:38.815+0000] {inout_data.py:83} INFO - {'ingested_time': datetime.datetime(2025, 3, 30, 11, 34, 38, 814842), 'timestamp': datetime.datetime(2024, 10, 2, 12, 25, tzinfo=datetime.timezone.utc), 'emp_id': 9024, 'employee_name': 'Employee75', 'factory': 'FactoryB', 'in_out': 'OUT', 'entrance': 'Side', 'door_number': '2', 'function': 'IT', 'division': 'BSID', 'department': 'ML', 'section': '2'}
[2025-03-30T11:34:38.815+0000] {logging_mixin.py:188} INFO - General error executing query: not all arguments converted during string formatting
[2025-03-30T11:34:38.816+0000] {inout_data.py:88} INFO - Ingested 15 rows of dummy data for 2024-10-02 12:00:00+00:00.
[2025-03-30T11:34:38.817+0000] {logging_mixin.py:188} INFO - MariaDB connection closed.
[2025-03-30T11:34:38.817+0000] {python.py:202} INFO - Done. Returned value was: None
[2025-03-30T11:34:38.830+0000] {taskinstance.py:1149} INFO - Marking task as SUCCESS. dag_id=inout_data_ingestion, task_id=ingest_dummy_data, execution_date=20241002T120000, start_date=20250330T113438, end_date=20250330T113438
[2025-03-30T11:34:38.856+0000] {local_task_job_runner.py:234} INFO - Task exited with return code 0
[2025-03-30T11:34:38.893+0000] {taskinstance.py:3309} INFO - 0 downstream tasks scheduled from follow-on schedule check
