[2025-03-30T11:09:50.227+0000] {taskinstance.py:1979} INFO - Dependencies all met for dep_context=non-requeueable deps ti=<TaskInstance: inout_data_ingestion.create_table scheduled__2024-10-01T00:30:00+00:00 [queued]>
[2025-03-30T11:09:50.244+0000] {taskinstance.py:1979} INFO - Dependencies all met for dep_context=requeueable deps ti=<TaskInstance: inout_data_ingestion.create_table scheduled__2024-10-01T00:30:00+00:00 [queued]>
[2025-03-30T11:09:50.244+0000] {taskinstance.py:2193} INFO - Starting attempt 1 of 2
[2025-03-30T11:09:50.263+0000] {taskinstance.py:2214} INFO - Executing <Task(PythonOperator): create_table> on 2024-10-01 00:30:00+00:00
[2025-03-30T11:09:50.269+0000] {standard_task_runner.py:60} INFO - Started process 483 to run task
[2025-03-30T11:09:50.278+0000] {standard_task_runner.py:87} INFO - Running: ['***', 'tasks', 'run', 'inout_data_ingestion', 'create_table', 'scheduled__2024-10-01T00:30:00+00:00', '--job-id', '215', '--raw', '--subdir', 'DAGS_FOLDER/inout_data.py', '--cfg-path', '/tmp/tmprs_9pp5y']
[2025-03-30T11:09:50.285+0000] {standard_task_runner.py:88} INFO - Job 215: Subtask create_table
[2025-03-30T11:09:50.308+0000] {warnings.py:109} WARNING - /home/***/.local/lib/python3.8/site-packages/***/settings.py:194: DeprecationWarning: The sql_alchemy_conn option in [core] has been moved to the sql_alchemy_conn option in [database] - the old setting has been used, but please update your config.
  SQL_ALCHEMY_CONN = conf.get("database", "SQL_ALCHEMY_CONN")

[2025-03-30T11:09:50.365+0000] {task_command.py:423} INFO - Running <TaskInstance: inout_data_ingestion.create_table scheduled__2024-10-01T00:30:00+00:00 [running]> on host ff9d64b065e6
[2025-03-30T11:09:50.428+0000] {taskinstance.py:2510} INFO - Exporting env vars: AIRFLOW_CTX_DAG_OWNER='***' AIRFLOW_CTX_DAG_ID='inout_data_ingestion' AIRFLOW_CTX_TASK_ID='create_table' AIRFLOW_CTX_EXECUTION_DATE='2024-10-01T00:30:00+00:00' AIRFLOW_CTX_TRY_NUMBER='1' AIRFLOW_CTX_DAG_RUN_ID='scheduled__2024-10-01T00:30:00+00:00'
[2025-03-30T11:09:50.432+0000] {inout_data.py:42} INFO - Successfully connected to MariaDB: INOUT on mariadb:3306
[2025-03-30T11:09:50.434+0000] {inout_data.py:124} INFO - Table emp_inout_rec created (if it didn't exist).
[2025-03-30T11:09:50.437+0000] {inout_data.py:78} INFO - MariaDB connection closed.
[2025-03-30T11:09:50.438+0000] {python.py:202} INFO - Done. Returned value was: None
[2025-03-30T11:09:50.454+0000] {taskinstance.py:1149} INFO - Marking task as SUCCESS. dag_id=inout_data_ingestion, task_id=create_table, execution_date=20241001T003000, start_date=20250330T110950, end_date=20250330T110950
[2025-03-30T11:09:50.499+0000] {local_task_job_runner.py:234} INFO - Task exited with return code 0
[2025-03-30T11:09:50.525+0000] {taskinstance.py:3309} INFO - 1 downstream tasks scheduled from follow-on schedule check
[2025-03-30T11:16:26.790+0000] {taskinstance.py:1979} INFO - Dependencies all met for dep_context=non-requeueable deps ti=<TaskInstance: inout_data_ingestion.create_table scheduled__2024-10-01T00:30:00+00:00 [queued]>
[2025-03-30T11:16:26.800+0000] {taskinstance.py:1979} INFO - Dependencies all met for dep_context=requeueable deps ti=<TaskInstance: inout_data_ingestion.create_table scheduled__2024-10-01T00:30:00+00:00 [queued]>
[2025-03-30T11:16:26.801+0000] {taskinstance.py:2193} INFO - Starting attempt 1 of 2
[2025-03-30T11:16:26.814+0000] {taskinstance.py:2214} INFO - Executing <Task(PythonOperator): create_table> on 2024-10-01 00:30:00+00:00
[2025-03-30T11:16:26.819+0000] {standard_task_runner.py:60} INFO - Started process 2339 to run task
[2025-03-30T11:16:26.824+0000] {standard_task_runner.py:87} INFO - Running: ['***', 'tasks', 'run', 'inout_data_ingestion', 'create_table', 'scheduled__2024-10-01T00:30:00+00:00', '--job-id', '1144', '--raw', '--subdir', 'DAGS_FOLDER/inout_data.py', '--cfg-path', '/tmp/tmpikmaowzh']
[2025-03-30T11:16:26.825+0000] {standard_task_runner.py:88} INFO - Job 1144: Subtask create_table
[2025-03-30T11:16:26.849+0000] {warnings.py:109} WARNING - /home/***/.local/lib/python3.8/site-packages/***/settings.py:194: DeprecationWarning: The sql_alchemy_conn option in [core] has been moved to the sql_alchemy_conn option in [database] - the old setting has been used, but please update your config.
  SQL_ALCHEMY_CONN = conf.get("database", "SQL_ALCHEMY_CONN")

[2025-03-30T11:16:26.894+0000] {task_command.py:423} INFO - Running <TaskInstance: inout_data_ingestion.create_table scheduled__2024-10-01T00:30:00+00:00 [running]> on host ff9d64b065e6
[2025-03-30T11:16:27.025+0000] {taskinstance.py:2510} INFO - Exporting env vars: AIRFLOW_CTX_DAG_OWNER='***' AIRFLOW_CTX_DAG_ID='inout_data_ingestion' AIRFLOW_CTX_TASK_ID='create_table' AIRFLOW_CTX_EXECUTION_DATE='2024-10-01T00:30:00+00:00' AIRFLOW_CTX_TRY_NUMBER='1' AIRFLOW_CTX_DAG_RUN_ID='scheduled__2024-10-01T00:30:00+00:00'
[2025-03-30T11:16:27.031+0000] {inout_data.py:42} INFO - Successfully connected to MariaDB: INOUT on mariadb:3306
[2025-03-30T11:16:27.032+0000] {inout_data.py:117} INFO - Table emp_inout_rec created (if it didn't exist).
[2025-03-30T11:16:27.032+0000] {inout_data.py:78} INFO - MariaDB connection closed.
[2025-03-30T11:16:27.032+0000] {python.py:202} INFO - Done. Returned value was: None
[2025-03-30T11:16:27.048+0000] {taskinstance.py:1149} INFO - Marking task as SUCCESS. dag_id=inout_data_ingestion, task_id=create_table, execution_date=20241001T003000, start_date=20250330T111626, end_date=20250330T111627
[2025-03-30T11:16:27.089+0000] {local_task_job_runner.py:234} INFO - Task exited with return code 0
[2025-03-30T11:16:27.127+0000] {taskinstance.py:3309} INFO - 1 downstream tasks scheduled from follow-on schedule check
[2025-03-30T11:29:01.845+0000] {taskinstance.py:1979} INFO - Dependencies all met for dep_context=non-requeueable deps ti=<TaskInstance: inout_data_ingestion.create_table scheduled__2024-10-01T00:30:00+00:00 [queued]>
[2025-03-30T11:29:01.857+0000] {taskinstance.py:1979} INFO - Dependencies all met for dep_context=requeueable deps ti=<TaskInstance: inout_data_ingestion.create_table scheduled__2024-10-01T00:30:00+00:00 [queued]>
[2025-03-30T11:29:01.857+0000] {taskinstance.py:2193} INFO - Starting attempt 1 of 2
[2025-03-30T11:29:01.870+0000] {taskinstance.py:2214} INFO - Executing <Task(PythonOperator): create_table> on 2024-10-01 00:30:00+00:00
[2025-03-30T11:29:01.877+0000] {standard_task_runner.py:60} INFO - Started process 4256 to run task
[2025-03-30T11:29:01.884+0000] {standard_task_runner.py:87} INFO - Running: ['***', 'tasks', 'run', 'inout_data_ingestion', 'create_table', 'scheduled__2024-10-01T00:30:00+00:00', '--job-id', '2103', '--raw', '--subdir', 'DAGS_FOLDER/inout_data.py', '--cfg-path', '/tmp/tmp8nr3j__z']
[2025-03-30T11:29:01.888+0000] {standard_task_runner.py:88} INFO - Job 2103: Subtask create_table
[2025-03-30T11:29:01.919+0000] {warnings.py:109} WARNING - /home/***/.local/lib/python3.8/site-packages/***/settings.py:194: DeprecationWarning: The sql_alchemy_conn option in [core] has been moved to the sql_alchemy_conn option in [database] - the old setting has been used, but please update your config.
  SQL_ALCHEMY_CONN = conf.get("database", "SQL_ALCHEMY_CONN")

[2025-03-30T11:29:01.985+0000] {task_command.py:423} INFO - Running <TaskInstance: inout_data_ingestion.create_table scheduled__2024-10-01T00:30:00+00:00 [running]> on host ff9d64b065e6
[2025-03-30T11:29:02.222+0000] {taskinstance.py:2510} INFO - Exporting env vars: AIRFLOW_CTX_DAG_OWNER='***' AIRFLOW_CTX_DAG_ID='inout_data_ingestion' AIRFLOW_CTX_TASK_ID='create_table' AIRFLOW_CTX_EXECUTION_DATE='2024-10-01T00:30:00+00:00' AIRFLOW_CTX_TRY_NUMBER='1' AIRFLOW_CTX_DAG_RUN_ID='scheduled__2024-10-01T00:30:00+00:00'
[2025-03-30T11:29:02.234+0000] {logging_mixin.py:188} INFO - Successfully connected to MariaDB: INOUT on mariadb:3306
[2025-03-30T11:29:02.235+0000] {inout_data.py:46} INFO - Table emp_inout_rec created (if it didn't exist).
[2025-03-30T11:29:02.236+0000] {logging_mixin.py:188} INFO - MariaDB connection closed.
[2025-03-30T11:29:02.236+0000] {python.py:202} INFO - Done. Returned value was: None
[2025-03-30T11:29:02.251+0000] {taskinstance.py:1149} INFO - Marking task as SUCCESS. dag_id=inout_data_ingestion, task_id=create_table, execution_date=20241001T003000, start_date=20250330T112901, end_date=20250330T112902
[2025-03-30T11:29:02.317+0000] {local_task_job_runner.py:234} INFO - Task exited with return code 0
[2025-03-30T11:29:02.383+0000] {taskinstance.py:3309} INFO - 1 downstream tasks scheduled from follow-on schedule check
[2025-03-30T11:33:37.494+0000] {taskinstance.py:1979} INFO - Dependencies all met for dep_context=non-requeueable deps ti=<TaskInstance: inout_data_ingestion.create_table scheduled__2024-10-01T00:30:00+00:00 [queued]>
[2025-03-30T11:33:37.519+0000] {taskinstance.py:1979} INFO - Dependencies all met for dep_context=requeueable deps ti=<TaskInstance: inout_data_ingestion.create_table scheduled__2024-10-01T00:30:00+00:00 [queued]>
[2025-03-30T11:33:37.524+0000] {taskinstance.py:2193} INFO - Starting attempt 1 of 2
[2025-03-30T11:33:37.544+0000] {taskinstance.py:2214} INFO - Executing <Task(PythonOperator): create_table> on 2024-10-01 00:30:00+00:00
[2025-03-30T11:33:37.555+0000] {standard_task_runner.py:60} INFO - Started process 5713 to run task
[2025-03-30T11:33:37.567+0000] {standard_task_runner.py:87} INFO - Running: ['***', 'tasks', 'run', 'inout_data_ingestion', 'create_table', 'scheduled__2024-10-01T00:30:00+00:00', '--job-id', '2831', '--raw', '--subdir', 'DAGS_FOLDER/inout_data.py', '--cfg-path', '/tmp/tmpfgkhc9_0']
[2025-03-30T11:33:37.570+0000] {standard_task_runner.py:88} INFO - Job 2831: Subtask create_table
[2025-03-30T11:33:37.601+0000] {warnings.py:109} WARNING - /home/***/.local/lib/python3.8/site-packages/***/settings.py:194: DeprecationWarning: The sql_alchemy_conn option in [core] has been moved to the sql_alchemy_conn option in [database] - the old setting has been used, but please update your config.
  SQL_ALCHEMY_CONN = conf.get("database", "SQL_ALCHEMY_CONN")

[2025-03-30T11:33:37.648+0000] {task_command.py:423} INFO - Running <TaskInstance: inout_data_ingestion.create_table scheduled__2024-10-01T00:30:00+00:00 [running]> on host ff9d64b065e6
[2025-03-30T11:33:37.833+0000] {taskinstance.py:2510} INFO - Exporting env vars: AIRFLOW_CTX_DAG_OWNER='***' AIRFLOW_CTX_DAG_ID='inout_data_ingestion' AIRFLOW_CTX_TASK_ID='create_table' AIRFLOW_CTX_EXECUTION_DATE='2024-10-01T00:30:00+00:00' AIRFLOW_CTX_TRY_NUMBER='1' AIRFLOW_CTX_DAG_RUN_ID='scheduled__2024-10-01T00:30:00+00:00'
[2025-03-30T11:33:37.843+0000] {logging_mixin.py:188} INFO - Successfully connected to MariaDB: INOUT on mariadb:3306
[2025-03-30T11:33:37.845+0000] {inout_data.py:46} INFO - Table emp_inout_rec created (if it didn't exist).
[2025-03-30T11:33:37.846+0000] {logging_mixin.py:188} INFO - MariaDB connection closed.
[2025-03-30T11:33:37.847+0000] {python.py:202} INFO - Done. Returned value was: None
[2025-03-30T11:33:37.864+0000] {taskinstance.py:1149} INFO - Marking task as SUCCESS. dag_id=inout_data_ingestion, task_id=create_table, execution_date=20241001T003000, start_date=20250330T113337, end_date=20250330T113337
[2025-03-30T11:33:37.914+0000] {local_task_job_runner.py:234} INFO - Task exited with return code 0
[2025-03-30T11:33:38.008+0000] {taskinstance.py:3309} INFO - 1 downstream tasks scheduled from follow-on schedule check
[2025-03-30T11:39:14.371+0000] {taskinstance.py:1979} INFO - Dependencies all met for dep_context=non-requeueable deps ti=<TaskInstance: inout_data_ingestion.create_table scheduled__2024-10-01T00:30:00+00:00 [queued]>
[2025-03-30T11:39:14.383+0000] {taskinstance.py:1979} INFO - Dependencies all met for dep_context=requeueable deps ti=<TaskInstance: inout_data_ingestion.create_table scheduled__2024-10-01T00:30:00+00:00 [queued]>
[2025-03-30T11:39:14.384+0000] {taskinstance.py:2193} INFO - Starting attempt 1 of 2
[2025-03-30T11:39:14.409+0000] {taskinstance.py:2214} INFO - Executing <Task(PythonOperator): create_table> on 2024-10-01 00:30:00+00:00
[2025-03-30T11:39:14.420+0000] {standard_task_runner.py:60} INFO - Started process 6615 to run task
[2025-03-30T11:39:14.423+0000] {standard_task_runner.py:87} INFO - Running: ['***', 'tasks', 'run', 'inout_data_ingestion', 'create_table', 'scheduled__2024-10-01T00:30:00+00:00', '--job-id', '3282', '--raw', '--subdir', 'DAGS_FOLDER/inout_data.py', '--cfg-path', '/tmp/tmpu_hl2syq']
[2025-03-30T11:39:14.426+0000] {standard_task_runner.py:88} INFO - Job 3282: Subtask create_table
[2025-03-30T11:39:14.456+0000] {warnings.py:109} WARNING - /home/***/.local/lib/python3.8/site-packages/***/settings.py:194: DeprecationWarning: The sql_alchemy_conn option in [core] has been moved to the sql_alchemy_conn option in [database] - the old setting has been used, but please update your config.
  SQL_ALCHEMY_CONN = conf.get("database", "SQL_ALCHEMY_CONN")

[2025-03-30T11:39:14.504+0000] {task_command.py:423} INFO - Running <TaskInstance: inout_data_ingestion.create_table scheduled__2024-10-01T00:30:00+00:00 [running]> on host ff9d64b065e6
[2025-03-30T11:39:14.593+0000] {taskinstance.py:2510} INFO - Exporting env vars: AIRFLOW_CTX_DAG_OWNER='***' AIRFLOW_CTX_DAG_ID='inout_data_ingestion' AIRFLOW_CTX_TASK_ID='create_table' AIRFLOW_CTX_EXECUTION_DATE='2024-10-01T00:30:00+00:00' AIRFLOW_CTX_TRY_NUMBER='1' AIRFLOW_CTX_DAG_RUN_ID='scheduled__2024-10-01T00:30:00+00:00'
[2025-03-30T11:39:14.602+0000] {logging_mixin.py:188} INFO - Successfully connected to MariaDB: INOUT on mariadb:3306
[2025-03-30T11:39:14.603+0000] {inout_data.py:46} INFO - Table emp_inout_rec created (if it didn't exist).
[2025-03-30T11:39:14.604+0000] {logging_mixin.py:188} INFO - MariaDB connection closed.
[2025-03-30T11:39:14.604+0000] {python.py:202} INFO - Done. Returned value was: None
[2025-03-30T11:39:14.624+0000] {taskinstance.py:1149} INFO - Marking task as SUCCESS. dag_id=inout_data_ingestion, task_id=create_table, execution_date=20241001T003000, start_date=20250330T113914, end_date=20250330T113914
[2025-03-30T11:39:14.688+0000] {local_task_job_runner.py:234} INFO - Task exited with return code 0
[2025-03-30T11:39:14.713+0000] {taskinstance.py:3309} INFO - 0 downstream tasks scheduled from follow-on schedule check
[2025-03-30T11:41:21.918+0000] {taskinstance.py:1979} INFO - Dependencies all met for dep_context=non-requeueable deps ti=<TaskInstance: inout_data_ingestion.create_table scheduled__2024-10-01T00:30:00+00:00 [queued]>
[2025-03-30T11:41:21.930+0000] {taskinstance.py:1979} INFO - Dependencies all met for dep_context=requeueable deps ti=<TaskInstance: inout_data_ingestion.create_table scheduled__2024-10-01T00:30:00+00:00 [queued]>
[2025-03-30T11:41:21.932+0000] {taskinstance.py:2193} INFO - Starting attempt 1 of 2
[2025-03-30T11:41:21.948+0000] {taskinstance.py:2214} INFO - Executing <Task(PythonOperator): create_table> on 2024-10-01 00:30:00+00:00
[2025-03-30T11:41:21.954+0000] {standard_task_runner.py:60} INFO - Started process 7053 to run task
[2025-03-30T11:41:21.962+0000] {standard_task_runner.py:87} INFO - Running: ['***', 'tasks', 'run', 'inout_data_ingestion', 'create_table', 'scheduled__2024-10-01T00:30:00+00:00', '--job-id', '3500', '--raw', '--subdir', 'DAGS_FOLDER/inout_data.py', '--cfg-path', '/tmp/tmp51yc80w5']
[2025-03-30T11:41:21.965+0000] {standard_task_runner.py:88} INFO - Job 3500: Subtask create_table
[2025-03-30T11:41:21.981+0000] {warnings.py:109} WARNING - /home/***/.local/lib/python3.8/site-packages/***/settings.py:194: DeprecationWarning: The sql_alchemy_conn option in [core] has been moved to the sql_alchemy_conn option in [database] - the old setting has been used, but please update your config.
  SQL_ALCHEMY_CONN = conf.get("database", "SQL_ALCHEMY_CONN")

[2025-03-30T11:41:22.010+0000] {task_command.py:423} INFO - Running <TaskInstance: inout_data_ingestion.create_table scheduled__2024-10-01T00:30:00+00:00 [running]> on host ff9d64b065e6
[2025-03-30T11:41:22.074+0000] {taskinstance.py:2510} INFO - Exporting env vars: AIRFLOW_CTX_DAG_OWNER='***' AIRFLOW_CTX_DAG_ID='inout_data_ingestion' AIRFLOW_CTX_TASK_ID='create_table' AIRFLOW_CTX_EXECUTION_DATE='2024-10-01T00:30:00+00:00' AIRFLOW_CTX_TRY_NUMBER='1' AIRFLOW_CTX_DAG_RUN_ID='scheduled__2024-10-01T00:30:00+00:00'
[2025-03-30T11:41:22.079+0000] {logging_mixin.py:188} INFO - Successfully connected to MariaDB: INOUT on mariadb:3306
[2025-03-30T11:41:22.080+0000] {inout_data.py:46} INFO - Table emp_inout_rec created (if it didn't exist).
[2025-03-30T11:41:22.080+0000] {logging_mixin.py:188} INFO - MariaDB connection closed.
[2025-03-30T11:41:22.081+0000] {python.py:202} INFO - Done. Returned value was: None
[2025-03-30T11:41:22.091+0000] {taskinstance.py:1149} INFO - Marking task as SUCCESS. dag_id=inout_data_ingestion, task_id=create_table, execution_date=20241001T003000, start_date=20250330T114121, end_date=20250330T114122
[2025-03-30T11:41:22.141+0000] {local_task_job_runner.py:234} INFO - Task exited with return code 0
[2025-03-30T11:41:22.170+0000] {taskinstance.py:3309} INFO - 1 downstream tasks scheduled from follow-on schedule check
