[2025-03-30T11:10:54.053+0000] {taskinstance.py:1979} INFO - Dependencies all met for dep_context=non-requeueable deps ti=<TaskInstance: inout_data_ingestion.create_table scheduled__2024-10-02T22:00:00+00:00 [queued]>
[2025-03-30T11:10:54.067+0000] {taskinstance.py:1979} INFO - Dependencies all met for dep_context=requeueable deps ti=<TaskInstance: inout_data_ingestion.create_table scheduled__2024-10-02T22:00:00+00:00 [queued]>
[2025-03-30T11:10:54.068+0000] {taskinstance.py:2193} INFO - Starting attempt 1 of 2
[2025-03-30T11:10:54.088+0000] {taskinstance.py:2214} INFO - Executing <Task(PythonOperator): create_table> on 2024-10-02 22:00:00+00:00
[2025-03-30T11:10:54.096+0000] {standard_task_runner.py:60} INFO - Started process 855 to run task
[2025-03-30T11:10:54.099+0000] {standard_task_runner.py:87} INFO - Running: ['***', 'tasks', 'run', 'inout_data_ingestion', 'create_table', 'scheduled__2024-10-02T22:00:00+00:00', '--job-id', '401', '--raw', '--subdir', 'DAGS_FOLDER/inout_data.py', '--cfg-path', '/tmp/tmp7cfbqw8k']
[2025-03-30T11:10:54.101+0000] {standard_task_runner.py:88} INFO - Job 401: Subtask create_table
[2025-03-30T11:10:54.114+0000] {warnings.py:109} WARNING - /home/***/.local/lib/python3.8/site-packages/***/settings.py:194: DeprecationWarning: The sql_alchemy_conn option in [core] has been moved to the sql_alchemy_conn option in [database] - the old setting has been used, but please update your config.
  SQL_ALCHEMY_CONN = conf.get("database", "SQL_ALCHEMY_CONN")

[2025-03-30T11:10:54.145+0000] {task_command.py:423} INFO - Running <TaskInstance: inout_data_ingestion.create_table scheduled__2024-10-02T22:00:00+00:00 [running]> on host ff9d64b065e6
[2025-03-30T11:10:54.229+0000] {taskinstance.py:2510} INFO - Exporting env vars: AIRFLOW_CTX_DAG_OWNER='***' AIRFLOW_CTX_DAG_ID='inout_data_ingestion' AIRFLOW_CTX_TASK_ID='create_table' AIRFLOW_CTX_EXECUTION_DATE='2024-10-02T22:00:00+00:00' AIRFLOW_CTX_TRY_NUMBER='1' AIRFLOW_CTX_DAG_RUN_ID='scheduled__2024-10-02T22:00:00+00:00'
[2025-03-30T11:10:54.234+0000] {inout_data.py:42} INFO - Successfully connected to MariaDB: INOUT on mariadb:3306
[2025-03-30T11:10:54.234+0000] {inout_data.py:124} INFO - Table emp_inout_rec created (if it didn't exist).
[2025-03-30T11:10:54.235+0000] {inout_data.py:78} INFO - MariaDB connection closed.
[2025-03-30T11:10:54.235+0000] {python.py:202} INFO - Done. Returned value was: None
[2025-03-30T11:10:54.245+0000] {taskinstance.py:1149} INFO - Marking task as SUCCESS. dag_id=inout_data_ingestion, task_id=create_table, execution_date=20241002T220000, start_date=20250330T111054, end_date=20250330T111054
[2025-03-30T11:10:54.281+0000] {local_task_job_runner.py:234} INFO - Task exited with return code 0
[2025-03-30T11:10:54.311+0000] {taskinstance.py:3309} INFO - 1 downstream tasks scheduled from follow-on schedule check
[2025-03-30T11:17:29.887+0000] {taskinstance.py:1979} INFO - Dependencies all met for dep_context=non-requeueable deps ti=<TaskInstance: inout_data_ingestion.create_table scheduled__2024-10-02T22:00:00+00:00 [queued]>
[2025-03-30T11:17:29.899+0000] {taskinstance.py:1979} INFO - Dependencies all met for dep_context=requeueable deps ti=<TaskInstance: inout_data_ingestion.create_table scheduled__2024-10-02T22:00:00+00:00 [queued]>
[2025-03-30T11:17:29.900+0000] {taskinstance.py:2193} INFO - Starting attempt 1 of 2
[2025-03-30T11:17:29.912+0000] {taskinstance.py:2214} INFO - Executing <Task(PythonOperator): create_table> on 2024-10-02 22:00:00+00:00
[2025-03-30T11:17:29.915+0000] {standard_task_runner.py:60} INFO - Started process 2699 to run task
[2025-03-30T11:17:29.918+0000] {standard_task_runner.py:87} INFO - Running: ['***', 'tasks', 'run', 'inout_data_ingestion', 'create_table', 'scheduled__2024-10-02T22:00:00+00:00', '--job-id', '1324', '--raw', '--subdir', 'DAGS_FOLDER/inout_data.py', '--cfg-path', '/tmp/tmp_8mftg_u']
[2025-03-30T11:17:29.920+0000] {standard_task_runner.py:88} INFO - Job 1324: Subtask create_table
[2025-03-30T11:17:29.930+0000] {warnings.py:109} WARNING - /home/***/.local/lib/python3.8/site-packages/***/settings.py:194: DeprecationWarning: The sql_alchemy_conn option in [core] has been moved to the sql_alchemy_conn option in [database] - the old setting has been used, but please update your config.
  SQL_ALCHEMY_CONN = conf.get("database", "SQL_ALCHEMY_CONN")

[2025-03-30T11:17:29.965+0000] {task_command.py:423} INFO - Running <TaskInstance: inout_data_ingestion.create_table scheduled__2024-10-02T22:00:00+00:00 [running]> on host ff9d64b065e6
[2025-03-30T11:17:30.067+0000] {taskinstance.py:2510} INFO - Exporting env vars: AIRFLOW_CTX_DAG_OWNER='***' AIRFLOW_CTX_DAG_ID='inout_data_ingestion' AIRFLOW_CTX_TASK_ID='create_table' AIRFLOW_CTX_EXECUTION_DATE='2024-10-02T22:00:00+00:00' AIRFLOW_CTX_TRY_NUMBER='1' AIRFLOW_CTX_DAG_RUN_ID='scheduled__2024-10-02T22:00:00+00:00'
[2025-03-30T11:17:30.072+0000] {inout_data.py:42} INFO - Successfully connected to MariaDB: INOUT on mariadb:3306
[2025-03-30T11:17:30.077+0000] {inout_data.py:117} INFO - Table emp_inout_rec created (if it didn't exist).
[2025-03-30T11:17:30.078+0000] {inout_data.py:78} INFO - MariaDB connection closed.
[2025-03-30T11:17:30.078+0000] {python.py:202} INFO - Done. Returned value was: None
[2025-03-30T11:17:30.093+0000] {taskinstance.py:1149} INFO - Marking task as SUCCESS. dag_id=inout_data_ingestion, task_id=create_table, execution_date=20241002T220000, start_date=20250330T111729, end_date=20250330T111730
[2025-03-30T11:17:30.142+0000] {local_task_job_runner.py:234} INFO - Task exited with return code 0
[2025-03-30T11:17:30.168+0000] {taskinstance.py:3309} INFO - 1 downstream tasks scheduled from follow-on schedule check
[2025-03-30T11:29:54.972+0000] {taskinstance.py:1979} INFO - Dependencies all met for dep_context=non-requeueable deps ti=<TaskInstance: inout_data_ingestion.create_table scheduled__2024-10-02T22:00:00+00:00 [queued]>
[2025-03-30T11:29:54.991+0000] {taskinstance.py:1979} INFO - Dependencies all met for dep_context=requeueable deps ti=<TaskInstance: inout_data_ingestion.create_table scheduled__2024-10-02T22:00:00+00:00 [queued]>
[2025-03-30T11:29:54.995+0000] {taskinstance.py:2193} INFO - Starting attempt 1 of 2
[2025-03-30T11:29:55.017+0000] {taskinstance.py:2214} INFO - Executing <Task(PythonOperator): create_table> on 2024-10-02 22:00:00+00:00
[2025-03-30T11:29:55.021+0000] {standard_task_runner.py:60} INFO - Started process 4622 to run task
[2025-03-30T11:29:55.029+0000] {standard_task_runner.py:87} INFO - Running: ['***', 'tasks', 'run', 'inout_data_ingestion', 'create_table', 'scheduled__2024-10-02T22:00:00+00:00', '--job-id', '2286', '--raw', '--subdir', 'DAGS_FOLDER/inout_data.py', '--cfg-path', '/tmp/tmpf7qboiz1']
[2025-03-30T11:29:55.034+0000] {standard_task_runner.py:88} INFO - Job 2286: Subtask create_table
[2025-03-30T11:29:55.058+0000] {warnings.py:109} WARNING - /home/***/.local/lib/python3.8/site-packages/***/settings.py:194: DeprecationWarning: The sql_alchemy_conn option in [core] has been moved to the sql_alchemy_conn option in [database] - the old setting has been used, but please update your config.
  SQL_ALCHEMY_CONN = conf.get("database", "SQL_ALCHEMY_CONN")

[2025-03-30T11:29:55.105+0000] {task_command.py:423} INFO - Running <TaskInstance: inout_data_ingestion.create_table scheduled__2024-10-02T22:00:00+00:00 [running]> on host ff9d64b065e6
[2025-03-30T11:29:55.189+0000] {taskinstance.py:2510} INFO - Exporting env vars: AIRFLOW_CTX_DAG_OWNER='***' AIRFLOW_CTX_DAG_ID='inout_data_ingestion' AIRFLOW_CTX_TASK_ID='create_table' AIRFLOW_CTX_EXECUTION_DATE='2024-10-02T22:00:00+00:00' AIRFLOW_CTX_TRY_NUMBER='1' AIRFLOW_CTX_DAG_RUN_ID='scheduled__2024-10-02T22:00:00+00:00'
[2025-03-30T11:29:55.196+0000] {logging_mixin.py:188} INFO - Successfully connected to MariaDB: INOUT on mariadb:3306
[2025-03-30T11:29:55.198+0000] {inout_data.py:46} INFO - Table emp_inout_rec created (if it didn't exist).
[2025-03-30T11:29:55.199+0000] {logging_mixin.py:188} INFO - MariaDB connection closed.
[2025-03-30T11:29:55.199+0000] {python.py:202} INFO - Done. Returned value was: None
[2025-03-30T11:29:55.208+0000] {taskinstance.py:1149} INFO - Marking task as SUCCESS. dag_id=inout_data_ingestion, task_id=create_table, execution_date=20241002T220000, start_date=20250330T112954, end_date=20250330T112955
[2025-03-30T11:29:55.253+0000] {local_task_job_runner.py:234} INFO - Task exited with return code 0
[2025-03-30T11:29:55.270+0000] {taskinstance.py:3309} INFO - 1 downstream tasks scheduled from follow-on schedule check
[2025-03-30T11:34:51.678+0000] {taskinstance.py:1979} INFO - Dependencies all met for dep_context=non-requeueable deps ti=<TaskInstance: inout_data_ingestion.create_table scheduled__2024-10-02T22:00:00+00:00 [queued]>
[2025-03-30T11:34:51.698+0000] {taskinstance.py:1979} INFO - Dependencies all met for dep_context=requeueable deps ti=<TaskInstance: inout_data_ingestion.create_table scheduled__2024-10-02T22:00:00+00:00 [queued]>
[2025-03-30T11:34:51.699+0000] {taskinstance.py:2193} INFO - Starting attempt 1 of 2
[2025-03-30T11:34:51.733+0000] {taskinstance.py:2214} INFO - Executing <Task(PythonOperator): create_table> on 2024-10-02 22:00:00+00:00
[2025-03-30T11:34:51.745+0000] {standard_task_runner.py:60} INFO - Started process 6077 to run task
[2025-03-30T11:34:51.751+0000] {standard_task_runner.py:87} INFO - Running: ['***', 'tasks', 'run', 'inout_data_ingestion', 'create_table', 'scheduled__2024-10-02T22:00:00+00:00', '--job-id', '3013', '--raw', '--subdir', 'DAGS_FOLDER/inout_data.py', '--cfg-path', '/tmp/tmpyhameusv']
[2025-03-30T11:34:51.755+0000] {standard_task_runner.py:88} INFO - Job 3013: Subtask create_table
[2025-03-30T11:34:51.796+0000] {warnings.py:109} WARNING - /home/***/.local/lib/python3.8/site-packages/***/settings.py:194: DeprecationWarning: The sql_alchemy_conn option in [core] has been moved to the sql_alchemy_conn option in [database] - the old setting has been used, but please update your config.
  SQL_ALCHEMY_CONN = conf.get("database", "SQL_ALCHEMY_CONN")

[2025-03-30T11:34:51.871+0000] {task_command.py:423} INFO - Running <TaskInstance: inout_data_ingestion.create_table scheduled__2024-10-02T22:00:00+00:00 [running]> on host ff9d64b065e6
[2025-03-30T11:34:51.985+0000] {taskinstance.py:2510} INFO - Exporting env vars: AIRFLOW_CTX_DAG_OWNER='***' AIRFLOW_CTX_DAG_ID='inout_data_ingestion' AIRFLOW_CTX_TASK_ID='create_table' AIRFLOW_CTX_EXECUTION_DATE='2024-10-02T22:00:00+00:00' AIRFLOW_CTX_TRY_NUMBER='1' AIRFLOW_CTX_DAG_RUN_ID='scheduled__2024-10-02T22:00:00+00:00'
[2025-03-30T11:34:51.996+0000] {logging_mixin.py:188} INFO - Successfully connected to MariaDB: INOUT on mariadb:3306
[2025-03-30T11:34:52.000+0000] {inout_data.py:46} INFO - Table emp_inout_rec created (if it didn't exist).
[2025-03-30T11:34:52.001+0000] {logging_mixin.py:188} INFO - MariaDB connection closed.
[2025-03-30T11:34:52.003+0000] {python.py:202} INFO - Done. Returned value was: None
[2025-03-30T11:34:52.039+0000] {taskinstance.py:1149} INFO - Marking task as SUCCESS. dag_id=inout_data_ingestion, task_id=create_table, execution_date=20241002T220000, start_date=20250330T113451, end_date=20250330T113452
[2025-03-30T11:34:52.111+0000] {local_task_job_runner.py:234} INFO - Task exited with return code 0
[2025-03-30T11:34:52.174+0000] {taskinstance.py:3309} INFO - 1 downstream tasks scheduled from follow-on schedule check
