[2025-03-30T11:12:27.731+0000] {taskinstance.py:1979} INFO - Dependencies all met for dep_context=non-requeueable deps ti=<TaskInstance: inout_data_ingestion.ingest_dummy_data scheduled__2024-10-05T15:00:00+00:00 [queued]>
[2025-03-30T11:12:27.744+0000] {taskinstance.py:1979} INFO - Dependencies all met for dep_context=requeueable deps ti=<TaskInstance: inout_data_ingestion.ingest_dummy_data scheduled__2024-10-05T15:00:00+00:00 [queued]>
[2025-03-30T11:12:27.746+0000] {taskinstance.py:2193} INFO - Starting attempt 1 of 2
[2025-03-30T11:12:27.765+0000] {taskinstance.py:2214} INFO - Executing <Task(PythonOperator): ingest_dummy_data> on 2024-10-05 15:00:00+00:00
[2025-03-30T11:12:27.772+0000] {standard_task_runner.py:60} INFO - Started process 1384 to run task
[2025-03-30T11:12:27.777+0000] {standard_task_runner.py:87} INFO - Running: ['***', 'tasks', 'run', 'inout_data_ingestion', 'ingest_dummy_data', 'scheduled__2024-10-05T15:00:00+00:00', '--job-id', '666', '--raw', '--subdir', 'DAGS_FOLDER/inout_data.py', '--cfg-path', '/tmp/tmp0h5lbype']
[2025-03-30T11:12:27.780+0000] {standard_task_runner.py:88} INFO - Job 666: Subtask ingest_dummy_data
[2025-03-30T11:12:27.800+0000] {warnings.py:109} WARNING - /home/***/.local/lib/python3.8/site-packages/***/settings.py:194: DeprecationWarning: The sql_alchemy_conn option in [core] has been moved to the sql_alchemy_conn option in [database] - the old setting has been used, but please update your config.
  SQL_ALCHEMY_CONN = conf.get("database", "SQL_ALCHEMY_CONN")

[2025-03-30T11:12:27.836+0000] {task_command.py:423} INFO - Running <TaskInstance: inout_data_ingestion.ingest_dummy_data scheduled__2024-10-05T15:00:00+00:00 [running]> on host ff9d64b065e6
[2025-03-30T11:12:27.913+0000] {taskinstance.py:2510} INFO - Exporting env vars: AIRFLOW_CTX_DAG_OWNER='***' AIRFLOW_CTX_DAG_ID='inout_data_ingestion' AIRFLOW_CTX_TASK_ID='ingest_dummy_data' AIRFLOW_CTX_EXECUTION_DATE='2024-10-05T15:00:00+00:00' AIRFLOW_CTX_TRY_NUMBER='1' AIRFLOW_CTX_DAG_RUN_ID='scheduled__2024-10-05T15:00:00+00:00'
[2025-03-30T11:12:27.919+0000] {inout_data.py:42} INFO - Successfully connected to MariaDB: INOUT on mariadb:3306
[2025-03-30T11:12:27.924+0000] {inout_data.py:63} ERROR - Error executing query: (1062, "Duplicate entry '2025-03-30 11:12:27-8288' for key 'PRIMARY'")
[2025-03-30T11:12:27.925+0000] {inout_data.py:63} ERROR - Error executing query: (1062, "Duplicate entry '2025-03-30 11:12:27-8288' for key 'PRIMARY'")
[2025-03-30T11:12:27.927+0000] {inout_data.py:63} ERROR - Error executing query: (1062, "Duplicate entry '2025-03-30 11:12:27-8288' for key 'PRIMARY'")
[2025-03-30T11:12:27.929+0000] {inout_data.py:63} ERROR - Error executing query: (1062, "Duplicate entry '2025-03-30 11:12:27-8288' for key 'PRIMARY'")
[2025-03-30T11:12:27.933+0000] {inout_data.py:63} ERROR - Error executing query: (1062, "Duplicate entry '2025-03-30 11:12:27-8288' for key 'PRIMARY'")
[2025-03-30T11:12:27.936+0000] {inout_data.py:63} ERROR - Error executing query: (1062, "Duplicate entry '2025-03-30 11:12:27-8288' for key 'PRIMARY'")
[2025-03-30T11:12:27.936+0000] {inout_data.py:63} ERROR - Error executing query: (1062, "Duplicate entry '2025-03-30 11:12:27-8288' for key 'PRIMARY'")
[2025-03-30T11:12:27.937+0000] {inout_data.py:63} ERROR - Error executing query: (1062, "Duplicate entry '2025-03-30 11:12:27-8288' for key 'PRIMARY'")
[2025-03-30T11:12:27.938+0000] {inout_data.py:63} ERROR - Error executing query: (1062, "Duplicate entry '2025-03-30 11:12:27-8288' for key 'PRIMARY'")
[2025-03-30T11:12:27.938+0000] {inout_data.py:159} INFO - Ingested 10 rows of dummy data.
[2025-03-30T11:12:27.939+0000] {inout_data.py:78} INFO - MariaDB connection closed.
[2025-03-30T11:12:27.939+0000] {python.py:202} INFO - Done. Returned value was: None
[2025-03-30T11:12:27.959+0000] {taskinstance.py:1149} INFO - Marking task as SUCCESS. dag_id=inout_data_ingestion, task_id=ingest_dummy_data, execution_date=20241005T150000, start_date=20250330T111227, end_date=20250330T111227
[2025-03-30T11:12:28.003+0000] {local_task_job_runner.py:234} INFO - Task exited with return code 0
[2025-03-30T11:12:28.050+0000] {taskinstance.py:3309} INFO - 0 downstream tasks scheduled from follow-on schedule check
[2025-03-30T11:19:04.805+0000] {taskinstance.py:1979} INFO - Dependencies all met for dep_context=non-requeueable deps ti=<TaskInstance: inout_data_ingestion.ingest_dummy_data scheduled__2024-10-05T15:00:00+00:00 [queued]>
[2025-03-30T11:19:04.824+0000] {taskinstance.py:1979} INFO - Dependencies all met for dep_context=requeueable deps ti=<TaskInstance: inout_data_ingestion.ingest_dummy_data scheduled__2024-10-05T15:00:00+00:00 [queued]>
[2025-03-30T11:19:04.825+0000] {taskinstance.py:2193} INFO - Starting attempt 1 of 2
[2025-03-30T11:19:04.853+0000] {taskinstance.py:2214} INFO - Executing <Task(PythonOperator): ingest_dummy_data> on 2024-10-05 15:00:00+00:00
[2025-03-30T11:19:04.862+0000] {standard_task_runner.py:60} INFO - Started process 3242 to run task
[2025-03-30T11:19:04.872+0000] {standard_task_runner.py:87} INFO - Running: ['***', 'tasks', 'run', 'inout_data_ingestion', 'ingest_dummy_data', 'scheduled__2024-10-05T15:00:00+00:00', '--job-id', '1595', '--raw', '--subdir', 'DAGS_FOLDER/inout_data.py', '--cfg-path', '/tmp/tmpq0yjsq93']
[2025-03-30T11:19:04.875+0000] {standard_task_runner.py:88} INFO - Job 1595: Subtask ingest_dummy_data
[2025-03-30T11:19:04.899+0000] {warnings.py:109} WARNING - /home/***/.local/lib/python3.8/site-packages/***/settings.py:194: DeprecationWarning: The sql_alchemy_conn option in [core] has been moved to the sql_alchemy_conn option in [database] - the old setting has been used, but please update your config.
  SQL_ALCHEMY_CONN = conf.get("database", "SQL_ALCHEMY_CONN")

[2025-03-30T11:19:04.972+0000] {task_command.py:423} INFO - Running <TaskInstance: inout_data_ingestion.ingest_dummy_data scheduled__2024-10-05T15:00:00+00:00 [running]> on host ff9d64b065e6
[2025-03-30T11:19:05.234+0000] {taskinstance.py:2510} INFO - Exporting env vars: AIRFLOW_CTX_DAG_OWNER='***' AIRFLOW_CTX_DAG_ID='inout_data_ingestion' AIRFLOW_CTX_TASK_ID='ingest_dummy_data' AIRFLOW_CTX_EXECUTION_DATE='2024-10-05T15:00:00+00:00' AIRFLOW_CTX_TRY_NUMBER='1' AIRFLOW_CTX_DAG_RUN_ID='scheduled__2024-10-05T15:00:00+00:00'
[2025-03-30T11:19:05.249+0000] {inout_data.py:42} INFO - Successfully connected to MariaDB: INOUT on mariadb:3306
[2025-03-30T11:19:05.256+0000] {inout_data.py:63} ERROR - Error executing query: (1062, "Duplicate entry '2025-03-30 11:19:05-6603' for key 'PRIMARY'")
[2025-03-30T11:19:05.258+0000] {inout_data.py:63} ERROR - Error executing query: (1062, "Duplicate entry '2025-03-30 11:19:05-6603' for key 'PRIMARY'")
[2025-03-30T11:19:05.260+0000] {inout_data.py:63} ERROR - Error executing query: (1062, "Duplicate entry '2025-03-30 11:19:05-6603' for key 'PRIMARY'")
[2025-03-30T11:19:05.267+0000] {inout_data.py:63} ERROR - Error executing query: (1062, "Duplicate entry '2025-03-30 11:19:05-6603' for key 'PRIMARY'")
[2025-03-30T11:19:05.270+0000] {inout_data.py:63} ERROR - Error executing query: (1062, "Duplicate entry '2025-03-30 11:19:05-6603' for key 'PRIMARY'")
[2025-03-30T11:19:05.273+0000] {inout_data.py:63} ERROR - Error executing query: (1062, "Duplicate entry '2025-03-30 11:19:05-6603' for key 'PRIMARY'")
[2025-03-30T11:19:05.282+0000] {inout_data.py:63} ERROR - Error executing query: (1062, "Duplicate entry '2025-03-30 11:19:05-6603' for key 'PRIMARY'")
[2025-03-30T11:19:05.285+0000] {inout_data.py:63} ERROR - Error executing query: (1062, "Duplicate entry '2025-03-30 11:19:05-6603' for key 'PRIMARY'")
[2025-03-30T11:19:05.286+0000] {inout_data.py:63} ERROR - Error executing query: (1062, "Duplicate entry '2025-03-30 11:19:05-6603' for key 'PRIMARY'")
[2025-03-30T11:19:05.291+0000] {inout_data.py:63} ERROR - Error executing query: (1062, "Duplicate entry '2025-03-30 11:19:05-6603' for key 'PRIMARY'")
[2025-03-30T11:19:05.297+0000] {inout_data.py:63} ERROR - Error executing query: (1062, "Duplicate entry '2025-03-30 11:19:05-6603' for key 'PRIMARY'")
[2025-03-30T11:19:05.298+0000] {inout_data.py:152} INFO - Ingested 12 rows of dummy data.
[2025-03-30T11:19:05.301+0000] {inout_data.py:78} INFO - MariaDB connection closed.
[2025-03-30T11:19:05.305+0000] {python.py:202} INFO - Done. Returned value was: None
[2025-03-30T11:19:05.339+0000] {taskinstance.py:1149} INFO - Marking task as SUCCESS. dag_id=inout_data_ingestion, task_id=ingest_dummy_data, execution_date=20241005T150000, start_date=20250330T111904, end_date=20250330T111905
[2025-03-30T11:19:05.436+0000] {local_task_job_runner.py:234} INFO - Task exited with return code 0
[2025-03-30T11:19:05.583+0000] {taskinstance.py:3309} INFO - 0 downstream tasks scheduled from follow-on schedule check
[2025-03-30T11:31:14.610+0000] {taskinstance.py:1979} INFO - Dependencies all met for dep_context=non-requeueable deps ti=<TaskInstance: inout_data_ingestion.ingest_dummy_data scheduled__2024-10-05T15:00:00+00:00 [queued]>
[2025-03-30T11:31:14.622+0000] {taskinstance.py:1979} INFO - Dependencies all met for dep_context=requeueable deps ti=<TaskInstance: inout_data_ingestion.ingest_dummy_data scheduled__2024-10-05T15:00:00+00:00 [queued]>
[2025-03-30T11:31:14.623+0000] {taskinstance.py:2193} INFO - Starting attempt 1 of 2
[2025-03-30T11:31:14.645+0000] {taskinstance.py:2214} INFO - Executing <Task(PythonOperator): ingest_dummy_data> on 2024-10-05 15:00:00+00:00
[2025-03-30T11:31:14.654+0000] {standard_task_runner.py:60} INFO - Started process 5158 to run task
[2025-03-30T11:31:14.655+0000] {standard_task_runner.py:87} INFO - Running: ['***', 'tasks', 'run', 'inout_data_ingestion', 'ingest_dummy_data', 'scheduled__2024-10-05T15:00:00+00:00', '--job-id', '2553', '--raw', '--subdir', 'DAGS_FOLDER/inout_data.py', '--cfg-path', '/tmp/tmpbx8z7iu2']
[2025-03-30T11:31:14.656+0000] {standard_task_runner.py:88} INFO - Job 2553: Subtask ingest_dummy_data
[2025-03-30T11:31:14.668+0000] {warnings.py:109} WARNING - /home/***/.local/lib/python3.8/site-packages/***/settings.py:194: DeprecationWarning: The sql_alchemy_conn option in [core] has been moved to the sql_alchemy_conn option in [database] - the old setting has been used, but please update your config.
  SQL_ALCHEMY_CONN = conf.get("database", "SQL_ALCHEMY_CONN")

[2025-03-30T11:31:14.697+0000] {task_command.py:423} INFO - Running <TaskInstance: inout_data_ingestion.ingest_dummy_data scheduled__2024-10-05T15:00:00+00:00 [running]> on host ff9d64b065e6
[2025-03-30T11:31:14.752+0000] {taskinstance.py:2510} INFO - Exporting env vars: AIRFLOW_CTX_DAG_OWNER='***' AIRFLOW_CTX_DAG_ID='inout_data_ingestion' AIRFLOW_CTX_TASK_ID='ingest_dummy_data' AIRFLOW_CTX_EXECUTION_DATE='2024-10-05T15:00:00+00:00' AIRFLOW_CTX_TRY_NUMBER='1' AIRFLOW_CTX_DAG_RUN_ID='scheduled__2024-10-05T15:00:00+00:00'
[2025-03-30T11:31:14.757+0000] {logging_mixin.py:188} INFO - Successfully connected to MariaDB: INOUT on mariadb:3306
[2025-03-30T11:31:14.758+0000] {logging_mixin.py:188} INFO - General error executing query: not all arguments converted during string formatting
[2025-03-30T11:31:14.759+0000] {logging_mixin.py:188} INFO - General error executing query: not all arguments converted during string formatting
[2025-03-30T11:31:14.760+0000] {logging_mixin.py:188} INFO - General error executing query: not all arguments converted during string formatting
[2025-03-30T11:31:14.761+0000] {logging_mixin.py:188} INFO - General error executing query: not all arguments converted during string formatting
[2025-03-30T11:31:14.765+0000] {logging_mixin.py:188} INFO - General error executing query: not all arguments converted during string formatting
[2025-03-30T11:31:14.767+0000] {logging_mixin.py:188} INFO - General error executing query: not all arguments converted during string formatting
[2025-03-30T11:31:14.768+0000] {logging_mixin.py:188} INFO - General error executing query: not all arguments converted during string formatting
[2025-03-30T11:31:14.768+0000] {logging_mixin.py:188} INFO - General error executing query: not all arguments converted during string formatting
[2025-03-30T11:31:14.770+0000] {logging_mixin.py:188} INFO - General error executing query: not all arguments converted during string formatting
[2025-03-30T11:31:14.771+0000] {logging_mixin.py:188} INFO - General error executing query: not all arguments converted during string formatting
[2025-03-30T11:31:14.773+0000] {logging_mixin.py:188} INFO - General error executing query: not all arguments converted during string formatting
[2025-03-30T11:31:14.773+0000] {logging_mixin.py:188} INFO - General error executing query: not all arguments converted during string formatting
[2025-03-30T11:31:14.774+0000] {logging_mixin.py:188} INFO - General error executing query: not all arguments converted during string formatting
[2025-03-30T11:31:14.775+0000] {logging_mixin.py:188} INFO - General error executing query: not all arguments converted during string formatting
[2025-03-30T11:31:14.776+0000] {logging_mixin.py:188} INFO - General error executing query: not all arguments converted during string formatting
[2025-03-30T11:31:14.777+0000] {logging_mixin.py:188} INFO - General error executing query: not all arguments converted during string formatting
[2025-03-30T11:31:14.778+0000] {logging_mixin.py:188} INFO - General error executing query: not all arguments converted during string formatting
[2025-03-30T11:31:14.779+0000] {logging_mixin.py:188} INFO - General error executing query: not all arguments converted during string formatting
[2025-03-30T11:31:14.780+0000] {logging_mixin.py:188} INFO - General error executing query: not all arguments converted during string formatting
[2025-03-30T11:31:14.781+0000] {logging_mixin.py:188} INFO - General error executing query: not all arguments converted during string formatting
[2025-03-30T11:31:14.782+0000] {inout_data.py:87} INFO - Ingested 20 rows of dummy data for 2024-10-05 15:00:00+00:00.
[2025-03-30T11:31:14.783+0000] {logging_mixin.py:188} INFO - MariaDB connection closed.
[2025-03-30T11:31:14.783+0000] {python.py:202} INFO - Done. Returned value was: None
[2025-03-30T11:31:14.794+0000] {taskinstance.py:1149} INFO - Marking task as SUCCESS. dag_id=inout_data_ingestion, task_id=ingest_dummy_data, execution_date=20241005T150000, start_date=20250330T113114, end_date=20250330T113114
[2025-03-30T11:31:14.839+0000] {local_task_job_runner.py:234} INFO - Task exited with return code 0
[2025-03-30T11:31:14.874+0000] {taskinstance.py:3309} INFO - 0 downstream tasks scheduled from follow-on schedule check
