[2025-03-30T11:12:33.348+0000] {taskinstance.py:1979} INFO - Dependencies all met for dep_context=non-requeueable deps ti=<TaskInstance: inout_data_ingestion.ingest_dummy_data scheduled__2024-10-05T19:30:00+00:00 [queued]>
[2025-03-30T11:12:33.372+0000] {taskinstance.py:1979} INFO - Dependencies all met for dep_context=requeueable deps ti=<TaskInstance: inout_data_ingestion.ingest_dummy_data scheduled__2024-10-05T19:30:00+00:00 [queued]>
[2025-03-30T11:12:33.374+0000] {taskinstance.py:2193} INFO - Starting attempt 1 of 2
[2025-03-30T11:12:33.415+0000] {taskinstance.py:2214} INFO - Executing <Task(PythonOperator): ingest_dummy_data> on 2024-10-05 19:30:00+00:00
[2025-03-30T11:12:33.423+0000] {standard_task_runner.py:60} INFO - Started process 1422 to run task
[2025-03-30T11:12:33.436+0000] {standard_task_runner.py:87} INFO - Running: ['***', 'tasks', 'run', 'inout_data_ingestion', 'ingest_dummy_data', 'scheduled__2024-10-05T19:30:00+00:00', '--job-id', '685', '--raw', '--subdir', 'DAGS_FOLDER/inout_data.py', '--cfg-path', '/tmp/tmpzkucvcl2']
[2025-03-30T11:12:33.444+0000] {standard_task_runner.py:88} INFO - Job 685: Subtask ingest_dummy_data
[2025-03-30T11:12:33.489+0000] {warnings.py:109} WARNING - /home/***/.local/lib/python3.8/site-packages/***/settings.py:194: DeprecationWarning: The sql_alchemy_conn option in [core] has been moved to the sql_alchemy_conn option in [database] - the old setting has been used, but please update your config.
  SQL_ALCHEMY_CONN = conf.get("database", "SQL_ALCHEMY_CONN")

[2025-03-30T11:12:33.553+0000] {task_command.py:423} INFO - Running <TaskInstance: inout_data_ingestion.ingest_dummy_data scheduled__2024-10-05T19:30:00+00:00 [running]> on host ff9d64b065e6
[2025-03-30T11:12:33.694+0000] {taskinstance.py:2510} INFO - Exporting env vars: AIRFLOW_CTX_DAG_OWNER='***' AIRFLOW_CTX_DAG_ID='inout_data_ingestion' AIRFLOW_CTX_TASK_ID='ingest_dummy_data' AIRFLOW_CTX_EXECUTION_DATE='2024-10-05T19:30:00+00:00' AIRFLOW_CTX_TRY_NUMBER='1' AIRFLOW_CTX_DAG_RUN_ID='scheduled__2024-10-05T19:30:00+00:00'
[2025-03-30T11:12:33.701+0000] {inout_data.py:42} INFO - Successfully connected to MariaDB: INOUT on mariadb:3306
[2025-03-30T11:12:33.710+0000] {inout_data.py:63} ERROR - Error executing query: (1062, "Duplicate entry '2025-03-30 11:12:33-7957' for key 'PRIMARY'")
[2025-03-30T11:12:33.712+0000] {inout_data.py:63} ERROR - Error executing query: (1062, "Duplicate entry '2025-03-30 11:12:33-7957' for key 'PRIMARY'")
[2025-03-30T11:12:33.714+0000] {inout_data.py:63} ERROR - Error executing query: (1062, "Duplicate entry '2025-03-30 11:12:33-7957' for key 'PRIMARY'")
[2025-03-30T11:12:33.717+0000] {inout_data.py:63} ERROR - Error executing query: (1062, "Duplicate entry '2025-03-30 11:12:33-7957' for key 'PRIMARY'")
[2025-03-30T11:12:33.722+0000] {inout_data.py:63} ERROR - Error executing query: (1062, "Duplicate entry '2025-03-30 11:12:33-7957' for key 'PRIMARY'")
[2025-03-30T11:12:33.725+0000] {inout_data.py:63} ERROR - Error executing query: (1062, "Duplicate entry '2025-03-30 11:12:33-7957' for key 'PRIMARY'")
[2025-03-30T11:12:33.727+0000] {inout_data.py:63} ERROR - Error executing query: (1062, "Duplicate entry '2025-03-30 11:12:33-7957' for key 'PRIMARY'")
[2025-03-30T11:12:33.728+0000] {inout_data.py:63} ERROR - Error executing query: (1062, "Duplicate entry '2025-03-30 11:12:33-7957' for key 'PRIMARY'")
[2025-03-30T11:12:33.730+0000] {inout_data.py:63} ERROR - Error executing query: (1062, "Duplicate entry '2025-03-30 11:12:33-7957' for key 'PRIMARY'")
[2025-03-30T11:12:33.732+0000] {inout_data.py:63} ERROR - Error executing query: (1062, "Duplicate entry '2025-03-30 11:12:33-7957' for key 'PRIMARY'")
[2025-03-30T11:12:33.734+0000] {inout_data.py:63} ERROR - Error executing query: (1062, "Duplicate entry '2025-03-30 11:12:33-7957' for key 'PRIMARY'")
[2025-03-30T11:12:33.736+0000] {inout_data.py:63} ERROR - Error executing query: (1062, "Duplicate entry '2025-03-30 11:12:33-7957' for key 'PRIMARY'")
[2025-03-30T11:12:33.740+0000] {inout_data.py:63} ERROR - Error executing query: (1062, "Duplicate entry '2025-03-30 11:12:33-7957' for key 'PRIMARY'")
[2025-03-30T11:12:33.746+0000] {inout_data.py:63} ERROR - Error executing query: (1062, "Duplicate entry '2025-03-30 11:12:33-7957' for key 'PRIMARY'")
[2025-03-30T11:12:33.748+0000] {inout_data.py:63} ERROR - Error executing query: (1062, "Duplicate entry '2025-03-30 11:12:33-7957' for key 'PRIMARY'")
[2025-03-30T11:12:33.751+0000] {inout_data.py:159} INFO - Ingested 16 rows of dummy data.
[2025-03-30T11:12:33.753+0000] {inout_data.py:78} INFO - MariaDB connection closed.
[2025-03-30T11:12:33.757+0000] {python.py:202} INFO - Done. Returned value was: None
[2025-03-30T11:12:33.775+0000] {taskinstance.py:1149} INFO - Marking task as SUCCESS. dag_id=inout_data_ingestion, task_id=ingest_dummy_data, execution_date=20241005T193000, start_date=20250330T111233, end_date=20250330T111233
[2025-03-30T11:12:33.821+0000] {local_task_job_runner.py:234} INFO - Task exited with return code 0
[2025-03-30T11:12:33.855+0000] {taskinstance.py:3309} INFO - 0 downstream tasks scheduled from follow-on schedule check
[2025-03-30T11:19:11.899+0000] {taskinstance.py:1979} INFO - Dependencies all met for dep_context=non-requeueable deps ti=<TaskInstance: inout_data_ingestion.ingest_dummy_data scheduled__2024-10-05T19:30:00+00:00 [queued]>
[2025-03-30T11:19:11.925+0000] {taskinstance.py:1979} INFO - Dependencies all met for dep_context=requeueable deps ti=<TaskInstance: inout_data_ingestion.ingest_dummy_data scheduled__2024-10-05T19:30:00+00:00 [queued]>
[2025-03-30T11:19:11.928+0000] {taskinstance.py:2193} INFO - Starting attempt 1 of 2
[2025-03-30T11:19:12.050+0000] {taskinstance.py:2214} INFO - Executing <Task(PythonOperator): ingest_dummy_data> on 2024-10-05 19:30:00+00:00
[2025-03-30T11:19:12.074+0000] {standard_task_runner.py:60} INFO - Started process 3276 to run task
[2025-03-30T11:19:12.094+0000] {standard_task_runner.py:87} INFO - Running: ['***', 'tasks', 'run', 'inout_data_ingestion', 'ingest_dummy_data', 'scheduled__2024-10-05T19:30:00+00:00', '--job-id', '1611', '--raw', '--subdir', 'DAGS_FOLDER/inout_data.py', '--cfg-path', '/tmp/tmpar1zlxtj']
[2025-03-30T11:19:12.101+0000] {standard_task_runner.py:88} INFO - Job 1611: Subtask ingest_dummy_data
[2025-03-30T11:19:12.147+0000] {warnings.py:109} WARNING - /home/***/.local/lib/python3.8/site-packages/***/settings.py:194: DeprecationWarning: The sql_alchemy_conn option in [core] has been moved to the sql_alchemy_conn option in [database] - the old setting has been used, but please update your config.
  SQL_ALCHEMY_CONN = conf.get("database", "SQL_ALCHEMY_CONN")

[2025-03-30T11:19:12.206+0000] {task_command.py:423} INFO - Running <TaskInstance: inout_data_ingestion.ingest_dummy_data scheduled__2024-10-05T19:30:00+00:00 [running]> on host ff9d64b065e6
[2025-03-30T11:19:12.326+0000] {taskinstance.py:2510} INFO - Exporting env vars: AIRFLOW_CTX_DAG_OWNER='***' AIRFLOW_CTX_DAG_ID='inout_data_ingestion' AIRFLOW_CTX_TASK_ID='ingest_dummy_data' AIRFLOW_CTX_EXECUTION_DATE='2024-10-05T19:30:00+00:00' AIRFLOW_CTX_TRY_NUMBER='1' AIRFLOW_CTX_DAG_RUN_ID='scheduled__2024-10-05T19:30:00+00:00'
[2025-03-30T11:19:12.342+0000] {inout_data.py:42} INFO - Successfully connected to MariaDB: INOUT on mariadb:3306
[2025-03-30T11:19:12.347+0000] {inout_data.py:63} ERROR - Error executing query: (1062, "Duplicate entry '2025-03-30 11:19:12-5332' for key 'PRIMARY'")
[2025-03-30T11:19:12.350+0000] {inout_data.py:63} ERROR - Error executing query: (1062, "Duplicate entry '2025-03-30 11:19:12-5332' for key 'PRIMARY'")
[2025-03-30T11:19:12.355+0000] {inout_data.py:63} ERROR - Error executing query: (1062, "Duplicate entry '2025-03-30 11:19:12-5332' for key 'PRIMARY'")
[2025-03-30T11:19:12.357+0000] {inout_data.py:63} ERROR - Error executing query: (1062, "Duplicate entry '2025-03-30 11:19:12-5332' for key 'PRIMARY'")
[2025-03-30T11:19:12.361+0000] {inout_data.py:152} INFO - Ingested 5 rows of dummy data.
[2025-03-30T11:19:12.362+0000] {inout_data.py:78} INFO - MariaDB connection closed.
[2025-03-30T11:19:12.362+0000] {python.py:202} INFO - Done. Returned value was: None
[2025-03-30T11:19:12.378+0000] {taskinstance.py:1149} INFO - Marking task as SUCCESS. dag_id=inout_data_ingestion, task_id=ingest_dummy_data, execution_date=20241005T193000, start_date=20250330T111911, end_date=20250330T111912
[2025-03-30T11:19:12.485+0000] {local_task_job_runner.py:234} INFO - Task exited with return code 0
[2025-03-30T11:19:12.549+0000] {taskinstance.py:3309} INFO - 0 downstream tasks scheduled from follow-on schedule check
[2025-03-30T11:31:20.513+0000] {taskinstance.py:1979} INFO - Dependencies all met for dep_context=non-requeueable deps ti=<TaskInstance: inout_data_ingestion.ingest_dummy_data scheduled__2024-10-05T19:30:00+00:00 [queued]>
[2025-03-30T11:31:20.553+0000] {taskinstance.py:1979} INFO - Dependencies all met for dep_context=requeueable deps ti=<TaskInstance: inout_data_ingestion.ingest_dummy_data scheduled__2024-10-05T19:30:00+00:00 [queued]>
[2025-03-30T11:31:20.558+0000] {taskinstance.py:2193} INFO - Starting attempt 1 of 2
[2025-03-30T11:31:20.577+0000] {taskinstance.py:2214} INFO - Executing <Task(PythonOperator): ingest_dummy_data> on 2024-10-05 19:30:00+00:00
[2025-03-30T11:31:20.582+0000] {standard_task_runner.py:60} INFO - Started process 5195 to run task
[2025-03-30T11:31:20.586+0000] {standard_task_runner.py:87} INFO - Running: ['***', 'tasks', 'run', 'inout_data_ingestion', 'ingest_dummy_data', 'scheduled__2024-10-05T19:30:00+00:00', '--job-id', '2572', '--raw', '--subdir', 'DAGS_FOLDER/inout_data.py', '--cfg-path', '/tmp/tmp7nfjj20e']
[2025-03-30T11:31:20.592+0000] {standard_task_runner.py:88} INFO - Job 2572: Subtask ingest_dummy_data
[2025-03-30T11:31:20.608+0000] {warnings.py:109} WARNING - /home/***/.local/lib/python3.8/site-packages/***/settings.py:194: DeprecationWarning: The sql_alchemy_conn option in [core] has been moved to the sql_alchemy_conn option in [database] - the old setting has been used, but please update your config.
  SQL_ALCHEMY_CONN = conf.get("database", "SQL_ALCHEMY_CONN")

[2025-03-30T11:31:20.652+0000] {task_command.py:423} INFO - Running <TaskInstance: inout_data_ingestion.ingest_dummy_data scheduled__2024-10-05T19:30:00+00:00 [running]> on host ff9d64b065e6
[2025-03-30T11:31:20.764+0000] {taskinstance.py:2510} INFO - Exporting env vars: AIRFLOW_CTX_DAG_OWNER='***' AIRFLOW_CTX_DAG_ID='inout_data_ingestion' AIRFLOW_CTX_TASK_ID='ingest_dummy_data' AIRFLOW_CTX_EXECUTION_DATE='2024-10-05T19:30:00+00:00' AIRFLOW_CTX_TRY_NUMBER='1' AIRFLOW_CTX_DAG_RUN_ID='scheduled__2024-10-05T19:30:00+00:00'
[2025-03-30T11:31:20.771+0000] {logging_mixin.py:188} INFO - Successfully connected to MariaDB: INOUT on mariadb:3306
[2025-03-30T11:31:20.772+0000] {logging_mixin.py:188} INFO - General error executing query: not all arguments converted during string formatting
[2025-03-30T11:31:20.773+0000] {logging_mixin.py:188} INFO - General error executing query: not all arguments converted during string formatting
[2025-03-30T11:31:20.773+0000] {logging_mixin.py:188} INFO - General error executing query: not all arguments converted during string formatting
[2025-03-30T11:31:20.775+0000] {logging_mixin.py:188} INFO - General error executing query: not all arguments converted during string formatting
[2025-03-30T11:31:20.777+0000] {logging_mixin.py:188} INFO - General error executing query: not all arguments converted during string formatting
[2025-03-30T11:31:20.779+0000] {logging_mixin.py:188} INFO - General error executing query: not all arguments converted during string formatting
[2025-03-30T11:31:20.780+0000] {logging_mixin.py:188} INFO - General error executing query: not all arguments converted during string formatting
[2025-03-30T11:31:20.782+0000] {logging_mixin.py:188} INFO - General error executing query: not all arguments converted during string formatting
[2025-03-30T11:31:20.783+0000] {logging_mixin.py:188} INFO - General error executing query: not all arguments converted during string formatting
[2025-03-30T11:31:20.786+0000] {logging_mixin.py:188} INFO - General error executing query: not all arguments converted during string formatting
[2025-03-30T11:31:20.789+0000] {inout_data.py:87} INFO - Ingested 10 rows of dummy data for 2024-10-05 19:30:00+00:00.
[2025-03-30T11:31:20.790+0000] {logging_mixin.py:188} INFO - MariaDB connection closed.
[2025-03-30T11:31:20.791+0000] {python.py:202} INFO - Done. Returned value was: None
[2025-03-30T11:31:20.801+0000] {taskinstance.py:1149} INFO - Marking task as SUCCESS. dag_id=inout_data_ingestion, task_id=ingest_dummy_data, execution_date=20241005T193000, start_date=20250330T113120, end_date=20250330T113120
[2025-03-30T11:31:20.852+0000] {local_task_job_runner.py:234} INFO - Task exited with return code 0
[2025-03-30T11:31:20.870+0000] {taskinstance.py:3309} INFO - 0 downstream tasks scheduled from follow-on schedule check
