[2025-03-30T11:10:35.661+0000] {taskinstance.py:1979} INFO - Dependencies all met for dep_context=non-requeueable deps ti=<TaskInstance: inout_data_ingestion.create_table scheduled__2024-10-02T08:30:00+00:00 [queued]>
[2025-03-30T11:10:35.679+0000] {taskinstance.py:1979} INFO - Dependencies all met for dep_context=requeueable deps ti=<TaskInstance: inout_data_ingestion.create_table scheduled__2024-10-02T08:30:00+00:00 [queued]>
[2025-03-30T11:10:35.680+0000] {taskinstance.py:2193} INFO - Starting attempt 1 of 2
[2025-03-30T11:10:35.702+0000] {taskinstance.py:2214} INFO - Executing <Task(PythonOperator): create_table> on 2024-10-02 08:30:00+00:00
[2025-03-30T11:10:35.709+0000] {standard_task_runner.py:60} INFO - Started process 747 to run task
[2025-03-30T11:10:35.721+0000] {standard_task_runner.py:87} INFO - Running: ['***', 'tasks', 'run', 'inout_data_ingestion', 'create_table', 'scheduled__2024-10-02T08:30:00+00:00', '--job-id', '347', '--raw', '--subdir', 'DAGS_FOLDER/inout_data.py', '--cfg-path', '/tmp/tmpcgr7edkr']
[2025-03-30T11:10:35.723+0000] {standard_task_runner.py:88} INFO - Job 347: Subtask create_table
[2025-03-30T11:10:35.744+0000] {warnings.py:109} WARNING - /home/***/.local/lib/python3.8/site-packages/***/settings.py:194: DeprecationWarning: The sql_alchemy_conn option in [core] has been moved to the sql_alchemy_conn option in [database] - the old setting has been used, but please update your config.
  SQL_ALCHEMY_CONN = conf.get("database", "SQL_ALCHEMY_CONN")

[2025-03-30T11:10:35.774+0000] {task_command.py:423} INFO - Running <TaskInstance: inout_data_ingestion.create_table scheduled__2024-10-02T08:30:00+00:00 [running]> on host ff9d64b065e6
[2025-03-30T11:10:35.863+0000] {taskinstance.py:2510} INFO - Exporting env vars: AIRFLOW_CTX_DAG_OWNER='***' AIRFLOW_CTX_DAG_ID='inout_data_ingestion' AIRFLOW_CTX_TASK_ID='create_table' AIRFLOW_CTX_EXECUTION_DATE='2024-10-02T08:30:00+00:00' AIRFLOW_CTX_TRY_NUMBER='1' AIRFLOW_CTX_DAG_RUN_ID='scheduled__2024-10-02T08:30:00+00:00'
[2025-03-30T11:10:35.868+0000] {inout_data.py:42} INFO - Successfully connected to MariaDB: INOUT on mariadb:3306
[2025-03-30T11:10:35.869+0000] {inout_data.py:124} INFO - Table emp_inout_rec created (if it didn't exist).
[2025-03-30T11:10:35.869+0000] {inout_data.py:78} INFO - MariaDB connection closed.
[2025-03-30T11:10:35.870+0000] {python.py:202} INFO - Done. Returned value was: None
[2025-03-30T11:10:35.882+0000] {taskinstance.py:1149} INFO - Marking task as SUCCESS. dag_id=inout_data_ingestion, task_id=create_table, execution_date=20241002T083000, start_date=20250330T111035, end_date=20250330T111035
[2025-03-30T11:10:35.900+0000] {local_task_job_runner.py:234} INFO - Task exited with return code 0
[2025-03-30T11:10:35.950+0000] {taskinstance.py:3309} INFO - 1 downstream tasks scheduled from follow-on schedule check
[2025-03-30T11:17:10.780+0000] {taskinstance.py:1979} INFO - Dependencies all met for dep_context=non-requeueable deps ti=<TaskInstance: inout_data_ingestion.create_table scheduled__2024-10-02T08:30:00+00:00 [queued]>
[2025-03-30T11:17:10.790+0000] {taskinstance.py:1979} INFO - Dependencies all met for dep_context=requeueable deps ti=<TaskInstance: inout_data_ingestion.create_table scheduled__2024-10-02T08:30:00+00:00 [queued]>
[2025-03-30T11:17:10.790+0000] {taskinstance.py:2193} INFO - Starting attempt 1 of 2
[2025-03-30T11:17:10.832+0000] {taskinstance.py:2214} INFO - Executing <Task(PythonOperator): create_table> on 2024-10-02 08:30:00+00:00
[2025-03-30T11:17:10.838+0000] {standard_task_runner.py:60} INFO - Started process 2592 to run task
[2025-03-30T11:17:10.854+0000] {standard_task_runner.py:87} INFO - Running: ['***', 'tasks', 'run', 'inout_data_ingestion', 'create_table', 'scheduled__2024-10-02T08:30:00+00:00', '--job-id', '1270', '--raw', '--subdir', 'DAGS_FOLDER/inout_data.py', '--cfg-path', '/tmp/tmp_xgcz1cq']
[2025-03-30T11:17:10.863+0000] {standard_task_runner.py:88} INFO - Job 1270: Subtask create_table
[2025-03-30T11:17:10.926+0000] {warnings.py:109} WARNING - /home/***/.local/lib/python3.8/site-packages/***/settings.py:194: DeprecationWarning: The sql_alchemy_conn option in [core] has been moved to the sql_alchemy_conn option in [database] - the old setting has been used, but please update your config.
  SQL_ALCHEMY_CONN = conf.get("database", "SQL_ALCHEMY_CONN")

[2025-03-30T11:17:10.994+0000] {task_command.py:423} INFO - Running <TaskInstance: inout_data_ingestion.create_table scheduled__2024-10-02T08:30:00+00:00 [running]> on host ff9d64b065e6
[2025-03-30T11:17:11.172+0000] {taskinstance.py:2510} INFO - Exporting env vars: AIRFLOW_CTX_DAG_OWNER='***' AIRFLOW_CTX_DAG_ID='inout_data_ingestion' AIRFLOW_CTX_TASK_ID='create_table' AIRFLOW_CTX_EXECUTION_DATE='2024-10-02T08:30:00+00:00' AIRFLOW_CTX_TRY_NUMBER='1' AIRFLOW_CTX_DAG_RUN_ID='scheduled__2024-10-02T08:30:00+00:00'
[2025-03-30T11:17:11.192+0000] {inout_data.py:42} INFO - Successfully connected to MariaDB: INOUT on mariadb:3306
[2025-03-30T11:17:11.197+0000] {inout_data.py:117} INFO - Table emp_inout_rec created (if it didn't exist).
[2025-03-30T11:17:11.200+0000] {inout_data.py:78} INFO - MariaDB connection closed.
[2025-03-30T11:17:11.201+0000] {python.py:202} INFO - Done. Returned value was: None
[2025-03-30T11:17:11.234+0000] {taskinstance.py:1149} INFO - Marking task as SUCCESS. dag_id=inout_data_ingestion, task_id=create_table, execution_date=20241002T083000, start_date=20250330T111710, end_date=20250330T111711
[2025-03-30T11:17:11.324+0000] {local_task_job_runner.py:234} INFO - Task exited with return code 0
[2025-03-30T11:17:11.399+0000] {taskinstance.py:3309} INFO - 1 downstream tasks scheduled from follow-on schedule check
[2025-03-30T11:29:38.488+0000] {taskinstance.py:1979} INFO - Dependencies all met for dep_context=non-requeueable deps ti=<TaskInstance: inout_data_ingestion.create_table scheduled__2024-10-02T08:30:00+00:00 [queued]>
[2025-03-30T11:29:38.500+0000] {taskinstance.py:1979} INFO - Dependencies all met for dep_context=requeueable deps ti=<TaskInstance: inout_data_ingestion.create_table scheduled__2024-10-02T08:30:00+00:00 [queued]>
[2025-03-30T11:29:38.500+0000] {taskinstance.py:2193} INFO - Starting attempt 1 of 2
[2025-03-30T11:29:38.516+0000] {taskinstance.py:2214} INFO - Executing <Task(PythonOperator): create_table> on 2024-10-02 08:30:00+00:00
[2025-03-30T11:29:38.526+0000] {standard_task_runner.py:60} INFO - Started process 4514 to run task
[2025-03-30T11:29:38.532+0000] {standard_task_runner.py:87} INFO - Running: ['***', 'tasks', 'run', 'inout_data_ingestion', 'create_table', 'scheduled__2024-10-02T08:30:00+00:00', '--job-id', '2231', '--raw', '--subdir', 'DAGS_FOLDER/inout_data.py', '--cfg-path', '/tmp/tmpu92bgumm']
[2025-03-30T11:29:38.535+0000] {standard_task_runner.py:88} INFO - Job 2231: Subtask create_table
[2025-03-30T11:29:38.552+0000] {warnings.py:109} WARNING - /home/***/.local/lib/python3.8/site-packages/***/settings.py:194: DeprecationWarning: The sql_alchemy_conn option in [core] has been moved to the sql_alchemy_conn option in [database] - the old setting has been used, but please update your config.
  SQL_ALCHEMY_CONN = conf.get("database", "SQL_ALCHEMY_CONN")

[2025-03-30T11:29:38.585+0000] {task_command.py:423} INFO - Running <TaskInstance: inout_data_ingestion.create_table scheduled__2024-10-02T08:30:00+00:00 [running]> on host ff9d64b065e6
[2025-03-30T11:29:38.650+0000] {taskinstance.py:2510} INFO - Exporting env vars: AIRFLOW_CTX_DAG_OWNER='***' AIRFLOW_CTX_DAG_ID='inout_data_ingestion' AIRFLOW_CTX_TASK_ID='create_table' AIRFLOW_CTX_EXECUTION_DATE='2024-10-02T08:30:00+00:00' AIRFLOW_CTX_TRY_NUMBER='1' AIRFLOW_CTX_DAG_RUN_ID='scheduled__2024-10-02T08:30:00+00:00'
[2025-03-30T11:29:38.654+0000] {logging_mixin.py:188} INFO - Successfully connected to MariaDB: INOUT on mariadb:3306
[2025-03-30T11:29:38.655+0000] {inout_data.py:46} INFO - Table emp_inout_rec created (if it didn't exist).
[2025-03-30T11:29:38.656+0000] {logging_mixin.py:188} INFO - MariaDB connection closed.
[2025-03-30T11:29:38.656+0000] {python.py:202} INFO - Done. Returned value was: None
[2025-03-30T11:29:38.663+0000] {taskinstance.py:1149} INFO - Marking task as SUCCESS. dag_id=inout_data_ingestion, task_id=create_table, execution_date=20241002T083000, start_date=20250330T112938, end_date=20250330T112938
[2025-03-30T11:29:38.710+0000] {local_task_job_runner.py:234} INFO - Task exited with return code 0
[2025-03-30T11:29:38.729+0000] {taskinstance.py:3309} INFO - 1 downstream tasks scheduled from follow-on schedule check
[2025-03-30T11:34:32.491+0000] {taskinstance.py:1979} INFO - Dependencies all met for dep_context=non-requeueable deps ti=<TaskInstance: inout_data_ingestion.create_table scheduled__2024-10-02T08:30:00+00:00 [queued]>
[2025-03-30T11:34:32.505+0000] {taskinstance.py:1979} INFO - Dependencies all met for dep_context=requeueable deps ti=<TaskInstance: inout_data_ingestion.create_table scheduled__2024-10-02T08:30:00+00:00 [queued]>
[2025-03-30T11:34:32.506+0000] {taskinstance.py:2193} INFO - Starting attempt 1 of 2
[2025-03-30T11:34:32.528+0000] {taskinstance.py:2214} INFO - Executing <Task(PythonOperator): create_table> on 2024-10-02 08:30:00+00:00
[2025-03-30T11:34:32.535+0000] {standard_task_runner.py:60} INFO - Started process 5969 to run task
[2025-03-30T11:34:32.546+0000] {standard_task_runner.py:87} INFO - Running: ['***', 'tasks', 'run', 'inout_data_ingestion', 'create_table', 'scheduled__2024-10-02T08:30:00+00:00', '--job-id', '2959', '--raw', '--subdir', 'DAGS_FOLDER/inout_data.py', '--cfg-path', '/tmp/tmpoqutxdwy']
[2025-03-30T11:34:32.547+0000] {standard_task_runner.py:88} INFO - Job 2959: Subtask create_table
[2025-03-30T11:34:32.562+0000] {warnings.py:109} WARNING - /home/***/.local/lib/python3.8/site-packages/***/settings.py:194: DeprecationWarning: The sql_alchemy_conn option in [core] has been moved to the sql_alchemy_conn option in [database] - the old setting has been used, but please update your config.
  SQL_ALCHEMY_CONN = conf.get("database", "SQL_ALCHEMY_CONN")

[2025-03-30T11:34:32.621+0000] {task_command.py:423} INFO - Running <TaskInstance: inout_data_ingestion.create_table scheduled__2024-10-02T08:30:00+00:00 [running]> on host ff9d64b065e6
[2025-03-30T11:34:32.726+0000] {taskinstance.py:2510} INFO - Exporting env vars: AIRFLOW_CTX_DAG_OWNER='***' AIRFLOW_CTX_DAG_ID='inout_data_ingestion' AIRFLOW_CTX_TASK_ID='create_table' AIRFLOW_CTX_EXECUTION_DATE='2024-10-02T08:30:00+00:00' AIRFLOW_CTX_TRY_NUMBER='1' AIRFLOW_CTX_DAG_RUN_ID='scheduled__2024-10-02T08:30:00+00:00'
[2025-03-30T11:34:32.730+0000] {logging_mixin.py:188} INFO - Successfully connected to MariaDB: INOUT on mariadb:3306
[2025-03-30T11:34:32.731+0000] {inout_data.py:46} INFO - Table emp_inout_rec created (if it didn't exist).
[2025-03-30T11:34:32.732+0000] {logging_mixin.py:188} INFO - MariaDB connection closed.
[2025-03-30T11:34:32.733+0000] {python.py:202} INFO - Done. Returned value was: None
[2025-03-30T11:34:32.747+0000] {taskinstance.py:1149} INFO - Marking task as SUCCESS. dag_id=inout_data_ingestion, task_id=create_table, execution_date=20241002T083000, start_date=20250330T113432, end_date=20250330T113432
[2025-03-30T11:34:32.801+0000] {local_task_job_runner.py:234} INFO - Task exited with return code 0
[2025-03-30T11:34:32.834+0000] {taskinstance.py:3309} INFO - 1 downstream tasks scheduled from follow-on schedule check
[2025-03-30T11:42:11.553+0000] {taskinstance.py:1979} INFO - Dependencies all met for dep_context=non-requeueable deps ti=<TaskInstance: inout_data_ingestion.create_table scheduled__2024-10-02T08:30:00+00:00 [queued]>
[2025-03-30T11:42:11.576+0000] {taskinstance.py:1979} INFO - Dependencies all met for dep_context=requeueable deps ti=<TaskInstance: inout_data_ingestion.create_table scheduled__2024-10-02T08:30:00+00:00 [queued]>
[2025-03-30T11:42:11.577+0000] {taskinstance.py:2193} INFO - Starting attempt 1 of 2
[2025-03-30T11:42:11.605+0000] {taskinstance.py:2214} INFO - Executing <Task(PythonOperator): create_table> on 2024-10-02 08:30:00+00:00
[2025-03-30T11:42:11.617+0000] {standard_task_runner.py:60} INFO - Started process 7310 to run task
[2025-03-30T11:42:11.631+0000] {standard_task_runner.py:87} INFO - Running: ['***', 'tasks', 'run', 'inout_data_ingestion', 'create_table', 'scheduled__2024-10-02T08:30:00+00:00', '--job-id', '3630', '--raw', '--subdir', 'DAGS_FOLDER/inout_data.py', '--cfg-path', '/tmp/tmpynov_iz1']
[2025-03-30T11:42:11.636+0000] {standard_task_runner.py:88} INFO - Job 3630: Subtask create_table
[2025-03-30T11:42:11.664+0000] {warnings.py:109} WARNING - /home/***/.local/lib/python3.8/site-packages/***/settings.py:194: DeprecationWarning: The sql_alchemy_conn option in [core] has been moved to the sql_alchemy_conn option in [database] - the old setting has been used, but please update your config.
  SQL_ALCHEMY_CONN = conf.get("database", "SQL_ALCHEMY_CONN")

[2025-03-30T11:42:11.733+0000] {task_command.py:423} INFO - Running <TaskInstance: inout_data_ingestion.create_table scheduled__2024-10-02T08:30:00+00:00 [running]> on host ff9d64b065e6
[2025-03-30T11:42:11.860+0000] {taskinstance.py:2510} INFO - Exporting env vars: AIRFLOW_CTX_DAG_OWNER='***' AIRFLOW_CTX_DAG_ID='inout_data_ingestion' AIRFLOW_CTX_TASK_ID='create_table' AIRFLOW_CTX_EXECUTION_DATE='2024-10-02T08:30:00+00:00' AIRFLOW_CTX_TRY_NUMBER='1' AIRFLOW_CTX_DAG_RUN_ID='scheduled__2024-10-02T08:30:00+00:00'
[2025-03-30T11:42:11.863+0000] {taskinstance.py:2728} ERROR - Task failed with exception
Traceback (most recent call last):
  File "/home/airflow/.local/lib/python3.8/site-packages/airflow/models/taskinstance.py", line 444, in _execute_task
    result = _execute_callable(context=context, **execute_callable_kwargs)
  File "/home/airflow/.local/lib/python3.8/site-packages/airflow/models/taskinstance.py", line 414, in _execute_callable
    return execute_callable(context=context, **execute_callable_kwargs)
  File "/home/airflow/.local/lib/python3.8/site-packages/airflow/operators/python.py", line 200, in execute
    return_value = self.execute_callable()
  File "/home/airflow/.local/lib/python3.8/site-packages/airflow/operators/python.py", line 217, in execute_callable
    return self.python_callable(*self.op_args, **self.op_kwargs)
  File "/opt/airflow/dags/inout_data.py", line 26, in create_table_if_not_exists
    dao = MariaDBDAO(CONFIG_FILE, CONN_ID)
TypeError: MariaDBDAO() takes no arguments
[2025-03-30T11:42:11.877+0000] {taskinstance.py:1149} INFO - Marking task as UP_FOR_RETRY. dag_id=inout_data_ingestion, task_id=create_table, execution_date=20241002T083000, start_date=20250330T114211, end_date=20250330T114211
[2025-03-30T11:42:11.892+0000] {standard_task_runner.py:107} ERROR - Failed to execute job 3630 for task create_table (MariaDBDAO() takes no arguments; 7310)
[2025-03-30T11:42:11.937+0000] {local_task_job_runner.py:234} INFO - Task exited with return code 1
[2025-03-30T11:42:11.985+0000] {taskinstance.py:3309} INFO - 0 downstream tasks scheduled from follow-on schedule check
