[2025-03-30T11:10:54.412+0000] {taskinstance.py:1979} INFO - Dependencies all met for dep_context=non-requeueable deps ti=<TaskInstance: inout_data_ingestion.create_table scheduled__2024-10-02T23:30:00+00:00 [queued]>
[2025-03-30T11:10:54.428+0000] {taskinstance.py:1979} INFO - Dependencies all met for dep_context=requeueable deps ti=<TaskInstance: inout_data_ingestion.create_table scheduled__2024-10-02T23:30:00+00:00 [queued]>
[2025-03-30T11:10:54.430+0000] {taskinstance.py:2193} INFO - Starting attempt 1 of 2
[2025-03-30T11:10:54.475+0000] {taskinstance.py:2214} INFO - Executing <Task(PythonOperator): create_table> on 2024-10-02 23:30:00+00:00
[2025-03-30T11:10:54.482+0000] {standard_task_runner.py:60} INFO - Started process 859 to run task
[2025-03-30T11:10:54.490+0000] {standard_task_runner.py:87} INFO - Running: ['***', 'tasks', 'run', 'inout_data_ingestion', 'create_table', 'scheduled__2024-10-02T23:30:00+00:00', '--job-id', '404', '--raw', '--subdir', 'DAGS_FOLDER/inout_data.py', '--cfg-path', '/tmp/tmpmqy1700l']
[2025-03-30T11:10:54.494+0000] {standard_task_runner.py:88} INFO - Job 404: Subtask create_table
[2025-03-30T11:10:54.513+0000] {warnings.py:109} WARNING - /home/***/.local/lib/python3.8/site-packages/***/settings.py:194: DeprecationWarning: The sql_alchemy_conn option in [core] has been moved to the sql_alchemy_conn option in [database] - the old setting has been used, but please update your config.
  SQL_ALCHEMY_CONN = conf.get("database", "SQL_ALCHEMY_CONN")

[2025-03-30T11:10:54.569+0000] {task_command.py:423} INFO - Running <TaskInstance: inout_data_ingestion.create_table scheduled__2024-10-02T23:30:00+00:00 [running]> on host ff9d64b065e6
[2025-03-30T11:10:54.658+0000] {taskinstance.py:2510} INFO - Exporting env vars: AIRFLOW_CTX_DAG_OWNER='***' AIRFLOW_CTX_DAG_ID='inout_data_ingestion' AIRFLOW_CTX_TASK_ID='create_table' AIRFLOW_CTX_EXECUTION_DATE='2024-10-02T23:30:00+00:00' AIRFLOW_CTX_TRY_NUMBER='1' AIRFLOW_CTX_DAG_RUN_ID='scheduled__2024-10-02T23:30:00+00:00'
[2025-03-30T11:10:54.664+0000] {inout_data.py:42} INFO - Successfully connected to MariaDB: INOUT on mariadb:3306
[2025-03-30T11:10:54.665+0000] {inout_data.py:124} INFO - Table emp_inout_rec created (if it didn't exist).
[2025-03-30T11:10:54.666+0000] {inout_data.py:78} INFO - MariaDB connection closed.
[2025-03-30T11:10:54.666+0000] {python.py:202} INFO - Done. Returned value was: None
[2025-03-30T11:10:54.676+0000] {taskinstance.py:1149} INFO - Marking task as SUCCESS. dag_id=inout_data_ingestion, task_id=create_table, execution_date=20241002T233000, start_date=20250330T111054, end_date=20250330T111054
[2025-03-30T11:10:54.721+0000] {local_task_job_runner.py:234} INFO - Task exited with return code 0
[2025-03-30T11:10:54.772+0000] {taskinstance.py:3309} INFO - 1 downstream tasks scheduled from follow-on schedule check
[2025-03-30T11:17:30.817+0000] {taskinstance.py:1979} INFO - Dependencies all met for dep_context=non-requeueable deps ti=<TaskInstance: inout_data_ingestion.create_table scheduled__2024-10-02T23:30:00+00:00 [queued]>
[2025-03-30T11:17:30.835+0000] {taskinstance.py:1979} INFO - Dependencies all met for dep_context=requeueable deps ti=<TaskInstance: inout_data_ingestion.create_table scheduled__2024-10-02T23:30:00+00:00 [queued]>
[2025-03-30T11:17:30.836+0000] {taskinstance.py:2193} INFO - Starting attempt 1 of 2
[2025-03-30T11:17:30.858+0000] {taskinstance.py:2214} INFO - Executing <Task(PythonOperator): create_table> on 2024-10-02 23:30:00+00:00
[2025-03-30T11:17:30.869+0000] {standard_task_runner.py:60} INFO - Started process 2714 to run task
[2025-03-30T11:17:30.877+0000] {standard_task_runner.py:87} INFO - Running: ['***', 'tasks', 'run', 'inout_data_ingestion', 'create_table', 'scheduled__2024-10-02T23:30:00+00:00', '--job-id', '1331', '--raw', '--subdir', 'DAGS_FOLDER/inout_data.py', '--cfg-path', '/tmp/tmpas7mk8re']
[2025-03-30T11:17:30.884+0000] {standard_task_runner.py:88} INFO - Job 1331: Subtask create_table
[2025-03-30T11:17:30.910+0000] {warnings.py:109} WARNING - /home/***/.local/lib/python3.8/site-packages/***/settings.py:194: DeprecationWarning: The sql_alchemy_conn option in [core] has been moved to the sql_alchemy_conn option in [database] - the old setting has been used, but please update your config.
  SQL_ALCHEMY_CONN = conf.get("database", "SQL_ALCHEMY_CONN")

[2025-03-30T11:17:30.969+0000] {task_command.py:423} INFO - Running <TaskInstance: inout_data_ingestion.create_table scheduled__2024-10-02T23:30:00+00:00 [running]> on host ff9d64b065e6
[2025-03-30T11:17:31.051+0000] {taskinstance.py:2510} INFO - Exporting env vars: AIRFLOW_CTX_DAG_OWNER='***' AIRFLOW_CTX_DAG_ID='inout_data_ingestion' AIRFLOW_CTX_TASK_ID='create_table' AIRFLOW_CTX_EXECUTION_DATE='2024-10-02T23:30:00+00:00' AIRFLOW_CTX_TRY_NUMBER='1' AIRFLOW_CTX_DAG_RUN_ID='scheduled__2024-10-02T23:30:00+00:00'
[2025-03-30T11:17:31.058+0000] {inout_data.py:42} INFO - Successfully connected to MariaDB: INOUT on mariadb:3306
[2025-03-30T11:17:31.060+0000] {inout_data.py:117} INFO - Table emp_inout_rec created (if it didn't exist).
[2025-03-30T11:17:31.061+0000] {inout_data.py:78} INFO - MariaDB connection closed.
[2025-03-30T11:17:31.061+0000] {python.py:202} INFO - Done. Returned value was: None
[2025-03-30T11:17:31.068+0000] {taskinstance.py:1149} INFO - Marking task as SUCCESS. dag_id=inout_data_ingestion, task_id=create_table, execution_date=20241002T233000, start_date=20250330T111730, end_date=20250330T111731
[2025-03-30T11:17:31.103+0000] {local_task_job_runner.py:234} INFO - Task exited with return code 0
[2025-03-30T11:17:31.126+0000] {taskinstance.py:3309} INFO - 1 downstream tasks scheduled from follow-on schedule check
[2025-03-30T11:29:57.440+0000] {taskinstance.py:1979} INFO - Dependencies all met for dep_context=non-requeueable deps ti=<TaskInstance: inout_data_ingestion.create_table scheduled__2024-10-02T23:30:00+00:00 [queued]>
[2025-03-30T11:29:57.452+0000] {taskinstance.py:1979} INFO - Dependencies all met for dep_context=requeueable deps ti=<TaskInstance: inout_data_ingestion.create_table scheduled__2024-10-02T23:30:00+00:00 [queued]>
[2025-03-30T11:29:57.453+0000] {taskinstance.py:2193} INFO - Starting attempt 1 of 2
[2025-03-30T11:29:57.469+0000] {taskinstance.py:2214} INFO - Executing <Task(PythonOperator): create_table> on 2024-10-02 23:30:00+00:00
[2025-03-30T11:29:57.474+0000] {standard_task_runner.py:60} INFO - Started process 4640 to run task
[2025-03-30T11:29:57.485+0000] {standard_task_runner.py:87} INFO - Running: ['***', 'tasks', 'run', 'inout_data_ingestion', 'create_table', 'scheduled__2024-10-02T23:30:00+00:00', '--job-id', '2294', '--raw', '--subdir', 'DAGS_FOLDER/inout_data.py', '--cfg-path', '/tmp/tmpsm_ovb0d']
[2025-03-30T11:29:57.487+0000] {standard_task_runner.py:88} INFO - Job 2294: Subtask create_table
[2025-03-30T11:29:57.506+0000] {warnings.py:109} WARNING - /home/***/.local/lib/python3.8/site-packages/***/settings.py:194: DeprecationWarning: The sql_alchemy_conn option in [core] has been moved to the sql_alchemy_conn option in [database] - the old setting has been used, but please update your config.
  SQL_ALCHEMY_CONN = conf.get("database", "SQL_ALCHEMY_CONN")

[2025-03-30T11:29:57.551+0000] {task_command.py:423} INFO - Running <TaskInstance: inout_data_ingestion.create_table scheduled__2024-10-02T23:30:00+00:00 [running]> on host ff9d64b065e6
[2025-03-30T11:29:57.633+0000] {taskinstance.py:2510} INFO - Exporting env vars: AIRFLOW_CTX_DAG_OWNER='***' AIRFLOW_CTX_DAG_ID='inout_data_ingestion' AIRFLOW_CTX_TASK_ID='create_table' AIRFLOW_CTX_EXECUTION_DATE='2024-10-02T23:30:00+00:00' AIRFLOW_CTX_TRY_NUMBER='1' AIRFLOW_CTX_DAG_RUN_ID='scheduled__2024-10-02T23:30:00+00:00'
[2025-03-30T11:29:57.639+0000] {logging_mixin.py:188} INFO - Successfully connected to MariaDB: INOUT on mariadb:3306
[2025-03-30T11:29:57.640+0000] {inout_data.py:46} INFO - Table emp_inout_rec created (if it didn't exist).
[2025-03-30T11:29:57.642+0000] {logging_mixin.py:188} INFO - MariaDB connection closed.
[2025-03-30T11:29:57.642+0000] {python.py:202} INFO - Done. Returned value was: None
[2025-03-30T11:29:57.652+0000] {taskinstance.py:1149} INFO - Marking task as SUCCESS. dag_id=inout_data_ingestion, task_id=create_table, execution_date=20241002T233000, start_date=20250330T112957, end_date=20250330T112957
[2025-03-30T11:29:57.705+0000] {local_task_job_runner.py:234} INFO - Task exited with return code 0
[2025-03-30T11:29:57.742+0000] {taskinstance.py:3309} INFO - 1 downstream tasks scheduled from follow-on schedule check
[2025-03-30T11:34:52.393+0000] {taskinstance.py:1979} INFO - Dependencies all met for dep_context=non-requeueable deps ti=<TaskInstance: inout_data_ingestion.create_table scheduled__2024-10-02T23:30:00+00:00 [queued]>
[2025-03-30T11:34:52.463+0000] {taskinstance.py:1979} INFO - Dependencies all met for dep_context=requeueable deps ti=<TaskInstance: inout_data_ingestion.create_table scheduled__2024-10-02T23:30:00+00:00 [queued]>
[2025-03-30T11:34:52.468+0000] {taskinstance.py:2193} INFO - Starting attempt 1 of 2
[2025-03-30T11:34:52.519+0000] {taskinstance.py:2214} INFO - Executing <Task(PythonOperator): create_table> on 2024-10-02 23:30:00+00:00
[2025-03-30T11:34:52.525+0000] {standard_task_runner.py:60} INFO - Started process 6084 to run task
[2025-03-30T11:34:52.530+0000] {standard_task_runner.py:87} INFO - Running: ['***', 'tasks', 'run', 'inout_data_ingestion', 'create_table', 'scheduled__2024-10-02T23:30:00+00:00', '--job-id', '3016', '--raw', '--subdir', 'DAGS_FOLDER/inout_data.py', '--cfg-path', '/tmp/tmpnd7pa2h7']
[2025-03-30T11:34:52.532+0000] {standard_task_runner.py:88} INFO - Job 3016: Subtask create_table
[2025-03-30T11:34:52.557+0000] {warnings.py:109} WARNING - /home/***/.local/lib/python3.8/site-packages/***/settings.py:194: DeprecationWarning: The sql_alchemy_conn option in [core] has been moved to the sql_alchemy_conn option in [database] - the old setting has been used, but please update your config.
  SQL_ALCHEMY_CONN = conf.get("database", "SQL_ALCHEMY_CONN")

[2025-03-30T11:34:52.619+0000] {task_command.py:423} INFO - Running <TaskInstance: inout_data_ingestion.create_table scheduled__2024-10-02T23:30:00+00:00 [running]> on host ff9d64b065e6
[2025-03-30T11:34:52.915+0000] {taskinstance.py:2510} INFO - Exporting env vars: AIRFLOW_CTX_DAG_OWNER='***' AIRFLOW_CTX_DAG_ID='inout_data_ingestion' AIRFLOW_CTX_TASK_ID='create_table' AIRFLOW_CTX_EXECUTION_DATE='2024-10-02T23:30:00+00:00' AIRFLOW_CTX_TRY_NUMBER='1' AIRFLOW_CTX_DAG_RUN_ID='scheduled__2024-10-02T23:30:00+00:00'
[2025-03-30T11:34:52.927+0000] {logging_mixin.py:188} INFO - Successfully connected to MariaDB: INOUT on mariadb:3306
[2025-03-30T11:34:52.931+0000] {inout_data.py:46} INFO - Table emp_inout_rec created (if it didn't exist).
[2025-03-30T11:34:52.933+0000] {logging_mixin.py:188} INFO - MariaDB connection closed.
[2025-03-30T11:34:52.935+0000] {python.py:202} INFO - Done. Returned value was: None
[2025-03-30T11:34:52.961+0000] {taskinstance.py:1149} INFO - Marking task as SUCCESS. dag_id=inout_data_ingestion, task_id=create_table, execution_date=20241002T233000, start_date=20250330T113452, end_date=20250330T113452
[2025-03-30T11:34:53.005+0000] {local_task_job_runner.py:234} INFO - Task exited with return code 0
[2025-03-30T11:34:53.099+0000] {taskinstance.py:3309} INFO - 1 downstream tasks scheduled from follow-on schedule check
