[2025-03-30T11:08:52.759+0000] {taskinstance.py:1979} INFO - Dependencies all met for dep_context=non-requeueable deps ti=<TaskInstance: inout_data_ingestion.create_table scheduled__2024-09-29T09:00:00+00:00 [queued]>
[2025-03-30T11:08:52.783+0000] {taskinstance.py:1979} INFO - Dependencies all met for dep_context=requeueable deps ti=<TaskInstance: inout_data_ingestion.create_table scheduled__2024-09-29T09:00:00+00:00 [queued]>
[2025-03-30T11:08:52.785+0000] {taskinstance.py:2193} INFO - Starting attempt 1 of 2
[2025-03-30T11:08:52.810+0000] {taskinstance.py:2214} INFO - Executing <Task(PythonOperator): create_table> on 2024-09-29 09:00:00+00:00
[2025-03-30T11:08:52.824+0000] {standard_task_runner.py:60} INFO - Started process 166 to run task
[2025-03-30T11:08:52.831+0000] {standard_task_runner.py:87} INFO - Running: ['***', 'tasks', 'run', 'inout_data_ingestion', 'create_table', 'scheduled__2024-09-29T09:00:00+00:00', '--job-id', '56', '--raw', '--subdir', 'DAGS_FOLDER/inout_data.py', '--cfg-path', '/tmp/tmpdibr7bc4']
[2025-03-30T11:08:52.834+0000] {standard_task_runner.py:88} INFO - Job 56: Subtask create_table
[2025-03-30T11:08:52.853+0000] {warnings.py:109} WARNING - /home/***/.local/lib/python3.8/site-packages/***/settings.py:194: DeprecationWarning: The sql_alchemy_conn option in [core] has been moved to the sql_alchemy_conn option in [database] - the old setting has been used, but please update your config.
  SQL_ALCHEMY_CONN = conf.get("database", "SQL_ALCHEMY_CONN")

[2025-03-30T11:08:52.912+0000] {task_command.py:423} INFO - Running <TaskInstance: inout_data_ingestion.create_table scheduled__2024-09-29T09:00:00+00:00 [running]> on host ff9d64b065e6
[2025-03-30T11:08:53.022+0000] {taskinstance.py:2510} INFO - Exporting env vars: AIRFLOW_CTX_DAG_OWNER='***' AIRFLOW_CTX_DAG_ID='inout_data_ingestion' AIRFLOW_CTX_TASK_ID='create_table' AIRFLOW_CTX_EXECUTION_DATE='2024-09-29T09:00:00+00:00' AIRFLOW_CTX_TRY_NUMBER='1' AIRFLOW_CTX_DAG_RUN_ID='scheduled__2024-09-29T09:00:00+00:00'
[2025-03-30T11:08:53.038+0000] {inout_data.py:42} INFO - Successfully connected to MariaDB: INOUT on mariadb:3306
[2025-03-30T11:08:53.040+0000] {inout_data.py:124} INFO - Table emp_inout_rec created (if it didn't exist).
[2025-03-30T11:08:53.040+0000] {inout_data.py:78} INFO - MariaDB connection closed.
[2025-03-30T11:08:53.041+0000] {python.py:202} INFO - Done. Returned value was: None
[2025-03-30T11:08:53.057+0000] {taskinstance.py:1149} INFO - Marking task as SUCCESS. dag_id=inout_data_ingestion, task_id=create_table, execution_date=20240929T090000, start_date=20250330T110852, end_date=20250330T110853
[2025-03-30T11:08:53.090+0000] {local_task_job_runner.py:234} INFO - Task exited with return code 0
[2025-03-30T11:08:53.132+0000] {taskinstance.py:3309} INFO - 1 downstream tasks scheduled from follow-on schedule check
[2025-03-30T11:15:33.832+0000] {taskinstance.py:1979} INFO - Dependencies all met for dep_context=non-requeueable deps ti=<TaskInstance: inout_data_ingestion.create_table scheduled__2024-09-29T09:00:00+00:00 [queued]>
[2025-03-30T11:15:33.856+0000] {taskinstance.py:1979} INFO - Dependencies all met for dep_context=requeueable deps ti=<TaskInstance: inout_data_ingestion.create_table scheduled__2024-09-29T09:00:00+00:00 [queued]>
[2025-03-30T11:15:33.858+0000] {taskinstance.py:2193} INFO - Starting attempt 1 of 2
[2025-03-30T11:15:33.900+0000] {taskinstance.py:2214} INFO - Executing <Task(PythonOperator): create_table> on 2024-09-29 09:00:00+00:00
[2025-03-30T11:15:33.912+0000] {standard_task_runner.py:60} INFO - Started process 2020 to run task
[2025-03-30T11:15:33.919+0000] {standard_task_runner.py:87} INFO - Running: ['***', 'tasks', 'run', 'inout_data_ingestion', 'create_table', 'scheduled__2024-09-29T09:00:00+00:00', '--job-id', '985', '--raw', '--subdir', 'DAGS_FOLDER/inout_data.py', '--cfg-path', '/tmp/tmpyioyjy3a']
[2025-03-30T11:15:33.921+0000] {standard_task_runner.py:88} INFO - Job 985: Subtask create_table
[2025-03-30T11:15:33.963+0000] {warnings.py:109} WARNING - /home/***/.local/lib/python3.8/site-packages/***/settings.py:194: DeprecationWarning: The sql_alchemy_conn option in [core] has been moved to the sql_alchemy_conn option in [database] - the old setting has been used, but please update your config.
  SQL_ALCHEMY_CONN = conf.get("database", "SQL_ALCHEMY_CONN")

[2025-03-30T11:15:34.072+0000] {task_command.py:423} INFO - Running <TaskInstance: inout_data_ingestion.create_table scheduled__2024-09-29T09:00:00+00:00 [running]> on host ff9d64b065e6
[2025-03-30T11:15:34.291+0000] {taskinstance.py:2510} INFO - Exporting env vars: AIRFLOW_CTX_DAG_OWNER='***' AIRFLOW_CTX_DAG_ID='inout_data_ingestion' AIRFLOW_CTX_TASK_ID='create_table' AIRFLOW_CTX_EXECUTION_DATE='2024-09-29T09:00:00+00:00' AIRFLOW_CTX_TRY_NUMBER='1' AIRFLOW_CTX_DAG_RUN_ID='scheduled__2024-09-29T09:00:00+00:00'
[2025-03-30T11:15:34.305+0000] {inout_data.py:42} INFO - Successfully connected to MariaDB: INOUT on mariadb:3306
[2025-03-30T11:15:34.307+0000] {inout_data.py:117} INFO - Table emp_inout_rec created (if it didn't exist).
[2025-03-30T11:15:34.310+0000] {inout_data.py:78} INFO - MariaDB connection closed.
[2025-03-30T11:15:34.312+0000] {python.py:202} INFO - Done. Returned value was: None
[2025-03-30T11:15:34.332+0000] {taskinstance.py:1149} INFO - Marking task as SUCCESS. dag_id=inout_data_ingestion, task_id=create_table, execution_date=20240929T090000, start_date=20250330T111533, end_date=20250330T111534
[2025-03-30T11:15:34.391+0000] {local_task_job_runner.py:234} INFO - Task exited with return code 0
[2025-03-30T11:15:34.435+0000] {taskinstance.py:3309} INFO - 1 downstream tasks scheduled from follow-on schedule check
[2025-03-30T11:28:07.354+0000] {taskinstance.py:1979} INFO - Dependencies all met for dep_context=non-requeueable deps ti=<TaskInstance: inout_data_ingestion.create_table scheduled__2024-09-29T09:00:00+00:00 [queued]>
[2025-03-30T11:28:07.377+0000] {taskinstance.py:1979} INFO - Dependencies all met for dep_context=requeueable deps ti=<TaskInstance: inout_data_ingestion.create_table scheduled__2024-09-29T09:00:00+00:00 [queued]>
[2025-03-30T11:28:07.378+0000] {taskinstance.py:2193} INFO - Starting attempt 1 of 2
[2025-03-30T11:28:07.403+0000] {taskinstance.py:2214} INFO - Executing <Task(PythonOperator): create_table> on 2024-09-29 09:00:00+00:00
[2025-03-30T11:28:07.414+0000] {standard_task_runner.py:60} INFO - Started process 3941 to run task
[2025-03-30T11:28:07.420+0000] {standard_task_runner.py:87} INFO - Running: ['***', 'tasks', 'run', 'inout_data_ingestion', 'create_table', 'scheduled__2024-09-29T09:00:00+00:00', '--job-id', '1945', '--raw', '--subdir', 'DAGS_FOLDER/inout_data.py', '--cfg-path', '/tmp/tmppgmvrt28']
[2025-03-30T11:28:07.423+0000] {standard_task_runner.py:88} INFO - Job 1945: Subtask create_table
[2025-03-30T11:28:07.444+0000] {warnings.py:109} WARNING - /home/***/.local/lib/python3.8/site-packages/***/settings.py:194: DeprecationWarning: The sql_alchemy_conn option in [core] has been moved to the sql_alchemy_conn option in [database] - the old setting has been used, but please update your config.
  SQL_ALCHEMY_CONN = conf.get("database", "SQL_ALCHEMY_CONN")

[2025-03-30T11:28:07.495+0000] {task_command.py:423} INFO - Running <TaskInstance: inout_data_ingestion.create_table scheduled__2024-09-29T09:00:00+00:00 [running]> on host ff9d64b065e6
[2025-03-30T11:28:07.634+0000] {taskinstance.py:2510} INFO - Exporting env vars: AIRFLOW_CTX_DAG_OWNER='***' AIRFLOW_CTX_DAG_ID='inout_data_ingestion' AIRFLOW_CTX_TASK_ID='create_table' AIRFLOW_CTX_EXECUTION_DATE='2024-09-29T09:00:00+00:00' AIRFLOW_CTX_TRY_NUMBER='1' AIRFLOW_CTX_DAG_RUN_ID='scheduled__2024-09-29T09:00:00+00:00'
[2025-03-30T11:28:07.645+0000] {logging_mixin.py:188} INFO - Successfully connected to MariaDB: INOUT on mariadb:3306
[2025-03-30T11:28:07.647+0000] {inout_data.py:46} INFO - Table emp_inout_rec created (if it didn't exist).
[2025-03-30T11:28:07.649+0000] {logging_mixin.py:188} INFO - MariaDB connection closed.
[2025-03-30T11:28:07.650+0000] {python.py:202} INFO - Done. Returned value was: None
[2025-03-30T11:28:07.664+0000] {taskinstance.py:1149} INFO - Marking task as SUCCESS. dag_id=inout_data_ingestion, task_id=create_table, execution_date=20240929T090000, start_date=20250330T112807, end_date=20250330T112807
[2025-03-30T11:28:07.726+0000] {local_task_job_runner.py:234} INFO - Task exited with return code 0
[2025-03-30T11:28:07.751+0000] {taskinstance.py:3309} INFO - 1 downstream tasks scheduled from follow-on schedule check
[2025-03-30T11:32:48.831+0000] {taskinstance.py:1979} INFO - Dependencies all met for dep_context=non-requeueable deps ti=<TaskInstance: inout_data_ingestion.create_table scheduled__2024-09-29T09:00:00+00:00 [queued]>
[2025-03-30T11:32:48.843+0000] {taskinstance.py:1979} INFO - Dependencies all met for dep_context=requeueable deps ti=<TaskInstance: inout_data_ingestion.create_table scheduled__2024-09-29T09:00:00+00:00 [queued]>
[2025-03-30T11:32:48.843+0000] {taskinstance.py:2193} INFO - Starting attempt 1 of 2
[2025-03-30T11:32:48.869+0000] {taskinstance.py:2214} INFO - Executing <Task(PythonOperator): create_table> on 2024-09-29 09:00:00+00:00
[2025-03-30T11:32:48.879+0000] {standard_task_runner.py:60} INFO - Started process 5395 to run task
[2025-03-30T11:32:48.885+0000] {standard_task_runner.py:87} INFO - Running: ['***', 'tasks', 'run', 'inout_data_ingestion', 'create_table', 'scheduled__2024-09-29T09:00:00+00:00', '--job-id', '2671', '--raw', '--subdir', 'DAGS_FOLDER/inout_data.py', '--cfg-path', '/tmp/tmpcow4xku_']
[2025-03-30T11:32:48.893+0000] {standard_task_runner.py:88} INFO - Job 2671: Subtask create_table
[2025-03-30T11:32:48.921+0000] {warnings.py:109} WARNING - /home/***/.local/lib/python3.8/site-packages/***/settings.py:194: DeprecationWarning: The sql_alchemy_conn option in [core] has been moved to the sql_alchemy_conn option in [database] - the old setting has been used, but please update your config.
  SQL_ALCHEMY_CONN = conf.get("database", "SQL_ALCHEMY_CONN")

[2025-03-30T11:32:48.979+0000] {task_command.py:423} INFO - Running <TaskInstance: inout_data_ingestion.create_table scheduled__2024-09-29T09:00:00+00:00 [running]> on host ff9d64b065e6
[2025-03-30T11:32:49.104+0000] {taskinstance.py:2510} INFO - Exporting env vars: AIRFLOW_CTX_DAG_OWNER='***' AIRFLOW_CTX_DAG_ID='inout_data_ingestion' AIRFLOW_CTX_TASK_ID='create_table' AIRFLOW_CTX_EXECUTION_DATE='2024-09-29T09:00:00+00:00' AIRFLOW_CTX_TRY_NUMBER='1' AIRFLOW_CTX_DAG_RUN_ID='scheduled__2024-09-29T09:00:00+00:00'
[2025-03-30T11:32:49.111+0000] {logging_mixin.py:188} INFO - Successfully connected to MariaDB: INOUT on mariadb:3306
[2025-03-30T11:32:49.113+0000] {inout_data.py:46} INFO - Table emp_inout_rec created (if it didn't exist).
[2025-03-30T11:32:49.117+0000] {logging_mixin.py:188} INFO - MariaDB connection closed.
[2025-03-30T11:32:49.119+0000] {python.py:202} INFO - Done. Returned value was: None
[2025-03-30T11:32:49.135+0000] {taskinstance.py:1149} INFO - Marking task as SUCCESS. dag_id=inout_data_ingestion, task_id=create_table, execution_date=20240929T090000, start_date=20250330T113248, end_date=20250330T113249
[2025-03-30T11:32:49.173+0000] {local_task_job_runner.py:234} INFO - Task exited with return code 0
[2025-03-30T11:32:49.195+0000] {taskinstance.py:3309} INFO - 1 downstream tasks scheduled from follow-on schedule check
[2025-03-30T11:38:14.343+0000] {taskinstance.py:1979} INFO - Dependencies all met for dep_context=non-requeueable deps ti=<TaskInstance: inout_data_ingestion.create_table scheduled__2024-09-29T09:00:00+00:00 [queued]>
[2025-03-30T11:38:14.353+0000] {taskinstance.py:1979} INFO - Dependencies all met for dep_context=requeueable deps ti=<TaskInstance: inout_data_ingestion.create_table scheduled__2024-09-29T09:00:00+00:00 [queued]>
[2025-03-30T11:38:14.353+0000] {taskinstance.py:2193} INFO - Starting attempt 1 of 2
[2025-03-30T11:38:14.394+0000] {taskinstance.py:2214} INFO - Executing <Task(PythonOperator): create_table> on 2024-09-29 09:00:00+00:00
[2025-03-30T11:38:14.407+0000] {standard_task_runner.py:60} INFO - Started process 6300 to run task
[2025-03-30T11:38:14.417+0000] {standard_task_runner.py:87} INFO - Running: ['***', 'tasks', 'run', 'inout_data_ingestion', 'create_table', 'scheduled__2024-09-29T09:00:00+00:00', '--job-id', '3124', '--raw', '--subdir', 'DAGS_FOLDER/inout_data.py', '--cfg-path', '/tmp/tmp37wqc7t5']
[2025-03-30T11:38:14.423+0000] {standard_task_runner.py:88} INFO - Job 3124: Subtask create_table
[2025-03-30T11:38:14.467+0000] {warnings.py:109} WARNING - /home/***/.local/lib/python3.8/site-packages/***/settings.py:194: DeprecationWarning: The sql_alchemy_conn option in [core] has been moved to the sql_alchemy_conn option in [database] - the old setting has been used, but please update your config.
  SQL_ALCHEMY_CONN = conf.get("database", "SQL_ALCHEMY_CONN")

[2025-03-30T11:38:14.554+0000] {task_command.py:423} INFO - Running <TaskInstance: inout_data_ingestion.create_table scheduled__2024-09-29T09:00:00+00:00 [running]> on host ff9d64b065e6
[2025-03-30T11:38:14.747+0000] {taskinstance.py:2510} INFO - Exporting env vars: AIRFLOW_CTX_DAG_OWNER='***' AIRFLOW_CTX_DAG_ID='inout_data_ingestion' AIRFLOW_CTX_TASK_ID='create_table' AIRFLOW_CTX_EXECUTION_DATE='2024-09-29T09:00:00+00:00' AIRFLOW_CTX_TRY_NUMBER='1' AIRFLOW_CTX_DAG_RUN_ID='scheduled__2024-09-29T09:00:00+00:00'
[2025-03-30T11:38:14.769+0000] {logging_mixin.py:188} INFO - Successfully connected to MariaDB: INOUT on mariadb:3306
[2025-03-30T11:38:14.779+0000] {inout_data.py:46} INFO - Table emp_inout_rec created (if it didn't exist).
[2025-03-30T11:38:14.785+0000] {logging_mixin.py:188} INFO - MariaDB connection closed.
[2025-03-30T11:38:14.787+0000] {python.py:202} INFO - Done. Returned value was: None
[2025-03-30T11:38:14.824+0000] {taskinstance.py:1149} INFO - Marking task as SUCCESS. dag_id=inout_data_ingestion, task_id=create_table, execution_date=20240929T090000, start_date=20250330T113814, end_date=20250330T113814
[2025-03-30T11:38:14.940+0000] {local_task_job_runner.py:234} INFO - Task exited with return code 0
[2025-03-30T11:38:15.196+0000] {taskinstance.py:3309} INFO - 0 downstream tasks scheduled from follow-on schedule check
[2025-03-30T11:40:21.949+0000] {taskinstance.py:1979} INFO - Dependencies all met for dep_context=non-requeueable deps ti=<TaskInstance: inout_data_ingestion.create_table scheduled__2024-09-29T09:00:00+00:00 [queued]>
[2025-03-30T11:40:21.966+0000] {taskinstance.py:1979} INFO - Dependencies all met for dep_context=requeueable deps ti=<TaskInstance: inout_data_ingestion.create_table scheduled__2024-09-29T09:00:00+00:00 [queued]>
[2025-03-30T11:40:21.968+0000] {taskinstance.py:2193} INFO - Starting attempt 1 of 2
[2025-03-30T11:40:21.982+0000] {taskinstance.py:2214} INFO - Executing <Task(PythonOperator): create_table> on 2024-09-29 09:00:00+00:00
[2025-03-30T11:40:21.988+0000] {standard_task_runner.py:60} INFO - Started process 6741 to run task
[2025-03-30T11:40:21.994+0000] {standard_task_runner.py:87} INFO - Running: ['***', 'tasks', 'run', 'inout_data_ingestion', 'create_table', 'scheduled__2024-09-29T09:00:00+00:00', '--job-id', '3345', '--raw', '--subdir', 'DAGS_FOLDER/inout_data.py', '--cfg-path', '/tmp/tmp_7g_5mqu']
[2025-03-30T11:40:21.995+0000] {standard_task_runner.py:88} INFO - Job 3345: Subtask create_table
[2025-03-30T11:40:22.011+0000] {warnings.py:109} WARNING - /home/***/.local/lib/python3.8/site-packages/***/settings.py:194: DeprecationWarning: The sql_alchemy_conn option in [core] has been moved to the sql_alchemy_conn option in [database] - the old setting has been used, but please update your config.
  SQL_ALCHEMY_CONN = conf.get("database", "SQL_ALCHEMY_CONN")

[2025-03-30T11:40:22.077+0000] {task_command.py:423} INFO - Running <TaskInstance: inout_data_ingestion.create_table scheduled__2024-09-29T09:00:00+00:00 [running]> on host ff9d64b065e6
[2025-03-30T11:40:22.183+0000] {taskinstance.py:2510} INFO - Exporting env vars: AIRFLOW_CTX_DAG_OWNER='***' AIRFLOW_CTX_DAG_ID='inout_data_ingestion' AIRFLOW_CTX_TASK_ID='create_table' AIRFLOW_CTX_EXECUTION_DATE='2024-09-29T09:00:00+00:00' AIRFLOW_CTX_TRY_NUMBER='1' AIRFLOW_CTX_DAG_RUN_ID='scheduled__2024-09-29T09:00:00+00:00'
[2025-03-30T11:40:22.191+0000] {logging_mixin.py:188} INFO - Successfully connected to MariaDB: INOUT on mariadb:3306
[2025-03-30T11:40:22.196+0000] {inout_data.py:46} INFO - Table emp_inout_rec created (if it didn't exist).
[2025-03-30T11:40:22.196+0000] {logging_mixin.py:188} INFO - MariaDB connection closed.
[2025-03-30T11:40:22.199+0000] {python.py:202} INFO - Done. Returned value was: None
[2025-03-30T11:40:22.211+0000] {taskinstance.py:1149} INFO - Marking task as SUCCESS. dag_id=inout_data_ingestion, task_id=create_table, execution_date=20240929T090000, start_date=20250330T114021, end_date=20250330T114022
[2025-03-30T11:40:22.260+0000] {local_task_job_runner.py:234} INFO - Task exited with return code 0
[2025-03-30T11:40:22.293+0000] {taskinstance.py:3309} INFO - 1 downstream tasks scheduled from follow-on schedule check
