[2025-03-30T11:12:12.881+0000] {taskinstance.py:1979} INFO - Dependencies all met for dep_context=non-requeueable deps ti=<TaskInstance: inout_data_ingestion.ingest_dummy_data scheduled__2024-10-05T05:00:00+00:00 [queued]>
[2025-03-30T11:12:12.892+0000] {taskinstance.py:1979} INFO - Dependencies all met for dep_context=requeueable deps ti=<TaskInstance: inout_data_ingestion.ingest_dummy_data scheduled__2024-10-05T05:00:00+00:00 [queued]>
[2025-03-30T11:12:12.896+0000] {taskinstance.py:2193} INFO - Starting attempt 1 of 2
[2025-03-30T11:12:12.943+0000] {taskinstance.py:2214} INFO - Executing <Task(PythonOperator): ingest_dummy_data> on 2024-10-05 05:00:00+00:00
[2025-03-30T11:12:12.960+0000] {standard_task_runner.py:60} INFO - Started process 1304 to run task
[2025-03-30T11:12:12.979+0000] {standard_task_runner.py:87} INFO - Running: ['***', 'tasks', 'run', 'inout_data_ingestion', 'ingest_dummy_data', 'scheduled__2024-10-05T05:00:00+00:00', '--job-id', '625', '--raw', '--subdir', 'DAGS_FOLDER/inout_data.py', '--cfg-path', '/tmp/tmp5or886ly']
[2025-03-30T11:12:12.982+0000] {standard_task_runner.py:88} INFO - Job 625: Subtask ingest_dummy_data
[2025-03-30T11:12:12.997+0000] {warnings.py:109} WARNING - /home/***/.local/lib/python3.8/site-packages/***/settings.py:194: DeprecationWarning: The sql_alchemy_conn option in [core] has been moved to the sql_alchemy_conn option in [database] - the old setting has been used, but please update your config.
  SQL_ALCHEMY_CONN = conf.get("database", "SQL_ALCHEMY_CONN")

[2025-03-30T11:12:13.082+0000] {task_command.py:423} INFO - Running <TaskInstance: inout_data_ingestion.ingest_dummy_data scheduled__2024-10-05T05:00:00+00:00 [running]> on host ff9d64b065e6
[2025-03-30T11:12:13.259+0000] {taskinstance.py:2510} INFO - Exporting env vars: AIRFLOW_CTX_DAG_OWNER='***' AIRFLOW_CTX_DAG_ID='inout_data_ingestion' AIRFLOW_CTX_TASK_ID='ingest_dummy_data' AIRFLOW_CTX_EXECUTION_DATE='2024-10-05T05:00:00+00:00' AIRFLOW_CTX_TRY_NUMBER='1' AIRFLOW_CTX_DAG_RUN_ID='scheduled__2024-10-05T05:00:00+00:00'
[2025-03-30T11:12:13.281+0000] {inout_data.py:42} INFO - Successfully connected to MariaDB: INOUT on mariadb:3306
[2025-03-30T11:12:13.289+0000] {inout_data.py:63} ERROR - Error executing query: (1062, "Duplicate entry '2025-03-30 11:12:13-2165' for key 'PRIMARY'")
[2025-03-30T11:12:13.294+0000] {inout_data.py:63} ERROR - Error executing query: (1062, "Duplicate entry '2025-03-30 11:12:13-2165' for key 'PRIMARY'")
[2025-03-30T11:12:13.306+0000] {inout_data.py:63} ERROR - Error executing query: (1062, "Duplicate entry '2025-03-30 11:12:13-2165' for key 'PRIMARY'")
[2025-03-30T11:12:13.312+0000] {inout_data.py:63} ERROR - Error executing query: (1062, "Duplicate entry '2025-03-30 11:12:13-2165' for key 'PRIMARY'")
[2025-03-30T11:12:13.315+0000] {inout_data.py:63} ERROR - Error executing query: (1062, "Duplicate entry '2025-03-30 11:12:13-2165' for key 'PRIMARY'")
[2025-03-30T11:12:13.316+0000] {inout_data.py:63} ERROR - Error executing query: (1062, "Duplicate entry '2025-03-30 11:12:13-2165' for key 'PRIMARY'")
[2025-03-30T11:12:13.316+0000] {inout_data.py:63} ERROR - Error executing query: (1062, "Duplicate entry '2025-03-30 11:12:13-2165' for key 'PRIMARY'")
[2025-03-30T11:12:13.319+0000] {inout_data.py:63} ERROR - Error executing query: (1062, "Duplicate entry '2025-03-30 11:12:13-2165' for key 'PRIMARY'")
[2025-03-30T11:12:13.320+0000] {inout_data.py:63} ERROR - Error executing query: (1062, "Duplicate entry '2025-03-30 11:12:13-2165' for key 'PRIMARY'")
[2025-03-30T11:12:13.321+0000] {inout_data.py:63} ERROR - Error executing query: (1062, "Duplicate entry '2025-03-30 11:12:13-2165' for key 'PRIMARY'")
[2025-03-30T11:12:13.323+0000] {inout_data.py:63} ERROR - Error executing query: (1062, "Duplicate entry '2025-03-30 11:12:13-2165' for key 'PRIMARY'")
[2025-03-30T11:12:13.324+0000] {inout_data.py:63} ERROR - Error executing query: (1062, "Duplicate entry '2025-03-30 11:12:13-2165' for key 'PRIMARY'")
[2025-03-30T11:12:13.328+0000] {inout_data.py:63} ERROR - Error executing query: (1062, "Duplicate entry '2025-03-30 11:12:13-2165' for key 'PRIMARY'")
[2025-03-30T11:12:13.332+0000] {inout_data.py:63} ERROR - Error executing query: (1062, "Duplicate entry '2025-03-30 11:12:13-2165' for key 'PRIMARY'")
[2025-03-30T11:12:13.342+0000] {inout_data.py:63} ERROR - Error executing query: (1062, "Duplicate entry '2025-03-30 11:12:13-2165' for key 'PRIMARY'")
[2025-03-30T11:12:13.346+0000] {inout_data.py:63} ERROR - Error executing query: (1062, "Duplicate entry '2025-03-30 11:12:13-2165' for key 'PRIMARY'")
[2025-03-30T11:12:13.349+0000] {inout_data.py:63} ERROR - Error executing query: (1062, "Duplicate entry '2025-03-30 11:12:13-2165' for key 'PRIMARY'")
[2025-03-30T11:12:13.350+0000] {inout_data.py:63} ERROR - Error executing query: (1062, "Duplicate entry '2025-03-30 11:12:13-2165' for key 'PRIMARY'")
[2025-03-30T11:12:13.360+0000] {inout_data.py:63} ERROR - Error executing query: (1062, "Duplicate entry '2025-03-30 11:12:13-2165' for key 'PRIMARY'")
[2025-03-30T11:12:13.362+0000] {inout_data.py:159} INFO - Ingested 20 rows of dummy data.
[2025-03-30T11:12:13.362+0000] {inout_data.py:78} INFO - MariaDB connection closed.
[2025-03-30T11:12:13.363+0000] {python.py:202} INFO - Done. Returned value was: None
[2025-03-30T11:12:13.393+0000] {taskinstance.py:1149} INFO - Marking task as SUCCESS. dag_id=inout_data_ingestion, task_id=ingest_dummy_data, execution_date=20241005T050000, start_date=20250330T111212, end_date=20250330T111213
[2025-03-30T11:12:13.453+0000] {local_task_job_runner.py:234} INFO - Task exited with return code 0
[2025-03-30T11:12:13.492+0000] {taskinstance.py:3309} INFO - 0 downstream tasks scheduled from follow-on schedule check
[2025-03-30T11:18:48.967+0000] {taskinstance.py:1979} INFO - Dependencies all met for dep_context=non-requeueable deps ti=<TaskInstance: inout_data_ingestion.ingest_dummy_data scheduled__2024-10-05T05:00:00+00:00 [queued]>
[2025-03-30T11:18:48.975+0000] {taskinstance.py:1979} INFO - Dependencies all met for dep_context=requeueable deps ti=<TaskInstance: inout_data_ingestion.ingest_dummy_data scheduled__2024-10-05T05:00:00+00:00 [queued]>
[2025-03-30T11:18:48.977+0000] {taskinstance.py:2193} INFO - Starting attempt 1 of 2
[2025-03-30T11:18:48.988+0000] {taskinstance.py:2214} INFO - Executing <Task(PythonOperator): ingest_dummy_data> on 2024-10-05 05:00:00+00:00
[2025-03-30T11:18:48.996+0000] {standard_task_runner.py:60} INFO - Started process 3150 to run task
[2025-03-30T11:18:49.000+0000] {standard_task_runner.py:87} INFO - Running: ['***', 'tasks', 'run', 'inout_data_ingestion', 'ingest_dummy_data', 'scheduled__2024-10-05T05:00:00+00:00', '--job-id', '1550', '--raw', '--subdir', 'DAGS_FOLDER/inout_data.py', '--cfg-path', '/tmp/tmp_25pgl98']
[2025-03-30T11:18:49.001+0000] {standard_task_runner.py:88} INFO - Job 1550: Subtask ingest_dummy_data
[2025-03-30T11:18:49.012+0000] {warnings.py:109} WARNING - /home/***/.local/lib/python3.8/site-packages/***/settings.py:194: DeprecationWarning: The sql_alchemy_conn option in [core] has been moved to the sql_alchemy_conn option in [database] - the old setting has been used, but please update your config.
  SQL_ALCHEMY_CONN = conf.get("database", "SQL_ALCHEMY_CONN")

[2025-03-30T11:18:49.050+0000] {task_command.py:423} INFO - Running <TaskInstance: inout_data_ingestion.ingest_dummy_data scheduled__2024-10-05T05:00:00+00:00 [running]> on host ff9d64b065e6
[2025-03-30T11:18:49.095+0000] {taskinstance.py:2510} INFO - Exporting env vars: AIRFLOW_CTX_DAG_OWNER='***' AIRFLOW_CTX_DAG_ID='inout_data_ingestion' AIRFLOW_CTX_TASK_ID='ingest_dummy_data' AIRFLOW_CTX_EXECUTION_DATE='2024-10-05T05:00:00+00:00' AIRFLOW_CTX_TRY_NUMBER='1' AIRFLOW_CTX_DAG_RUN_ID='scheduled__2024-10-05T05:00:00+00:00'
[2025-03-30T11:18:49.097+0000] {inout_data.py:42} INFO - Successfully connected to MariaDB: INOUT on mariadb:3306
[2025-03-30T11:18:49.100+0000] {inout_data.py:63} ERROR - Error executing query: (1062, "Duplicate entry '2025-03-30 11:18:49-3048' for key 'PRIMARY'")
[2025-03-30T11:18:49.101+0000] {inout_data.py:63} ERROR - Error executing query: (1062, "Duplicate entry '2025-03-30 11:18:49-3048' for key 'PRIMARY'")
[2025-03-30T11:18:49.102+0000] {inout_data.py:63} ERROR - Error executing query: (1062, "Duplicate entry '2025-03-30 11:18:49-3048' for key 'PRIMARY'")
[2025-03-30T11:18:49.102+0000] {inout_data.py:63} ERROR - Error executing query: (1062, "Duplicate entry '2025-03-30 11:18:49-3048' for key 'PRIMARY'")
[2025-03-30T11:18:49.103+0000] {inout_data.py:63} ERROR - Error executing query: (1062, "Duplicate entry '2025-03-30 11:18:49-3048' for key 'PRIMARY'")
[2025-03-30T11:18:49.104+0000] {inout_data.py:63} ERROR - Error executing query: (1062, "Duplicate entry '2025-03-30 11:18:49-3048' for key 'PRIMARY'")
[2025-03-30T11:18:49.104+0000] {inout_data.py:63} ERROR - Error executing query: (1062, "Duplicate entry '2025-03-30 11:18:49-3048' for key 'PRIMARY'")
[2025-03-30T11:18:49.105+0000] {inout_data.py:63} ERROR - Error executing query: (1062, "Duplicate entry '2025-03-30 11:18:49-3048' for key 'PRIMARY'")
[2025-03-30T11:18:49.105+0000] {inout_data.py:152} INFO - Ingested 9 rows of dummy data.
[2025-03-30T11:18:49.105+0000] {inout_data.py:78} INFO - MariaDB connection closed.
[2025-03-30T11:18:49.106+0000] {python.py:202} INFO - Done. Returned value was: None
[2025-03-30T11:18:49.113+0000] {taskinstance.py:1149} INFO - Marking task as SUCCESS. dag_id=inout_data_ingestion, task_id=ingest_dummy_data, execution_date=20241005T050000, start_date=20250330T111848, end_date=20250330T111849
[2025-03-30T11:18:49.142+0000] {local_task_job_runner.py:234} INFO - Task exited with return code 0
[2025-03-30T11:18:49.163+0000] {taskinstance.py:3309} INFO - 0 downstream tasks scheduled from follow-on schedule check
[2025-03-30T11:30:59.293+0000] {taskinstance.py:1979} INFO - Dependencies all met for dep_context=non-requeueable deps ti=<TaskInstance: inout_data_ingestion.ingest_dummy_data scheduled__2024-10-05T05:00:00+00:00 [queued]>
[2025-03-30T11:30:59.298+0000] {taskinstance.py:1979} INFO - Dependencies all met for dep_context=requeueable deps ti=<TaskInstance: inout_data_ingestion.ingest_dummy_data scheduled__2024-10-05T05:00:00+00:00 [queued]>
[2025-03-30T11:30:59.299+0000] {taskinstance.py:2193} INFO - Starting attempt 1 of 2
[2025-03-30T11:30:59.306+0000] {taskinstance.py:2214} INFO - Executing <Task(PythonOperator): ingest_dummy_data> on 2024-10-05 05:00:00+00:00
[2025-03-30T11:30:59.309+0000] {standard_task_runner.py:60} INFO - Started process 5067 to run task
[2025-03-30T11:30:59.312+0000] {standard_task_runner.py:87} INFO - Running: ['***', 'tasks', 'run', 'inout_data_ingestion', 'ingest_dummy_data', 'scheduled__2024-10-05T05:00:00+00:00', '--job-id', '2509', '--raw', '--subdir', 'DAGS_FOLDER/inout_data.py', '--cfg-path', '/tmp/tmpv3qmato3']
[2025-03-30T11:30:59.313+0000] {standard_task_runner.py:88} INFO - Job 2509: Subtask ingest_dummy_data
[2025-03-30T11:30:59.323+0000] {warnings.py:109} WARNING - /home/***/.local/lib/python3.8/site-packages/***/settings.py:194: DeprecationWarning: The sql_alchemy_conn option in [core] has been moved to the sql_alchemy_conn option in [database] - the old setting has been used, but please update your config.
  SQL_ALCHEMY_CONN = conf.get("database", "SQL_ALCHEMY_CONN")

[2025-03-30T11:30:59.341+0000] {task_command.py:423} INFO - Running <TaskInstance: inout_data_ingestion.ingest_dummy_data scheduled__2024-10-05T05:00:00+00:00 [running]> on host ff9d64b065e6
[2025-03-30T11:30:59.390+0000] {taskinstance.py:2510} INFO - Exporting env vars: AIRFLOW_CTX_DAG_OWNER='***' AIRFLOW_CTX_DAG_ID='inout_data_ingestion' AIRFLOW_CTX_TASK_ID='ingest_dummy_data' AIRFLOW_CTX_EXECUTION_DATE='2024-10-05T05:00:00+00:00' AIRFLOW_CTX_TRY_NUMBER='1' AIRFLOW_CTX_DAG_RUN_ID='scheduled__2024-10-05T05:00:00+00:00'
[2025-03-30T11:30:59.393+0000] {logging_mixin.py:188} INFO - Successfully connected to MariaDB: INOUT on mariadb:3306
[2025-03-30T11:30:59.393+0000] {logging_mixin.py:188} INFO - General error executing query: not all arguments converted during string formatting
[2025-03-30T11:30:59.393+0000] {logging_mixin.py:188} INFO - General error executing query: not all arguments converted during string formatting
[2025-03-30T11:30:59.393+0000] {logging_mixin.py:188} INFO - General error executing query: not all arguments converted during string formatting
[2025-03-30T11:30:59.393+0000] {logging_mixin.py:188} INFO - General error executing query: not all arguments converted during string formatting
[2025-03-30T11:30:59.394+0000] {logging_mixin.py:188} INFO - General error executing query: not all arguments converted during string formatting
[2025-03-30T11:30:59.394+0000] {logging_mixin.py:188} INFO - General error executing query: not all arguments converted during string formatting
[2025-03-30T11:30:59.394+0000] {inout_data.py:87} INFO - Ingested 6 rows of dummy data for 2024-10-05 05:00:00+00:00.
[2025-03-30T11:30:59.394+0000] {logging_mixin.py:188} INFO - MariaDB connection closed.
[2025-03-30T11:30:59.394+0000] {python.py:202} INFO - Done. Returned value was: None
[2025-03-30T11:30:59.397+0000] {taskinstance.py:1149} INFO - Marking task as SUCCESS. dag_id=inout_data_ingestion, task_id=ingest_dummy_data, execution_date=20241005T050000, start_date=20250330T113059, end_date=20250330T113059
[2025-03-30T11:30:59.413+0000] {local_task_job_runner.py:234} INFO - Task exited with return code 0
[2025-03-30T11:30:59.421+0000] {taskinstance.py:3309} INFO - 0 downstream tasks scheduled from follow-on schedule check
