[2025-03-30T11:10:11.949+0000] {taskinstance.py:1979} INFO - Dependencies all met for dep_context=non-requeueable deps ti=<TaskInstance: inout_data_ingestion.ingest_dummy_data scheduled__2024-10-01T15:00:00+00:00 [queued]>
[2025-03-30T11:10:11.967+0000] {taskinstance.py:1979} INFO - Dependencies all met for dep_context=requeueable deps ti=<TaskInstance: inout_data_ingestion.ingest_dummy_data scheduled__2024-10-01T15:00:00+00:00 [queued]>
[2025-03-30T11:10:11.968+0000] {taskinstance.py:2193} INFO - Starting attempt 1 of 2
[2025-03-30T11:10:11.999+0000] {taskinstance.py:2214} INFO - Executing <Task(PythonOperator): ingest_dummy_data> on 2024-10-01 15:00:00+00:00
[2025-03-30T11:10:12.013+0000] {standard_task_runner.py:60} INFO - Started process 619 to run task
[2025-03-30T11:10:12.033+0000] {standard_task_runner.py:87} INFO - Running: ['***', 'tasks', 'run', 'inout_data_ingestion', 'ingest_dummy_data', 'scheduled__2024-10-01T15:00:00+00:00', '--job-id', '282', '--raw', '--subdir', 'DAGS_FOLDER/inout_data.py', '--cfg-path', '/tmp/tmp8s9aukgr']
[2025-03-30T11:10:12.044+0000] {standard_task_runner.py:88} INFO - Job 282: Subtask ingest_dummy_data
[2025-03-30T11:10:12.089+0000] {warnings.py:109} WARNING - /home/***/.local/lib/python3.8/site-packages/***/settings.py:194: DeprecationWarning: The sql_alchemy_conn option in [core] has been moved to the sql_alchemy_conn option in [database] - the old setting has been used, but please update your config.
  SQL_ALCHEMY_CONN = conf.get("database", "SQL_ALCHEMY_CONN")

[2025-03-30T11:10:12.193+0000] {task_command.py:423} INFO - Running <TaskInstance: inout_data_ingestion.ingest_dummy_data scheduled__2024-10-01T15:00:00+00:00 [running]> on host ff9d64b065e6
[2025-03-30T11:10:12.403+0000] {taskinstance.py:2510} INFO - Exporting env vars: AIRFLOW_CTX_DAG_OWNER='***' AIRFLOW_CTX_DAG_ID='inout_data_ingestion' AIRFLOW_CTX_TASK_ID='ingest_dummy_data' AIRFLOW_CTX_EXECUTION_DATE='2024-10-01T15:00:00+00:00' AIRFLOW_CTX_TRY_NUMBER='1' AIRFLOW_CTX_DAG_RUN_ID='scheduled__2024-10-01T15:00:00+00:00'
[2025-03-30T11:10:12.414+0000] {inout_data.py:42} INFO - Successfully connected to MariaDB: INOUT on mariadb:3306
[2025-03-30T11:10:12.421+0000] {inout_data.py:63} ERROR - Error executing query: (1062, "Duplicate entry '2025-03-30 11:10:12-2972' for key 'PRIMARY'")
[2025-03-30T11:10:12.424+0000] {inout_data.py:63} ERROR - Error executing query: (1062, "Duplicate entry '2025-03-30 11:10:12-2972' for key 'PRIMARY'")
[2025-03-30T11:10:12.429+0000] {inout_data.py:63} ERROR - Error executing query: (1062, "Duplicate entry '2025-03-30 11:10:12-2972' for key 'PRIMARY'")
[2025-03-30T11:10:12.433+0000] {inout_data.py:63} ERROR - Error executing query: (1062, "Duplicate entry '2025-03-30 11:10:12-2972' for key 'PRIMARY'")
[2025-03-30T11:10:12.434+0000] {inout_data.py:159} INFO - Ingested 5 rows of dummy data.
[2025-03-30T11:10:12.435+0000] {inout_data.py:78} INFO - MariaDB connection closed.
[2025-03-30T11:10:12.436+0000] {python.py:202} INFO - Done. Returned value was: None
[2025-03-30T11:10:12.455+0000] {taskinstance.py:1149} INFO - Marking task as SUCCESS. dag_id=inout_data_ingestion, task_id=ingest_dummy_data, execution_date=20241001T150000, start_date=20250330T111011, end_date=20250330T111012
[2025-03-30T11:10:12.512+0000] {local_task_job_runner.py:234} INFO - Task exited with return code 0
[2025-03-30T11:10:12.545+0000] {taskinstance.py:3309} INFO - 0 downstream tasks scheduled from follow-on schedule check
[2025-03-30T11:16:48.916+0000] {taskinstance.py:1979} INFO - Dependencies all met for dep_context=non-requeueable deps ti=<TaskInstance: inout_data_ingestion.ingest_dummy_data scheduled__2024-10-01T15:00:00+00:00 [queued]>
[2025-03-30T11:16:48.943+0000] {taskinstance.py:1979} INFO - Dependencies all met for dep_context=requeueable deps ti=<TaskInstance: inout_data_ingestion.ingest_dummy_data scheduled__2024-10-01T15:00:00+00:00 [queued]>
[2025-03-30T11:16:48.947+0000] {taskinstance.py:2193} INFO - Starting attempt 1 of 2
[2025-03-30T11:16:49.010+0000] {taskinstance.py:2214} INFO - Executing <Task(PythonOperator): ingest_dummy_data> on 2024-10-01 15:00:00+00:00
[2025-03-30T11:16:49.035+0000] {standard_task_runner.py:60} INFO - Started process 2469 to run task
[2025-03-30T11:16:49.104+0000] {standard_task_runner.py:87} INFO - Running: ['***', 'tasks', 'run', 'inout_data_ingestion', 'ingest_dummy_data', 'scheduled__2024-10-01T15:00:00+00:00', '--job-id', '1209', '--raw', '--subdir', 'DAGS_FOLDER/inout_data.py', '--cfg-path', '/tmp/tmp_lme73o3']
[2025-03-30T11:16:49.112+0000] {standard_task_runner.py:88} INFO - Job 1209: Subtask ingest_dummy_data
[2025-03-30T11:16:49.158+0000] {warnings.py:109} WARNING - /home/***/.local/lib/python3.8/site-packages/***/settings.py:194: DeprecationWarning: The sql_alchemy_conn option in [core] has been moved to the sql_alchemy_conn option in [database] - the old setting has been used, but please update your config.
  SQL_ALCHEMY_CONN = conf.get("database", "SQL_ALCHEMY_CONN")

[2025-03-30T11:16:49.268+0000] {task_command.py:423} INFO - Running <TaskInstance: inout_data_ingestion.ingest_dummy_data scheduled__2024-10-01T15:00:00+00:00 [running]> on host ff9d64b065e6
[2025-03-30T11:16:49.427+0000] {taskinstance.py:2510} INFO - Exporting env vars: AIRFLOW_CTX_DAG_OWNER='***' AIRFLOW_CTX_DAG_ID='inout_data_ingestion' AIRFLOW_CTX_TASK_ID='ingest_dummy_data' AIRFLOW_CTX_EXECUTION_DATE='2024-10-01T15:00:00+00:00' AIRFLOW_CTX_TRY_NUMBER='1' AIRFLOW_CTX_DAG_RUN_ID='scheduled__2024-10-01T15:00:00+00:00'
[2025-03-30T11:16:49.441+0000] {inout_data.py:42} INFO - Successfully connected to MariaDB: INOUT on mariadb:3306
[2025-03-30T11:16:49.448+0000] {inout_data.py:63} ERROR - Error executing query: (1062, "Duplicate entry '2025-03-30 11:16:49-3442' for key 'PRIMARY'")
[2025-03-30T11:16:49.451+0000] {inout_data.py:63} ERROR - Error executing query: (1062, "Duplicate entry '2025-03-30 11:16:49-3442' for key 'PRIMARY'")
[2025-03-30T11:16:49.454+0000] {inout_data.py:63} ERROR - Error executing query: (1062, "Duplicate entry '2025-03-30 11:16:49-3442' for key 'PRIMARY'")
[2025-03-30T11:16:49.455+0000] {inout_data.py:63} ERROR - Error executing query: (1062, "Duplicate entry '2025-03-30 11:16:49-3442' for key 'PRIMARY'")
[2025-03-30T11:16:49.456+0000] {inout_data.py:63} ERROR - Error executing query: (1062, "Duplicate entry '2025-03-30 11:16:49-3442' for key 'PRIMARY'")
[2025-03-30T11:16:49.458+0000] {inout_data.py:63} ERROR - Error executing query: (1062, "Duplicate entry '2025-03-30 11:16:49-3442' for key 'PRIMARY'")
[2025-03-30T11:16:49.459+0000] {inout_data.py:63} ERROR - Error executing query: (1062, "Duplicate entry '2025-03-30 11:16:49-3442' for key 'PRIMARY'")
[2025-03-30T11:16:49.461+0000] {inout_data.py:63} ERROR - Error executing query: (1062, "Duplicate entry '2025-03-30 11:16:49-3442' for key 'PRIMARY'")
[2025-03-30T11:16:49.461+0000] {inout_data.py:63} ERROR - Error executing query: (1062, "Duplicate entry '2025-03-30 11:16:49-3442' for key 'PRIMARY'")
[2025-03-30T11:16:49.462+0000] {inout_data.py:63} ERROR - Error executing query: (1062, "Duplicate entry '2025-03-30 11:16:49-3442' for key 'PRIMARY'")
[2025-03-30T11:16:49.463+0000] {inout_data.py:152} INFO - Ingested 11 rows of dummy data.
[2025-03-30T11:16:49.463+0000] {inout_data.py:78} INFO - MariaDB connection closed.
[2025-03-30T11:16:49.464+0000] {python.py:202} INFO - Done. Returned value was: None
[2025-03-30T11:16:49.487+0000] {taskinstance.py:1149} INFO - Marking task as SUCCESS. dag_id=inout_data_ingestion, task_id=ingest_dummy_data, execution_date=20241001T150000, start_date=20250330T111648, end_date=20250330T111649
[2025-03-30T11:16:49.562+0000] {local_task_job_runner.py:234} INFO - Task exited with return code 0
[2025-03-30T11:16:49.605+0000] {taskinstance.py:3309} INFO - 0 downstream tasks scheduled from follow-on schedule check
[2025-03-30T11:29:20.401+0000] {taskinstance.py:1979} INFO - Dependencies all met for dep_context=non-requeueable deps ti=<TaskInstance: inout_data_ingestion.ingest_dummy_data scheduled__2024-10-01T15:00:00+00:00 [queued]>
[2025-03-30T11:29:20.406+0000] {taskinstance.py:1979} INFO - Dependencies all met for dep_context=requeueable deps ti=<TaskInstance: inout_data_ingestion.ingest_dummy_data scheduled__2024-10-01T15:00:00+00:00 [queued]>
[2025-03-30T11:29:20.406+0000] {taskinstance.py:2193} INFO - Starting attempt 1 of 2
[2025-03-30T11:29:20.411+0000] {taskinstance.py:2214} INFO - Executing <Task(PythonOperator): ingest_dummy_data> on 2024-10-01 15:00:00+00:00
[2025-03-30T11:29:20.414+0000] {standard_task_runner.py:60} INFO - Started process 4379 to run task
[2025-03-30T11:29:20.416+0000] {standard_task_runner.py:87} INFO - Running: ['***', 'tasks', 'run', 'inout_data_ingestion', 'ingest_dummy_data', 'scheduled__2024-10-01T15:00:00+00:00', '--job-id', '2165', '--raw', '--subdir', 'DAGS_FOLDER/inout_data.py', '--cfg-path', '/tmp/tmpuyr9ezz4']
[2025-03-30T11:29:20.417+0000] {standard_task_runner.py:88} INFO - Job 2165: Subtask ingest_dummy_data
[2025-03-30T11:29:20.423+0000] {warnings.py:109} WARNING - /home/***/.local/lib/python3.8/site-packages/***/settings.py:194: DeprecationWarning: The sql_alchemy_conn option in [core] has been moved to the sql_alchemy_conn option in [database] - the old setting has been used, but please update your config.
  SQL_ALCHEMY_CONN = conf.get("database", "SQL_ALCHEMY_CONN")

[2025-03-30T11:29:20.438+0000] {task_command.py:423} INFO - Running <TaskInstance: inout_data_ingestion.ingest_dummy_data scheduled__2024-10-01T15:00:00+00:00 [running]> on host ff9d64b065e6
[2025-03-30T11:29:20.471+0000] {taskinstance.py:2510} INFO - Exporting env vars: AIRFLOW_CTX_DAG_OWNER='***' AIRFLOW_CTX_DAG_ID='inout_data_ingestion' AIRFLOW_CTX_TASK_ID='ingest_dummy_data' AIRFLOW_CTX_EXECUTION_DATE='2024-10-01T15:00:00+00:00' AIRFLOW_CTX_TRY_NUMBER='1' AIRFLOW_CTX_DAG_RUN_ID='scheduled__2024-10-01T15:00:00+00:00'
[2025-03-30T11:29:20.473+0000] {logging_mixin.py:188} INFO - Successfully connected to MariaDB: INOUT on mariadb:3306
[2025-03-30T11:29:20.473+0000] {logging_mixin.py:188} INFO - General error executing query: not all arguments converted during string formatting
[2025-03-30T11:29:20.474+0000] {logging_mixin.py:188} INFO - General error executing query: not all arguments converted during string formatting
[2025-03-30T11:29:20.474+0000] {logging_mixin.py:188} INFO - General error executing query: not all arguments converted during string formatting
[2025-03-30T11:29:20.474+0000] {logging_mixin.py:188} INFO - General error executing query: not all arguments converted during string formatting
[2025-03-30T11:29:20.474+0000] {logging_mixin.py:188} INFO - General error executing query: not all arguments converted during string formatting
[2025-03-30T11:29:20.475+0000] {inout_data.py:87} INFO - Ingested 5 rows of dummy data for 2024-10-01 15:00:00+00:00.
[2025-03-30T11:29:20.475+0000] {logging_mixin.py:188} INFO - MariaDB connection closed.
[2025-03-30T11:29:20.475+0000] {python.py:202} INFO - Done. Returned value was: None
[2025-03-30T11:29:20.481+0000] {taskinstance.py:1149} INFO - Marking task as SUCCESS. dag_id=inout_data_ingestion, task_id=ingest_dummy_data, execution_date=20241001T150000, start_date=20250330T112920, end_date=20250330T112920
[2025-03-30T11:29:20.516+0000] {local_task_job_runner.py:234} INFO - Task exited with return code 0
[2025-03-30T11:29:20.525+0000] {taskinstance.py:3309} INFO - 0 downstream tasks scheduled from follow-on schedule check
[2025-03-30T11:34:09.741+0000] {taskinstance.py:1979} INFO - Dependencies all met for dep_context=non-requeueable deps ti=<TaskInstance: inout_data_ingestion.ingest_dummy_data scheduled__2024-10-01T15:00:00+00:00 [queued]>
[2025-03-30T11:34:09.798+0000] {taskinstance.py:1979} INFO - Dependencies all met for dep_context=requeueable deps ti=<TaskInstance: inout_data_ingestion.ingest_dummy_data scheduled__2024-10-01T15:00:00+00:00 [queued]>
[2025-03-30T11:34:09.805+0000] {taskinstance.py:2193} INFO - Starting attempt 1 of 2
[2025-03-30T11:34:09.912+0000] {taskinstance.py:2214} INFO - Executing <Task(PythonOperator): ingest_dummy_data> on 2024-10-01 15:00:00+00:00
[2025-03-30T11:34:09.934+0000] {standard_task_runner.py:60} INFO - Started process 5848 to run task
[2025-03-30T11:34:09.955+0000] {standard_task_runner.py:87} INFO - Running: ['***', 'tasks', 'run', 'inout_data_ingestion', 'ingest_dummy_data', 'scheduled__2024-10-01T15:00:00+00:00', '--job-id', '2898', '--raw', '--subdir', 'DAGS_FOLDER/inout_data.py', '--cfg-path', '/tmp/tmp2he7ejyn']
[2025-03-30T11:34:09.963+0000] {standard_task_runner.py:88} INFO - Job 2898: Subtask ingest_dummy_data
[2025-03-30T11:34:10.012+0000] {warnings.py:109} WARNING - /home/***/.local/lib/python3.8/site-packages/***/settings.py:194: DeprecationWarning: The sql_alchemy_conn option in [core] has been moved to the sql_alchemy_conn option in [database] - the old setting has been used, but please update your config.
  SQL_ALCHEMY_CONN = conf.get("database", "SQL_ALCHEMY_CONN")

[2025-03-30T11:34:10.098+0000] {task_command.py:423} INFO - Running <TaskInstance: inout_data_ingestion.ingest_dummy_data scheduled__2024-10-01T15:00:00+00:00 [running]> on host ff9d64b065e6
[2025-03-30T11:34:10.251+0000] {taskinstance.py:2510} INFO - Exporting env vars: AIRFLOW_CTX_DAG_OWNER='***' AIRFLOW_CTX_DAG_ID='inout_data_ingestion' AIRFLOW_CTX_TASK_ID='ingest_dummy_data' AIRFLOW_CTX_EXECUTION_DATE='2024-10-01T15:00:00+00:00' AIRFLOW_CTX_TRY_NUMBER='1' AIRFLOW_CTX_DAG_RUN_ID='scheduled__2024-10-01T15:00:00+00:00'
[2025-03-30T11:34:10.269+0000] {logging_mixin.py:188} INFO - Successfully connected to MariaDB: INOUT on mariadb:3306
[2025-03-30T11:34:10.271+0000] {inout_data.py:83} INFO - {'ingested_time': datetime.datetime(2025, 3, 30, 11, 34, 10, 270965), 'timestamp': datetime.datetime(2024, 10, 1, 15, 29, tzinfo=datetime.timezone.utc), 'emp_id': 1097, 'employee_name': 'Employee74', 'factory': 'FactoryB', 'in_out': 'IN', 'entrance': 'Main', 'door_number': '2', 'function': 'IT', 'division': 'AAPD', 'department': 'ML', 'section': '2'}
[2025-03-30T11:34:10.272+0000] {logging_mixin.py:188} INFO - General error executing query: not all arguments converted during string formatting
[2025-03-30T11:34:10.274+0000] {inout_data.py:83} INFO - {'ingested_time': datetime.datetime(2025, 3, 30, 11, 34, 10, 273693), 'timestamp': datetime.datetime(2024, 10, 1, 15, 16, tzinfo=datetime.timezone.utc), 'emp_id': 1348, 'employee_name': 'Employee70', 'factory': 'FactoryA', 'in_out': 'OUT', 'entrance': 'Side', 'door_number': '8', 'function': 'IT', 'division': 'BSID', 'department': 'ML', 'section': '1'}
[2025-03-30T11:34:10.277+0000] {logging_mixin.py:188} INFO - General error executing query: not all arguments converted during string formatting
[2025-03-30T11:34:10.280+0000] {inout_data.py:83} INFO - {'ingested_time': datetime.datetime(2025, 3, 30, 11, 34, 10, 280181), 'timestamp': datetime.datetime(2024, 10, 1, 15, 11, tzinfo=datetime.timezone.utc), 'emp_id': 6763, 'employee_name': 'Employee83', 'factory': 'FactoryB', 'in_out': 'IN', 'entrance': 'Side', 'door_number': '6', 'function': 'IT', 'division': 'BSID', 'department': 'HRSD', 'section': '1'}
[2025-03-30T11:34:10.284+0000] {logging_mixin.py:188} INFO - General error executing query: not all arguments converted during string formatting
[2025-03-30T11:34:10.287+0000] {inout_data.py:83} INFO - {'ingested_time': datetime.datetime(2025, 3, 30, 11, 34, 10, 287166), 'timestamp': datetime.datetime(2024, 10, 1, 15, 10, tzinfo=datetime.timezone.utc), 'emp_id': 9765, 'employee_name': 'Employee13', 'factory': 'FactoryB', 'in_out': 'IN', 'entrance': 'Side', 'door_number': '4', 'function': 'IT', 'division': 'BSID', 'department': 'ML', 'section': '2'}
[2025-03-30T11:34:10.288+0000] {logging_mixin.py:188} INFO - General error executing query: not all arguments converted during string formatting
[2025-03-30T11:34:10.289+0000] {inout_data.py:83} INFO - {'ingested_time': datetime.datetime(2025, 3, 30, 11, 34, 10, 289313), 'timestamp': datetime.datetime(2024, 10, 1, 15, 13, tzinfo=datetime.timezone.utc), 'emp_id': 2657, 'employee_name': 'Employee69', 'factory': 'FactoryB', 'in_out': 'OUT', 'entrance': 'Side', 'door_number': '6', 'function': 'IT', 'division': 'AAPD', 'department': 'ML', 'section': '1'}
[2025-03-30T11:34:10.290+0000] {logging_mixin.py:188} INFO - General error executing query: not all arguments converted during string formatting
[2025-03-30T11:34:10.294+0000] {inout_data.py:83} INFO - {'ingested_time': datetime.datetime(2025, 3, 30, 11, 34, 10, 294255), 'timestamp': datetime.datetime(2024, 10, 1, 15, 17, tzinfo=datetime.timezone.utc), 'emp_id': 1947, 'employee_name': 'Employee86', 'factory': 'FactoryB', 'in_out': 'IN', 'entrance': 'Main', 'door_number': '1', 'function': 'IT', 'division': 'BSID', 'department': 'CAPD', 'section': '2'}
[2025-03-30T11:34:10.297+0000] {logging_mixin.py:188} INFO - General error executing query: not all arguments converted during string formatting
[2025-03-30T11:34:10.302+0000] {inout_data.py:83} INFO - {'ingested_time': datetime.datetime(2025, 3, 30, 11, 34, 10, 302577), 'timestamp': datetime.datetime(2024, 10, 1, 15, 26, tzinfo=datetime.timezone.utc), 'emp_id': 9638, 'employee_name': 'Employee38', 'factory': 'FactoryB', 'in_out': 'IN', 'entrance': 'Main', 'door_number': '4', 'function': 'IT', 'division': 'AAPD', 'department': 'CAPD', 'section': '2'}
[2025-03-30T11:34:10.306+0000] {logging_mixin.py:188} INFO - General error executing query: not all arguments converted during string formatting
[2025-03-30T11:34:10.307+0000] {inout_data.py:83} INFO - {'ingested_time': datetime.datetime(2025, 3, 30, 11, 34, 10, 307605), 'timestamp': datetime.datetime(2024, 10, 1, 15, 23, tzinfo=datetime.timezone.utc), 'emp_id': 8504, 'employee_name': 'Employee42', 'factory': 'FactoryB', 'in_out': 'IN', 'entrance': 'Main', 'door_number': '7', 'function': 'IT', 'division': 'AAPD', 'department': 'ML', 'section': '1'}
[2025-03-30T11:34:10.309+0000] {logging_mixin.py:188} INFO - General error executing query: not all arguments converted during string formatting
[2025-03-30T11:34:10.312+0000] {inout_data.py:83} INFO - {'ingested_time': datetime.datetime(2025, 3, 30, 11, 34, 10, 312424), 'timestamp': datetime.datetime(2024, 10, 1, 15, 2, tzinfo=datetime.timezone.utc), 'emp_id': 9418, 'employee_name': 'Employee45', 'factory': 'FactoryB', 'in_out': 'IN', 'entrance': 'Main', 'door_number': '8', 'function': 'IT', 'division': 'BSID', 'department': 'HRSD', 'section': '2'}
[2025-03-30T11:34:10.314+0000] {logging_mixin.py:188} INFO - General error executing query: not all arguments converted during string formatting
[2025-03-30T11:34:10.316+0000] {inout_data.py:83} INFO - {'ingested_time': datetime.datetime(2025, 3, 30, 11, 34, 10, 316824), 'timestamp': datetime.datetime(2024, 10, 1, 15, 25, tzinfo=datetime.timezone.utc), 'emp_id': 7621, 'employee_name': 'Employee8', 'factory': 'FactoryB', 'in_out': 'OUT', 'entrance': 'Main', 'door_number': '8', 'function': 'IT', 'division': 'AAPD', 'department': 'ML', 'section': '2'}
[2025-03-30T11:34:10.318+0000] {logging_mixin.py:188} INFO - General error executing query: not all arguments converted during string formatting
[2025-03-30T11:34:10.321+0000] {inout_data.py:83} INFO - {'ingested_time': datetime.datetime(2025, 3, 30, 11, 34, 10, 321290), 'timestamp': datetime.datetime(2024, 10, 1, 15, 28, tzinfo=datetime.timezone.utc), 'emp_id': 4861, 'employee_name': 'Employee61', 'factory': 'FactoryA', 'in_out': 'OUT', 'entrance': 'Main', 'door_number': '4', 'function': 'IT', 'division': 'AAPD', 'department': 'HRSD', 'section': '2'}
[2025-03-30T11:34:10.326+0000] {logging_mixin.py:188} INFO - General error executing query: not all arguments converted during string formatting
[2025-03-30T11:34:10.329+0000] {inout_data.py:83} INFO - {'ingested_time': datetime.datetime(2025, 3, 30, 11, 34, 10, 329590), 'timestamp': datetime.datetime(2024, 10, 1, 15, 26, tzinfo=datetime.timezone.utc), 'emp_id': 6560, 'employee_name': 'Employee26', 'factory': 'FactoryA', 'in_out': 'OUT', 'entrance': 'Side', 'door_number': '4', 'function': 'IT', 'division': 'BSID', 'department': 'HRSD', 'section': '1'}
[2025-03-30T11:34:10.334+0000] {logging_mixin.py:188} INFO - General error executing query: not all arguments converted during string formatting
[2025-03-30T11:34:10.343+0000] {inout_data.py:83} INFO - {'ingested_time': datetime.datetime(2025, 3, 30, 11, 34, 10, 342780), 'timestamp': datetime.datetime(2024, 10, 1, 15, 24, tzinfo=datetime.timezone.utc), 'emp_id': 6081, 'employee_name': 'Employee10', 'factory': 'FactoryA', 'in_out': 'IN', 'entrance': 'Main', 'door_number': '4', 'function': 'IT', 'division': 'AAPD', 'department': 'HRSD', 'section': '1'}
[2025-03-30T11:34:10.347+0000] {logging_mixin.py:188} INFO - General error executing query: not all arguments converted during string formatting
[2025-03-30T11:34:10.352+0000] {inout_data.py:88} INFO - Ingested 13 rows of dummy data for 2024-10-01 15:00:00+00:00.
[2025-03-30T11:34:10.357+0000] {logging_mixin.py:188} INFO - MariaDB connection closed.
[2025-03-30T11:34:10.360+0000] {python.py:202} INFO - Done. Returned value was: None
[2025-03-30T11:34:10.418+0000] {taskinstance.py:1149} INFO - Marking task as SUCCESS. dag_id=inout_data_ingestion, task_id=ingest_dummy_data, execution_date=20241001T150000, start_date=20250330T113409, end_date=20250330T113410
[2025-03-30T11:34:10.566+0000] {local_task_job_runner.py:234} INFO - Task exited with return code 0
[2025-03-30T11:34:10.687+0000] {taskinstance.py:3309} INFO - 0 downstream tasks scheduled from follow-on schedule check
[2025-03-30T11:41:43.694+0000] {taskinstance.py:1979} INFO - Dependencies all met for dep_context=non-requeueable deps ti=<TaskInstance: inout_data_ingestion.ingest_dummy_data scheduled__2024-10-01T15:00:00+00:00 [queued]>
[2025-03-30T11:41:43.701+0000] {taskinstance.py:1979} INFO - Dependencies all met for dep_context=requeueable deps ti=<TaskInstance: inout_data_ingestion.ingest_dummy_data scheduled__2024-10-01T15:00:00+00:00 [queued]>
[2025-03-30T11:41:43.702+0000] {taskinstance.py:2193} INFO - Starting attempt 1 of 2
[2025-03-30T11:41:43.720+0000] {taskinstance.py:2214} INFO - Executing <Task(PythonOperator): ingest_dummy_data> on 2024-10-01 15:00:00+00:00
[2025-03-30T11:41:43.724+0000] {standard_task_runner.py:60} INFO - Started process 7177 to run task
[2025-03-30T11:41:43.730+0000] {standard_task_runner.py:87} INFO - Running: ['***', 'tasks', 'run', 'inout_data_ingestion', 'ingest_dummy_data', 'scheduled__2024-10-01T15:00:00+00:00', '--job-id', '3564', '--raw', '--subdir', 'DAGS_FOLDER/inout_data.py', '--cfg-path', '/tmp/tmpxegv62we']
[2025-03-30T11:41:43.731+0000] {standard_task_runner.py:88} INFO - Job 3564: Subtask ingest_dummy_data
[2025-03-30T11:41:43.747+0000] {warnings.py:109} WARNING - /home/***/.local/lib/python3.8/site-packages/***/settings.py:194: DeprecationWarning: The sql_alchemy_conn option in [core] has been moved to the sql_alchemy_conn option in [database] - the old setting has been used, but please update your config.
  SQL_ALCHEMY_CONN = conf.get("database", "SQL_ALCHEMY_CONN")

[2025-03-30T11:41:43.789+0000] {task_command.py:423} INFO - Running <TaskInstance: inout_data_ingestion.ingest_dummy_data scheduled__2024-10-01T15:00:00+00:00 [running]> on host ff9d64b065e6
[2025-03-30T11:41:43.871+0000] {taskinstance.py:2510} INFO - Exporting env vars: AIRFLOW_CTX_DAG_OWNER='***' AIRFLOW_CTX_DAG_ID='inout_data_ingestion' AIRFLOW_CTX_TASK_ID='ingest_dummy_data' AIRFLOW_CTX_EXECUTION_DATE='2024-10-01T15:00:00+00:00' AIRFLOW_CTX_TRY_NUMBER='1' AIRFLOW_CTX_DAG_RUN_ID='scheduled__2024-10-01T15:00:00+00:00'
[2025-03-30T11:41:43.881+0000] {logging_mixin.py:188} INFO - Successfully connected to MariaDB: INOUT on mariadb:3306
[2025-03-30T11:41:43.884+0000] {inout_data.py:83} INFO - {'ingested_time': datetime.datetime(2025, 3, 30, 11, 41, 43, 884152), 'timestamp': datetime.datetime(2024, 10, 1, 15, 20, tzinfo=datetime.timezone.utc), 'emp_id': 3048, 'employee_name': 'Employee20', 'factory': 'FactoryB', 'in_out': 'IN', 'entrance': 'Main', 'door_number': '3', 'function': 'IT', 'division': 'AAPD', 'department': 'ML', 'section': '2'}
[2025-03-30T11:41:43.885+0000] {inout_data.py:99} INFO - Query: INSERT INTO emp_inout_rec (ingested_time, timestamp, employee_id, employee_name, factory, in_out, entrance, door_number, function, division, department, section) VALUES (%s, %s, %s, %s, %s, %s, %s, %s, %s, %s, %s)
[2025-03-30T11:41:43.885+0000] {inout_data.py:100} INFO - Params: ('2025-03-30 11:41:43', '2024-10-01 15:20:00', 3048, 'Employee20', 'FactoryB', 'IN', 'Main', '3', 'IT', 'AAPD', 'ML', '2')
[2025-03-30T11:41:43.887+0000] {logging_mixin.py:188} INFO - General error executing query: not all arguments converted during string formatting
[2025-03-30T11:41:43.888+0000] {inout_data.py:83} INFO - {'ingested_time': datetime.datetime(2025, 3, 30, 11, 41, 43, 888104), 'timestamp': datetime.datetime(2024, 10, 1, 15, 22, tzinfo=datetime.timezone.utc), 'emp_id': 4929, 'employee_name': 'Employee11', 'factory': 'FactoryA', 'in_out': 'OUT', 'entrance': 'Main', 'door_number': '6', 'function': 'IT', 'division': 'AAPD', 'department': 'HRSD', 'section': '1'}
[2025-03-30T11:41:43.889+0000] {inout_data.py:99} INFO - Query: INSERT INTO emp_inout_rec (ingested_time, timestamp, employee_id, employee_name, factory, in_out, entrance, door_number, function, division, department, section) VALUES (%s, %s, %s, %s, %s, %s, %s, %s, %s, %s, %s)
[2025-03-30T11:41:43.889+0000] {inout_data.py:100} INFO - Params: ('2025-03-30 11:41:43', '2024-10-01 15:22:00', 4929, 'Employee11', 'FactoryA', 'OUT', 'Main', '6', 'IT', 'AAPD', 'HRSD', '1')
[2025-03-30T11:41:43.890+0000] {logging_mixin.py:188} INFO - General error executing query: not all arguments converted during string formatting
[2025-03-30T11:41:43.890+0000] {inout_data.py:83} INFO - {'ingested_time': datetime.datetime(2025, 3, 30, 11, 41, 43, 890624), 'timestamp': datetime.datetime(2024, 10, 1, 15, 17, tzinfo=datetime.timezone.utc), 'emp_id': 5032, 'employee_name': 'Employee87', 'factory': 'FactoryA', 'in_out': 'IN', 'entrance': 'Main', 'door_number': '9', 'function': 'IT', 'division': 'AAPD', 'department': 'HRSD', 'section': '2'}
[2025-03-30T11:41:43.891+0000] {inout_data.py:99} INFO - Query: INSERT INTO emp_inout_rec (ingested_time, timestamp, employee_id, employee_name, factory, in_out, entrance, door_number, function, division, department, section) VALUES (%s, %s, %s, %s, %s, %s, %s, %s, %s, %s, %s)
[2025-03-30T11:41:43.891+0000] {inout_data.py:100} INFO - Params: ('2025-03-30 11:41:43', '2024-10-01 15:17:00', 5032, 'Employee87', 'FactoryA', 'IN', 'Main', '9', 'IT', 'AAPD', 'HRSD', '2')
[2025-03-30T11:41:43.891+0000] {logging_mixin.py:188} INFO - General error executing query: not all arguments converted during string formatting
[2025-03-30T11:41:43.892+0000] {inout_data.py:83} INFO - {'ingested_time': datetime.datetime(2025, 3, 30, 11, 41, 43, 892394), 'timestamp': datetime.datetime(2024, 10, 1, 15, 19, tzinfo=datetime.timezone.utc), 'emp_id': 7859, 'employee_name': 'Employee66', 'factory': 'FactoryA', 'in_out': 'OUT', 'entrance': 'Main', 'door_number': '1', 'function': 'IT', 'division': 'AAPD', 'department': 'HRSD', 'section': '1'}
[2025-03-30T11:41:43.892+0000] {inout_data.py:99} INFO - Query: INSERT INTO emp_inout_rec (ingested_time, timestamp, employee_id, employee_name, factory, in_out, entrance, door_number, function, division, department, section) VALUES (%s, %s, %s, %s, %s, %s, %s, %s, %s, %s, %s)
[2025-03-30T11:41:43.893+0000] {inout_data.py:100} INFO - Params: ('2025-03-30 11:41:43', '2024-10-01 15:19:00', 7859, 'Employee66', 'FactoryA', 'OUT', 'Main', '1', 'IT', 'AAPD', 'HRSD', '1')
[2025-03-30T11:41:43.895+0000] {logging_mixin.py:188} INFO - General error executing query: not all arguments converted during string formatting
[2025-03-30T11:41:43.895+0000] {inout_data.py:83} INFO - {'ingested_time': datetime.datetime(2025, 3, 30, 11, 41, 43, 895768), 'timestamp': datetime.datetime(2024, 10, 1, 15, 25, tzinfo=datetime.timezone.utc), 'emp_id': 3791, 'employee_name': 'Employee15', 'factory': 'FactoryB', 'in_out': 'IN', 'entrance': 'Main', 'door_number': '6', 'function': 'IT', 'division': 'AAPD', 'department': 'HRSD', 'section': '1'}
[2025-03-30T11:41:43.896+0000] {inout_data.py:99} INFO - Query: INSERT INTO emp_inout_rec (ingested_time, timestamp, employee_id, employee_name, factory, in_out, entrance, door_number, function, division, department, section) VALUES (%s, %s, %s, %s, %s, %s, %s, %s, %s, %s, %s)
[2025-03-30T11:41:43.896+0000] {inout_data.py:100} INFO - Params: ('2025-03-30 11:41:43', '2024-10-01 15:25:00', 3791, 'Employee15', 'FactoryB', 'IN', 'Main', '6', 'IT', 'AAPD', 'HRSD', '1')
[2025-03-30T11:41:43.897+0000] {logging_mixin.py:188} INFO - General error executing query: not all arguments converted during string formatting
[2025-03-30T11:41:43.898+0000] {inout_data.py:83} INFO - {'ingested_time': datetime.datetime(2025, 3, 30, 11, 41, 43, 898822), 'timestamp': datetime.datetime(2024, 10, 1, 15, 20, tzinfo=datetime.timezone.utc), 'emp_id': 2308, 'employee_name': 'Employee61', 'factory': 'FactoryA', 'in_out': 'IN', 'entrance': 'Side', 'door_number': '8', 'function': 'IT', 'division': 'BSID', 'department': 'ML', 'section': '1'}
[2025-03-30T11:41:43.900+0000] {inout_data.py:99} INFO - Query: INSERT INTO emp_inout_rec (ingested_time, timestamp, employee_id, employee_name, factory, in_out, entrance, door_number, function, division, department, section) VALUES (%s, %s, %s, %s, %s, %s, %s, %s, %s, %s, %s)
[2025-03-30T11:41:43.900+0000] {inout_data.py:100} INFO - Params: ('2025-03-30 11:41:43', '2024-10-01 15:20:00', 2308, 'Employee61', 'FactoryA', 'IN', 'Side', '8', 'IT', 'BSID', 'ML', '1')
[2025-03-30T11:41:43.901+0000] {logging_mixin.py:188} INFO - General error executing query: not all arguments converted during string formatting
[2025-03-30T11:41:43.903+0000] {inout_data.py:83} INFO - {'ingested_time': datetime.datetime(2025, 3, 30, 11, 41, 43, 902951), 'timestamp': datetime.datetime(2024, 10, 1, 15, 9, tzinfo=datetime.timezone.utc), 'emp_id': 2774, 'employee_name': 'Employee73', 'factory': 'FactoryB', 'in_out': 'OUT', 'entrance': 'Side', 'door_number': '4', 'function': 'IT', 'division': 'BSID', 'department': 'HRSD', 'section': '1'}
[2025-03-30T11:41:43.903+0000] {inout_data.py:99} INFO - Query: INSERT INTO emp_inout_rec (ingested_time, timestamp, employee_id, employee_name, factory, in_out, entrance, door_number, function, division, department, section) VALUES (%s, %s, %s, %s, %s, %s, %s, %s, %s, %s, %s)
[2025-03-30T11:41:43.904+0000] {inout_data.py:100} INFO - Params: ('2025-03-30 11:41:43', '2024-10-01 15:09:00', 2774, 'Employee73', 'FactoryB', 'OUT', 'Side', '4', 'IT', 'BSID', 'HRSD', '1')
[2025-03-30T11:41:43.904+0000] {logging_mixin.py:188} INFO - General error executing query: not all arguments converted during string formatting
[2025-03-30T11:41:43.905+0000] {inout_data.py:102} INFO - Ingested 7 rows of dummy data for 2024-10-01 15:00:00+00:00.
[2025-03-30T11:41:43.905+0000] {logging_mixin.py:188} INFO - MariaDB connection closed.
[2025-03-30T11:41:43.905+0000] {python.py:202} INFO - Done. Returned value was: None
[2025-03-30T11:41:43.913+0000] {taskinstance.py:1149} INFO - Marking task as SUCCESS. dag_id=inout_data_ingestion, task_id=ingest_dummy_data, execution_date=20241001T150000, start_date=20250330T114143, end_date=20250330T114143
[2025-03-30T11:41:43.953+0000] {local_task_job_runner.py:234} INFO - Task exited with return code 0
[2025-03-30T11:41:43.986+0000] {taskinstance.py:3309} INFO - 0 downstream tasks scheduled from follow-on schedule check
