[2025-03-30T11:11:49.804+0000] {taskinstance.py:1979} INFO - Dependencies all met for dep_context=non-requeueable deps ti=<TaskInstance: inout_data_ingestion.ingest_dummy_data scheduled__2024-10-04T12:00:00+00:00 [queued]>
[2025-03-30T11:11:49.833+0000] {taskinstance.py:1979} INFO - Dependencies all met for dep_context=requeueable deps ti=<TaskInstance: inout_data_ingestion.ingest_dummy_data scheduled__2024-10-04T12:00:00+00:00 [queued]>
[2025-03-30T11:11:49.838+0000] {taskinstance.py:2193} INFO - Starting attempt 1 of 2
[2025-03-30T11:11:49.903+0000] {taskinstance.py:2214} INFO - Executing <Task(PythonOperator): ingest_dummy_data> on 2024-10-04 12:00:00+00:00
[2025-03-30T11:11:49.921+0000] {standard_task_runner.py:60} INFO - Started process 1173 to run task
[2025-03-30T11:11:49.941+0000] {standard_task_runner.py:87} INFO - Running: ['***', 'tasks', 'run', 'inout_data_ingestion', 'ingest_dummy_data', 'scheduled__2024-10-04T12:00:00+00:00', '--job-id', '560', '--raw', '--subdir', 'DAGS_FOLDER/inout_data.py', '--cfg-path', '/tmp/tmpgs1849p5']
[2025-03-30T11:11:49.946+0000] {standard_task_runner.py:88} INFO - Job 560: Subtask ingest_dummy_data
[2025-03-30T11:11:49.988+0000] {warnings.py:109} WARNING - /home/***/.local/lib/python3.8/site-packages/***/settings.py:194: DeprecationWarning: The sql_alchemy_conn option in [core] has been moved to the sql_alchemy_conn option in [database] - the old setting has been used, but please update your config.
  SQL_ALCHEMY_CONN = conf.get("database", "SQL_ALCHEMY_CONN")

[2025-03-30T11:11:50.070+0000] {task_command.py:423} INFO - Running <TaskInstance: inout_data_ingestion.ingest_dummy_data scheduled__2024-10-04T12:00:00+00:00 [running]> on host ff9d64b065e6
[2025-03-30T11:11:50.224+0000] {taskinstance.py:2510} INFO - Exporting env vars: AIRFLOW_CTX_DAG_OWNER='***' AIRFLOW_CTX_DAG_ID='inout_data_ingestion' AIRFLOW_CTX_TASK_ID='ingest_dummy_data' AIRFLOW_CTX_EXECUTION_DATE='2024-10-04T12:00:00+00:00' AIRFLOW_CTX_TRY_NUMBER='1' AIRFLOW_CTX_DAG_RUN_ID='scheduled__2024-10-04T12:00:00+00:00'
[2025-03-30T11:11:50.229+0000] {inout_data.py:42} INFO - Successfully connected to MariaDB: INOUT on mariadb:3306
[2025-03-30T11:11:50.233+0000] {inout_data.py:63} ERROR - Error executing query: (1062, "Duplicate entry '2025-03-30 11:11:50-3544' for key 'PRIMARY'")
[2025-03-30T11:11:50.234+0000] {inout_data.py:63} ERROR - Error executing query: (1062, "Duplicate entry '2025-03-30 11:11:50-3544' for key 'PRIMARY'")
[2025-03-30T11:11:50.236+0000] {inout_data.py:63} ERROR - Error executing query: (1062, "Duplicate entry '2025-03-30 11:11:50-3544' for key 'PRIMARY'")
[2025-03-30T11:11:50.236+0000] {inout_data.py:63} ERROR - Error executing query: (1062, "Duplicate entry '2025-03-30 11:11:50-3544' for key 'PRIMARY'")
[2025-03-30T11:11:50.237+0000] {inout_data.py:63} ERROR - Error executing query: (1062, "Duplicate entry '2025-03-30 11:11:50-3544' for key 'PRIMARY'")
[2025-03-30T11:11:50.238+0000] {inout_data.py:63} ERROR - Error executing query: (1062, "Duplicate entry '2025-03-30 11:11:50-3544' for key 'PRIMARY'")
[2025-03-30T11:11:50.239+0000] {inout_data.py:159} INFO - Ingested 7 rows of dummy data.
[2025-03-30T11:11:50.240+0000] {inout_data.py:78} INFO - MariaDB connection closed.
[2025-03-30T11:11:50.241+0000] {python.py:202} INFO - Done. Returned value was: None
[2025-03-30T11:11:50.269+0000] {taskinstance.py:1149} INFO - Marking task as SUCCESS. dag_id=inout_data_ingestion, task_id=ingest_dummy_data, execution_date=20241004T120000, start_date=20250330T111149, end_date=20250330T111150
[2025-03-30T11:11:50.343+0000] {local_task_job_runner.py:234} INFO - Task exited with return code 0
[2025-03-30T11:11:50.504+0000] {taskinstance.py:3309} INFO - 0 downstream tasks scheduled from follow-on schedule check
[2025-03-30T11:18:23.125+0000] {taskinstance.py:1979} INFO - Dependencies all met for dep_context=non-requeueable deps ti=<TaskInstance: inout_data_ingestion.ingest_dummy_data scheduled__2024-10-04T12:00:00+00:00 [queued]>
[2025-03-30T11:18:23.141+0000] {taskinstance.py:1979} INFO - Dependencies all met for dep_context=requeueable deps ti=<TaskInstance: inout_data_ingestion.ingest_dummy_data scheduled__2024-10-04T12:00:00+00:00 [queued]>
[2025-03-30T11:18:23.142+0000] {taskinstance.py:2193} INFO - Starting attempt 1 of 2
[2025-03-30T11:18:23.181+0000] {taskinstance.py:2214} INFO - Executing <Task(PythonOperator): ingest_dummy_data> on 2024-10-04 12:00:00+00:00
[2025-03-30T11:18:23.225+0000] {standard_task_runner.py:60} INFO - Started process 3025 to run task
[2025-03-30T11:18:23.269+0000] {standard_task_runner.py:87} INFO - Running: ['***', 'tasks', 'run', 'inout_data_ingestion', 'ingest_dummy_data', 'scheduled__2024-10-04T12:00:00+00:00', '--job-id', '1486', '--raw', '--subdir', 'DAGS_FOLDER/inout_data.py', '--cfg-path', '/tmp/tmpn384llnn']
[2025-03-30T11:18:23.288+0000] {standard_task_runner.py:88} INFO - Job 1486: Subtask ingest_dummy_data
[2025-03-30T11:18:23.351+0000] {warnings.py:109} WARNING - /home/***/.local/lib/python3.8/site-packages/***/settings.py:194: DeprecationWarning: The sql_alchemy_conn option in [core] has been moved to the sql_alchemy_conn option in [database] - the old setting has been used, but please update your config.
  SQL_ALCHEMY_CONN = conf.get("database", "SQL_ALCHEMY_CONN")

[2025-03-30T11:18:23.617+0000] {task_command.py:423} INFO - Running <TaskInstance: inout_data_ingestion.ingest_dummy_data scheduled__2024-10-04T12:00:00+00:00 [running]> on host ff9d64b065e6
[2025-03-30T11:18:23.877+0000] {taskinstance.py:2510} INFO - Exporting env vars: AIRFLOW_CTX_DAG_OWNER='***' AIRFLOW_CTX_DAG_ID='inout_data_ingestion' AIRFLOW_CTX_TASK_ID='ingest_dummy_data' AIRFLOW_CTX_EXECUTION_DATE='2024-10-04T12:00:00+00:00' AIRFLOW_CTX_TRY_NUMBER='1' AIRFLOW_CTX_DAG_RUN_ID='scheduled__2024-10-04T12:00:00+00:00'
[2025-03-30T11:18:23.906+0000] {inout_data.py:42} INFO - Successfully connected to MariaDB: INOUT on mariadb:3306
[2025-03-30T11:18:23.917+0000] {inout_data.py:63} ERROR - Error executing query: (1062, "Duplicate entry '2025-03-30 11:18:23-8312' for key 'PRIMARY'")
[2025-03-30T11:18:23.923+0000] {inout_data.py:63} ERROR - Error executing query: (1062, "Duplicate entry '2025-03-30 11:18:23-8312' for key 'PRIMARY'")
[2025-03-30T11:18:23.925+0000] {inout_data.py:63} ERROR - Error executing query: (1062, "Duplicate entry '2025-03-30 11:18:23-8312' for key 'PRIMARY'")
[2025-03-30T11:18:23.933+0000] {inout_data.py:63} ERROR - Error executing query: (1062, "Duplicate entry '2025-03-30 11:18:23-8312' for key 'PRIMARY'")
[2025-03-30T11:18:23.938+0000] {inout_data.py:63} ERROR - Error executing query: (1062, "Duplicate entry '2025-03-30 11:18:23-8312' for key 'PRIMARY'")
[2025-03-30T11:18:23.940+0000] {inout_data.py:63} ERROR - Error executing query: (1062, "Duplicate entry '2025-03-30 11:18:23-8312' for key 'PRIMARY'")
[2025-03-30T11:18:23.943+0000] {inout_data.py:152} INFO - Ingested 7 rows of dummy data.
[2025-03-30T11:18:23.951+0000] {inout_data.py:78} INFO - MariaDB connection closed.
[2025-03-30T11:18:23.953+0000] {python.py:202} INFO - Done. Returned value was: None
[2025-03-30T11:18:24.031+0000] {taskinstance.py:1149} INFO - Marking task as SUCCESS. dag_id=inout_data_ingestion, task_id=ingest_dummy_data, execution_date=20241004T120000, start_date=20250330T111823, end_date=20250330T111824
[2025-03-30T11:18:24.119+0000] {local_task_job_runner.py:234} INFO - Task exited with return code 0
[2025-03-30T11:18:24.181+0000] {taskinstance.py:3309} INFO - 0 downstream tasks scheduled from follow-on schedule check
[2025-03-30T11:30:39.788+0000] {taskinstance.py:1979} INFO - Dependencies all met for dep_context=non-requeueable deps ti=<TaskInstance: inout_data_ingestion.ingest_dummy_data scheduled__2024-10-04T12:00:00+00:00 [queued]>
[2025-03-30T11:30:39.798+0000] {taskinstance.py:1979} INFO - Dependencies all met for dep_context=requeueable deps ti=<TaskInstance: inout_data_ingestion.ingest_dummy_data scheduled__2024-10-04T12:00:00+00:00 [queued]>
[2025-03-30T11:30:39.798+0000] {taskinstance.py:2193} INFO - Starting attempt 1 of 2
[2025-03-30T11:30:39.811+0000] {taskinstance.py:2214} INFO - Executing <Task(PythonOperator): ingest_dummy_data> on 2024-10-04 12:00:00+00:00
[2025-03-30T11:30:39.817+0000] {standard_task_runner.py:60} INFO - Started process 4930 to run task
[2025-03-30T11:30:39.822+0000] {standard_task_runner.py:87} INFO - Running: ['***', 'tasks', 'run', 'inout_data_ingestion', 'ingest_dummy_data', 'scheduled__2024-10-04T12:00:00+00:00', '--job-id', '2441', '--raw', '--subdir', 'DAGS_FOLDER/inout_data.py', '--cfg-path', '/tmp/tmp8ns0sunb']
[2025-03-30T11:30:39.824+0000] {standard_task_runner.py:88} INFO - Job 2441: Subtask ingest_dummy_data
[2025-03-30T11:30:39.837+0000] {warnings.py:109} WARNING - /home/***/.local/lib/python3.8/site-packages/***/settings.py:194: DeprecationWarning: The sql_alchemy_conn option in [core] has been moved to the sql_alchemy_conn option in [database] - the old setting has been used, but please update your config.
  SQL_ALCHEMY_CONN = conf.get("database", "SQL_ALCHEMY_CONN")

[2025-03-30T11:30:39.889+0000] {task_command.py:423} INFO - Running <TaskInstance: inout_data_ingestion.ingest_dummy_data scheduled__2024-10-04T12:00:00+00:00 [running]> on host ff9d64b065e6
[2025-03-30T11:30:39.942+0000] {taskinstance.py:2510} INFO - Exporting env vars: AIRFLOW_CTX_DAG_OWNER='***' AIRFLOW_CTX_DAG_ID='inout_data_ingestion' AIRFLOW_CTX_TASK_ID='ingest_dummy_data' AIRFLOW_CTX_EXECUTION_DATE='2024-10-04T12:00:00+00:00' AIRFLOW_CTX_TRY_NUMBER='1' AIRFLOW_CTX_DAG_RUN_ID='scheduled__2024-10-04T12:00:00+00:00'
[2025-03-30T11:30:39.945+0000] {logging_mixin.py:188} INFO - Successfully connected to MariaDB: INOUT on mariadb:3306
[2025-03-30T11:30:39.946+0000] {logging_mixin.py:188} INFO - General error executing query: not all arguments converted during string formatting
[2025-03-30T11:30:39.946+0000] {logging_mixin.py:188} INFO - General error executing query: not all arguments converted during string formatting
[2025-03-30T11:30:39.947+0000] {logging_mixin.py:188} INFO - General error executing query: not all arguments converted during string formatting
[2025-03-30T11:30:39.947+0000] {logging_mixin.py:188} INFO - General error executing query: not all arguments converted during string formatting
[2025-03-30T11:30:39.947+0000] {logging_mixin.py:188} INFO - General error executing query: not all arguments converted during string formatting
[2025-03-30T11:30:39.948+0000] {logging_mixin.py:188} INFO - General error executing query: not all arguments converted during string formatting
[2025-03-30T11:30:39.948+0000] {inout_data.py:87} INFO - Ingested 6 rows of dummy data for 2024-10-04 12:00:00+00:00.
[2025-03-30T11:30:39.948+0000] {logging_mixin.py:188} INFO - MariaDB connection closed.
[2025-03-30T11:30:39.949+0000] {python.py:202} INFO - Done. Returned value was: None
[2025-03-30T11:30:39.955+0000] {taskinstance.py:1149} INFO - Marking task as SUCCESS. dag_id=inout_data_ingestion, task_id=ingest_dummy_data, execution_date=20241004T120000, start_date=20250330T113039, end_date=20250330T113039
[2025-03-30T11:30:40.001+0000] {local_task_job_runner.py:234} INFO - Task exited with return code 0
[2025-03-30T11:30:40.017+0000] {taskinstance.py:3309} INFO - 0 downstream tasks scheduled from follow-on schedule check
