[2025-03-30T11:10:46.782+0000] {taskinstance.py:1979} INFO - Dependencies all met for dep_context=non-requeueable deps ti=<TaskInstance: inout_data_ingestion.create_table scheduled__2024-10-02T18:00:00+00:00 [queued]>
[2025-03-30T11:10:46.798+0000] {taskinstance.py:1979} INFO - Dependencies all met for dep_context=requeueable deps ti=<TaskInstance: inout_data_ingestion.create_table scheduled__2024-10-02T18:00:00+00:00 [queued]>
[2025-03-30T11:10:46.798+0000] {taskinstance.py:2193} INFO - Starting attempt 1 of 2
[2025-03-30T11:10:46.811+0000] {taskinstance.py:2214} INFO - Executing <Task(PythonOperator): create_table> on 2024-10-02 18:00:00+00:00
[2025-03-30T11:10:46.816+0000] {standard_task_runner.py:60} INFO - Started process 818 to run task
[2025-03-30T11:10:46.821+0000] {standard_task_runner.py:87} INFO - Running: ['***', 'tasks', 'run', 'inout_data_ingestion', 'create_table', 'scheduled__2024-10-02T18:00:00+00:00', '--job-id', '383', '--raw', '--subdir', 'DAGS_FOLDER/inout_data.py', '--cfg-path', '/tmp/tmp4l886b3r']
[2025-03-30T11:10:46.822+0000] {standard_task_runner.py:88} INFO - Job 383: Subtask create_table
[2025-03-30T11:10:46.836+0000] {warnings.py:109} WARNING - /home/***/.local/lib/python3.8/site-packages/***/settings.py:194: DeprecationWarning: The sql_alchemy_conn option in [core] has been moved to the sql_alchemy_conn option in [database] - the old setting has been used, but please update your config.
  SQL_ALCHEMY_CONN = conf.get("database", "SQL_ALCHEMY_CONN")

[2025-03-30T11:10:46.871+0000] {task_command.py:423} INFO - Running <TaskInstance: inout_data_ingestion.create_table scheduled__2024-10-02T18:00:00+00:00 [running]> on host ff9d64b065e6
[2025-03-30T11:10:46.944+0000] {taskinstance.py:2510} INFO - Exporting env vars: AIRFLOW_CTX_DAG_OWNER='***' AIRFLOW_CTX_DAG_ID='inout_data_ingestion' AIRFLOW_CTX_TASK_ID='create_table' AIRFLOW_CTX_EXECUTION_DATE='2024-10-02T18:00:00+00:00' AIRFLOW_CTX_TRY_NUMBER='1' AIRFLOW_CTX_DAG_RUN_ID='scheduled__2024-10-02T18:00:00+00:00'
[2025-03-30T11:10:46.950+0000] {inout_data.py:42} INFO - Successfully connected to MariaDB: INOUT on mariadb:3306
[2025-03-30T11:10:46.952+0000] {inout_data.py:124} INFO - Table emp_inout_rec created (if it didn't exist).
[2025-03-30T11:10:46.953+0000] {inout_data.py:78} INFO - MariaDB connection closed.
[2025-03-30T11:10:46.954+0000] {python.py:202} INFO - Done. Returned value was: None
[2025-03-30T11:10:46.965+0000] {taskinstance.py:1149} INFO - Marking task as SUCCESS. dag_id=inout_data_ingestion, task_id=create_table, execution_date=20241002T180000, start_date=20250330T111046, end_date=20250330T111046
[2025-03-30T11:10:47.002+0000] {local_task_job_runner.py:234} INFO - Task exited with return code 0
[2025-03-30T11:10:47.024+0000] {taskinstance.py:3309} INFO - 1 downstream tasks scheduled from follow-on schedule check
[2025-03-30T11:17:22.736+0000] {taskinstance.py:1979} INFO - Dependencies all met for dep_context=non-requeueable deps ti=<TaskInstance: inout_data_ingestion.create_table scheduled__2024-10-02T18:00:00+00:00 [queued]>
[2025-03-30T11:17:22.759+0000] {taskinstance.py:1979} INFO - Dependencies all met for dep_context=requeueable deps ti=<TaskInstance: inout_data_ingestion.create_table scheduled__2024-10-02T18:00:00+00:00 [queued]>
[2025-03-30T11:17:22.762+0000] {taskinstance.py:2193} INFO - Starting attempt 1 of 2
[2025-03-30T11:17:22.794+0000] {taskinstance.py:2214} INFO - Executing <Task(PythonOperator): create_table> on 2024-10-02 18:00:00+00:00
[2025-03-30T11:17:22.801+0000] {standard_task_runner.py:60} INFO - Started process 2666 to run task
[2025-03-30T11:17:22.814+0000] {standard_task_runner.py:87} INFO - Running: ['***', 'tasks', 'run', 'inout_data_ingestion', 'create_table', 'scheduled__2024-10-02T18:00:00+00:00', '--job-id', '1307', '--raw', '--subdir', 'DAGS_FOLDER/inout_data.py', '--cfg-path', '/tmp/tmp6rzhv_9c']
[2025-03-30T11:17:22.821+0000] {standard_task_runner.py:88} INFO - Job 1307: Subtask create_table
[2025-03-30T11:17:22.860+0000] {warnings.py:109} WARNING - /home/***/.local/lib/python3.8/site-packages/***/settings.py:194: DeprecationWarning: The sql_alchemy_conn option in [core] has been moved to the sql_alchemy_conn option in [database] - the old setting has been used, but please update your config.
  SQL_ALCHEMY_CONN = conf.get("database", "SQL_ALCHEMY_CONN")

[2025-03-30T11:17:22.931+0000] {task_command.py:423} INFO - Running <TaskInstance: inout_data_ingestion.create_table scheduled__2024-10-02T18:00:00+00:00 [running]> on host ff9d64b065e6
[2025-03-30T11:17:23.099+0000] {taskinstance.py:2510} INFO - Exporting env vars: AIRFLOW_CTX_DAG_OWNER='***' AIRFLOW_CTX_DAG_ID='inout_data_ingestion' AIRFLOW_CTX_TASK_ID='create_table' AIRFLOW_CTX_EXECUTION_DATE='2024-10-02T18:00:00+00:00' AIRFLOW_CTX_TRY_NUMBER='1' AIRFLOW_CTX_DAG_RUN_ID='scheduled__2024-10-02T18:00:00+00:00'
[2025-03-30T11:17:23.112+0000] {inout_data.py:42} INFO - Successfully connected to MariaDB: INOUT on mariadb:3306
[2025-03-30T11:17:23.114+0000] {inout_data.py:117} INFO - Table emp_inout_rec created (if it didn't exist).
[2025-03-30T11:17:23.115+0000] {inout_data.py:78} INFO - MariaDB connection closed.
[2025-03-30T11:17:23.115+0000] {python.py:202} INFO - Done. Returned value was: None
[2025-03-30T11:17:23.129+0000] {taskinstance.py:1149} INFO - Marking task as SUCCESS. dag_id=inout_data_ingestion, task_id=create_table, execution_date=20241002T180000, start_date=20250330T111722, end_date=20250330T111723
[2025-03-30T11:17:23.206+0000] {local_task_job_runner.py:234} INFO - Task exited with return code 0
[2025-03-30T11:17:23.267+0000] {taskinstance.py:3309} INFO - 1 downstream tasks scheduled from follow-on schedule check
[2025-03-30T11:29:49.871+0000] {taskinstance.py:1979} INFO - Dependencies all met for dep_context=non-requeueable deps ti=<TaskInstance: inout_data_ingestion.create_table scheduled__2024-10-02T18:00:00+00:00 [queued]>
[2025-03-30T11:29:49.887+0000] {taskinstance.py:1979} INFO - Dependencies all met for dep_context=requeueable deps ti=<TaskInstance: inout_data_ingestion.create_table scheduled__2024-10-02T18:00:00+00:00 [queued]>
[2025-03-30T11:29:49.887+0000] {taskinstance.py:2193} INFO - Starting attempt 1 of 2
[2025-03-30T11:29:49.951+0000] {taskinstance.py:2214} INFO - Executing <Task(PythonOperator): create_table> on 2024-10-02 18:00:00+00:00
[2025-03-30T11:29:49.961+0000] {standard_task_runner.py:60} INFO - Started process 4588 to run task
[2025-03-30T11:29:49.965+0000] {standard_task_runner.py:87} INFO - Running: ['***', 'tasks', 'run', 'inout_data_ingestion', 'create_table', 'scheduled__2024-10-02T18:00:00+00:00', '--job-id', '2268', '--raw', '--subdir', 'DAGS_FOLDER/inout_data.py', '--cfg-path', '/tmp/tmpn1a9rdgw']
[2025-03-30T11:29:49.970+0000] {standard_task_runner.py:88} INFO - Job 2268: Subtask create_table
[2025-03-30T11:29:49.991+0000] {warnings.py:109} WARNING - /home/***/.local/lib/python3.8/site-packages/***/settings.py:194: DeprecationWarning: The sql_alchemy_conn option in [core] has been moved to the sql_alchemy_conn option in [database] - the old setting has been used, but please update your config.
  SQL_ALCHEMY_CONN = conf.get("database", "SQL_ALCHEMY_CONN")

[2025-03-30T11:29:50.021+0000] {task_command.py:423} INFO - Running <TaskInstance: inout_data_ingestion.create_table scheduled__2024-10-02T18:00:00+00:00 [running]> on host ff9d64b065e6
[2025-03-30T11:29:50.106+0000] {taskinstance.py:2510} INFO - Exporting env vars: AIRFLOW_CTX_DAG_OWNER='***' AIRFLOW_CTX_DAG_ID='inout_data_ingestion' AIRFLOW_CTX_TASK_ID='create_table' AIRFLOW_CTX_EXECUTION_DATE='2024-10-02T18:00:00+00:00' AIRFLOW_CTX_TRY_NUMBER='1' AIRFLOW_CTX_DAG_RUN_ID='scheduled__2024-10-02T18:00:00+00:00'
[2025-03-30T11:29:50.111+0000] {logging_mixin.py:188} INFO - Successfully connected to MariaDB: INOUT on mariadb:3306
[2025-03-30T11:29:50.112+0000] {inout_data.py:46} INFO - Table emp_inout_rec created (if it didn't exist).
[2025-03-30T11:29:50.113+0000] {logging_mixin.py:188} INFO - MariaDB connection closed.
[2025-03-30T11:29:50.113+0000] {python.py:202} INFO - Done. Returned value was: None
[2025-03-30T11:29:50.127+0000] {taskinstance.py:1149} INFO - Marking task as SUCCESS. dag_id=inout_data_ingestion, task_id=create_table, execution_date=20241002T180000, start_date=20250330T112949, end_date=20250330T112950
[2025-03-30T11:29:50.193+0000] {local_task_job_runner.py:234} INFO - Task exited with return code 0
[2025-03-30T11:29:50.216+0000] {taskinstance.py:3309} INFO - 1 downstream tasks scheduled from follow-on schedule check
[2025-03-30T11:34:44.250+0000] {taskinstance.py:1979} INFO - Dependencies all met for dep_context=non-requeueable deps ti=<TaskInstance: inout_data_ingestion.create_table scheduled__2024-10-02T18:00:00+00:00 [queued]>
[2025-03-30T11:34:44.279+0000] {taskinstance.py:1979} INFO - Dependencies all met for dep_context=requeueable deps ti=<TaskInstance: inout_data_ingestion.create_table scheduled__2024-10-02T18:00:00+00:00 [queued]>
[2025-03-30T11:34:44.280+0000] {taskinstance.py:2193} INFO - Starting attempt 1 of 2
[2025-03-30T11:34:44.301+0000] {taskinstance.py:2214} INFO - Executing <Task(PythonOperator): create_table> on 2024-10-02 18:00:00+00:00
[2025-03-30T11:34:44.312+0000] {standard_task_runner.py:60} INFO - Started process 6044 to run task
[2025-03-30T11:34:44.318+0000] {standard_task_runner.py:87} INFO - Running: ['***', 'tasks', 'run', 'inout_data_ingestion', 'create_table', 'scheduled__2024-10-02T18:00:00+00:00', '--job-id', '2996', '--raw', '--subdir', 'DAGS_FOLDER/inout_data.py', '--cfg-path', '/tmp/tmpghfg6ome']
[2025-03-30T11:34:44.320+0000] {standard_task_runner.py:88} INFO - Job 2996: Subtask create_table
[2025-03-30T11:34:44.335+0000] {warnings.py:109} WARNING - /home/***/.local/lib/python3.8/site-packages/***/settings.py:194: DeprecationWarning: The sql_alchemy_conn option in [core] has been moved to the sql_alchemy_conn option in [database] - the old setting has been used, but please update your config.
  SQL_ALCHEMY_CONN = conf.get("database", "SQL_ALCHEMY_CONN")

[2025-03-30T11:34:44.385+0000] {task_command.py:423} INFO - Running <TaskInstance: inout_data_ingestion.create_table scheduled__2024-10-02T18:00:00+00:00 [running]> on host ff9d64b065e6
[2025-03-30T11:34:44.544+0000] {taskinstance.py:2510} INFO - Exporting env vars: AIRFLOW_CTX_DAG_OWNER='***' AIRFLOW_CTX_DAG_ID='inout_data_ingestion' AIRFLOW_CTX_TASK_ID='create_table' AIRFLOW_CTX_EXECUTION_DATE='2024-10-02T18:00:00+00:00' AIRFLOW_CTX_TRY_NUMBER='1' AIRFLOW_CTX_DAG_RUN_ID='scheduled__2024-10-02T18:00:00+00:00'
[2025-03-30T11:34:44.555+0000] {logging_mixin.py:188} INFO - Successfully connected to MariaDB: INOUT on mariadb:3306
[2025-03-30T11:34:44.557+0000] {inout_data.py:46} INFO - Table emp_inout_rec created (if it didn't exist).
[2025-03-30T11:34:44.558+0000] {logging_mixin.py:188} INFO - MariaDB connection closed.
[2025-03-30T11:34:44.559+0000] {python.py:202} INFO - Done. Returned value was: None
[2025-03-30T11:34:44.575+0000] {taskinstance.py:1149} INFO - Marking task as SUCCESS. dag_id=inout_data_ingestion, task_id=create_table, execution_date=20241002T180000, start_date=20250330T113444, end_date=20250330T113444
[2025-03-30T11:34:44.626+0000] {local_task_job_runner.py:234} INFO - Task exited with return code 0
[2025-03-30T11:34:44.692+0000] {taskinstance.py:3309} INFO - 1 downstream tasks scheduled from follow-on schedule check
