[2025-03-30T11:13:45.473+0000] {taskinstance.py:1979} INFO - Dependencies all met for dep_context=non-requeueable deps ti=<TaskInstance: inout_data_ingestion.create_table scheduled__2024-10-08T03:30:00+00:00 [queued]>
[2025-03-30T11:13:45.488+0000] {taskinstance.py:1979} INFO - Dependencies all met for dep_context=requeueable deps ti=<TaskInstance: inout_data_ingestion.create_table scheduled__2024-10-08T03:30:00+00:00 [queued]>
[2025-03-30T11:13:45.490+0000] {taskinstance.py:2193} INFO - Starting attempt 1 of 2
[2025-03-30T11:13:45.510+0000] {taskinstance.py:2214} INFO - Executing <Task(PythonOperator): create_table> on 2024-10-08 03:30:00+00:00
[2025-03-30T11:13:45.517+0000] {standard_task_runner.py:60} INFO - Started process 1854 to run task
[2025-03-30T11:13:45.525+0000] {standard_task_runner.py:87} INFO - Running: ['***', 'tasks', 'run', 'inout_data_ingestion', 'create_table', 'scheduled__2024-10-08T03:30:00+00:00', '--job-id', '901', '--raw', '--subdir', 'DAGS_FOLDER/inout_data.py', '--cfg-path', '/tmp/tmphdfft7m2']
[2025-03-30T11:13:45.527+0000] {standard_task_runner.py:88} INFO - Job 901: Subtask create_table
[2025-03-30T11:13:45.546+0000] {warnings.py:109} WARNING - /home/***/.local/lib/python3.8/site-packages/***/settings.py:194: DeprecationWarning: The sql_alchemy_conn option in [core] has been moved to the sql_alchemy_conn option in [database] - the old setting has been used, but please update your config.
  SQL_ALCHEMY_CONN = conf.get("database", "SQL_ALCHEMY_CONN")

[2025-03-30T11:13:45.622+0000] {task_command.py:423} INFO - Running <TaskInstance: inout_data_ingestion.create_table scheduled__2024-10-08T03:30:00+00:00 [running]> on host ff9d64b065e6
[2025-03-30T11:13:45.730+0000] {taskinstance.py:2510} INFO - Exporting env vars: AIRFLOW_CTX_DAG_OWNER='***' AIRFLOW_CTX_DAG_ID='inout_data_ingestion' AIRFLOW_CTX_TASK_ID='create_table' AIRFLOW_CTX_EXECUTION_DATE='2024-10-08T03:30:00+00:00' AIRFLOW_CTX_TRY_NUMBER='1' AIRFLOW_CTX_DAG_RUN_ID='scheduled__2024-10-08T03:30:00+00:00'
[2025-03-30T11:13:45.734+0000] {inout_data.py:42} INFO - Successfully connected to MariaDB: INOUT on mariadb:3306
[2025-03-30T11:13:45.735+0000] {inout_data.py:124} INFO - Table emp_inout_rec created (if it didn't exist).
[2025-03-30T11:13:45.736+0000] {inout_data.py:78} INFO - MariaDB connection closed.
[2025-03-30T11:13:45.736+0000] {python.py:202} INFO - Done. Returned value was: None
[2025-03-30T11:13:45.748+0000] {taskinstance.py:1149} INFO - Marking task as SUCCESS. dag_id=inout_data_ingestion, task_id=create_table, execution_date=20241008T033000, start_date=20250330T111345, end_date=20250330T111345
[2025-03-30T11:13:45.787+0000] {local_task_job_runner.py:234} INFO - Task exited with return code 0
[2025-03-30T11:13:45.839+0000] {taskinstance.py:3309} INFO - 1 downstream tasks scheduled from follow-on schedule check
[2025-03-30T11:20:27.990+0000] {taskinstance.py:1979} INFO - Dependencies all met for dep_context=non-requeueable deps ti=<TaskInstance: inout_data_ingestion.create_table scheduled__2024-10-08T03:30:00+00:00 [queued]>
[2025-03-30T11:20:28.011+0000] {taskinstance.py:1979} INFO - Dependencies all met for dep_context=requeueable deps ti=<TaskInstance: inout_data_ingestion.create_table scheduled__2024-10-08T03:30:00+00:00 [queued]>
[2025-03-30T11:20:28.012+0000] {taskinstance.py:2193} INFO - Starting attempt 1 of 2
[2025-03-30T11:20:28.044+0000] {taskinstance.py:2214} INFO - Executing <Task(PythonOperator): create_table> on 2024-10-08 03:30:00+00:00
[2025-03-30T11:20:28.067+0000] {standard_task_runner.py:60} INFO - Started process 3706 to run task
[2025-03-30T11:20:28.094+0000] {standard_task_runner.py:87} INFO - Running: ['***', 'tasks', 'run', 'inout_data_ingestion', 'create_table', 'scheduled__2024-10-08T03:30:00+00:00', '--job-id', '1828', '--raw', '--subdir', 'DAGS_FOLDER/inout_data.py', '--cfg-path', '/tmp/tmp7j3l21a7']
[2025-03-30T11:20:28.108+0000] {standard_task_runner.py:88} INFO - Job 1828: Subtask create_table
[2025-03-30T11:20:28.187+0000] {warnings.py:109} WARNING - /home/***/.local/lib/python3.8/site-packages/***/settings.py:194: DeprecationWarning: The sql_alchemy_conn option in [core] has been moved to the sql_alchemy_conn option in [database] - the old setting has been used, but please update your config.
  SQL_ALCHEMY_CONN = conf.get("database", "SQL_ALCHEMY_CONN")

[2025-03-30T11:20:28.308+0000] {task_command.py:423} INFO - Running <TaskInstance: inout_data_ingestion.create_table scheduled__2024-10-08T03:30:00+00:00 [running]> on host ff9d64b065e6
[2025-03-30T11:20:28.451+0000] {taskinstance.py:2510} INFO - Exporting env vars: AIRFLOW_CTX_DAG_OWNER='***' AIRFLOW_CTX_DAG_ID='inout_data_ingestion' AIRFLOW_CTX_TASK_ID='create_table' AIRFLOW_CTX_EXECUTION_DATE='2024-10-08T03:30:00+00:00' AIRFLOW_CTX_TRY_NUMBER='1' AIRFLOW_CTX_DAG_RUN_ID='scheduled__2024-10-08T03:30:00+00:00'
[2025-03-30T11:20:28.459+0000] {inout_data.py:42} INFO - Successfully connected to MariaDB: INOUT on mariadb:3306
[2025-03-30T11:20:28.461+0000] {inout_data.py:117} INFO - Table emp_inout_rec created (if it didn't exist).
[2025-03-30T11:20:28.462+0000] {inout_data.py:78} INFO - MariaDB connection closed.
[2025-03-30T11:20:28.463+0000] {python.py:202} INFO - Done. Returned value was: None
[2025-03-30T11:20:28.484+0000] {taskinstance.py:1149} INFO - Marking task as SUCCESS. dag_id=inout_data_ingestion, task_id=create_table, execution_date=20241008T033000, start_date=20250330T112027, end_date=20250330T112028
[2025-03-30T11:20:28.556+0000] {local_task_job_runner.py:234} INFO - Task exited with return code 0
[2025-03-30T11:20:28.615+0000] {taskinstance.py:3309} INFO - 1 downstream tasks scheduled from follow-on schedule check
