[2025-03-30T11:12:39.041+0000] {taskinstance.py:1979} INFO - Dependencies all met for dep_context=non-requeueable deps ti=<TaskInstance: inout_data_ingestion.create_table scheduled__2024-10-06T01:30:00+00:00 [queued]>
[2025-03-30T11:12:39.088+0000] {taskinstance.py:1979} INFO - Dependencies all met for dep_context=requeueable deps ti=<TaskInstance: inout_data_ingestion.create_table scheduled__2024-10-06T01:30:00+00:00 [queued]>
[2025-03-30T11:12:39.092+0000] {taskinstance.py:2193} INFO - Starting attempt 1 of 2
[2025-03-30T11:12:39.124+0000] {taskinstance.py:2214} INFO - Executing <Task(PythonOperator): create_table> on 2024-10-06 01:30:00+00:00
[2025-03-30T11:12:39.131+0000] {standard_task_runner.py:60} INFO - Started process 1452 to run task
[2025-03-30T11:12:39.142+0000] {standard_task_runner.py:87} INFO - Running: ['***', 'tasks', 'run', 'inout_data_ingestion', 'create_table', 'scheduled__2024-10-06T01:30:00+00:00', '--job-id', '699', '--raw', '--subdir', 'DAGS_FOLDER/inout_data.py', '--cfg-path', '/tmp/tmpk33vi2_i']
[2025-03-30T11:12:39.146+0000] {standard_task_runner.py:88} INFO - Job 699: Subtask create_table
[2025-03-30T11:12:39.166+0000] {warnings.py:109} WARNING - /home/***/.local/lib/python3.8/site-packages/***/settings.py:194: DeprecationWarning: The sql_alchemy_conn option in [core] has been moved to the sql_alchemy_conn option in [database] - the old setting has been used, but please update your config.
  SQL_ALCHEMY_CONN = conf.get("database", "SQL_ALCHEMY_CONN")

[2025-03-30T11:12:39.237+0000] {task_command.py:423} INFO - Running <TaskInstance: inout_data_ingestion.create_table scheduled__2024-10-06T01:30:00+00:00 [running]> on host ff9d64b065e6
[2025-03-30T11:12:39.751+0000] {taskinstance.py:2510} INFO - Exporting env vars: AIRFLOW_CTX_DAG_OWNER='***' AIRFLOW_CTX_DAG_ID='inout_data_ingestion' AIRFLOW_CTX_TASK_ID='create_table' AIRFLOW_CTX_EXECUTION_DATE='2024-10-06T01:30:00+00:00' AIRFLOW_CTX_TRY_NUMBER='1' AIRFLOW_CTX_DAG_RUN_ID='scheduled__2024-10-06T01:30:00+00:00'
[2025-03-30T11:12:39.763+0000] {inout_data.py:42} INFO - Successfully connected to MariaDB: INOUT on mariadb:3306
[2025-03-30T11:12:39.768+0000] {inout_data.py:124} INFO - Table emp_inout_rec created (if it didn't exist).
[2025-03-30T11:12:39.770+0000] {inout_data.py:78} INFO - MariaDB connection closed.
[2025-03-30T11:12:39.773+0000] {python.py:202} INFO - Done. Returned value was: None
[2025-03-30T11:12:39.793+0000] {taskinstance.py:1149} INFO - Marking task as SUCCESS. dag_id=inout_data_ingestion, task_id=create_table, execution_date=20241006T013000, start_date=20250330T111239, end_date=20250330T111239
[2025-03-30T11:12:39.853+0000] {local_task_job_runner.py:234} INFO - Task exited with return code 0
[2025-03-30T11:12:39.952+0000] {taskinstance.py:3309} INFO - 1 downstream tasks scheduled from follow-on schedule check
[2025-03-30T11:19:17.751+0000] {taskinstance.py:1979} INFO - Dependencies all met for dep_context=non-requeueable deps ti=<TaskInstance: inout_data_ingestion.create_table scheduled__2024-10-06T01:30:00+00:00 [queued]>
[2025-03-30T11:19:17.760+0000] {taskinstance.py:1979} INFO - Dependencies all met for dep_context=requeueable deps ti=<TaskInstance: inout_data_ingestion.create_table scheduled__2024-10-06T01:30:00+00:00 [queued]>
[2025-03-30T11:19:17.761+0000] {taskinstance.py:2193} INFO - Starting attempt 1 of 2
[2025-03-30T11:19:17.781+0000] {taskinstance.py:2214} INFO - Executing <Task(PythonOperator): create_table> on 2024-10-06 01:30:00+00:00
[2025-03-30T11:19:17.786+0000] {standard_task_runner.py:60} INFO - Started process 3303 to run task
[2025-03-30T11:19:17.793+0000] {standard_task_runner.py:87} INFO - Running: ['***', 'tasks', 'run', 'inout_data_ingestion', 'create_table', 'scheduled__2024-10-06T01:30:00+00:00', '--job-id', '1626', '--raw', '--subdir', 'DAGS_FOLDER/inout_data.py', '--cfg-path', '/tmp/tmpk20ixxhv']
[2025-03-30T11:19:17.795+0000] {standard_task_runner.py:88} INFO - Job 1626: Subtask create_table
[2025-03-30T11:19:17.814+0000] {warnings.py:109} WARNING - /home/***/.local/lib/python3.8/site-packages/***/settings.py:194: DeprecationWarning: The sql_alchemy_conn option in [core] has been moved to the sql_alchemy_conn option in [database] - the old setting has been used, but please update your config.
  SQL_ALCHEMY_CONN = conf.get("database", "SQL_ALCHEMY_CONN")

[2025-03-30T11:19:17.849+0000] {task_command.py:423} INFO - Running <TaskInstance: inout_data_ingestion.create_table scheduled__2024-10-06T01:30:00+00:00 [running]> on host ff9d64b065e6
[2025-03-30T11:19:17.999+0000] {taskinstance.py:2510} INFO - Exporting env vars: AIRFLOW_CTX_DAG_OWNER='***' AIRFLOW_CTX_DAG_ID='inout_data_ingestion' AIRFLOW_CTX_TASK_ID='create_table' AIRFLOW_CTX_EXECUTION_DATE='2024-10-06T01:30:00+00:00' AIRFLOW_CTX_TRY_NUMBER='1' AIRFLOW_CTX_DAG_RUN_ID='scheduled__2024-10-06T01:30:00+00:00'
[2025-03-30T11:19:18.020+0000] {inout_data.py:42} INFO - Successfully connected to MariaDB: INOUT on mariadb:3306
[2025-03-30T11:19:18.026+0000] {inout_data.py:117} INFO - Table emp_inout_rec created (if it didn't exist).
[2025-03-30T11:19:18.027+0000] {inout_data.py:78} INFO - MariaDB connection closed.
[2025-03-30T11:19:18.029+0000] {python.py:202} INFO - Done. Returned value was: None
[2025-03-30T11:19:18.052+0000] {taskinstance.py:1149} INFO - Marking task as SUCCESS. dag_id=inout_data_ingestion, task_id=create_table, execution_date=20241006T013000, start_date=20250330T111917, end_date=20250330T111918
[2025-03-30T11:19:18.143+0000] {local_task_job_runner.py:234} INFO - Task exited with return code 0
[2025-03-30T11:19:18.218+0000] {taskinstance.py:3309} INFO - 1 downstream tasks scheduled from follow-on schedule check
[2025-03-30T11:31:25.231+0000] {taskinstance.py:1979} INFO - Dependencies all met for dep_context=non-requeueable deps ti=<TaskInstance: inout_data_ingestion.create_table scheduled__2024-10-06T01:30:00+00:00 [queued]>
[2025-03-30T11:31:25.257+0000] {taskinstance.py:1979} INFO - Dependencies all met for dep_context=requeueable deps ti=<TaskInstance: inout_data_ingestion.create_table scheduled__2024-10-06T01:30:00+00:00 [queued]>
[2025-03-30T11:31:25.259+0000] {taskinstance.py:2193} INFO - Starting attempt 1 of 2
[2025-03-30T11:31:25.293+0000] {taskinstance.py:2214} INFO - Executing <Task(PythonOperator): create_table> on 2024-10-06 01:30:00+00:00
[2025-03-30T11:31:25.302+0000] {standard_task_runner.py:60} INFO - Started process 5223 to run task
[2025-03-30T11:31:25.313+0000] {standard_task_runner.py:87} INFO - Running: ['***', 'tasks', 'run', 'inout_data_ingestion', 'create_table', 'scheduled__2024-10-06T01:30:00+00:00', '--job-id', '2585', '--raw', '--subdir', 'DAGS_FOLDER/inout_data.py', '--cfg-path', '/tmp/tmp31qt9b0c']
[2025-03-30T11:31:25.316+0000] {standard_task_runner.py:88} INFO - Job 2585: Subtask create_table
[2025-03-30T11:31:25.337+0000] {warnings.py:109} WARNING - /home/***/.local/lib/python3.8/site-packages/***/settings.py:194: DeprecationWarning: The sql_alchemy_conn option in [core] has been moved to the sql_alchemy_conn option in [database] - the old setting has been used, but please update your config.
  SQL_ALCHEMY_CONN = conf.get("database", "SQL_ALCHEMY_CONN")

[2025-03-30T11:31:25.405+0000] {task_command.py:423} INFO - Running <TaskInstance: inout_data_ingestion.create_table scheduled__2024-10-06T01:30:00+00:00 [running]> on host ff9d64b065e6
[2025-03-30T11:31:25.577+0000] {taskinstance.py:2510} INFO - Exporting env vars: AIRFLOW_CTX_DAG_OWNER='***' AIRFLOW_CTX_DAG_ID='inout_data_ingestion' AIRFLOW_CTX_TASK_ID='create_table' AIRFLOW_CTX_EXECUTION_DATE='2024-10-06T01:30:00+00:00' AIRFLOW_CTX_TRY_NUMBER='1' AIRFLOW_CTX_DAG_RUN_ID='scheduled__2024-10-06T01:30:00+00:00'
[2025-03-30T11:31:25.596+0000] {logging_mixin.py:188} INFO - Successfully connected to MariaDB: INOUT on mariadb:3306
[2025-03-30T11:31:25.605+0000] {inout_data.py:46} INFO - Table emp_inout_rec created (if it didn't exist).
[2025-03-30T11:31:25.607+0000] {logging_mixin.py:188} INFO - MariaDB connection closed.
[2025-03-30T11:31:25.615+0000] {python.py:202} INFO - Done. Returned value was: None
[2025-03-30T11:31:25.646+0000] {taskinstance.py:1149} INFO - Marking task as SUCCESS. dag_id=inout_data_ingestion, task_id=create_table, execution_date=20241006T013000, start_date=20250330T113125, end_date=20250330T113125
[2025-03-30T11:31:25.713+0000] {local_task_job_runner.py:234} INFO - Task exited with return code 0
[2025-03-30T11:31:25.801+0000] {taskinstance.py:3309} INFO - 1 downstream tasks scheduled from follow-on schedule check
