[2025-03-30T11:11:20.419+0000] {taskinstance.py:1979} INFO - Dependencies all met for dep_context=non-requeueable deps ti=<TaskInstance: inout_data_ingestion.ingest_dummy_data scheduled__2024-10-03T15:30:00+00:00 [queued]>
[2025-03-30T11:11:20.446+0000] {taskinstance.py:1979} INFO - Dependencies all met for dep_context=requeueable deps ti=<TaskInstance: inout_data_ingestion.ingest_dummy_data scheduled__2024-10-03T15:30:00+00:00 [queued]>
[2025-03-30T11:11:20.450+0000] {taskinstance.py:2193} INFO - Starting attempt 1 of 2
[2025-03-30T11:11:20.486+0000] {taskinstance.py:2214} INFO - Executing <Task(PythonOperator): ingest_dummy_data> on 2024-10-03 15:30:00+00:00
[2025-03-30T11:11:20.506+0000] {standard_task_runner.py:60} INFO - Started process 1003 to run task
[2025-03-30T11:11:20.516+0000] {standard_task_runner.py:87} INFO - Running: ['***', 'tasks', 'run', 'inout_data_ingestion', 'ingest_dummy_data', 'scheduled__2024-10-03T15:30:00+00:00', '--job-id', '475', '--raw', '--subdir', 'DAGS_FOLDER/inout_data.py', '--cfg-path', '/tmp/tmpvyp28flj']
[2025-03-30T11:11:20.519+0000] {standard_task_runner.py:88} INFO - Job 475: Subtask ingest_dummy_data
[2025-03-30T11:11:20.547+0000] {warnings.py:109} WARNING - /home/***/.local/lib/python3.8/site-packages/***/settings.py:194: DeprecationWarning: The sql_alchemy_conn option in [core] has been moved to the sql_alchemy_conn option in [database] - the old setting has been used, but please update your config.
  SQL_ALCHEMY_CONN = conf.get("database", "SQL_ALCHEMY_CONN")

[2025-03-30T11:11:20.629+0000] {task_command.py:423} INFO - Running <TaskInstance: inout_data_ingestion.ingest_dummy_data scheduled__2024-10-03T15:30:00+00:00 [running]> on host ff9d64b065e6
[2025-03-30T11:11:20.751+0000] {taskinstance.py:2510} INFO - Exporting env vars: AIRFLOW_CTX_DAG_OWNER='***' AIRFLOW_CTX_DAG_ID='inout_data_ingestion' AIRFLOW_CTX_TASK_ID='ingest_dummy_data' AIRFLOW_CTX_EXECUTION_DATE='2024-10-03T15:30:00+00:00' AIRFLOW_CTX_TRY_NUMBER='1' AIRFLOW_CTX_DAG_RUN_ID='scheduled__2024-10-03T15:30:00+00:00'
[2025-03-30T11:11:20.760+0000] {inout_data.py:42} INFO - Successfully connected to MariaDB: INOUT on mariadb:3306
[2025-03-30T11:11:20.765+0000] {inout_data.py:63} ERROR - Error executing query: (1062, "Duplicate entry '2025-03-30 11:11:20-5909' for key 'PRIMARY'")
[2025-03-30T11:11:20.767+0000] {inout_data.py:63} ERROR - Error executing query: (1062, "Duplicate entry '2025-03-30 11:11:20-5909' for key 'PRIMARY'")
[2025-03-30T11:11:20.772+0000] {inout_data.py:63} ERROR - Error executing query: (1062, "Duplicate entry '2025-03-30 11:11:20-5909' for key 'PRIMARY'")
[2025-03-30T11:11:20.774+0000] {inout_data.py:63} ERROR - Error executing query: (1062, "Duplicate entry '2025-03-30 11:11:20-5909' for key 'PRIMARY'")
[2025-03-30T11:11:20.775+0000] {inout_data.py:63} ERROR - Error executing query: (1062, "Duplicate entry '2025-03-30 11:11:20-5909' for key 'PRIMARY'")
[2025-03-30T11:11:20.778+0000] {inout_data.py:63} ERROR - Error executing query: (1062, "Duplicate entry '2025-03-30 11:11:20-5909' for key 'PRIMARY'")
[2025-03-30T11:11:20.781+0000] {inout_data.py:63} ERROR - Error executing query: (1062, "Duplicate entry '2025-03-30 11:11:20-5909' for key 'PRIMARY'")
[2025-03-30T11:11:20.782+0000] {inout_data.py:63} ERROR - Error executing query: (1062, "Duplicate entry '2025-03-30 11:11:20-5909' for key 'PRIMARY'")
[2025-03-30T11:11:20.785+0000] {inout_data.py:63} ERROR - Error executing query: (1062, "Duplicate entry '2025-03-30 11:11:20-5909' for key 'PRIMARY'")
[2025-03-30T11:11:20.786+0000] {inout_data.py:63} ERROR - Error executing query: (1062, "Duplicate entry '2025-03-30 11:11:20-5909' for key 'PRIMARY'")
[2025-03-30T11:11:20.798+0000] {inout_data.py:159} INFO - Ingested 11 rows of dummy data.
[2025-03-30T11:11:20.799+0000] {inout_data.py:78} INFO - MariaDB connection closed.
[2025-03-30T11:11:20.801+0000] {python.py:202} INFO - Done. Returned value was: None
[2025-03-30T11:11:20.825+0000] {taskinstance.py:1149} INFO - Marking task as SUCCESS. dag_id=inout_data_ingestion, task_id=ingest_dummy_data, execution_date=20241003T153000, start_date=20250330T111120, end_date=20250330T111120
[2025-03-30T11:11:20.870+0000] {local_task_job_runner.py:234} INFO - Task exited with return code 0
[2025-03-30T11:11:20.900+0000] {taskinstance.py:3309} INFO - 0 downstream tasks scheduled from follow-on schedule check
[2025-03-30T11:17:53.400+0000] {taskinstance.py:1979} INFO - Dependencies all met for dep_context=non-requeueable deps ti=<TaskInstance: inout_data_ingestion.ingest_dummy_data scheduled__2024-10-03T15:30:00+00:00 [queued]>
[2025-03-30T11:17:53.420+0000] {taskinstance.py:1979} INFO - Dependencies all met for dep_context=requeueable deps ti=<TaskInstance: inout_data_ingestion.ingest_dummy_data scheduled__2024-10-03T15:30:00+00:00 [queued]>
[2025-03-30T11:17:53.422+0000] {taskinstance.py:2193} INFO - Starting attempt 1 of 2
[2025-03-30T11:17:53.443+0000] {taskinstance.py:2214} INFO - Executing <Task(PythonOperator): ingest_dummy_data> on 2024-10-03 15:30:00+00:00
[2025-03-30T11:17:53.451+0000] {standard_task_runner.py:60} INFO - Started process 2856 to run task
[2025-03-30T11:17:53.454+0000] {standard_task_runner.py:87} INFO - Running: ['***', 'tasks', 'run', 'inout_data_ingestion', 'ingest_dummy_data', 'scheduled__2024-10-03T15:30:00+00:00', '--job-id', '1401', '--raw', '--subdir', 'DAGS_FOLDER/inout_data.py', '--cfg-path', '/tmp/tmpjizdyejz']
[2025-03-30T11:17:53.461+0000] {standard_task_runner.py:88} INFO - Job 1401: Subtask ingest_dummy_data
[2025-03-30T11:17:53.475+0000] {warnings.py:109} WARNING - /home/***/.local/lib/python3.8/site-packages/***/settings.py:194: DeprecationWarning: The sql_alchemy_conn option in [core] has been moved to the sql_alchemy_conn option in [database] - the old setting has been used, but please update your config.
  SQL_ALCHEMY_CONN = conf.get("database", "SQL_ALCHEMY_CONN")

[2025-03-30T11:17:53.525+0000] {task_command.py:423} INFO - Running <TaskInstance: inout_data_ingestion.ingest_dummy_data scheduled__2024-10-03T15:30:00+00:00 [running]> on host ff9d64b065e6
[2025-03-30T11:17:53.622+0000] {taskinstance.py:2510} INFO - Exporting env vars: AIRFLOW_CTX_DAG_OWNER='***' AIRFLOW_CTX_DAG_ID='inout_data_ingestion' AIRFLOW_CTX_TASK_ID='ingest_dummy_data' AIRFLOW_CTX_EXECUTION_DATE='2024-10-03T15:30:00+00:00' AIRFLOW_CTX_TRY_NUMBER='1' AIRFLOW_CTX_DAG_RUN_ID='scheduled__2024-10-03T15:30:00+00:00'
[2025-03-30T11:17:53.631+0000] {inout_data.py:42} INFO - Successfully connected to MariaDB: INOUT on mariadb:3306
[2025-03-30T11:17:53.633+0000] {inout_data.py:63} ERROR - Error executing query: (1062, "Duplicate entry '2025-03-30 11:17:53-6999' for key 'PRIMARY'")
[2025-03-30T11:17:53.634+0000] {inout_data.py:63} ERROR - Error executing query: (1062, "Duplicate entry '2025-03-30 11:17:53-6999' for key 'PRIMARY'")
[2025-03-30T11:17:53.635+0000] {inout_data.py:63} ERROR - Error executing query: (1062, "Duplicate entry '2025-03-30 11:17:53-6999' for key 'PRIMARY'")
[2025-03-30T11:17:53.636+0000] {inout_data.py:63} ERROR - Error executing query: (1062, "Duplicate entry '2025-03-30 11:17:53-6999' for key 'PRIMARY'")
[2025-03-30T11:17:53.636+0000] {inout_data.py:152} INFO - Ingested 5 rows of dummy data.
[2025-03-30T11:17:53.637+0000] {inout_data.py:78} INFO - MariaDB connection closed.
[2025-03-30T11:17:53.637+0000] {python.py:202} INFO - Done. Returned value was: None
[2025-03-30T11:17:53.647+0000] {taskinstance.py:1149} INFO - Marking task as SUCCESS. dag_id=inout_data_ingestion, task_id=ingest_dummy_data, execution_date=20241003T153000, start_date=20250330T111753, end_date=20250330T111753
[2025-03-30T11:17:53.685+0000] {local_task_job_runner.py:234} INFO - Task exited with return code 0
[2025-03-30T11:17:53.711+0000] {taskinstance.py:3309} INFO - 0 downstream tasks scheduled from follow-on schedule check
[2025-03-30T11:30:15.609+0000] {taskinstance.py:1979} INFO - Dependencies all met for dep_context=non-requeueable deps ti=<TaskInstance: inout_data_ingestion.ingest_dummy_data scheduled__2024-10-03T15:30:00+00:00 [queued]>
[2025-03-30T11:30:15.616+0000] {taskinstance.py:1979} INFO - Dependencies all met for dep_context=requeueable deps ti=<TaskInstance: inout_data_ingestion.ingest_dummy_data scheduled__2024-10-03T15:30:00+00:00 [queued]>
[2025-03-30T11:30:15.616+0000] {taskinstance.py:2193} INFO - Starting attempt 1 of 2
[2025-03-30T11:30:15.624+0000] {taskinstance.py:2214} INFO - Executing <Task(PythonOperator): ingest_dummy_data> on 2024-10-03 15:30:00+00:00
[2025-03-30T11:30:15.631+0000] {standard_task_runner.py:60} INFO - Started process 4767 to run task
[2025-03-30T11:30:15.635+0000] {standard_task_runner.py:87} INFO - Running: ['***', 'tasks', 'run', 'inout_data_ingestion', 'ingest_dummy_data', 'scheduled__2024-10-03T15:30:00+00:00', '--job-id', '2359', '--raw', '--subdir', 'DAGS_FOLDER/inout_data.py', '--cfg-path', '/tmp/tmpavgsrj9s']
[2025-03-30T11:30:15.636+0000] {standard_task_runner.py:88} INFO - Job 2359: Subtask ingest_dummy_data
[2025-03-30T11:30:15.646+0000] {warnings.py:109} WARNING - /home/***/.local/lib/python3.8/site-packages/***/settings.py:194: DeprecationWarning: The sql_alchemy_conn option in [core] has been moved to the sql_alchemy_conn option in [database] - the old setting has been used, but please update your config.
  SQL_ALCHEMY_CONN = conf.get("database", "SQL_ALCHEMY_CONN")

[2025-03-30T11:30:15.668+0000] {task_command.py:423} INFO - Running <TaskInstance: inout_data_ingestion.ingest_dummy_data scheduled__2024-10-03T15:30:00+00:00 [running]> on host ff9d64b065e6
[2025-03-30T11:30:15.735+0000] {taskinstance.py:2510} INFO - Exporting env vars: AIRFLOW_CTX_DAG_OWNER='***' AIRFLOW_CTX_DAG_ID='inout_data_ingestion' AIRFLOW_CTX_TASK_ID='ingest_dummy_data' AIRFLOW_CTX_EXECUTION_DATE='2024-10-03T15:30:00+00:00' AIRFLOW_CTX_TRY_NUMBER='1' AIRFLOW_CTX_DAG_RUN_ID='scheduled__2024-10-03T15:30:00+00:00'
[2025-03-30T11:30:15.738+0000] {logging_mixin.py:188} INFO - Successfully connected to MariaDB: INOUT on mariadb:3306
[2025-03-30T11:30:15.738+0000] {logging_mixin.py:188} INFO - General error executing query: not all arguments converted during string formatting
[2025-03-30T11:30:15.738+0000] {logging_mixin.py:188} INFO - General error executing query: not all arguments converted during string formatting
[2025-03-30T11:30:15.739+0000] {logging_mixin.py:188} INFO - General error executing query: not all arguments converted during string formatting
[2025-03-30T11:30:15.739+0000] {logging_mixin.py:188} INFO - General error executing query: not all arguments converted during string formatting
[2025-03-30T11:30:15.739+0000] {logging_mixin.py:188} INFO - General error executing query: not all arguments converted during string formatting
[2025-03-30T11:30:15.739+0000] {logging_mixin.py:188} INFO - General error executing query: not all arguments converted during string formatting
[2025-03-30T11:30:15.739+0000] {logging_mixin.py:188} INFO - General error executing query: not all arguments converted during string formatting
[2025-03-30T11:30:15.739+0000] {logging_mixin.py:188} INFO - General error executing query: not all arguments converted during string formatting
[2025-03-30T11:30:15.740+0000] {logging_mixin.py:188} INFO - General error executing query: not all arguments converted during string formatting
[2025-03-30T11:30:15.740+0000] {logging_mixin.py:188} INFO - General error executing query: not all arguments converted during string formatting
[2025-03-30T11:30:15.740+0000] {logging_mixin.py:188} INFO - General error executing query: not all arguments converted during string formatting
[2025-03-30T11:30:15.740+0000] {logging_mixin.py:188} INFO - General error executing query: not all arguments converted during string formatting
[2025-03-30T11:30:15.740+0000] {logging_mixin.py:188} INFO - General error executing query: not all arguments converted during string formatting
[2025-03-30T11:30:15.740+0000] {logging_mixin.py:188} INFO - General error executing query: not all arguments converted during string formatting
[2025-03-30T11:30:15.740+0000] {logging_mixin.py:188} INFO - General error executing query: not all arguments converted during string formatting
[2025-03-30T11:30:15.741+0000] {logging_mixin.py:188} INFO - General error executing query: not all arguments converted during string formatting
[2025-03-30T11:30:15.741+0000] {logging_mixin.py:188} INFO - General error executing query: not all arguments converted during string formatting
[2025-03-30T11:30:15.741+0000] {logging_mixin.py:188} INFO - General error executing query: not all arguments converted during string formatting
[2025-03-30T11:30:15.741+0000] {logging_mixin.py:188} INFO - General error executing query: not all arguments converted during string formatting
[2025-03-30T11:30:15.742+0000] {logging_mixin.py:188} INFO - General error executing query: not all arguments converted during string formatting
[2025-03-30T11:30:15.742+0000] {inout_data.py:87} INFO - Ingested 20 rows of dummy data for 2024-10-03 15:30:00+00:00.
[2025-03-30T11:30:15.742+0000] {logging_mixin.py:188} INFO - MariaDB connection closed.
[2025-03-30T11:30:15.742+0000] {python.py:202} INFO - Done. Returned value was: None
[2025-03-30T11:30:15.748+0000] {taskinstance.py:1149} INFO - Marking task as SUCCESS. dag_id=inout_data_ingestion, task_id=ingest_dummy_data, execution_date=20241003T153000, start_date=20250330T113015, end_date=20250330T113015
[2025-03-30T11:30:15.778+0000] {local_task_job_runner.py:234} INFO - Task exited with return code 0
[2025-03-30T11:30:15.787+0000] {taskinstance.py:3309} INFO - 0 downstream tasks scheduled from follow-on schedule check
