[2025-03-30T11:08:45.217+0000] {taskinstance.py:1979} INFO - Dependencies all met for dep_context=non-requeueable deps ti=<TaskInstance: inout_data_ingestion.ingest_dummy_data scheduled__2024-09-29T02:00:00+00:00 [queued]>
[2025-03-30T11:08:45.332+0000] {taskinstance.py:1979} INFO - Dependencies all met for dep_context=requeueable deps ti=<TaskInstance: inout_data_ingestion.ingest_dummy_data scheduled__2024-09-29T02:00:00+00:00 [queued]>
[2025-03-30T11:08:45.338+0000] {taskinstance.py:2193} INFO - Starting attempt 1 of 2
[2025-03-30T11:08:45.403+0000] {taskinstance.py:2214} INFO - Executing <Task(PythonOperator): ingest_dummy_data> on 2024-09-29 02:00:00+00:00
[2025-03-30T11:08:45.420+0000] {standard_task_runner.py:60} INFO - Started process 133 to run task
[2025-03-30T11:08:45.436+0000] {standard_task_runner.py:87} INFO - Running: ['***', 'tasks', 'run', 'inout_data_ingestion', 'ingest_dummy_data', 'scheduled__2024-09-29T02:00:00+00:00', '--job-id', '39', '--raw', '--subdir', 'DAGS_FOLDER/inout_data.py', '--cfg-path', '/tmp/tmpeeo480k9']
[2025-03-30T11:08:45.439+0000] {standard_task_runner.py:88} INFO - Job 39: Subtask ingest_dummy_data
[2025-03-30T11:08:45.501+0000] {warnings.py:109} WARNING - /home/***/.local/lib/python3.8/site-packages/***/settings.py:194: DeprecationWarning: The sql_alchemy_conn option in [core] has been moved to the sql_alchemy_conn option in [database] - the old setting has been used, but please update your config.
  SQL_ALCHEMY_CONN = conf.get("database", "SQL_ALCHEMY_CONN")

[2025-03-30T11:08:45.900+0000] {task_command.py:423} INFO - Running <TaskInstance: inout_data_ingestion.ingest_dummy_data scheduled__2024-09-29T02:00:00+00:00 [running]> on host ff9d64b065e6
[2025-03-30T11:08:46.274+0000] {taskinstance.py:2510} INFO - Exporting env vars: AIRFLOW_CTX_DAG_OWNER='***' AIRFLOW_CTX_DAG_ID='inout_data_ingestion' AIRFLOW_CTX_TASK_ID='ingest_dummy_data' AIRFLOW_CTX_EXECUTION_DATE='2024-09-29T02:00:00+00:00' AIRFLOW_CTX_TRY_NUMBER='1' AIRFLOW_CTX_DAG_RUN_ID='scheduled__2024-09-29T02:00:00+00:00'
[2025-03-30T11:08:46.312+0000] {inout_data.py:42} INFO - Successfully connected to MariaDB: INOUT on mariadb:3306
[2025-03-30T11:08:46.327+0000] {inout_data.py:63} ERROR - Error executing query: (1062, "Duplicate entry '2025-03-30 11:08:46-3300' for key 'PRIMARY'")
[2025-03-30T11:08:46.332+0000] {inout_data.py:63} ERROR - Error executing query: (1062, "Duplicate entry '2025-03-30 11:08:46-3300' for key 'PRIMARY'")
[2025-03-30T11:08:46.334+0000] {inout_data.py:63} ERROR - Error executing query: (1062, "Duplicate entry '2025-03-30 11:08:46-3300' for key 'PRIMARY'")
[2025-03-30T11:08:46.338+0000] {inout_data.py:63} ERROR - Error executing query: (1062, "Duplicate entry '2025-03-30 11:08:46-3300' for key 'PRIMARY'")
[2025-03-30T11:08:46.339+0000] {inout_data.py:63} ERROR - Error executing query: (1062, "Duplicate entry '2025-03-30 11:08:46-3300' for key 'PRIMARY'")
[2025-03-30T11:08:46.340+0000] {inout_data.py:159} INFO - Ingested 6 rows of dummy data.
[2025-03-30T11:08:46.340+0000] {inout_data.py:78} INFO - MariaDB connection closed.
[2025-03-30T11:08:46.342+0000] {python.py:202} INFO - Done. Returned value was: None
[2025-03-30T11:08:46.409+0000] {taskinstance.py:1149} INFO - Marking task as SUCCESS. dag_id=inout_data_ingestion, task_id=ingest_dummy_data, execution_date=20240929T020000, start_date=20250330T110845, end_date=20250330T110846
[2025-03-30T11:08:46.564+0000] {local_task_job_runner.py:234} INFO - Task exited with return code 0
[2025-03-30T11:08:46.606+0000] {taskinstance.py:3309} INFO - 0 downstream tasks scheduled from follow-on schedule check
[2025-03-30T11:15:26.959+0000] {taskinstance.py:1979} INFO - Dependencies all met for dep_context=non-requeueable deps ti=<TaskInstance: inout_data_ingestion.ingest_dummy_data scheduled__2024-09-29T02:00:00+00:00 [queued]>
[2025-03-30T11:15:26.971+0000] {taskinstance.py:1979} INFO - Dependencies all met for dep_context=requeueable deps ti=<TaskInstance: inout_data_ingestion.ingest_dummy_data scheduled__2024-09-29T02:00:00+00:00 [queued]>
[2025-03-30T11:15:26.972+0000] {taskinstance.py:2193} INFO - Starting attempt 1 of 2
[2025-03-30T11:15:26.996+0000] {taskinstance.py:2214} INFO - Executing <Task(PythonOperator): ingest_dummy_data> on 2024-09-29 02:00:00+00:00
[2025-03-30T11:15:27.003+0000] {standard_task_runner.py:60} INFO - Started process 1977 to run task
[2025-03-30T11:15:27.009+0000] {standard_task_runner.py:87} INFO - Running: ['***', 'tasks', 'run', 'inout_data_ingestion', 'ingest_dummy_data', 'scheduled__2024-09-29T02:00:00+00:00', '--job-id', '963', '--raw', '--subdir', 'DAGS_FOLDER/inout_data.py', '--cfg-path', '/tmp/tmpm67k4kl3']
[2025-03-30T11:15:27.013+0000] {standard_task_runner.py:88} INFO - Job 963: Subtask ingest_dummy_data
[2025-03-30T11:15:27.027+0000] {warnings.py:109} WARNING - /home/***/.local/lib/python3.8/site-packages/***/settings.py:194: DeprecationWarning: The sql_alchemy_conn option in [core] has been moved to the sql_alchemy_conn option in [database] - the old setting has been used, but please update your config.
  SQL_ALCHEMY_CONN = conf.get("database", "SQL_ALCHEMY_CONN")

[2025-03-30T11:15:27.136+0000] {task_command.py:423} INFO - Running <TaskInstance: inout_data_ingestion.ingest_dummy_data scheduled__2024-09-29T02:00:00+00:00 [running]> on host ff9d64b065e6
[2025-03-30T11:15:27.274+0000] {taskinstance.py:2510} INFO - Exporting env vars: AIRFLOW_CTX_DAG_OWNER='***' AIRFLOW_CTX_DAG_ID='inout_data_ingestion' AIRFLOW_CTX_TASK_ID='ingest_dummy_data' AIRFLOW_CTX_EXECUTION_DATE='2024-09-29T02:00:00+00:00' AIRFLOW_CTX_TRY_NUMBER='1' AIRFLOW_CTX_DAG_RUN_ID='scheduled__2024-09-29T02:00:00+00:00'
[2025-03-30T11:15:27.286+0000] {inout_data.py:42} INFO - Successfully connected to MariaDB: INOUT on mariadb:3306
[2025-03-30T11:15:27.291+0000] {inout_data.py:63} ERROR - Error executing query: (1062, "Duplicate entry '2025-03-30 11:15:27-6875' for key 'PRIMARY'")
[2025-03-30T11:15:27.297+0000] {inout_data.py:63} ERROR - Error executing query: (1062, "Duplicate entry '2025-03-30 11:15:27-6875' for key 'PRIMARY'")
[2025-03-30T11:15:27.298+0000] {inout_data.py:63} ERROR - Error executing query: (1062, "Duplicate entry '2025-03-30 11:15:27-6875' for key 'PRIMARY'")
[2025-03-30T11:15:27.321+0000] {inout_data.py:63} ERROR - Error executing query: (1062, "Duplicate entry '2025-03-30 11:15:27-6875' for key 'PRIMARY'")
[2025-03-30T11:15:27.322+0000] {inout_data.py:152} INFO - Ingested 5 rows of dummy data.
[2025-03-30T11:15:27.325+0000] {inout_data.py:78} INFO - MariaDB connection closed.
[2025-03-30T11:15:27.326+0000] {python.py:202} INFO - Done. Returned value was: None
[2025-03-30T11:15:27.339+0000] {taskinstance.py:1149} INFO - Marking task as SUCCESS. dag_id=inout_data_ingestion, task_id=ingest_dummy_data, execution_date=20240929T020000, start_date=20250330T111526, end_date=20250330T111527
[2025-03-30T11:15:27.402+0000] {local_task_job_runner.py:234} INFO - Task exited with return code 0
[2025-03-30T11:15:27.439+0000] {taskinstance.py:3309} INFO - 0 downstream tasks scheduled from follow-on schedule check
[2025-03-30T11:22:18.964+0000] {taskinstance.py:1979} INFO - Dependencies all met for dep_context=non-requeueable deps ti=<TaskInstance: inout_data_ingestion.ingest_dummy_data scheduled__2024-09-29T02:00:00+00:00 [queued]>
[2025-03-30T11:22:19.104+0000] {taskinstance.py:1979} INFO - Dependencies all met for dep_context=requeueable deps ti=<TaskInstance: inout_data_ingestion.ingest_dummy_data scheduled__2024-09-29T02:00:00+00:00 [queued]>
[2025-03-30T11:22:19.129+0000] {taskinstance.py:2193} INFO - Starting attempt 1 of 2
[2025-03-30T11:22:19.222+0000] {taskinstance.py:2214} INFO - Executing <Task(PythonOperator): ingest_dummy_data> on 2024-09-29 02:00:00+00:00
[2025-03-30T11:22:19.259+0000] {standard_task_runner.py:60} INFO - Started process 3839 to run task
[2025-03-30T11:22:19.300+0000] {standard_task_runner.py:87} INFO - Running: ['***', 'tasks', 'run', 'inout_data_ingestion', 'ingest_dummy_data', 'scheduled__2024-09-29T02:00:00+00:00', '--job-id', '1892', '--raw', '--subdir', 'DAGS_FOLDER/inout_data.py', '--cfg-path', '/tmp/tmp32m9k1eq']
[2025-03-30T11:22:19.306+0000] {standard_task_runner.py:88} INFO - Job 1892: Subtask ingest_dummy_data
[2025-03-30T11:22:19.484+0000] {warnings.py:109} WARNING - /home/***/.local/lib/python3.8/site-packages/***/settings.py:194: DeprecationWarning: The sql_alchemy_conn option in [core] has been moved to the sql_alchemy_conn option in [database] - the old setting has been used, but please update your config.
  SQL_ALCHEMY_CONN = conf.get("database", "SQL_ALCHEMY_CONN")

[2025-03-30T11:22:19.925+0000] {task_command.py:423} INFO - Running <TaskInstance: inout_data_ingestion.ingest_dummy_data scheduled__2024-09-29T02:00:00+00:00 [running]> on host ff9d64b065e6
[2025-03-30T11:22:20.571+0000] {taskinstance.py:2510} INFO - Exporting env vars: AIRFLOW_CTX_DAG_OWNER='***' AIRFLOW_CTX_DAG_ID='inout_data_ingestion' AIRFLOW_CTX_TASK_ID='ingest_dummy_data' AIRFLOW_CTX_EXECUTION_DATE='2024-09-29T02:00:00+00:00' AIRFLOW_CTX_TRY_NUMBER='1' AIRFLOW_CTX_DAG_RUN_ID='scheduled__2024-09-29T02:00:00+00:00'
[2025-03-30T11:22:20.650+0000] {inout_data.py:42} INFO - Successfully connected to MariaDB: INOUT on mariadb:3306
[2025-03-30T11:22:20.655+0000] {taskinstance.py:2728} ERROR - Task failed with exception
Traceback (most recent call last):
  File "/home/airflow/.local/lib/python3.8/site-packages/airflow/models/taskinstance.py", line 444, in _execute_task
    result = _execute_callable(context=context, **execute_callable_kwargs)
  File "/home/airflow/.local/lib/python3.8/site-packages/airflow/models/taskinstance.py", line 414, in _execute_callable
    return execute_callable(context=context, **execute_callable_kwargs)
  File "/home/airflow/.local/lib/python3.8/site-packages/airflow/operators/python.py", line 200, in execute
    return_value = self.execute_callable()
  File "/home/airflow/.local/lib/python3.8/site-packages/airflow/operators/python.py", line 217, in execute_callable
    return self.python_callable(*self.op_args, **self.op_kwargs)
  File "/opt/airflow/dags/inout_data.py", line 150, in ingest_dummy_data
    data = generate_dummy_data(logical_date)
  File "/opt/airflow/dags/inout_data.py", line 127, in generate_dummy_data
    timestamp = logical_date + timedelta(minutes=random.randint(0, 29)) #random minutes within the 30 minute interval
TypeError: can only concatenate str (not "datetime.timedelta") to str
[2025-03-30T11:22:20.752+0000] {taskinstance.py:1149} INFO - Marking task as UP_FOR_RETRY. dag_id=inout_data_ingestion, task_id=ingest_dummy_data, execution_date=20240929T020000, start_date=20250330T112218, end_date=20250330T112220
[2025-03-30T11:22:20.900+0000] {standard_task_runner.py:107} ERROR - Failed to execute job 1892 for task ingest_dummy_data (can only concatenate str (not "datetime.timedelta") to str; 3839)
[2025-03-30T11:22:21.005+0000] {local_task_job_runner.py:234} INFO - Task exited with return code 1
[2025-03-30T11:22:21.485+0000] {taskinstance.py:3309} INFO - 0 downstream tasks scheduled from follow-on schedule check
[2025-03-30T11:28:01.672+0000] {taskinstance.py:1979} INFO - Dependencies all met for dep_context=non-requeueable deps ti=<TaskInstance: inout_data_ingestion.ingest_dummy_data scheduled__2024-09-29T02:00:00+00:00 [queued]>
[2025-03-30T11:28:01.687+0000] {taskinstance.py:1979} INFO - Dependencies all met for dep_context=requeueable deps ti=<TaskInstance: inout_data_ingestion.ingest_dummy_data scheduled__2024-09-29T02:00:00+00:00 [queued]>
[2025-03-30T11:28:01.689+0000] {taskinstance.py:2193} INFO - Starting attempt 1 of 2
[2025-03-30T11:28:01.719+0000] {taskinstance.py:2214} INFO - Executing <Task(PythonOperator): ingest_dummy_data> on 2024-09-29 02:00:00+00:00
[2025-03-30T11:28:01.742+0000] {standard_task_runner.py:60} INFO - Started process 3897 to run task
[2025-03-30T11:28:01.784+0000] {standard_task_runner.py:87} INFO - Running: ['***', 'tasks', 'run', 'inout_data_ingestion', 'ingest_dummy_data', 'scheduled__2024-09-29T02:00:00+00:00', '--job-id', '1922', '--raw', '--subdir', 'DAGS_FOLDER/inout_data.py', '--cfg-path', '/tmp/tmp72h3wvpf']
[2025-03-30T11:28:01.792+0000] {standard_task_runner.py:88} INFO - Job 1922: Subtask ingest_dummy_data
[2025-03-30T11:28:01.839+0000] {warnings.py:109} WARNING - /home/***/.local/lib/python3.8/site-packages/***/settings.py:194: DeprecationWarning: The sql_alchemy_conn option in [core] has been moved to the sql_alchemy_conn option in [database] - the old setting has been used, but please update your config.
  SQL_ALCHEMY_CONN = conf.get("database", "SQL_ALCHEMY_CONN")

[2025-03-30T11:28:01.962+0000] {task_command.py:423} INFO - Running <TaskInstance: inout_data_ingestion.ingest_dummy_data scheduled__2024-09-29T02:00:00+00:00 [running]> on host ff9d64b065e6
[2025-03-30T11:28:02.213+0000] {taskinstance.py:2510} INFO - Exporting env vars: AIRFLOW_CTX_DAG_OWNER='***' AIRFLOW_CTX_DAG_ID='inout_data_ingestion' AIRFLOW_CTX_TASK_ID='ingest_dummy_data' AIRFLOW_CTX_EXECUTION_DATE='2024-09-29T02:00:00+00:00' AIRFLOW_CTX_TRY_NUMBER='1' AIRFLOW_CTX_DAG_RUN_ID='scheduled__2024-09-29T02:00:00+00:00'
[2025-03-30T11:28:02.230+0000] {logging_mixin.py:188} INFO - Successfully connected to MariaDB: INOUT on mariadb:3306
[2025-03-30T11:28:02.231+0000] {logging_mixin.py:188} INFO - General error executing query: not all arguments converted during string formatting
[2025-03-30T11:28:02.232+0000] {logging_mixin.py:188} INFO - General error executing query: not all arguments converted during string formatting
[2025-03-30T11:28:02.234+0000] {logging_mixin.py:188} INFO - General error executing query: not all arguments converted during string formatting
[2025-03-30T11:28:02.237+0000] {logging_mixin.py:188} INFO - General error executing query: not all arguments converted during string formatting
[2025-03-30T11:28:02.239+0000] {logging_mixin.py:188} INFO - General error executing query: not all arguments converted during string formatting
[2025-03-30T11:28:02.240+0000] {logging_mixin.py:188} INFO - General error executing query: not all arguments converted during string formatting
[2025-03-30T11:28:02.241+0000] {logging_mixin.py:188} INFO - General error executing query: not all arguments converted during string formatting
[2025-03-30T11:28:02.244+0000] {logging_mixin.py:188} INFO - General error executing query: not all arguments converted during string formatting
[2025-03-30T11:28:02.245+0000] {logging_mixin.py:188} INFO - General error executing query: not all arguments converted during string formatting
[2025-03-30T11:28:02.247+0000] {logging_mixin.py:188} INFO - General error executing query: not all arguments converted during string formatting
[2025-03-30T11:28:02.248+0000] {inout_data.py:87} INFO - Ingested 10 rows of dummy data for 2024-09-29 02:00:00+00:00.
[2025-03-30T11:28:02.249+0000] {logging_mixin.py:188} INFO - MariaDB connection closed.
[2025-03-30T11:28:02.249+0000] {python.py:202} INFO - Done. Returned value was: None
[2025-03-30T11:28:02.269+0000] {taskinstance.py:1149} INFO - Marking task as SUCCESS. dag_id=inout_data_ingestion, task_id=ingest_dummy_data, execution_date=20240929T020000, start_date=20250330T112801, end_date=20250330T112802
[2025-03-30T11:28:02.336+0000] {local_task_job_runner.py:234} INFO - Task exited with return code 0
[2025-03-30T11:28:02.369+0000] {taskinstance.py:3309} INFO - 0 downstream tasks scheduled from follow-on schedule check
[2025-03-30T11:32:42.478+0000] {taskinstance.py:1979} INFO - Dependencies all met for dep_context=non-requeueable deps ti=<TaskInstance: inout_data_ingestion.ingest_dummy_data scheduled__2024-09-29T02:00:00+00:00 [queued]>
[2025-03-30T11:32:42.518+0000] {taskinstance.py:1979} INFO - Dependencies all met for dep_context=requeueable deps ti=<TaskInstance: inout_data_ingestion.ingest_dummy_data scheduled__2024-09-29T02:00:00+00:00 [queued]>
[2025-03-30T11:32:42.520+0000] {taskinstance.py:2193} INFO - Starting attempt 1 of 2
[2025-03-30T11:32:42.624+0000] {taskinstance.py:2214} INFO - Executing <Task(PythonOperator): ingest_dummy_data> on 2024-09-29 02:00:00+00:00
[2025-03-30T11:32:42.638+0000] {standard_task_runner.py:60} INFO - Started process 5355 to run task
[2025-03-30T11:32:42.708+0000] {standard_task_runner.py:87} INFO - Running: ['***', 'tasks', 'run', 'inout_data_ingestion', 'ingest_dummy_data', 'scheduled__2024-09-29T02:00:00+00:00', '--job-id', '2651', '--raw', '--subdir', 'DAGS_FOLDER/inout_data.py', '--cfg-path', '/tmp/tmpxl9ou481']
[2025-03-30T11:32:42.716+0000] {standard_task_runner.py:88} INFO - Job 2651: Subtask ingest_dummy_data
[2025-03-30T11:32:42.758+0000] {warnings.py:109} WARNING - /home/***/.local/lib/python3.8/site-packages/***/settings.py:194: DeprecationWarning: The sql_alchemy_conn option in [core] has been moved to the sql_alchemy_conn option in [database] - the old setting has been used, but please update your config.
  SQL_ALCHEMY_CONN = conf.get("database", "SQL_ALCHEMY_CONN")

[2025-03-30T11:32:42.998+0000] {task_command.py:423} INFO - Running <TaskInstance: inout_data_ingestion.ingest_dummy_data scheduled__2024-09-29T02:00:00+00:00 [running]> on host ff9d64b065e6
[2025-03-30T11:32:43.311+0000] {taskinstance.py:2510} INFO - Exporting env vars: AIRFLOW_CTX_DAG_OWNER='***' AIRFLOW_CTX_DAG_ID='inout_data_ingestion' AIRFLOW_CTX_TASK_ID='ingest_dummy_data' AIRFLOW_CTX_EXECUTION_DATE='2024-09-29T02:00:00+00:00' AIRFLOW_CTX_TRY_NUMBER='1' AIRFLOW_CTX_DAG_RUN_ID='scheduled__2024-09-29T02:00:00+00:00'
[2025-03-30T11:32:43.324+0000] {logging_mixin.py:188} INFO - Successfully connected to MariaDB: INOUT on mariadb:3306
[2025-03-30T11:32:43.327+0000] {inout_data.py:83} INFO - {'ingested_time': datetime.datetime(2025, 3, 30, 11, 32, 43, 327006), 'timestamp': datetime.datetime(2024, 9, 29, 2, 23, tzinfo=datetime.timezone.utc), 'emp_id': 6450, 'employee_name': 'Employee29', 'factory': 'FactoryA', 'in_out': 'IN', 'entrance': 'Main', 'door_number': '7', 'function': 'IT', 'division': 'AAPD', 'department': 'CAPD', 'section': '1'}
[2025-03-30T11:32:43.329+0000] {logging_mixin.py:188} INFO - General error executing query: not all arguments converted during string formatting
[2025-03-30T11:32:43.330+0000] {inout_data.py:83} INFO - {'ingested_time': datetime.datetime(2025, 3, 30, 11, 32, 43, 330084), 'timestamp': datetime.datetime(2024, 9, 29, 2, 22, tzinfo=datetime.timezone.utc), 'emp_id': 1372, 'employee_name': 'Employee14', 'factory': 'FactoryA', 'in_out': 'IN', 'entrance': 'Side', 'door_number': '4', 'function': 'IT', 'division': 'AAPD', 'department': 'HRSD', 'section': '2'}
[2025-03-30T11:32:43.331+0000] {logging_mixin.py:188} INFO - General error executing query: not all arguments converted during string formatting
[2025-03-30T11:32:43.332+0000] {inout_data.py:83} INFO - {'ingested_time': datetime.datetime(2025, 3, 30, 11, 32, 43, 332072), 'timestamp': datetime.datetime(2024, 9, 29, 2, 8, tzinfo=datetime.timezone.utc), 'emp_id': 1178, 'employee_name': 'Employee53', 'factory': 'FactoryB', 'in_out': 'IN', 'entrance': 'Main', 'door_number': '4', 'function': 'IT', 'division': 'BSID', 'department': 'CAPD', 'section': '1'}
[2025-03-30T11:32:43.334+0000] {logging_mixin.py:188} INFO - General error executing query: not all arguments converted during string formatting
[2025-03-30T11:32:43.337+0000] {inout_data.py:83} INFO - {'ingested_time': datetime.datetime(2025, 3, 30, 11, 32, 43, 337453), 'timestamp': datetime.datetime(2024, 9, 29, 2, 25, tzinfo=datetime.timezone.utc), 'emp_id': 2820, 'employee_name': 'Employee92', 'factory': 'FactoryA', 'in_out': 'IN', 'entrance': 'Main', 'door_number': '2', 'function': 'IT', 'division': 'BSID', 'department': 'ML', 'section': '1'}
[2025-03-30T11:32:43.338+0000] {logging_mixin.py:188} INFO - General error executing query: not all arguments converted during string formatting
[2025-03-30T11:32:43.339+0000] {inout_data.py:83} INFO - {'ingested_time': datetime.datetime(2025, 3, 30, 11, 32, 43, 339755), 'timestamp': datetime.datetime(2024, 9, 29, 2, 13, tzinfo=datetime.timezone.utc), 'emp_id': 1806, 'employee_name': 'Employee75', 'factory': 'FactoryA', 'in_out': 'IN', 'entrance': 'Side', 'door_number': '3', 'function': 'IT', 'division': 'AAPD', 'department': 'HRSD', 'section': '2'}
[2025-03-30T11:32:43.347+0000] {logging_mixin.py:188} INFO - General error executing query: not all arguments converted during string formatting
[2025-03-30T11:32:43.349+0000] {inout_data.py:83} INFO - {'ingested_time': datetime.datetime(2025, 3, 30, 11, 32, 43, 349007), 'timestamp': datetime.datetime(2024, 9, 29, 2, 24, tzinfo=datetime.timezone.utc), 'emp_id': 3214, 'employee_name': 'Employee9', 'factory': 'FactoryA', 'in_out': 'OUT', 'entrance': 'Side', 'door_number': '2', 'function': 'IT', 'division': 'AAPD', 'department': 'HRSD', 'section': '1'}
[2025-03-30T11:32:43.351+0000] {logging_mixin.py:188} INFO - General error executing query: not all arguments converted during string formatting
[2025-03-30T11:32:43.353+0000] {inout_data.py:83} INFO - {'ingested_time': datetime.datetime(2025, 3, 30, 11, 32, 43, 353630), 'timestamp': datetime.datetime(2024, 9, 29, 2, 9, tzinfo=datetime.timezone.utc), 'emp_id': 2852, 'employee_name': 'Employee22', 'factory': 'FactoryA', 'in_out': 'OUT', 'entrance': 'Main', 'door_number': '8', 'function': 'IT', 'division': 'AAPD', 'department': 'ML', 'section': '2'}
[2025-03-30T11:32:43.354+0000] {logging_mixin.py:188} INFO - General error executing query: not all arguments converted during string formatting
[2025-03-30T11:32:43.355+0000] {inout_data.py:83} INFO - {'ingested_time': datetime.datetime(2025, 3, 30, 11, 32, 43, 355304), 'timestamp': datetime.datetime(2024, 9, 29, 2, 16, tzinfo=datetime.timezone.utc), 'emp_id': 7708, 'employee_name': 'Employee11', 'factory': 'FactoryA', 'in_out': 'IN', 'entrance': 'Main', 'door_number': '2', 'function': 'IT', 'division': 'BSID', 'department': 'CAPD', 'section': '1'}
[2025-03-30T11:32:43.359+0000] {logging_mixin.py:188} INFO - General error executing query: not all arguments converted during string formatting
[2025-03-30T11:32:43.361+0000] {inout_data.py:83} INFO - {'ingested_time': datetime.datetime(2025, 3, 30, 11, 32, 43, 361309), 'timestamp': datetime.datetime(2024, 9, 29, 2, 13, tzinfo=datetime.timezone.utc), 'emp_id': 3858, 'employee_name': 'Employee30', 'factory': 'FactoryB', 'in_out': 'OUT', 'entrance': 'Side', 'door_number': '10', 'function': 'IT', 'division': 'BSID', 'department': 'HRSD', 'section': '1'}
[2025-03-30T11:32:43.363+0000] {logging_mixin.py:188} INFO - General error executing query: not all arguments converted during string formatting
[2025-03-30T11:32:43.367+0000] {inout_data.py:88} INFO - Ingested 9 rows of dummy data for 2024-09-29 02:00:00+00:00.
[2025-03-30T11:32:43.370+0000] {logging_mixin.py:188} INFO - MariaDB connection closed.
[2025-03-30T11:32:43.371+0000] {python.py:202} INFO - Done. Returned value was: None
[2025-03-30T11:32:43.392+0000] {taskinstance.py:1149} INFO - Marking task as SUCCESS. dag_id=inout_data_ingestion, task_id=ingest_dummy_data, execution_date=20240929T020000, start_date=20250330T113242, end_date=20250330T113243
[2025-03-30T11:32:43.459+0000] {local_task_job_runner.py:234} INFO - Task exited with return code 0
[2025-03-30T11:32:43.498+0000] {taskinstance.py:3309} INFO - 0 downstream tasks scheduled from follow-on schedule check
[2025-03-30T11:35:53.999+0000] {taskinstance.py:1979} INFO - Dependencies all met for dep_context=non-requeueable deps ti=<TaskInstance: inout_data_ingestion.ingest_dummy_data scheduled__2024-09-29T02:00:00+00:00 [queued]>
[2025-03-30T11:35:54.032+0000] {taskinstance.py:1979} INFO - Dependencies all met for dep_context=requeueable deps ti=<TaskInstance: inout_data_ingestion.ingest_dummy_data scheduled__2024-09-29T02:00:00+00:00 [queued]>
[2025-03-30T11:35:54.034+0000] {taskinstance.py:2193} INFO - Starting attempt 1 of 2
[2025-03-30T11:35:54.053+0000] {taskinstance.py:2214} INFO - Executing <Task(PythonOperator): ingest_dummy_data> on 2024-09-29 02:00:00+00:00
[2025-03-30T11:35:54.068+0000] {standard_task_runner.py:60} INFO - Started process 6196 to run task
[2025-03-30T11:35:54.078+0000] {standard_task_runner.py:87} INFO - Running: ['***', 'tasks', 'run', 'inout_data_ingestion', 'ingest_dummy_data', 'scheduled__2024-09-29T02:00:00+00:00', '--job-id', '3072', '--raw', '--subdir', 'DAGS_FOLDER/inout_data.py', '--cfg-path', '/tmp/tmptyiwmxop']
[2025-03-30T11:35:54.081+0000] {standard_task_runner.py:88} INFO - Job 3072: Subtask ingest_dummy_data
[2025-03-30T11:35:54.138+0000] {warnings.py:109} WARNING - /home/***/.local/lib/python3.8/site-packages/***/settings.py:194: DeprecationWarning: The sql_alchemy_conn option in [core] has been moved to the sql_alchemy_conn option in [database] - the old setting has been used, but please update your config.
  SQL_ALCHEMY_CONN = conf.get("database", "SQL_ALCHEMY_CONN")

[2025-03-30T11:35:54.259+0000] {task_command.py:423} INFO - Running <TaskInstance: inout_data_ingestion.ingest_dummy_data scheduled__2024-09-29T02:00:00+00:00 [running]> on host ff9d64b065e6
[2025-03-30T11:35:54.383+0000] {taskinstance.py:2510} INFO - Exporting env vars: AIRFLOW_CTX_DAG_OWNER='***' AIRFLOW_CTX_DAG_ID='inout_data_ingestion' AIRFLOW_CTX_TASK_ID='ingest_dummy_data' AIRFLOW_CTX_EXECUTION_DATE='2024-09-29T02:00:00+00:00' AIRFLOW_CTX_TRY_NUMBER='1' AIRFLOW_CTX_DAG_RUN_ID='scheduled__2024-09-29T02:00:00+00:00'
[2025-03-30T11:35:54.396+0000] {logging_mixin.py:188} INFO - Successfully connected to MariaDB: INOUT on mariadb:3306
[2025-03-30T11:35:54.398+0000] {taskinstance.py:2728} ERROR - Task failed with exception
Traceback (most recent call last):
  File "/home/airflow/.local/lib/python3.8/site-packages/airflow/models/taskinstance.py", line 444, in _execute_task
    result = _execute_callable(context=context, **execute_callable_kwargs)
  File "/home/airflow/.local/lib/python3.8/site-packages/airflow/models/taskinstance.py", line 414, in _execute_callable
    return execute_callable(context=context, **execute_callable_kwargs)
  File "/home/airflow/.local/lib/python3.8/site-packages/airflow/operators/python.py", line 200, in execute
    return_value = self.execute_callable()
  File "/home/airflow/.local/lib/python3.8/site-packages/airflow/operators/python.py", line 217, in execute_callable
    return self.python_callable(*self.op_args, **self.op_kwargs)
  File "/opt/airflow/dags/inout_data.py", line 95, in ingest_dummy_data
    data = generate_dummy_data(logical_date) # pass logical_date string.
NameError: name 'generate_dummy_data' is not defined
[2025-03-30T11:35:54.413+0000] {taskinstance.py:1149} INFO - Marking task as UP_FOR_RETRY. dag_id=inout_data_ingestion, task_id=ingest_dummy_data, execution_date=20240929T020000, start_date=20250330T113554, end_date=20250330T113554
[2025-03-30T11:35:54.424+0000] {standard_task_runner.py:107} ERROR - Failed to execute job 3072 for task ingest_dummy_data (name 'generate_dummy_data' is not defined; 6196)
[2025-03-30T11:35:54.465+0000] {local_task_job_runner.py:234} INFO - Task exited with return code 1
[2025-03-30T11:35:54.534+0000] {taskinstance.py:3309} INFO - 0 downstream tasks scheduled from follow-on schedule check
[2025-03-30T11:38:06.515+0000] {taskinstance.py:1979} INFO - Dependencies all met for dep_context=non-requeueable deps ti=<TaskInstance: inout_data_ingestion.ingest_dummy_data scheduled__2024-09-29T02:00:00+00:00 [queued]>
[2025-03-30T11:38:06.564+0000] {taskinstance.py:1979} INFO - Dependencies all met for dep_context=requeueable deps ti=<TaskInstance: inout_data_ingestion.ingest_dummy_data scheduled__2024-09-29T02:00:00+00:00 [queued]>
[2025-03-30T11:38:06.567+0000] {taskinstance.py:2193} INFO - Starting attempt 1 of 2
[2025-03-30T11:38:06.609+0000] {taskinstance.py:2214} INFO - Executing <Task(PythonOperator): ingest_dummy_data> on 2024-09-29 02:00:00+00:00
[2025-03-30T11:38:06.628+0000] {standard_task_runner.py:60} INFO - Started process 6258 to run task
[2025-03-30T11:38:06.645+0000] {standard_task_runner.py:87} INFO - Running: ['***', 'tasks', 'run', 'inout_data_ingestion', 'ingest_dummy_data', 'scheduled__2024-09-29T02:00:00+00:00', '--job-id', '3103', '--raw', '--subdir', 'DAGS_FOLDER/inout_data.py', '--cfg-path', '/tmp/tmpuzsp9bxs']
[2025-03-30T11:38:06.658+0000] {standard_task_runner.py:88} INFO - Job 3103: Subtask ingest_dummy_data
[2025-03-30T11:38:06.719+0000] {warnings.py:109} WARNING - /home/***/.local/lib/python3.8/site-packages/***/settings.py:194: DeprecationWarning: The sql_alchemy_conn option in [core] has been moved to the sql_alchemy_conn option in [database] - the old setting has been used, but please update your config.
  SQL_ALCHEMY_CONN = conf.get("database", "SQL_ALCHEMY_CONN")

[2025-03-30T11:38:06.856+0000] {task_command.py:423} INFO - Running <TaskInstance: inout_data_ingestion.ingest_dummy_data scheduled__2024-09-29T02:00:00+00:00 [running]> on host ff9d64b065e6
[2025-03-30T11:38:07.105+0000] {taskinstance.py:2510} INFO - Exporting env vars: AIRFLOW_CTX_DAG_OWNER='***' AIRFLOW_CTX_DAG_ID='inout_data_ingestion' AIRFLOW_CTX_TASK_ID='ingest_dummy_data' AIRFLOW_CTX_EXECUTION_DATE='2024-09-29T02:00:00+00:00' AIRFLOW_CTX_TRY_NUMBER='1' AIRFLOW_CTX_DAG_RUN_ID='scheduled__2024-09-29T02:00:00+00:00'
[2025-03-30T11:38:07.133+0000] {logging_mixin.py:188} INFO - Successfully connected to MariaDB: INOUT on mariadb:3306
[2025-03-30T11:38:07.134+0000] {inout_data.py:83} INFO - {'ingested_time': datetime.datetime(2025, 3, 30, 11, 38, 7, 134245), 'timestamp': datetime.datetime(2024, 9, 29, 2, 10, tzinfo=datetime.timezone.utc), 'emp_id': 6254, 'employee_name': 'Employee50', 'factory': 'FactoryA', 'in_out': 'IN', 'entrance': 'Main', 'door_number': '10', 'function': 'IT', 'division': 'AAPD', 'department': 'ML', 'section': '1'}
[2025-03-30T11:38:07.134+0000] {logging_mixin.py:188} INFO - General error executing query: not all arguments converted during string formatting
[2025-03-30T11:38:07.138+0000] {inout_data.py:83} INFO - {'ingested_time': datetime.datetime(2025, 3, 30, 11, 38, 7, 138268), 'timestamp': datetime.datetime(2024, 9, 29, 2, 2, tzinfo=datetime.timezone.utc), 'emp_id': 7788, 'employee_name': 'Employee50', 'factory': 'FactoryA', 'in_out': 'OUT', 'entrance': 'Main', 'door_number': '4', 'function': 'IT', 'division': 'BSID', 'department': 'HRSD', 'section': '1'}
[2025-03-30T11:38:07.139+0000] {logging_mixin.py:188} INFO - General error executing query: not all arguments converted during string formatting
[2025-03-30T11:38:07.140+0000] {inout_data.py:83} INFO - {'ingested_time': datetime.datetime(2025, 3, 30, 11, 38, 7, 140503), 'timestamp': datetime.datetime(2024, 9, 29, 2, 10, tzinfo=datetime.timezone.utc), 'emp_id': 7047, 'employee_name': 'Employee65', 'factory': 'FactoryB', 'in_out': 'OUT', 'entrance': 'Side', 'door_number': '3', 'function': 'IT', 'division': 'AAPD', 'department': 'ML', 'section': '2'}
[2025-03-30T11:38:07.142+0000] {logging_mixin.py:188} INFO - General error executing query: not all arguments converted during string formatting
[2025-03-30T11:38:07.143+0000] {inout_data.py:83} INFO - {'ingested_time': datetime.datetime(2025, 3, 30, 11, 38, 7, 143284), 'timestamp': datetime.datetime(2024, 9, 29, 2, 18, tzinfo=datetime.timezone.utc), 'emp_id': 5725, 'employee_name': 'Employee78', 'factory': 'FactoryB', 'in_out': 'OUT', 'entrance': 'Side', 'door_number': '10', 'function': 'IT', 'division': 'BSID', 'department': 'HRSD', 'section': '2'}
[2025-03-30T11:38:07.144+0000] {logging_mixin.py:188} INFO - General error executing query: not all arguments converted during string formatting
[2025-03-30T11:38:07.146+0000] {inout_data.py:83} INFO - {'ingested_time': datetime.datetime(2025, 3, 30, 11, 38, 7, 146229), 'timestamp': datetime.datetime(2024, 9, 29, 2, 17, tzinfo=datetime.timezone.utc), 'emp_id': 1849, 'employee_name': 'Employee68', 'factory': 'FactoryB', 'in_out': 'OUT', 'entrance': 'Main', 'door_number': '4', 'function': 'IT', 'division': 'AAPD', 'department': 'HRSD', 'section': '2'}
[2025-03-30T11:38:07.148+0000] {logging_mixin.py:188} INFO - General error executing query: not all arguments converted during string formatting
[2025-03-30T11:38:07.154+0000] {inout_data.py:83} INFO - {'ingested_time': datetime.datetime(2025, 3, 30, 11, 38, 7, 154507), 'timestamp': datetime.datetime(2024, 9, 29, 2, 26, tzinfo=datetime.timezone.utc), 'emp_id': 2864, 'employee_name': 'Employee11', 'factory': 'FactoryB', 'in_out': 'IN', 'entrance': 'Main', 'door_number': '6', 'function': 'IT', 'division': 'BSID', 'department': 'CAPD', 'section': '1'}
[2025-03-30T11:38:07.155+0000] {logging_mixin.py:188} INFO - General error executing query: not all arguments converted during string formatting
[2025-03-30T11:38:07.156+0000] {inout_data.py:83} INFO - {'ingested_time': datetime.datetime(2025, 3, 30, 11, 38, 7, 156768), 'timestamp': datetime.datetime(2024, 9, 29, 2, 7, tzinfo=datetime.timezone.utc), 'emp_id': 5377, 'employee_name': 'Employee53', 'factory': 'FactoryA', 'in_out': 'IN', 'entrance': 'Side', 'door_number': '3', 'function': 'IT', 'division': 'AAPD', 'department': 'ML', 'section': '2'}
[2025-03-30T11:38:07.159+0000] {logging_mixin.py:188} INFO - General error executing query: not all arguments converted during string formatting
[2025-03-30T11:38:07.160+0000] {inout_data.py:101} INFO - Ingested 7 rows of dummy data for 2024-09-29 02:00:00+00:00.
[2025-03-30T11:38:07.161+0000] {logging_mixin.py:188} INFO - MariaDB connection closed.
[2025-03-30T11:38:07.162+0000] {python.py:202} INFO - Done. Returned value was: None
[2025-03-30T11:38:07.194+0000] {taskinstance.py:1149} INFO - Marking task as SUCCESS. dag_id=inout_data_ingestion, task_id=ingest_dummy_data, execution_date=20240929T020000, start_date=20250330T113806, end_date=20250330T113807
[2025-03-30T11:38:07.285+0000] {local_task_job_runner.py:234} INFO - Task exited with return code 0
[2025-03-30T11:38:07.338+0000] {taskinstance.py:3309} INFO - 0 downstream tasks scheduled from follow-on schedule check
[2025-03-30T11:40:15.561+0000] {taskinstance.py:1979} INFO - Dependencies all met for dep_context=non-requeueable deps ti=<TaskInstance: inout_data_ingestion.ingest_dummy_data scheduled__2024-09-29T02:00:00+00:00 [queued]>
[2025-03-30T11:40:15.572+0000] {taskinstance.py:1979} INFO - Dependencies all met for dep_context=requeueable deps ti=<TaskInstance: inout_data_ingestion.ingest_dummy_data scheduled__2024-09-29T02:00:00+00:00 [queued]>
[2025-03-30T11:40:15.574+0000] {taskinstance.py:2193} INFO - Starting attempt 1 of 2
[2025-03-30T11:40:15.592+0000] {taskinstance.py:2214} INFO - Executing <Task(PythonOperator): ingest_dummy_data> on 2024-09-29 02:00:00+00:00
[2025-03-30T11:40:15.596+0000] {standard_task_runner.py:60} INFO - Started process 6700 to run task
[2025-03-30T11:40:15.602+0000] {standard_task_runner.py:87} INFO - Running: ['***', 'tasks', 'run', 'inout_data_ingestion', 'ingest_dummy_data', 'scheduled__2024-09-29T02:00:00+00:00', '--job-id', '3323', '--raw', '--subdir', 'DAGS_FOLDER/inout_data.py', '--cfg-path', '/tmp/tmpm441xjg4']
[2025-03-30T11:40:15.603+0000] {standard_task_runner.py:88} INFO - Job 3323: Subtask ingest_dummy_data
[2025-03-30T11:40:15.618+0000] {warnings.py:109} WARNING - /home/***/.local/lib/python3.8/site-packages/***/settings.py:194: DeprecationWarning: The sql_alchemy_conn option in [core] has been moved to the sql_alchemy_conn option in [database] - the old setting has been used, but please update your config.
  SQL_ALCHEMY_CONN = conf.get("database", "SQL_ALCHEMY_CONN")

[2025-03-30T11:40:15.657+0000] {task_command.py:423} INFO - Running <TaskInstance: inout_data_ingestion.ingest_dummy_data scheduled__2024-09-29T02:00:00+00:00 [running]> on host ff9d64b065e6
[2025-03-30T11:40:15.751+0000] {taskinstance.py:2510} INFO - Exporting env vars: AIRFLOW_CTX_DAG_OWNER='***' AIRFLOW_CTX_DAG_ID='inout_data_ingestion' AIRFLOW_CTX_TASK_ID='ingest_dummy_data' AIRFLOW_CTX_EXECUTION_DATE='2024-09-29T02:00:00+00:00' AIRFLOW_CTX_TRY_NUMBER='1' AIRFLOW_CTX_DAG_RUN_ID='scheduled__2024-09-29T02:00:00+00:00'
[2025-03-30T11:40:15.755+0000] {logging_mixin.py:188} INFO - Successfully connected to MariaDB: INOUT on mariadb:3306
[2025-03-30T11:40:15.756+0000] {inout_data.py:83} INFO - {'ingested_time': datetime.datetime(2025, 3, 30, 11, 40, 15, 756507), 'timestamp': datetime.datetime(2024, 9, 29, 2, 19, tzinfo=datetime.timezone.utc), 'emp_id': 5885, 'employee_name': 'Employee3', 'factory': 'FactoryA', 'in_out': 'IN', 'entrance': 'Main', 'door_number': '6', 'function': 'IT', 'division': 'BSID', 'department': 'CAPD', 'section': '2'}
[2025-03-30T11:40:15.757+0000] {inout_data.py:99} INFO - Query: INSERT INTO emp_inout_rec (ingested_time, timestamp, employee_id, employee_name, factory, in_out, entrance, door_number, function, division, department, section) VALUES (%s, %s, %s, %s, %s, %s, %s, %s, %s, %s, %s)
[2025-03-30T11:40:15.757+0000] {inout_data.py:100} INFO - Params: ('2025-03-30 11:40:15', '2024-09-29 02:19:00', 5885, 'Employee3', 'FactoryA', 'IN', 'Main', '6', 'IT', 'BSID', 'CAPD', '2')
[2025-03-30T11:40:15.757+0000] {logging_mixin.py:188} INFO - General error executing query: not all arguments converted during string formatting
[2025-03-30T11:40:15.758+0000] {inout_data.py:83} INFO - {'ingested_time': datetime.datetime(2025, 3, 30, 11, 40, 15, 758333), 'timestamp': datetime.datetime(2024, 9, 29, 2, 16, tzinfo=datetime.timezone.utc), 'emp_id': 2744, 'employee_name': 'Employee42', 'factory': 'FactoryB', 'in_out': 'IN', 'entrance': 'Side', 'door_number': '6', 'function': 'IT', 'division': 'AAPD', 'department': 'CAPD', 'section': '2'}
[2025-03-30T11:40:15.758+0000] {inout_data.py:99} INFO - Query: INSERT INTO emp_inout_rec (ingested_time, timestamp, employee_id, employee_name, factory, in_out, entrance, door_number, function, division, department, section) VALUES (%s, %s, %s, %s, %s, %s, %s, %s, %s, %s, %s)
[2025-03-30T11:40:15.758+0000] {inout_data.py:100} INFO - Params: ('2025-03-30 11:40:15', '2024-09-29 02:16:00', 2744, 'Employee42', 'FactoryB', 'IN', 'Side', '6', 'IT', 'AAPD', 'CAPD', '2')
[2025-03-30T11:40:15.758+0000] {logging_mixin.py:188} INFO - General error executing query: not all arguments converted during string formatting
[2025-03-30T11:40:15.759+0000] {inout_data.py:83} INFO - {'ingested_time': datetime.datetime(2025, 3, 30, 11, 40, 15, 759071), 'timestamp': datetime.datetime(2024, 9, 29, 2, 4, tzinfo=datetime.timezone.utc), 'emp_id': 6721, 'employee_name': 'Employee72', 'factory': 'FactoryB', 'in_out': 'IN', 'entrance': 'Side', 'door_number': '8', 'function': 'IT', 'division': 'AAPD', 'department': 'ML', 'section': '1'}
[2025-03-30T11:40:15.759+0000] {inout_data.py:99} INFO - Query: INSERT INTO emp_inout_rec (ingested_time, timestamp, employee_id, employee_name, factory, in_out, entrance, door_number, function, division, department, section) VALUES (%s, %s, %s, %s, %s, %s, %s, %s, %s, %s, %s)
[2025-03-30T11:40:15.759+0000] {inout_data.py:100} INFO - Params: ('2025-03-30 11:40:15', '2024-09-29 02:04:00', 6721, 'Employee72', 'FactoryB', 'IN', 'Side', '8', 'IT', 'AAPD', 'ML', '1')
[2025-03-30T11:40:15.759+0000] {logging_mixin.py:188} INFO - General error executing query: not all arguments converted during string formatting
[2025-03-30T11:40:15.759+0000] {inout_data.py:83} INFO - {'ingested_time': datetime.datetime(2025, 3, 30, 11, 40, 15, 759794), 'timestamp': datetime.datetime(2024, 9, 29, 2, 6, tzinfo=datetime.timezone.utc), 'emp_id': 6300, 'employee_name': 'Employee96', 'factory': 'FactoryB', 'in_out': 'IN', 'entrance': 'Main', 'door_number': '9', 'function': 'IT', 'division': 'AAPD', 'department': 'CAPD', 'section': '2'}
[2025-03-30T11:40:15.760+0000] {inout_data.py:99} INFO - Query: INSERT INTO emp_inout_rec (ingested_time, timestamp, employee_id, employee_name, factory, in_out, entrance, door_number, function, division, department, section) VALUES (%s, %s, %s, %s, %s, %s, %s, %s, %s, %s, %s)
[2025-03-30T11:40:15.760+0000] {inout_data.py:100} INFO - Params: ('2025-03-30 11:40:15', '2024-09-29 02:06:00', 6300, 'Employee96', 'FactoryB', 'IN', 'Main', '9', 'IT', 'AAPD', 'CAPD', '2')
[2025-03-30T11:40:15.760+0000] {logging_mixin.py:188} INFO - General error executing query: not all arguments converted during string formatting
[2025-03-30T11:40:15.760+0000] {inout_data.py:83} INFO - {'ingested_time': datetime.datetime(2025, 3, 30, 11, 40, 15, 760557), 'timestamp': datetime.datetime(2024, 9, 29, 2, 13, tzinfo=datetime.timezone.utc), 'emp_id': 8350, 'employee_name': 'Employee90', 'factory': 'FactoryA', 'in_out': 'IN', 'entrance': 'Side', 'door_number': '1', 'function': 'IT', 'division': 'AAPD', 'department': 'CAPD', 'section': '2'}
[2025-03-30T11:40:15.760+0000] {inout_data.py:99} INFO - Query: INSERT INTO emp_inout_rec (ingested_time, timestamp, employee_id, employee_name, factory, in_out, entrance, door_number, function, division, department, section) VALUES (%s, %s, %s, %s, %s, %s, %s, %s, %s, %s, %s)
[2025-03-30T11:40:15.760+0000] {inout_data.py:100} INFO - Params: ('2025-03-30 11:40:15', '2024-09-29 02:13:00', 8350, 'Employee90', 'FactoryA', 'IN', 'Side', '1', 'IT', 'AAPD', 'CAPD', '2')
[2025-03-30T11:40:15.761+0000] {logging_mixin.py:188} INFO - General error executing query: not all arguments converted during string formatting
[2025-03-30T11:40:15.761+0000] {inout_data.py:83} INFO - {'ingested_time': datetime.datetime(2025, 3, 30, 11, 40, 15, 761334), 'timestamp': datetime.datetime(2024, 9, 29, 2, 27, tzinfo=datetime.timezone.utc), 'emp_id': 3309, 'employee_name': 'Employee61', 'factory': 'FactoryB', 'in_out': 'OUT', 'entrance': 'Main', 'door_number': '9', 'function': 'IT', 'division': 'BSID', 'department': 'HRSD', 'section': '2'}
[2025-03-30T11:40:15.761+0000] {inout_data.py:99} INFO - Query: INSERT INTO emp_inout_rec (ingested_time, timestamp, employee_id, employee_name, factory, in_out, entrance, door_number, function, division, department, section) VALUES (%s, %s, %s, %s, %s, %s, %s, %s, %s, %s, %s)
[2025-03-30T11:40:15.761+0000] {inout_data.py:100} INFO - Params: ('2025-03-30 11:40:15', '2024-09-29 02:27:00', 3309, 'Employee61', 'FactoryB', 'OUT', 'Main', '9', 'IT', 'BSID', 'HRSD', '2')
[2025-03-30T11:40:15.761+0000] {logging_mixin.py:188} INFO - General error executing query: not all arguments converted during string formatting
[2025-03-30T11:40:15.762+0000] {inout_data.py:83} INFO - {'ingested_time': datetime.datetime(2025, 3, 30, 11, 40, 15, 762255), 'timestamp': datetime.datetime(2024, 9, 29, 2, 16, tzinfo=datetime.timezone.utc), 'emp_id': 1448, 'employee_name': 'Employee5', 'factory': 'FactoryA', 'in_out': 'IN', 'entrance': 'Side', 'door_number': '4', 'function': 'IT', 'division': 'BSID', 'department': 'HRSD', 'section': '1'}
[2025-03-30T11:40:15.762+0000] {inout_data.py:99} INFO - Query: INSERT INTO emp_inout_rec (ingested_time, timestamp, employee_id, employee_name, factory, in_out, entrance, door_number, function, division, department, section) VALUES (%s, %s, %s, %s, %s, %s, %s, %s, %s, %s, %s)
[2025-03-30T11:40:15.762+0000] {inout_data.py:100} INFO - Params: ('2025-03-30 11:40:15', '2024-09-29 02:16:00', 1448, 'Employee5', 'FactoryA', 'IN', 'Side', '4', 'IT', 'BSID', 'HRSD', '1')
[2025-03-30T11:40:15.762+0000] {logging_mixin.py:188} INFO - General error executing query: not all arguments converted during string formatting
[2025-03-30T11:40:15.763+0000] {inout_data.py:83} INFO - {'ingested_time': datetime.datetime(2025, 3, 30, 11, 40, 15, 762990), 'timestamp': datetime.datetime(2024, 9, 29, 2, 22, tzinfo=datetime.timezone.utc), 'emp_id': 8938, 'employee_name': 'Employee16', 'factory': 'FactoryB', 'in_out': 'IN', 'entrance': 'Main', 'door_number': '6', 'function': 'IT', 'division': 'BSID', 'department': 'CAPD', 'section': '2'}
[2025-03-30T11:40:15.763+0000] {inout_data.py:99} INFO - Query: INSERT INTO emp_inout_rec (ingested_time, timestamp, employee_id, employee_name, factory, in_out, entrance, door_number, function, division, department, section) VALUES (%s, %s, %s, %s, %s, %s, %s, %s, %s, %s, %s)
[2025-03-30T11:40:15.763+0000] {inout_data.py:100} INFO - Params: ('2025-03-30 11:40:15', '2024-09-29 02:22:00', 8938, 'Employee16', 'FactoryB', 'IN', 'Main', '6', 'IT', 'BSID', 'CAPD', '2')
[2025-03-30T11:40:15.763+0000] {logging_mixin.py:188} INFO - General error executing query: not all arguments converted during string formatting
[2025-03-30T11:40:15.763+0000] {inout_data.py:102} INFO - Ingested 8 rows of dummy data for 2024-09-29 02:00:00+00:00.
[2025-03-30T11:40:15.763+0000] {logging_mixin.py:188} INFO - MariaDB connection closed.
[2025-03-30T11:40:15.764+0000] {python.py:202} INFO - Done. Returned value was: None
[2025-03-30T11:40:15.770+0000] {taskinstance.py:1149} INFO - Marking task as SUCCESS. dag_id=inout_data_ingestion, task_id=ingest_dummy_data, execution_date=20240929T020000, start_date=20250330T114015, end_date=20250330T114015
[2025-03-30T11:40:15.823+0000] {local_task_job_runner.py:234} INFO - Task exited with return code 0
[2025-03-30T11:40:15.846+0000] {taskinstance.py:3309} INFO - 0 downstream tasks scheduled from follow-on schedule check
