[2025-03-30T11:09:14.884+0000] {taskinstance.py:1979} INFO - Dependencies all met for dep_context=non-requeueable deps ti=<TaskInstance: inout_data_ingestion.ingest_dummy_data scheduled__2024-09-29T21:00:00+00:00 [queued]>
[2025-03-30T11:09:14.905+0000] {taskinstance.py:1979} INFO - Dependencies all met for dep_context=requeueable deps ti=<TaskInstance: inout_data_ingestion.ingest_dummy_data scheduled__2024-09-29T21:00:00+00:00 [queued]>
[2025-03-30T11:09:14.908+0000] {taskinstance.py:2193} INFO - Starting attempt 1 of 2
[2025-03-30T11:09:14.942+0000] {taskinstance.py:2214} INFO - Executing <Task(PythonOperator): ingest_dummy_data> on 2024-09-29 21:00:00+00:00
[2025-03-30T11:09:14.954+0000] {standard_task_runner.py:60} INFO - Started process 281 to run task
[2025-03-30T11:09:14.960+0000] {standard_task_runner.py:87} INFO - Running: ['***', 'tasks', 'run', 'inout_data_ingestion', 'ingest_dummy_data', 'scheduled__2024-09-29T21:00:00+00:00', '--job-id', '114', '--raw', '--subdir', 'DAGS_FOLDER/inout_data.py', '--cfg-path', '/tmp/tmpi5nz8hi0']
[2025-03-30T11:09:14.962+0000] {standard_task_runner.py:88} INFO - Job 114: Subtask ingest_dummy_data
[2025-03-30T11:09:14.981+0000] {warnings.py:109} WARNING - /home/***/.local/lib/python3.8/site-packages/***/settings.py:194: DeprecationWarning: The sql_alchemy_conn option in [core] has been moved to the sql_alchemy_conn option in [database] - the old setting has been used, but please update your config.
  SQL_ALCHEMY_CONN = conf.get("database", "SQL_ALCHEMY_CONN")

[2025-03-30T11:09:15.023+0000] {task_command.py:423} INFO - Running <TaskInstance: inout_data_ingestion.ingest_dummy_data scheduled__2024-09-29T21:00:00+00:00 [running]> on host ff9d64b065e6
[2025-03-30T11:09:15.234+0000] {taskinstance.py:2510} INFO - Exporting env vars: AIRFLOW_CTX_DAG_OWNER='***' AIRFLOW_CTX_DAG_ID='inout_data_ingestion' AIRFLOW_CTX_TASK_ID='ingest_dummy_data' AIRFLOW_CTX_EXECUTION_DATE='2024-09-29T21:00:00+00:00' AIRFLOW_CTX_TRY_NUMBER='1' AIRFLOW_CTX_DAG_RUN_ID='scheduled__2024-09-29T21:00:00+00:00'
[2025-03-30T11:09:15.248+0000] {inout_data.py:42} INFO - Successfully connected to MariaDB: INOUT on mariadb:3306
[2025-03-30T11:09:15.254+0000] {inout_data.py:63} ERROR - Error executing query: (1062, "Duplicate entry '2025-03-30 11:09:15-1575' for key 'PRIMARY'")
[2025-03-30T11:09:15.256+0000] {inout_data.py:63} ERROR - Error executing query: (1062, "Duplicate entry '2025-03-30 11:09:15-1575' for key 'PRIMARY'")
[2025-03-30T11:09:15.260+0000] {inout_data.py:63} ERROR - Error executing query: (1062, "Duplicate entry '2025-03-30 11:09:15-1575' for key 'PRIMARY'")
[2025-03-30T11:09:15.262+0000] {inout_data.py:63} ERROR - Error executing query: (1062, "Duplicate entry '2025-03-30 11:09:15-1575' for key 'PRIMARY'")
[2025-03-30T11:09:15.264+0000] {inout_data.py:63} ERROR - Error executing query: (1062, "Duplicate entry '2025-03-30 11:09:15-1575' for key 'PRIMARY'")
[2025-03-30T11:09:15.267+0000] {inout_data.py:63} ERROR - Error executing query: (1062, "Duplicate entry '2025-03-30 11:09:15-1575' for key 'PRIMARY'")
[2025-03-30T11:09:15.270+0000] {inout_data.py:63} ERROR - Error executing query: (1062, "Duplicate entry '2025-03-30 11:09:15-1575' for key 'PRIMARY'")
[2025-03-30T11:09:15.272+0000] {inout_data.py:63} ERROR - Error executing query: (1062, "Duplicate entry '2025-03-30 11:09:15-1575' for key 'PRIMARY'")
[2025-03-30T11:09:15.275+0000] {inout_data.py:63} ERROR - Error executing query: (1062, "Duplicate entry '2025-03-30 11:09:15-1575' for key 'PRIMARY'")
[2025-03-30T11:09:15.278+0000] {inout_data.py:63} ERROR - Error executing query: (1062, "Duplicate entry '2025-03-30 11:09:15-1575' for key 'PRIMARY'")
[2025-03-30T11:09:15.281+0000] {inout_data.py:63} ERROR - Error executing query: (1062, "Duplicate entry '2025-03-30 11:09:15-1575' for key 'PRIMARY'")
[2025-03-30T11:09:15.282+0000] {inout_data.py:63} ERROR - Error executing query: (1062, "Duplicate entry '2025-03-30 11:09:15-1575' for key 'PRIMARY'")
[2025-03-30T11:09:15.285+0000] {inout_data.py:63} ERROR - Error executing query: (1062, "Duplicate entry '2025-03-30 11:09:15-1575' for key 'PRIMARY'")
[2025-03-30T11:09:15.291+0000] {inout_data.py:63} ERROR - Error executing query: (1062, "Duplicate entry '2025-03-30 11:09:15-1575' for key 'PRIMARY'")
[2025-03-30T11:09:15.294+0000] {inout_data.py:63} ERROR - Error executing query: (1062, "Duplicate entry '2025-03-30 11:09:15-1575' for key 'PRIMARY'")
[2025-03-30T11:09:15.294+0000] {inout_data.py:63} ERROR - Error executing query: (1062, "Duplicate entry '2025-03-30 11:09:15-1575' for key 'PRIMARY'")
[2025-03-30T11:09:15.295+0000] {inout_data.py:63} ERROR - Error executing query: (1062, "Duplicate entry '2025-03-30 11:09:15-1575' for key 'PRIMARY'")
[2025-03-30T11:09:15.296+0000] {inout_data.py:63} ERROR - Error executing query: (1062, "Duplicate entry '2025-03-30 11:09:15-1575' for key 'PRIMARY'")
[2025-03-30T11:09:15.298+0000] {inout_data.py:159} INFO - Ingested 19 rows of dummy data.
[2025-03-30T11:09:15.299+0000] {inout_data.py:78} INFO - MariaDB connection closed.
[2025-03-30T11:09:15.299+0000] {python.py:202} INFO - Done. Returned value was: None
[2025-03-30T11:09:15.330+0000] {taskinstance.py:1149} INFO - Marking task as SUCCESS. dag_id=inout_data_ingestion, task_id=ingest_dummy_data, execution_date=20240929T210000, start_date=20250330T110914, end_date=20250330T110915
[2025-03-30T11:09:15.397+0000] {local_task_job_runner.py:234} INFO - Task exited with return code 0
[2025-03-30T11:09:15.455+0000] {taskinstance.py:3309} INFO - 0 downstream tasks scheduled from follow-on schedule check
[2025-03-30T11:15:52.389+0000] {taskinstance.py:1979} INFO - Dependencies all met for dep_context=non-requeueable deps ti=<TaskInstance: inout_data_ingestion.ingest_dummy_data scheduled__2024-09-29T21:00:00+00:00 [queued]>
[2025-03-30T11:15:52.397+0000] {taskinstance.py:1979} INFO - Dependencies all met for dep_context=requeueable deps ti=<TaskInstance: inout_data_ingestion.ingest_dummy_data scheduled__2024-09-29T21:00:00+00:00 [queued]>
[2025-03-30T11:15:52.397+0000] {taskinstance.py:2193} INFO - Starting attempt 1 of 2
[2025-03-30T11:15:52.406+0000] {taskinstance.py:2214} INFO - Executing <Task(PythonOperator): ingest_dummy_data> on 2024-09-29 21:00:00+00:00
[2025-03-30T11:15:52.410+0000] {standard_task_runner.py:60} INFO - Started process 2122 to run task
[2025-03-30T11:15:52.413+0000] {standard_task_runner.py:87} INFO - Running: ['***', 'tasks', 'run', 'inout_data_ingestion', 'ingest_dummy_data', 'scheduled__2024-09-29T21:00:00+00:00', '--job-id', '1036', '--raw', '--subdir', 'DAGS_FOLDER/inout_data.py', '--cfg-path', '/tmp/tmpjvwbp3dk']
[2025-03-30T11:15:52.413+0000] {standard_task_runner.py:88} INFO - Job 1036: Subtask ingest_dummy_data
[2025-03-30T11:15:52.423+0000] {warnings.py:109} WARNING - /home/***/.local/lib/python3.8/site-packages/***/settings.py:194: DeprecationWarning: The sql_alchemy_conn option in [core] has been moved to the sql_alchemy_conn option in [database] - the old setting has been used, but please update your config.
  SQL_ALCHEMY_CONN = conf.get("database", "SQL_ALCHEMY_CONN")

[2025-03-30T11:15:52.448+0000] {task_command.py:423} INFO - Running <TaskInstance: inout_data_ingestion.ingest_dummy_data scheduled__2024-09-29T21:00:00+00:00 [running]> on host ff9d64b065e6
[2025-03-30T11:15:52.490+0000] {taskinstance.py:2510} INFO - Exporting env vars: AIRFLOW_CTX_DAG_OWNER='***' AIRFLOW_CTX_DAG_ID='inout_data_ingestion' AIRFLOW_CTX_TASK_ID='ingest_dummy_data' AIRFLOW_CTX_EXECUTION_DATE='2024-09-29T21:00:00+00:00' AIRFLOW_CTX_TRY_NUMBER='1' AIRFLOW_CTX_DAG_RUN_ID='scheduled__2024-09-29T21:00:00+00:00'
[2025-03-30T11:15:52.493+0000] {inout_data.py:42} INFO - Successfully connected to MariaDB: INOUT on mariadb:3306
[2025-03-30T11:15:52.494+0000] {inout_data.py:63} ERROR - Error executing query: (1062, "Duplicate entry '2025-03-30 11:15:52-1793' for key 'PRIMARY'")
[2025-03-30T11:15:52.495+0000] {inout_data.py:63} ERROR - Error executing query: (1062, "Duplicate entry '2025-03-30 11:15:52-1793' for key 'PRIMARY'")
[2025-03-30T11:15:52.495+0000] {inout_data.py:63} ERROR - Error executing query: (1062, "Duplicate entry '2025-03-30 11:15:52-1793' for key 'PRIMARY'")
[2025-03-30T11:15:52.497+0000] {inout_data.py:63} ERROR - Error executing query: (1062, "Duplicate entry '2025-03-30 11:15:52-1793' for key 'PRIMARY'")
[2025-03-30T11:15:52.497+0000] {inout_data.py:63} ERROR - Error executing query: (1062, "Duplicate entry '2025-03-30 11:15:52-1793' for key 'PRIMARY'")
[2025-03-30T11:15:52.499+0000] {inout_data.py:63} ERROR - Error executing query: (1062, "Duplicate entry '2025-03-30 11:15:52-1793' for key 'PRIMARY'")
[2025-03-30T11:15:52.499+0000] {inout_data.py:63} ERROR - Error executing query: (1062, "Duplicate entry '2025-03-30 11:15:52-1793' for key 'PRIMARY'")
[2025-03-30T11:15:52.500+0000] {inout_data.py:152} INFO - Ingested 8 rows of dummy data.
[2025-03-30T11:15:52.502+0000] {inout_data.py:78} INFO - MariaDB connection closed.
[2025-03-30T11:15:52.502+0000] {python.py:202} INFO - Done. Returned value was: None
[2025-03-30T11:15:52.510+0000] {taskinstance.py:1149} INFO - Marking task as SUCCESS. dag_id=inout_data_ingestion, task_id=ingest_dummy_data, execution_date=20240929T210000, start_date=20250330T111552, end_date=20250330T111552
[2025-03-30T11:15:52.553+0000] {local_task_job_runner.py:234} INFO - Task exited with return code 0
[2025-03-30T11:15:52.565+0000] {taskinstance.py:3309} INFO - 0 downstream tasks scheduled from follow-on schedule check
[2025-03-30T11:28:23.959+0000] {taskinstance.py:1979} INFO - Dependencies all met for dep_context=non-requeueable deps ti=<TaskInstance: inout_data_ingestion.ingest_dummy_data scheduled__2024-09-29T21:00:00+00:00 [queued]>
[2025-03-30T11:28:23.967+0000] {taskinstance.py:1979} INFO - Dependencies all met for dep_context=requeueable deps ti=<TaskInstance: inout_data_ingestion.ingest_dummy_data scheduled__2024-09-29T21:00:00+00:00 [queued]>
[2025-03-30T11:28:23.968+0000] {taskinstance.py:2193} INFO - Starting attempt 1 of 2
[2025-03-30T11:28:23.985+0000] {taskinstance.py:2214} INFO - Executing <Task(PythonOperator): ingest_dummy_data> on 2024-09-29 21:00:00+00:00
[2025-03-30T11:28:23.989+0000] {standard_task_runner.py:60} INFO - Started process 4049 to run task
[2025-03-30T11:28:23.994+0000] {standard_task_runner.py:87} INFO - Running: ['***', 'tasks', 'run', 'inout_data_ingestion', 'ingest_dummy_data', 'scheduled__2024-09-29T21:00:00+00:00', '--job-id', '1999', '--raw', '--subdir', 'DAGS_FOLDER/inout_data.py', '--cfg-path', '/tmp/tmpuq3es8da']
[2025-03-30T11:28:23.995+0000] {standard_task_runner.py:88} INFO - Job 1999: Subtask ingest_dummy_data
[2025-03-30T11:28:24.018+0000] {warnings.py:109} WARNING - /home/***/.local/lib/python3.8/site-packages/***/settings.py:194: DeprecationWarning: The sql_alchemy_conn option in [core] has been moved to the sql_alchemy_conn option in [database] - the old setting has been used, but please update your config.
  SQL_ALCHEMY_CONN = conf.get("database", "SQL_ALCHEMY_CONN")

[2025-03-30T11:28:24.068+0000] {task_command.py:423} INFO - Running <TaskInstance: inout_data_ingestion.ingest_dummy_data scheduled__2024-09-29T21:00:00+00:00 [running]> on host ff9d64b065e6
[2025-03-30T11:28:24.128+0000] {taskinstance.py:2510} INFO - Exporting env vars: AIRFLOW_CTX_DAG_OWNER='***' AIRFLOW_CTX_DAG_ID='inout_data_ingestion' AIRFLOW_CTX_TASK_ID='ingest_dummy_data' AIRFLOW_CTX_EXECUTION_DATE='2024-09-29T21:00:00+00:00' AIRFLOW_CTX_TRY_NUMBER='1' AIRFLOW_CTX_DAG_RUN_ID='scheduled__2024-09-29T21:00:00+00:00'
[2025-03-30T11:28:24.131+0000] {logging_mixin.py:188} INFO - Successfully connected to MariaDB: INOUT on mariadb:3306
[2025-03-30T11:28:24.133+0000] {logging_mixin.py:188} INFO - General error executing query: not all arguments converted during string formatting
[2025-03-30T11:28:24.133+0000] {logging_mixin.py:188} INFO - General error executing query: not all arguments converted during string formatting
[2025-03-30T11:28:24.133+0000] {logging_mixin.py:188} INFO - General error executing query: not all arguments converted during string formatting
[2025-03-30T11:28:24.134+0000] {logging_mixin.py:188} INFO - General error executing query: not all arguments converted during string formatting
[2025-03-30T11:28:24.134+0000] {logging_mixin.py:188} INFO - General error executing query: not all arguments converted during string formatting
[2025-03-30T11:28:24.134+0000] {logging_mixin.py:188} INFO - General error executing query: not all arguments converted during string formatting
[2025-03-30T11:28:24.136+0000] {logging_mixin.py:188} INFO - General error executing query: not all arguments converted during string formatting
[2025-03-30T11:28:24.137+0000] {logging_mixin.py:188} INFO - General error executing query: not all arguments converted during string formatting
[2025-03-30T11:28:24.138+0000] {logging_mixin.py:188} INFO - General error executing query: not all arguments converted during string formatting
[2025-03-30T11:28:24.138+0000] {logging_mixin.py:188} INFO - General error executing query: not all arguments converted during string formatting
[2025-03-30T11:28:24.138+0000] {logging_mixin.py:188} INFO - General error executing query: not all arguments converted during string formatting
[2025-03-30T11:28:24.138+0000] {logging_mixin.py:188} INFO - General error executing query: not all arguments converted during string formatting
[2025-03-30T11:28:24.138+0000] {logging_mixin.py:188} INFO - General error executing query: not all arguments converted during string formatting
[2025-03-30T11:28:24.140+0000] {logging_mixin.py:188} INFO - General error executing query: not all arguments converted during string formatting
[2025-03-30T11:28:24.140+0000] {logging_mixin.py:188} INFO - General error executing query: not all arguments converted during string formatting
[2025-03-30T11:28:24.140+0000] {logging_mixin.py:188} INFO - General error executing query: not all arguments converted during string formatting
[2025-03-30T11:28:24.140+0000] {logging_mixin.py:188} INFO - General error executing query: not all arguments converted during string formatting
[2025-03-30T11:28:24.140+0000] {logging_mixin.py:188} INFO - General error executing query: not all arguments converted during string formatting
[2025-03-30T11:28:24.141+0000] {logging_mixin.py:188} INFO - General error executing query: not all arguments converted during string formatting
[2025-03-30T11:28:24.142+0000] {logging_mixin.py:188} INFO - General error executing query: not all arguments converted during string formatting
[2025-03-30T11:28:24.143+0000] {inout_data.py:87} INFO - Ingested 20 rows of dummy data for 2024-09-29 21:00:00+00:00.
[2025-03-30T11:28:24.144+0000] {logging_mixin.py:188} INFO - MariaDB connection closed.
[2025-03-30T11:28:24.144+0000] {python.py:202} INFO - Done. Returned value was: None
[2025-03-30T11:28:24.154+0000] {taskinstance.py:1149} INFO - Marking task as SUCCESS. dag_id=inout_data_ingestion, task_id=ingest_dummy_data, execution_date=20240929T210000, start_date=20250330T112823, end_date=20250330T112824
[2025-03-30T11:28:24.174+0000] {local_task_job_runner.py:234} INFO - Task exited with return code 0
[2025-03-30T11:28:24.185+0000] {taskinstance.py:3309} INFO - 0 downstream tasks scheduled from follow-on schedule check
[2025-03-30T11:33:02.833+0000] {taskinstance.py:1979} INFO - Dependencies all met for dep_context=non-requeueable deps ti=<TaskInstance: inout_data_ingestion.ingest_dummy_data scheduled__2024-09-29T21:00:00+00:00 [queued]>
[2025-03-30T11:33:02.845+0000] {taskinstance.py:1979} INFO - Dependencies all met for dep_context=requeueable deps ti=<TaskInstance: inout_data_ingestion.ingest_dummy_data scheduled__2024-09-29T21:00:00+00:00 [queued]>
[2025-03-30T11:33:02.846+0000] {taskinstance.py:2193} INFO - Starting attempt 1 of 2
[2025-03-30T11:33:02.854+0000] {taskinstance.py:2214} INFO - Executing <Task(PythonOperator): ingest_dummy_data> on 2024-09-29 21:00:00+00:00
[2025-03-30T11:33:02.858+0000] {standard_task_runner.py:60} INFO - Started process 5501 to run task
[2025-03-30T11:33:02.865+0000] {standard_task_runner.py:87} INFO - Running: ['***', 'tasks', 'run', 'inout_data_ingestion', 'ingest_dummy_data', 'scheduled__2024-09-29T21:00:00+00:00', '--job-id', '2726', '--raw', '--subdir', 'DAGS_FOLDER/inout_data.py', '--cfg-path', '/tmp/tmpg_x648pk']
[2025-03-30T11:33:02.867+0000] {standard_task_runner.py:88} INFO - Job 2726: Subtask ingest_dummy_data
[2025-03-30T11:33:02.885+0000] {warnings.py:109} WARNING - /home/***/.local/lib/python3.8/site-packages/***/settings.py:194: DeprecationWarning: The sql_alchemy_conn option in [core] has been moved to the sql_alchemy_conn option in [database] - the old setting has been used, but please update your config.
  SQL_ALCHEMY_CONN = conf.get("database", "SQL_ALCHEMY_CONN")

[2025-03-30T11:33:02.908+0000] {task_command.py:423} INFO - Running <TaskInstance: inout_data_ingestion.ingest_dummy_data scheduled__2024-09-29T21:00:00+00:00 [running]> on host ff9d64b065e6
[2025-03-30T11:33:02.946+0000] {taskinstance.py:2510} INFO - Exporting env vars: AIRFLOW_CTX_DAG_OWNER='***' AIRFLOW_CTX_DAG_ID='inout_data_ingestion' AIRFLOW_CTX_TASK_ID='ingest_dummy_data' AIRFLOW_CTX_EXECUTION_DATE='2024-09-29T21:00:00+00:00' AIRFLOW_CTX_TRY_NUMBER='1' AIRFLOW_CTX_DAG_RUN_ID='scheduled__2024-09-29T21:00:00+00:00'
[2025-03-30T11:33:02.948+0000] {logging_mixin.py:188} INFO - Successfully connected to MariaDB: INOUT on mariadb:3306
[2025-03-30T11:33:02.948+0000] {inout_data.py:83} INFO - {'ingested_time': datetime.datetime(2025, 3, 30, 11, 33, 2, 948761), 'timestamp': datetime.datetime(2024, 9, 29, 21, 23, tzinfo=datetime.timezone.utc), 'emp_id': 9927, 'employee_name': 'Employee82', 'factory': 'FactoryA', 'in_out': 'OUT', 'entrance': 'Main', 'door_number': '7', 'function': 'IT', 'division': 'AAPD', 'department': 'ML', 'section': '2'}
[2025-03-30T11:33:02.948+0000] {logging_mixin.py:188} INFO - General error executing query: not all arguments converted during string formatting
[2025-03-30T11:33:02.949+0000] {inout_data.py:83} INFO - {'ingested_time': datetime.datetime(2025, 3, 30, 11, 33, 2, 949123), 'timestamp': datetime.datetime(2024, 9, 29, 21, 12, tzinfo=datetime.timezone.utc), 'emp_id': 8905, 'employee_name': 'Employee56', 'factory': 'FactoryB', 'in_out': 'OUT', 'entrance': 'Main', 'door_number': '5', 'function': 'IT', 'division': 'AAPD', 'department': 'HRSD', 'section': '2'}
[2025-03-30T11:33:02.949+0000] {logging_mixin.py:188} INFO - General error executing query: not all arguments converted during string formatting
[2025-03-30T11:33:02.949+0000] {inout_data.py:83} INFO - {'ingested_time': datetime.datetime(2025, 3, 30, 11, 33, 2, 949458), 'timestamp': datetime.datetime(2024, 9, 29, 21, 5, tzinfo=datetime.timezone.utc), 'emp_id': 3719, 'employee_name': 'Employee54', 'factory': 'FactoryB', 'in_out': 'OUT', 'entrance': 'Main', 'door_number': '3', 'function': 'IT', 'division': 'AAPD', 'department': 'HRSD', 'section': '2'}
[2025-03-30T11:33:02.949+0000] {logging_mixin.py:188} INFO - General error executing query: not all arguments converted during string formatting
[2025-03-30T11:33:02.949+0000] {inout_data.py:83} INFO - {'ingested_time': datetime.datetime(2025, 3, 30, 11, 33, 2, 949728), 'timestamp': datetime.datetime(2024, 9, 29, 21, 18, tzinfo=datetime.timezone.utc), 'emp_id': 8220, 'employee_name': 'Employee93', 'factory': 'FactoryA', 'in_out': 'IN', 'entrance': 'Side', 'door_number': '6', 'function': 'IT', 'division': 'AAPD', 'department': 'HRSD', 'section': '2'}
[2025-03-30T11:33:02.949+0000] {logging_mixin.py:188} INFO - General error executing query: not all arguments converted during string formatting
[2025-03-30T11:33:02.949+0000] {inout_data.py:83} INFO - {'ingested_time': datetime.datetime(2025, 3, 30, 11, 33, 2, 949984), 'timestamp': datetime.datetime(2024, 9, 29, 21, 13, tzinfo=datetime.timezone.utc), 'emp_id': 8602, 'employee_name': 'Employee94', 'factory': 'FactoryB', 'in_out': 'OUT', 'entrance': 'Main', 'door_number': '6', 'function': 'IT', 'division': 'AAPD', 'department': 'CAPD', 'section': '2'}
[2025-03-30T11:33:02.950+0000] {logging_mixin.py:188} INFO - General error executing query: not all arguments converted during string formatting
[2025-03-30T11:33:02.950+0000] {inout_data.py:83} INFO - {'ingested_time': datetime.datetime(2025, 3, 30, 11, 33, 2, 950287), 'timestamp': datetime.datetime(2024, 9, 29, 21, 28, tzinfo=datetime.timezone.utc), 'emp_id': 9394, 'employee_name': 'Employee66', 'factory': 'FactoryB', 'in_out': 'IN', 'entrance': 'Side', 'door_number': '1', 'function': 'IT', 'division': 'BSID', 'department': 'CAPD', 'section': '1'}
[2025-03-30T11:33:02.950+0000] {logging_mixin.py:188} INFO - General error executing query: not all arguments converted during string formatting
[2025-03-30T11:33:02.950+0000] {inout_data.py:83} INFO - {'ingested_time': datetime.datetime(2025, 3, 30, 11, 33, 2, 950659), 'timestamp': datetime.datetime(2024, 9, 29, 21, 19, tzinfo=datetime.timezone.utc), 'emp_id': 5878, 'employee_name': 'Employee44', 'factory': 'FactoryB', 'in_out': 'OUT', 'entrance': 'Main', 'door_number': '8', 'function': 'IT', 'division': 'AAPD', 'department': 'CAPD', 'section': '1'}
[2025-03-30T11:33:02.950+0000] {logging_mixin.py:188} INFO - General error executing query: not all arguments converted during string formatting
[2025-03-30T11:33:02.950+0000] {inout_data.py:83} INFO - {'ingested_time': datetime.datetime(2025, 3, 30, 11, 33, 2, 950932), 'timestamp': datetime.datetime(2024, 9, 29, 21, 26, tzinfo=datetime.timezone.utc), 'emp_id': 9273, 'employee_name': 'Employee93', 'factory': 'FactoryB', 'in_out': 'OUT', 'entrance': 'Main', 'door_number': '3', 'function': 'IT', 'division': 'AAPD', 'department': 'CAPD', 'section': '2'}
[2025-03-30T11:33:02.951+0000] {logging_mixin.py:188} INFO - General error executing query: not all arguments converted during string formatting
[2025-03-30T11:33:02.951+0000] {inout_data.py:83} INFO - {'ingested_time': datetime.datetime(2025, 3, 30, 11, 33, 2, 951209), 'timestamp': datetime.datetime(2024, 9, 29, 21, 15, tzinfo=datetime.timezone.utc), 'emp_id': 6812, 'employee_name': 'Employee30', 'factory': 'FactoryA', 'in_out': 'OUT', 'entrance': 'Side', 'door_number': '8', 'function': 'IT', 'division': 'BSID', 'department': 'CAPD', 'section': '2'}
[2025-03-30T11:33:02.951+0000] {logging_mixin.py:188} INFO - General error executing query: not all arguments converted during string formatting
[2025-03-30T11:33:02.951+0000] {inout_data.py:83} INFO - {'ingested_time': datetime.datetime(2025, 3, 30, 11, 33, 2, 951471), 'timestamp': datetime.datetime(2024, 9, 29, 21, 0, tzinfo=datetime.timezone.utc), 'emp_id': 2298, 'employee_name': 'Employee18', 'factory': 'FactoryB', 'in_out': 'OUT', 'entrance': 'Main', 'door_number': '8', 'function': 'IT', 'division': 'BSID', 'department': 'CAPD', 'section': '2'}
[2025-03-30T11:33:02.951+0000] {logging_mixin.py:188} INFO - General error executing query: not all arguments converted during string formatting
[2025-03-30T11:33:02.951+0000] {inout_data.py:83} INFO - {'ingested_time': datetime.datetime(2025, 3, 30, 11, 33, 2, 951727), 'timestamp': datetime.datetime(2024, 9, 29, 21, 23, tzinfo=datetime.timezone.utc), 'emp_id': 1054, 'employee_name': 'Employee54', 'factory': 'FactoryB', 'in_out': 'IN', 'entrance': 'Side', 'door_number': '1', 'function': 'IT', 'division': 'AAPD', 'department': 'HRSD', 'section': '2'}
[2025-03-30T11:33:02.951+0000] {logging_mixin.py:188} INFO - General error executing query: not all arguments converted during string formatting
[2025-03-30T11:33:02.951+0000] {inout_data.py:83} INFO - {'ingested_time': datetime.datetime(2025, 3, 30, 11, 33, 2, 951979), 'timestamp': datetime.datetime(2024, 9, 29, 21, 10, tzinfo=datetime.timezone.utc), 'emp_id': 6206, 'employee_name': 'Employee81', 'factory': 'FactoryB', 'in_out': 'OUT', 'entrance': 'Main', 'door_number': '2', 'function': 'IT', 'division': 'AAPD', 'department': 'CAPD', 'section': '1'}
[2025-03-30T11:33:02.952+0000] {logging_mixin.py:188} INFO - General error executing query: not all arguments converted during string formatting
[2025-03-30T11:33:02.952+0000] {inout_data.py:83} INFO - {'ingested_time': datetime.datetime(2025, 3, 30, 11, 33, 2, 952275), 'timestamp': datetime.datetime(2024, 9, 29, 21, 6, tzinfo=datetime.timezone.utc), 'emp_id': 2874, 'employee_name': 'Employee3', 'factory': 'FactoryA', 'in_out': 'OUT', 'entrance': 'Side', 'door_number': '6', 'function': 'IT', 'division': 'BSID', 'department': 'ML', 'section': '1'}
[2025-03-30T11:33:02.952+0000] {logging_mixin.py:188} INFO - General error executing query: not all arguments converted during string formatting
[2025-03-30T11:33:02.952+0000] {inout_data.py:83} INFO - {'ingested_time': datetime.datetime(2025, 3, 30, 11, 33, 2, 952604), 'timestamp': datetime.datetime(2024, 9, 29, 21, 4, tzinfo=datetime.timezone.utc), 'emp_id': 2674, 'employee_name': 'Employee42', 'factory': 'FactoryB', 'in_out': 'OUT', 'entrance': 'Side', 'door_number': '7', 'function': 'IT', 'division': 'BSID', 'department': 'HRSD', 'section': '2'}
[2025-03-30T11:33:02.952+0000] {logging_mixin.py:188} INFO - General error executing query: not all arguments converted during string formatting
[2025-03-30T11:33:02.952+0000] {inout_data.py:88} INFO - Ingested 14 rows of dummy data for 2024-09-29 21:00:00+00:00.
[2025-03-30T11:33:02.952+0000] {logging_mixin.py:188} INFO - MariaDB connection closed.
[2025-03-30T11:33:02.953+0000] {python.py:202} INFO - Done. Returned value was: None
[2025-03-30T11:33:02.957+0000] {taskinstance.py:1149} INFO - Marking task as SUCCESS. dag_id=inout_data_ingestion, task_id=ingest_dummy_data, execution_date=20240929T210000, start_date=20250330T113302, end_date=20250330T113302
[2025-03-30T11:33:03.007+0000] {local_task_job_runner.py:234} INFO - Task exited with return code 0
[2025-03-30T11:33:03.017+0000] {taskinstance.py:3309} INFO - 0 downstream tasks scheduled from follow-on schedule check
[2025-03-30T11:38:33.678+0000] {taskinstance.py:1979} INFO - Dependencies all met for dep_context=non-requeueable deps ti=<TaskInstance: inout_data_ingestion.ingest_dummy_data scheduled__2024-09-29T21:00:00+00:00 [queued]>
[2025-03-30T11:38:33.717+0000] {taskinstance.py:1979} INFO - Dependencies all met for dep_context=requeueable deps ti=<TaskInstance: inout_data_ingestion.ingest_dummy_data scheduled__2024-09-29T21:00:00+00:00 [queued]>
[2025-03-30T11:38:33.719+0000] {taskinstance.py:2193} INFO - Starting attempt 1 of 2
[2025-03-30T11:38:33.806+0000] {taskinstance.py:2214} INFO - Executing <Task(PythonOperator): ingest_dummy_data> on 2024-09-29 21:00:00+00:00
[2025-03-30T11:38:33.834+0000] {standard_task_runner.py:60} INFO - Started process 6408 to run task
[2025-03-30T11:38:33.866+0000] {standard_task_runner.py:87} INFO - Running: ['***', 'tasks', 'run', 'inout_data_ingestion', 'ingest_dummy_data', 'scheduled__2024-09-29T21:00:00+00:00', '--job-id', '3178', '--raw', '--subdir', 'DAGS_FOLDER/inout_data.py', '--cfg-path', '/tmp/tmpd4j4ekgv']
[2025-03-30T11:38:33.870+0000] {standard_task_runner.py:88} INFO - Job 3178: Subtask ingest_dummy_data
[2025-03-30T11:38:33.918+0000] {warnings.py:109} WARNING - /home/***/.local/lib/python3.8/site-packages/***/settings.py:194: DeprecationWarning: The sql_alchemy_conn option in [core] has been moved to the sql_alchemy_conn option in [database] - the old setting has been used, but please update your config.
  SQL_ALCHEMY_CONN = conf.get("database", "SQL_ALCHEMY_CONN")

[2025-03-30T11:38:34.039+0000] {task_command.py:423} INFO - Running <TaskInstance: inout_data_ingestion.ingest_dummy_data scheduled__2024-09-29T21:00:00+00:00 [running]> on host ff9d64b065e6
[2025-03-30T11:38:34.513+0000] {taskinstance.py:2510} INFO - Exporting env vars: AIRFLOW_CTX_DAG_OWNER='***' AIRFLOW_CTX_DAG_ID='inout_data_ingestion' AIRFLOW_CTX_TASK_ID='ingest_dummy_data' AIRFLOW_CTX_EXECUTION_DATE='2024-09-29T21:00:00+00:00' AIRFLOW_CTX_TRY_NUMBER='1' AIRFLOW_CTX_DAG_RUN_ID='scheduled__2024-09-29T21:00:00+00:00'
[2025-03-30T11:38:34.545+0000] {logging_mixin.py:188} INFO - Successfully connected to MariaDB: INOUT on mariadb:3306
[2025-03-30T11:38:34.551+0000] {inout_data.py:83} INFO - {'ingested_time': datetime.datetime(2025, 3, 30, 11, 38, 34, 550592), 'timestamp': datetime.datetime(2024, 9, 29, 21, 1, tzinfo=datetime.timezone.utc), 'emp_id': 2601, 'employee_name': 'Employee27', 'factory': 'FactoryA', 'in_out': 'OUT', 'entrance': 'Main', 'door_number': '7', 'function': 'IT', 'division': 'AAPD', 'department': 'HRSD', 'section': '1'}
[2025-03-30T11:38:34.553+0000] {logging_mixin.py:188} INFO - General error executing query: not all arguments converted during string formatting
[2025-03-30T11:38:34.554+0000] {inout_data.py:83} INFO - {'ingested_time': datetime.datetime(2025, 3, 30, 11, 38, 34, 554427), 'timestamp': datetime.datetime(2024, 9, 29, 21, 13, tzinfo=datetime.timezone.utc), 'emp_id': 6258, 'employee_name': 'Employee70', 'factory': 'FactoryA', 'in_out': 'OUT', 'entrance': 'Side', 'door_number': '6', 'function': 'IT', 'division': 'BSID', 'department': 'HRSD', 'section': '1'}
[2025-03-30T11:38:34.555+0000] {logging_mixin.py:188} INFO - General error executing query: not all arguments converted during string formatting
[2025-03-30T11:38:34.557+0000] {inout_data.py:83} INFO - {'ingested_time': datetime.datetime(2025, 3, 30, 11, 38, 34, 557397), 'timestamp': datetime.datetime(2024, 9, 29, 21, 25, tzinfo=datetime.timezone.utc), 'emp_id': 5884, 'employee_name': 'Employee86', 'factory': 'FactoryA', 'in_out': 'OUT', 'entrance': 'Side', 'door_number': '1', 'function': 'IT', 'division': 'AAPD', 'department': 'HRSD', 'section': '1'}
[2025-03-30T11:38:34.558+0000] {logging_mixin.py:188} INFO - General error executing query: not all arguments converted during string formatting
[2025-03-30T11:38:34.559+0000] {inout_data.py:83} INFO - {'ingested_time': datetime.datetime(2025, 3, 30, 11, 38, 34, 559094), 'timestamp': datetime.datetime(2024, 9, 29, 21, 16, tzinfo=datetime.timezone.utc), 'emp_id': 4708, 'employee_name': 'Employee84', 'factory': 'FactoryA', 'in_out': 'OUT', 'entrance': 'Side', 'door_number': '8', 'function': 'IT', 'division': 'AAPD', 'department': 'CAPD', 'section': '2'}
[2025-03-30T11:38:34.561+0000] {logging_mixin.py:188} INFO - General error executing query: not all arguments converted during string formatting
[2025-03-30T11:38:34.563+0000] {inout_data.py:83} INFO - {'ingested_time': datetime.datetime(2025, 3, 30, 11, 38, 34, 562928), 'timestamp': datetime.datetime(2024, 9, 29, 21, 26, tzinfo=datetime.timezone.utc), 'emp_id': 7211, 'employee_name': 'Employee21', 'factory': 'FactoryA', 'in_out': 'OUT', 'entrance': 'Side', 'door_number': '4', 'function': 'IT', 'division': 'BSID', 'department': 'CAPD', 'section': '2'}
[2025-03-30T11:38:34.567+0000] {logging_mixin.py:188} INFO - General error executing query: not all arguments converted during string formatting
[2025-03-30T11:38:34.569+0000] {inout_data.py:83} INFO - {'ingested_time': datetime.datetime(2025, 3, 30, 11, 38, 34, 568907), 'timestamp': datetime.datetime(2024, 9, 29, 21, 8, tzinfo=datetime.timezone.utc), 'emp_id': 3696, 'employee_name': 'Employee32', 'factory': 'FactoryB', 'in_out': 'OUT', 'entrance': 'Side', 'door_number': '10', 'function': 'IT', 'division': 'BSID', 'department': 'ML', 'section': '2'}
[2025-03-30T11:38:34.570+0000] {logging_mixin.py:188} INFO - General error executing query: not all arguments converted during string formatting
[2025-03-30T11:38:34.573+0000] {inout_data.py:83} INFO - {'ingested_time': datetime.datetime(2025, 3, 30, 11, 38, 34, 573034), 'timestamp': datetime.datetime(2024, 9, 29, 21, 26, tzinfo=datetime.timezone.utc), 'emp_id': 2882, 'employee_name': 'Employee62', 'factory': 'FactoryA', 'in_out': 'OUT', 'entrance': 'Main', 'door_number': '9', 'function': 'IT', 'division': 'BSID', 'department': 'CAPD', 'section': '1'}
[2025-03-30T11:38:34.575+0000] {logging_mixin.py:188} INFO - General error executing query: not all arguments converted during string formatting
[2025-03-30T11:38:34.575+0000] {inout_data.py:83} INFO - {'ingested_time': datetime.datetime(2025, 3, 30, 11, 38, 34, 575816), 'timestamp': datetime.datetime(2024, 9, 29, 21, 20, tzinfo=datetime.timezone.utc), 'emp_id': 2031, 'employee_name': 'Employee92', 'factory': 'FactoryA', 'in_out': 'IN', 'entrance': 'Main', 'door_number': '9', 'function': 'IT', 'division': 'AAPD', 'department': 'ML', 'section': '1'}
[2025-03-30T11:38:34.577+0000] {logging_mixin.py:188} INFO - General error executing query: not all arguments converted during string formatting
[2025-03-30T11:38:34.581+0000] {inout_data.py:83} INFO - {'ingested_time': datetime.datetime(2025, 3, 30, 11, 38, 34, 580905), 'timestamp': datetime.datetime(2024, 9, 29, 21, 1, tzinfo=datetime.timezone.utc), 'emp_id': 9365, 'employee_name': 'Employee43', 'factory': 'FactoryB', 'in_out': 'OUT', 'entrance': 'Side', 'door_number': '9', 'function': 'IT', 'division': 'AAPD', 'department': 'ML', 'section': '2'}
[2025-03-30T11:38:34.585+0000] {logging_mixin.py:188} INFO - General error executing query: not all arguments converted during string formatting
[2025-03-30T11:38:34.587+0000] {inout_data.py:83} INFO - {'ingested_time': datetime.datetime(2025, 3, 30, 11, 38, 34, 587003), 'timestamp': datetime.datetime(2024, 9, 29, 21, 8, tzinfo=datetime.timezone.utc), 'emp_id': 1820, 'employee_name': 'Employee92', 'factory': 'FactoryA', 'in_out': 'OUT', 'entrance': 'Main', 'door_number': '5', 'function': 'IT', 'division': 'AAPD', 'department': 'CAPD', 'section': '2'}
[2025-03-30T11:38:34.588+0000] {logging_mixin.py:188} INFO - General error executing query: not all arguments converted during string formatting
[2025-03-30T11:38:34.589+0000] {inout_data.py:83} INFO - {'ingested_time': datetime.datetime(2025, 3, 30, 11, 38, 34, 589675), 'timestamp': datetime.datetime(2024, 9, 29, 21, 25, tzinfo=datetime.timezone.utc), 'emp_id': 9273, 'employee_name': 'Employee46', 'factory': 'FactoryA', 'in_out': 'OUT', 'entrance': 'Side', 'door_number': '9', 'function': 'IT', 'division': 'AAPD', 'department': 'ML', 'section': '1'}
[2025-03-30T11:38:34.590+0000] {logging_mixin.py:188} INFO - General error executing query: not all arguments converted during string formatting
[2025-03-30T11:38:34.591+0000] {inout_data.py:83} INFO - {'ingested_time': datetime.datetime(2025, 3, 30, 11, 38, 34, 591411), 'timestamp': datetime.datetime(2024, 9, 29, 21, 28, tzinfo=datetime.timezone.utc), 'emp_id': 7493, 'employee_name': 'Employee5', 'factory': 'FactoryA', 'in_out': 'OUT', 'entrance': 'Side', 'door_number': '3', 'function': 'IT', 'division': 'BSID', 'department': 'CAPD', 'section': '2'}
[2025-03-30T11:38:34.592+0000] {logging_mixin.py:188} INFO - General error executing query: not all arguments converted during string formatting
[2025-03-30T11:38:34.594+0000] {inout_data.py:83} INFO - {'ingested_time': datetime.datetime(2025, 3, 30, 11, 38, 34, 594006), 'timestamp': datetime.datetime(2024, 9, 29, 21, 22, tzinfo=datetime.timezone.utc), 'emp_id': 6484, 'employee_name': 'Employee74', 'factory': 'FactoryA', 'in_out': 'OUT', 'entrance': 'Side', 'door_number': '8', 'function': 'IT', 'division': 'AAPD', 'department': 'CAPD', 'section': '1'}
[2025-03-30T11:38:34.596+0000] {logging_mixin.py:188} INFO - General error executing query: not all arguments converted during string formatting
[2025-03-30T11:38:34.599+0000] {inout_data.py:83} INFO - {'ingested_time': datetime.datetime(2025, 3, 30, 11, 38, 34, 599602), 'timestamp': datetime.datetime(2024, 9, 29, 21, 3, tzinfo=datetime.timezone.utc), 'emp_id': 5755, 'employee_name': 'Employee18', 'factory': 'FactoryA', 'in_out': 'IN', 'entrance': 'Side', 'door_number': '10', 'function': 'IT', 'division': 'AAPD', 'department': 'HRSD', 'section': '2'}
[2025-03-30T11:38:34.602+0000] {logging_mixin.py:188} INFO - General error executing query: not all arguments converted during string formatting
[2025-03-30T11:38:34.606+0000] {inout_data.py:83} INFO - {'ingested_time': datetime.datetime(2025, 3, 30, 11, 38, 34, 606592), 'timestamp': datetime.datetime(2024, 9, 29, 21, 10, tzinfo=datetime.timezone.utc), 'emp_id': 3121, 'employee_name': 'Employee11', 'factory': 'FactoryB', 'in_out': 'OUT', 'entrance': 'Main', 'door_number': '10', 'function': 'IT', 'division': 'AAPD', 'department': 'ML', 'section': '2'}
[2025-03-30T11:38:34.608+0000] {logging_mixin.py:188} INFO - General error executing query: not all arguments converted during string formatting
[2025-03-30T11:38:34.610+0000] {inout_data.py:83} INFO - {'ingested_time': datetime.datetime(2025, 3, 30, 11, 38, 34, 609918), 'timestamp': datetime.datetime(2024, 9, 29, 21, 1, tzinfo=datetime.timezone.utc), 'emp_id': 3655, 'employee_name': 'Employee76', 'factory': 'FactoryA', 'in_out': 'OUT', 'entrance': 'Side', 'door_number': '10', 'function': 'IT', 'division': 'BSID', 'department': 'HRSD', 'section': '1'}
[2025-03-30T11:38:34.612+0000] {logging_mixin.py:188} INFO - General error executing query: not all arguments converted during string formatting
[2025-03-30T11:38:34.614+0000] {inout_data.py:101} INFO - Ingested 16 rows of dummy data for 2024-09-29 21:00:00+00:00.
[2025-03-30T11:38:34.616+0000] {logging_mixin.py:188} INFO - MariaDB connection closed.
[2025-03-30T11:38:34.618+0000] {python.py:202} INFO - Done. Returned value was: None
[2025-03-30T11:38:34.670+0000] {taskinstance.py:1149} INFO - Marking task as SUCCESS. dag_id=inout_data_ingestion, task_id=ingest_dummy_data, execution_date=20240929T210000, start_date=20250330T113833, end_date=20250330T113834
[2025-03-30T11:38:34.791+0000] {local_task_job_runner.py:234} INFO - Task exited with return code 0
[2025-03-30T11:38:34.883+0000] {taskinstance.py:3309} INFO - 0 downstream tasks scheduled from follow-on schedule check
[2025-03-30T11:40:38.138+0000] {taskinstance.py:1979} INFO - Dependencies all met for dep_context=non-requeueable deps ti=<TaskInstance: inout_data_ingestion.ingest_dummy_data scheduled__2024-09-29T21:00:00+00:00 [queued]>
[2025-03-30T11:40:38.152+0000] {taskinstance.py:1979} INFO - Dependencies all met for dep_context=requeueable deps ti=<TaskInstance: inout_data_ingestion.ingest_dummy_data scheduled__2024-09-29T21:00:00+00:00 [queued]>
[2025-03-30T11:40:38.153+0000] {taskinstance.py:2193} INFO - Starting attempt 1 of 2
[2025-03-30T11:40:38.172+0000] {taskinstance.py:2214} INFO - Executing <Task(PythonOperator): ingest_dummy_data> on 2024-09-29 21:00:00+00:00
[2025-03-30T11:40:38.181+0000] {standard_task_runner.py:60} INFO - Started process 6849 to run task
[2025-03-30T11:40:38.187+0000] {standard_task_runner.py:87} INFO - Running: ['***', 'tasks', 'run', 'inout_data_ingestion', 'ingest_dummy_data', 'scheduled__2024-09-29T21:00:00+00:00', '--job-id', '3399', '--raw', '--subdir', 'DAGS_FOLDER/inout_data.py', '--cfg-path', '/tmp/tmph97zyn2k']
[2025-03-30T11:40:38.188+0000] {standard_task_runner.py:88} INFO - Job 3399: Subtask ingest_dummy_data
[2025-03-30T11:40:38.207+0000] {warnings.py:109} WARNING - /home/***/.local/lib/python3.8/site-packages/***/settings.py:194: DeprecationWarning: The sql_alchemy_conn option in [core] has been moved to the sql_alchemy_conn option in [database] - the old setting has been used, but please update your config.
  SQL_ALCHEMY_CONN = conf.get("database", "SQL_ALCHEMY_CONN")

[2025-03-30T11:40:38.245+0000] {task_command.py:423} INFO - Running <TaskInstance: inout_data_ingestion.ingest_dummy_data scheduled__2024-09-29T21:00:00+00:00 [running]> on host ff9d64b065e6
[2025-03-30T11:40:38.351+0000] {taskinstance.py:2510} INFO - Exporting env vars: AIRFLOW_CTX_DAG_OWNER='***' AIRFLOW_CTX_DAG_ID='inout_data_ingestion' AIRFLOW_CTX_TASK_ID='ingest_dummy_data' AIRFLOW_CTX_EXECUTION_DATE='2024-09-29T21:00:00+00:00' AIRFLOW_CTX_TRY_NUMBER='1' AIRFLOW_CTX_DAG_RUN_ID='scheduled__2024-09-29T21:00:00+00:00'
[2025-03-30T11:40:38.355+0000] {logging_mixin.py:188} INFO - Successfully connected to MariaDB: INOUT on mariadb:3306
[2025-03-30T11:40:38.355+0000] {inout_data.py:83} INFO - {'ingested_time': datetime.datetime(2025, 3, 30, 11, 40, 38, 355809), 'timestamp': datetime.datetime(2024, 9, 29, 21, 20, tzinfo=datetime.timezone.utc), 'emp_id': 5177, 'employee_name': 'Employee15', 'factory': 'FactoryA', 'in_out': 'OUT', 'entrance': 'Side', 'door_number': '3', 'function': 'IT', 'division': 'AAPD', 'department': 'CAPD', 'section': '2'}
[2025-03-30T11:40:38.356+0000] {inout_data.py:99} INFO - Query: INSERT INTO emp_inout_rec (ingested_time, timestamp, employee_id, employee_name, factory, in_out, entrance, door_number, function, division, department, section) VALUES (%s, %s, %s, %s, %s, %s, %s, %s, %s, %s, %s)
[2025-03-30T11:40:38.356+0000] {inout_data.py:100} INFO - Params: ('2025-03-30 11:40:38', '2024-09-29 21:20:00', 5177, 'Employee15', 'FactoryA', 'OUT', 'Side', '3', 'IT', 'AAPD', 'CAPD', '2')
[2025-03-30T11:40:38.357+0000] {logging_mixin.py:188} INFO - General error executing query: not all arguments converted during string formatting
[2025-03-30T11:40:38.357+0000] {inout_data.py:83} INFO - {'ingested_time': datetime.datetime(2025, 3, 30, 11, 40, 38, 357403), 'timestamp': datetime.datetime(2024, 9, 29, 21, 7, tzinfo=datetime.timezone.utc), 'emp_id': 9614, 'employee_name': 'Employee43', 'factory': 'FactoryA', 'in_out': 'OUT', 'entrance': 'Side', 'door_number': '3', 'function': 'IT', 'division': 'AAPD', 'department': 'ML', 'section': '2'}
[2025-03-30T11:40:38.357+0000] {inout_data.py:99} INFO - Query: INSERT INTO emp_inout_rec (ingested_time, timestamp, employee_id, employee_name, factory, in_out, entrance, door_number, function, division, department, section) VALUES (%s, %s, %s, %s, %s, %s, %s, %s, %s, %s, %s)
[2025-03-30T11:40:38.357+0000] {inout_data.py:100} INFO - Params: ('2025-03-30 11:40:38', '2024-09-29 21:07:00', 9614, 'Employee43', 'FactoryA', 'OUT', 'Side', '3', 'IT', 'AAPD', 'ML', '2')
[2025-03-30T11:40:38.358+0000] {logging_mixin.py:188} INFO - General error executing query: not all arguments converted during string formatting
[2025-03-30T11:40:38.358+0000] {inout_data.py:83} INFO - {'ingested_time': datetime.datetime(2025, 3, 30, 11, 40, 38, 358306), 'timestamp': datetime.datetime(2024, 9, 29, 21, 20, tzinfo=datetime.timezone.utc), 'emp_id': 1228, 'employee_name': 'Employee44', 'factory': 'FactoryA', 'in_out': 'OUT', 'entrance': 'Main', 'door_number': '1', 'function': 'IT', 'division': 'BSID', 'department': 'ML', 'section': '1'}
[2025-03-30T11:40:38.358+0000] {inout_data.py:99} INFO - Query: INSERT INTO emp_inout_rec (ingested_time, timestamp, employee_id, employee_name, factory, in_out, entrance, door_number, function, division, department, section) VALUES (%s, %s, %s, %s, %s, %s, %s, %s, %s, %s, %s)
[2025-03-30T11:40:38.358+0000] {inout_data.py:100} INFO - Params: ('2025-03-30 11:40:38', '2024-09-29 21:20:00', 1228, 'Employee44', 'FactoryA', 'OUT', 'Main', '1', 'IT', 'BSID', 'ML', '1')
[2025-03-30T11:40:38.359+0000] {logging_mixin.py:188} INFO - General error executing query: not all arguments converted during string formatting
[2025-03-30T11:40:38.359+0000] {inout_data.py:83} INFO - {'ingested_time': datetime.datetime(2025, 3, 30, 11, 40, 38, 359443), 'timestamp': datetime.datetime(2024, 9, 29, 21, 28, tzinfo=datetime.timezone.utc), 'emp_id': 2884, 'employee_name': 'Employee32', 'factory': 'FactoryA', 'in_out': 'OUT', 'entrance': 'Main', 'door_number': '1', 'function': 'IT', 'division': 'BSID', 'department': 'CAPD', 'section': '1'}
[2025-03-30T11:40:38.359+0000] {inout_data.py:99} INFO - Query: INSERT INTO emp_inout_rec (ingested_time, timestamp, employee_id, employee_name, factory, in_out, entrance, door_number, function, division, department, section) VALUES (%s, %s, %s, %s, %s, %s, %s, %s, %s, %s, %s)
[2025-03-30T11:40:38.359+0000] {inout_data.py:100} INFO - Params: ('2025-03-30 11:40:38', '2024-09-29 21:28:00', 2884, 'Employee32', 'FactoryA', 'OUT', 'Main', '1', 'IT', 'BSID', 'CAPD', '1')
[2025-03-30T11:40:38.360+0000] {logging_mixin.py:188} INFO - General error executing query: not all arguments converted during string formatting
[2025-03-30T11:40:38.360+0000] {inout_data.py:83} INFO - {'ingested_time': datetime.datetime(2025, 3, 30, 11, 40, 38, 360248), 'timestamp': datetime.datetime(2024, 9, 29, 21, 1, tzinfo=datetime.timezone.utc), 'emp_id': 7243, 'employee_name': 'Employee30', 'factory': 'FactoryB', 'in_out': 'OUT', 'entrance': 'Side', 'door_number': '9', 'function': 'IT', 'division': 'AAPD', 'department': 'ML', 'section': '2'}
[2025-03-30T11:40:38.360+0000] {inout_data.py:99} INFO - Query: INSERT INTO emp_inout_rec (ingested_time, timestamp, employee_id, employee_name, factory, in_out, entrance, door_number, function, division, department, section) VALUES (%s, %s, %s, %s, %s, %s, %s, %s, %s, %s, %s)
[2025-03-30T11:40:38.360+0000] {inout_data.py:100} INFO - Params: ('2025-03-30 11:40:38', '2024-09-29 21:01:00', 7243, 'Employee30', 'FactoryB', 'OUT', 'Side', '9', 'IT', 'AAPD', 'ML', '2')
[2025-03-30T11:40:38.360+0000] {logging_mixin.py:188} INFO - General error executing query: not all arguments converted during string formatting
[2025-03-30T11:40:38.360+0000] {inout_data.py:83} INFO - {'ingested_time': datetime.datetime(2025, 3, 30, 11, 40, 38, 360950), 'timestamp': datetime.datetime(2024, 9, 29, 21, 20, tzinfo=datetime.timezone.utc), 'emp_id': 2844, 'employee_name': 'Employee65', 'factory': 'FactoryA', 'in_out': 'OUT', 'entrance': 'Side', 'door_number': '4', 'function': 'IT', 'division': 'AAPD', 'department': 'HRSD', 'section': '1'}
[2025-03-30T11:40:38.361+0000] {inout_data.py:99} INFO - Query: INSERT INTO emp_inout_rec (ingested_time, timestamp, employee_id, employee_name, factory, in_out, entrance, door_number, function, division, department, section) VALUES (%s, %s, %s, %s, %s, %s, %s, %s, %s, %s, %s)
[2025-03-30T11:40:38.361+0000] {inout_data.py:100} INFO - Params: ('2025-03-30 11:40:38', '2024-09-29 21:20:00', 2844, 'Employee65', 'FactoryA', 'OUT', 'Side', '4', 'IT', 'AAPD', 'HRSD', '1')
[2025-03-30T11:40:38.361+0000] {logging_mixin.py:188} INFO - General error executing query: not all arguments converted during string formatting
[2025-03-30T11:40:38.361+0000] {inout_data.py:83} INFO - {'ingested_time': datetime.datetime(2025, 3, 30, 11, 40, 38, 361590), 'timestamp': datetime.datetime(2024, 9, 29, 21, 9, tzinfo=datetime.timezone.utc), 'emp_id': 4487, 'employee_name': 'Employee85', 'factory': 'FactoryA', 'in_out': 'IN', 'entrance': 'Main', 'door_number': '8', 'function': 'IT', 'division': 'BSID', 'department': 'HRSD', 'section': '1'}
[2025-03-30T11:40:38.361+0000] {inout_data.py:99} INFO - Query: INSERT INTO emp_inout_rec (ingested_time, timestamp, employee_id, employee_name, factory, in_out, entrance, door_number, function, division, department, section) VALUES (%s, %s, %s, %s, %s, %s, %s, %s, %s, %s, %s)
[2025-03-30T11:40:38.362+0000] {inout_data.py:100} INFO - Params: ('2025-03-30 11:40:38', '2024-09-29 21:09:00', 4487, 'Employee85', 'FactoryA', 'IN', 'Main', '8', 'IT', 'BSID', 'HRSD', '1')
[2025-03-30T11:40:38.362+0000] {logging_mixin.py:188} INFO - General error executing query: not all arguments converted during string formatting
[2025-03-30T11:40:38.362+0000] {inout_data.py:83} INFO - {'ingested_time': datetime.datetime(2025, 3, 30, 11, 40, 38, 362677), 'timestamp': datetime.datetime(2024, 9, 29, 21, 12, tzinfo=datetime.timezone.utc), 'emp_id': 1739, 'employee_name': 'Employee56', 'factory': 'FactoryA', 'in_out': 'OUT', 'entrance': 'Side', 'door_number': '2', 'function': 'IT', 'division': 'AAPD', 'department': 'HRSD', 'section': '1'}
[2025-03-30T11:40:38.362+0000] {inout_data.py:99} INFO - Query: INSERT INTO emp_inout_rec (ingested_time, timestamp, employee_id, employee_name, factory, in_out, entrance, door_number, function, division, department, section) VALUES (%s, %s, %s, %s, %s, %s, %s, %s, %s, %s, %s)
[2025-03-30T11:40:38.363+0000] {inout_data.py:100} INFO - Params: ('2025-03-30 11:40:38', '2024-09-29 21:12:00', 1739, 'Employee56', 'FactoryA', 'OUT', 'Side', '2', 'IT', 'AAPD', 'HRSD', '1')
[2025-03-30T11:40:38.363+0000] {logging_mixin.py:188} INFO - General error executing query: not all arguments converted during string formatting
[2025-03-30T11:40:38.363+0000] {inout_data.py:83} INFO - {'ingested_time': datetime.datetime(2025, 3, 30, 11, 40, 38, 363526), 'timestamp': datetime.datetime(2024, 9, 29, 21, 12, tzinfo=datetime.timezone.utc), 'emp_id': 4658, 'employee_name': 'Employee71', 'factory': 'FactoryB', 'in_out': 'OUT', 'entrance': 'Main', 'door_number': '6', 'function': 'IT', 'division': 'BSID', 'department': 'ML', 'section': '1'}
[2025-03-30T11:40:38.363+0000] {inout_data.py:99} INFO - Query: INSERT INTO emp_inout_rec (ingested_time, timestamp, employee_id, employee_name, factory, in_out, entrance, door_number, function, division, department, section) VALUES (%s, %s, %s, %s, %s, %s, %s, %s, %s, %s, %s)
[2025-03-30T11:40:38.364+0000] {inout_data.py:100} INFO - Params: ('2025-03-30 11:40:38', '2024-09-29 21:12:00', 4658, 'Employee71', 'FactoryB', 'OUT', 'Main', '6', 'IT', 'BSID', 'ML', '1')
[2025-03-30T11:40:38.364+0000] {logging_mixin.py:188} INFO - General error executing query: not all arguments converted during string formatting
[2025-03-30T11:40:38.364+0000] {inout_data.py:83} INFO - {'ingested_time': datetime.datetime(2025, 3, 30, 11, 40, 38, 364685), 'timestamp': datetime.datetime(2024, 9, 29, 21, 1, tzinfo=datetime.timezone.utc), 'emp_id': 2767, 'employee_name': 'Employee89', 'factory': 'FactoryA', 'in_out': 'IN', 'entrance': 'Main', 'door_number': '10', 'function': 'IT', 'division': 'BSID', 'department': 'HRSD', 'section': '1'}
[2025-03-30T11:40:38.364+0000] {inout_data.py:99} INFO - Query: INSERT INTO emp_inout_rec (ingested_time, timestamp, employee_id, employee_name, factory, in_out, entrance, door_number, function, division, department, section) VALUES (%s, %s, %s, %s, %s, %s, %s, %s, %s, %s, %s)
[2025-03-30T11:40:38.365+0000] {inout_data.py:100} INFO - Params: ('2025-03-30 11:40:38', '2024-09-29 21:01:00', 2767, 'Employee89', 'FactoryA', 'IN', 'Main', '10', 'IT', 'BSID', 'HRSD', '1')
[2025-03-30T11:40:38.365+0000] {logging_mixin.py:188} INFO - General error executing query: not all arguments converted during string formatting
[2025-03-30T11:40:38.365+0000] {inout_data.py:83} INFO - {'ingested_time': datetime.datetime(2025, 3, 30, 11, 40, 38, 365576), 'timestamp': datetime.datetime(2024, 9, 29, 21, 10, tzinfo=datetime.timezone.utc), 'emp_id': 9109, 'employee_name': 'Employee7', 'factory': 'FactoryA', 'in_out': 'IN', 'entrance': 'Side', 'door_number': '7', 'function': 'IT', 'division': 'AAPD', 'department': 'CAPD', 'section': '1'}
[2025-03-30T11:40:38.365+0000] {inout_data.py:99} INFO - Query: INSERT INTO emp_inout_rec (ingested_time, timestamp, employee_id, employee_name, factory, in_out, entrance, door_number, function, division, department, section) VALUES (%s, %s, %s, %s, %s, %s, %s, %s, %s, %s, %s)
[2025-03-30T11:40:38.366+0000] {inout_data.py:100} INFO - Params: ('2025-03-30 11:40:38', '2024-09-29 21:10:00', 9109, 'Employee7', 'FactoryA', 'IN', 'Side', '7', 'IT', 'AAPD', 'CAPD', '1')
[2025-03-30T11:40:38.366+0000] {logging_mixin.py:188} INFO - General error executing query: not all arguments converted during string formatting
[2025-03-30T11:40:38.366+0000] {inout_data.py:83} INFO - {'ingested_time': datetime.datetime(2025, 3, 30, 11, 40, 38, 366623), 'timestamp': datetime.datetime(2024, 9, 29, 21, 4, tzinfo=datetime.timezone.utc), 'emp_id': 3943, 'employee_name': 'Employee31', 'factory': 'FactoryA', 'in_out': 'OUT', 'entrance': 'Side', 'door_number': '6', 'function': 'IT', 'division': 'BSID', 'department': 'HRSD', 'section': '2'}
[2025-03-30T11:40:38.366+0000] {inout_data.py:99} INFO - Query: INSERT INTO emp_inout_rec (ingested_time, timestamp, employee_id, employee_name, factory, in_out, entrance, door_number, function, division, department, section) VALUES (%s, %s, %s, %s, %s, %s, %s, %s, %s, %s, %s)
[2025-03-30T11:40:38.367+0000] {inout_data.py:100} INFO - Params: ('2025-03-30 11:40:38', '2024-09-29 21:04:00', 3943, 'Employee31', 'FactoryA', 'OUT', 'Side', '6', 'IT', 'BSID', 'HRSD', '2')
[2025-03-30T11:40:38.367+0000] {logging_mixin.py:188} INFO - General error executing query: not all arguments converted during string formatting
[2025-03-30T11:40:38.367+0000] {inout_data.py:83} INFO - {'ingested_time': datetime.datetime(2025, 3, 30, 11, 40, 38, 367440), 'timestamp': datetime.datetime(2024, 9, 29, 21, 10, tzinfo=datetime.timezone.utc), 'emp_id': 1024, 'employee_name': 'Employee74', 'factory': 'FactoryA', 'in_out': 'OUT', 'entrance': 'Side', 'door_number': '8', 'function': 'IT', 'division': 'BSID', 'department': 'ML', 'section': '1'}
[2025-03-30T11:40:38.369+0000] {inout_data.py:99} INFO - Query: INSERT INTO emp_inout_rec (ingested_time, timestamp, employee_id, employee_name, factory, in_out, entrance, door_number, function, division, department, section) VALUES (%s, %s, %s, %s, %s, %s, %s, %s, %s, %s, %s)
[2025-03-30T11:40:38.369+0000] {inout_data.py:100} INFO - Params: ('2025-03-30 11:40:38', '2024-09-29 21:10:00', 1024, 'Employee74', 'FactoryA', 'OUT', 'Side', '8', 'IT', 'BSID', 'ML', '1')
[2025-03-30T11:40:38.370+0000] {logging_mixin.py:188} INFO - General error executing query: not all arguments converted during string formatting
[2025-03-30T11:40:38.370+0000] {inout_data.py:102} INFO - Ingested 13 rows of dummy data for 2024-09-29 21:00:00+00:00.
[2025-03-30T11:40:38.370+0000] {logging_mixin.py:188} INFO - MariaDB connection closed.
[2025-03-30T11:40:38.370+0000] {python.py:202} INFO - Done. Returned value was: None
[2025-03-30T11:40:38.382+0000] {taskinstance.py:1149} INFO - Marking task as SUCCESS. dag_id=inout_data_ingestion, task_id=ingest_dummy_data, execution_date=20240929T210000, start_date=20250330T114038, end_date=20250330T114038
[2025-03-30T11:40:38.410+0000] {local_task_job_runner.py:234} INFO - Task exited with return code 0
[2025-03-30T11:40:38.489+0000] {taskinstance.py:3309} INFO - 0 downstream tasks scheduled from follow-on schedule check
