[2025-03-30T11:10:42.897+0000] {taskinstance.py:1979} INFO - Dependencies all met for dep_context=non-requeueable deps ti=<TaskInstance: inout_data_ingestion.create_table scheduled__2024-10-02T15:30:00+00:00 [queued]>
[2025-03-30T11:10:42.909+0000] {taskinstance.py:1979} INFO - Dependencies all met for dep_context=requeueable deps ti=<TaskInstance: inout_data_ingestion.create_table scheduled__2024-10-02T15:30:00+00:00 [queued]>
[2025-03-30T11:10:42.910+0000] {taskinstance.py:2193} INFO - Starting attempt 1 of 2
[2025-03-30T11:10:42.950+0000] {taskinstance.py:2214} INFO - Executing <Task(PythonOperator): create_table> on 2024-10-02 15:30:00+00:00
[2025-03-30T11:10:42.962+0000] {standard_task_runner.py:60} INFO - Started process 796 to run task
[2025-03-30T11:10:42.968+0000] {standard_task_runner.py:87} INFO - Running: ['***', 'tasks', 'run', 'inout_data_ingestion', 'create_table', 'scheduled__2024-10-02T15:30:00+00:00', '--job-id', '372', '--raw', '--subdir', 'DAGS_FOLDER/inout_data.py', '--cfg-path', '/tmp/tmpev8iz9c_']
[2025-03-30T11:10:42.970+0000] {standard_task_runner.py:88} INFO - Job 372: Subtask create_table
[2025-03-30T11:10:42.993+0000] {warnings.py:109} WARNING - /home/***/.local/lib/python3.8/site-packages/***/settings.py:194: DeprecationWarning: The sql_alchemy_conn option in [core] has been moved to the sql_alchemy_conn option in [database] - the old setting has been used, but please update your config.
  SQL_ALCHEMY_CONN = conf.get("database", "SQL_ALCHEMY_CONN")

[2025-03-30T11:10:43.055+0000] {task_command.py:423} INFO - Running <TaskInstance: inout_data_ingestion.create_table scheduled__2024-10-02T15:30:00+00:00 [running]> on host ff9d64b065e6
[2025-03-30T11:10:43.166+0000] {taskinstance.py:2510} INFO - Exporting env vars: AIRFLOW_CTX_DAG_OWNER='***' AIRFLOW_CTX_DAG_ID='inout_data_ingestion' AIRFLOW_CTX_TASK_ID='create_table' AIRFLOW_CTX_EXECUTION_DATE='2024-10-02T15:30:00+00:00' AIRFLOW_CTX_TRY_NUMBER='1' AIRFLOW_CTX_DAG_RUN_ID='scheduled__2024-10-02T15:30:00+00:00'
[2025-03-30T11:10:43.175+0000] {inout_data.py:42} INFO - Successfully connected to MariaDB: INOUT on mariadb:3306
[2025-03-30T11:10:43.177+0000] {inout_data.py:124} INFO - Table emp_inout_rec created (if it didn't exist).
[2025-03-30T11:10:43.177+0000] {inout_data.py:78} INFO - MariaDB connection closed.
[2025-03-30T11:10:43.178+0000] {python.py:202} INFO - Done. Returned value was: None
[2025-03-30T11:10:43.191+0000] {taskinstance.py:1149} INFO - Marking task as SUCCESS. dag_id=inout_data_ingestion, task_id=create_table, execution_date=20241002T153000, start_date=20250330T111042, end_date=20250330T111043
[2025-03-30T11:10:43.229+0000] {local_task_job_runner.py:234} INFO - Task exited with return code 0
[2025-03-30T11:10:43.252+0000] {taskinstance.py:3309} INFO - 0 downstream tasks scheduled from follow-on schedule check
[2025-03-30T11:17:21.408+0000] {taskinstance.py:1979} INFO - Dependencies all met for dep_context=non-requeueable deps ti=<TaskInstance: inout_data_ingestion.create_table scheduled__2024-10-02T15:30:00+00:00 [queued]>
[2025-03-30T11:17:21.422+0000] {taskinstance.py:1979} INFO - Dependencies all met for dep_context=requeueable deps ti=<TaskInstance: inout_data_ingestion.create_table scheduled__2024-10-02T15:30:00+00:00 [queued]>
[2025-03-30T11:17:21.423+0000] {taskinstance.py:2193} INFO - Starting attempt 1 of 2
[2025-03-30T11:17:21.442+0000] {taskinstance.py:2214} INFO - Executing <Task(PythonOperator): create_table> on 2024-10-02 15:30:00+00:00
[2025-03-30T11:17:21.454+0000] {standard_task_runner.py:60} INFO - Started process 2653 to run task
[2025-03-30T11:17:21.469+0000] {standard_task_runner.py:87} INFO - Running: ['***', 'tasks', 'run', 'inout_data_ingestion', 'create_table', 'scheduled__2024-10-02T15:30:00+00:00', '--job-id', '1301', '--raw', '--subdir', 'DAGS_FOLDER/inout_data.py', '--cfg-path', '/tmp/tmpy6d7vb61']
[2025-03-30T11:17:21.474+0000] {standard_task_runner.py:88} INFO - Job 1301: Subtask create_table
[2025-03-30T11:17:21.509+0000] {warnings.py:109} WARNING - /home/***/.local/lib/python3.8/site-packages/***/settings.py:194: DeprecationWarning: The sql_alchemy_conn option in [core] has been moved to the sql_alchemy_conn option in [database] - the old setting has been used, but please update your config.
  SQL_ALCHEMY_CONN = conf.get("database", "SQL_ALCHEMY_CONN")

[2025-03-30T11:17:21.572+0000] {task_command.py:423} INFO - Running <TaskInstance: inout_data_ingestion.create_table scheduled__2024-10-02T15:30:00+00:00 [running]> on host ff9d64b065e6
[2025-03-30T11:17:21.799+0000] {taskinstance.py:2510} INFO - Exporting env vars: AIRFLOW_CTX_DAG_OWNER='***' AIRFLOW_CTX_DAG_ID='inout_data_ingestion' AIRFLOW_CTX_TASK_ID='create_table' AIRFLOW_CTX_EXECUTION_DATE='2024-10-02T15:30:00+00:00' AIRFLOW_CTX_TRY_NUMBER='1' AIRFLOW_CTX_DAG_RUN_ID='scheduled__2024-10-02T15:30:00+00:00'
[2025-03-30T11:17:21.820+0000] {inout_data.py:42} INFO - Successfully connected to MariaDB: INOUT on mariadb:3306
[2025-03-30T11:17:21.825+0000] {inout_data.py:117} INFO - Table emp_inout_rec created (if it didn't exist).
[2025-03-30T11:17:21.830+0000] {inout_data.py:78} INFO - MariaDB connection closed.
[2025-03-30T11:17:21.835+0000] {python.py:202} INFO - Done. Returned value was: None
[2025-03-30T11:17:21.862+0000] {taskinstance.py:1149} INFO - Marking task as SUCCESS. dag_id=inout_data_ingestion, task_id=create_table, execution_date=20241002T153000, start_date=20250330T111721, end_date=20250330T111721
[2025-03-30T11:17:21.946+0000] {local_task_job_runner.py:234} INFO - Task exited with return code 0
[2025-03-30T11:17:22.051+0000] {taskinstance.py:3309} INFO - 1 downstream tasks scheduled from follow-on schedule check
[2025-03-30T11:29:44.861+0000] {taskinstance.py:1979} INFO - Dependencies all met for dep_context=non-requeueable deps ti=<TaskInstance: inout_data_ingestion.create_table scheduled__2024-10-02T15:30:00+00:00 [queued]>
[2025-03-30T11:29:44.878+0000] {taskinstance.py:1979} INFO - Dependencies all met for dep_context=requeueable deps ti=<TaskInstance: inout_data_ingestion.create_table scheduled__2024-10-02T15:30:00+00:00 [queued]>
[2025-03-30T11:29:44.880+0000] {taskinstance.py:2193} INFO - Starting attempt 1 of 2
[2025-03-30T11:29:44.907+0000] {taskinstance.py:2214} INFO - Executing <Task(PythonOperator): create_table> on 2024-10-02 15:30:00+00:00
[2025-03-30T11:29:44.910+0000] {standard_task_runner.py:60} INFO - Started process 4569 to run task
[2025-03-30T11:29:44.915+0000] {standard_task_runner.py:87} INFO - Running: ['***', 'tasks', 'run', 'inout_data_ingestion', 'create_table', 'scheduled__2024-10-02T15:30:00+00:00', '--job-id', '2259', '--raw', '--subdir', 'DAGS_FOLDER/inout_data.py', '--cfg-path', '/tmp/tmp9mtu97vj']
[2025-03-30T11:29:44.919+0000] {standard_task_runner.py:88} INFO - Job 2259: Subtask create_table
[2025-03-30T11:29:44.937+0000] {warnings.py:109} WARNING - /home/***/.local/lib/python3.8/site-packages/***/settings.py:194: DeprecationWarning: The sql_alchemy_conn option in [core] has been moved to the sql_alchemy_conn option in [database] - the old setting has been used, but please update your config.
  SQL_ALCHEMY_CONN = conf.get("database", "SQL_ALCHEMY_CONN")

[2025-03-30T11:29:44.991+0000] {task_command.py:423} INFO - Running <TaskInstance: inout_data_ingestion.create_table scheduled__2024-10-02T15:30:00+00:00 [running]> on host ff9d64b065e6
[2025-03-30T11:29:45.047+0000] {taskinstance.py:2510} INFO - Exporting env vars: AIRFLOW_CTX_DAG_OWNER='***' AIRFLOW_CTX_DAG_ID='inout_data_ingestion' AIRFLOW_CTX_TASK_ID='create_table' AIRFLOW_CTX_EXECUTION_DATE='2024-10-02T15:30:00+00:00' AIRFLOW_CTX_TRY_NUMBER='1' AIRFLOW_CTX_DAG_RUN_ID='scheduled__2024-10-02T15:30:00+00:00'
[2025-03-30T11:29:45.050+0000] {logging_mixin.py:188} INFO - Successfully connected to MariaDB: INOUT on mariadb:3306
[2025-03-30T11:29:45.050+0000] {inout_data.py:46} INFO - Table emp_inout_rec created (if it didn't exist).
[2025-03-30T11:29:45.050+0000] {logging_mixin.py:188} INFO - MariaDB connection closed.
[2025-03-30T11:29:45.051+0000] {python.py:202} INFO - Done. Returned value was: None
[2025-03-30T11:29:45.058+0000] {taskinstance.py:1149} INFO - Marking task as SUCCESS. dag_id=inout_data_ingestion, task_id=create_table, execution_date=20241002T153000, start_date=20250330T112944, end_date=20250330T112945
[2025-03-30T11:29:45.094+0000] {local_task_job_runner.py:234} INFO - Task exited with return code 0
[2025-03-30T11:29:45.108+0000] {taskinstance.py:3309} INFO - 1 downstream tasks scheduled from follow-on schedule check
[2025-03-30T11:34:39.372+0000] {taskinstance.py:1979} INFO - Dependencies all met for dep_context=non-requeueable deps ti=<TaskInstance: inout_data_ingestion.create_table scheduled__2024-10-02T15:30:00+00:00 [queued]>
[2025-03-30T11:34:39.389+0000] {taskinstance.py:1979} INFO - Dependencies all met for dep_context=requeueable deps ti=<TaskInstance: inout_data_ingestion.create_table scheduled__2024-10-02T15:30:00+00:00 [queued]>
[2025-03-30T11:34:39.390+0000] {taskinstance.py:2193} INFO - Starting attempt 1 of 2
[2025-03-30T11:34:39.417+0000] {taskinstance.py:2214} INFO - Executing <Task(PythonOperator): create_table> on 2024-10-02 15:30:00+00:00
[2025-03-30T11:34:39.422+0000] {standard_task_runner.py:60} INFO - Started process 6025 to run task
[2025-03-30T11:34:39.427+0000] {standard_task_runner.py:87} INFO - Running: ['***', 'tasks', 'run', 'inout_data_ingestion', 'create_table', 'scheduled__2024-10-02T15:30:00+00:00', '--job-id', '2987', '--raw', '--subdir', 'DAGS_FOLDER/inout_data.py', '--cfg-path', '/tmp/tmpcu4wmqyl']
[2025-03-30T11:34:39.428+0000] {standard_task_runner.py:88} INFO - Job 2987: Subtask create_table
[2025-03-30T11:34:39.443+0000] {warnings.py:109} WARNING - /home/***/.local/lib/python3.8/site-packages/***/settings.py:194: DeprecationWarning: The sql_alchemy_conn option in [core] has been moved to the sql_alchemy_conn option in [database] - the old setting has been used, but please update your config.
  SQL_ALCHEMY_CONN = conf.get("database", "SQL_ALCHEMY_CONN")

[2025-03-30T11:34:39.502+0000] {task_command.py:423} INFO - Running <TaskInstance: inout_data_ingestion.create_table scheduled__2024-10-02T15:30:00+00:00 [running]> on host ff9d64b065e6
[2025-03-30T11:34:39.605+0000] {taskinstance.py:2510} INFO - Exporting env vars: AIRFLOW_CTX_DAG_OWNER='***' AIRFLOW_CTX_DAG_ID='inout_data_ingestion' AIRFLOW_CTX_TASK_ID='create_table' AIRFLOW_CTX_EXECUTION_DATE='2024-10-02T15:30:00+00:00' AIRFLOW_CTX_TRY_NUMBER='1' AIRFLOW_CTX_DAG_RUN_ID='scheduled__2024-10-02T15:30:00+00:00'
[2025-03-30T11:34:39.612+0000] {logging_mixin.py:188} INFO - Successfully connected to MariaDB: INOUT on mariadb:3306
[2025-03-30T11:34:39.614+0000] {inout_data.py:46} INFO - Table emp_inout_rec created (if it didn't exist).
[2025-03-30T11:34:39.615+0000] {logging_mixin.py:188} INFO - MariaDB connection closed.
[2025-03-30T11:34:39.615+0000] {python.py:202} INFO - Done. Returned value was: None
[2025-03-30T11:34:39.626+0000] {taskinstance.py:1149} INFO - Marking task as SUCCESS. dag_id=inout_data_ingestion, task_id=create_table, execution_date=20241002T153000, start_date=20250330T113439, end_date=20250330T113439
[2025-03-30T11:34:39.690+0000] {local_task_job_runner.py:234} INFO - Task exited with return code 0
[2025-03-30T11:34:39.720+0000] {taskinstance.py:3309} INFO - 1 downstream tasks scheduled from follow-on schedule check
