[2025-03-30T11:12:12.444+0000] {taskinstance.py:1979} INFO - Dependencies all met for dep_context=non-requeueable deps ti=<TaskInstance: inout_data_ingestion.create_table scheduled__2024-10-05T06:30:00+00:00 [queued]>
[2025-03-30T11:12:12.463+0000] {taskinstance.py:1979} INFO - Dependencies all met for dep_context=requeueable deps ti=<TaskInstance: inout_data_ingestion.create_table scheduled__2024-10-05T06:30:00+00:00 [queued]>
[2025-03-30T11:12:12.464+0000] {taskinstance.py:2193} INFO - Starting attempt 1 of 2
[2025-03-30T11:12:12.539+0000] {taskinstance.py:2214} INFO - Executing <Task(PythonOperator): create_table> on 2024-10-05 06:30:00+00:00
[2025-03-30T11:12:12.559+0000] {standard_task_runner.py:60} INFO - Started process 1301 to run task
[2025-03-30T11:12:12.583+0000] {standard_task_runner.py:87} INFO - Running: ['***', 'tasks', 'run', 'inout_data_ingestion', 'create_table', 'scheduled__2024-10-05T06:30:00+00:00', '--job-id', '624', '--raw', '--subdir', 'DAGS_FOLDER/inout_data.py', '--cfg-path', '/tmp/tmpxt15ijqs']
[2025-03-30T11:12:12.594+0000] {standard_task_runner.py:88} INFO - Job 624: Subtask create_table
[2025-03-30T11:12:12.647+0000] {warnings.py:109} WARNING - /home/***/.local/lib/python3.8/site-packages/***/settings.py:194: DeprecationWarning: The sql_alchemy_conn option in [core] has been moved to the sql_alchemy_conn option in [database] - the old setting has been used, but please update your config.
  SQL_ALCHEMY_CONN = conf.get("database", "SQL_ALCHEMY_CONN")

[2025-03-30T11:12:12.754+0000] {task_command.py:423} INFO - Running <TaskInstance: inout_data_ingestion.create_table scheduled__2024-10-05T06:30:00+00:00 [running]> on host ff9d64b065e6
[2025-03-30T11:12:12.916+0000] {taskinstance.py:2510} INFO - Exporting env vars: AIRFLOW_CTX_DAG_OWNER='***' AIRFLOW_CTX_DAG_ID='inout_data_ingestion' AIRFLOW_CTX_TASK_ID='create_table' AIRFLOW_CTX_EXECUTION_DATE='2024-10-05T06:30:00+00:00' AIRFLOW_CTX_TRY_NUMBER='1' AIRFLOW_CTX_DAG_RUN_ID='scheduled__2024-10-05T06:30:00+00:00'
[2025-03-30T11:12:12.923+0000] {inout_data.py:42} INFO - Successfully connected to MariaDB: INOUT on mariadb:3306
[2025-03-30T11:12:12.924+0000] {inout_data.py:124} INFO - Table emp_inout_rec created (if it didn't exist).
[2025-03-30T11:12:12.925+0000] {inout_data.py:78} INFO - MariaDB connection closed.
[2025-03-30T11:12:12.926+0000] {python.py:202} INFO - Done. Returned value was: None
[2025-03-30T11:12:12.964+0000] {taskinstance.py:1149} INFO - Marking task as SUCCESS. dag_id=inout_data_ingestion, task_id=create_table, execution_date=20241005T063000, start_date=20250330T111212, end_date=20250330T111212
[2025-03-30T11:12:13.014+0000] {local_task_job_runner.py:234} INFO - Task exited with return code 0
[2025-03-30T11:12:13.053+0000] {taskinstance.py:3309} INFO - 1 downstream tasks scheduled from follow-on schedule check
[2025-03-30T11:18:50.851+0000] {taskinstance.py:1979} INFO - Dependencies all met for dep_context=non-requeueable deps ti=<TaskInstance: inout_data_ingestion.create_table scheduled__2024-10-05T06:30:00+00:00 [queued]>
[2025-03-30T11:18:50.866+0000] {taskinstance.py:1979} INFO - Dependencies all met for dep_context=requeueable deps ti=<TaskInstance: inout_data_ingestion.create_table scheduled__2024-10-05T06:30:00+00:00 [queued]>
[2025-03-30T11:18:50.867+0000] {taskinstance.py:2193} INFO - Starting attempt 1 of 2
[2025-03-30T11:18:50.891+0000] {taskinstance.py:2214} INFO - Executing <Task(PythonOperator): create_table> on 2024-10-05 06:30:00+00:00
[2025-03-30T11:18:50.909+0000] {standard_task_runner.py:60} INFO - Started process 3157 to run task
[2025-03-30T11:18:50.924+0000] {standard_task_runner.py:87} INFO - Running: ['***', 'tasks', 'run', 'inout_data_ingestion', 'create_table', 'scheduled__2024-10-05T06:30:00+00:00', '--job-id', '1553', '--raw', '--subdir', 'DAGS_FOLDER/inout_data.py', '--cfg-path', '/tmp/tmpift2u4s8']
[2025-03-30T11:18:50.929+0000] {standard_task_runner.py:88} INFO - Job 1553: Subtask create_table
[2025-03-30T11:18:50.971+0000] {warnings.py:109} WARNING - /home/***/.local/lib/python3.8/site-packages/***/settings.py:194: DeprecationWarning: The sql_alchemy_conn option in [core] has been moved to the sql_alchemy_conn option in [database] - the old setting has been used, but please update your config.
  SQL_ALCHEMY_CONN = conf.get("database", "SQL_ALCHEMY_CONN")

[2025-03-30T11:18:51.034+0000] {task_command.py:423} INFO - Running <TaskInstance: inout_data_ingestion.create_table scheduled__2024-10-05T06:30:00+00:00 [running]> on host ff9d64b065e6
[2025-03-30T11:18:51.121+0000] {taskinstance.py:2510} INFO - Exporting env vars: AIRFLOW_CTX_DAG_OWNER='***' AIRFLOW_CTX_DAG_ID='inout_data_ingestion' AIRFLOW_CTX_TASK_ID='create_table' AIRFLOW_CTX_EXECUTION_DATE='2024-10-05T06:30:00+00:00' AIRFLOW_CTX_TRY_NUMBER='1' AIRFLOW_CTX_DAG_RUN_ID='scheduled__2024-10-05T06:30:00+00:00'
[2025-03-30T11:18:51.129+0000] {inout_data.py:42} INFO - Successfully connected to MariaDB: INOUT on mariadb:3306
[2025-03-30T11:18:51.130+0000] {inout_data.py:117} INFO - Table emp_inout_rec created (if it didn't exist).
[2025-03-30T11:18:51.131+0000] {inout_data.py:78} INFO - MariaDB connection closed.
[2025-03-30T11:18:51.131+0000] {python.py:202} INFO - Done. Returned value was: None
[2025-03-30T11:18:51.146+0000] {taskinstance.py:1149} INFO - Marking task as SUCCESS. dag_id=inout_data_ingestion, task_id=create_table, execution_date=20241005T063000, start_date=20250330T111850, end_date=20250330T111851
[2025-03-30T11:18:51.281+0000] {local_task_job_runner.py:234} INFO - Task exited with return code 0
[2025-03-30T11:18:51.435+0000] {taskinstance.py:3309} INFO - 1 downstream tasks scheduled from follow-on schedule check
[2025-03-30T11:31:03.225+0000] {taskinstance.py:1979} INFO - Dependencies all met for dep_context=non-requeueable deps ti=<TaskInstance: inout_data_ingestion.create_table scheduled__2024-10-05T06:30:00+00:00 [queued]>
[2025-03-30T11:31:03.236+0000] {taskinstance.py:1979} INFO - Dependencies all met for dep_context=requeueable deps ti=<TaskInstance: inout_data_ingestion.create_table scheduled__2024-10-05T06:30:00+00:00 [queued]>
[2025-03-30T11:31:03.238+0000] {taskinstance.py:2193} INFO - Starting attempt 1 of 2
[2025-03-30T11:31:03.259+0000] {taskinstance.py:2214} INFO - Executing <Task(PythonOperator): create_table> on 2024-10-05 06:30:00+00:00
[2025-03-30T11:31:03.265+0000] {standard_task_runner.py:60} INFO - Started process 5075 to run task
[2025-03-30T11:31:03.273+0000] {standard_task_runner.py:87} INFO - Running: ['***', 'tasks', 'run', 'inout_data_ingestion', 'create_table', 'scheduled__2024-10-05T06:30:00+00:00', '--job-id', '2512', '--raw', '--subdir', 'DAGS_FOLDER/inout_data.py', '--cfg-path', '/tmp/tmpcoxrrent']
[2025-03-30T11:31:03.275+0000] {standard_task_runner.py:88} INFO - Job 2512: Subtask create_table
[2025-03-30T11:31:03.296+0000] {warnings.py:109} WARNING - /home/***/.local/lib/python3.8/site-packages/***/settings.py:194: DeprecationWarning: The sql_alchemy_conn option in [core] has been moved to the sql_alchemy_conn option in [database] - the old setting has been used, but please update your config.
  SQL_ALCHEMY_CONN = conf.get("database", "SQL_ALCHEMY_CONN")

[2025-03-30T11:31:03.343+0000] {task_command.py:423} INFO - Running <TaskInstance: inout_data_ingestion.create_table scheduled__2024-10-05T06:30:00+00:00 [running]> on host ff9d64b065e6
[2025-03-30T11:31:03.456+0000] {taskinstance.py:2510} INFO - Exporting env vars: AIRFLOW_CTX_DAG_OWNER='***' AIRFLOW_CTX_DAG_ID='inout_data_ingestion' AIRFLOW_CTX_TASK_ID='create_table' AIRFLOW_CTX_EXECUTION_DATE='2024-10-05T06:30:00+00:00' AIRFLOW_CTX_TRY_NUMBER='1' AIRFLOW_CTX_DAG_RUN_ID='scheduled__2024-10-05T06:30:00+00:00'
[2025-03-30T11:31:03.464+0000] {logging_mixin.py:188} INFO - Successfully connected to MariaDB: INOUT on mariadb:3306
[2025-03-30T11:31:03.466+0000] {inout_data.py:46} INFO - Table emp_inout_rec created (if it didn't exist).
[2025-03-30T11:31:03.468+0000] {logging_mixin.py:188} INFO - MariaDB connection closed.
[2025-03-30T11:31:03.469+0000] {python.py:202} INFO - Done. Returned value was: None
[2025-03-30T11:31:03.493+0000] {taskinstance.py:1149} INFO - Marking task as SUCCESS. dag_id=inout_data_ingestion, task_id=create_table, execution_date=20241005T063000, start_date=20250330T113103, end_date=20250330T113103
[2025-03-30T11:31:03.536+0000] {local_task_job_runner.py:234} INFO - Task exited with return code 0
[2025-03-30T11:31:03.557+0000] {taskinstance.py:3309} INFO - 1 downstream tasks scheduled from follow-on schedule check
