[2025-03-30T11:11:35.522+0000] {taskinstance.py:1979} INFO - Dependencies all met for dep_context=non-requeueable deps ti=<TaskInstance: inout_data_ingestion.create_table scheduled__2024-10-04T03:00:00+00:00 [queued]>
[2025-03-30T11:11:35.532+0000] {taskinstance.py:1979} INFO - Dependencies all met for dep_context=requeueable deps ti=<TaskInstance: inout_data_ingestion.create_table scheduled__2024-10-04T03:00:00+00:00 [queued]>
[2025-03-30T11:11:35.532+0000] {taskinstance.py:2193} INFO - Starting attempt 1 of 2
[2025-03-30T11:11:35.544+0000] {taskinstance.py:2214} INFO - Executing <Task(PythonOperator): create_table> on 2024-10-04 03:00:00+00:00
[2025-03-30T11:11:35.554+0000] {standard_task_runner.py:60} INFO - Started process 1082 to run task
[2025-03-30T11:11:35.557+0000] {standard_task_runner.py:87} INFO - Running: ['***', 'tasks', 'run', 'inout_data_ingestion', 'create_table', 'scheduled__2024-10-04T03:00:00+00:00', '--job-id', '515', '--raw', '--subdir', 'DAGS_FOLDER/inout_data.py', '--cfg-path', '/tmp/tmpnff0cdsy']
[2025-03-30T11:11:35.560+0000] {standard_task_runner.py:88} INFO - Job 515: Subtask create_table
[2025-03-30T11:11:35.571+0000] {warnings.py:109} WARNING - /home/***/.local/lib/python3.8/site-packages/***/settings.py:194: DeprecationWarning: The sql_alchemy_conn option in [core] has been moved to the sql_alchemy_conn option in [database] - the old setting has been used, but please update your config.
  SQL_ALCHEMY_CONN = conf.get("database", "SQL_ALCHEMY_CONN")

[2025-03-30T11:11:35.606+0000] {task_command.py:423} INFO - Running <TaskInstance: inout_data_ingestion.create_table scheduled__2024-10-04T03:00:00+00:00 [running]> on host ff9d64b065e6
[2025-03-30T11:11:35.706+0000] {taskinstance.py:2510} INFO - Exporting env vars: AIRFLOW_CTX_DAG_OWNER='***' AIRFLOW_CTX_DAG_ID='inout_data_ingestion' AIRFLOW_CTX_TASK_ID='create_table' AIRFLOW_CTX_EXECUTION_DATE='2024-10-04T03:00:00+00:00' AIRFLOW_CTX_TRY_NUMBER='1' AIRFLOW_CTX_DAG_RUN_ID='scheduled__2024-10-04T03:00:00+00:00'
[2025-03-30T11:11:35.713+0000] {inout_data.py:42} INFO - Successfully connected to MariaDB: INOUT on mariadb:3306
[2025-03-30T11:11:35.714+0000] {inout_data.py:124} INFO - Table emp_inout_rec created (if it didn't exist).
[2025-03-30T11:11:35.716+0000] {inout_data.py:78} INFO - MariaDB connection closed.
[2025-03-30T11:11:35.716+0000] {python.py:202} INFO - Done. Returned value was: None
[2025-03-30T11:11:35.728+0000] {taskinstance.py:1149} INFO - Marking task as SUCCESS. dag_id=inout_data_ingestion, task_id=create_table, execution_date=20241004T030000, start_date=20250330T111135, end_date=20250330T111135
[2025-03-30T11:11:35.780+0000] {local_task_job_runner.py:234} INFO - Task exited with return code 0
[2025-03-30T11:11:35.799+0000] {taskinstance.py:3309} INFO - 1 downstream tasks scheduled from follow-on schedule check
[2025-03-30T11:18:08.312+0000] {taskinstance.py:1979} INFO - Dependencies all met for dep_context=non-requeueable deps ti=<TaskInstance: inout_data_ingestion.create_table scheduled__2024-10-04T03:00:00+00:00 [queued]>
[2025-03-30T11:18:08.335+0000] {taskinstance.py:1979} INFO - Dependencies all met for dep_context=requeueable deps ti=<TaskInstance: inout_data_ingestion.create_table scheduled__2024-10-04T03:00:00+00:00 [queued]>
[2025-03-30T11:18:08.336+0000] {taskinstance.py:2193} INFO - Starting attempt 1 of 2
[2025-03-30T11:18:08.355+0000] {taskinstance.py:2214} INFO - Executing <Task(PythonOperator): create_table> on 2024-10-04 03:00:00+00:00
[2025-03-30T11:18:08.363+0000] {standard_task_runner.py:60} INFO - Started process 2937 to run task
[2025-03-30T11:18:08.374+0000] {standard_task_runner.py:87} INFO - Running: ['***', 'tasks', 'run', 'inout_data_ingestion', 'create_table', 'scheduled__2024-10-04T03:00:00+00:00', '--job-id', '1444', '--raw', '--subdir', 'DAGS_FOLDER/inout_data.py', '--cfg-path', '/tmp/tmphf7v5kh8']
[2025-03-30T11:18:08.376+0000] {standard_task_runner.py:88} INFO - Job 1444: Subtask create_table
[2025-03-30T11:18:08.388+0000] {warnings.py:109} WARNING - /home/***/.local/lib/python3.8/site-packages/***/settings.py:194: DeprecationWarning: The sql_alchemy_conn option in [core] has been moved to the sql_alchemy_conn option in [database] - the old setting has been used, but please update your config.
  SQL_ALCHEMY_CONN = conf.get("database", "SQL_ALCHEMY_CONN")

[2025-03-30T11:18:08.413+0000] {task_command.py:423} INFO - Running <TaskInstance: inout_data_ingestion.create_table scheduled__2024-10-04T03:00:00+00:00 [running]> on host ff9d64b065e6
[2025-03-30T11:18:08.458+0000] {taskinstance.py:2510} INFO - Exporting env vars: AIRFLOW_CTX_DAG_OWNER='***' AIRFLOW_CTX_DAG_ID='inout_data_ingestion' AIRFLOW_CTX_TASK_ID='create_table' AIRFLOW_CTX_EXECUTION_DATE='2024-10-04T03:00:00+00:00' AIRFLOW_CTX_TRY_NUMBER='1' AIRFLOW_CTX_DAG_RUN_ID='scheduled__2024-10-04T03:00:00+00:00'
[2025-03-30T11:18:08.462+0000] {inout_data.py:42} INFO - Successfully connected to MariaDB: INOUT on mariadb:3306
[2025-03-30T11:18:08.462+0000] {inout_data.py:117} INFO - Table emp_inout_rec created (if it didn't exist).
[2025-03-30T11:18:08.462+0000] {inout_data.py:78} INFO - MariaDB connection closed.
[2025-03-30T11:18:08.463+0000] {python.py:202} INFO - Done. Returned value was: None
[2025-03-30T11:18:08.470+0000] {taskinstance.py:1149} INFO - Marking task as SUCCESS. dag_id=inout_data_ingestion, task_id=create_table, execution_date=20241004T030000, start_date=20250330T111808, end_date=20250330T111808
[2025-03-30T11:18:08.514+0000] {local_task_job_runner.py:234} INFO - Task exited with return code 0
[2025-03-30T11:18:08.530+0000] {taskinstance.py:3309} INFO - 1 downstream tasks scheduled from follow-on schedule check
[2025-03-30T11:30:28.537+0000] {taskinstance.py:1979} INFO - Dependencies all met for dep_context=non-requeueable deps ti=<TaskInstance: inout_data_ingestion.create_table scheduled__2024-10-04T03:00:00+00:00 [queued]>
[2025-03-30T11:30:28.545+0000] {taskinstance.py:1979} INFO - Dependencies all met for dep_context=requeueable deps ti=<TaskInstance: inout_data_ingestion.create_table scheduled__2024-10-04T03:00:00+00:00 [queued]>
[2025-03-30T11:30:28.546+0000] {taskinstance.py:2193} INFO - Starting attempt 1 of 2
[2025-03-30T11:30:28.559+0000] {taskinstance.py:2214} INFO - Executing <Task(PythonOperator): create_table> on 2024-10-04 03:00:00+00:00
[2025-03-30T11:30:28.563+0000] {standard_task_runner.py:60} INFO - Started process 4852 to run task
[2025-03-30T11:30:28.566+0000] {standard_task_runner.py:87} INFO - Running: ['***', 'tasks', 'run', 'inout_data_ingestion', 'create_table', 'scheduled__2024-10-04T03:00:00+00:00', '--job-id', '2400', '--raw', '--subdir', 'DAGS_FOLDER/inout_data.py', '--cfg-path', '/tmp/tmpmsob5_ac']
[2025-03-30T11:30:28.568+0000] {standard_task_runner.py:88} INFO - Job 2400: Subtask create_table
[2025-03-30T11:30:28.587+0000] {warnings.py:109} WARNING - /home/***/.local/lib/python3.8/site-packages/***/settings.py:194: DeprecationWarning: The sql_alchemy_conn option in [core] has been moved to the sql_alchemy_conn option in [database] - the old setting has been used, but please update your config.
  SQL_ALCHEMY_CONN = conf.get("database", "SQL_ALCHEMY_CONN")

[2025-03-30T11:30:28.618+0000] {task_command.py:423} INFO - Running <TaskInstance: inout_data_ingestion.create_table scheduled__2024-10-04T03:00:00+00:00 [running]> on host ff9d64b065e6
[2025-03-30T11:30:28.675+0000] {taskinstance.py:2510} INFO - Exporting env vars: AIRFLOW_CTX_DAG_OWNER='***' AIRFLOW_CTX_DAG_ID='inout_data_ingestion' AIRFLOW_CTX_TASK_ID='create_table' AIRFLOW_CTX_EXECUTION_DATE='2024-10-04T03:00:00+00:00' AIRFLOW_CTX_TRY_NUMBER='1' AIRFLOW_CTX_DAG_RUN_ID='scheduled__2024-10-04T03:00:00+00:00'
[2025-03-30T11:30:28.678+0000] {logging_mixin.py:188} INFO - Successfully connected to MariaDB: INOUT on mariadb:3306
[2025-03-30T11:30:28.679+0000] {inout_data.py:46} INFO - Table emp_inout_rec created (if it didn't exist).
[2025-03-30T11:30:28.679+0000] {logging_mixin.py:188} INFO - MariaDB connection closed.
[2025-03-30T11:30:28.680+0000] {python.py:202} INFO - Done. Returned value was: None
[2025-03-30T11:30:28.687+0000] {taskinstance.py:1149} INFO - Marking task as SUCCESS. dag_id=inout_data_ingestion, task_id=create_table, execution_date=20241004T030000, start_date=20250330T113028, end_date=20250330T113028
[2025-03-30T11:30:28.705+0000] {local_task_job_runner.py:234} INFO - Task exited with return code 0
[2025-03-30T11:30:28.730+0000] {taskinstance.py:3309} INFO - 1 downstream tasks scheduled from follow-on schedule check
