[2025-03-30T11:10:50.706+0000] {taskinstance.py:1979} INFO - Dependencies all met for dep_context=non-requeueable deps ti=<TaskInstance: inout_data_ingestion.ingest_dummy_data scheduled__2024-10-02T20:00:00+00:00 [queued]>
[2025-03-30T11:10:50.739+0000] {taskinstance.py:1979} INFO - Dependencies all met for dep_context=requeueable deps ti=<TaskInstance: inout_data_ingestion.ingest_dummy_data scheduled__2024-10-02T20:00:00+00:00 [queued]>
[2025-03-30T11:10:50.740+0000] {taskinstance.py:2193} INFO - Starting attempt 1 of 2
[2025-03-30T11:10:50.785+0000] {taskinstance.py:2214} INFO - Executing <Task(PythonOperator): ingest_dummy_data> on 2024-10-02 20:00:00+00:00
[2025-03-30T11:10:50.828+0000] {standard_task_runner.py:60} INFO - Started process 844 to run task
[2025-03-30T11:10:50.874+0000] {standard_task_runner.py:87} INFO - Running: ['***', 'tasks', 'run', 'inout_data_ingestion', 'ingest_dummy_data', 'scheduled__2024-10-02T20:00:00+00:00', '--job-id', '396', '--raw', '--subdir', 'DAGS_FOLDER/inout_data.py', '--cfg-path', '/tmp/tmpyoenqtek']
[2025-03-30T11:10:50.888+0000] {standard_task_runner.py:88} INFO - Job 396: Subtask ingest_dummy_data
[2025-03-30T11:10:50.963+0000] {warnings.py:109} WARNING - /home/***/.local/lib/python3.8/site-packages/***/settings.py:194: DeprecationWarning: The sql_alchemy_conn option in [core] has been moved to the sql_alchemy_conn option in [database] - the old setting has been used, but please update your config.
  SQL_ALCHEMY_CONN = conf.get("database", "SQL_ALCHEMY_CONN")

[2025-03-30T11:10:51.111+0000] {task_command.py:423} INFO - Running <TaskInstance: inout_data_ingestion.ingest_dummy_data scheduled__2024-10-02T20:00:00+00:00 [running]> on host ff9d64b065e6
[2025-03-30T11:10:51.297+0000] {taskinstance.py:2510} INFO - Exporting env vars: AIRFLOW_CTX_DAG_OWNER='***' AIRFLOW_CTX_DAG_ID='inout_data_ingestion' AIRFLOW_CTX_TASK_ID='ingest_dummy_data' AIRFLOW_CTX_EXECUTION_DATE='2024-10-02T20:00:00+00:00' AIRFLOW_CTX_TRY_NUMBER='1' AIRFLOW_CTX_DAG_RUN_ID='scheduled__2024-10-02T20:00:00+00:00'
[2025-03-30T11:10:51.308+0000] {inout_data.py:42} INFO - Successfully connected to MariaDB: INOUT on mariadb:3306
[2025-03-30T11:10:51.318+0000] {inout_data.py:63} ERROR - Error executing query: (1062, "Duplicate entry '2025-03-30 11:10:51-4123' for key 'PRIMARY'")
[2025-03-30T11:10:51.320+0000] {inout_data.py:63} ERROR - Error executing query: (1062, "Duplicate entry '2025-03-30 11:10:51-4123' for key 'PRIMARY'")
[2025-03-30T11:10:51.322+0000] {inout_data.py:63} ERROR - Error executing query: (1062, "Duplicate entry '2025-03-30 11:10:51-4123' for key 'PRIMARY'")
[2025-03-30T11:10:51.327+0000] {inout_data.py:63} ERROR - Error executing query: (1062, "Duplicate entry '2025-03-30 11:10:51-4123' for key 'PRIMARY'")
[2025-03-30T11:10:51.330+0000] {inout_data.py:63} ERROR - Error executing query: (1062, "Duplicate entry '2025-03-30 11:10:51-4123' for key 'PRIMARY'")
[2025-03-30T11:10:51.333+0000] {inout_data.py:63} ERROR - Error executing query: (1062, "Duplicate entry '2025-03-30 11:10:51-4123' for key 'PRIMARY'")
[2025-03-30T11:10:51.334+0000] {inout_data.py:63} ERROR - Error executing query: (1062, "Duplicate entry '2025-03-30 11:10:51-4123' for key 'PRIMARY'")
[2025-03-30T11:10:51.336+0000] {inout_data.py:63} ERROR - Error executing query: (1062, "Duplicate entry '2025-03-30 11:10:51-4123' for key 'PRIMARY'")
[2025-03-30T11:10:51.338+0000] {inout_data.py:63} ERROR - Error executing query: (1062, "Duplicate entry '2025-03-30 11:10:51-4123' for key 'PRIMARY'")
[2025-03-30T11:10:51.340+0000] {inout_data.py:63} ERROR - Error executing query: (1062, "Duplicate entry '2025-03-30 11:10:51-4123' for key 'PRIMARY'")
[2025-03-30T11:10:51.342+0000] {inout_data.py:63} ERROR - Error executing query: (1062, "Duplicate entry '2025-03-30 11:10:51-4123' for key 'PRIMARY'")
[2025-03-30T11:10:51.343+0000] {inout_data.py:63} ERROR - Error executing query: (1062, "Duplicate entry '2025-03-30 11:10:51-4123' for key 'PRIMARY'")
[2025-03-30T11:10:51.345+0000] {inout_data.py:63} ERROR - Error executing query: (1062, "Duplicate entry '2025-03-30 11:10:51-4123' for key 'PRIMARY'")
[2025-03-30T11:10:51.346+0000] {inout_data.py:63} ERROR - Error executing query: (1062, "Duplicate entry '2025-03-30 11:10:51-4123' for key 'PRIMARY'")
[2025-03-30T11:10:51.349+0000] {inout_data.py:159} INFO - Ingested 15 rows of dummy data.
[2025-03-30T11:10:51.350+0000] {inout_data.py:78} INFO - MariaDB connection closed.
[2025-03-30T11:10:51.351+0000] {python.py:202} INFO - Done. Returned value was: None
[2025-03-30T11:10:51.376+0000] {taskinstance.py:1149} INFO - Marking task as SUCCESS. dag_id=inout_data_ingestion, task_id=ingest_dummy_data, execution_date=20241002T200000, start_date=20250330T111050, end_date=20250330T111051
[2025-03-30T11:10:51.450+0000] {local_task_job_runner.py:234} INFO - Task exited with return code 0
[2025-03-30T11:10:51.542+0000] {taskinstance.py:3309} INFO - 0 downstream tasks scheduled from follow-on schedule check
[2025-03-30T11:17:30.085+0000] {taskinstance.py:1979} INFO - Dependencies all met for dep_context=non-requeueable deps ti=<TaskInstance: inout_data_ingestion.ingest_dummy_data scheduled__2024-10-02T20:00:00+00:00 [queued]>
[2025-03-30T11:17:30.096+0000] {taskinstance.py:1979} INFO - Dependencies all met for dep_context=requeueable deps ti=<TaskInstance: inout_data_ingestion.ingest_dummy_data scheduled__2024-10-02T20:00:00+00:00 [queued]>
[2025-03-30T11:17:30.097+0000] {taskinstance.py:2193} INFO - Starting attempt 1 of 2
[2025-03-30T11:17:30.117+0000] {taskinstance.py:2214} INFO - Executing <Task(PythonOperator): ingest_dummy_data> on 2024-10-02 20:00:00+00:00
[2025-03-30T11:17:30.127+0000] {standard_task_runner.py:60} INFO - Started process 2704 to run task
[2025-03-30T11:17:30.134+0000] {standard_task_runner.py:87} INFO - Running: ['***', 'tasks', 'run', 'inout_data_ingestion', 'ingest_dummy_data', 'scheduled__2024-10-02T20:00:00+00:00', '--job-id', '1326', '--raw', '--subdir', 'DAGS_FOLDER/inout_data.py', '--cfg-path', '/tmp/tmplkx_2dkw']
[2025-03-30T11:17:30.136+0000] {standard_task_runner.py:88} INFO - Job 1326: Subtask ingest_dummy_data
[2025-03-30T11:17:30.156+0000] {warnings.py:109} WARNING - /home/***/.local/lib/python3.8/site-packages/***/settings.py:194: DeprecationWarning: The sql_alchemy_conn option in [core] has been moved to the sql_alchemy_conn option in [database] - the old setting has been used, but please update your config.
  SQL_ALCHEMY_CONN = conf.get("database", "SQL_ALCHEMY_CONN")

[2025-03-30T11:17:30.222+0000] {task_command.py:423} INFO - Running <TaskInstance: inout_data_ingestion.ingest_dummy_data scheduled__2024-10-02T20:00:00+00:00 [running]> on host ff9d64b065e6
[2025-03-30T11:17:30.351+0000] {taskinstance.py:2510} INFO - Exporting env vars: AIRFLOW_CTX_DAG_OWNER='***' AIRFLOW_CTX_DAG_ID='inout_data_ingestion' AIRFLOW_CTX_TASK_ID='ingest_dummy_data' AIRFLOW_CTX_EXECUTION_DATE='2024-10-02T20:00:00+00:00' AIRFLOW_CTX_TRY_NUMBER='1' AIRFLOW_CTX_DAG_RUN_ID='scheduled__2024-10-02T20:00:00+00:00'
[2025-03-30T11:17:30.367+0000] {inout_data.py:42} INFO - Successfully connected to MariaDB: INOUT on mariadb:3306
[2025-03-30T11:17:30.375+0000] {inout_data.py:63} ERROR - Error executing query: (1062, "Duplicate entry '2025-03-30 11:17:30-1977' for key 'PRIMARY'")
[2025-03-30T11:17:30.381+0000] {inout_data.py:63} ERROR - Error executing query: (1062, "Duplicate entry '2025-03-30 11:17:30-1977' for key 'PRIMARY'")
[2025-03-30T11:17:30.386+0000] {inout_data.py:63} ERROR - Error executing query: (1062, "Duplicate entry '2025-03-30 11:17:30-1977' for key 'PRIMARY'")
[2025-03-30T11:17:30.391+0000] {inout_data.py:63} ERROR - Error executing query: (1062, "Duplicate entry '2025-03-30 11:17:30-1977' for key 'PRIMARY'")
[2025-03-30T11:17:30.393+0000] {inout_data.py:63} ERROR - Error executing query: (1062, "Duplicate entry '2025-03-30 11:17:30-1977' for key 'PRIMARY'")
[2025-03-30T11:17:30.397+0000] {inout_data.py:63} ERROR - Error executing query: (1062, "Duplicate entry '2025-03-30 11:17:30-1977' for key 'PRIMARY'")
[2025-03-30T11:17:30.398+0000] {inout_data.py:63} ERROR - Error executing query: (1062, "Duplicate entry '2025-03-30 11:17:30-1977' for key 'PRIMARY'")
[2025-03-30T11:17:30.402+0000] {inout_data.py:63} ERROR - Error executing query: (1062, "Duplicate entry '2025-03-30 11:17:30-1977' for key 'PRIMARY'")
[2025-03-30T11:17:30.407+0000] {inout_data.py:63} ERROR - Error executing query: (1062, "Duplicate entry '2025-03-30 11:17:30-1977' for key 'PRIMARY'")
[2025-03-30T11:17:30.410+0000] {inout_data.py:63} ERROR - Error executing query: (1062, "Duplicate entry '2025-03-30 11:17:30-1977' for key 'PRIMARY'")
[2025-03-30T11:17:30.411+0000] {inout_data.py:63} ERROR - Error executing query: (1062, "Duplicate entry '2025-03-30 11:17:30-1977' for key 'PRIMARY'")
[2025-03-30T11:17:30.412+0000] {inout_data.py:63} ERROR - Error executing query: (1062, "Duplicate entry '2025-03-30 11:17:30-1977' for key 'PRIMARY'")
[2025-03-30T11:17:30.412+0000] {inout_data.py:63} ERROR - Error executing query: (1062, "Duplicate entry '2025-03-30 11:17:30-1977' for key 'PRIMARY'")
[2025-03-30T11:17:30.412+0000] {inout_data.py:63} ERROR - Error executing query: (1062, "Duplicate entry '2025-03-30 11:17:30-1977' for key 'PRIMARY'")
[2025-03-30T11:17:30.419+0000] {inout_data.py:63} ERROR - Error executing query: (1062, "Duplicate entry '2025-03-30 11:17:30-1977' for key 'PRIMARY'")
[2025-03-30T11:17:30.425+0000] {inout_data.py:63} ERROR - Error executing query: (1062, "Duplicate entry '2025-03-30 11:17:30-1977' for key 'PRIMARY'")
[2025-03-30T11:17:30.427+0000] {inout_data.py:63} ERROR - Error executing query: (1062, "Duplicate entry '2025-03-30 11:17:30-1977' for key 'PRIMARY'")
[2025-03-30T11:17:30.430+0000] {inout_data.py:152} INFO - Ingested 18 rows of dummy data.
[2025-03-30T11:17:30.432+0000] {inout_data.py:78} INFO - MariaDB connection closed.
[2025-03-30T11:17:30.434+0000] {python.py:202} INFO - Done. Returned value was: None
[2025-03-30T11:17:30.455+0000] {taskinstance.py:1149} INFO - Marking task as SUCCESS. dag_id=inout_data_ingestion, task_id=ingest_dummy_data, execution_date=20241002T200000, start_date=20250330T111730, end_date=20250330T111730
[2025-03-30T11:17:30.536+0000] {local_task_job_runner.py:234} INFO - Task exited with return code 0
[2025-03-30T11:17:30.580+0000] {taskinstance.py:3309} INFO - 0 downstream tasks scheduled from follow-on schedule check
[2025-03-30T11:29:52.240+0000] {taskinstance.py:1979} INFO - Dependencies all met for dep_context=non-requeueable deps ti=<TaskInstance: inout_data_ingestion.ingest_dummy_data scheduled__2024-10-02T20:00:00+00:00 [queued]>
[2025-03-30T11:29:52.245+0000] {taskinstance.py:1979} INFO - Dependencies all met for dep_context=requeueable deps ti=<TaskInstance: inout_data_ingestion.ingest_dummy_data scheduled__2024-10-02T20:00:00+00:00 [queued]>
[2025-03-30T11:29:52.245+0000] {taskinstance.py:2193} INFO - Starting attempt 1 of 2
[2025-03-30T11:29:52.251+0000] {taskinstance.py:2214} INFO - Executing <Task(PythonOperator): ingest_dummy_data> on 2024-10-02 20:00:00+00:00
[2025-03-30T11:29:52.254+0000] {standard_task_runner.py:60} INFO - Started process 4611 to run task
[2025-03-30T11:29:52.257+0000] {standard_task_runner.py:87} INFO - Running: ['***', 'tasks', 'run', 'inout_data_ingestion', 'ingest_dummy_data', 'scheduled__2024-10-02T20:00:00+00:00', '--job-id', '2281', '--raw', '--subdir', 'DAGS_FOLDER/inout_data.py', '--cfg-path', '/tmp/tmpoq9aadf3']
[2025-03-30T11:29:52.259+0000] {standard_task_runner.py:88} INFO - Job 2281: Subtask ingest_dummy_data
[2025-03-30T11:29:52.265+0000] {warnings.py:109} WARNING - /home/***/.local/lib/python3.8/site-packages/***/settings.py:194: DeprecationWarning: The sql_alchemy_conn option in [core] has been moved to the sql_alchemy_conn option in [database] - the old setting has been used, but please update your config.
  SQL_ALCHEMY_CONN = conf.get("database", "SQL_ALCHEMY_CONN")

[2025-03-30T11:29:52.281+0000] {task_command.py:423} INFO - Running <TaskInstance: inout_data_ingestion.ingest_dummy_data scheduled__2024-10-02T20:00:00+00:00 [running]> on host ff9d64b065e6
[2025-03-30T11:29:52.317+0000] {taskinstance.py:2510} INFO - Exporting env vars: AIRFLOW_CTX_DAG_OWNER='***' AIRFLOW_CTX_DAG_ID='inout_data_ingestion' AIRFLOW_CTX_TASK_ID='ingest_dummy_data' AIRFLOW_CTX_EXECUTION_DATE='2024-10-02T20:00:00+00:00' AIRFLOW_CTX_TRY_NUMBER='1' AIRFLOW_CTX_DAG_RUN_ID='scheduled__2024-10-02T20:00:00+00:00'
[2025-03-30T11:29:52.319+0000] {logging_mixin.py:188} INFO - Successfully connected to MariaDB: INOUT on mariadb:3306
[2025-03-30T11:29:52.319+0000] {logging_mixin.py:188} INFO - General error executing query: not all arguments converted during string formatting
[2025-03-30T11:29:52.319+0000] {logging_mixin.py:188} INFO - General error executing query: not all arguments converted during string formatting
[2025-03-30T11:29:52.320+0000] {logging_mixin.py:188} INFO - General error executing query: not all arguments converted during string formatting
[2025-03-30T11:29:52.320+0000] {logging_mixin.py:188} INFO - General error executing query: not all arguments converted during string formatting
[2025-03-30T11:29:52.320+0000] {logging_mixin.py:188} INFO - General error executing query: not all arguments converted during string formatting
[2025-03-30T11:29:52.320+0000] {logging_mixin.py:188} INFO - General error executing query: not all arguments converted during string formatting
[2025-03-30T11:29:52.320+0000] {logging_mixin.py:188} INFO - General error executing query: not all arguments converted during string formatting
[2025-03-30T11:29:52.320+0000] {logging_mixin.py:188} INFO - General error executing query: not all arguments converted during string formatting
[2025-03-30T11:29:52.321+0000] {logging_mixin.py:188} INFO - General error executing query: not all arguments converted during string formatting
[2025-03-30T11:29:52.321+0000] {logging_mixin.py:188} INFO - General error executing query: not all arguments converted during string formatting
[2025-03-30T11:29:52.321+0000] {logging_mixin.py:188} INFO - General error executing query: not all arguments converted during string formatting
[2025-03-30T11:29:52.321+0000] {logging_mixin.py:188} INFO - General error executing query: not all arguments converted during string formatting
[2025-03-30T11:29:52.321+0000] {logging_mixin.py:188} INFO - General error executing query: not all arguments converted during string formatting
[2025-03-30T11:29:52.321+0000] {logging_mixin.py:188} INFO - General error executing query: not all arguments converted during string formatting
[2025-03-30T11:29:52.321+0000] {logging_mixin.py:188} INFO - General error executing query: not all arguments converted during string formatting
[2025-03-30T11:29:52.322+0000] {inout_data.py:87} INFO - Ingested 15 rows of dummy data for 2024-10-02 20:00:00+00:00.
[2025-03-30T11:29:52.322+0000] {logging_mixin.py:188} INFO - MariaDB connection closed.
[2025-03-30T11:29:52.322+0000] {python.py:202} INFO - Done. Returned value was: None
[2025-03-30T11:29:52.326+0000] {taskinstance.py:1149} INFO - Marking task as SUCCESS. dag_id=inout_data_ingestion, task_id=ingest_dummy_data, execution_date=20241002T200000, start_date=20250330T112952, end_date=20250330T112952
[2025-03-30T11:29:52.356+0000] {local_task_job_runner.py:234} INFO - Task exited with return code 0
[2025-03-30T11:29:52.367+0000] {taskinstance.py:3309} INFO - 0 downstream tasks scheduled from follow-on schedule check
[2025-03-30T11:34:48.998+0000] {taskinstance.py:1979} INFO - Dependencies all met for dep_context=non-requeueable deps ti=<TaskInstance: inout_data_ingestion.ingest_dummy_data scheduled__2024-10-02T20:00:00+00:00 [queued]>
[2025-03-30T11:34:49.008+0000] {taskinstance.py:1979} INFO - Dependencies all met for dep_context=requeueable deps ti=<TaskInstance: inout_data_ingestion.ingest_dummy_data scheduled__2024-10-02T20:00:00+00:00 [queued]>
[2025-03-30T11:34:49.008+0000] {taskinstance.py:2193} INFO - Starting attempt 1 of 2
[2025-03-30T11:34:49.018+0000] {taskinstance.py:2214} INFO - Executing <Task(PythonOperator): ingest_dummy_data> on 2024-10-02 20:00:00+00:00
[2025-03-30T11:34:49.022+0000] {standard_task_runner.py:60} INFO - Started process 6069 to run task
[2025-03-30T11:34:49.029+0000] {standard_task_runner.py:87} INFO - Running: ['***', 'tasks', 'run', 'inout_data_ingestion', 'ingest_dummy_data', 'scheduled__2024-10-02T20:00:00+00:00', '--job-id', '3010', '--raw', '--subdir', 'DAGS_FOLDER/inout_data.py', '--cfg-path', '/tmp/tmp0cgayrtp']
[2025-03-30T11:34:49.030+0000] {standard_task_runner.py:88} INFO - Job 3010: Subtask ingest_dummy_data
[2025-03-30T11:34:49.044+0000] {warnings.py:109} WARNING - /home/***/.local/lib/python3.8/site-packages/***/settings.py:194: DeprecationWarning: The sql_alchemy_conn option in [core] has been moved to the sql_alchemy_conn option in [database] - the old setting has been used, but please update your config.
  SQL_ALCHEMY_CONN = conf.get("database", "SQL_ALCHEMY_CONN")

[2025-03-30T11:34:49.086+0000] {task_command.py:423} INFO - Running <TaskInstance: inout_data_ingestion.ingest_dummy_data scheduled__2024-10-02T20:00:00+00:00 [running]> on host ff9d64b065e6
[2025-03-30T11:34:49.135+0000] {taskinstance.py:2510} INFO - Exporting env vars: AIRFLOW_CTX_DAG_OWNER='***' AIRFLOW_CTX_DAG_ID='inout_data_ingestion' AIRFLOW_CTX_TASK_ID='ingest_dummy_data' AIRFLOW_CTX_EXECUTION_DATE='2024-10-02T20:00:00+00:00' AIRFLOW_CTX_TRY_NUMBER='1' AIRFLOW_CTX_DAG_RUN_ID='scheduled__2024-10-02T20:00:00+00:00'
[2025-03-30T11:34:49.138+0000] {logging_mixin.py:188} INFO - Successfully connected to MariaDB: INOUT on mariadb:3306
[2025-03-30T11:34:49.138+0000] {inout_data.py:83} INFO - {'ingested_time': datetime.datetime(2025, 3, 30, 11, 34, 49, 138409), 'timestamp': datetime.datetime(2024, 10, 2, 20, 10, tzinfo=datetime.timezone.utc), 'emp_id': 7279, 'employee_name': 'Employee2', 'factory': 'FactoryB', 'in_out': 'OUT', 'entrance': 'Main', 'door_number': '1', 'function': 'IT', 'division': 'BSID', 'department': 'ML', 'section': '1'}
[2025-03-30T11:34:49.138+0000] {logging_mixin.py:188} INFO - General error executing query: not all arguments converted during string formatting
[2025-03-30T11:34:49.138+0000] {inout_data.py:83} INFO - {'ingested_time': datetime.datetime(2025, 3, 30, 11, 34, 49, 138914), 'timestamp': datetime.datetime(2024, 10, 2, 20, 5, tzinfo=datetime.timezone.utc), 'emp_id': 8282, 'employee_name': 'Employee95', 'factory': 'FactoryA', 'in_out': 'IN', 'entrance': 'Main', 'door_number': '5', 'function': 'IT', 'division': 'BSID', 'department': 'HRSD', 'section': '2'}
[2025-03-30T11:34:49.139+0000] {logging_mixin.py:188} INFO - General error executing query: not all arguments converted during string formatting
[2025-03-30T11:34:49.139+0000] {inout_data.py:83} INFO - {'ingested_time': datetime.datetime(2025, 3, 30, 11, 34, 49, 139409), 'timestamp': datetime.datetime(2024, 10, 2, 20, 19, tzinfo=datetime.timezone.utc), 'emp_id': 4609, 'employee_name': 'Employee90', 'factory': 'FactoryB', 'in_out': 'OUT', 'entrance': 'Main', 'door_number': '2', 'function': 'IT', 'division': 'AAPD', 'department': 'CAPD', 'section': '2'}
[2025-03-30T11:34:49.139+0000] {logging_mixin.py:188} INFO - General error executing query: not all arguments converted during string formatting
[2025-03-30T11:34:49.139+0000] {inout_data.py:83} INFO - {'ingested_time': datetime.datetime(2025, 3, 30, 11, 34, 49, 139869), 'timestamp': datetime.datetime(2024, 10, 2, 20, 16, tzinfo=datetime.timezone.utc), 'emp_id': 6308, 'employee_name': 'Employee8', 'factory': 'FactoryB', 'in_out': 'OUT', 'entrance': 'Main', 'door_number': '2', 'function': 'IT', 'division': 'AAPD', 'department': 'HRSD', 'section': '2'}
[2025-03-30T11:34:49.140+0000] {logging_mixin.py:188} INFO - General error executing query: not all arguments converted during string formatting
[2025-03-30T11:34:49.140+0000] {inout_data.py:83} INFO - {'ingested_time': datetime.datetime(2025, 3, 30, 11, 34, 49, 140245), 'timestamp': datetime.datetime(2024, 10, 2, 20, 0, tzinfo=datetime.timezone.utc), 'emp_id': 4513, 'employee_name': 'Employee58', 'factory': 'FactoryA', 'in_out': 'IN', 'entrance': 'Main', 'door_number': '8', 'function': 'IT', 'division': 'AAPD', 'department': 'HRSD', 'section': '2'}
[2025-03-30T11:34:49.140+0000] {logging_mixin.py:188} INFO - General error executing query: not all arguments converted during string formatting
[2025-03-30T11:34:49.140+0000] {inout_data.py:83} INFO - {'ingested_time': datetime.datetime(2025, 3, 30, 11, 34, 49, 140653), 'timestamp': datetime.datetime(2024, 10, 2, 20, 25, tzinfo=datetime.timezone.utc), 'emp_id': 4695, 'employee_name': 'Employee43', 'factory': 'FactoryB', 'in_out': 'IN', 'entrance': 'Side', 'door_number': '8', 'function': 'IT', 'division': 'AAPD', 'department': 'ML', 'section': '1'}
[2025-03-30T11:34:49.140+0000] {logging_mixin.py:188} INFO - General error executing query: not all arguments converted during string formatting
[2025-03-30T11:34:49.141+0000] {inout_data.py:83} INFO - {'ingested_time': datetime.datetime(2025, 3, 30, 11, 34, 49, 141030), 'timestamp': datetime.datetime(2024, 10, 2, 20, 6, tzinfo=datetime.timezone.utc), 'emp_id': 5913, 'employee_name': 'Employee43', 'factory': 'FactoryB', 'in_out': 'OUT', 'entrance': 'Side', 'door_number': '4', 'function': 'IT', 'division': 'AAPD', 'department': 'HRSD', 'section': '1'}
[2025-03-30T11:34:49.141+0000] {logging_mixin.py:188} INFO - General error executing query: not all arguments converted during string formatting
[2025-03-30T11:34:49.141+0000] {inout_data.py:83} INFO - {'ingested_time': datetime.datetime(2025, 3, 30, 11, 34, 49, 141419), 'timestamp': datetime.datetime(2024, 10, 2, 20, 20, tzinfo=datetime.timezone.utc), 'emp_id': 8071, 'employee_name': 'Employee30', 'factory': 'FactoryA', 'in_out': 'IN', 'entrance': 'Side', 'door_number': '4', 'function': 'IT', 'division': 'AAPD', 'department': 'CAPD', 'section': '2'}
[2025-03-30T11:34:49.141+0000] {logging_mixin.py:188} INFO - General error executing query: not all arguments converted during string formatting
[2025-03-30T11:34:49.141+0000] {inout_data.py:83} INFO - {'ingested_time': datetime.datetime(2025, 3, 30, 11, 34, 49, 141753), 'timestamp': datetime.datetime(2024, 10, 2, 20, 3, tzinfo=datetime.timezone.utc), 'emp_id': 4071, 'employee_name': 'Employee6', 'factory': 'FactoryA', 'in_out': 'IN', 'entrance': 'Side', 'door_number': '5', 'function': 'IT', 'division': 'AAPD', 'department': 'ML', 'section': '2'}
[2025-03-30T11:34:49.141+0000] {logging_mixin.py:188} INFO - General error executing query: not all arguments converted during string formatting
[2025-03-30T11:34:49.142+0000] {inout_data.py:88} INFO - Ingested 9 rows of dummy data for 2024-10-02 20:00:00+00:00.
[2025-03-30T11:34:49.142+0000] {logging_mixin.py:188} INFO - MariaDB connection closed.
[2025-03-30T11:34:49.142+0000] {python.py:202} INFO - Done. Returned value was: None
[2025-03-30T11:34:49.152+0000] {taskinstance.py:1149} INFO - Marking task as SUCCESS. dag_id=inout_data_ingestion, task_id=ingest_dummy_data, execution_date=20241002T200000, start_date=20250330T113448, end_date=20250330T113449
[2025-03-30T11:34:49.168+0000] {local_task_job_runner.py:234} INFO - Task exited with return code 0
[2025-03-30T11:34:49.184+0000] {taskinstance.py:3309} INFO - 0 downstream tasks scheduled from follow-on schedule check
