[2025-03-30T11:13:41.793+0000] {taskinstance.py:1979} INFO - Dependencies all met for dep_context=non-requeueable deps ti=<TaskInstance: inout_data_ingestion.ingest_dummy_data scheduled__2024-10-08T00:00:00+00:00 [queued]>
[2025-03-30T11:13:41.810+0000] {taskinstance.py:1979} INFO - Dependencies all met for dep_context=requeueable deps ti=<TaskInstance: inout_data_ingestion.ingest_dummy_data scheduled__2024-10-08T00:00:00+00:00 [queued]>
[2025-03-30T11:13:41.813+0000] {taskinstance.py:2193} INFO - Starting attempt 1 of 2
[2025-03-30T11:13:41.861+0000] {taskinstance.py:2214} INFO - Executing <Task(PythonOperator): ingest_dummy_data> on 2024-10-08 00:00:00+00:00
[2025-03-30T11:13:41.871+0000] {standard_task_runner.py:60} INFO - Started process 1837 to run task
[2025-03-30T11:13:41.879+0000] {standard_task_runner.py:87} INFO - Running: ['***', 'tasks', 'run', 'inout_data_ingestion', 'ingest_dummy_data', 'scheduled__2024-10-08T00:00:00+00:00', '--job-id', '892', '--raw', '--subdir', 'DAGS_FOLDER/inout_data.py', '--cfg-path', '/tmp/tmp9ngy3h5h']
[2025-03-30T11:13:41.883+0000] {standard_task_runner.py:88} INFO - Job 892: Subtask ingest_dummy_data
[2025-03-30T11:13:41.935+0000] {warnings.py:109} WARNING - /home/***/.local/lib/python3.8/site-packages/***/settings.py:194: DeprecationWarning: The sql_alchemy_conn option in [core] has been moved to the sql_alchemy_conn option in [database] - the old setting has been used, but please update your config.
  SQL_ALCHEMY_CONN = conf.get("database", "SQL_ALCHEMY_CONN")

[2025-03-30T11:13:42.000+0000] {task_command.py:423} INFO - Running <TaskInstance: inout_data_ingestion.ingest_dummy_data scheduled__2024-10-08T00:00:00+00:00 [running]> on host ff9d64b065e6
[2025-03-30T11:13:42.089+0000] {taskinstance.py:2510} INFO - Exporting env vars: AIRFLOW_CTX_DAG_OWNER='***' AIRFLOW_CTX_DAG_ID='inout_data_ingestion' AIRFLOW_CTX_TASK_ID='ingest_dummy_data' AIRFLOW_CTX_EXECUTION_DATE='2024-10-08T00:00:00+00:00' AIRFLOW_CTX_TRY_NUMBER='1' AIRFLOW_CTX_DAG_RUN_ID='scheduled__2024-10-08T00:00:00+00:00'
[2025-03-30T11:13:42.101+0000] {inout_data.py:42} INFO - Successfully connected to MariaDB: INOUT on mariadb:3306
[2025-03-30T11:13:42.105+0000] {inout_data.py:63} ERROR - Error executing query: (1062, "Duplicate entry '2025-03-30 11:13:42-7423' for key 'PRIMARY'")
[2025-03-30T11:13:42.106+0000] {inout_data.py:63} ERROR - Error executing query: (1062, "Duplicate entry '2025-03-30 11:13:42-7423' for key 'PRIMARY'")
[2025-03-30T11:13:42.107+0000] {inout_data.py:63} ERROR - Error executing query: (1062, "Duplicate entry '2025-03-30 11:13:42-7423' for key 'PRIMARY'")
[2025-03-30T11:13:42.108+0000] {inout_data.py:63} ERROR - Error executing query: (1062, "Duplicate entry '2025-03-30 11:13:42-7423' for key 'PRIMARY'")
[2025-03-30T11:13:42.109+0000] {inout_data.py:63} ERROR - Error executing query: (1062, "Duplicate entry '2025-03-30 11:13:42-7423' for key 'PRIMARY'")
[2025-03-30T11:13:42.111+0000] {inout_data.py:63} ERROR - Error executing query: (1062, "Duplicate entry '2025-03-30 11:13:42-7423' for key 'PRIMARY'")
[2025-03-30T11:13:42.113+0000] {inout_data.py:63} ERROR - Error executing query: (1062, "Duplicate entry '2025-03-30 11:13:42-7423' for key 'PRIMARY'")
[2025-03-30T11:13:42.115+0000] {inout_data.py:63} ERROR - Error executing query: (1062, "Duplicate entry '2025-03-30 11:13:42-7423' for key 'PRIMARY'")
[2025-03-30T11:13:42.116+0000] {inout_data.py:63} ERROR - Error executing query: (1062, "Duplicate entry '2025-03-30 11:13:42-7423' for key 'PRIMARY'")
[2025-03-30T11:13:42.118+0000] {inout_data.py:63} ERROR - Error executing query: (1062, "Duplicate entry '2025-03-30 11:13:42-7423' for key 'PRIMARY'")
[2025-03-30T11:13:42.118+0000] {inout_data.py:63} ERROR - Error executing query: (1062, "Duplicate entry '2025-03-30 11:13:42-7423' for key 'PRIMARY'")
[2025-03-30T11:13:42.121+0000] {inout_data.py:63} ERROR - Error executing query: (1062, "Duplicate entry '2025-03-30 11:13:42-7423' for key 'PRIMARY'")
[2025-03-30T11:13:42.126+0000] {inout_data.py:63} ERROR - Error executing query: (1062, "Duplicate entry '2025-03-30 11:13:42-7423' for key 'PRIMARY'")
[2025-03-30T11:13:42.129+0000] {inout_data.py:63} ERROR - Error executing query: (1062, "Duplicate entry '2025-03-30 11:13:42-7423' for key 'PRIMARY'")
[2025-03-30T11:13:42.132+0000] {inout_data.py:63} ERROR - Error executing query: (1062, "Duplicate entry '2025-03-30 11:13:42-7423' for key 'PRIMARY'")
[2025-03-30T11:13:42.132+0000] {inout_data.py:159} INFO - Ingested 16 rows of dummy data.
[2025-03-30T11:13:42.133+0000] {inout_data.py:78} INFO - MariaDB connection closed.
[2025-03-30T11:13:42.133+0000] {python.py:202} INFO - Done. Returned value was: None
[2025-03-30T11:13:42.150+0000] {taskinstance.py:1149} INFO - Marking task as SUCCESS. dag_id=inout_data_ingestion, task_id=ingest_dummy_data, execution_date=20241008T000000, start_date=20250330T111341, end_date=20250330T111342
[2025-03-30T11:13:42.186+0000] {local_task_job_runner.py:234} INFO - Task exited with return code 0
[2025-03-30T11:13:42.233+0000] {taskinstance.py:3309} INFO - 0 downstream tasks scheduled from follow-on schedule check
[2025-03-30T11:20:26.497+0000] {taskinstance.py:1979} INFO - Dependencies all met for dep_context=non-requeueable deps ti=<TaskInstance: inout_data_ingestion.ingest_dummy_data scheduled__2024-10-08T00:00:00+00:00 [queued]>
[2025-03-30T11:20:26.531+0000] {taskinstance.py:1979} INFO - Dependencies all met for dep_context=requeueable deps ti=<TaskInstance: inout_data_ingestion.ingest_dummy_data scheduled__2024-10-08T00:00:00+00:00 [queued]>
[2025-03-30T11:20:26.535+0000] {taskinstance.py:2193} INFO - Starting attempt 1 of 2
[2025-03-30T11:20:26.560+0000] {taskinstance.py:2214} INFO - Executing <Task(PythonOperator): ingest_dummy_data> on 2024-10-08 00:00:00+00:00
[2025-03-30T11:20:26.567+0000] {standard_task_runner.py:60} INFO - Started process 3695 to run task
[2025-03-30T11:20:26.578+0000] {standard_task_runner.py:87} INFO - Running: ['***', 'tasks', 'run', 'inout_data_ingestion', 'ingest_dummy_data', 'scheduled__2024-10-08T00:00:00+00:00', '--job-id', '1821', '--raw', '--subdir', 'DAGS_FOLDER/inout_data.py', '--cfg-path', '/tmp/tmp3gwgkdxo']
[2025-03-30T11:20:26.585+0000] {standard_task_runner.py:88} INFO - Job 1821: Subtask ingest_dummy_data
[2025-03-30T11:20:26.613+0000] {warnings.py:109} WARNING - /home/***/.local/lib/python3.8/site-packages/***/settings.py:194: DeprecationWarning: The sql_alchemy_conn option in [core] has been moved to the sql_alchemy_conn option in [database] - the old setting has been used, but please update your config.
  SQL_ALCHEMY_CONN = conf.get("database", "SQL_ALCHEMY_CONN")

[2025-03-30T11:20:26.673+0000] {task_command.py:423} INFO - Running <TaskInstance: inout_data_ingestion.ingest_dummy_data scheduled__2024-10-08T00:00:00+00:00 [running]> on host ff9d64b065e6
[2025-03-30T11:20:26.939+0000] {taskinstance.py:2510} INFO - Exporting env vars: AIRFLOW_CTX_DAG_OWNER='***' AIRFLOW_CTX_DAG_ID='inout_data_ingestion' AIRFLOW_CTX_TASK_ID='ingest_dummy_data' AIRFLOW_CTX_EXECUTION_DATE='2024-10-08T00:00:00+00:00' AIRFLOW_CTX_TRY_NUMBER='1' AIRFLOW_CTX_DAG_RUN_ID='scheduled__2024-10-08T00:00:00+00:00'
[2025-03-30T11:20:26.970+0000] {inout_data.py:42} INFO - Successfully connected to MariaDB: INOUT on mariadb:3306
[2025-03-30T11:20:26.977+0000] {inout_data.py:63} ERROR - Error executing query: (1062, "Duplicate entry '2025-03-30 11:20:26-9740' for key 'PRIMARY'")
[2025-03-30T11:20:26.980+0000] {inout_data.py:63} ERROR - Error executing query: (1062, "Duplicate entry '2025-03-30 11:20:26-9740' for key 'PRIMARY'")
[2025-03-30T11:20:26.981+0000] {inout_data.py:63} ERROR - Error executing query: (1062, "Duplicate entry '2025-03-30 11:20:26-9740' for key 'PRIMARY'")
[2025-03-30T11:20:26.982+0000] {inout_data.py:63} ERROR - Error executing query: (1062, "Duplicate entry '2025-03-30 11:20:26-9740' for key 'PRIMARY'")
[2025-03-30T11:20:26.984+0000] {inout_data.py:63} ERROR - Error executing query: (1062, "Duplicate entry '2025-03-30 11:20:26-9740' for key 'PRIMARY'")
[2025-03-30T11:20:26.986+0000] {inout_data.py:63} ERROR - Error executing query: (1062, "Duplicate entry '2025-03-30 11:20:26-9740' for key 'PRIMARY'")
[2025-03-30T11:20:26.989+0000] {inout_data.py:63} ERROR - Error executing query: (1062, "Duplicate entry '2025-03-30 11:20:26-9740' for key 'PRIMARY'")
[2025-03-30T11:20:26.991+0000] {inout_data.py:63} ERROR - Error executing query: (1062, "Duplicate entry '2025-03-30 11:20:26-9740' for key 'PRIMARY'")
[2025-03-30T11:20:26.995+0000] {inout_data.py:63} ERROR - Error executing query: (1062, "Duplicate entry '2025-03-30 11:20:26-9740' for key 'PRIMARY'")
[2025-03-30T11:20:26.997+0000] {inout_data.py:63} ERROR - Error executing query: (1062, "Duplicate entry '2025-03-30 11:20:26-9740' for key 'PRIMARY'")
[2025-03-30T11:20:26.999+0000] {inout_data.py:63} ERROR - Error executing query: (1062, "Duplicate entry '2025-03-30 11:20:26-9740' for key 'PRIMARY'")
[2025-03-30T11:20:27.000+0000] {inout_data.py:152} INFO - Ingested 12 rows of dummy data.
[2025-03-30T11:20:27.003+0000] {inout_data.py:78} INFO - MariaDB connection closed.
[2025-03-30T11:20:27.004+0000] {python.py:202} INFO - Done. Returned value was: None
[2025-03-30T11:20:27.025+0000] {taskinstance.py:1149} INFO - Marking task as SUCCESS. dag_id=inout_data_ingestion, task_id=ingest_dummy_data, execution_date=20241008T000000, start_date=20250330T112026, end_date=20250330T112027
[2025-03-30T11:20:27.093+0000] {local_task_job_runner.py:234} INFO - Task exited with return code 0
[2025-03-30T11:20:27.224+0000] {taskinstance.py:3309} INFO - 0 downstream tasks scheduled from follow-on schedule check
