[2025-03-30T11:09:32.327+0000] {taskinstance.py:1979} INFO - Dependencies all met for dep_context=non-requeueable deps ti=<TaskInstance: inout_data_ingestion.create_table scheduled__2024-09-30T12:00:00+00:00 [queued]>
[2025-03-30T11:09:32.350+0000] {taskinstance.py:1979} INFO - Dependencies all met for dep_context=requeueable deps ti=<TaskInstance: inout_data_ingestion.create_table scheduled__2024-09-30T12:00:00+00:00 [queued]>
[2025-03-30T11:09:32.351+0000] {taskinstance.py:2193} INFO - Starting attempt 1 of 2
[2025-03-30T11:09:32.400+0000] {taskinstance.py:2214} INFO - Executing <Task(PythonOperator): create_table> on 2024-09-30 12:00:00+00:00
[2025-03-30T11:09:32.413+0000] {standard_task_runner.py:60} INFO - Started process 386 to run task
[2025-03-30T11:09:32.421+0000] {standard_task_runner.py:87} INFO - Running: ['***', 'tasks', 'run', 'inout_data_ingestion', 'create_table', 'scheduled__2024-09-30T12:00:00+00:00', '--job-id', '166', '--raw', '--subdir', 'DAGS_FOLDER/inout_data.py', '--cfg-path', '/tmp/tmpzr79ow7i']
[2025-03-30T11:09:32.427+0000] {standard_task_runner.py:88} INFO - Job 166: Subtask create_table
[2025-03-30T11:09:32.446+0000] {warnings.py:109} WARNING - /home/***/.local/lib/python3.8/site-packages/***/settings.py:194: DeprecationWarning: The sql_alchemy_conn option in [core] has been moved to the sql_alchemy_conn option in [database] - the old setting has been used, but please update your config.
  SQL_ALCHEMY_CONN = conf.get("database", "SQL_ALCHEMY_CONN")

[2025-03-30T11:09:32.610+0000] {task_command.py:423} INFO - Running <TaskInstance: inout_data_ingestion.create_table scheduled__2024-09-30T12:00:00+00:00 [running]> on host ff9d64b065e6
[2025-03-30T11:09:32.844+0000] {taskinstance.py:2510} INFO - Exporting env vars: AIRFLOW_CTX_DAG_OWNER='***' AIRFLOW_CTX_DAG_ID='inout_data_ingestion' AIRFLOW_CTX_TASK_ID='create_table' AIRFLOW_CTX_EXECUTION_DATE='2024-09-30T12:00:00+00:00' AIRFLOW_CTX_TRY_NUMBER='1' AIRFLOW_CTX_DAG_RUN_ID='scheduled__2024-09-30T12:00:00+00:00'
[2025-03-30T11:09:32.861+0000] {inout_data.py:42} INFO - Successfully connected to MariaDB: INOUT on mariadb:3306
[2025-03-30T11:09:32.864+0000] {inout_data.py:124} INFO - Table emp_inout_rec created (if it didn't exist).
[2025-03-30T11:09:32.865+0000] {inout_data.py:78} INFO - MariaDB connection closed.
[2025-03-30T11:09:32.867+0000] {python.py:202} INFO - Done. Returned value was: None
[2025-03-30T11:09:32.887+0000] {taskinstance.py:1149} INFO - Marking task as SUCCESS. dag_id=inout_data_ingestion, task_id=create_table, execution_date=20240930T120000, start_date=20250330T110932, end_date=20250330T110932
[2025-03-30T11:09:32.918+0000] {local_task_job_runner.py:234} INFO - Task exited with return code 0
[2025-03-30T11:09:32.958+0000] {taskinstance.py:3309} INFO - 1 downstream tasks scheduled from follow-on schedule check
[2025-03-30T11:16:11.014+0000] {taskinstance.py:1979} INFO - Dependencies all met for dep_context=non-requeueable deps ti=<TaskInstance: inout_data_ingestion.create_table scheduled__2024-09-30T12:00:00+00:00 [queued]>
[2025-03-30T11:16:11.026+0000] {taskinstance.py:1979} INFO - Dependencies all met for dep_context=requeueable deps ti=<TaskInstance: inout_data_ingestion.create_table scheduled__2024-09-30T12:00:00+00:00 [queued]>
[2025-03-30T11:16:11.027+0000] {taskinstance.py:2193} INFO - Starting attempt 1 of 2
[2025-03-30T11:16:11.058+0000] {taskinstance.py:2214} INFO - Executing <Task(PythonOperator): create_table> on 2024-09-30 12:00:00+00:00
[2025-03-30T11:16:11.072+0000] {standard_task_runner.py:60} INFO - Started process 2235 to run task
[2025-03-30T11:16:11.083+0000] {standard_task_runner.py:87} INFO - Running: ['***', 'tasks', 'run', 'inout_data_ingestion', 'create_table', 'scheduled__2024-09-30T12:00:00+00:00', '--job-id', '1092', '--raw', '--subdir', 'DAGS_FOLDER/inout_data.py', '--cfg-path', '/tmp/tmpnevo3nhn']
[2025-03-30T11:16:11.087+0000] {standard_task_runner.py:88} INFO - Job 1092: Subtask create_table
[2025-03-30T11:16:11.110+0000] {warnings.py:109} WARNING - /home/***/.local/lib/python3.8/site-packages/***/settings.py:194: DeprecationWarning: The sql_alchemy_conn option in [core] has been moved to the sql_alchemy_conn option in [database] - the old setting has been used, but please update your config.
  SQL_ALCHEMY_CONN = conf.get("database", "SQL_ALCHEMY_CONN")

[2025-03-30T11:16:11.182+0000] {task_command.py:423} INFO - Running <TaskInstance: inout_data_ingestion.create_table scheduled__2024-09-30T12:00:00+00:00 [running]> on host ff9d64b065e6
[2025-03-30T11:16:11.351+0000] {taskinstance.py:2510} INFO - Exporting env vars: AIRFLOW_CTX_DAG_OWNER='***' AIRFLOW_CTX_DAG_ID='inout_data_ingestion' AIRFLOW_CTX_TASK_ID='create_table' AIRFLOW_CTX_EXECUTION_DATE='2024-09-30T12:00:00+00:00' AIRFLOW_CTX_TRY_NUMBER='1' AIRFLOW_CTX_DAG_RUN_ID='scheduled__2024-09-30T12:00:00+00:00'
[2025-03-30T11:16:11.364+0000] {inout_data.py:42} INFO - Successfully connected to MariaDB: INOUT on mariadb:3306
[2025-03-30T11:16:11.368+0000] {inout_data.py:117} INFO - Table emp_inout_rec created (if it didn't exist).
[2025-03-30T11:16:11.369+0000] {inout_data.py:78} INFO - MariaDB connection closed.
[2025-03-30T11:16:11.372+0000] {python.py:202} INFO - Done. Returned value was: None
[2025-03-30T11:16:11.381+0000] {taskinstance.py:1149} INFO - Marking task as SUCCESS. dag_id=inout_data_ingestion, task_id=create_table, execution_date=20240930T120000, start_date=20250330T111611, end_date=20250330T111611
[2025-03-30T11:16:11.431+0000] {local_task_job_runner.py:234} INFO - Task exited with return code 0
[2025-03-30T11:16:11.524+0000] {taskinstance.py:3309} INFO - 1 downstream tasks scheduled from follow-on schedule check
[2025-03-30T11:28:41.668+0000] {taskinstance.py:1979} INFO - Dependencies all met for dep_context=non-requeueable deps ti=<TaskInstance: inout_data_ingestion.create_table scheduled__2024-09-30T12:00:00+00:00 [queued]>
[2025-03-30T11:28:41.764+0000] {taskinstance.py:1979} INFO - Dependencies all met for dep_context=requeueable deps ti=<TaskInstance: inout_data_ingestion.create_table scheduled__2024-09-30T12:00:00+00:00 [queued]>
[2025-03-30T11:28:41.783+0000] {taskinstance.py:2193} INFO - Starting attempt 1 of 2
[2025-03-30T11:28:41.883+0000] {taskinstance.py:2214} INFO - Executing <Task(PythonOperator): create_table> on 2024-09-30 12:00:00+00:00
[2025-03-30T11:28:41.908+0000] {standard_task_runner.py:60} INFO - Started process 4157 to run task
[2025-03-30T11:28:41.941+0000] {standard_task_runner.py:87} INFO - Running: ['***', 'tasks', 'run', 'inout_data_ingestion', 'create_table', 'scheduled__2024-09-30T12:00:00+00:00', '--job-id', '2052', '--raw', '--subdir', 'DAGS_FOLDER/inout_data.py', '--cfg-path', '/tmp/tmpudb1d3iy']
[2025-03-30T11:28:41.946+0000] {standard_task_runner.py:88} INFO - Job 2052: Subtask create_table
[2025-03-30T11:28:41.985+0000] {warnings.py:109} WARNING - /home/***/.local/lib/python3.8/site-packages/***/settings.py:194: DeprecationWarning: The sql_alchemy_conn option in [core] has been moved to the sql_alchemy_conn option in [database] - the old setting has been used, but please update your config.
  SQL_ALCHEMY_CONN = conf.get("database", "SQL_ALCHEMY_CONN")

[2025-03-30T11:28:42.074+0000] {task_command.py:423} INFO - Running <TaskInstance: inout_data_ingestion.create_table scheduled__2024-09-30T12:00:00+00:00 [running]> on host ff9d64b065e6
[2025-03-30T11:28:42.241+0000] {taskinstance.py:2510} INFO - Exporting env vars: AIRFLOW_CTX_DAG_OWNER='***' AIRFLOW_CTX_DAG_ID='inout_data_ingestion' AIRFLOW_CTX_TASK_ID='create_table' AIRFLOW_CTX_EXECUTION_DATE='2024-09-30T12:00:00+00:00' AIRFLOW_CTX_TRY_NUMBER='1' AIRFLOW_CTX_DAG_RUN_ID='scheduled__2024-09-30T12:00:00+00:00'
[2025-03-30T11:28:42.441+0000] {logging_mixin.py:188} INFO - Successfully connected to MariaDB: INOUT on mariadb:3306
[2025-03-30T11:28:42.453+0000] {inout_data.py:46} INFO - Table emp_inout_rec created (if it didn't exist).
[2025-03-30T11:28:42.456+0000] {logging_mixin.py:188} INFO - MariaDB connection closed.
[2025-03-30T11:28:42.464+0000] {python.py:202} INFO - Done. Returned value was: None
[2025-03-30T11:28:42.575+0000] {taskinstance.py:1149} INFO - Marking task as SUCCESS. dag_id=inout_data_ingestion, task_id=create_table, execution_date=20240930T120000, start_date=20250330T112841, end_date=20250330T112842
[2025-03-30T11:28:42.880+0000] {local_task_job_runner.py:234} INFO - Task exited with return code 0
[2025-03-30T11:28:43.016+0000] {taskinstance.py:3309} INFO - 1 downstream tasks scheduled from follow-on schedule check
[2025-03-30T11:33:21.272+0000] {taskinstance.py:1979} INFO - Dependencies all met for dep_context=non-requeueable deps ti=<TaskInstance: inout_data_ingestion.create_table scheduled__2024-09-30T12:00:00+00:00 [queued]>
[2025-03-30T11:33:21.286+0000] {taskinstance.py:1979} INFO - Dependencies all met for dep_context=requeueable deps ti=<TaskInstance: inout_data_ingestion.create_table scheduled__2024-09-30T12:00:00+00:00 [queued]>
[2025-03-30T11:33:21.286+0000] {taskinstance.py:2193} INFO - Starting attempt 1 of 2
[2025-03-30T11:33:21.306+0000] {taskinstance.py:2214} INFO - Executing <Task(PythonOperator): create_table> on 2024-09-30 12:00:00+00:00
[2025-03-30T11:33:21.311+0000] {standard_task_runner.py:60} INFO - Started process 5615 to run task
[2025-03-30T11:33:21.323+0000] {standard_task_runner.py:87} INFO - Running: ['***', 'tasks', 'run', 'inout_data_ingestion', 'create_table', 'scheduled__2024-09-30T12:00:00+00:00', '--job-id', '2782', '--raw', '--subdir', 'DAGS_FOLDER/inout_data.py', '--cfg-path', '/tmp/tmp6b4wj5h3']
[2025-03-30T11:33:21.325+0000] {standard_task_runner.py:88} INFO - Job 2782: Subtask create_table
[2025-03-30T11:33:21.339+0000] {warnings.py:109} WARNING - /home/***/.local/lib/python3.8/site-packages/***/settings.py:194: DeprecationWarning: The sql_alchemy_conn option in [core] has been moved to the sql_alchemy_conn option in [database] - the old setting has been used, but please update your config.
  SQL_ALCHEMY_CONN = conf.get("database", "SQL_ALCHEMY_CONN")

[2025-03-30T11:33:21.376+0000] {task_command.py:423} INFO - Running <TaskInstance: inout_data_ingestion.create_table scheduled__2024-09-30T12:00:00+00:00 [running]> on host ff9d64b065e6
[2025-03-30T11:33:21.461+0000] {taskinstance.py:2510} INFO - Exporting env vars: AIRFLOW_CTX_DAG_OWNER='***' AIRFLOW_CTX_DAG_ID='inout_data_ingestion' AIRFLOW_CTX_TASK_ID='create_table' AIRFLOW_CTX_EXECUTION_DATE='2024-09-30T12:00:00+00:00' AIRFLOW_CTX_TRY_NUMBER='1' AIRFLOW_CTX_DAG_RUN_ID='scheduled__2024-09-30T12:00:00+00:00'
[2025-03-30T11:33:21.464+0000] {logging_mixin.py:188} INFO - Successfully connected to MariaDB: INOUT on mariadb:3306
[2025-03-30T11:33:21.465+0000] {inout_data.py:46} INFO - Table emp_inout_rec created (if it didn't exist).
[2025-03-30T11:33:21.466+0000] {logging_mixin.py:188} INFO - MariaDB connection closed.
[2025-03-30T11:33:21.466+0000] {python.py:202} INFO - Done. Returned value was: None
[2025-03-30T11:33:21.472+0000] {taskinstance.py:1149} INFO - Marking task as SUCCESS. dag_id=inout_data_ingestion, task_id=create_table, execution_date=20240930T120000, start_date=20250330T113321, end_date=20250330T113321
[2025-03-30T11:33:21.502+0000] {local_task_job_runner.py:234} INFO - Task exited with return code 0
[2025-03-30T11:33:21.523+0000] {taskinstance.py:3309} INFO - 1 downstream tasks scheduled from follow-on schedule check
[2025-03-30T11:38:56.684+0000] {taskinstance.py:1979} INFO - Dependencies all met for dep_context=non-requeueable deps ti=<TaskInstance: inout_data_ingestion.create_table scheduled__2024-09-30T12:00:00+00:00 [queued]>
[2025-03-30T11:38:56.704+0000] {taskinstance.py:1979} INFO - Dependencies all met for dep_context=requeueable deps ti=<TaskInstance: inout_data_ingestion.create_table scheduled__2024-09-30T12:00:00+00:00 [queued]>
[2025-03-30T11:38:56.706+0000] {taskinstance.py:2193} INFO - Starting attempt 1 of 2
[2025-03-30T11:38:56.745+0000] {taskinstance.py:2214} INFO - Executing <Task(PythonOperator): create_table> on 2024-09-30 12:00:00+00:00
[2025-03-30T11:38:56.749+0000] {standard_task_runner.py:60} INFO - Started process 6514 to run task
[2025-03-30T11:38:56.765+0000] {standard_task_runner.py:87} INFO - Running: ['***', 'tasks', 'run', 'inout_data_ingestion', 'create_table', 'scheduled__2024-09-30T12:00:00+00:00', '--job-id', '3231', '--raw', '--subdir', 'DAGS_FOLDER/inout_data.py', '--cfg-path', '/tmp/tmp935htj9j']
[2025-03-30T11:38:56.769+0000] {standard_task_runner.py:88} INFO - Job 3231: Subtask create_table
[2025-03-30T11:38:56.784+0000] {warnings.py:109} WARNING - /home/***/.local/lib/python3.8/site-packages/***/settings.py:194: DeprecationWarning: The sql_alchemy_conn option in [core] has been moved to the sql_alchemy_conn option in [database] - the old setting has been used, but please update your config.
  SQL_ALCHEMY_CONN = conf.get("database", "SQL_ALCHEMY_CONN")

[2025-03-30T11:38:56.842+0000] {task_command.py:423} INFO - Running <TaskInstance: inout_data_ingestion.create_table scheduled__2024-09-30T12:00:00+00:00 [running]> on host ff9d64b065e6
[2025-03-30T11:38:56.934+0000] {taskinstance.py:2510} INFO - Exporting env vars: AIRFLOW_CTX_DAG_OWNER='***' AIRFLOW_CTX_DAG_ID='inout_data_ingestion' AIRFLOW_CTX_TASK_ID='create_table' AIRFLOW_CTX_EXECUTION_DATE='2024-09-30T12:00:00+00:00' AIRFLOW_CTX_TRY_NUMBER='1' AIRFLOW_CTX_DAG_RUN_ID='scheduled__2024-09-30T12:00:00+00:00'
[2025-03-30T11:38:56.940+0000] {logging_mixin.py:188} INFO - Successfully connected to MariaDB: INOUT on mariadb:3306
[2025-03-30T11:38:56.941+0000] {inout_data.py:46} INFO - Table emp_inout_rec created (if it didn't exist).
[2025-03-30T11:38:56.942+0000] {logging_mixin.py:188} INFO - MariaDB connection closed.
[2025-03-30T11:38:56.943+0000] {python.py:202} INFO - Done. Returned value was: None
[2025-03-30T11:38:56.964+0000] {taskinstance.py:1149} INFO - Marking task as SUCCESS. dag_id=inout_data_ingestion, task_id=create_table, execution_date=20240930T120000, start_date=20250330T113856, end_date=20250330T113856
[2025-03-30T11:38:57.026+0000] {local_task_job_runner.py:234} INFO - Task exited with return code 0
[2025-03-30T11:38:57.134+0000] {taskinstance.py:3309} INFO - 1 downstream tasks scheduled from follow-on schedule check
[2025-03-30T11:40:58.472+0000] {taskinstance.py:1979} INFO - Dependencies all met for dep_context=non-requeueable deps ti=<TaskInstance: inout_data_ingestion.create_table scheduled__2024-09-30T12:00:00+00:00 [queued]>
[2025-03-30T11:40:58.487+0000] {taskinstance.py:1979} INFO - Dependencies all met for dep_context=requeueable deps ti=<TaskInstance: inout_data_ingestion.create_table scheduled__2024-09-30T12:00:00+00:00 [queued]>
[2025-03-30T11:40:58.488+0000] {taskinstance.py:2193} INFO - Starting attempt 1 of 2
[2025-03-30T11:40:58.504+0000] {taskinstance.py:2214} INFO - Executing <Task(PythonOperator): create_table> on 2024-09-30 12:00:00+00:00
[2025-03-30T11:40:58.508+0000] {standard_task_runner.py:60} INFO - Started process 6955 to run task
[2025-03-30T11:40:58.512+0000] {standard_task_runner.py:87} INFO - Running: ['***', 'tasks', 'run', 'inout_data_ingestion', 'create_table', 'scheduled__2024-09-30T12:00:00+00:00', '--job-id', '3452', '--raw', '--subdir', 'DAGS_FOLDER/inout_data.py', '--cfg-path', '/tmp/tmpqd4wm7g1']
[2025-03-30T11:40:58.514+0000] {standard_task_runner.py:88} INFO - Job 3452: Subtask create_table
[2025-03-30T11:40:58.539+0000] {warnings.py:109} WARNING - /home/***/.local/lib/python3.8/site-packages/***/settings.py:194: DeprecationWarning: The sql_alchemy_conn option in [core] has been moved to the sql_alchemy_conn option in [database] - the old setting has been used, but please update your config.
  SQL_ALCHEMY_CONN = conf.get("database", "SQL_ALCHEMY_CONN")

[2025-03-30T11:40:58.581+0000] {task_command.py:423} INFO - Running <TaskInstance: inout_data_ingestion.create_table scheduled__2024-09-30T12:00:00+00:00 [running]> on host ff9d64b065e6
[2025-03-30T11:40:58.682+0000] {taskinstance.py:2510} INFO - Exporting env vars: AIRFLOW_CTX_DAG_OWNER='***' AIRFLOW_CTX_DAG_ID='inout_data_ingestion' AIRFLOW_CTX_TASK_ID='create_table' AIRFLOW_CTX_EXECUTION_DATE='2024-09-30T12:00:00+00:00' AIRFLOW_CTX_TRY_NUMBER='1' AIRFLOW_CTX_DAG_RUN_ID='scheduled__2024-09-30T12:00:00+00:00'
[2025-03-30T11:40:58.684+0000] {logging_mixin.py:188} INFO - Successfully connected to MariaDB: INOUT on mariadb:3306
[2025-03-30T11:40:58.685+0000] {inout_data.py:46} INFO - Table emp_inout_rec created (if it didn't exist).
[2025-03-30T11:40:58.686+0000] {logging_mixin.py:188} INFO - MariaDB connection closed.
[2025-03-30T11:40:58.686+0000] {python.py:202} INFO - Done. Returned value was: None
[2025-03-30T11:40:58.701+0000] {taskinstance.py:1149} INFO - Marking task as SUCCESS. dag_id=inout_data_ingestion, task_id=create_table, execution_date=20240930T120000, start_date=20250330T114058, end_date=20250330T114058
[2025-03-30T11:40:58.736+0000] {local_task_job_runner.py:234} INFO - Task exited with return code 0
[2025-03-30T11:40:58.757+0000] {taskinstance.py:3309} INFO - 1 downstream tasks scheduled from follow-on schedule check
