[2025-03-30T11:09:15.647+0000] {taskinstance.py:1979} INFO - Dependencies all met for dep_context=non-requeueable deps ti=<TaskInstance: inout_data_ingestion.ingest_dummy_data scheduled__2024-09-29T23:00:00+00:00 [queued]>
[2025-03-30T11:09:15.665+0000] {taskinstance.py:1979} INFO - Dependencies all met for dep_context=requeueable deps ti=<TaskInstance: inout_data_ingestion.ingest_dummy_data scheduled__2024-09-29T23:00:00+00:00 [queued]>
[2025-03-30T11:09:15.666+0000] {taskinstance.py:2193} INFO - Starting attempt 1 of 2
[2025-03-30T11:09:15.690+0000] {taskinstance.py:2214} INFO - Executing <Task(PythonOperator): ingest_dummy_data> on 2024-09-29 23:00:00+00:00
[2025-03-30T11:09:15.697+0000] {standard_task_runner.py:60} INFO - Started process 286 to run task
[2025-03-30T11:09:15.700+0000] {standard_task_runner.py:87} INFO - Running: ['***', 'tasks', 'run', 'inout_data_ingestion', 'ingest_dummy_data', 'scheduled__2024-09-29T23:00:00+00:00', '--job-id', '118', '--raw', '--subdir', 'DAGS_FOLDER/inout_data.py', '--cfg-path', '/tmp/tmpq59111ae']
[2025-03-30T11:09:15.702+0000] {standard_task_runner.py:88} INFO - Job 118: Subtask ingest_dummy_data
[2025-03-30T11:09:15.717+0000] {warnings.py:109} WARNING - /home/***/.local/lib/python3.8/site-packages/***/settings.py:194: DeprecationWarning: The sql_alchemy_conn option in [core] has been moved to the sql_alchemy_conn option in [database] - the old setting has been used, but please update your config.
  SQL_ALCHEMY_CONN = conf.get("database", "SQL_ALCHEMY_CONN")

[2025-03-30T11:09:15.765+0000] {task_command.py:423} INFO - Running <TaskInstance: inout_data_ingestion.ingest_dummy_data scheduled__2024-09-29T23:00:00+00:00 [running]> on host ff9d64b065e6
[2025-03-30T11:09:15.882+0000] {taskinstance.py:2510} INFO - Exporting env vars: AIRFLOW_CTX_DAG_OWNER='***' AIRFLOW_CTX_DAG_ID='inout_data_ingestion' AIRFLOW_CTX_TASK_ID='ingest_dummy_data' AIRFLOW_CTX_EXECUTION_DATE='2024-09-29T23:00:00+00:00' AIRFLOW_CTX_TRY_NUMBER='1' AIRFLOW_CTX_DAG_RUN_ID='scheduled__2024-09-29T23:00:00+00:00'
[2025-03-30T11:09:15.885+0000] {inout_data.py:42} INFO - Successfully connected to MariaDB: INOUT on mariadb:3306
[2025-03-30T11:09:15.889+0000] {inout_data.py:63} ERROR - Error executing query: (1062, "Duplicate entry '2025-03-30 11:09:15-7711' for key 'PRIMARY'")
[2025-03-30T11:09:15.890+0000] {inout_data.py:63} ERROR - Error executing query: (1062, "Duplicate entry '2025-03-30 11:09:15-7711' for key 'PRIMARY'")
[2025-03-30T11:09:15.894+0000] {inout_data.py:63} ERROR - Error executing query: (1062, "Duplicate entry '2025-03-30 11:09:15-7711' for key 'PRIMARY'")
[2025-03-30T11:09:15.894+0000] {inout_data.py:63} ERROR - Error executing query: (1062, "Duplicate entry '2025-03-30 11:09:15-7711' for key 'PRIMARY'")
[2025-03-30T11:09:15.895+0000] {inout_data.py:63} ERROR - Error executing query: (1062, "Duplicate entry '2025-03-30 11:09:15-7711' for key 'PRIMARY'")
[2025-03-30T11:09:15.896+0000] {inout_data.py:63} ERROR - Error executing query: (1062, "Duplicate entry '2025-03-30 11:09:15-7711' for key 'PRIMARY'")
[2025-03-30T11:09:15.896+0000] {inout_data.py:63} ERROR - Error executing query: (1062, "Duplicate entry '2025-03-30 11:09:15-7711' for key 'PRIMARY'")
[2025-03-30T11:09:15.896+0000] {inout_data.py:159} INFO - Ingested 8 rows of dummy data.
[2025-03-30T11:09:15.896+0000] {inout_data.py:78} INFO - MariaDB connection closed.
[2025-03-30T11:09:15.897+0000] {python.py:202} INFO - Done. Returned value was: None
[2025-03-30T11:09:15.904+0000] {taskinstance.py:1149} INFO - Marking task as SUCCESS. dag_id=inout_data_ingestion, task_id=ingest_dummy_data, execution_date=20240929T230000, start_date=20250330T110915, end_date=20250330T110915
[2025-03-30T11:09:15.927+0000] {local_task_job_runner.py:234} INFO - Task exited with return code 0
[2025-03-30T11:09:15.943+0000] {taskinstance.py:3309} INFO - 0 downstream tasks scheduled from follow-on schedule check
[2025-03-30T11:15:56.687+0000] {taskinstance.py:1979} INFO - Dependencies all met for dep_context=non-requeueable deps ti=<TaskInstance: inout_data_ingestion.ingest_dummy_data scheduled__2024-09-29T23:00:00+00:00 [queued]>
[2025-03-30T11:15:56.710+0000] {taskinstance.py:1979} INFO - Dependencies all met for dep_context=requeueable deps ti=<TaskInstance: inout_data_ingestion.ingest_dummy_data scheduled__2024-09-29T23:00:00+00:00 [queued]>
[2025-03-30T11:15:56.714+0000] {taskinstance.py:2193} INFO - Starting attempt 1 of 2
[2025-03-30T11:15:56.736+0000] {taskinstance.py:2214} INFO - Executing <Task(PythonOperator): ingest_dummy_data> on 2024-09-29 23:00:00+00:00
[2025-03-30T11:15:56.747+0000] {standard_task_runner.py:60} INFO - Started process 2151 to run task
[2025-03-30T11:15:56.761+0000] {standard_task_runner.py:87} INFO - Running: ['***', 'tasks', 'run', 'inout_data_ingestion', 'ingest_dummy_data', 'scheduled__2024-09-29T23:00:00+00:00', '--job-id', '1050', '--raw', '--subdir', 'DAGS_FOLDER/inout_data.py', '--cfg-path', '/tmp/tmpm0uwhx9d']
[2025-03-30T11:15:56.768+0000] {standard_task_runner.py:88} INFO - Job 1050: Subtask ingest_dummy_data
[2025-03-30T11:15:56.793+0000] {warnings.py:109} WARNING - /home/***/.local/lib/python3.8/site-packages/***/settings.py:194: DeprecationWarning: The sql_alchemy_conn option in [core] has been moved to the sql_alchemy_conn option in [database] - the old setting has been used, but please update your config.
  SQL_ALCHEMY_CONN = conf.get("database", "SQL_ALCHEMY_CONN")

[2025-03-30T11:15:56.840+0000] {task_command.py:423} INFO - Running <TaskInstance: inout_data_ingestion.ingest_dummy_data scheduled__2024-09-29T23:00:00+00:00 [running]> on host ff9d64b065e6
[2025-03-30T11:15:56.924+0000] {taskinstance.py:2510} INFO - Exporting env vars: AIRFLOW_CTX_DAG_OWNER='***' AIRFLOW_CTX_DAG_ID='inout_data_ingestion' AIRFLOW_CTX_TASK_ID='ingest_dummy_data' AIRFLOW_CTX_EXECUTION_DATE='2024-09-29T23:00:00+00:00' AIRFLOW_CTX_TRY_NUMBER='1' AIRFLOW_CTX_DAG_RUN_ID='scheduled__2024-09-29T23:00:00+00:00'
[2025-03-30T11:15:56.935+0000] {inout_data.py:42} INFO - Successfully connected to MariaDB: INOUT on mariadb:3306
[2025-03-30T11:15:56.938+0000] {inout_data.py:63} ERROR - Error executing query: (1062, "Duplicate entry '2025-03-30 11:15:56-9846' for key 'PRIMARY'")
[2025-03-30T11:15:56.939+0000] {inout_data.py:63} ERROR - Error executing query: (1062, "Duplicate entry '2025-03-30 11:15:56-9846' for key 'PRIMARY'")
[2025-03-30T11:15:56.940+0000] {inout_data.py:63} ERROR - Error executing query: (1062, "Duplicate entry '2025-03-30 11:15:56-9846' for key 'PRIMARY'")
[2025-03-30T11:15:56.941+0000] {inout_data.py:63} ERROR - Error executing query: (1062, "Duplicate entry '2025-03-30 11:15:56-9846' for key 'PRIMARY'")
[2025-03-30T11:15:56.943+0000] {inout_data.py:63} ERROR - Error executing query: (1062, "Duplicate entry '2025-03-30 11:15:56-9846' for key 'PRIMARY'")
[2025-03-30T11:15:56.943+0000] {inout_data.py:63} ERROR - Error executing query: (1062, "Duplicate entry '2025-03-30 11:15:56-9846' for key 'PRIMARY'")
[2025-03-30T11:15:56.947+0000] {inout_data.py:63} ERROR - Error executing query: (1062, "Duplicate entry '2025-03-30 11:15:56-9846' for key 'PRIMARY'")
[2025-03-30T11:15:56.948+0000] {inout_data.py:63} ERROR - Error executing query: (1062, "Duplicate entry '2025-03-30 11:15:56-9846' for key 'PRIMARY'")
[2025-03-30T11:15:56.950+0000] {inout_data.py:63} ERROR - Error executing query: (1062, "Duplicate entry '2025-03-30 11:15:56-9846' for key 'PRIMARY'")
[2025-03-30T11:15:56.950+0000] {inout_data.py:63} ERROR - Error executing query: (1062, "Duplicate entry '2025-03-30 11:15:56-9846' for key 'PRIMARY'")
[2025-03-30T11:15:56.952+0000] {inout_data.py:63} ERROR - Error executing query: (1062, "Duplicate entry '2025-03-30 11:15:56-9846' for key 'PRIMARY'")
[2025-03-30T11:15:56.953+0000] {inout_data.py:63} ERROR - Error executing query: (1062, "Duplicate entry '2025-03-30 11:15:56-9846' for key 'PRIMARY'")
[2025-03-30T11:15:56.953+0000] {inout_data.py:63} ERROR - Error executing query: (1062, "Duplicate entry '2025-03-30 11:15:56-9846' for key 'PRIMARY'")
[2025-03-30T11:15:56.954+0000] {inout_data.py:63} ERROR - Error executing query: (1062, "Duplicate entry '2025-03-30 11:15:56-9846' for key 'PRIMARY'")
[2025-03-30T11:15:56.958+0000] {inout_data.py:152} INFO - Ingested 15 rows of dummy data.
[2025-03-30T11:15:56.958+0000] {inout_data.py:78} INFO - MariaDB connection closed.
[2025-03-30T11:15:56.958+0000] {python.py:202} INFO - Done. Returned value was: None
[2025-03-30T11:15:56.969+0000] {taskinstance.py:1149} INFO - Marking task as SUCCESS. dag_id=inout_data_ingestion, task_id=ingest_dummy_data, execution_date=20240929T230000, start_date=20250330T111556, end_date=20250330T111556
[2025-03-30T11:15:57.016+0000] {local_task_job_runner.py:234} INFO - Task exited with return code 0
[2025-03-30T11:15:57.038+0000] {taskinstance.py:3309} INFO - 0 downstream tasks scheduled from follow-on schedule check
[2025-03-30T11:28:29.045+0000] {taskinstance.py:1979} INFO - Dependencies all met for dep_context=non-requeueable deps ti=<TaskInstance: inout_data_ingestion.ingest_dummy_data scheduled__2024-09-29T23:00:00+00:00 [queued]>
[2025-03-30T11:28:29.066+0000] {taskinstance.py:1979} INFO - Dependencies all met for dep_context=requeueable deps ti=<TaskInstance: inout_data_ingestion.ingest_dummy_data scheduled__2024-09-29T23:00:00+00:00 [queued]>
[2025-03-30T11:28:29.066+0000] {taskinstance.py:2193} INFO - Starting attempt 1 of 2
[2025-03-30T11:28:29.079+0000] {taskinstance.py:2214} INFO - Executing <Task(PythonOperator): ingest_dummy_data> on 2024-09-29 23:00:00+00:00
[2025-03-30T11:28:29.090+0000] {standard_task_runner.py:60} INFO - Started process 4071 to run task
[2025-03-30T11:28:29.095+0000] {standard_task_runner.py:87} INFO - Running: ['***', 'tasks', 'run', 'inout_data_ingestion', 'ingest_dummy_data', 'scheduled__2024-09-29T23:00:00+00:00', '--job-id', '2009', '--raw', '--subdir', 'DAGS_FOLDER/inout_data.py', '--cfg-path', '/tmp/tmpohwlr6a6']
[2025-03-30T11:28:29.096+0000] {standard_task_runner.py:88} INFO - Job 2009: Subtask ingest_dummy_data
[2025-03-30T11:28:29.111+0000] {warnings.py:109} WARNING - /home/***/.local/lib/python3.8/site-packages/***/settings.py:194: DeprecationWarning: The sql_alchemy_conn option in [core] has been moved to the sql_alchemy_conn option in [database] - the old setting has been used, but please update your config.
  SQL_ALCHEMY_CONN = conf.get("database", "SQL_ALCHEMY_CONN")

[2025-03-30T11:28:29.145+0000] {task_command.py:423} INFO - Running <TaskInstance: inout_data_ingestion.ingest_dummy_data scheduled__2024-09-29T23:00:00+00:00 [running]> on host ff9d64b065e6
[2025-03-30T11:28:29.217+0000] {taskinstance.py:2510} INFO - Exporting env vars: AIRFLOW_CTX_DAG_OWNER='***' AIRFLOW_CTX_DAG_ID='inout_data_ingestion' AIRFLOW_CTX_TASK_ID='ingest_dummy_data' AIRFLOW_CTX_EXECUTION_DATE='2024-09-29T23:00:00+00:00' AIRFLOW_CTX_TRY_NUMBER='1' AIRFLOW_CTX_DAG_RUN_ID='scheduled__2024-09-29T23:00:00+00:00'
[2025-03-30T11:28:29.225+0000] {logging_mixin.py:188} INFO - Successfully connected to MariaDB: INOUT on mariadb:3306
[2025-03-30T11:28:29.226+0000] {logging_mixin.py:188} INFO - General error executing query: not all arguments converted during string formatting
[2025-03-30T11:28:29.228+0000] {logging_mixin.py:188} INFO - General error executing query: not all arguments converted during string formatting
[2025-03-30T11:28:29.228+0000] {logging_mixin.py:188} INFO - General error executing query: not all arguments converted during string formatting
[2025-03-30T11:28:29.230+0000] {logging_mixin.py:188} INFO - General error executing query: not all arguments converted during string formatting
[2025-03-30T11:28:29.232+0000] {logging_mixin.py:188} INFO - General error executing query: not all arguments converted during string formatting
[2025-03-30T11:28:29.233+0000] {logging_mixin.py:188} INFO - General error executing query: not all arguments converted during string formatting
[2025-03-30T11:28:29.234+0000] {logging_mixin.py:188} INFO - General error executing query: not all arguments converted during string formatting
[2025-03-30T11:28:29.235+0000] {logging_mixin.py:188} INFO - General error executing query: not all arguments converted during string formatting
[2025-03-30T11:28:29.237+0000] {logging_mixin.py:188} INFO - General error executing query: not all arguments converted during string formatting
[2025-03-30T11:28:29.238+0000] {logging_mixin.py:188} INFO - General error executing query: not all arguments converted during string formatting
[2025-03-30T11:28:29.239+0000] {logging_mixin.py:188} INFO - General error executing query: not all arguments converted during string formatting
[2025-03-30T11:28:29.240+0000] {logging_mixin.py:188} INFO - General error executing query: not all arguments converted during string formatting
[2025-03-30T11:28:29.241+0000] {inout_data.py:87} INFO - Ingested 12 rows of dummy data for 2024-09-29 23:00:00+00:00.
[2025-03-30T11:28:29.242+0000] {logging_mixin.py:188} INFO - MariaDB connection closed.
[2025-03-30T11:28:29.243+0000] {python.py:202} INFO - Done. Returned value was: None
[2025-03-30T11:28:29.254+0000] {taskinstance.py:1149} INFO - Marking task as SUCCESS. dag_id=inout_data_ingestion, task_id=ingest_dummy_data, execution_date=20240929T230000, start_date=20250330T112829, end_date=20250330T112829
[2025-03-30T11:28:29.317+0000] {local_task_job_runner.py:234} INFO - Task exited with return code 0
[2025-03-30T11:28:29.347+0000] {taskinstance.py:3309} INFO - 0 downstream tasks scheduled from follow-on schedule check
[2025-03-30T11:33:08.272+0000] {taskinstance.py:1979} INFO - Dependencies all met for dep_context=non-requeueable deps ti=<TaskInstance: inout_data_ingestion.ingest_dummy_data scheduled__2024-09-29T23:00:00+00:00 [queued]>
[2025-03-30T11:33:08.281+0000] {taskinstance.py:1979} INFO - Dependencies all met for dep_context=requeueable deps ti=<TaskInstance: inout_data_ingestion.ingest_dummy_data scheduled__2024-09-29T23:00:00+00:00 [queued]>
[2025-03-30T11:33:08.282+0000] {taskinstance.py:2193} INFO - Starting attempt 1 of 2
[2025-03-30T11:33:08.305+0000] {taskinstance.py:2214} INFO - Executing <Task(PythonOperator): ingest_dummy_data> on 2024-09-29 23:00:00+00:00
[2025-03-30T11:33:08.311+0000] {standard_task_runner.py:60} INFO - Started process 5525 to run task
[2025-03-30T11:33:08.314+0000] {standard_task_runner.py:87} INFO - Running: ['***', 'tasks', 'run', 'inout_data_ingestion', 'ingest_dummy_data', 'scheduled__2024-09-29T23:00:00+00:00', '--job-id', '2736', '--raw', '--subdir', 'DAGS_FOLDER/inout_data.py', '--cfg-path', '/tmp/tmp2ehpn4my']
[2025-03-30T11:33:08.319+0000] {standard_task_runner.py:88} INFO - Job 2736: Subtask ingest_dummy_data
[2025-03-30T11:33:08.335+0000] {warnings.py:109} WARNING - /home/***/.local/lib/python3.8/site-packages/***/settings.py:194: DeprecationWarning: The sql_alchemy_conn option in [core] has been moved to the sql_alchemy_conn option in [database] - the old setting has been used, but please update your config.
  SQL_ALCHEMY_CONN = conf.get("database", "SQL_ALCHEMY_CONN")

[2025-03-30T11:33:08.377+0000] {task_command.py:423} INFO - Running <TaskInstance: inout_data_ingestion.ingest_dummy_data scheduled__2024-09-29T23:00:00+00:00 [running]> on host ff9d64b065e6
[2025-03-30T11:33:08.485+0000] {taskinstance.py:2510} INFO - Exporting env vars: AIRFLOW_CTX_DAG_OWNER='***' AIRFLOW_CTX_DAG_ID='inout_data_ingestion' AIRFLOW_CTX_TASK_ID='ingest_dummy_data' AIRFLOW_CTX_EXECUTION_DATE='2024-09-29T23:00:00+00:00' AIRFLOW_CTX_TRY_NUMBER='1' AIRFLOW_CTX_DAG_RUN_ID='scheduled__2024-09-29T23:00:00+00:00'
[2025-03-30T11:33:08.493+0000] {logging_mixin.py:188} INFO - Successfully connected to MariaDB: INOUT on mariadb:3306
[2025-03-30T11:33:08.495+0000] {inout_data.py:83} INFO - {'ingested_time': datetime.datetime(2025, 3, 30, 11, 33, 8, 495329), 'timestamp': datetime.datetime(2024, 9, 29, 23, 25, tzinfo=datetime.timezone.utc), 'emp_id': 2768, 'employee_name': 'Employee13', 'factory': 'FactoryB', 'in_out': 'IN', 'entrance': 'Side', 'door_number': '8', 'function': 'IT', 'division': 'AAPD', 'department': 'CAPD', 'section': '2'}
[2025-03-30T11:33:08.495+0000] {logging_mixin.py:188} INFO - General error executing query: not all arguments converted during string formatting
[2025-03-30T11:33:08.496+0000] {inout_data.py:83} INFO - {'ingested_time': datetime.datetime(2025, 3, 30, 11, 33, 8, 496221), 'timestamp': datetime.datetime(2024, 9, 29, 23, 28, tzinfo=datetime.timezone.utc), 'emp_id': 1809, 'employee_name': 'Employee37', 'factory': 'FactoryA', 'in_out': 'OUT', 'entrance': 'Main', 'door_number': '6', 'function': 'IT', 'division': 'AAPD', 'department': 'CAPD', 'section': '1'}
[2025-03-30T11:33:08.496+0000] {logging_mixin.py:188} INFO - General error executing query: not all arguments converted during string formatting
[2025-03-30T11:33:08.497+0000] {inout_data.py:83} INFO - {'ingested_time': datetime.datetime(2025, 3, 30, 11, 33, 8, 497359), 'timestamp': datetime.datetime(2024, 9, 29, 23, 8, tzinfo=datetime.timezone.utc), 'emp_id': 7412, 'employee_name': 'Employee47', 'factory': 'FactoryB', 'in_out': 'IN', 'entrance': 'Main', 'door_number': '6', 'function': 'IT', 'division': 'AAPD', 'department': 'CAPD', 'section': '1'}
[2025-03-30T11:33:08.497+0000] {logging_mixin.py:188} INFO - General error executing query: not all arguments converted during string formatting
[2025-03-30T11:33:08.498+0000] {inout_data.py:83} INFO - {'ingested_time': datetime.datetime(2025, 3, 30, 11, 33, 8, 498373), 'timestamp': datetime.datetime(2024, 9, 29, 23, 20, tzinfo=datetime.timezone.utc), 'emp_id': 2842, 'employee_name': 'Employee52', 'factory': 'FactoryB', 'in_out': 'IN', 'entrance': 'Main', 'door_number': '10', 'function': 'IT', 'division': 'BSID', 'department': 'HRSD', 'section': '1'}
[2025-03-30T11:33:08.498+0000] {logging_mixin.py:188} INFO - General error executing query: not all arguments converted during string formatting
[2025-03-30T11:33:08.499+0000] {inout_data.py:83} INFO - {'ingested_time': datetime.datetime(2025, 3, 30, 11, 33, 8, 499719), 'timestamp': datetime.datetime(2024, 9, 29, 23, 22, tzinfo=datetime.timezone.utc), 'emp_id': 4428, 'employee_name': 'Employee72', 'factory': 'FactoryA', 'in_out': 'OUT', 'entrance': 'Side', 'door_number': '8', 'function': 'IT', 'division': 'AAPD', 'department': 'HRSD', 'section': '1'}
[2025-03-30T11:33:08.502+0000] {logging_mixin.py:188} INFO - General error executing query: not all arguments converted during string formatting
[2025-03-30T11:33:08.504+0000] {inout_data.py:83} INFO - {'ingested_time': datetime.datetime(2025, 3, 30, 11, 33, 8, 504692), 'timestamp': datetime.datetime(2024, 9, 29, 23, 22, tzinfo=datetime.timezone.utc), 'emp_id': 9596, 'employee_name': 'Employee86', 'factory': 'FactoryA', 'in_out': 'OUT', 'entrance': 'Side', 'door_number': '2', 'function': 'IT', 'division': 'BSID', 'department': 'ML', 'section': '2'}
[2025-03-30T11:33:08.508+0000] {logging_mixin.py:188} INFO - General error executing query: not all arguments converted during string formatting
[2025-03-30T11:33:08.510+0000] {inout_data.py:83} INFO - {'ingested_time': datetime.datetime(2025, 3, 30, 11, 33, 8, 510750), 'timestamp': datetime.datetime(2024, 9, 29, 23, 29, tzinfo=datetime.timezone.utc), 'emp_id': 9296, 'employee_name': 'Employee80', 'factory': 'FactoryA', 'in_out': 'OUT', 'entrance': 'Main', 'door_number': '3', 'function': 'IT', 'division': 'BSID', 'department': 'HRSD', 'section': '2'}
[2025-03-30T11:33:08.511+0000] {logging_mixin.py:188} INFO - General error executing query: not all arguments converted during string formatting
[2025-03-30T11:33:08.512+0000] {inout_data.py:83} INFO - {'ingested_time': datetime.datetime(2025, 3, 30, 11, 33, 8, 512347), 'timestamp': datetime.datetime(2024, 9, 29, 23, 1, tzinfo=datetime.timezone.utc), 'emp_id': 9539, 'employee_name': 'Employee88', 'factory': 'FactoryA', 'in_out': 'IN', 'entrance': 'Side', 'door_number': '6', 'function': 'IT', 'division': 'AAPD', 'department': 'CAPD', 'section': '1'}
[2025-03-30T11:33:08.513+0000] {logging_mixin.py:188} INFO - General error executing query: not all arguments converted during string formatting
[2025-03-30T11:33:08.515+0000] {inout_data.py:83} INFO - {'ingested_time': datetime.datetime(2025, 3, 30, 11, 33, 8, 515818), 'timestamp': datetime.datetime(2024, 9, 29, 23, 2, tzinfo=datetime.timezone.utc), 'emp_id': 7707, 'employee_name': 'Employee68', 'factory': 'FactoryB', 'in_out': 'OUT', 'entrance': 'Main', 'door_number': '8', 'function': 'IT', 'division': 'BSID', 'department': 'CAPD', 'section': '1'}
[2025-03-30T11:33:08.518+0000] {logging_mixin.py:188} INFO - General error executing query: not all arguments converted during string formatting
[2025-03-30T11:33:08.519+0000] {inout_data.py:83} INFO - {'ingested_time': datetime.datetime(2025, 3, 30, 11, 33, 8, 519644), 'timestamp': datetime.datetime(2024, 9, 29, 23, 23, tzinfo=datetime.timezone.utc), 'emp_id': 1905, 'employee_name': 'Employee78', 'factory': 'FactoryB', 'in_out': 'IN', 'entrance': 'Side', 'door_number': '9', 'function': 'IT', 'division': 'AAPD', 'department': 'CAPD', 'section': '2'}
[2025-03-30T11:33:08.521+0000] {logging_mixin.py:188} INFO - General error executing query: not all arguments converted during string formatting
[2025-03-30T11:33:08.522+0000] {inout_data.py:83} INFO - {'ingested_time': datetime.datetime(2025, 3, 30, 11, 33, 8, 522135), 'timestamp': datetime.datetime(2024, 9, 29, 23, 27, tzinfo=datetime.timezone.utc), 'emp_id': 9442, 'employee_name': 'Employee65', 'factory': 'FactoryA', 'in_out': 'IN', 'entrance': 'Side', 'door_number': '9', 'function': 'IT', 'division': 'BSID', 'department': 'ML', 'section': '2'}
[2025-03-30T11:33:08.522+0000] {logging_mixin.py:188} INFO - General error executing query: not all arguments converted during string formatting
[2025-03-30T11:33:08.522+0000] {inout_data.py:83} INFO - {'ingested_time': datetime.datetime(2025, 3, 30, 11, 33, 8, 522697), 'timestamp': datetime.datetime(2024, 9, 29, 23, 26, tzinfo=datetime.timezone.utc), 'emp_id': 9667, 'employee_name': 'Employee86', 'factory': 'FactoryB', 'in_out': 'OUT', 'entrance': 'Side', 'door_number': '1', 'function': 'IT', 'division': 'AAPD', 'department': 'CAPD', 'section': '1'}
[2025-03-30T11:33:08.523+0000] {logging_mixin.py:188} INFO - General error executing query: not all arguments converted during string formatting
[2025-03-30T11:33:08.524+0000] {inout_data.py:88} INFO - Ingested 12 rows of dummy data for 2024-09-29 23:00:00+00:00.
[2025-03-30T11:33:08.525+0000] {logging_mixin.py:188} INFO - MariaDB connection closed.
[2025-03-30T11:33:08.526+0000] {python.py:202} INFO - Done. Returned value was: None
[2025-03-30T11:33:08.542+0000] {taskinstance.py:1149} INFO - Marking task as SUCCESS. dag_id=inout_data_ingestion, task_id=ingest_dummy_data, execution_date=20240929T230000, start_date=20250330T113308, end_date=20250330T113308
[2025-03-30T11:33:08.584+0000] {local_task_job_runner.py:234} INFO - Task exited with return code 0
[2025-03-30T11:33:08.608+0000] {taskinstance.py:3309} INFO - 0 downstream tasks scheduled from follow-on schedule check
[2025-03-30T11:38:35.994+0000] {taskinstance.py:1979} INFO - Dependencies all met for dep_context=non-requeueable deps ti=<TaskInstance: inout_data_ingestion.ingest_dummy_data scheduled__2024-09-29T23:00:00+00:00 [queued]>
[2025-03-30T11:38:36.002+0000] {taskinstance.py:1979} INFO - Dependencies all met for dep_context=requeueable deps ti=<TaskInstance: inout_data_ingestion.ingest_dummy_data scheduled__2024-09-29T23:00:00+00:00 [queued]>
[2025-03-30T11:38:36.003+0000] {taskinstance.py:2193} INFO - Starting attempt 1 of 2
[2025-03-30T11:38:36.021+0000] {taskinstance.py:2214} INFO - Executing <Task(PythonOperator): ingest_dummy_data> on 2024-09-29 23:00:00+00:00
[2025-03-30T11:38:36.030+0000] {standard_task_runner.py:60} INFO - Started process 6417 to run task
[2025-03-30T11:38:36.043+0000] {standard_task_runner.py:87} INFO - Running: ['***', 'tasks', 'run', 'inout_data_ingestion', 'ingest_dummy_data', 'scheduled__2024-09-29T23:00:00+00:00', '--job-id', '3184', '--raw', '--subdir', 'DAGS_FOLDER/inout_data.py', '--cfg-path', '/tmp/tmplfmmiuzv']
[2025-03-30T11:38:36.047+0000] {standard_task_runner.py:88} INFO - Job 3184: Subtask ingest_dummy_data
[2025-03-30T11:38:36.075+0000] {warnings.py:109} WARNING - /home/***/.local/lib/python3.8/site-packages/***/settings.py:194: DeprecationWarning: The sql_alchemy_conn option in [core] has been moved to the sql_alchemy_conn option in [database] - the old setting has been used, but please update your config.
  SQL_ALCHEMY_CONN = conf.get("database", "SQL_ALCHEMY_CONN")

[2025-03-30T11:38:36.121+0000] {task_command.py:423} INFO - Running <TaskInstance: inout_data_ingestion.ingest_dummy_data scheduled__2024-09-29T23:00:00+00:00 [running]> on host ff9d64b065e6
[2025-03-30T11:38:36.198+0000] {taskinstance.py:2510} INFO - Exporting env vars: AIRFLOW_CTX_DAG_OWNER='***' AIRFLOW_CTX_DAG_ID='inout_data_ingestion' AIRFLOW_CTX_TASK_ID='ingest_dummy_data' AIRFLOW_CTX_EXECUTION_DATE='2024-09-29T23:00:00+00:00' AIRFLOW_CTX_TRY_NUMBER='1' AIRFLOW_CTX_DAG_RUN_ID='scheduled__2024-09-29T23:00:00+00:00'
[2025-03-30T11:38:36.206+0000] {logging_mixin.py:188} INFO - Successfully connected to MariaDB: INOUT on mariadb:3306
[2025-03-30T11:38:36.206+0000] {inout_data.py:83} INFO - {'ingested_time': datetime.datetime(2025, 3, 30, 11, 38, 36, 206548), 'timestamp': datetime.datetime(2024, 9, 29, 23, 19, tzinfo=datetime.timezone.utc), 'emp_id': 8498, 'employee_name': 'Employee72', 'factory': 'FactoryB', 'in_out': 'IN', 'entrance': 'Main', 'door_number': '5', 'function': 'IT', 'division': 'BSID', 'department': 'ML', 'section': '1'}
[2025-03-30T11:38:36.206+0000] {logging_mixin.py:188} INFO - General error executing query: not all arguments converted during string formatting
[2025-03-30T11:38:36.207+0000] {inout_data.py:83} INFO - {'ingested_time': datetime.datetime(2025, 3, 30, 11, 38, 36, 207262), 'timestamp': datetime.datetime(2024, 9, 29, 23, 21, tzinfo=datetime.timezone.utc), 'emp_id': 1854, 'employee_name': 'Employee53', 'factory': 'FactoryB', 'in_out': 'IN', 'entrance': 'Side', 'door_number': '9', 'function': 'IT', 'division': 'AAPD', 'department': 'HRSD', 'section': '2'}
[2025-03-30T11:38:36.207+0000] {logging_mixin.py:188} INFO - General error executing query: not all arguments converted during string formatting
[2025-03-30T11:38:36.207+0000] {inout_data.py:83} INFO - {'ingested_time': datetime.datetime(2025, 3, 30, 11, 38, 36, 207760), 'timestamp': datetime.datetime(2024, 9, 29, 23, 12, tzinfo=datetime.timezone.utc), 'emp_id': 1669, 'employee_name': 'Employee27', 'factory': 'FactoryB', 'in_out': 'OUT', 'entrance': 'Side', 'door_number': '6', 'function': 'IT', 'division': 'AAPD', 'department': 'ML', 'section': '2'}
[2025-03-30T11:38:36.208+0000] {logging_mixin.py:188} INFO - General error executing query: not all arguments converted during string formatting
[2025-03-30T11:38:36.208+0000] {inout_data.py:83} INFO - {'ingested_time': datetime.datetime(2025, 3, 30, 11, 38, 36, 208245), 'timestamp': datetime.datetime(2024, 9, 29, 23, 20, tzinfo=datetime.timezone.utc), 'emp_id': 8931, 'employee_name': 'Employee63', 'factory': 'FactoryB', 'in_out': 'OUT', 'entrance': 'Main', 'door_number': '8', 'function': 'IT', 'division': 'BSID', 'department': 'HRSD', 'section': '1'}
[2025-03-30T11:38:36.208+0000] {logging_mixin.py:188} INFO - General error executing query: not all arguments converted during string formatting
[2025-03-30T11:38:36.208+0000] {inout_data.py:83} INFO - {'ingested_time': datetime.datetime(2025, 3, 30, 11, 38, 36, 208769), 'timestamp': datetime.datetime(2024, 9, 29, 23, 9, tzinfo=datetime.timezone.utc), 'emp_id': 5320, 'employee_name': 'Employee39', 'factory': 'FactoryA', 'in_out': 'IN', 'entrance': 'Side', 'door_number': '9', 'function': 'IT', 'division': 'AAPD', 'department': 'CAPD', 'section': '1'}
[2025-03-30T11:38:36.209+0000] {logging_mixin.py:188} INFO - General error executing query: not all arguments converted during string formatting
[2025-03-30T11:38:36.209+0000] {inout_data.py:83} INFO - {'ingested_time': datetime.datetime(2025, 3, 30, 11, 38, 36, 209251), 'timestamp': datetime.datetime(2024, 9, 29, 23, 28, tzinfo=datetime.timezone.utc), 'emp_id': 3054, 'employee_name': 'Employee100', 'factory': 'FactoryB', 'in_out': 'OUT', 'entrance': 'Main', 'door_number': '1', 'function': 'IT', 'division': 'BSID', 'department': 'HRSD', 'section': '2'}
[2025-03-30T11:38:36.209+0000] {logging_mixin.py:188} INFO - General error executing query: not all arguments converted during string formatting
[2025-03-30T11:38:36.209+0000] {inout_data.py:83} INFO - {'ingested_time': datetime.datetime(2025, 3, 30, 11, 38, 36, 209794), 'timestamp': datetime.datetime(2024, 9, 29, 23, 27, tzinfo=datetime.timezone.utc), 'emp_id': 1165, 'employee_name': 'Employee6', 'factory': 'FactoryB', 'in_out': 'OUT', 'entrance': 'Side', 'door_number': '10', 'function': 'IT', 'division': 'AAPD', 'department': 'ML', 'section': '1'}
[2025-03-30T11:38:36.210+0000] {logging_mixin.py:188} INFO - General error executing query: not all arguments converted during string formatting
[2025-03-30T11:38:36.210+0000] {inout_data.py:83} INFO - {'ingested_time': datetime.datetime(2025, 3, 30, 11, 38, 36, 210235), 'timestamp': datetime.datetime(2024, 9, 29, 23, 19, tzinfo=datetime.timezone.utc), 'emp_id': 8237, 'employee_name': 'Employee93', 'factory': 'FactoryB', 'in_out': 'IN', 'entrance': 'Main', 'door_number': '7', 'function': 'IT', 'division': 'AAPD', 'department': 'ML', 'section': '2'}
[2025-03-30T11:38:36.210+0000] {logging_mixin.py:188} INFO - General error executing query: not all arguments converted during string formatting
[2025-03-30T11:38:36.210+0000] {inout_data.py:83} INFO - {'ingested_time': datetime.datetime(2025, 3, 30, 11, 38, 36, 210930), 'timestamp': datetime.datetime(2024, 9, 29, 23, 14, tzinfo=datetime.timezone.utc), 'emp_id': 1815, 'employee_name': 'Employee36', 'factory': 'FactoryB', 'in_out': 'IN', 'entrance': 'Main', 'door_number': '8', 'function': 'IT', 'division': 'BSID', 'department': 'ML', 'section': '2'}
[2025-03-30T11:38:36.211+0000] {logging_mixin.py:188} INFO - General error executing query: not all arguments converted during string formatting
[2025-03-30T11:38:36.211+0000] {inout_data.py:83} INFO - {'ingested_time': datetime.datetime(2025, 3, 30, 11, 38, 36, 211515), 'timestamp': datetime.datetime(2024, 9, 29, 23, 10, tzinfo=datetime.timezone.utc), 'emp_id': 5728, 'employee_name': 'Employee56', 'factory': 'FactoryB', 'in_out': 'IN', 'entrance': 'Main', 'door_number': '8', 'function': 'IT', 'division': 'AAPD', 'department': 'HRSD', 'section': '2'}
[2025-03-30T11:38:36.211+0000] {logging_mixin.py:188} INFO - General error executing query: not all arguments converted during string formatting
[2025-03-30T11:38:36.212+0000] {inout_data.py:83} INFO - {'ingested_time': datetime.datetime(2025, 3, 30, 11, 38, 36, 212066), 'timestamp': datetime.datetime(2024, 9, 29, 23, 0, tzinfo=datetime.timezone.utc), 'emp_id': 4617, 'employee_name': 'Employee43', 'factory': 'FactoryB', 'in_out': 'IN', 'entrance': 'Main', 'door_number': '2', 'function': 'IT', 'division': 'BSID', 'department': 'CAPD', 'section': '1'}
[2025-03-30T11:38:36.212+0000] {logging_mixin.py:188} INFO - General error executing query: not all arguments converted during string formatting
[2025-03-30T11:38:36.212+0000] {inout_data.py:83} INFO - {'ingested_time': datetime.datetime(2025, 3, 30, 11, 38, 36, 212614), 'timestamp': datetime.datetime(2024, 9, 29, 23, 15, tzinfo=datetime.timezone.utc), 'emp_id': 9324, 'employee_name': 'Employee1', 'factory': 'FactoryA', 'in_out': 'OUT', 'entrance': 'Side', 'door_number': '9', 'function': 'IT', 'division': 'AAPD', 'department': 'CAPD', 'section': '2'}
[2025-03-30T11:38:36.212+0000] {logging_mixin.py:188} INFO - General error executing query: not all arguments converted during string formatting
[2025-03-30T11:38:36.213+0000] {inout_data.py:83} INFO - {'ingested_time': datetime.datetime(2025, 3, 30, 11, 38, 36, 213127), 'timestamp': datetime.datetime(2024, 9, 29, 23, 0, tzinfo=datetime.timezone.utc), 'emp_id': 7442, 'employee_name': 'Employee11', 'factory': 'FactoryA', 'in_out': 'OUT', 'entrance': 'Main', 'door_number': '2', 'function': 'IT', 'division': 'BSID', 'department': 'CAPD', 'section': '2'}
[2025-03-30T11:38:36.213+0000] {logging_mixin.py:188} INFO - General error executing query: not all arguments converted during string formatting
[2025-03-30T11:38:36.213+0000] {inout_data.py:83} INFO - {'ingested_time': datetime.datetime(2025, 3, 30, 11, 38, 36, 213664), 'timestamp': datetime.datetime(2024, 9, 29, 23, 26, tzinfo=datetime.timezone.utc), 'emp_id': 7298, 'employee_name': 'Employee5', 'factory': 'FactoryB', 'in_out': 'OUT', 'entrance': 'Side', 'door_number': '1', 'function': 'IT', 'division': 'AAPD', 'department': 'ML', 'section': '1'}
[2025-03-30T11:38:36.214+0000] {logging_mixin.py:188} INFO - General error executing query: not all arguments converted during string formatting
[2025-03-30T11:38:36.214+0000] {inout_data.py:83} INFO - {'ingested_time': datetime.datetime(2025, 3, 30, 11, 38, 36, 214283), 'timestamp': datetime.datetime(2024, 9, 29, 23, 19, tzinfo=datetime.timezone.utc), 'emp_id': 2480, 'employee_name': 'Employee31', 'factory': 'FactoryA', 'in_out': 'IN', 'entrance': 'Main', 'door_number': '5', 'function': 'IT', 'division': 'AAPD', 'department': 'CAPD', 'section': '2'}
[2025-03-30T11:38:36.214+0000] {logging_mixin.py:188} INFO - General error executing query: not all arguments converted during string formatting
[2025-03-30T11:38:36.214+0000] {inout_data.py:83} INFO - {'ingested_time': datetime.datetime(2025, 3, 30, 11, 38, 36, 214885), 'timestamp': datetime.datetime(2024, 9, 29, 23, 3, tzinfo=datetime.timezone.utc), 'emp_id': 3316, 'employee_name': 'Employee28', 'factory': 'FactoryA', 'in_out': 'IN', 'entrance': 'Main', 'door_number': '1', 'function': 'IT', 'division': 'BSID', 'department': 'HRSD', 'section': '1'}
[2025-03-30T11:38:36.215+0000] {logging_mixin.py:188} INFO - General error executing query: not all arguments converted during string formatting
[2025-03-30T11:38:36.215+0000] {inout_data.py:83} INFO - {'ingested_time': datetime.datetime(2025, 3, 30, 11, 38, 36, 215456), 'timestamp': datetime.datetime(2024, 9, 29, 23, 26, tzinfo=datetime.timezone.utc), 'emp_id': 8339, 'employee_name': 'Employee49', 'factory': 'FactoryB', 'in_out': 'IN', 'entrance': 'Side', 'door_number': '5', 'function': 'IT', 'division': 'AAPD', 'department': 'CAPD', 'section': '2'}
[2025-03-30T11:38:36.215+0000] {logging_mixin.py:188} INFO - General error executing query: not all arguments converted during string formatting
[2025-03-30T11:38:36.216+0000] {inout_data.py:101} INFO - Ingested 17 rows of dummy data for 2024-09-29 23:00:00+00:00.
[2025-03-30T11:38:36.216+0000] {logging_mixin.py:188} INFO - MariaDB connection closed.
[2025-03-30T11:38:36.216+0000] {python.py:202} INFO - Done. Returned value was: None
[2025-03-30T11:38:36.224+0000] {taskinstance.py:1149} INFO - Marking task as SUCCESS. dag_id=inout_data_ingestion, task_id=ingest_dummy_data, execution_date=20240929T230000, start_date=20250330T113835, end_date=20250330T113836
[2025-03-30T11:38:36.265+0000] {local_task_job_runner.py:234} INFO - Task exited with return code 0
[2025-03-30T11:38:36.297+0000] {taskinstance.py:3309} INFO - 0 downstream tasks scheduled from follow-on schedule check
[2025-03-30T11:40:41.599+0000] {taskinstance.py:1979} INFO - Dependencies all met for dep_context=non-requeueable deps ti=<TaskInstance: inout_data_ingestion.ingest_dummy_data scheduled__2024-09-29T23:00:00+00:00 [queued]>
[2025-03-30T11:40:41.606+0000] {taskinstance.py:1979} INFO - Dependencies all met for dep_context=requeueable deps ti=<TaskInstance: inout_data_ingestion.ingest_dummy_data scheduled__2024-09-29T23:00:00+00:00 [queued]>
[2025-03-30T11:40:41.606+0000] {taskinstance.py:2193} INFO - Starting attempt 1 of 2
[2025-03-30T11:40:41.613+0000] {taskinstance.py:2214} INFO - Executing <Task(PythonOperator): ingest_dummy_data> on 2024-09-29 23:00:00+00:00
[2025-03-30T11:40:41.617+0000] {standard_task_runner.py:60} INFO - Started process 6864 to run task
[2025-03-30T11:40:41.621+0000] {standard_task_runner.py:87} INFO - Running: ['***', 'tasks', 'run', 'inout_data_ingestion', 'ingest_dummy_data', 'scheduled__2024-09-29T23:00:00+00:00', '--job-id', '3407', '--raw', '--subdir', 'DAGS_FOLDER/inout_data.py', '--cfg-path', '/tmp/tmpl8rn3eky']
[2025-03-30T11:40:41.623+0000] {standard_task_runner.py:88} INFO - Job 3407: Subtask ingest_dummy_data
[2025-03-30T11:40:41.639+0000] {warnings.py:109} WARNING - /home/***/.local/lib/python3.8/site-packages/***/settings.py:194: DeprecationWarning: The sql_alchemy_conn option in [core] has been moved to the sql_alchemy_conn option in [database] - the old setting has been used, but please update your config.
  SQL_ALCHEMY_CONN = conf.get("database", "SQL_ALCHEMY_CONN")

[2025-03-30T11:40:41.662+0000] {task_command.py:423} INFO - Running <TaskInstance: inout_data_ingestion.ingest_dummy_data scheduled__2024-09-29T23:00:00+00:00 [running]> on host ff9d64b065e6
[2025-03-30T11:40:41.705+0000] {taskinstance.py:2510} INFO - Exporting env vars: AIRFLOW_CTX_DAG_OWNER='***' AIRFLOW_CTX_DAG_ID='inout_data_ingestion' AIRFLOW_CTX_TASK_ID='ingest_dummy_data' AIRFLOW_CTX_EXECUTION_DATE='2024-09-29T23:00:00+00:00' AIRFLOW_CTX_TRY_NUMBER='1' AIRFLOW_CTX_DAG_RUN_ID='scheduled__2024-09-29T23:00:00+00:00'
[2025-03-30T11:40:41.707+0000] {logging_mixin.py:188} INFO - Successfully connected to MariaDB: INOUT on mariadb:3306
[2025-03-30T11:40:41.708+0000] {inout_data.py:83} INFO - {'ingested_time': datetime.datetime(2025, 3, 30, 11, 40, 41, 708092), 'timestamp': datetime.datetime(2024, 9, 29, 23, 23, tzinfo=datetime.timezone.utc), 'emp_id': 1198, 'employee_name': 'Employee62', 'factory': 'FactoryA', 'in_out': 'OUT', 'entrance': 'Main', 'door_number': '8', 'function': 'IT', 'division': 'AAPD', 'department': 'ML', 'section': '2'}
[2025-03-30T11:40:41.708+0000] {inout_data.py:99} INFO - Query: INSERT INTO emp_inout_rec (ingested_time, timestamp, employee_id, employee_name, factory, in_out, entrance, door_number, function, division, department, section) VALUES (%s, %s, %s, %s, %s, %s, %s, %s, %s, %s, %s)
[2025-03-30T11:40:41.708+0000] {inout_data.py:100} INFO - Params: ('2025-03-30 11:40:41', '2024-09-29 23:23:00', 1198, 'Employee62', 'FactoryA', 'OUT', 'Main', '8', 'IT', 'AAPD', 'ML', '2')
[2025-03-30T11:40:41.708+0000] {logging_mixin.py:188} INFO - General error executing query: not all arguments converted during string formatting
[2025-03-30T11:40:41.708+0000] {inout_data.py:83} INFO - {'ingested_time': datetime.datetime(2025, 3, 30, 11, 40, 41, 708910), 'timestamp': datetime.datetime(2024, 9, 29, 23, 13, tzinfo=datetime.timezone.utc), 'emp_id': 3887, 'employee_name': 'Employee90', 'factory': 'FactoryB', 'in_out': 'OUT', 'entrance': 'Main', 'door_number': '9', 'function': 'IT', 'division': 'BSID', 'department': 'CAPD', 'section': '1'}
[2025-03-30T11:40:41.709+0000] {inout_data.py:99} INFO - Query: INSERT INTO emp_inout_rec (ingested_time, timestamp, employee_id, employee_name, factory, in_out, entrance, door_number, function, division, department, section) VALUES (%s, %s, %s, %s, %s, %s, %s, %s, %s, %s, %s)
[2025-03-30T11:40:41.709+0000] {inout_data.py:100} INFO - Params: ('2025-03-30 11:40:41', '2024-09-29 23:13:00', 3887, 'Employee90', 'FactoryB', 'OUT', 'Main', '9', 'IT', 'BSID', 'CAPD', '1')
[2025-03-30T11:40:41.709+0000] {logging_mixin.py:188} INFO - General error executing query: not all arguments converted during string formatting
[2025-03-30T11:40:41.709+0000] {inout_data.py:83} INFO - {'ingested_time': datetime.datetime(2025, 3, 30, 11, 40, 41, 709484), 'timestamp': datetime.datetime(2024, 9, 29, 23, 17, tzinfo=datetime.timezone.utc), 'emp_id': 6105, 'employee_name': 'Employee19', 'factory': 'FactoryA', 'in_out': 'OUT', 'entrance': 'Side', 'door_number': '7', 'function': 'IT', 'division': 'AAPD', 'department': 'ML', 'section': '2'}
[2025-03-30T11:40:41.709+0000] {inout_data.py:99} INFO - Query: INSERT INTO emp_inout_rec (ingested_time, timestamp, employee_id, employee_name, factory, in_out, entrance, door_number, function, division, department, section) VALUES (%s, %s, %s, %s, %s, %s, %s, %s, %s, %s, %s)
[2025-03-30T11:40:41.709+0000] {inout_data.py:100} INFO - Params: ('2025-03-30 11:40:41', '2024-09-29 23:17:00', 6105, 'Employee19', 'FactoryA', 'OUT', 'Side', '7', 'IT', 'AAPD', 'ML', '2')
[2025-03-30T11:40:41.709+0000] {logging_mixin.py:188} INFO - General error executing query: not all arguments converted during string formatting
[2025-03-30T11:40:41.710+0000] {inout_data.py:83} INFO - {'ingested_time': datetime.datetime(2025, 3, 30, 11, 40, 41, 710128), 'timestamp': datetime.datetime(2024, 9, 29, 23, 11, tzinfo=datetime.timezone.utc), 'emp_id': 3521, 'employee_name': 'Employee17', 'factory': 'FactoryA', 'in_out': 'OUT', 'entrance': 'Main', 'door_number': '1', 'function': 'IT', 'division': 'AAPD', 'department': 'ML', 'section': '1'}
[2025-03-30T11:40:41.710+0000] {inout_data.py:99} INFO - Query: INSERT INTO emp_inout_rec (ingested_time, timestamp, employee_id, employee_name, factory, in_out, entrance, door_number, function, division, department, section) VALUES (%s, %s, %s, %s, %s, %s, %s, %s, %s, %s, %s)
[2025-03-30T11:40:41.710+0000] {inout_data.py:100} INFO - Params: ('2025-03-30 11:40:41', '2024-09-29 23:11:00', 3521, 'Employee17', 'FactoryA', 'OUT', 'Main', '1', 'IT', 'AAPD', 'ML', '1')
[2025-03-30T11:40:41.710+0000] {logging_mixin.py:188} INFO - General error executing query: not all arguments converted during string formatting
[2025-03-30T11:40:41.710+0000] {inout_data.py:83} INFO - {'ingested_time': datetime.datetime(2025, 3, 30, 11, 40, 41, 710700), 'timestamp': datetime.datetime(2024, 9, 29, 23, 20, tzinfo=datetime.timezone.utc), 'emp_id': 9775, 'employee_name': 'Employee88', 'factory': 'FactoryA', 'in_out': 'IN', 'entrance': 'Main', 'door_number': '6', 'function': 'IT', 'division': 'BSID', 'department': 'CAPD', 'section': '1'}
[2025-03-30T11:40:41.710+0000] {inout_data.py:99} INFO - Query: INSERT INTO emp_inout_rec (ingested_time, timestamp, employee_id, employee_name, factory, in_out, entrance, door_number, function, division, department, section) VALUES (%s, %s, %s, %s, %s, %s, %s, %s, %s, %s, %s)
[2025-03-30T11:40:41.710+0000] {inout_data.py:100} INFO - Params: ('2025-03-30 11:40:41', '2024-09-29 23:20:00', 9775, 'Employee88', 'FactoryA', 'IN', 'Main', '6', 'IT', 'BSID', 'CAPD', '1')
[2025-03-30T11:40:41.711+0000] {logging_mixin.py:188} INFO - General error executing query: not all arguments converted during string formatting
[2025-03-30T11:40:41.711+0000] {inout_data.py:83} INFO - {'ingested_time': datetime.datetime(2025, 3, 30, 11, 40, 41, 711226), 'timestamp': datetime.datetime(2024, 9, 29, 23, 27, tzinfo=datetime.timezone.utc), 'emp_id': 2078, 'employee_name': 'Employee79', 'factory': 'FactoryA', 'in_out': 'IN', 'entrance': 'Main', 'door_number': '2', 'function': 'IT', 'division': 'AAPD', 'department': 'HRSD', 'section': '2'}
[2025-03-30T11:40:41.711+0000] {inout_data.py:99} INFO - Query: INSERT INTO emp_inout_rec (ingested_time, timestamp, employee_id, employee_name, factory, in_out, entrance, door_number, function, division, department, section) VALUES (%s, %s, %s, %s, %s, %s, %s, %s, %s, %s, %s)
[2025-03-30T11:40:41.711+0000] {inout_data.py:100} INFO - Params: ('2025-03-30 11:40:41', '2024-09-29 23:27:00', 2078, 'Employee79', 'FactoryA', 'IN', 'Main', '2', 'IT', 'AAPD', 'HRSD', '2')
[2025-03-30T11:40:41.711+0000] {logging_mixin.py:188} INFO - General error executing query: not all arguments converted during string formatting
[2025-03-30T11:40:41.711+0000] {inout_data.py:83} INFO - {'ingested_time': datetime.datetime(2025, 3, 30, 11, 40, 41, 711722), 'timestamp': datetime.datetime(2024, 9, 29, 23, 14, tzinfo=datetime.timezone.utc), 'emp_id': 3376, 'employee_name': 'Employee95', 'factory': 'FactoryB', 'in_out': 'OUT', 'entrance': 'Main', 'door_number': '2', 'function': 'IT', 'division': 'AAPD', 'department': 'CAPD', 'section': '1'}
[2025-03-30T11:40:41.711+0000] {inout_data.py:99} INFO - Query: INSERT INTO emp_inout_rec (ingested_time, timestamp, employee_id, employee_name, factory, in_out, entrance, door_number, function, division, department, section) VALUES (%s, %s, %s, %s, %s, %s, %s, %s, %s, %s, %s)
[2025-03-30T11:40:41.712+0000] {inout_data.py:100} INFO - Params: ('2025-03-30 11:40:41', '2024-09-29 23:14:00', 3376, 'Employee95', 'FactoryB', 'OUT', 'Main', '2', 'IT', 'AAPD', 'CAPD', '1')
[2025-03-30T11:40:41.712+0000] {logging_mixin.py:188} INFO - General error executing query: not all arguments converted during string formatting
[2025-03-30T11:40:41.712+0000] {inout_data.py:83} INFO - {'ingested_time': datetime.datetime(2025, 3, 30, 11, 40, 41, 712587), 'timestamp': datetime.datetime(2024, 9, 29, 23, 14, tzinfo=datetime.timezone.utc), 'emp_id': 5614, 'employee_name': 'Employee87', 'factory': 'FactoryA', 'in_out': 'IN', 'entrance': 'Side', 'door_number': '9', 'function': 'IT', 'division': 'BSID', 'department': 'CAPD', 'section': '2'}
[2025-03-30T11:40:41.712+0000] {inout_data.py:99} INFO - Query: INSERT INTO emp_inout_rec (ingested_time, timestamp, employee_id, employee_name, factory, in_out, entrance, door_number, function, division, department, section) VALUES (%s, %s, %s, %s, %s, %s, %s, %s, %s, %s, %s)
[2025-03-30T11:40:41.712+0000] {inout_data.py:100} INFO - Params: ('2025-03-30 11:40:41', '2024-09-29 23:14:00', 5614, 'Employee87', 'FactoryA', 'IN', 'Side', '9', 'IT', 'BSID', 'CAPD', '2')
[2025-03-30T11:40:41.713+0000] {logging_mixin.py:188} INFO - General error executing query: not all arguments converted during string formatting
[2025-03-30T11:40:41.713+0000] {inout_data.py:83} INFO - {'ingested_time': datetime.datetime(2025, 3, 30, 11, 40, 41, 713210), 'timestamp': datetime.datetime(2024, 9, 29, 23, 9, tzinfo=datetime.timezone.utc), 'emp_id': 3669, 'employee_name': 'Employee53', 'factory': 'FactoryA', 'in_out': 'IN', 'entrance': 'Main', 'door_number': '8', 'function': 'IT', 'division': 'AAPD', 'department': 'ML', 'section': '1'}
[2025-03-30T11:40:41.713+0000] {inout_data.py:99} INFO - Query: INSERT INTO emp_inout_rec (ingested_time, timestamp, employee_id, employee_name, factory, in_out, entrance, door_number, function, division, department, section) VALUES (%s, %s, %s, %s, %s, %s, %s, %s, %s, %s, %s)
[2025-03-30T11:40:41.713+0000] {inout_data.py:100} INFO - Params: ('2025-03-30 11:40:41', '2024-09-29 23:09:00', 3669, 'Employee53', 'FactoryA', 'IN', 'Main', '8', 'IT', 'AAPD', 'ML', '1')
[2025-03-30T11:40:41.713+0000] {logging_mixin.py:188} INFO - General error executing query: not all arguments converted during string formatting
[2025-03-30T11:40:41.713+0000] {inout_data.py:83} INFO - {'ingested_time': datetime.datetime(2025, 3, 30, 11, 40, 41, 713740), 'timestamp': datetime.datetime(2024, 9, 29, 23, 24, tzinfo=datetime.timezone.utc), 'emp_id': 7479, 'employee_name': 'Employee98', 'factory': 'FactoryA', 'in_out': 'IN', 'entrance': 'Side', 'door_number': '6', 'function': 'IT', 'division': 'BSID', 'department': 'ML', 'section': '1'}
[2025-03-30T11:40:41.713+0000] {inout_data.py:99} INFO - Query: INSERT INTO emp_inout_rec (ingested_time, timestamp, employee_id, employee_name, factory, in_out, entrance, door_number, function, division, department, section) VALUES (%s, %s, %s, %s, %s, %s, %s, %s, %s, %s, %s)
[2025-03-30T11:40:41.713+0000] {inout_data.py:100} INFO - Params: ('2025-03-30 11:40:41', '2024-09-29 23:24:00', 7479, 'Employee98', 'FactoryA', 'IN', 'Side', '6', 'IT', 'BSID', 'ML', '1')
[2025-03-30T11:40:41.714+0000] {logging_mixin.py:188} INFO - General error executing query: not all arguments converted during string formatting
[2025-03-30T11:40:41.714+0000] {inout_data.py:83} INFO - {'ingested_time': datetime.datetime(2025, 3, 30, 11, 40, 41, 714248), 'timestamp': datetime.datetime(2024, 9, 29, 23, 17, tzinfo=datetime.timezone.utc), 'emp_id': 6012, 'employee_name': 'Employee37', 'factory': 'FactoryB', 'in_out': 'OUT', 'entrance': 'Side', 'door_number': '9', 'function': 'IT', 'division': 'AAPD', 'department': 'ML', 'section': '2'}
[2025-03-30T11:40:41.714+0000] {inout_data.py:99} INFO - Query: INSERT INTO emp_inout_rec (ingested_time, timestamp, employee_id, employee_name, factory, in_out, entrance, door_number, function, division, department, section) VALUES (%s, %s, %s, %s, %s, %s, %s, %s, %s, %s, %s)
[2025-03-30T11:40:41.714+0000] {inout_data.py:100} INFO - Params: ('2025-03-30 11:40:41', '2024-09-29 23:17:00', 6012, 'Employee37', 'FactoryB', 'OUT', 'Side', '9', 'IT', 'AAPD', 'ML', '2')
[2025-03-30T11:40:41.714+0000] {logging_mixin.py:188} INFO - General error executing query: not all arguments converted during string formatting
[2025-03-30T11:40:41.714+0000] {inout_data.py:83} INFO - {'ingested_time': datetime.datetime(2025, 3, 30, 11, 40, 41, 714738), 'timestamp': datetime.datetime(2024, 9, 29, 23, 12, tzinfo=datetime.timezone.utc), 'emp_id': 2089, 'employee_name': 'Employee85', 'factory': 'FactoryB', 'in_out': 'OUT', 'entrance': 'Side', 'door_number': '1', 'function': 'IT', 'division': 'AAPD', 'department': 'CAPD', 'section': '2'}
[2025-03-30T11:40:41.714+0000] {inout_data.py:99} INFO - Query: INSERT INTO emp_inout_rec (ingested_time, timestamp, employee_id, employee_name, factory, in_out, entrance, door_number, function, division, department, section) VALUES (%s, %s, %s, %s, %s, %s, %s, %s, %s, %s, %s)
[2025-03-30T11:40:41.715+0000] {inout_data.py:100} INFO - Params: ('2025-03-30 11:40:41', '2024-09-29 23:12:00', 2089, 'Employee85', 'FactoryB', 'OUT', 'Side', '1', 'IT', 'AAPD', 'CAPD', '2')
[2025-03-30T11:40:41.715+0000] {logging_mixin.py:188} INFO - General error executing query: not all arguments converted during string formatting
[2025-03-30T11:40:41.715+0000] {inout_data.py:83} INFO - {'ingested_time': datetime.datetime(2025, 3, 30, 11, 40, 41, 715264), 'timestamp': datetime.datetime(2024, 9, 29, 23, 27, tzinfo=datetime.timezone.utc), 'emp_id': 2774, 'employee_name': 'Employee12', 'factory': 'FactoryA', 'in_out': 'IN', 'entrance': 'Side', 'door_number': '8', 'function': 'IT', 'division': 'BSID', 'department': 'ML', 'section': '1'}
[2025-03-30T11:40:41.715+0000] {inout_data.py:99} INFO - Query: INSERT INTO emp_inout_rec (ingested_time, timestamp, employee_id, employee_name, factory, in_out, entrance, door_number, function, division, department, section) VALUES (%s, %s, %s, %s, %s, %s, %s, %s, %s, %s, %s)
[2025-03-30T11:40:41.715+0000] {inout_data.py:100} INFO - Params: ('2025-03-30 11:40:41', '2024-09-29 23:27:00', 2774, 'Employee12', 'FactoryA', 'IN', 'Side', '8', 'IT', 'BSID', 'ML', '1')
[2025-03-30T11:40:41.715+0000] {logging_mixin.py:188} INFO - General error executing query: not all arguments converted during string formatting
[2025-03-30T11:40:41.715+0000] {inout_data.py:83} INFO - {'ingested_time': datetime.datetime(2025, 3, 30, 11, 40, 41, 715795), 'timestamp': datetime.datetime(2024, 9, 29, 23, 8, tzinfo=datetime.timezone.utc), 'emp_id': 7191, 'employee_name': 'Employee51', 'factory': 'FactoryA', 'in_out': 'OUT', 'entrance': 'Side', 'door_number': '10', 'function': 'IT', 'division': 'AAPD', 'department': 'CAPD', 'section': '2'}
[2025-03-30T11:40:41.715+0000] {inout_data.py:99} INFO - Query: INSERT INTO emp_inout_rec (ingested_time, timestamp, employee_id, employee_name, factory, in_out, entrance, door_number, function, division, department, section) VALUES (%s, %s, %s, %s, %s, %s, %s, %s, %s, %s, %s)
[2025-03-30T11:40:41.716+0000] {inout_data.py:100} INFO - Params: ('2025-03-30 11:40:41', '2024-09-29 23:08:00', 7191, 'Employee51', 'FactoryA', 'OUT', 'Side', '10', 'IT', 'AAPD', 'CAPD', '2')
[2025-03-30T11:40:41.716+0000] {logging_mixin.py:188} INFO - General error executing query: not all arguments converted during string formatting
[2025-03-30T11:40:41.716+0000] {inout_data.py:83} INFO - {'ingested_time': datetime.datetime(2025, 3, 30, 11, 40, 41, 716263), 'timestamp': datetime.datetime(2024, 9, 29, 23, 15, tzinfo=datetime.timezone.utc), 'emp_id': 1214, 'employee_name': 'Employee3', 'factory': 'FactoryB', 'in_out': 'OUT', 'entrance': 'Side', 'door_number': '2', 'function': 'IT', 'division': 'BSID', 'department': 'CAPD', 'section': '1'}
[2025-03-30T11:40:41.716+0000] {inout_data.py:99} INFO - Query: INSERT INTO emp_inout_rec (ingested_time, timestamp, employee_id, employee_name, factory, in_out, entrance, door_number, function, division, department, section) VALUES (%s, %s, %s, %s, %s, %s, %s, %s, %s, %s, %s)
[2025-03-30T11:40:41.716+0000] {inout_data.py:100} INFO - Params: ('2025-03-30 11:40:41', '2024-09-29 23:15:00', 1214, 'Employee3', 'FactoryB', 'OUT', 'Side', '2', 'IT', 'BSID', 'CAPD', '1')
[2025-03-30T11:40:41.716+0000] {logging_mixin.py:188} INFO - General error executing query: not all arguments converted during string formatting
[2025-03-30T11:40:41.716+0000] {inout_data.py:83} INFO - {'ingested_time': datetime.datetime(2025, 3, 30, 11, 40, 41, 716713), 'timestamp': datetime.datetime(2024, 9, 29, 23, 7, tzinfo=datetime.timezone.utc), 'emp_id': 9475, 'employee_name': 'Employee20', 'factory': 'FactoryA', 'in_out': 'IN', 'entrance': 'Main', 'door_number': '1', 'function': 'IT', 'division': 'BSID', 'department': 'CAPD', 'section': '1'}
[2025-03-30T11:40:41.716+0000] {inout_data.py:99} INFO - Query: INSERT INTO emp_inout_rec (ingested_time, timestamp, employee_id, employee_name, factory, in_out, entrance, door_number, function, division, department, section) VALUES (%s, %s, %s, %s, %s, %s, %s, %s, %s, %s, %s)
[2025-03-30T11:40:41.716+0000] {inout_data.py:100} INFO - Params: ('2025-03-30 11:40:41', '2024-09-29 23:07:00', 9475, 'Employee20', 'FactoryA', 'IN', 'Main', '1', 'IT', 'BSID', 'CAPD', '1')
[2025-03-30T11:40:41.717+0000] {logging_mixin.py:188} INFO - General error executing query: not all arguments converted during string formatting
[2025-03-30T11:40:41.717+0000] {inout_data.py:83} INFO - {'ingested_time': datetime.datetime(2025, 3, 30, 11, 40, 41, 717211), 'timestamp': datetime.datetime(2024, 9, 29, 23, 3, tzinfo=datetime.timezone.utc), 'emp_id': 1797, 'employee_name': 'Employee56', 'factory': 'FactoryA', 'in_out': 'OUT', 'entrance': 'Main', 'door_number': '7', 'function': 'IT', 'division': 'AAPD', 'department': 'ML', 'section': '2'}
[2025-03-30T11:40:41.717+0000] {inout_data.py:99} INFO - Query: INSERT INTO emp_inout_rec (ingested_time, timestamp, employee_id, employee_name, factory, in_out, entrance, door_number, function, division, department, section) VALUES (%s, %s, %s, %s, %s, %s, %s, %s, %s, %s, %s)
[2025-03-30T11:40:41.717+0000] {inout_data.py:100} INFO - Params: ('2025-03-30 11:40:41', '2024-09-29 23:03:00', 1797, 'Employee56', 'FactoryA', 'OUT', 'Main', '7', 'IT', 'AAPD', 'ML', '2')
[2025-03-30T11:40:41.717+0000] {logging_mixin.py:188} INFO - General error executing query: not all arguments converted during string formatting
[2025-03-30T11:40:41.717+0000] {inout_data.py:83} INFO - {'ingested_time': datetime.datetime(2025, 3, 30, 11, 40, 41, 717744), 'timestamp': datetime.datetime(2024, 9, 29, 23, 14, tzinfo=datetime.timezone.utc), 'emp_id': 8409, 'employee_name': 'Employee53', 'factory': 'FactoryB', 'in_out': 'OUT', 'entrance': 'Side', 'door_number': '8', 'function': 'IT', 'division': 'BSID', 'department': 'ML', 'section': '2'}
[2025-03-30T11:40:41.717+0000] {inout_data.py:99} INFO - Query: INSERT INTO emp_inout_rec (ingested_time, timestamp, employee_id, employee_name, factory, in_out, entrance, door_number, function, division, department, section) VALUES (%s, %s, %s, %s, %s, %s, %s, %s, %s, %s, %s)
[2025-03-30T11:40:41.717+0000] {inout_data.py:100} INFO - Params: ('2025-03-30 11:40:41', '2024-09-29 23:14:00', 8409, 'Employee53', 'FactoryB', 'OUT', 'Side', '8', 'IT', 'BSID', 'ML', '2')
[2025-03-30T11:40:41.718+0000] {logging_mixin.py:188} INFO - General error executing query: not all arguments converted during string formatting
[2025-03-30T11:40:41.718+0000] {inout_data.py:83} INFO - {'ingested_time': datetime.datetime(2025, 3, 30, 11, 40, 41, 718212), 'timestamp': datetime.datetime(2024, 9, 29, 23, 16, tzinfo=datetime.timezone.utc), 'emp_id': 4257, 'employee_name': 'Employee74', 'factory': 'FactoryB', 'in_out': 'IN', 'entrance': 'Side', 'door_number': '6', 'function': 'IT', 'division': 'BSID', 'department': 'ML', 'section': '1'}
[2025-03-30T11:40:41.718+0000] {inout_data.py:99} INFO - Query: INSERT INTO emp_inout_rec (ingested_time, timestamp, employee_id, employee_name, factory, in_out, entrance, door_number, function, division, department, section) VALUES (%s, %s, %s, %s, %s, %s, %s, %s, %s, %s, %s)
[2025-03-30T11:40:41.718+0000] {inout_data.py:100} INFO - Params: ('2025-03-30 11:40:41', '2024-09-29 23:16:00', 4257, 'Employee74', 'FactoryB', 'IN', 'Side', '6', 'IT', 'BSID', 'ML', '1')
[2025-03-30T11:40:41.718+0000] {logging_mixin.py:188} INFO - General error executing query: not all arguments converted during string formatting
[2025-03-30T11:40:41.718+0000] {inout_data.py:102} INFO - Ingested 19 rows of dummy data for 2024-09-29 23:00:00+00:00.
[2025-03-30T11:40:41.718+0000] {logging_mixin.py:188} INFO - MariaDB connection closed.
[2025-03-30T11:40:41.718+0000] {python.py:202} INFO - Done. Returned value was: None
[2025-03-30T11:40:41.723+0000] {taskinstance.py:1149} INFO - Marking task as SUCCESS. dag_id=inout_data_ingestion, task_id=ingest_dummy_data, execution_date=20240929T230000, start_date=20250330T114041, end_date=20250330T114041
[2025-03-30T11:40:41.761+0000] {local_task_job_runner.py:234} INFO - Task exited with return code 0
[2025-03-30T11:40:41.770+0000] {taskinstance.py:3309} INFO - 0 downstream tasks scheduled from follow-on schedule check
