[2025-03-30T11:10:12.547+0000] {taskinstance.py:1979} INFO - Dependencies all met for dep_context=non-requeueable deps ti=<TaskInstance: inout_data_ingestion.ingest_dummy_data scheduled__2024-10-01T16:30:00+00:00 [queued]>
[2025-03-30T11:10:12.565+0000] {taskinstance.py:1979} INFO - Dependencies all met for dep_context=requeueable deps ti=<TaskInstance: inout_data_ingestion.ingest_dummy_data scheduled__2024-10-01T16:30:00+00:00 [queued]>
[2025-03-30T11:10:12.567+0000] {taskinstance.py:2193} INFO - Starting attempt 1 of 2
[2025-03-30T11:10:12.597+0000] {taskinstance.py:2214} INFO - Executing <Task(PythonOperator): ingest_dummy_data> on 2024-10-01 16:30:00+00:00
[2025-03-30T11:10:12.607+0000] {standard_task_runner.py:60} INFO - Started process 626 to run task
[2025-03-30T11:10:12.617+0000] {standard_task_runner.py:87} INFO - Running: ['***', 'tasks', 'run', 'inout_data_ingestion', 'ingest_dummy_data', 'scheduled__2024-10-01T16:30:00+00:00', '--job-id', '287', '--raw', '--subdir', 'DAGS_FOLDER/inout_data.py', '--cfg-path', '/tmp/tmpx_5o3i2g']
[2025-03-30T11:10:12.621+0000] {standard_task_runner.py:88} INFO - Job 287: Subtask ingest_dummy_data
[2025-03-30T11:10:12.646+0000] {warnings.py:109} WARNING - /home/***/.local/lib/python3.8/site-packages/***/settings.py:194: DeprecationWarning: The sql_alchemy_conn option in [core] has been moved to the sql_alchemy_conn option in [database] - the old setting has been used, but please update your config.
  SQL_ALCHEMY_CONN = conf.get("database", "SQL_ALCHEMY_CONN")

[2025-03-30T11:10:12.697+0000] {task_command.py:423} INFO - Running <TaskInstance: inout_data_ingestion.ingest_dummy_data scheduled__2024-10-01T16:30:00+00:00 [running]> on host ff9d64b065e6
[2025-03-30T11:10:12.790+0000] {taskinstance.py:2510} INFO - Exporting env vars: AIRFLOW_CTX_DAG_OWNER='***' AIRFLOW_CTX_DAG_ID='inout_data_ingestion' AIRFLOW_CTX_TASK_ID='ingest_dummy_data' AIRFLOW_CTX_EXECUTION_DATE='2024-10-01T16:30:00+00:00' AIRFLOW_CTX_TRY_NUMBER='1' AIRFLOW_CTX_DAG_RUN_ID='scheduled__2024-10-01T16:30:00+00:00'
[2025-03-30T11:10:12.795+0000] {inout_data.py:42} INFO - Successfully connected to MariaDB: INOUT on mariadb:3306
[2025-03-30T11:10:12.801+0000] {inout_data.py:63} ERROR - Error executing query: (1062, "Duplicate entry '2025-03-30 11:10:12-2675' for key 'PRIMARY'")
[2025-03-30T11:10:12.803+0000] {inout_data.py:63} ERROR - Error executing query: (1062, "Duplicate entry '2025-03-30 11:10:12-2675' for key 'PRIMARY'")
[2025-03-30T11:10:12.805+0000] {inout_data.py:63} ERROR - Error executing query: (1062, "Duplicate entry '2025-03-30 11:10:12-2675' for key 'PRIMARY'")
[2025-03-30T11:10:12.805+0000] {inout_data.py:63} ERROR - Error executing query: (1062, "Duplicate entry '2025-03-30 11:10:12-2675' for key 'PRIMARY'")
[2025-03-30T11:10:12.806+0000] {inout_data.py:63} ERROR - Error executing query: (1062, "Duplicate entry '2025-03-30 11:10:12-2675' for key 'PRIMARY'")
[2025-03-30T11:10:12.807+0000] {inout_data.py:63} ERROR - Error executing query: (1062, "Duplicate entry '2025-03-30 11:10:12-2675' for key 'PRIMARY'")
[2025-03-30T11:10:12.808+0000] {inout_data.py:63} ERROR - Error executing query: (1062, "Duplicate entry '2025-03-30 11:10:12-2675' for key 'PRIMARY'")
[2025-03-30T11:10:12.808+0000] {inout_data.py:63} ERROR - Error executing query: (1062, "Duplicate entry '2025-03-30 11:10:12-2675' for key 'PRIMARY'")
[2025-03-30T11:10:12.809+0000] {inout_data.py:63} ERROR - Error executing query: (1062, "Duplicate entry '2025-03-30 11:10:12-2675' for key 'PRIMARY'")
[2025-03-30T11:10:12.809+0000] {inout_data.py:63} ERROR - Error executing query: (1062, "Duplicate entry '2025-03-30 11:10:12-2675' for key 'PRIMARY'")
[2025-03-30T11:10:12.810+0000] {inout_data.py:63} ERROR - Error executing query: (1062, "Duplicate entry '2025-03-30 11:10:12-2675' for key 'PRIMARY'")
[2025-03-30T11:10:12.810+0000] {inout_data.py:63} ERROR - Error executing query: (1062, "Duplicate entry '2025-03-30 11:10:12-2675' for key 'PRIMARY'")
[2025-03-30T11:10:12.811+0000] {inout_data.py:63} ERROR - Error executing query: (1062, "Duplicate entry '2025-03-30 11:10:12-2675' for key 'PRIMARY'")
[2025-03-30T11:10:12.811+0000] {inout_data.py:63} ERROR - Error executing query: (1062, "Duplicate entry '2025-03-30 11:10:12-2675' for key 'PRIMARY'")
[2025-03-30T11:10:12.812+0000] {inout_data.py:63} ERROR - Error executing query: (1062, "Duplicate entry '2025-03-30 11:10:12-2675' for key 'PRIMARY'")
[2025-03-30T11:10:12.812+0000] {inout_data.py:63} ERROR - Error executing query: (1062, "Duplicate entry '2025-03-30 11:10:12-2675' for key 'PRIMARY'")
[2025-03-30T11:10:12.813+0000] {inout_data.py:63} ERROR - Error executing query: (1062, "Duplicate entry '2025-03-30 11:10:12-2675' for key 'PRIMARY'")
[2025-03-30T11:10:12.813+0000] {inout_data.py:159} INFO - Ingested 18 rows of dummy data.
[2025-03-30T11:10:12.813+0000] {inout_data.py:78} INFO - MariaDB connection closed.
[2025-03-30T11:10:12.813+0000] {python.py:202} INFO - Done. Returned value was: None
[2025-03-30T11:10:12.821+0000] {taskinstance.py:1149} INFO - Marking task as SUCCESS. dag_id=inout_data_ingestion, task_id=ingest_dummy_data, execution_date=20241001T163000, start_date=20250330T111012, end_date=20250330T111012
[2025-03-30T11:10:12.838+0000] {local_task_job_runner.py:234} INFO - Task exited with return code 0
[2025-03-30T11:10:12.867+0000] {taskinstance.py:3309} INFO - 0 downstream tasks scheduled from follow-on schedule check
[2025-03-30T11:16:49.709+0000] {taskinstance.py:1979} INFO - Dependencies all met for dep_context=non-requeueable deps ti=<TaskInstance: inout_data_ingestion.ingest_dummy_data scheduled__2024-10-01T16:30:00+00:00 [queued]>
[2025-03-30T11:16:49.721+0000] {taskinstance.py:1979} INFO - Dependencies all met for dep_context=requeueable deps ti=<TaskInstance: inout_data_ingestion.ingest_dummy_data scheduled__2024-10-01T16:30:00+00:00 [queued]>
[2025-03-30T11:16:49.721+0000] {taskinstance.py:2193} INFO - Starting attempt 1 of 2
[2025-03-30T11:16:49.734+0000] {taskinstance.py:2214} INFO - Executing <Task(PythonOperator): ingest_dummy_data> on 2024-10-01 16:30:00+00:00
[2025-03-30T11:16:49.738+0000] {standard_task_runner.py:60} INFO - Started process 2473 to run task
[2025-03-30T11:16:49.741+0000] {standard_task_runner.py:87} INFO - Running: ['***', 'tasks', 'run', 'inout_data_ingestion', 'ingest_dummy_data', 'scheduled__2024-10-01T16:30:00+00:00', '--job-id', '1212', '--raw', '--subdir', 'DAGS_FOLDER/inout_data.py', '--cfg-path', '/tmp/tmp9q__c1ek']
[2025-03-30T11:16:49.743+0000] {standard_task_runner.py:88} INFO - Job 1212: Subtask ingest_dummy_data
[2025-03-30T11:16:49.755+0000] {warnings.py:109} WARNING - /home/***/.local/lib/python3.8/site-packages/***/settings.py:194: DeprecationWarning: The sql_alchemy_conn option in [core] has been moved to the sql_alchemy_conn option in [database] - the old setting has been used, but please update your config.
  SQL_ALCHEMY_CONN = conf.get("database", "SQL_ALCHEMY_CONN")

[2025-03-30T11:16:49.792+0000] {task_command.py:423} INFO - Running <TaskInstance: inout_data_ingestion.ingest_dummy_data scheduled__2024-10-01T16:30:00+00:00 [running]> on host ff9d64b065e6
[2025-03-30T11:16:49.835+0000] {taskinstance.py:2510} INFO - Exporting env vars: AIRFLOW_CTX_DAG_OWNER='***' AIRFLOW_CTX_DAG_ID='inout_data_ingestion' AIRFLOW_CTX_TASK_ID='ingest_dummy_data' AIRFLOW_CTX_EXECUTION_DATE='2024-10-01T16:30:00+00:00' AIRFLOW_CTX_TRY_NUMBER='1' AIRFLOW_CTX_DAG_RUN_ID='scheduled__2024-10-01T16:30:00+00:00'
[2025-03-30T11:16:49.837+0000] {inout_data.py:42} INFO - Successfully connected to MariaDB: INOUT on mariadb:3306
[2025-03-30T11:16:49.838+0000] {inout_data.py:63} ERROR - Error executing query: (1062, "Duplicate entry '2025-03-30 11:16:49-8024' for key 'PRIMARY'")
[2025-03-30T11:16:49.838+0000] {inout_data.py:63} ERROR - Error executing query: (1062, "Duplicate entry '2025-03-30 11:16:49-8024' for key 'PRIMARY'")
[2025-03-30T11:16:49.838+0000] {inout_data.py:63} ERROR - Error executing query: (1062, "Duplicate entry '2025-03-30 11:16:49-8024' for key 'PRIMARY'")
[2025-03-30T11:16:49.839+0000] {inout_data.py:63} ERROR - Error executing query: (1062, "Duplicate entry '2025-03-30 11:16:49-8024' for key 'PRIMARY'")
[2025-03-30T11:16:49.839+0000] {inout_data.py:63} ERROR - Error executing query: (1062, "Duplicate entry '2025-03-30 11:16:49-8024' for key 'PRIMARY'")
[2025-03-30T11:16:49.839+0000] {inout_data.py:63} ERROR - Error executing query: (1062, "Duplicate entry '2025-03-30 11:16:49-8024' for key 'PRIMARY'")
[2025-03-30T11:16:49.840+0000] {inout_data.py:63} ERROR - Error executing query: (1062, "Duplicate entry '2025-03-30 11:16:49-8024' for key 'PRIMARY'")
[2025-03-30T11:16:49.840+0000] {inout_data.py:63} ERROR - Error executing query: (1062, "Duplicate entry '2025-03-30 11:16:49-8024' for key 'PRIMARY'")
[2025-03-30T11:16:49.840+0000] {inout_data.py:63} ERROR - Error executing query: (1062, "Duplicate entry '2025-03-30 11:16:49-8024' for key 'PRIMARY'")
[2025-03-30T11:16:49.840+0000] {inout_data.py:63} ERROR - Error executing query: (1062, "Duplicate entry '2025-03-30 11:16:49-8024' for key 'PRIMARY'")
[2025-03-30T11:16:49.841+0000] {inout_data.py:63} ERROR - Error executing query: (1062, "Duplicate entry '2025-03-30 11:16:49-8024' for key 'PRIMARY'")
[2025-03-30T11:16:49.841+0000] {inout_data.py:63} ERROR - Error executing query: (1062, "Duplicate entry '2025-03-30 11:16:49-8024' for key 'PRIMARY'")
[2025-03-30T11:16:49.841+0000] {inout_data.py:63} ERROR - Error executing query: (1062, "Duplicate entry '2025-03-30 11:16:49-8024' for key 'PRIMARY'")
[2025-03-30T11:16:49.841+0000] {inout_data.py:63} ERROR - Error executing query: (1062, "Duplicate entry '2025-03-30 11:16:49-8024' for key 'PRIMARY'")
[2025-03-30T11:16:49.842+0000] {inout_data.py:63} ERROR - Error executing query: (1062, "Duplicate entry '2025-03-30 11:16:49-8024' for key 'PRIMARY'")
[2025-03-30T11:16:49.842+0000] {inout_data.py:63} ERROR - Error executing query: (1062, "Duplicate entry '2025-03-30 11:16:49-8024' for key 'PRIMARY'")
[2025-03-30T11:16:49.842+0000] {inout_data.py:152} INFO - Ingested 17 rows of dummy data.
[2025-03-30T11:16:49.842+0000] {inout_data.py:78} INFO - MariaDB connection closed.
[2025-03-30T11:16:49.842+0000] {python.py:202} INFO - Done. Returned value was: None
[2025-03-30T11:16:49.846+0000] {taskinstance.py:1149} INFO - Marking task as SUCCESS. dag_id=inout_data_ingestion, task_id=ingest_dummy_data, execution_date=20241001T163000, start_date=20250330T111649, end_date=20250330T111649
[2025-03-30T11:16:49.879+0000] {local_task_job_runner.py:234} INFO - Task exited with return code 0
[2025-03-30T11:16:49.893+0000] {taskinstance.py:3309} INFO - 0 downstream tasks scheduled from follow-on schedule check
[2025-03-30T11:29:22.727+0000] {taskinstance.py:1979} INFO - Dependencies all met for dep_context=non-requeueable deps ti=<TaskInstance: inout_data_ingestion.ingest_dummy_data scheduled__2024-10-01T16:30:00+00:00 [queued]>
[2025-03-30T11:29:22.733+0000] {taskinstance.py:1979} INFO - Dependencies all met for dep_context=requeueable deps ti=<TaskInstance: inout_data_ingestion.ingest_dummy_data scheduled__2024-10-01T16:30:00+00:00 [queued]>
[2025-03-30T11:29:22.733+0000] {taskinstance.py:2193} INFO - Starting attempt 1 of 2
[2025-03-30T11:29:22.748+0000] {taskinstance.py:2214} INFO - Executing <Task(PythonOperator): ingest_dummy_data> on 2024-10-01 16:30:00+00:00
[2025-03-30T11:29:22.751+0000] {standard_task_runner.py:60} INFO - Started process 4401 to run task
[2025-03-30T11:29:22.753+0000] {standard_task_runner.py:87} INFO - Running: ['***', 'tasks', 'run', 'inout_data_ingestion', 'ingest_dummy_data', 'scheduled__2024-10-01T16:30:00+00:00', '--job-id', '2175', '--raw', '--subdir', 'DAGS_FOLDER/inout_data.py', '--cfg-path', '/tmp/tmp7k4ytlnb']
[2025-03-30T11:29:22.754+0000] {standard_task_runner.py:88} INFO - Job 2175: Subtask ingest_dummy_data
[2025-03-30T11:29:22.768+0000] {warnings.py:109} WARNING - /home/***/.local/lib/python3.8/site-packages/***/settings.py:194: DeprecationWarning: The sql_alchemy_conn option in [core] has been moved to the sql_alchemy_conn option in [database] - the old setting has been used, but please update your config.
  SQL_ALCHEMY_CONN = conf.get("database", "SQL_ALCHEMY_CONN")

[2025-03-30T11:29:22.796+0000] {task_command.py:423} INFO - Running <TaskInstance: inout_data_ingestion.ingest_dummy_data scheduled__2024-10-01T16:30:00+00:00 [running]> on host ff9d64b065e6
[2025-03-30T11:29:22.861+0000] {taskinstance.py:2510} INFO - Exporting env vars: AIRFLOW_CTX_DAG_OWNER='***' AIRFLOW_CTX_DAG_ID='inout_data_ingestion' AIRFLOW_CTX_TASK_ID='ingest_dummy_data' AIRFLOW_CTX_EXECUTION_DATE='2024-10-01T16:30:00+00:00' AIRFLOW_CTX_TRY_NUMBER='1' AIRFLOW_CTX_DAG_RUN_ID='scheduled__2024-10-01T16:30:00+00:00'
[2025-03-30T11:29:22.866+0000] {logging_mixin.py:188} INFO - Successfully connected to MariaDB: INOUT on mariadb:3306
[2025-03-30T11:29:22.867+0000] {logging_mixin.py:188} INFO - General error executing query: not all arguments converted during string formatting
[2025-03-30T11:29:22.867+0000] {logging_mixin.py:188} INFO - General error executing query: not all arguments converted during string formatting
[2025-03-30T11:29:22.871+0000] {logging_mixin.py:188} INFO - General error executing query: not all arguments converted during string formatting
[2025-03-30T11:29:22.872+0000] {logging_mixin.py:188} INFO - General error executing query: not all arguments converted during string formatting
[2025-03-30T11:29:22.874+0000] {logging_mixin.py:188} INFO - General error executing query: not all arguments converted during string formatting
[2025-03-30T11:29:22.874+0000] {logging_mixin.py:188} INFO - General error executing query: not all arguments converted during string formatting
[2025-03-30T11:29:22.875+0000] {logging_mixin.py:188} INFO - General error executing query: not all arguments converted during string formatting
[2025-03-30T11:29:22.875+0000] {logging_mixin.py:188} INFO - General error executing query: not all arguments converted during string formatting
[2025-03-30T11:29:22.875+0000] {logging_mixin.py:188} INFO - General error executing query: not all arguments converted during string formatting
[2025-03-30T11:29:22.876+0000] {logging_mixin.py:188} INFO - General error executing query: not all arguments converted during string formatting
[2025-03-30T11:29:22.876+0000] {logging_mixin.py:188} INFO - General error executing query: not all arguments converted during string formatting
[2025-03-30T11:29:22.876+0000] {logging_mixin.py:188} INFO - General error executing query: not all arguments converted during string formatting
[2025-03-30T11:29:22.877+0000] {logging_mixin.py:188} INFO - General error executing query: not all arguments converted during string formatting
[2025-03-30T11:29:22.878+0000] {logging_mixin.py:188} INFO - General error executing query: not all arguments converted during string formatting
[2025-03-30T11:29:22.878+0000] {inout_data.py:87} INFO - Ingested 14 rows of dummy data for 2024-10-01 16:30:00+00:00.
[2025-03-30T11:29:22.879+0000] {logging_mixin.py:188} INFO - MariaDB connection closed.
[2025-03-30T11:29:22.879+0000] {python.py:202} INFO - Done. Returned value was: None
[2025-03-30T11:29:22.889+0000] {taskinstance.py:1149} INFO - Marking task as SUCCESS. dag_id=inout_data_ingestion, task_id=ingest_dummy_data, execution_date=20241001T163000, start_date=20250330T112922, end_date=20250330T112922
[2025-03-30T11:29:22.935+0000] {local_task_job_runner.py:234} INFO - Task exited with return code 0
[2025-03-30T11:29:22.947+0000] {taskinstance.py:3309} INFO - 0 downstream tasks scheduled from follow-on schedule check
[2025-03-30T11:34:10.493+0000] {taskinstance.py:1979} INFO - Dependencies all met for dep_context=non-requeueable deps ti=<TaskInstance: inout_data_ingestion.ingest_dummy_data scheduled__2024-10-01T16:30:00+00:00 [queued]>
[2025-03-30T11:34:10.530+0000] {taskinstance.py:1979} INFO - Dependencies all met for dep_context=requeueable deps ti=<TaskInstance: inout_data_ingestion.ingest_dummy_data scheduled__2024-10-01T16:30:00+00:00 [queued]>
[2025-03-30T11:34:10.532+0000] {taskinstance.py:2193} INFO - Starting attempt 1 of 2
[2025-03-30T11:34:10.708+0000] {taskinstance.py:2214} INFO - Executing <Task(PythonOperator): ingest_dummy_data> on 2024-10-01 16:30:00+00:00
[2025-03-30T11:34:10.759+0000] {standard_task_runner.py:60} INFO - Started process 5852 to run task
[2025-03-30T11:34:10.797+0000] {standard_task_runner.py:87} INFO - Running: ['***', 'tasks', 'run', 'inout_data_ingestion', 'ingest_dummy_data', 'scheduled__2024-10-01T16:30:00+00:00', '--job-id', '2901', '--raw', '--subdir', 'DAGS_FOLDER/inout_data.py', '--cfg-path', '/tmp/tmp5qmvhzdw']
[2025-03-30T11:34:10.805+0000] {standard_task_runner.py:88} INFO - Job 2901: Subtask ingest_dummy_data
[2025-03-30T11:34:10.890+0000] {warnings.py:109} WARNING - /home/***/.local/lib/python3.8/site-packages/***/settings.py:194: DeprecationWarning: The sql_alchemy_conn option in [core] has been moved to the sql_alchemy_conn option in [database] - the old setting has been used, but please update your config.
  SQL_ALCHEMY_CONN = conf.get("database", "SQL_ALCHEMY_CONN")

[2025-03-30T11:34:11.008+0000] {task_command.py:423} INFO - Running <TaskInstance: inout_data_ingestion.ingest_dummy_data scheduled__2024-10-01T16:30:00+00:00 [running]> on host ff9d64b065e6
[2025-03-30T11:34:11.170+0000] {taskinstance.py:2510} INFO - Exporting env vars: AIRFLOW_CTX_DAG_OWNER='***' AIRFLOW_CTX_DAG_ID='inout_data_ingestion' AIRFLOW_CTX_TASK_ID='ingest_dummy_data' AIRFLOW_CTX_EXECUTION_DATE='2024-10-01T16:30:00+00:00' AIRFLOW_CTX_TRY_NUMBER='1' AIRFLOW_CTX_DAG_RUN_ID='scheduled__2024-10-01T16:30:00+00:00'
[2025-03-30T11:34:11.179+0000] {logging_mixin.py:188} INFO - Successfully connected to MariaDB: INOUT on mariadb:3306
[2025-03-30T11:34:11.181+0000] {inout_data.py:83} INFO - {'ingested_time': datetime.datetime(2025, 3, 30, 11, 34, 11, 181608), 'timestamp': datetime.datetime(2024, 10, 1, 16, 30, tzinfo=datetime.timezone.utc), 'emp_id': 2486, 'employee_name': 'Employee1', 'factory': 'FactoryA', 'in_out': 'IN', 'entrance': 'Main', 'door_number': '8', 'function': 'IT', 'division': 'AAPD', 'department': 'ML', 'section': '1'}
[2025-03-30T11:34:11.183+0000] {logging_mixin.py:188} INFO - General error executing query: not all arguments converted during string formatting
[2025-03-30T11:34:11.185+0000] {inout_data.py:83} INFO - {'ingested_time': datetime.datetime(2025, 3, 30, 11, 34, 11, 184886), 'timestamp': datetime.datetime(2024, 10, 1, 16, 31, tzinfo=datetime.timezone.utc), 'emp_id': 7199, 'employee_name': 'Employee10', 'factory': 'FactoryA', 'in_out': 'IN', 'entrance': 'Side', 'door_number': '8', 'function': 'IT', 'division': 'AAPD', 'department': 'CAPD', 'section': '2'}
[2025-03-30T11:34:11.186+0000] {logging_mixin.py:188} INFO - General error executing query: not all arguments converted during string formatting
[2025-03-30T11:34:11.187+0000] {inout_data.py:83} INFO - {'ingested_time': datetime.datetime(2025, 3, 30, 11, 34, 11, 187542), 'timestamp': datetime.datetime(2024, 10, 1, 16, 38, tzinfo=datetime.timezone.utc), 'emp_id': 8019, 'employee_name': 'Employee30', 'factory': 'FactoryA', 'in_out': 'IN', 'entrance': 'Side', 'door_number': '7', 'function': 'IT', 'division': 'BSID', 'department': 'ML', 'section': '2'}
[2025-03-30T11:34:11.188+0000] {logging_mixin.py:188} INFO - General error executing query: not all arguments converted during string formatting
[2025-03-30T11:34:11.189+0000] {inout_data.py:83} INFO - {'ingested_time': datetime.datetime(2025, 3, 30, 11, 34, 11, 189558), 'timestamp': datetime.datetime(2024, 10, 1, 16, 36, tzinfo=datetime.timezone.utc), 'emp_id': 3849, 'employee_name': 'Employee26', 'factory': 'FactoryA', 'in_out': 'IN', 'entrance': 'Side', 'door_number': '9', 'function': 'IT', 'division': 'AAPD', 'department': 'HRSD', 'section': '2'}
[2025-03-30T11:34:11.191+0000] {logging_mixin.py:188} INFO - General error executing query: not all arguments converted during string formatting
[2025-03-30T11:34:11.192+0000] {inout_data.py:83} INFO - {'ingested_time': datetime.datetime(2025, 3, 30, 11, 34, 11, 192147), 'timestamp': datetime.datetime(2024, 10, 1, 16, 41, tzinfo=datetime.timezone.utc), 'emp_id': 1434, 'employee_name': 'Employee69', 'factory': 'FactoryA', 'in_out': 'OUT', 'entrance': 'Main', 'door_number': '10', 'function': 'IT', 'division': 'BSID', 'department': 'ML', 'section': '2'}
[2025-03-30T11:34:11.192+0000] {logging_mixin.py:188} INFO - General error executing query: not all arguments converted during string formatting
[2025-03-30T11:34:11.193+0000] {inout_data.py:83} INFO - {'ingested_time': datetime.datetime(2025, 3, 30, 11, 34, 11, 193646), 'timestamp': datetime.datetime(2024, 10, 1, 16, 56, tzinfo=datetime.timezone.utc), 'emp_id': 7287, 'employee_name': 'Employee88', 'factory': 'FactoryB', 'in_out': 'OUT', 'entrance': 'Side', 'door_number': '2', 'function': 'IT', 'division': 'AAPD', 'department': 'HRSD', 'section': '2'}
[2025-03-30T11:34:11.193+0000] {logging_mixin.py:188} INFO - General error executing query: not all arguments converted during string formatting
[2025-03-30T11:34:11.195+0000] {inout_data.py:83} INFO - {'ingested_time': datetime.datetime(2025, 3, 30, 11, 34, 11, 195801), 'timestamp': datetime.datetime(2024, 10, 1, 16, 46, tzinfo=datetime.timezone.utc), 'emp_id': 4126, 'employee_name': 'Employee70', 'factory': 'FactoryA', 'in_out': 'OUT', 'entrance': 'Main', 'door_number': '4', 'function': 'IT', 'division': 'BSID', 'department': 'CAPD', 'section': '2'}
[2025-03-30T11:34:11.196+0000] {logging_mixin.py:188} INFO - General error executing query: not all arguments converted during string formatting
[2025-03-30T11:34:11.196+0000] {inout_data.py:88} INFO - Ingested 7 rows of dummy data for 2024-10-01 16:30:00+00:00.
[2025-03-30T11:34:11.197+0000] {logging_mixin.py:188} INFO - MariaDB connection closed.
[2025-03-30T11:34:11.197+0000] {python.py:202} INFO - Done. Returned value was: None
[2025-03-30T11:34:11.215+0000] {taskinstance.py:1149} INFO - Marking task as SUCCESS. dag_id=inout_data_ingestion, task_id=ingest_dummy_data, execution_date=20241001T163000, start_date=20250330T113410, end_date=20250330T113411
[2025-03-30T11:34:11.279+0000] {local_task_job_runner.py:234} INFO - Task exited with return code 0
[2025-03-30T11:34:11.311+0000] {taskinstance.py:3309} INFO - 0 downstream tasks scheduled from follow-on schedule check
[2025-03-30T11:41:48.926+0000] {taskinstance.py:1979} INFO - Dependencies all met for dep_context=non-requeueable deps ti=<TaskInstance: inout_data_ingestion.ingest_dummy_data scheduled__2024-10-01T16:30:00+00:00 [queued]>
[2025-03-30T11:41:48.959+0000] {taskinstance.py:1979} INFO - Dependencies all met for dep_context=requeueable deps ti=<TaskInstance: inout_data_ingestion.ingest_dummy_data scheduled__2024-10-01T16:30:00+00:00 [queued]>
[2025-03-30T11:41:48.962+0000] {taskinstance.py:2193} INFO - Starting attempt 1 of 2
[2025-03-30T11:41:49.013+0000] {taskinstance.py:2214} INFO - Executing <Task(PythonOperator): ingest_dummy_data> on 2024-10-01 16:30:00+00:00
[2025-03-30T11:41:49.037+0000] {standard_task_runner.py:60} INFO - Started process 7199 to run task
[2025-03-30T11:41:49.062+0000] {standard_task_runner.py:87} INFO - Running: ['***', 'tasks', 'run', 'inout_data_ingestion', 'ingest_dummy_data', 'scheduled__2024-10-01T16:30:00+00:00', '--job-id', '3574', '--raw', '--subdir', 'DAGS_FOLDER/inout_data.py', '--cfg-path', '/tmp/tmp95xs7f5o']
[2025-03-30T11:41:49.065+0000] {standard_task_runner.py:88} INFO - Job 3574: Subtask ingest_dummy_data
[2025-03-30T11:41:49.118+0000] {warnings.py:109} WARNING - /home/***/.local/lib/python3.8/site-packages/***/settings.py:194: DeprecationWarning: The sql_alchemy_conn option in [core] has been moved to the sql_alchemy_conn option in [database] - the old setting has been used, but please update your config.
  SQL_ALCHEMY_CONN = conf.get("database", "SQL_ALCHEMY_CONN")

[2025-03-30T11:41:49.244+0000] {task_command.py:423} INFO - Running <TaskInstance: inout_data_ingestion.ingest_dummy_data scheduled__2024-10-01T16:30:00+00:00 [running]> on host ff9d64b065e6
[2025-03-30T11:41:49.446+0000] {taskinstance.py:2510} INFO - Exporting env vars: AIRFLOW_CTX_DAG_OWNER='***' AIRFLOW_CTX_DAG_ID='inout_data_ingestion' AIRFLOW_CTX_TASK_ID='ingest_dummy_data' AIRFLOW_CTX_EXECUTION_DATE='2024-10-01T16:30:00+00:00' AIRFLOW_CTX_TRY_NUMBER='1' AIRFLOW_CTX_DAG_RUN_ID='scheduled__2024-10-01T16:30:00+00:00'
[2025-03-30T11:41:49.475+0000] {logging_mixin.py:188} INFO - Successfully connected to MariaDB: INOUT on mariadb:3306
[2025-03-30T11:41:49.479+0000] {inout_data.py:83} INFO - {'ingested_time': datetime.datetime(2025, 3, 30, 11, 41, 49, 479302), 'timestamp': datetime.datetime(2024, 10, 1, 16, 39, tzinfo=datetime.timezone.utc), 'emp_id': 9927, 'employee_name': 'Employee61', 'factory': 'FactoryA', 'in_out': 'OUT', 'entrance': 'Side', 'door_number': '6', 'function': 'IT', 'division': 'BSID', 'department': 'CAPD', 'section': '2'}
[2025-03-30T11:41:49.489+0000] {inout_data.py:99} INFO - Query: INSERT INTO emp_inout_rec (ingested_time, timestamp, employee_id, employee_name, factory, in_out, entrance, door_number, function, division, department, section) VALUES (%s, %s, %s, %s, %s, %s, %s, %s, %s, %s, %s)
[2025-03-30T11:41:49.498+0000] {inout_data.py:100} INFO - Params: ('2025-03-30 11:41:49', '2024-10-01 16:39:00', 9927, 'Employee61', 'FactoryA', 'OUT', 'Side', '6', 'IT', 'BSID', 'CAPD', '2')
[2025-03-30T11:41:49.499+0000] {logging_mixin.py:188} INFO - General error executing query: not all arguments converted during string formatting
[2025-03-30T11:41:49.501+0000] {inout_data.py:83} INFO - {'ingested_time': datetime.datetime(2025, 3, 30, 11, 41, 49, 501130), 'timestamp': datetime.datetime(2024, 10, 1, 16, 53, tzinfo=datetime.timezone.utc), 'emp_id': 9062, 'employee_name': 'Employee100', 'factory': 'FactoryA', 'in_out': 'IN', 'entrance': 'Side', 'door_number': '1', 'function': 'IT', 'division': 'BSID', 'department': 'ML', 'section': '1'}
[2025-03-30T11:41:49.503+0000] {inout_data.py:99} INFO - Query: INSERT INTO emp_inout_rec (ingested_time, timestamp, employee_id, employee_name, factory, in_out, entrance, door_number, function, division, department, section) VALUES (%s, %s, %s, %s, %s, %s, %s, %s, %s, %s, %s)
[2025-03-30T11:41:49.507+0000] {inout_data.py:100} INFO - Params: ('2025-03-30 11:41:49', '2024-10-01 16:53:00', 9062, 'Employee100', 'FactoryA', 'IN', 'Side', '1', 'IT', 'BSID', 'ML', '1')
[2025-03-30T11:41:49.510+0000] {logging_mixin.py:188} INFO - General error executing query: not all arguments converted during string formatting
[2025-03-30T11:41:49.512+0000] {inout_data.py:83} INFO - {'ingested_time': datetime.datetime(2025, 3, 30, 11, 41, 49, 512187), 'timestamp': datetime.datetime(2024, 10, 1, 16, 52, tzinfo=datetime.timezone.utc), 'emp_id': 5935, 'employee_name': 'Employee97', 'factory': 'FactoryA', 'in_out': 'OUT', 'entrance': 'Main', 'door_number': '3', 'function': 'IT', 'division': 'BSID', 'department': 'HRSD', 'section': '1'}
[2025-03-30T11:41:49.513+0000] {inout_data.py:99} INFO - Query: INSERT INTO emp_inout_rec (ingested_time, timestamp, employee_id, employee_name, factory, in_out, entrance, door_number, function, division, department, section) VALUES (%s, %s, %s, %s, %s, %s, %s, %s, %s, %s, %s)
[2025-03-30T11:41:49.516+0000] {inout_data.py:100} INFO - Params: ('2025-03-30 11:41:49', '2024-10-01 16:52:00', 5935, 'Employee97', 'FactoryA', 'OUT', 'Main', '3', 'IT', 'BSID', 'HRSD', '1')
[2025-03-30T11:41:49.523+0000] {logging_mixin.py:188} INFO - General error executing query: not all arguments converted during string formatting
[2025-03-30T11:41:49.526+0000] {inout_data.py:83} INFO - {'ingested_time': datetime.datetime(2025, 3, 30, 11, 41, 49, 526492), 'timestamp': datetime.datetime(2024, 10, 1, 16, 59, tzinfo=datetime.timezone.utc), 'emp_id': 1756, 'employee_name': 'Employee35', 'factory': 'FactoryB', 'in_out': 'OUT', 'entrance': 'Side', 'door_number': '8', 'function': 'IT', 'division': 'BSID', 'department': 'CAPD', 'section': '1'}
[2025-03-30T11:41:49.529+0000] {inout_data.py:99} INFO - Query: INSERT INTO emp_inout_rec (ingested_time, timestamp, employee_id, employee_name, factory, in_out, entrance, door_number, function, division, department, section) VALUES (%s, %s, %s, %s, %s, %s, %s, %s, %s, %s, %s)
[2025-03-30T11:41:49.530+0000] {inout_data.py:100} INFO - Params: ('2025-03-30 11:41:49', '2024-10-01 16:59:00', 1756, 'Employee35', 'FactoryB', 'OUT', 'Side', '8', 'IT', 'BSID', 'CAPD', '1')
[2025-03-30T11:41:49.533+0000] {logging_mixin.py:188} INFO - General error executing query: not all arguments converted during string formatting
[2025-03-30T11:41:49.540+0000] {inout_data.py:83} INFO - {'ingested_time': datetime.datetime(2025, 3, 30, 11, 41, 49, 540217), 'timestamp': datetime.datetime(2024, 10, 1, 16, 55, tzinfo=datetime.timezone.utc), 'emp_id': 3170, 'employee_name': 'Employee7', 'factory': 'FactoryA', 'in_out': 'IN', 'entrance': 'Main', 'door_number': '2', 'function': 'IT', 'division': 'AAPD', 'department': 'HRSD', 'section': '2'}
[2025-03-30T11:41:49.544+0000] {inout_data.py:99} INFO - Query: INSERT INTO emp_inout_rec (ingested_time, timestamp, employee_id, employee_name, factory, in_out, entrance, door_number, function, division, department, section) VALUES (%s, %s, %s, %s, %s, %s, %s, %s, %s, %s, %s)
[2025-03-30T11:41:49.546+0000] {inout_data.py:100} INFO - Params: ('2025-03-30 11:41:49', '2024-10-01 16:55:00', 3170, 'Employee7', 'FactoryA', 'IN', 'Main', '2', 'IT', 'AAPD', 'HRSD', '2')
[2025-03-30T11:41:49.547+0000] {logging_mixin.py:188} INFO - General error executing query: not all arguments converted during string formatting
[2025-03-30T11:41:49.550+0000] {inout_data.py:83} INFO - {'ingested_time': datetime.datetime(2025, 3, 30, 11, 41, 49, 550712), 'timestamp': datetime.datetime(2024, 10, 1, 16, 36, tzinfo=datetime.timezone.utc), 'emp_id': 6595, 'employee_name': 'Employee61', 'factory': 'FactoryB', 'in_out': 'IN', 'entrance': 'Side', 'door_number': '6', 'function': 'IT', 'division': 'BSID', 'department': 'HRSD', 'section': '2'}
[2025-03-30T11:41:49.552+0000] {inout_data.py:99} INFO - Query: INSERT INTO emp_inout_rec (ingested_time, timestamp, employee_id, employee_name, factory, in_out, entrance, door_number, function, division, department, section) VALUES (%s, %s, %s, %s, %s, %s, %s, %s, %s, %s, %s)
[2025-03-30T11:41:49.553+0000] {inout_data.py:100} INFO - Params: ('2025-03-30 11:41:49', '2024-10-01 16:36:00', 6595, 'Employee61', 'FactoryB', 'IN', 'Side', '6', 'IT', 'BSID', 'HRSD', '2')
[2025-03-30T11:41:49.560+0000] {logging_mixin.py:188} INFO - General error executing query: not all arguments converted during string formatting
[2025-03-30T11:41:49.568+0000] {inout_data.py:83} INFO - {'ingested_time': datetime.datetime(2025, 3, 30, 11, 41, 49, 568215), 'timestamp': datetime.datetime(2024, 10, 1, 16, 41, tzinfo=datetime.timezone.utc), 'emp_id': 1717, 'employee_name': 'Employee82', 'factory': 'FactoryA', 'in_out': 'IN', 'entrance': 'Side', 'door_number': '8', 'function': 'IT', 'division': 'BSID', 'department': 'HRSD', 'section': '1'}
[2025-03-30T11:41:49.573+0000] {inout_data.py:99} INFO - Query: INSERT INTO emp_inout_rec (ingested_time, timestamp, employee_id, employee_name, factory, in_out, entrance, door_number, function, division, department, section) VALUES (%s, %s, %s, %s, %s, %s, %s, %s, %s, %s, %s)
[2025-03-30T11:41:49.574+0000] {inout_data.py:100} INFO - Params: ('2025-03-30 11:41:49', '2024-10-01 16:41:00', 1717, 'Employee82', 'FactoryA', 'IN', 'Side', '8', 'IT', 'BSID', 'HRSD', '1')
[2025-03-30T11:41:49.578+0000] {logging_mixin.py:188} INFO - General error executing query: not all arguments converted during string formatting
[2025-03-30T11:41:49.579+0000] {inout_data.py:83} INFO - {'ingested_time': datetime.datetime(2025, 3, 30, 11, 41, 49, 579932), 'timestamp': datetime.datetime(2024, 10, 1, 16, 56, tzinfo=datetime.timezone.utc), 'emp_id': 5515, 'employee_name': 'Employee18', 'factory': 'FactoryB', 'in_out': 'OUT', 'entrance': 'Side', 'door_number': '7', 'function': 'IT', 'division': 'AAPD', 'department': 'CAPD', 'section': '2'}
[2025-03-30T11:41:49.583+0000] {inout_data.py:99} INFO - Query: INSERT INTO emp_inout_rec (ingested_time, timestamp, employee_id, employee_name, factory, in_out, entrance, door_number, function, division, department, section) VALUES (%s, %s, %s, %s, %s, %s, %s, %s, %s, %s, %s)
[2025-03-30T11:41:49.584+0000] {inout_data.py:100} INFO - Params: ('2025-03-30 11:41:49', '2024-10-01 16:56:00', 5515, 'Employee18', 'FactoryB', 'OUT', 'Side', '7', 'IT', 'AAPD', 'CAPD', '2')
[2025-03-30T11:41:49.586+0000] {logging_mixin.py:188} INFO - General error executing query: not all arguments converted during string formatting
[2025-03-30T11:41:49.591+0000] {inout_data.py:83} INFO - {'ingested_time': datetime.datetime(2025, 3, 30, 11, 41, 49, 591491), 'timestamp': datetime.datetime(2024, 10, 1, 16, 45, tzinfo=datetime.timezone.utc), 'emp_id': 7757, 'employee_name': 'Employee83', 'factory': 'FactoryB', 'in_out': 'IN', 'entrance': 'Side', 'door_number': '7', 'function': 'IT', 'division': 'BSID', 'department': 'HRSD', 'section': '1'}
[2025-03-30T11:41:49.593+0000] {inout_data.py:99} INFO - Query: INSERT INTO emp_inout_rec (ingested_time, timestamp, employee_id, employee_name, factory, in_out, entrance, door_number, function, division, department, section) VALUES (%s, %s, %s, %s, %s, %s, %s, %s, %s, %s, %s)
[2025-03-30T11:41:49.595+0000] {inout_data.py:100} INFO - Params: ('2025-03-30 11:41:49', '2024-10-01 16:45:00', 7757, 'Employee83', 'FactoryB', 'IN', 'Side', '7', 'IT', 'BSID', 'HRSD', '1')
[2025-03-30T11:41:49.604+0000] {logging_mixin.py:188} INFO - General error executing query: not all arguments converted during string formatting
[2025-03-30T11:41:49.608+0000] {inout_data.py:83} INFO - {'ingested_time': datetime.datetime(2025, 3, 30, 11, 41, 49, 608334), 'timestamp': datetime.datetime(2024, 10, 1, 16, 42, tzinfo=datetime.timezone.utc), 'emp_id': 1277, 'employee_name': 'Employee94', 'factory': 'FactoryB', 'in_out': 'IN', 'entrance': 'Side', 'door_number': '1', 'function': 'IT', 'division': 'BSID', 'department': 'CAPD', 'section': '1'}
[2025-03-30T11:41:49.611+0000] {inout_data.py:99} INFO - Query: INSERT INTO emp_inout_rec (ingested_time, timestamp, employee_id, employee_name, factory, in_out, entrance, door_number, function, division, department, section) VALUES (%s, %s, %s, %s, %s, %s, %s, %s, %s, %s, %s)
[2025-03-30T11:41:49.618+0000] {inout_data.py:100} INFO - Params: ('2025-03-30 11:41:49', '2024-10-01 16:42:00', 1277, 'Employee94', 'FactoryB', 'IN', 'Side', '1', 'IT', 'BSID', 'CAPD', '1')
[2025-03-30T11:41:49.626+0000] {logging_mixin.py:188} INFO - General error executing query: not all arguments converted during string formatting
[2025-03-30T11:41:49.632+0000] {inout_data.py:83} INFO - {'ingested_time': datetime.datetime(2025, 3, 30, 11, 41, 49, 632837), 'timestamp': datetime.datetime(2024, 10, 1, 16, 34, tzinfo=datetime.timezone.utc), 'emp_id': 9766, 'employee_name': 'Employee68', 'factory': 'FactoryB', 'in_out': 'OUT', 'entrance': 'Side', 'door_number': '1', 'function': 'IT', 'division': 'AAPD', 'department': 'HRSD', 'section': '2'}
[2025-03-30T11:41:49.641+0000] {inout_data.py:99} INFO - Query: INSERT INTO emp_inout_rec (ingested_time, timestamp, employee_id, employee_name, factory, in_out, entrance, door_number, function, division, department, section) VALUES (%s, %s, %s, %s, %s, %s, %s, %s, %s, %s, %s)
[2025-03-30T11:41:49.643+0000] {inout_data.py:100} INFO - Params: ('2025-03-30 11:41:49', '2024-10-01 16:34:00', 9766, 'Employee68', 'FactoryB', 'OUT', 'Side', '1', 'IT', 'AAPD', 'HRSD', '2')
[2025-03-30T11:41:49.644+0000] {logging_mixin.py:188} INFO - General error executing query: not all arguments converted during string formatting
[2025-03-30T11:41:49.647+0000] {inout_data.py:83} INFO - {'ingested_time': datetime.datetime(2025, 3, 30, 11, 41, 49, 647440), 'timestamp': datetime.datetime(2024, 10, 1, 16, 35, tzinfo=datetime.timezone.utc), 'emp_id': 4923, 'employee_name': 'Employee74', 'factory': 'FactoryB', 'in_out': 'IN', 'entrance': 'Side', 'door_number': '7', 'function': 'IT', 'division': 'AAPD', 'department': 'ML', 'section': '2'}
[2025-03-30T11:41:49.652+0000] {inout_data.py:99} INFO - Query: INSERT INTO emp_inout_rec (ingested_time, timestamp, employee_id, employee_name, factory, in_out, entrance, door_number, function, division, department, section) VALUES (%s, %s, %s, %s, %s, %s, %s, %s, %s, %s, %s)
[2025-03-30T11:41:49.653+0000] {inout_data.py:100} INFO - Params: ('2025-03-30 11:41:49', '2024-10-01 16:35:00', 4923, 'Employee74', 'FactoryB', 'IN', 'Side', '7', 'IT', 'AAPD', 'ML', '2')
[2025-03-30T11:41:49.660+0000] {logging_mixin.py:188} INFO - General error executing query: not all arguments converted during string formatting
[2025-03-30T11:41:49.660+0000] {inout_data.py:102} INFO - Ingested 12 rows of dummy data for 2024-10-01 16:30:00+00:00.
[2025-03-30T11:41:49.661+0000] {logging_mixin.py:188} INFO - MariaDB connection closed.
[2025-03-30T11:41:49.661+0000] {python.py:202} INFO - Done. Returned value was: None
[2025-03-30T11:41:49.727+0000] {taskinstance.py:1149} INFO - Marking task as SUCCESS. dag_id=inout_data_ingestion, task_id=ingest_dummy_data, execution_date=20241001T163000, start_date=20250330T114148, end_date=20250330T114149
[2025-03-30T11:41:49.906+0000] {local_task_job_runner.py:234} INFO - Task exited with return code 0
[2025-03-30T11:41:50.105+0000] {taskinstance.py:3309} INFO - 0 downstream tasks scheduled from follow-on schedule check
