[2025-03-30T11:09:08.861+0000] {taskinstance.py:1979} INFO - Dependencies all met for dep_context=non-requeueable deps ti=<TaskInstance: inout_data_ingestion.ingest_dummy_data scheduled__2024-09-29T17:00:00+00:00 [queued]>
[2025-03-30T11:09:08.882+0000] {taskinstance.py:1979} INFO - Dependencies all met for dep_context=requeueable deps ti=<TaskInstance: inout_data_ingestion.ingest_dummy_data scheduled__2024-09-29T17:00:00+00:00 [queued]>
[2025-03-30T11:09:08.883+0000] {taskinstance.py:2193} INFO - Starting attempt 1 of 2
[2025-03-30T11:09:08.939+0000] {taskinstance.py:2214} INFO - Executing <Task(PythonOperator): ingest_dummy_data> on 2024-09-29 17:00:00+00:00
[2025-03-30T11:09:08.947+0000] {standard_task_runner.py:60} INFO - Started process 249 to run task
[2025-03-30T11:09:08.952+0000] {standard_task_runner.py:87} INFO - Running: ['***', 'tasks', 'run', 'inout_data_ingestion', 'ingest_dummy_data', 'scheduled__2024-09-29T17:00:00+00:00', '--job-id', '98', '--raw', '--subdir', 'DAGS_FOLDER/inout_data.py', '--cfg-path', '/tmp/tmpw7et0z0n']
[2025-03-30T11:09:08.955+0000] {standard_task_runner.py:88} INFO - Job 98: Subtask ingest_dummy_data
[2025-03-30T11:09:08.991+0000] {warnings.py:109} WARNING - /home/***/.local/lib/python3.8/site-packages/***/settings.py:194: DeprecationWarning: The sql_alchemy_conn option in [core] has been moved to the sql_alchemy_conn option in [database] - the old setting has been used, but please update your config.
  SQL_ALCHEMY_CONN = conf.get("database", "SQL_ALCHEMY_CONN")

[2025-03-30T11:09:09.069+0000] {task_command.py:423} INFO - Running <TaskInstance: inout_data_ingestion.ingest_dummy_data scheduled__2024-09-29T17:00:00+00:00 [running]> on host ff9d64b065e6
[2025-03-30T11:09:09.218+0000] {taskinstance.py:2510} INFO - Exporting env vars: AIRFLOW_CTX_DAG_OWNER='***' AIRFLOW_CTX_DAG_ID='inout_data_ingestion' AIRFLOW_CTX_TASK_ID='ingest_dummy_data' AIRFLOW_CTX_EXECUTION_DATE='2024-09-29T17:00:00+00:00' AIRFLOW_CTX_TRY_NUMBER='1' AIRFLOW_CTX_DAG_RUN_ID='scheduled__2024-09-29T17:00:00+00:00'
[2025-03-30T11:09:09.234+0000] {inout_data.py:42} INFO - Successfully connected to MariaDB: INOUT on mariadb:3306
[2025-03-30T11:09:09.238+0000] {inout_data.py:63} ERROR - Error executing query: (1062, "Duplicate entry '2025-03-30 11:09:09-7378' for key 'PRIMARY'")
[2025-03-30T11:09:09.240+0000] {inout_data.py:63} ERROR - Error executing query: (1062, "Duplicate entry '2025-03-30 11:09:09-7378' for key 'PRIMARY'")
[2025-03-30T11:09:09.245+0000] {inout_data.py:63} ERROR - Error executing query: (1062, "Duplicate entry '2025-03-30 11:09:09-7378' for key 'PRIMARY'")
[2025-03-30T11:09:09.248+0000] {inout_data.py:63} ERROR - Error executing query: (1062, "Duplicate entry '2025-03-30 11:09:09-7378' for key 'PRIMARY'")
[2025-03-30T11:09:09.250+0000] {inout_data.py:63} ERROR - Error executing query: (1062, "Duplicate entry '2025-03-30 11:09:09-7378' for key 'PRIMARY'")
[2025-03-30T11:09:09.252+0000] {inout_data.py:63} ERROR - Error executing query: (1062, "Duplicate entry '2025-03-30 11:09:09-7378' for key 'PRIMARY'")
[2025-03-30T11:09:09.253+0000] {inout_data.py:63} ERROR - Error executing query: (1062, "Duplicate entry '2025-03-30 11:09:09-7378' for key 'PRIMARY'")
[2025-03-30T11:09:09.255+0000] {inout_data.py:63} ERROR - Error executing query: (1062, "Duplicate entry '2025-03-30 11:09:09-7378' for key 'PRIMARY'")
[2025-03-30T11:09:09.259+0000] {inout_data.py:63} ERROR - Error executing query: (1062, "Duplicate entry '2025-03-30 11:09:09-7378' for key 'PRIMARY'")
[2025-03-30T11:09:09.261+0000] {inout_data.py:63} ERROR - Error executing query: (1062, "Duplicate entry '2025-03-30 11:09:09-7378' for key 'PRIMARY'")
[2025-03-30T11:09:09.262+0000] {inout_data.py:63} ERROR - Error executing query: (1062, "Duplicate entry '2025-03-30 11:09:09-7378' for key 'PRIMARY'")
[2025-03-30T11:09:09.265+0000] {inout_data.py:63} ERROR - Error executing query: (1062, "Duplicate entry '2025-03-30 11:09:09-7378' for key 'PRIMARY'")
[2025-03-30T11:09:09.267+0000] {inout_data.py:63} ERROR - Error executing query: (1062, "Duplicate entry '2025-03-30 11:09:09-7378' for key 'PRIMARY'")
[2025-03-30T11:09:09.269+0000] {inout_data.py:63} ERROR - Error executing query: (1062, "Duplicate entry '2025-03-30 11:09:09-7378' for key 'PRIMARY'")
[2025-03-30T11:09:09.270+0000] {inout_data.py:63} ERROR - Error executing query: (1062, "Duplicate entry '2025-03-30 11:09:09-7378' for key 'PRIMARY'")
[2025-03-30T11:09:09.271+0000] {inout_data.py:63} ERROR - Error executing query: (1062, "Duplicate entry '2025-03-30 11:09:09-7378' for key 'PRIMARY'")
[2025-03-30T11:09:09.272+0000] {inout_data.py:63} ERROR - Error executing query: (1062, "Duplicate entry '2025-03-30 11:09:09-7378' for key 'PRIMARY'")
[2025-03-30T11:09:09.272+0000] {inout_data.py:63} ERROR - Error executing query: (1062, "Duplicate entry '2025-03-30 11:09:09-7378' for key 'PRIMARY'")
[2025-03-30T11:09:09.273+0000] {inout_data.py:63} ERROR - Error executing query: (1062, "Duplicate entry '2025-03-30 11:09:09-7378' for key 'PRIMARY'")
[2025-03-30T11:09:09.274+0000] {inout_data.py:159} INFO - Ingested 20 rows of dummy data.
[2025-03-30T11:09:09.275+0000] {inout_data.py:78} INFO - MariaDB connection closed.
[2025-03-30T11:09:09.276+0000] {python.py:202} INFO - Done. Returned value was: None
[2025-03-30T11:09:09.299+0000] {taskinstance.py:1149} INFO - Marking task as SUCCESS. dag_id=inout_data_ingestion, task_id=ingest_dummy_data, execution_date=20240929T170000, start_date=20250330T110908, end_date=20250330T110909
[2025-03-30T11:09:09.354+0000] {local_task_job_runner.py:234} INFO - Task exited with return code 0
[2025-03-30T11:09:09.397+0000] {taskinstance.py:3309} INFO - 0 downstream tasks scheduled from follow-on schedule check
[2025-03-30T11:15:49.658+0000] {taskinstance.py:1979} INFO - Dependencies all met for dep_context=non-requeueable deps ti=<TaskInstance: inout_data_ingestion.ingest_dummy_data scheduled__2024-09-29T17:00:00+00:00 [queued]>
[2025-03-30T11:15:49.688+0000] {taskinstance.py:1979} INFO - Dependencies all met for dep_context=requeueable deps ti=<TaskInstance: inout_data_ingestion.ingest_dummy_data scheduled__2024-09-29T17:00:00+00:00 [queued]>
[2025-03-30T11:15:49.689+0000] {taskinstance.py:2193} INFO - Starting attempt 1 of 2
[2025-03-30T11:15:49.722+0000] {taskinstance.py:2214} INFO - Executing <Task(PythonOperator): ingest_dummy_data> on 2024-09-29 17:00:00+00:00
[2025-03-30T11:15:49.735+0000] {standard_task_runner.py:60} INFO - Started process 2103 to run task
[2025-03-30T11:15:49.740+0000] {standard_task_runner.py:87} INFO - Running: ['***', 'tasks', 'run', 'inout_data_ingestion', 'ingest_dummy_data', 'scheduled__2024-09-29T17:00:00+00:00', '--job-id', '1026', '--raw', '--subdir', 'DAGS_FOLDER/inout_data.py', '--cfg-path', '/tmp/tmp01yjpw8j']
[2025-03-30T11:15:49.742+0000] {standard_task_runner.py:88} INFO - Job 1026: Subtask ingest_dummy_data
[2025-03-30T11:15:49.763+0000] {warnings.py:109} WARNING - /home/***/.local/lib/python3.8/site-packages/***/settings.py:194: DeprecationWarning: The sql_alchemy_conn option in [core] has been moved to the sql_alchemy_conn option in [database] - the old setting has been used, but please update your config.
  SQL_ALCHEMY_CONN = conf.get("database", "SQL_ALCHEMY_CONN")

[2025-03-30T11:15:49.829+0000] {task_command.py:423} INFO - Running <TaskInstance: inout_data_ingestion.ingest_dummy_data scheduled__2024-09-29T17:00:00+00:00 [running]> on host ff9d64b065e6
[2025-03-30T11:15:50.141+0000] {taskinstance.py:2510} INFO - Exporting env vars: AIRFLOW_CTX_DAG_OWNER='***' AIRFLOW_CTX_DAG_ID='inout_data_ingestion' AIRFLOW_CTX_TASK_ID='ingest_dummy_data' AIRFLOW_CTX_EXECUTION_DATE='2024-09-29T17:00:00+00:00' AIRFLOW_CTX_TRY_NUMBER='1' AIRFLOW_CTX_DAG_RUN_ID='scheduled__2024-09-29T17:00:00+00:00'
[2025-03-30T11:15:50.166+0000] {inout_data.py:42} INFO - Successfully connected to MariaDB: INOUT on mariadb:3306
[2025-03-30T11:15:50.172+0000] {inout_data.py:63} ERROR - Error executing query: (1062, "Duplicate entry '2025-03-30 11:15:50-2922' for key 'PRIMARY'")
[2025-03-30T11:15:50.183+0000] {inout_data.py:63} ERROR - Error executing query: (1062, "Duplicate entry '2025-03-30 11:15:50-2922' for key 'PRIMARY'")
[2025-03-30T11:15:50.189+0000] {inout_data.py:63} ERROR - Error executing query: (1062, "Duplicate entry '2025-03-30 11:15:50-2922' for key 'PRIMARY'")
[2025-03-30T11:15:50.197+0000] {inout_data.py:63} ERROR - Error executing query: (1062, "Duplicate entry '2025-03-30 11:15:50-2922' for key 'PRIMARY'")
[2025-03-30T11:15:50.202+0000] {inout_data.py:63} ERROR - Error executing query: (1062, "Duplicate entry '2025-03-30 11:15:50-2922' for key 'PRIMARY'")
[2025-03-30T11:15:50.205+0000] {inout_data.py:63} ERROR - Error executing query: (1062, "Duplicate entry '2025-03-30 11:15:50-2922' for key 'PRIMARY'")
[2025-03-30T11:15:50.213+0000] {inout_data.py:63} ERROR - Error executing query: (1062, "Duplicate entry '2025-03-30 11:15:50-2922' for key 'PRIMARY'")
[2025-03-30T11:15:50.220+0000] {inout_data.py:63} ERROR - Error executing query: (1062, "Duplicate entry '2025-03-30 11:15:50-2922' for key 'PRIMARY'")
[2025-03-30T11:15:50.228+0000] {inout_data.py:152} INFO - Ingested 9 rows of dummy data.
[2025-03-30T11:15:50.229+0000] {inout_data.py:78} INFO - MariaDB connection closed.
[2025-03-30T11:15:50.230+0000] {python.py:202} INFO - Done. Returned value was: None
[2025-03-30T11:15:50.269+0000] {taskinstance.py:1149} INFO - Marking task as SUCCESS. dag_id=inout_data_ingestion, task_id=ingest_dummy_data, execution_date=20240929T170000, start_date=20250330T111549, end_date=20250330T111550
[2025-03-30T11:15:50.338+0000] {local_task_job_runner.py:234} INFO - Task exited with return code 0
[2025-03-30T11:15:50.434+0000] {taskinstance.py:3309} INFO - 0 downstream tasks scheduled from follow-on schedule check
[2025-03-30T11:28:19.097+0000] {taskinstance.py:1979} INFO - Dependencies all met for dep_context=non-requeueable deps ti=<TaskInstance: inout_data_ingestion.ingest_dummy_data scheduled__2024-09-29T17:00:00+00:00 [queued]>
[2025-03-30T11:28:19.103+0000] {taskinstance.py:1979} INFO - Dependencies all met for dep_context=requeueable deps ti=<TaskInstance: inout_data_ingestion.ingest_dummy_data scheduled__2024-09-29T17:00:00+00:00 [queued]>
[2025-03-30T11:28:19.103+0000] {taskinstance.py:2193} INFO - Starting attempt 1 of 2
[2025-03-30T11:28:19.115+0000] {taskinstance.py:2214} INFO - Executing <Task(PythonOperator): ingest_dummy_data> on 2024-09-29 17:00:00+00:00
[2025-03-30T11:28:19.117+0000] {standard_task_runner.py:60} INFO - Started process 4014 to run task
[2025-03-30T11:28:19.120+0000] {standard_task_runner.py:87} INFO - Running: ['***', 'tasks', 'run', 'inout_data_ingestion', 'ingest_dummy_data', 'scheduled__2024-09-29T17:00:00+00:00', '--job-id', '1982', '--raw', '--subdir', 'DAGS_FOLDER/inout_data.py', '--cfg-path', '/tmp/tmp6lwg2v0g']
[2025-03-30T11:28:19.121+0000] {standard_task_runner.py:88} INFO - Job 1982: Subtask ingest_dummy_data
[2025-03-30T11:28:19.130+0000] {warnings.py:109} WARNING - /home/***/.local/lib/python3.8/site-packages/***/settings.py:194: DeprecationWarning: The sql_alchemy_conn option in [core] has been moved to the sql_alchemy_conn option in [database] - the old setting has been used, but please update your config.
  SQL_ALCHEMY_CONN = conf.get("database", "SQL_ALCHEMY_CONN")

[2025-03-30T11:28:19.154+0000] {task_command.py:423} INFO - Running <TaskInstance: inout_data_ingestion.ingest_dummy_data scheduled__2024-09-29T17:00:00+00:00 [running]> on host ff9d64b065e6
[2025-03-30T11:28:19.191+0000] {taskinstance.py:2510} INFO - Exporting env vars: AIRFLOW_CTX_DAG_OWNER='***' AIRFLOW_CTX_DAG_ID='inout_data_ingestion' AIRFLOW_CTX_TASK_ID='ingest_dummy_data' AIRFLOW_CTX_EXECUTION_DATE='2024-09-29T17:00:00+00:00' AIRFLOW_CTX_TRY_NUMBER='1' AIRFLOW_CTX_DAG_RUN_ID='scheduled__2024-09-29T17:00:00+00:00'
[2025-03-30T11:28:19.193+0000] {logging_mixin.py:188} INFO - Successfully connected to MariaDB: INOUT on mariadb:3306
[2025-03-30T11:28:19.194+0000] {logging_mixin.py:188} INFO - General error executing query: not all arguments converted during string formatting
[2025-03-30T11:28:19.195+0000] {logging_mixin.py:188} INFO - General error executing query: not all arguments converted during string formatting
[2025-03-30T11:28:19.195+0000] {logging_mixin.py:188} INFO - General error executing query: not all arguments converted during string formatting
[2025-03-30T11:28:19.195+0000] {logging_mixin.py:188} INFO - General error executing query: not all arguments converted during string formatting
[2025-03-30T11:28:19.196+0000] {logging_mixin.py:188} INFO - General error executing query: not all arguments converted during string formatting
[2025-03-30T11:28:19.196+0000] {logging_mixin.py:188} INFO - General error executing query: not all arguments converted during string formatting
[2025-03-30T11:28:19.196+0000] {inout_data.py:87} INFO - Ingested 6 rows of dummy data for 2024-09-29 17:00:00+00:00.
[2025-03-30T11:28:19.196+0000] {logging_mixin.py:188} INFO - MariaDB connection closed.
[2025-03-30T11:28:19.196+0000] {python.py:202} INFO - Done. Returned value was: None
[2025-03-30T11:28:19.200+0000] {taskinstance.py:1149} INFO - Marking task as SUCCESS. dag_id=inout_data_ingestion, task_id=ingest_dummy_data, execution_date=20240929T170000, start_date=20250330T112819, end_date=20250330T112819
[2025-03-30T11:28:19.219+0000] {local_task_job_runner.py:234} INFO - Task exited with return code 0
[2025-03-30T11:28:19.226+0000] {taskinstance.py:3309} INFO - 0 downstream tasks scheduled from follow-on schedule check
[2025-03-30T11:32:59.353+0000] {taskinstance.py:1979} INFO - Dependencies all met for dep_context=non-requeueable deps ti=<TaskInstance: inout_data_ingestion.ingest_dummy_data scheduled__2024-09-29T17:00:00+00:00 [queued]>
[2025-03-30T11:32:59.363+0000] {taskinstance.py:1979} INFO - Dependencies all met for dep_context=requeueable deps ti=<TaskInstance: inout_data_ingestion.ingest_dummy_data scheduled__2024-09-29T17:00:00+00:00 [queued]>
[2025-03-30T11:32:59.363+0000] {taskinstance.py:2193} INFO - Starting attempt 1 of 2
[2025-03-30T11:32:59.375+0000] {taskinstance.py:2214} INFO - Executing <Task(PythonOperator): ingest_dummy_data> on 2024-09-29 17:00:00+00:00
[2025-03-30T11:32:59.382+0000] {standard_task_runner.py:60} INFO - Started process 5467 to run task
[2025-03-30T11:32:59.385+0000] {standard_task_runner.py:87} INFO - Running: ['***', 'tasks', 'run', 'inout_data_ingestion', 'ingest_dummy_data', 'scheduled__2024-09-29T17:00:00+00:00', '--job-id', '2709', '--raw', '--subdir', 'DAGS_FOLDER/inout_data.py', '--cfg-path', '/tmp/tmphcg8w5xx']
[2025-03-30T11:32:59.387+0000] {standard_task_runner.py:88} INFO - Job 2709: Subtask ingest_dummy_data
[2025-03-30T11:32:59.393+0000] {warnings.py:109} WARNING - /home/***/.local/lib/python3.8/site-packages/***/settings.py:194: DeprecationWarning: The sql_alchemy_conn option in [core] has been moved to the sql_alchemy_conn option in [database] - the old setting has been used, but please update your config.
  SQL_ALCHEMY_CONN = conf.get("database", "SQL_ALCHEMY_CONN")

[2025-03-30T11:32:59.414+0000] {task_command.py:423} INFO - Running <TaskInstance: inout_data_ingestion.ingest_dummy_data scheduled__2024-09-29T17:00:00+00:00 [running]> on host ff9d64b065e6
[2025-03-30T11:32:59.478+0000] {taskinstance.py:2510} INFO - Exporting env vars: AIRFLOW_CTX_DAG_OWNER='***' AIRFLOW_CTX_DAG_ID='inout_data_ingestion' AIRFLOW_CTX_TASK_ID='ingest_dummy_data' AIRFLOW_CTX_EXECUTION_DATE='2024-09-29T17:00:00+00:00' AIRFLOW_CTX_TRY_NUMBER='1' AIRFLOW_CTX_DAG_RUN_ID='scheduled__2024-09-29T17:00:00+00:00'
[2025-03-30T11:32:59.480+0000] {logging_mixin.py:188} INFO - Successfully connected to MariaDB: INOUT on mariadb:3306
[2025-03-30T11:32:59.480+0000] {inout_data.py:83} INFO - {'ingested_time': datetime.datetime(2025, 3, 30, 11, 32, 59, 480464), 'timestamp': datetime.datetime(2024, 9, 29, 17, 21, tzinfo=datetime.timezone.utc), 'emp_id': 5158, 'employee_name': 'Employee58', 'factory': 'FactoryA', 'in_out': 'IN', 'entrance': 'Side', 'door_number': '2', 'function': 'IT', 'division': 'BSID', 'department': 'CAPD', 'section': '1'}
[2025-03-30T11:32:59.480+0000] {logging_mixin.py:188} INFO - General error executing query: not all arguments converted during string formatting
[2025-03-30T11:32:59.480+0000] {inout_data.py:83} INFO - {'ingested_time': datetime.datetime(2025, 3, 30, 11, 32, 59, 480900), 'timestamp': datetime.datetime(2024, 9, 29, 17, 3, tzinfo=datetime.timezone.utc), 'emp_id': 8633, 'employee_name': 'Employee49', 'factory': 'FactoryB', 'in_out': 'OUT', 'entrance': 'Main', 'door_number': '2', 'function': 'IT', 'division': 'BSID', 'department': 'HRSD', 'section': '2'}
[2025-03-30T11:32:59.481+0000] {logging_mixin.py:188} INFO - General error executing query: not all arguments converted during string formatting
[2025-03-30T11:32:59.481+0000] {inout_data.py:83} INFO - {'ingested_time': datetime.datetime(2025, 3, 30, 11, 32, 59, 481292), 'timestamp': datetime.datetime(2024, 9, 29, 17, 14, tzinfo=datetime.timezone.utc), 'emp_id': 2452, 'employee_name': 'Employee19', 'factory': 'FactoryB', 'in_out': 'IN', 'entrance': 'Main', 'door_number': '7', 'function': 'IT', 'division': 'BSID', 'department': 'ML', 'section': '2'}
[2025-03-30T11:32:59.481+0000] {logging_mixin.py:188} INFO - General error executing query: not all arguments converted during string formatting
[2025-03-30T11:32:59.481+0000] {inout_data.py:83} INFO - {'ingested_time': datetime.datetime(2025, 3, 30, 11, 32, 59, 481632), 'timestamp': datetime.datetime(2024, 9, 29, 17, 19, tzinfo=datetime.timezone.utc), 'emp_id': 7374, 'employee_name': 'Employee28', 'factory': 'FactoryB', 'in_out': 'OUT', 'entrance': 'Main', 'door_number': '1', 'function': 'IT', 'division': 'AAPD', 'department': 'CAPD', 'section': '2'}
[2025-03-30T11:32:59.481+0000] {logging_mixin.py:188} INFO - General error executing query: not all arguments converted during string formatting
[2025-03-30T11:32:59.482+0000] {inout_data.py:83} INFO - {'ingested_time': datetime.datetime(2025, 3, 30, 11, 32, 59, 481996), 'timestamp': datetime.datetime(2024, 9, 29, 17, 4, tzinfo=datetime.timezone.utc), 'emp_id': 3551, 'employee_name': 'Employee66', 'factory': 'FactoryB', 'in_out': 'IN', 'entrance': 'Main', 'door_number': '9', 'function': 'IT', 'division': 'AAPD', 'department': 'CAPD', 'section': '1'}
[2025-03-30T11:32:59.482+0000] {logging_mixin.py:188} INFO - General error executing query: not all arguments converted during string formatting
[2025-03-30T11:32:59.482+0000] {inout_data.py:88} INFO - Ingested 5 rows of dummy data for 2024-09-29 17:00:00+00:00.
[2025-03-30T11:32:59.482+0000] {logging_mixin.py:188} INFO - MariaDB connection closed.
[2025-03-30T11:32:59.482+0000] {python.py:202} INFO - Done. Returned value was: None
[2025-03-30T11:32:59.486+0000] {taskinstance.py:1149} INFO - Marking task as SUCCESS. dag_id=inout_data_ingestion, task_id=ingest_dummy_data, execution_date=20240929T170000, start_date=20250330T113259, end_date=20250330T113259
[2025-03-30T11:32:59.526+0000] {local_task_job_runner.py:234} INFO - Task exited with return code 0
[2025-03-30T11:32:59.539+0000] {taskinstance.py:3309} INFO - 0 downstream tasks scheduled from follow-on schedule check
[2025-03-30T11:38:26.996+0000] {taskinstance.py:1979} INFO - Dependencies all met for dep_context=non-requeueable deps ti=<TaskInstance: inout_data_ingestion.ingest_dummy_data scheduled__2024-09-29T17:00:00+00:00 [queued]>
[2025-03-30T11:38:27.007+0000] {taskinstance.py:1979} INFO - Dependencies all met for dep_context=requeueable deps ti=<TaskInstance: inout_data_ingestion.ingest_dummy_data scheduled__2024-09-29T17:00:00+00:00 [queued]>
[2025-03-30T11:38:27.008+0000] {taskinstance.py:2193} INFO - Starting attempt 1 of 2
[2025-03-30T11:38:27.028+0000] {taskinstance.py:2214} INFO - Executing <Task(PythonOperator): ingest_dummy_data> on 2024-09-29 17:00:00+00:00
[2025-03-30T11:38:27.033+0000] {standard_task_runner.py:60} INFO - Started process 6376 to run task
[2025-03-30T11:38:27.040+0000] {standard_task_runner.py:87} INFO - Running: ['***', 'tasks', 'run', 'inout_data_ingestion', 'ingest_dummy_data', 'scheduled__2024-09-29T17:00:00+00:00', '--job-id', '3163', '--raw', '--subdir', 'DAGS_FOLDER/inout_data.py', '--cfg-path', '/tmp/tmpks1u471p']
[2025-03-30T11:38:27.042+0000] {standard_task_runner.py:88} INFO - Job 3163: Subtask ingest_dummy_data
[2025-03-30T11:38:27.061+0000] {warnings.py:109} WARNING - /home/***/.local/lib/python3.8/site-packages/***/settings.py:194: DeprecationWarning: The sql_alchemy_conn option in [core] has been moved to the sql_alchemy_conn option in [database] - the old setting has been used, but please update your config.
  SQL_ALCHEMY_CONN = conf.get("database", "SQL_ALCHEMY_CONN")

[2025-03-30T11:38:27.101+0000] {task_command.py:423} INFO - Running <TaskInstance: inout_data_ingestion.ingest_dummy_data scheduled__2024-09-29T17:00:00+00:00 [running]> on host ff9d64b065e6
[2025-03-30T11:38:27.189+0000] {taskinstance.py:2510} INFO - Exporting env vars: AIRFLOW_CTX_DAG_OWNER='***' AIRFLOW_CTX_DAG_ID='inout_data_ingestion' AIRFLOW_CTX_TASK_ID='ingest_dummy_data' AIRFLOW_CTX_EXECUTION_DATE='2024-09-29T17:00:00+00:00' AIRFLOW_CTX_TRY_NUMBER='1' AIRFLOW_CTX_DAG_RUN_ID='scheduled__2024-09-29T17:00:00+00:00'
[2025-03-30T11:38:27.192+0000] {logging_mixin.py:188} INFO - Successfully connected to MariaDB: INOUT on mariadb:3306
[2025-03-30T11:38:27.193+0000] {inout_data.py:83} INFO - {'ingested_time': datetime.datetime(2025, 3, 30, 11, 38, 27, 193387), 'timestamp': datetime.datetime(2024, 9, 29, 17, 28, tzinfo=datetime.timezone.utc), 'emp_id': 7600, 'employee_name': 'Employee75', 'factory': 'FactoryA', 'in_out': 'OUT', 'entrance': 'Side', 'door_number': '3', 'function': 'IT', 'division': 'BSID', 'department': 'CAPD', 'section': '2'}
[2025-03-30T11:38:27.194+0000] {logging_mixin.py:188} INFO - General error executing query: not all arguments converted during string formatting
[2025-03-30T11:38:27.194+0000] {inout_data.py:83} INFO - {'ingested_time': datetime.datetime(2025, 3, 30, 11, 38, 27, 194356), 'timestamp': datetime.datetime(2024, 9, 29, 17, 26, tzinfo=datetime.timezone.utc), 'emp_id': 1668, 'employee_name': 'Employee86', 'factory': 'FactoryB', 'in_out': 'IN', 'entrance': 'Main', 'door_number': '4', 'function': 'IT', 'division': 'BSID', 'department': 'ML', 'section': '1'}
[2025-03-30T11:38:27.194+0000] {logging_mixin.py:188} INFO - General error executing query: not all arguments converted during string formatting
[2025-03-30T11:38:27.195+0000] {inout_data.py:83} INFO - {'ingested_time': datetime.datetime(2025, 3, 30, 11, 38, 27, 195040), 'timestamp': datetime.datetime(2024, 9, 29, 17, 4, tzinfo=datetime.timezone.utc), 'emp_id': 2748, 'employee_name': 'Employee14', 'factory': 'FactoryA', 'in_out': 'OUT', 'entrance': 'Main', 'door_number': '6', 'function': 'IT', 'division': 'AAPD', 'department': 'CAPD', 'section': '1'}
[2025-03-30T11:38:27.195+0000] {logging_mixin.py:188} INFO - General error executing query: not all arguments converted during string formatting
[2025-03-30T11:38:27.195+0000] {inout_data.py:83} INFO - {'ingested_time': datetime.datetime(2025, 3, 30, 11, 38, 27, 195833), 'timestamp': datetime.datetime(2024, 9, 29, 17, 19, tzinfo=datetime.timezone.utc), 'emp_id': 2719, 'employee_name': 'Employee89', 'factory': 'FactoryA', 'in_out': 'OUT', 'entrance': 'Side', 'door_number': '5', 'function': 'IT', 'division': 'BSID', 'department': 'HRSD', 'section': '1'}
[2025-03-30T11:38:27.196+0000] {logging_mixin.py:188} INFO - General error executing query: not all arguments converted during string formatting
[2025-03-30T11:38:27.196+0000] {inout_data.py:83} INFO - {'ingested_time': datetime.datetime(2025, 3, 30, 11, 38, 27, 196482), 'timestamp': datetime.datetime(2024, 9, 29, 17, 16, tzinfo=datetime.timezone.utc), 'emp_id': 3344, 'employee_name': 'Employee75', 'factory': 'FactoryA', 'in_out': 'IN', 'entrance': 'Side', 'door_number': '7', 'function': 'IT', 'division': 'AAPD', 'department': 'ML', 'section': '2'}
[2025-03-30T11:38:27.196+0000] {logging_mixin.py:188} INFO - General error executing query: not all arguments converted during string formatting
[2025-03-30T11:38:27.197+0000] {inout_data.py:101} INFO - Ingested 5 rows of dummy data for 2024-09-29 17:00:00+00:00.
[2025-03-30T11:38:27.197+0000] {logging_mixin.py:188} INFO - MariaDB connection closed.
[2025-03-30T11:38:27.198+0000] {python.py:202} INFO - Done. Returned value was: None
[2025-03-30T11:38:27.204+0000] {taskinstance.py:1149} INFO - Marking task as SUCCESS. dag_id=inout_data_ingestion, task_id=ingest_dummy_data, execution_date=20240929T170000, start_date=20250330T113826, end_date=20250330T113827
[2025-03-30T11:38:27.220+0000] {local_task_job_runner.py:234} INFO - Task exited with return code 0
[2025-03-30T11:38:27.234+0000] {taskinstance.py:3309} INFO - 0 downstream tasks scheduled from follow-on schedule check
[2025-03-30T11:40:32.463+0000] {taskinstance.py:1979} INFO - Dependencies all met for dep_context=non-requeueable deps ti=<TaskInstance: inout_data_ingestion.ingest_dummy_data scheduled__2024-09-29T17:00:00+00:00 [queued]>
[2025-03-30T11:40:32.469+0000] {taskinstance.py:1979} INFO - Dependencies all met for dep_context=requeueable deps ti=<TaskInstance: inout_data_ingestion.ingest_dummy_data scheduled__2024-09-29T17:00:00+00:00 [queued]>
[2025-03-30T11:40:32.469+0000] {taskinstance.py:2193} INFO - Starting attempt 1 of 2
[2025-03-30T11:40:32.475+0000] {taskinstance.py:2214} INFO - Executing <Task(PythonOperator): ingest_dummy_data> on 2024-09-29 17:00:00+00:00
[2025-03-30T11:40:32.477+0000] {standard_task_runner.py:60} INFO - Started process 6811 to run task
[2025-03-30T11:40:32.480+0000] {standard_task_runner.py:87} INFO - Running: ['***', 'tasks', 'run', 'inout_data_ingestion', 'ingest_dummy_data', 'scheduled__2024-09-29T17:00:00+00:00', '--job-id', '3381', '--raw', '--subdir', 'DAGS_FOLDER/inout_data.py', '--cfg-path', '/tmp/tmpim2cnn09']
[2025-03-30T11:40:32.481+0000] {standard_task_runner.py:88} INFO - Job 3381: Subtask ingest_dummy_data
[2025-03-30T11:40:32.487+0000] {warnings.py:109} WARNING - /home/***/.local/lib/python3.8/site-packages/***/settings.py:194: DeprecationWarning: The sql_alchemy_conn option in [core] has been moved to the sql_alchemy_conn option in [database] - the old setting has been used, but please update your config.
  SQL_ALCHEMY_CONN = conf.get("database", "SQL_ALCHEMY_CONN")

[2025-03-30T11:40:32.511+0000] {task_command.py:423} INFO - Running <TaskInstance: inout_data_ingestion.ingest_dummy_data scheduled__2024-09-29T17:00:00+00:00 [running]> on host ff9d64b065e6
[2025-03-30T11:40:32.545+0000] {taskinstance.py:2510} INFO - Exporting env vars: AIRFLOW_CTX_DAG_OWNER='***' AIRFLOW_CTX_DAG_ID='inout_data_ingestion' AIRFLOW_CTX_TASK_ID='ingest_dummy_data' AIRFLOW_CTX_EXECUTION_DATE='2024-09-29T17:00:00+00:00' AIRFLOW_CTX_TRY_NUMBER='1' AIRFLOW_CTX_DAG_RUN_ID='scheduled__2024-09-29T17:00:00+00:00'
[2025-03-30T11:40:32.547+0000] {logging_mixin.py:188} INFO - Successfully connected to MariaDB: INOUT on mariadb:3306
[2025-03-30T11:40:32.548+0000] {inout_data.py:83} INFO - {'ingested_time': datetime.datetime(2025, 3, 30, 11, 40, 32, 548156), 'timestamp': datetime.datetime(2024, 9, 29, 17, 10, tzinfo=datetime.timezone.utc), 'emp_id': 9166, 'employee_name': 'Employee83', 'factory': 'FactoryB', 'in_out': 'OUT', 'entrance': 'Main', 'door_number': '7', 'function': 'IT', 'division': 'BSID', 'department': 'HRSD', 'section': '1'}
[2025-03-30T11:40:32.548+0000] {inout_data.py:99} INFO - Query: INSERT INTO emp_inout_rec (ingested_time, timestamp, employee_id, employee_name, factory, in_out, entrance, door_number, function, division, department, section) VALUES (%s, %s, %s, %s, %s, %s, %s, %s, %s, %s, %s)
[2025-03-30T11:40:32.549+0000] {inout_data.py:100} INFO - Params: ('2025-03-30 11:40:32', '2024-09-29 17:10:00', 9166, 'Employee83', 'FactoryB', 'OUT', 'Main', '7', 'IT', 'BSID', 'HRSD', '1')
[2025-03-30T11:40:32.549+0000] {logging_mixin.py:188} INFO - General error executing query: not all arguments converted during string formatting
[2025-03-30T11:40:32.549+0000] {inout_data.py:83} INFO - {'ingested_time': datetime.datetime(2025, 3, 30, 11, 40, 32, 549442), 'timestamp': datetime.datetime(2024, 9, 29, 17, 15, tzinfo=datetime.timezone.utc), 'emp_id': 6213, 'employee_name': 'Employee40', 'factory': 'FactoryB', 'in_out': 'OUT', 'entrance': 'Side', 'door_number': '9', 'function': 'IT', 'division': 'BSID', 'department': 'CAPD', 'section': '2'}
[2025-03-30T11:40:32.549+0000] {inout_data.py:99} INFO - Query: INSERT INTO emp_inout_rec (ingested_time, timestamp, employee_id, employee_name, factory, in_out, entrance, door_number, function, division, department, section) VALUES (%s, %s, %s, %s, %s, %s, %s, %s, %s, %s, %s)
[2025-03-30T11:40:32.550+0000] {inout_data.py:100} INFO - Params: ('2025-03-30 11:40:32', '2024-09-29 17:15:00', 6213, 'Employee40', 'FactoryB', 'OUT', 'Side', '9', 'IT', 'BSID', 'CAPD', '2')
[2025-03-30T11:40:32.551+0000] {logging_mixin.py:188} INFO - General error executing query: not all arguments converted during string formatting
[2025-03-30T11:40:32.552+0000] {inout_data.py:83} INFO - {'ingested_time': datetime.datetime(2025, 3, 30, 11, 40, 32, 551998), 'timestamp': datetime.datetime(2024, 9, 29, 17, 20, tzinfo=datetime.timezone.utc), 'emp_id': 1921, 'employee_name': 'Employee58', 'factory': 'FactoryA', 'in_out': 'IN', 'entrance': 'Side', 'door_number': '6', 'function': 'IT', 'division': 'AAPD', 'department': 'HRSD', 'section': '2'}
[2025-03-30T11:40:32.553+0000] {inout_data.py:99} INFO - Query: INSERT INTO emp_inout_rec (ingested_time, timestamp, employee_id, employee_name, factory, in_out, entrance, door_number, function, division, department, section) VALUES (%s, %s, %s, %s, %s, %s, %s, %s, %s, %s, %s)
[2025-03-30T11:40:32.554+0000] {inout_data.py:100} INFO - Params: ('2025-03-30 11:40:32', '2024-09-29 17:20:00', 1921, 'Employee58', 'FactoryA', 'IN', 'Side', '6', 'IT', 'AAPD', 'HRSD', '2')
[2025-03-30T11:40:32.555+0000] {logging_mixin.py:188} INFO - General error executing query: not all arguments converted during string formatting
[2025-03-30T11:40:32.555+0000] {inout_data.py:83} INFO - {'ingested_time': datetime.datetime(2025, 3, 30, 11, 40, 32, 555412), 'timestamp': datetime.datetime(2024, 9, 29, 17, 4, tzinfo=datetime.timezone.utc), 'emp_id': 4225, 'employee_name': 'Employee86', 'factory': 'FactoryB', 'in_out': 'OUT', 'entrance': 'Side', 'door_number': '8', 'function': 'IT', 'division': 'BSID', 'department': 'CAPD', 'section': '1'}
[2025-03-30T11:40:32.556+0000] {inout_data.py:99} INFO - Query: INSERT INTO emp_inout_rec (ingested_time, timestamp, employee_id, employee_name, factory, in_out, entrance, door_number, function, division, department, section) VALUES (%s, %s, %s, %s, %s, %s, %s, %s, %s, %s, %s)
[2025-03-30T11:40:32.556+0000] {inout_data.py:100} INFO - Params: ('2025-03-30 11:40:32', '2024-09-29 17:04:00', 4225, 'Employee86', 'FactoryB', 'OUT', 'Side', '8', 'IT', 'BSID', 'CAPD', '1')
[2025-03-30T11:40:32.556+0000] {logging_mixin.py:188} INFO - General error executing query: not all arguments converted during string formatting
[2025-03-30T11:40:32.556+0000] {inout_data.py:83} INFO - {'ingested_time': datetime.datetime(2025, 3, 30, 11, 40, 32, 556882), 'timestamp': datetime.datetime(2024, 9, 29, 17, 20, tzinfo=datetime.timezone.utc), 'emp_id': 2157, 'employee_name': 'Employee64', 'factory': 'FactoryA', 'in_out': 'IN', 'entrance': 'Side', 'door_number': '7', 'function': 'IT', 'division': 'AAPD', 'department': 'ML', 'section': '1'}
[2025-03-30T11:40:32.557+0000] {inout_data.py:99} INFO - Query: INSERT INTO emp_inout_rec (ingested_time, timestamp, employee_id, employee_name, factory, in_out, entrance, door_number, function, division, department, section) VALUES (%s, %s, %s, %s, %s, %s, %s, %s, %s, %s, %s)
[2025-03-30T11:40:32.557+0000] {inout_data.py:100} INFO - Params: ('2025-03-30 11:40:32', '2024-09-29 17:20:00', 2157, 'Employee64', 'FactoryA', 'IN', 'Side', '7', 'IT', 'AAPD', 'ML', '1')
[2025-03-30T11:40:32.557+0000] {logging_mixin.py:188} INFO - General error executing query: not all arguments converted during string formatting
[2025-03-30T11:40:32.557+0000] {inout_data.py:102} INFO - Ingested 5 rows of dummy data for 2024-09-29 17:00:00+00:00.
[2025-03-30T11:40:32.557+0000] {logging_mixin.py:188} INFO - MariaDB connection closed.
[2025-03-30T11:40:32.557+0000] {python.py:202} INFO - Done. Returned value was: None
[2025-03-30T11:40:32.563+0000] {taskinstance.py:1149} INFO - Marking task as SUCCESS. dag_id=inout_data_ingestion, task_id=ingest_dummy_data, execution_date=20240929T170000, start_date=20250330T114032, end_date=20250330T114032
[2025-03-30T11:40:32.579+0000] {local_task_job_runner.py:234} INFO - Task exited with return code 0
[2025-03-30T11:40:32.587+0000] {taskinstance.py:3309} INFO - 0 downstream tasks scheduled from follow-on schedule check
