[2025-03-30T11:13:26.594+0000] {taskinstance.py:1979} INFO - Dependencies all met for dep_context=non-requeueable deps ti=<TaskInstance: inout_data_ingestion.ingest_dummy_data scheduled__2024-10-07T12:00:00+00:00 [queued]>
[2025-03-30T11:13:26.603+0000] {taskinstance.py:1979} INFO - Dependencies all met for dep_context=requeueable deps ti=<TaskInstance: inout_data_ingestion.ingest_dummy_data scheduled__2024-10-07T12:00:00+00:00 [queued]>
[2025-03-30T11:13:26.603+0000] {taskinstance.py:2193} INFO - Starting attempt 1 of 2
[2025-03-30T11:13:26.614+0000] {taskinstance.py:2214} INFO - Executing <Task(PythonOperator): ingest_dummy_data> on 2024-10-07 12:00:00+00:00
[2025-03-30T11:13:26.621+0000] {standard_task_runner.py:60} INFO - Started process 1741 to run task
[2025-03-30T11:13:26.623+0000] {standard_task_runner.py:87} INFO - Running: ['***', 'tasks', 'run', 'inout_data_ingestion', 'ingest_dummy_data', 'scheduled__2024-10-07T12:00:00+00:00', '--job-id', '845', '--raw', '--subdir', 'DAGS_FOLDER/inout_data.py', '--cfg-path', '/tmp/tmpnkq26smt']
[2025-03-30T11:13:26.624+0000] {standard_task_runner.py:88} INFO - Job 845: Subtask ingest_dummy_data
[2025-03-30T11:13:26.634+0000] {warnings.py:109} WARNING - /home/***/.local/lib/python3.8/site-packages/***/settings.py:194: DeprecationWarning: The sql_alchemy_conn option in [core] has been moved to the sql_alchemy_conn option in [database] - the old setting has been used, but please update your config.
  SQL_ALCHEMY_CONN = conf.get("database", "SQL_ALCHEMY_CONN")

[2025-03-30T11:13:26.659+0000] {task_command.py:423} INFO - Running <TaskInstance: inout_data_ingestion.ingest_dummy_data scheduled__2024-10-07T12:00:00+00:00 [running]> on host ff9d64b065e6
[2025-03-30T11:13:26.716+0000] {taskinstance.py:2510} INFO - Exporting env vars: AIRFLOW_CTX_DAG_OWNER='***' AIRFLOW_CTX_DAG_ID='inout_data_ingestion' AIRFLOW_CTX_TASK_ID='ingest_dummy_data' AIRFLOW_CTX_EXECUTION_DATE='2024-10-07T12:00:00+00:00' AIRFLOW_CTX_TRY_NUMBER='1' AIRFLOW_CTX_DAG_RUN_ID='scheduled__2024-10-07T12:00:00+00:00'
[2025-03-30T11:13:26.723+0000] {inout_data.py:42} INFO - Successfully connected to MariaDB: INOUT on mariadb:3306
[2025-03-30T11:13:26.727+0000] {inout_data.py:63} ERROR - Error executing query: (1062, "Duplicate entry '2025-03-30 11:13:26-6720' for key 'PRIMARY'")
[2025-03-30T11:13:26.728+0000] {inout_data.py:63} ERROR - Error executing query: (1062, "Duplicate entry '2025-03-30 11:13:26-6720' for key 'PRIMARY'")
[2025-03-30T11:13:26.729+0000] {inout_data.py:63} ERROR - Error executing query: (1062, "Duplicate entry '2025-03-30 11:13:26-6720' for key 'PRIMARY'")
[2025-03-30T11:13:26.730+0000] {inout_data.py:63} ERROR - Error executing query: (1062, "Duplicate entry '2025-03-30 11:13:26-6720' for key 'PRIMARY'")
[2025-03-30T11:13:26.730+0000] {inout_data.py:63} ERROR - Error executing query: (1062, "Duplicate entry '2025-03-30 11:13:26-6720' for key 'PRIMARY'")
[2025-03-30T11:13:26.731+0000] {inout_data.py:63} ERROR - Error executing query: (1062, "Duplicate entry '2025-03-30 11:13:26-6720' for key 'PRIMARY'")
[2025-03-30T11:13:26.732+0000] {inout_data.py:63} ERROR - Error executing query: (1062, "Duplicate entry '2025-03-30 11:13:26-6720' for key 'PRIMARY'")
[2025-03-30T11:13:26.732+0000] {inout_data.py:63} ERROR - Error executing query: (1062, "Duplicate entry '2025-03-30 11:13:26-6720' for key 'PRIMARY'")
[2025-03-30T11:13:26.732+0000] {inout_data.py:63} ERROR - Error executing query: (1062, "Duplicate entry '2025-03-30 11:13:26-6720' for key 'PRIMARY'")
[2025-03-30T11:13:26.733+0000] {inout_data.py:63} ERROR - Error executing query: (1062, "Duplicate entry '2025-03-30 11:13:26-6720' for key 'PRIMARY'")
[2025-03-30T11:13:26.733+0000] {inout_data.py:159} INFO - Ingested 11 rows of dummy data.
[2025-03-30T11:13:26.734+0000] {inout_data.py:78} INFO - MariaDB connection closed.
[2025-03-30T11:13:26.737+0000] {python.py:202} INFO - Done. Returned value was: None
[2025-03-30T11:13:26.744+0000] {taskinstance.py:1149} INFO - Marking task as SUCCESS. dag_id=inout_data_ingestion, task_id=ingest_dummy_data, execution_date=20241007T120000, start_date=20250330T111326, end_date=20250330T111326
[2025-03-30T11:13:26.765+0000] {local_task_job_runner.py:234} INFO - Task exited with return code 0
[2025-03-30T11:13:26.781+0000] {taskinstance.py:3309} INFO - 0 downstream tasks scheduled from follow-on schedule check
[2025-03-30T11:20:09.588+0000] {taskinstance.py:1979} INFO - Dependencies all met for dep_context=non-requeueable deps ti=<TaskInstance: inout_data_ingestion.ingest_dummy_data scheduled__2024-10-07T12:00:00+00:00 [queued]>
[2025-03-30T11:20:09.608+0000] {taskinstance.py:1979} INFO - Dependencies all met for dep_context=requeueable deps ti=<TaskInstance: inout_data_ingestion.ingest_dummy_data scheduled__2024-10-07T12:00:00+00:00 [queued]>
[2025-03-30T11:20:09.609+0000] {taskinstance.py:2193} INFO - Starting attempt 1 of 2
[2025-03-30T11:20:09.644+0000] {taskinstance.py:2214} INFO - Executing <Task(PythonOperator): ingest_dummy_data> on 2024-10-07 12:00:00+00:00
[2025-03-30T11:20:09.654+0000] {standard_task_runner.py:60} INFO - Started process 3597 to run task
[2025-03-30T11:20:09.680+0000] {standard_task_runner.py:87} INFO - Running: ['***', 'tasks', 'run', 'inout_data_ingestion', 'ingest_dummy_data', 'scheduled__2024-10-07T12:00:00+00:00', '--job-id', '1772', '--raw', '--subdir', 'DAGS_FOLDER/inout_data.py', '--cfg-path', '/tmp/tmp4sw18vs8']
[2025-03-30T11:20:09.685+0000] {standard_task_runner.py:88} INFO - Job 1772: Subtask ingest_dummy_data
[2025-03-30T11:20:09.790+0000] {warnings.py:109} WARNING - /home/***/.local/lib/python3.8/site-packages/***/settings.py:194: DeprecationWarning: The sql_alchemy_conn option in [core] has been moved to the sql_alchemy_conn option in [database] - the old setting has been used, but please update your config.
  SQL_ALCHEMY_CONN = conf.get("database", "SQL_ALCHEMY_CONN")

[2025-03-30T11:20:09.869+0000] {task_command.py:423} INFO - Running <TaskInstance: inout_data_ingestion.ingest_dummy_data scheduled__2024-10-07T12:00:00+00:00 [running]> on host ff9d64b065e6
[2025-03-30T11:20:10.127+0000] {taskinstance.py:2510} INFO - Exporting env vars: AIRFLOW_CTX_DAG_OWNER='***' AIRFLOW_CTX_DAG_ID='inout_data_ingestion' AIRFLOW_CTX_TASK_ID='ingest_dummy_data' AIRFLOW_CTX_EXECUTION_DATE='2024-10-07T12:00:00+00:00' AIRFLOW_CTX_TRY_NUMBER='1' AIRFLOW_CTX_DAG_RUN_ID='scheduled__2024-10-07T12:00:00+00:00'
[2025-03-30T11:20:10.173+0000] {inout_data.py:42} INFO - Successfully connected to MariaDB: INOUT on mariadb:3306
[2025-03-30T11:20:10.201+0000] {inout_data.py:63} ERROR - Error executing query: (1062, "Duplicate entry '2025-03-30 11:20:10-7272' for key 'PRIMARY'")
[2025-03-30T11:20:10.209+0000] {inout_data.py:63} ERROR - Error executing query: (1062, "Duplicate entry '2025-03-30 11:20:10-7272' for key 'PRIMARY'")
[2025-03-30T11:20:10.214+0000] {inout_data.py:63} ERROR - Error executing query: (1062, "Duplicate entry '2025-03-30 11:20:10-7272' for key 'PRIMARY'")
[2025-03-30T11:20:10.215+0000] {inout_data.py:63} ERROR - Error executing query: (1062, "Duplicate entry '2025-03-30 11:20:10-7272' for key 'PRIMARY'")
[2025-03-30T11:20:10.218+0000] {inout_data.py:63} ERROR - Error executing query: (1062, "Duplicate entry '2025-03-30 11:20:10-7272' for key 'PRIMARY'")
[2025-03-30T11:20:10.228+0000] {inout_data.py:63} ERROR - Error executing query: (1062, "Duplicate entry '2025-03-30 11:20:10-7272' for key 'PRIMARY'")
[2025-03-30T11:20:10.239+0000] {inout_data.py:63} ERROR - Error executing query: (1062, "Duplicate entry '2025-03-30 11:20:10-7272' for key 'PRIMARY'")
[2025-03-30T11:20:10.247+0000] {inout_data.py:63} ERROR - Error executing query: (1062, "Duplicate entry '2025-03-30 11:20:10-7272' for key 'PRIMARY'")
[2025-03-30T11:20:10.254+0000] {inout_data.py:63} ERROR - Error executing query: (1062, "Duplicate entry '2025-03-30 11:20:10-7272' for key 'PRIMARY'")
[2025-03-30T11:20:10.257+0000] {inout_data.py:63} ERROR - Error executing query: (1062, "Duplicate entry '2025-03-30 11:20:10-7272' for key 'PRIMARY'")
[2025-03-30T11:20:10.259+0000] {inout_data.py:152} INFO - Ingested 11 rows of dummy data.
[2025-03-30T11:20:10.262+0000] {inout_data.py:78} INFO - MariaDB connection closed.
[2025-03-30T11:20:10.264+0000] {python.py:202} INFO - Done. Returned value was: None
[2025-03-30T11:20:10.281+0000] {taskinstance.py:1149} INFO - Marking task as SUCCESS. dag_id=inout_data_ingestion, task_id=ingest_dummy_data, execution_date=20241007T120000, start_date=20250330T112009, end_date=20250330T112010
[2025-03-30T11:20:10.317+0000] {local_task_job_runner.py:234} INFO - Task exited with return code 0
[2025-03-30T11:20:10.347+0000] {taskinstance.py:3309} INFO - 0 downstream tasks scheduled from follow-on schedule check
