[2025-03-30T11:10:30.480+0000] {taskinstance.py:1979} INFO - Dependencies all met for dep_context=non-requeueable deps ti=<TaskInstance: inout_data_ingestion.create_table scheduled__2024-10-02T06:00:00+00:00 [queued]>
[2025-03-30T11:10:30.495+0000] {taskinstance.py:1979} INFO - Dependencies all met for dep_context=requeueable deps ti=<TaskInstance: inout_data_ingestion.create_table scheduled__2024-10-02T06:00:00+00:00 [queued]>
[2025-03-30T11:10:30.496+0000] {taskinstance.py:2193} INFO - Starting attempt 1 of 2
[2025-03-30T11:10:30.515+0000] {taskinstance.py:2214} INFO - Executing <Task(PythonOperator): create_table> on 2024-10-02 06:00:00+00:00
[2025-03-30T11:10:30.526+0000] {standard_task_runner.py:60} INFO - Started process 719 to run task
[2025-03-30T11:10:30.531+0000] {standard_task_runner.py:87} INFO - Running: ['***', 'tasks', 'run', 'inout_data_ingestion', 'create_table', 'scheduled__2024-10-02T06:00:00+00:00', '--job-id', '333', '--raw', '--subdir', 'DAGS_FOLDER/inout_data.py', '--cfg-path', '/tmp/tmpyhnacpfx']
[2025-03-30T11:10:30.533+0000] {standard_task_runner.py:88} INFO - Job 333: Subtask create_table
[2025-03-30T11:10:30.550+0000] {warnings.py:109} WARNING - /home/***/.local/lib/python3.8/site-packages/***/settings.py:194: DeprecationWarning: The sql_alchemy_conn option in [core] has been moved to the sql_alchemy_conn option in [database] - the old setting has been used, but please update your config.
  SQL_ALCHEMY_CONN = conf.get("database", "SQL_ALCHEMY_CONN")

[2025-03-30T11:10:30.592+0000] {task_command.py:423} INFO - Running <TaskInstance: inout_data_ingestion.create_table scheduled__2024-10-02T06:00:00+00:00 [running]> on host ff9d64b065e6
[2025-03-30T11:10:30.717+0000] {taskinstance.py:2510} INFO - Exporting env vars: AIRFLOW_CTX_DAG_OWNER='***' AIRFLOW_CTX_DAG_ID='inout_data_ingestion' AIRFLOW_CTX_TASK_ID='create_table' AIRFLOW_CTX_EXECUTION_DATE='2024-10-02T06:00:00+00:00' AIRFLOW_CTX_TRY_NUMBER='1' AIRFLOW_CTX_DAG_RUN_ID='scheduled__2024-10-02T06:00:00+00:00'
[2025-03-30T11:10:30.721+0000] {inout_data.py:42} INFO - Successfully connected to MariaDB: INOUT on mariadb:3306
[2025-03-30T11:10:30.723+0000] {inout_data.py:124} INFO - Table emp_inout_rec created (if it didn't exist).
[2025-03-30T11:10:30.725+0000] {inout_data.py:78} INFO - MariaDB connection closed.
[2025-03-30T11:10:30.725+0000] {python.py:202} INFO - Done. Returned value was: None
[2025-03-30T11:10:30.738+0000] {taskinstance.py:1149} INFO - Marking task as SUCCESS. dag_id=inout_data_ingestion, task_id=create_table, execution_date=20241002T060000, start_date=20250330T111030, end_date=20250330T111030
[2025-03-30T11:10:30.798+0000] {local_task_job_runner.py:234} INFO - Task exited with return code 0
[2025-03-30T11:10:30.886+0000] {taskinstance.py:3309} INFO - 1 downstream tasks scheduled from follow-on schedule check
[2025-03-30T11:17:05.247+0000] {taskinstance.py:1979} INFO - Dependencies all met for dep_context=non-requeueable deps ti=<TaskInstance: inout_data_ingestion.create_table scheduled__2024-10-02T06:00:00+00:00 [queued]>
[2025-03-30T11:17:05.258+0000] {taskinstance.py:1979} INFO - Dependencies all met for dep_context=requeueable deps ti=<TaskInstance: inout_data_ingestion.create_table scheduled__2024-10-02T06:00:00+00:00 [queued]>
[2025-03-30T11:17:05.258+0000] {taskinstance.py:2193} INFO - Starting attempt 1 of 2
[2025-03-30T11:17:05.273+0000] {taskinstance.py:2214} INFO - Executing <Task(PythonOperator): create_table> on 2024-10-02 06:00:00+00:00
[2025-03-30T11:17:05.278+0000] {standard_task_runner.py:60} INFO - Started process 2573 to run task
[2025-03-30T11:17:05.284+0000] {standard_task_runner.py:87} INFO - Running: ['***', 'tasks', 'run', 'inout_data_ingestion', 'create_table', 'scheduled__2024-10-02T06:00:00+00:00', '--job-id', '1261', '--raw', '--subdir', 'DAGS_FOLDER/inout_data.py', '--cfg-path', '/tmp/tmp71jkfzbd']
[2025-03-30T11:17:05.286+0000] {standard_task_runner.py:88} INFO - Job 1261: Subtask create_table
[2025-03-30T11:17:05.298+0000] {warnings.py:109} WARNING - /home/***/.local/lib/python3.8/site-packages/***/settings.py:194: DeprecationWarning: The sql_alchemy_conn option in [core] has been moved to the sql_alchemy_conn option in [database] - the old setting has been used, but please update your config.
  SQL_ALCHEMY_CONN = conf.get("database", "SQL_ALCHEMY_CONN")

[2025-03-30T11:17:05.326+0000] {task_command.py:423} INFO - Running <TaskInstance: inout_data_ingestion.create_table scheduled__2024-10-02T06:00:00+00:00 [running]> on host ff9d64b065e6
[2025-03-30T11:17:05.433+0000] {taskinstance.py:2510} INFO - Exporting env vars: AIRFLOW_CTX_DAG_OWNER='***' AIRFLOW_CTX_DAG_ID='inout_data_ingestion' AIRFLOW_CTX_TASK_ID='create_table' AIRFLOW_CTX_EXECUTION_DATE='2024-10-02T06:00:00+00:00' AIRFLOW_CTX_TRY_NUMBER='1' AIRFLOW_CTX_DAG_RUN_ID='scheduled__2024-10-02T06:00:00+00:00'
[2025-03-30T11:17:05.439+0000] {inout_data.py:42} INFO - Successfully connected to MariaDB: INOUT on mariadb:3306
[2025-03-30T11:17:05.440+0000] {inout_data.py:117} INFO - Table emp_inout_rec created (if it didn't exist).
[2025-03-30T11:17:05.441+0000] {inout_data.py:78} INFO - MariaDB connection closed.
[2025-03-30T11:17:05.441+0000] {python.py:202} INFO - Done. Returned value was: None
[2025-03-30T11:17:05.450+0000] {taskinstance.py:1149} INFO - Marking task as SUCCESS. dag_id=inout_data_ingestion, task_id=create_table, execution_date=20241002T060000, start_date=20250330T111705, end_date=20250330T111705
[2025-03-30T11:17:05.508+0000] {local_task_job_runner.py:234} INFO - Task exited with return code 0
[2025-03-30T11:17:05.525+0000] {taskinstance.py:3309} INFO - 1 downstream tasks scheduled from follow-on schedule check
[2025-03-30T11:29:35.381+0000] {taskinstance.py:1979} INFO - Dependencies all met for dep_context=non-requeueable deps ti=<TaskInstance: inout_data_ingestion.create_table scheduled__2024-10-02T06:00:00+00:00 [queued]>
[2025-03-30T11:29:35.392+0000] {taskinstance.py:1979} INFO - Dependencies all met for dep_context=requeueable deps ti=<TaskInstance: inout_data_ingestion.create_table scheduled__2024-10-02T06:00:00+00:00 [queued]>
[2025-03-30T11:29:35.393+0000] {taskinstance.py:2193} INFO - Starting attempt 1 of 2
[2025-03-30T11:29:35.407+0000] {taskinstance.py:2214} INFO - Executing <Task(PythonOperator): create_table> on 2024-10-02 06:00:00+00:00
[2025-03-30T11:29:35.412+0000] {standard_task_runner.py:60} INFO - Started process 4493 to run task
[2025-03-30T11:29:35.415+0000] {standard_task_runner.py:87} INFO - Running: ['***', 'tasks', 'run', 'inout_data_ingestion', 'create_table', 'scheduled__2024-10-02T06:00:00+00:00', '--job-id', '2221', '--raw', '--subdir', 'DAGS_FOLDER/inout_data.py', '--cfg-path', '/tmp/tmprsh2knxj']
[2025-03-30T11:29:35.417+0000] {standard_task_runner.py:88} INFO - Job 2221: Subtask create_table
[2025-03-30T11:29:35.432+0000] {warnings.py:109} WARNING - /home/***/.local/lib/python3.8/site-packages/***/settings.py:194: DeprecationWarning: The sql_alchemy_conn option in [core] has been moved to the sql_alchemy_conn option in [database] - the old setting has been used, but please update your config.
  SQL_ALCHEMY_CONN = conf.get("database", "SQL_ALCHEMY_CONN")

[2025-03-30T11:29:35.460+0000] {task_command.py:423} INFO - Running <TaskInstance: inout_data_ingestion.create_table scheduled__2024-10-02T06:00:00+00:00 [running]> on host ff9d64b065e6
[2025-03-30T11:29:35.535+0000] {taskinstance.py:2510} INFO - Exporting env vars: AIRFLOW_CTX_DAG_OWNER='***' AIRFLOW_CTX_DAG_ID='inout_data_ingestion' AIRFLOW_CTX_TASK_ID='create_table' AIRFLOW_CTX_EXECUTION_DATE='2024-10-02T06:00:00+00:00' AIRFLOW_CTX_TRY_NUMBER='1' AIRFLOW_CTX_DAG_RUN_ID='scheduled__2024-10-02T06:00:00+00:00'
[2025-03-30T11:29:35.539+0000] {logging_mixin.py:188} INFO - Successfully connected to MariaDB: INOUT on mariadb:3306
[2025-03-30T11:29:35.540+0000] {inout_data.py:46} INFO - Table emp_inout_rec created (if it didn't exist).
[2025-03-30T11:29:35.541+0000] {logging_mixin.py:188} INFO - MariaDB connection closed.
[2025-03-30T11:29:35.541+0000] {python.py:202} INFO - Done. Returned value was: None
[2025-03-30T11:29:35.547+0000] {taskinstance.py:1149} INFO - Marking task as SUCCESS. dag_id=inout_data_ingestion, task_id=create_table, execution_date=20241002T060000, start_date=20250330T112935, end_date=20250330T112935
[2025-03-30T11:29:35.604+0000] {local_task_job_runner.py:234} INFO - Task exited with return code 0
[2025-03-30T11:29:35.655+0000] {taskinstance.py:3309} INFO - 1 downstream tasks scheduled from follow-on schedule check
[2025-03-30T11:34:27.392+0000] {taskinstance.py:1979} INFO - Dependencies all met for dep_context=non-requeueable deps ti=<TaskInstance: inout_data_ingestion.create_table scheduled__2024-10-02T06:00:00+00:00 [queued]>
[2025-03-30T11:34:27.418+0000] {taskinstance.py:1979} INFO - Dependencies all met for dep_context=requeueable deps ti=<TaskInstance: inout_data_ingestion.create_table scheduled__2024-10-02T06:00:00+00:00 [queued]>
[2025-03-30T11:34:27.426+0000] {taskinstance.py:2193} INFO - Starting attempt 1 of 2
[2025-03-30T11:34:27.493+0000] {taskinstance.py:2214} INFO - Executing <Task(PythonOperator): create_table> on 2024-10-02 06:00:00+00:00
[2025-03-30T11:34:27.513+0000] {standard_task_runner.py:60} INFO - Started process 5946 to run task
[2025-03-30T11:34:27.552+0000] {standard_task_runner.py:87} INFO - Running: ['***', 'tasks', 'run', 'inout_data_ingestion', 'create_table', 'scheduled__2024-10-02T06:00:00+00:00', '--job-id', '2947', '--raw', '--subdir', 'DAGS_FOLDER/inout_data.py', '--cfg-path', '/tmp/tmpl1fensic']
[2025-03-30T11:34:27.558+0000] {standard_task_runner.py:88} INFO - Job 2947: Subtask create_table
[2025-03-30T11:34:27.622+0000] {warnings.py:109} WARNING - /home/***/.local/lib/python3.8/site-packages/***/settings.py:194: DeprecationWarning: The sql_alchemy_conn option in [core] has been moved to the sql_alchemy_conn option in [database] - the old setting has been used, but please update your config.
  SQL_ALCHEMY_CONN = conf.get("database", "SQL_ALCHEMY_CONN")

[2025-03-30T11:34:27.750+0000] {task_command.py:423} INFO - Running <TaskInstance: inout_data_ingestion.create_table scheduled__2024-10-02T06:00:00+00:00 [running]> on host ff9d64b065e6
[2025-03-30T11:34:27.948+0000] {taskinstance.py:2510} INFO - Exporting env vars: AIRFLOW_CTX_DAG_OWNER='***' AIRFLOW_CTX_DAG_ID='inout_data_ingestion' AIRFLOW_CTX_TASK_ID='create_table' AIRFLOW_CTX_EXECUTION_DATE='2024-10-02T06:00:00+00:00' AIRFLOW_CTX_TRY_NUMBER='1' AIRFLOW_CTX_DAG_RUN_ID='scheduled__2024-10-02T06:00:00+00:00'
[2025-03-30T11:34:27.988+0000] {logging_mixin.py:188} INFO - Successfully connected to MariaDB: INOUT on mariadb:3306
[2025-03-30T11:34:27.993+0000] {inout_data.py:46} INFO - Table emp_inout_rec created (if it didn't exist).
[2025-03-30T11:34:27.997+0000] {logging_mixin.py:188} INFO - MariaDB connection closed.
[2025-03-30T11:34:27.999+0000] {python.py:202} INFO - Done. Returned value was: None
[2025-03-30T11:34:28.061+0000] {taskinstance.py:1149} INFO - Marking task as SUCCESS. dag_id=inout_data_ingestion, task_id=create_table, execution_date=20241002T060000, start_date=20250330T113427, end_date=20250330T113428
[2025-03-30T11:34:28.203+0000] {local_task_job_runner.py:234} INFO - Task exited with return code 0
[2025-03-30T11:34:28.295+0000] {taskinstance.py:3309} INFO - 0 downstream tasks scheduled from follow-on schedule check
[2025-03-30T11:42:05.612+0000] {taskinstance.py:1979} INFO - Dependencies all met for dep_context=non-requeueable deps ti=<TaskInstance: inout_data_ingestion.create_table scheduled__2024-10-02T06:00:00+00:00 [queued]>
[2025-03-30T11:42:05.683+0000] {taskinstance.py:1979} INFO - Dependencies all met for dep_context=requeueable deps ti=<TaskInstance: inout_data_ingestion.create_table scheduled__2024-10-02T06:00:00+00:00 [queued]>
[2025-03-30T11:42:05.688+0000] {taskinstance.py:2193} INFO - Starting attempt 1 of 2
[2025-03-30T11:42:05.743+0000] {taskinstance.py:2214} INFO - Executing <Task(PythonOperator): create_table> on 2024-10-02 06:00:00+00:00
[2025-03-30T11:42:05.754+0000] {standard_task_runner.py:60} INFO - Started process 7289 to run task
[2025-03-30T11:42:05.764+0000] {standard_task_runner.py:87} INFO - Running: ['***', 'tasks', 'run', 'inout_data_ingestion', 'create_table', 'scheduled__2024-10-02T06:00:00+00:00', '--job-id', '3619', '--raw', '--subdir', 'DAGS_FOLDER/inout_data.py', '--cfg-path', '/tmp/tmplfh071i4']
[2025-03-30T11:42:05.770+0000] {standard_task_runner.py:88} INFO - Job 3619: Subtask create_table
[2025-03-30T11:42:05.810+0000] {warnings.py:109} WARNING - /home/***/.local/lib/python3.8/site-packages/***/settings.py:194: DeprecationWarning: The sql_alchemy_conn option in [core] has been moved to the sql_alchemy_conn option in [database] - the old setting has been used, but please update your config.
  SQL_ALCHEMY_CONN = conf.get("database", "SQL_ALCHEMY_CONN")

[2025-03-30T11:42:05.914+0000] {task_command.py:423} INFO - Running <TaskInstance: inout_data_ingestion.create_table scheduled__2024-10-02T06:00:00+00:00 [running]> on host ff9d64b065e6
[2025-03-30T11:42:06.180+0000] {taskinstance.py:2510} INFO - Exporting env vars: AIRFLOW_CTX_DAG_OWNER='***' AIRFLOW_CTX_DAG_ID='inout_data_ingestion' AIRFLOW_CTX_TASK_ID='create_table' AIRFLOW_CTX_EXECUTION_DATE='2024-10-02T06:00:00+00:00' AIRFLOW_CTX_TRY_NUMBER='1' AIRFLOW_CTX_DAG_RUN_ID='scheduled__2024-10-02T06:00:00+00:00'
[2025-03-30T11:42:06.196+0000] {logging_mixin.py:188} INFO - Successfully connected to MariaDB: INOUT on mariadb:3306
[2025-03-30T11:42:06.199+0000] {inout_data.py:46} INFO - Table emp_inout_rec created (if it didn't exist).
[2025-03-30T11:42:06.200+0000] {logging_mixin.py:188} INFO - MariaDB connection closed.
[2025-03-30T11:42:06.205+0000] {python.py:202} INFO - Done. Returned value was: None
[2025-03-30T11:42:06.250+0000] {taskinstance.py:1149} INFO - Marking task as SUCCESS. dag_id=inout_data_ingestion, task_id=create_table, execution_date=20241002T060000, start_date=20250330T114205, end_date=20250330T114206
[2025-03-30T11:42:06.426+0000] {local_task_job_runner.py:234} INFO - Task exited with return code 0
[2025-03-30T11:42:06.601+0000] {taskinstance.py:3309} INFO - 0 downstream tasks scheduled from follow-on schedule check
