[2025-03-30T11:10:30.734+0000] {taskinstance.py:1979} INFO - Dependencies all met for dep_context=non-requeueable deps ti=<TaskInstance: inout_data_ingestion.create_table scheduled__2024-10-02T06:30:00+00:00 [queued]>
[2025-03-30T11:10:30.742+0000] {taskinstance.py:1979} INFO - Dependencies all met for dep_context=requeueable deps ti=<TaskInstance: inout_data_ingestion.create_table scheduled__2024-10-02T06:30:00+00:00 [queued]>
[2025-03-30T11:10:30.743+0000] {taskinstance.py:2193} INFO - Starting attempt 1 of 2
[2025-03-30T11:10:30.761+0000] {taskinstance.py:2214} INFO - Executing <Task(PythonOperator): create_table> on 2024-10-02 06:30:00+00:00
[2025-03-30T11:10:30.764+0000] {standard_task_runner.py:60} INFO - Started process 723 to run task
[2025-03-30T11:10:30.768+0000] {standard_task_runner.py:87} INFO - Running: ['***', 'tasks', 'run', 'inout_data_ingestion', 'create_table', 'scheduled__2024-10-02T06:30:00+00:00', '--job-id', '336', '--raw', '--subdir', 'DAGS_FOLDER/inout_data.py', '--cfg-path', '/tmp/tmpkjr5u6q4']
[2025-03-30T11:10:30.769+0000] {standard_task_runner.py:88} INFO - Job 336: Subtask create_table
[2025-03-30T11:10:30.790+0000] {warnings.py:109} WARNING - /home/***/.local/lib/python3.8/site-packages/***/settings.py:194: DeprecationWarning: The sql_alchemy_conn option in [core] has been moved to the sql_alchemy_conn option in [database] - the old setting has been used, but please update your config.
  SQL_ALCHEMY_CONN = conf.get("database", "SQL_ALCHEMY_CONN")

[2025-03-30T11:10:30.937+0000] {task_command.py:423} INFO - Running <TaskInstance: inout_data_ingestion.create_table scheduled__2024-10-02T06:30:00+00:00 [running]> on host ff9d64b065e6
[2025-03-30T11:10:31.096+0000] {taskinstance.py:2510} INFO - Exporting env vars: AIRFLOW_CTX_DAG_OWNER='***' AIRFLOW_CTX_DAG_ID='inout_data_ingestion' AIRFLOW_CTX_TASK_ID='create_table' AIRFLOW_CTX_EXECUTION_DATE='2024-10-02T06:30:00+00:00' AIRFLOW_CTX_TRY_NUMBER='1' AIRFLOW_CTX_DAG_RUN_ID='scheduled__2024-10-02T06:30:00+00:00'
[2025-03-30T11:10:31.107+0000] {inout_data.py:42} INFO - Successfully connected to MariaDB: INOUT on mariadb:3306
[2025-03-30T11:10:31.109+0000] {inout_data.py:124} INFO - Table emp_inout_rec created (if it didn't exist).
[2025-03-30T11:10:31.110+0000] {inout_data.py:78} INFO - MariaDB connection closed.
[2025-03-30T11:10:31.111+0000] {python.py:202} INFO - Done. Returned value was: None
[2025-03-30T11:10:31.144+0000] {taskinstance.py:1149} INFO - Marking task as SUCCESS. dag_id=inout_data_ingestion, task_id=create_table, execution_date=20241002T063000, start_date=20250330T111030, end_date=20250330T111031
[2025-03-30T11:10:31.210+0000] {local_task_job_runner.py:234} INFO - Task exited with return code 0
[2025-03-30T11:10:31.290+0000] {taskinstance.py:3309} INFO - 1 downstream tasks scheduled from follow-on schedule check
[2025-03-30T11:17:10.182+0000] {taskinstance.py:1979} INFO - Dependencies all met for dep_context=non-requeueable deps ti=<TaskInstance: inout_data_ingestion.create_table scheduled__2024-10-02T06:30:00+00:00 [queued]>
[2025-03-30T11:17:10.200+0000] {taskinstance.py:1979} INFO - Dependencies all met for dep_context=requeueable deps ti=<TaskInstance: inout_data_ingestion.create_table scheduled__2024-10-02T06:30:00+00:00 [queued]>
[2025-03-30T11:17:10.201+0000] {taskinstance.py:2193} INFO - Starting attempt 1 of 2
[2025-03-30T11:17:10.214+0000] {taskinstance.py:2214} INFO - Executing <Task(PythonOperator): create_table> on 2024-10-02 06:30:00+00:00
[2025-03-30T11:17:10.219+0000] {standard_task_runner.py:60} INFO - Started process 2584 to run task
[2025-03-30T11:17:10.226+0000] {standard_task_runner.py:87} INFO - Running: ['***', 'tasks', 'run', 'inout_data_ingestion', 'create_table', 'scheduled__2024-10-02T06:30:00+00:00', '--job-id', '1266', '--raw', '--subdir', 'DAGS_FOLDER/inout_data.py', '--cfg-path', '/tmp/tmpc376zi3f']
[2025-03-30T11:17:10.228+0000] {standard_task_runner.py:88} INFO - Job 1266: Subtask create_table
[2025-03-30T11:17:10.246+0000] {warnings.py:109} WARNING - /home/***/.local/lib/python3.8/site-packages/***/settings.py:194: DeprecationWarning: The sql_alchemy_conn option in [core] has been moved to the sql_alchemy_conn option in [database] - the old setting has been used, but please update your config.
  SQL_ALCHEMY_CONN = conf.get("database", "SQL_ALCHEMY_CONN")

[2025-03-30T11:17:10.297+0000] {task_command.py:423} INFO - Running <TaskInstance: inout_data_ingestion.create_table scheduled__2024-10-02T06:30:00+00:00 [running]> on host ff9d64b065e6
[2025-03-30T11:17:10.412+0000] {taskinstance.py:2510} INFO - Exporting env vars: AIRFLOW_CTX_DAG_OWNER='***' AIRFLOW_CTX_DAG_ID='inout_data_ingestion' AIRFLOW_CTX_TASK_ID='create_table' AIRFLOW_CTX_EXECUTION_DATE='2024-10-02T06:30:00+00:00' AIRFLOW_CTX_TRY_NUMBER='1' AIRFLOW_CTX_DAG_RUN_ID='scheduled__2024-10-02T06:30:00+00:00'
[2025-03-30T11:17:10.427+0000] {inout_data.py:42} INFO - Successfully connected to MariaDB: INOUT on mariadb:3306
[2025-03-30T11:17:10.430+0000] {inout_data.py:117} INFO - Table emp_inout_rec created (if it didn't exist).
[2025-03-30T11:17:10.431+0000] {inout_data.py:78} INFO - MariaDB connection closed.
[2025-03-30T11:17:10.432+0000] {python.py:202} INFO - Done. Returned value was: None
[2025-03-30T11:17:10.440+0000] {taskinstance.py:1149} INFO - Marking task as SUCCESS. dag_id=inout_data_ingestion, task_id=create_table, execution_date=20241002T063000, start_date=20250330T111710, end_date=20250330T111710
[2025-03-30T11:17:10.489+0000] {local_task_job_runner.py:234} INFO - Task exited with return code 0
[2025-03-30T11:17:10.530+0000] {taskinstance.py:3309} INFO - 1 downstream tasks scheduled from follow-on schedule check
[2025-03-30T11:29:35.609+0000] {taskinstance.py:1979} INFO - Dependencies all met for dep_context=non-requeueable deps ti=<TaskInstance: inout_data_ingestion.create_table scheduled__2024-10-02T06:30:00+00:00 [queued]>
[2025-03-30T11:29:35.616+0000] {taskinstance.py:1979} INFO - Dependencies all met for dep_context=requeueable deps ti=<TaskInstance: inout_data_ingestion.create_table scheduled__2024-10-02T06:30:00+00:00 [queued]>
[2025-03-30T11:29:35.616+0000] {taskinstance.py:2193} INFO - Starting attempt 1 of 2
[2025-03-30T11:29:35.627+0000] {taskinstance.py:2214} INFO - Executing <Task(PythonOperator): create_table> on 2024-10-02 06:30:00+00:00
[2025-03-30T11:29:35.631+0000] {standard_task_runner.py:60} INFO - Started process 4497 to run task
[2025-03-30T11:29:35.634+0000] {standard_task_runner.py:87} INFO - Running: ['***', 'tasks', 'run', 'inout_data_ingestion', 'create_table', 'scheduled__2024-10-02T06:30:00+00:00', '--job-id', '2223', '--raw', '--subdir', 'DAGS_FOLDER/inout_data.py', '--cfg-path', '/tmp/tmpn9k72yxv']
[2025-03-30T11:29:35.635+0000] {standard_task_runner.py:88} INFO - Job 2223: Subtask create_table
[2025-03-30T11:29:35.647+0000] {warnings.py:109} WARNING - /home/***/.local/lib/python3.8/site-packages/***/settings.py:194: DeprecationWarning: The sql_alchemy_conn option in [core] has been moved to the sql_alchemy_conn option in [database] - the old setting has been used, but please update your config.
  SQL_ALCHEMY_CONN = conf.get("database", "SQL_ALCHEMY_CONN")

[2025-03-30T11:29:35.688+0000] {task_command.py:423} INFO - Running <TaskInstance: inout_data_ingestion.create_table scheduled__2024-10-02T06:30:00+00:00 [running]> on host ff9d64b065e6
[2025-03-30T11:29:35.741+0000] {taskinstance.py:2510} INFO - Exporting env vars: AIRFLOW_CTX_DAG_OWNER='***' AIRFLOW_CTX_DAG_ID='inout_data_ingestion' AIRFLOW_CTX_TASK_ID='create_table' AIRFLOW_CTX_EXECUTION_DATE='2024-10-02T06:30:00+00:00' AIRFLOW_CTX_TRY_NUMBER='1' AIRFLOW_CTX_DAG_RUN_ID='scheduled__2024-10-02T06:30:00+00:00'
[2025-03-30T11:29:35.752+0000] {logging_mixin.py:188} INFO - Successfully connected to MariaDB: INOUT on mariadb:3306
[2025-03-30T11:29:35.752+0000] {inout_data.py:46} INFO - Table emp_inout_rec created (if it didn't exist).
[2025-03-30T11:29:35.753+0000] {logging_mixin.py:188} INFO - MariaDB connection closed.
[2025-03-30T11:29:35.755+0000] {python.py:202} INFO - Done. Returned value was: None
[2025-03-30T11:29:35.761+0000] {taskinstance.py:1149} INFO - Marking task as SUCCESS. dag_id=inout_data_ingestion, task_id=create_table, execution_date=20241002T063000, start_date=20250330T112935, end_date=20250330T112935
[2025-03-30T11:29:35.814+0000] {local_task_job_runner.py:234} INFO - Task exited with return code 0
[2025-03-30T11:29:35.828+0000] {taskinstance.py:3309} INFO - 1 downstream tasks scheduled from follow-on schedule check
[2025-03-30T11:34:28.143+0000] {taskinstance.py:1979} INFO - Dependencies all met for dep_context=non-requeueable deps ti=<TaskInstance: inout_data_ingestion.create_table scheduled__2024-10-02T06:30:00+00:00 [queued]>
[2025-03-30T11:34:28.203+0000] {taskinstance.py:1979} INFO - Dependencies all met for dep_context=requeueable deps ti=<TaskInstance: inout_data_ingestion.create_table scheduled__2024-10-02T06:30:00+00:00 [queued]>
[2025-03-30T11:34:28.206+0000] {taskinstance.py:2193} INFO - Starting attempt 1 of 2
[2025-03-30T11:34:28.273+0000] {taskinstance.py:2214} INFO - Executing <Task(PythonOperator): create_table> on 2024-10-02 06:30:00+00:00
[2025-03-30T11:34:28.300+0000] {standard_task_runner.py:60} INFO - Started process 5953 to run task
[2025-03-30T11:34:28.321+0000] {standard_task_runner.py:87} INFO - Running: ['***', 'tasks', 'run', 'inout_data_ingestion', 'create_table', 'scheduled__2024-10-02T06:30:00+00:00', '--job-id', '2951', '--raw', '--subdir', 'DAGS_FOLDER/inout_data.py', '--cfg-path', '/tmp/tmpsgws36go']
[2025-03-30T11:34:28.332+0000] {standard_task_runner.py:88} INFO - Job 2951: Subtask create_table
[2025-03-30T11:34:28.387+0000] {warnings.py:109} WARNING - /home/***/.local/lib/python3.8/site-packages/***/settings.py:194: DeprecationWarning: The sql_alchemy_conn option in [core] has been moved to the sql_alchemy_conn option in [database] - the old setting has been used, but please update your config.
  SQL_ALCHEMY_CONN = conf.get("database", "SQL_ALCHEMY_CONN")

[2025-03-30T11:34:28.508+0000] {task_command.py:423} INFO - Running <TaskInstance: inout_data_ingestion.create_table scheduled__2024-10-02T06:30:00+00:00 [running]> on host ff9d64b065e6
[2025-03-30T11:34:28.625+0000] {taskinstance.py:2510} INFO - Exporting env vars: AIRFLOW_CTX_DAG_OWNER='***' AIRFLOW_CTX_DAG_ID='inout_data_ingestion' AIRFLOW_CTX_TASK_ID='create_table' AIRFLOW_CTX_EXECUTION_DATE='2024-10-02T06:30:00+00:00' AIRFLOW_CTX_TRY_NUMBER='1' AIRFLOW_CTX_DAG_RUN_ID='scheduled__2024-10-02T06:30:00+00:00'
[2025-03-30T11:34:28.636+0000] {logging_mixin.py:188} INFO - Successfully connected to MariaDB: INOUT on mariadb:3306
[2025-03-30T11:34:28.641+0000] {inout_data.py:46} INFO - Table emp_inout_rec created (if it didn't exist).
[2025-03-30T11:34:28.642+0000] {logging_mixin.py:188} INFO - MariaDB connection closed.
[2025-03-30T11:34:28.642+0000] {python.py:202} INFO - Done. Returned value was: None
[2025-03-30T11:34:28.653+0000] {taskinstance.py:1149} INFO - Marking task as SUCCESS. dag_id=inout_data_ingestion, task_id=create_table, execution_date=20241002T063000, start_date=20250330T113428, end_date=20250330T113428
[2025-03-30T11:34:28.685+0000] {local_task_job_runner.py:234} INFO - Task exited with return code 0
[2025-03-30T11:34:28.729+0000] {taskinstance.py:3309} INFO - 1 downstream tasks scheduled from follow-on schedule check
[2025-03-30T11:42:06.498+0000] {taskinstance.py:1979} INFO - Dependencies all met for dep_context=non-requeueable deps ti=<TaskInstance: inout_data_ingestion.create_table scheduled__2024-10-02T06:30:00+00:00 [queued]>
[2025-03-30T11:42:06.538+0000] {taskinstance.py:1979} INFO - Dependencies all met for dep_context=requeueable deps ti=<TaskInstance: inout_data_ingestion.create_table scheduled__2024-10-02T06:30:00+00:00 [queued]>
[2025-03-30T11:42:06.540+0000] {taskinstance.py:2193} INFO - Starting attempt 1 of 2
[2025-03-30T11:42:06.606+0000] {taskinstance.py:2214} INFO - Executing <Task(PythonOperator): create_table> on 2024-10-02 06:30:00+00:00
[2025-03-30T11:42:06.668+0000] {standard_task_runner.py:60} INFO - Started process 7294 to run task
[2025-03-30T11:42:06.704+0000] {standard_task_runner.py:87} INFO - Running: ['***', 'tasks', 'run', 'inout_data_ingestion', 'create_table', 'scheduled__2024-10-02T06:30:00+00:00', '--job-id', '3621', '--raw', '--subdir', 'DAGS_FOLDER/inout_data.py', '--cfg-path', '/tmp/tmpchlhnwhp']
[2025-03-30T11:42:06.713+0000] {standard_task_runner.py:88} INFO - Job 3621: Subtask create_table
[2025-03-30T11:42:06.774+0000] {warnings.py:109} WARNING - /home/***/.local/lib/python3.8/site-packages/***/settings.py:194: DeprecationWarning: The sql_alchemy_conn option in [core] has been moved to the sql_alchemy_conn option in [database] - the old setting has been used, but please update your config.
  SQL_ALCHEMY_CONN = conf.get("database", "SQL_ALCHEMY_CONN")

[2025-03-30T11:42:07.096+0000] {task_command.py:423} INFO - Running <TaskInstance: inout_data_ingestion.create_table scheduled__2024-10-02T06:30:00+00:00 [running]> on host ff9d64b065e6
[2025-03-30T11:42:08.330+0000] {taskinstance.py:2510} INFO - Exporting env vars: AIRFLOW_CTX_DAG_OWNER='***' AIRFLOW_CTX_DAG_ID='inout_data_ingestion' AIRFLOW_CTX_TASK_ID='create_table' AIRFLOW_CTX_EXECUTION_DATE='2024-10-02T06:30:00+00:00' AIRFLOW_CTX_TRY_NUMBER='1' AIRFLOW_CTX_DAG_RUN_ID='scheduled__2024-10-02T06:30:00+00:00'
[2025-03-30T11:42:08.416+0000] {logging_mixin.py:188} INFO - Successfully connected to MariaDB: INOUT on mariadb:3306
[2025-03-30T11:42:08.430+0000] {inout_data.py:46} INFO - Table emp_inout_rec created (if it didn't exist).
[2025-03-30T11:42:08.434+0000] {logging_mixin.py:188} INFO - MariaDB connection closed.
[2025-03-30T11:42:08.449+0000] {python.py:202} INFO - Done. Returned value was: None
[2025-03-30T11:42:08.865+0000] {taskinstance.py:1149} INFO - Marking task as SUCCESS. dag_id=inout_data_ingestion, task_id=create_table, execution_date=20241002T063000, start_date=20250330T114206, end_date=20250330T114208
[2025-03-30T11:42:09.174+0000] {local_task_job_runner.py:234} INFO - Task exited with return code 0
[2025-03-30T11:42:09.558+0000] {taskinstance.py:3309} INFO - 1 downstream tasks scheduled from follow-on schedule check
