[2025-03-30T11:11:48.135+0000] {taskinstance.py:1979} INFO - Dependencies all met for dep_context=non-requeueable deps ti=<TaskInstance: inout_data_ingestion.create_table scheduled__2024-10-04T12:00:00+00:00 [queued]>
[2025-03-30T11:11:48.152+0000] {taskinstance.py:1979} INFO - Dependencies all met for dep_context=requeueable deps ti=<TaskInstance: inout_data_ingestion.create_table scheduled__2024-10-04T12:00:00+00:00 [queued]>
[2025-03-30T11:11:48.153+0000] {taskinstance.py:2193} INFO - Starting attempt 1 of 2
[2025-03-30T11:11:48.173+0000] {taskinstance.py:2214} INFO - Executing <Task(PythonOperator): create_table> on 2024-10-04 12:00:00+00:00
[2025-03-30T11:11:48.255+0000] {standard_task_runner.py:60} INFO - Started process 1154 to run task
[2025-03-30T11:11:48.305+0000] {standard_task_runner.py:87} INFO - Running: ['***', 'tasks', 'run', 'inout_data_ingestion', 'create_table', 'scheduled__2024-10-04T12:00:00+00:00', '--job-id', '551', '--raw', '--subdir', 'DAGS_FOLDER/inout_data.py', '--cfg-path', '/tmp/tmpgzrcn6zn']
[2025-03-30T11:11:48.311+0000] {standard_task_runner.py:88} INFO - Job 551: Subtask create_table
[2025-03-30T11:11:48.336+0000] {warnings.py:109} WARNING - /home/***/.local/lib/python3.8/site-packages/***/settings.py:194: DeprecationWarning: The sql_alchemy_conn option in [core] has been moved to the sql_alchemy_conn option in [database] - the old setting has been used, but please update your config.
  SQL_ALCHEMY_CONN = conf.get("database", "SQL_ALCHEMY_CONN")

[2025-03-30T11:11:48.388+0000] {task_command.py:423} INFO - Running <TaskInstance: inout_data_ingestion.create_table scheduled__2024-10-04T12:00:00+00:00 [running]> on host ff9d64b065e6
[2025-03-30T11:11:48.497+0000] {taskinstance.py:2510} INFO - Exporting env vars: AIRFLOW_CTX_DAG_OWNER='***' AIRFLOW_CTX_DAG_ID='inout_data_ingestion' AIRFLOW_CTX_TASK_ID='create_table' AIRFLOW_CTX_EXECUTION_DATE='2024-10-04T12:00:00+00:00' AIRFLOW_CTX_TRY_NUMBER='1' AIRFLOW_CTX_DAG_RUN_ID='scheduled__2024-10-04T12:00:00+00:00'
[2025-03-30T11:11:48.513+0000] {inout_data.py:42} INFO - Successfully connected to MariaDB: INOUT on mariadb:3306
[2025-03-30T11:11:48.516+0000] {inout_data.py:124} INFO - Table emp_inout_rec created (if it didn't exist).
[2025-03-30T11:11:48.518+0000] {inout_data.py:78} INFO - MariaDB connection closed.
[2025-03-30T11:11:48.519+0000] {python.py:202} INFO - Done. Returned value was: None
[2025-03-30T11:11:48.542+0000] {taskinstance.py:1149} INFO - Marking task as SUCCESS. dag_id=inout_data_ingestion, task_id=create_table, execution_date=20241004T120000, start_date=20250330T111148, end_date=20250330T111148
[2025-03-30T11:11:48.600+0000] {local_task_job_runner.py:234} INFO - Task exited with return code 0
[2025-03-30T11:11:48.653+0000] {taskinstance.py:3309} INFO - 1 downstream tasks scheduled from follow-on schedule check
[2025-03-30T11:18:20.886+0000] {taskinstance.py:1979} INFO - Dependencies all met for dep_context=non-requeueable deps ti=<TaskInstance: inout_data_ingestion.create_table scheduled__2024-10-04T12:00:00+00:00 [queued]>
[2025-03-30T11:18:20.901+0000] {taskinstance.py:1979} INFO - Dependencies all met for dep_context=requeueable deps ti=<TaskInstance: inout_data_ingestion.create_table scheduled__2024-10-04T12:00:00+00:00 [queued]>
[2025-03-30T11:18:20.902+0000] {taskinstance.py:2193} INFO - Starting attempt 1 of 2
[2025-03-30T11:18:20.918+0000] {taskinstance.py:2214} INFO - Executing <Task(PythonOperator): create_table> on 2024-10-04 12:00:00+00:00
[2025-03-30T11:18:20.925+0000] {standard_task_runner.py:60} INFO - Started process 3009 to run task
[2025-03-30T11:18:20.935+0000] {standard_task_runner.py:87} INFO - Running: ['***', 'tasks', 'run', 'inout_data_ingestion', 'create_table', 'scheduled__2024-10-04T12:00:00+00:00', '--job-id', '1479', '--raw', '--subdir', 'DAGS_FOLDER/inout_data.py', '--cfg-path', '/tmp/tmpm4opi5hb']
[2025-03-30T11:18:20.937+0000] {standard_task_runner.py:88} INFO - Job 1479: Subtask create_table
[2025-03-30T11:18:20.957+0000] {warnings.py:109} WARNING - /home/***/.local/lib/python3.8/site-packages/***/settings.py:194: DeprecationWarning: The sql_alchemy_conn option in [core] has been moved to the sql_alchemy_conn option in [database] - the old setting has been used, but please update your config.
  SQL_ALCHEMY_CONN = conf.get("database", "SQL_ALCHEMY_CONN")

[2025-03-30T11:18:21.019+0000] {task_command.py:423} INFO - Running <TaskInstance: inout_data_ingestion.create_table scheduled__2024-10-04T12:00:00+00:00 [running]> on host ff9d64b065e6
[2025-03-30T11:18:21.138+0000] {taskinstance.py:2510} INFO - Exporting env vars: AIRFLOW_CTX_DAG_OWNER='***' AIRFLOW_CTX_DAG_ID='inout_data_ingestion' AIRFLOW_CTX_TASK_ID='create_table' AIRFLOW_CTX_EXECUTION_DATE='2024-10-04T12:00:00+00:00' AIRFLOW_CTX_TRY_NUMBER='1' AIRFLOW_CTX_DAG_RUN_ID='scheduled__2024-10-04T12:00:00+00:00'
[2025-03-30T11:18:21.185+0000] {inout_data.py:42} INFO - Successfully connected to MariaDB: INOUT on mariadb:3306
[2025-03-30T11:18:21.190+0000] {inout_data.py:117} INFO - Table emp_inout_rec created (if it didn't exist).
[2025-03-30T11:18:21.196+0000] {inout_data.py:78} INFO - MariaDB connection closed.
[2025-03-30T11:18:21.197+0000] {python.py:202} INFO - Done. Returned value was: None
[2025-03-30T11:18:21.226+0000] {taskinstance.py:1149} INFO - Marking task as SUCCESS. dag_id=inout_data_ingestion, task_id=create_table, execution_date=20241004T120000, start_date=20250330T111820, end_date=20250330T111821
[2025-03-30T11:18:21.282+0000] {local_task_job_runner.py:234} INFO - Task exited with return code 0
[2025-03-30T11:18:21.317+0000] {taskinstance.py:3309} INFO - 1 downstream tasks scheduled from follow-on schedule check
[2025-03-30T11:30:38.509+0000] {taskinstance.py:1979} INFO - Dependencies all met for dep_context=non-requeueable deps ti=<TaskInstance: inout_data_ingestion.create_table scheduled__2024-10-04T12:00:00+00:00 [queued]>
[2025-03-30T11:30:38.516+0000] {taskinstance.py:1979} INFO - Dependencies all met for dep_context=requeueable deps ti=<TaskInstance: inout_data_ingestion.create_table scheduled__2024-10-04T12:00:00+00:00 [queued]>
[2025-03-30T11:30:38.516+0000] {taskinstance.py:2193} INFO - Starting attempt 1 of 2
[2025-03-30T11:30:38.526+0000] {taskinstance.py:2214} INFO - Executing <Task(PythonOperator): create_table> on 2024-10-04 12:00:00+00:00
[2025-03-30T11:30:38.530+0000] {standard_task_runner.py:60} INFO - Started process 4923 to run task
[2025-03-30T11:30:38.532+0000] {standard_task_runner.py:87} INFO - Running: ['***', 'tasks', 'run', 'inout_data_ingestion', 'create_table', 'scheduled__2024-10-04T12:00:00+00:00', '--job-id', '2437', '--raw', '--subdir', 'DAGS_FOLDER/inout_data.py', '--cfg-path', '/tmp/tmpxfvadyu_']
[2025-03-30T11:30:38.533+0000] {standard_task_runner.py:88} INFO - Job 2437: Subtask create_table
[2025-03-30T11:30:38.540+0000] {warnings.py:109} WARNING - /home/***/.local/lib/python3.8/site-packages/***/settings.py:194: DeprecationWarning: The sql_alchemy_conn option in [core] has been moved to the sql_alchemy_conn option in [database] - the old setting has been used, but please update your config.
  SQL_ALCHEMY_CONN = conf.get("database", "SQL_ALCHEMY_CONN")

[2025-03-30T11:30:38.555+0000] {task_command.py:423} INFO - Running <TaskInstance: inout_data_ingestion.create_table scheduled__2024-10-04T12:00:00+00:00 [running]> on host ff9d64b065e6
[2025-03-30T11:30:38.590+0000] {taskinstance.py:2510} INFO - Exporting env vars: AIRFLOW_CTX_DAG_OWNER='***' AIRFLOW_CTX_DAG_ID='inout_data_ingestion' AIRFLOW_CTX_TASK_ID='create_table' AIRFLOW_CTX_EXECUTION_DATE='2024-10-04T12:00:00+00:00' AIRFLOW_CTX_TRY_NUMBER='1' AIRFLOW_CTX_DAG_RUN_ID='scheduled__2024-10-04T12:00:00+00:00'
[2025-03-30T11:30:38.592+0000] {logging_mixin.py:188} INFO - Successfully connected to MariaDB: INOUT on mariadb:3306
[2025-03-30T11:30:38.592+0000] {inout_data.py:46} INFO - Table emp_inout_rec created (if it didn't exist).
[2025-03-30T11:30:38.592+0000] {logging_mixin.py:188} INFO - MariaDB connection closed.
[2025-03-30T11:30:38.592+0000] {python.py:202} INFO - Done. Returned value was: None
[2025-03-30T11:30:38.595+0000] {taskinstance.py:1149} INFO - Marking task as SUCCESS. dag_id=inout_data_ingestion, task_id=create_table, execution_date=20241004T120000, start_date=20250330T113038, end_date=20250330T113038
[2025-03-30T11:30:38.630+0000] {local_task_job_runner.py:234} INFO - Task exited with return code 0
[2025-03-30T11:30:38.640+0000] {taskinstance.py:3309} INFO - 1 downstream tasks scheduled from follow-on schedule check
