[2025-03-30T11:13:31.941+0000] {taskinstance.py:1979} INFO - Dependencies all met for dep_context=non-requeueable deps ti=<TaskInstance: inout_data_ingestion.ingest_dummy_data scheduled__2024-10-07T17:00:00+00:00 [queued]>
[2025-03-30T11:13:31.947+0000] {taskinstance.py:1979} INFO - Dependencies all met for dep_context=requeueable deps ti=<TaskInstance: inout_data_ingestion.ingest_dummy_data scheduled__2024-10-07T17:00:00+00:00 [queued]>
[2025-03-30T11:13:31.947+0000] {taskinstance.py:2193} INFO - Starting attempt 1 of 2
[2025-03-30T11:13:31.955+0000] {taskinstance.py:2214} INFO - Executing <Task(PythonOperator): ingest_dummy_data> on 2024-10-07 17:00:00+00:00
[2025-03-30T11:13:31.957+0000] {standard_task_runner.py:60} INFO - Started process 1774 to run task
[2025-03-30T11:13:31.959+0000] {standard_task_runner.py:87} INFO - Running: ['***', 'tasks', 'run', 'inout_data_ingestion', 'ingest_dummy_data', 'scheduled__2024-10-07T17:00:00+00:00', '--job-id', '862', '--raw', '--subdir', 'DAGS_FOLDER/inout_data.py', '--cfg-path', '/tmp/tmpzaxghjs7']
[2025-03-30T11:13:31.960+0000] {standard_task_runner.py:88} INFO - Job 862: Subtask ingest_dummy_data
[2025-03-30T11:13:31.975+0000] {warnings.py:109} WARNING - /home/***/.local/lib/python3.8/site-packages/***/settings.py:194: DeprecationWarning: The sql_alchemy_conn option in [core] has been moved to the sql_alchemy_conn option in [database] - the old setting has been used, but please update your config.
  SQL_ALCHEMY_CONN = conf.get("database", "SQL_ALCHEMY_CONN")

[2025-03-30T11:13:32.008+0000] {task_command.py:423} INFO - Running <TaskInstance: inout_data_ingestion.ingest_dummy_data scheduled__2024-10-07T17:00:00+00:00 [running]> on host ff9d64b065e6
[2025-03-30T11:13:32.048+0000] {taskinstance.py:2510} INFO - Exporting env vars: AIRFLOW_CTX_DAG_OWNER='***' AIRFLOW_CTX_DAG_ID='inout_data_ingestion' AIRFLOW_CTX_TASK_ID='ingest_dummy_data' AIRFLOW_CTX_EXECUTION_DATE='2024-10-07T17:00:00+00:00' AIRFLOW_CTX_TRY_NUMBER='1' AIRFLOW_CTX_DAG_RUN_ID='scheduled__2024-10-07T17:00:00+00:00'
[2025-03-30T11:13:32.050+0000] {inout_data.py:42} INFO - Successfully connected to MariaDB: INOUT on mariadb:3306
[2025-03-30T11:13:32.051+0000] {inout_data.py:63} ERROR - Error executing query: (1062, "Duplicate entry '2025-03-30 11:13:32-6894' for key 'PRIMARY'")
[2025-03-30T11:13:32.051+0000] {inout_data.py:63} ERROR - Error executing query: (1062, "Duplicate entry '2025-03-30 11:13:32-6894' for key 'PRIMARY'")
[2025-03-30T11:13:32.052+0000] {inout_data.py:63} ERROR - Error executing query: (1062, "Duplicate entry '2025-03-30 11:13:32-6894' for key 'PRIMARY'")
[2025-03-30T11:13:32.052+0000] {inout_data.py:63} ERROR - Error executing query: (1062, "Duplicate entry '2025-03-30 11:13:32-6894' for key 'PRIMARY'")
[2025-03-30T11:13:32.052+0000] {inout_data.py:63} ERROR - Error executing query: (1062, "Duplicate entry '2025-03-30 11:13:32-6894' for key 'PRIMARY'")
[2025-03-30T11:13:32.052+0000] {inout_data.py:63} ERROR - Error executing query: (1062, "Duplicate entry '2025-03-30 11:13:32-6894' for key 'PRIMARY'")
[2025-03-30T11:13:32.053+0000] {inout_data.py:63} ERROR - Error executing query: (1062, "Duplicate entry '2025-03-30 11:13:32-6894' for key 'PRIMARY'")
[2025-03-30T11:13:32.053+0000] {inout_data.py:63} ERROR - Error executing query: (1062, "Duplicate entry '2025-03-30 11:13:32-6894' for key 'PRIMARY'")
[2025-03-30T11:13:32.053+0000] {inout_data.py:63} ERROR - Error executing query: (1062, "Duplicate entry '2025-03-30 11:13:32-6894' for key 'PRIMARY'")
[2025-03-30T11:13:32.053+0000] {inout_data.py:63} ERROR - Error executing query: (1062, "Duplicate entry '2025-03-30 11:13:32-6894' for key 'PRIMARY'")
[2025-03-30T11:13:32.054+0000] {inout_data.py:63} ERROR - Error executing query: (1062, "Duplicate entry '2025-03-30 11:13:32-6894' for key 'PRIMARY'")
[2025-03-30T11:13:32.054+0000] {inout_data.py:63} ERROR - Error executing query: (1062, "Duplicate entry '2025-03-30 11:13:32-6894' for key 'PRIMARY'")
[2025-03-30T11:13:32.054+0000] {inout_data.py:63} ERROR - Error executing query: (1062, "Duplicate entry '2025-03-30 11:13:32-6894' for key 'PRIMARY'")
[2025-03-30T11:13:32.054+0000] {inout_data.py:159} INFO - Ingested 14 rows of dummy data.
[2025-03-30T11:13:32.055+0000] {inout_data.py:78} INFO - MariaDB connection closed.
[2025-03-30T11:13:32.055+0000] {python.py:202} INFO - Done. Returned value was: None
[2025-03-30T11:13:32.059+0000] {taskinstance.py:1149} INFO - Marking task as SUCCESS. dag_id=inout_data_ingestion, task_id=ingest_dummy_data, execution_date=20241007T170000, start_date=20250330T111331, end_date=20250330T111332
[2025-03-30T11:13:32.100+0000] {local_task_job_runner.py:234} INFO - Task exited with return code 0
[2025-03-30T11:13:32.111+0000] {taskinstance.py:3309} INFO - 0 downstream tasks scheduled from follow-on schedule check
[2025-03-30T11:20:16.345+0000] {taskinstance.py:1979} INFO - Dependencies all met for dep_context=non-requeueable deps ti=<TaskInstance: inout_data_ingestion.ingest_dummy_data scheduled__2024-10-07T17:00:00+00:00 [queued]>
[2025-03-30T11:20:16.366+0000] {taskinstance.py:1979} INFO - Dependencies all met for dep_context=requeueable deps ti=<TaskInstance: inout_data_ingestion.ingest_dummy_data scheduled__2024-10-07T17:00:00+00:00 [queued]>
[2025-03-30T11:20:16.371+0000] {taskinstance.py:2193} INFO - Starting attempt 1 of 2
[2025-03-30T11:20:16.392+0000] {taskinstance.py:2214} INFO - Executing <Task(PythonOperator): ingest_dummy_data> on 2024-10-07 17:00:00+00:00
[2025-03-30T11:20:16.397+0000] {standard_task_runner.py:60} INFO - Started process 3635 to run task
[2025-03-30T11:20:16.400+0000] {standard_task_runner.py:87} INFO - Running: ['***', 'tasks', 'run', 'inout_data_ingestion', 'ingest_dummy_data', 'scheduled__2024-10-07T17:00:00+00:00', '--job-id', '1792', '--raw', '--subdir', 'DAGS_FOLDER/inout_data.py', '--cfg-path', '/tmp/tmp3ot14uit']
[2025-03-30T11:20:16.402+0000] {standard_task_runner.py:88} INFO - Job 1792: Subtask ingest_dummy_data
[2025-03-30T11:20:16.426+0000] {warnings.py:109} WARNING - /home/***/.local/lib/python3.8/site-packages/***/settings.py:194: DeprecationWarning: The sql_alchemy_conn option in [core] has been moved to the sql_alchemy_conn option in [database] - the old setting has been used, but please update your config.
  SQL_ALCHEMY_CONN = conf.get("database", "SQL_ALCHEMY_CONN")

[2025-03-30T11:20:16.462+0000] {task_command.py:423} INFO - Running <TaskInstance: inout_data_ingestion.ingest_dummy_data scheduled__2024-10-07T17:00:00+00:00 [running]> on host ff9d64b065e6
[2025-03-30T11:20:16.564+0000] {taskinstance.py:2510} INFO - Exporting env vars: AIRFLOW_CTX_DAG_OWNER='***' AIRFLOW_CTX_DAG_ID='inout_data_ingestion' AIRFLOW_CTX_TASK_ID='ingest_dummy_data' AIRFLOW_CTX_EXECUTION_DATE='2024-10-07T17:00:00+00:00' AIRFLOW_CTX_TRY_NUMBER='1' AIRFLOW_CTX_DAG_RUN_ID='scheduled__2024-10-07T17:00:00+00:00'
[2025-03-30T11:20:16.569+0000] {inout_data.py:42} INFO - Successfully connected to MariaDB: INOUT on mariadb:3306
[2025-03-30T11:20:16.576+0000] {inout_data.py:63} ERROR - Error executing query: (1062, "Duplicate entry '2025-03-30 11:20:16-5127' for key 'PRIMARY'")
[2025-03-30T11:20:16.577+0000] {inout_data.py:63} ERROR - Error executing query: (1062, "Duplicate entry '2025-03-30 11:20:16-5127' for key 'PRIMARY'")
[2025-03-30T11:20:16.577+0000] {inout_data.py:63} ERROR - Error executing query: (1062, "Duplicate entry '2025-03-30 11:20:16-5127' for key 'PRIMARY'")
[2025-03-30T11:20:16.580+0000] {inout_data.py:63} ERROR - Error executing query: (1062, "Duplicate entry '2025-03-30 11:20:16-5127' for key 'PRIMARY'")
[2025-03-30T11:20:16.581+0000] {inout_data.py:152} INFO - Ingested 5 rows of dummy data.
[2025-03-30T11:20:16.582+0000] {inout_data.py:78} INFO - MariaDB connection closed.
[2025-03-30T11:20:16.582+0000] {python.py:202} INFO - Done. Returned value was: None
[2025-03-30T11:20:16.590+0000] {taskinstance.py:1149} INFO - Marking task as SUCCESS. dag_id=inout_data_ingestion, task_id=ingest_dummy_data, execution_date=20241007T170000, start_date=20250330T112016, end_date=20250330T112016
[2025-03-30T11:20:16.630+0000] {local_task_job_runner.py:234} INFO - Task exited with return code 0
[2025-03-30T11:20:16.645+0000] {taskinstance.py:3309} INFO - 0 downstream tasks scheduled from follow-on schedule check
